Start Condition Experiment Time: 17:56:06
Início experimento: 1447876567078
Início experimento: 2015-11-18 17:56:07.112
Opened database successfully
Interface successfully added: Wired Interface
Fim experimento: 1447876966615
Fim experimento: 2015-11-18 18:02:46.615
Nov 18, 2015 6:02:46 PM urbosenti.core.communication.ReconnectionService run
GRAVE: null
java.lang.InterruptedException
	at java.lang.Object.wait(Native Method)
	at java.lang.Object.wait(Object.java:503)
	at urbosenti.core.communication.ReconnectionService.run(ReconnectionService.java:108)
	at java.lang.Thread.run(Thread.java:745)

Nov 18, 2015 6:02:46 PM urbosenti.core.communication.UploadService run
GRAVE: null
java.lang.InterruptedException
	at java.lang.Object.wait(Native Method)
	at java.lang.Object.wait(Object.java:503)
	at urbosenti.core.communication.UploadService.getReport(UploadService.java:265)
	at urbosenti.core.communication.UploadService.getReportByMobileDataPolicyCriteria(UploadService.java:301)
	at urbosenti.core.communication.CommunicationManager.uploadServiceFunction(CommunicationManager.java:1972)
	at urbosenti.core.communication.UploadService.run(UploadService.java:111)
	at java.lang.Thread.run(Thread.java:745)

Início experimento: 1447876966814
Início experimento: 2015-11-18 18:02:46.847
Opened database successfully
Interface successfully added: Wired Interface
Fim experimento: 1447877322761
Fim experimento: 2015-11-18 18:08:42.761
Nov 18, 2015 6:08:42 PM urbosenti.core.communication.UploadService run
GRAVE: null
java.lang.InterruptedException
	at java.lang.Object.wait(Native Method)
	at java.lang.Object.wait(Object.java:503)
	at urbosenti.core.communication.UploadService.getReport(UploadService.java:265)
	at urbosenti.core.communication.UploadService.getReportByMobileDataPolicyCriteria(UploadService.java:301)
	at urbosenti.core.communication.CommunicationManager.uploadServiceFunction(CommunicationManager.java:1972)
	at urbosenti.core.communication.UploadService.run(UploadService.java:111)
	at java.lang.Thread.run(Thread.java:745)

Nov 18, 2015 6:08:42 PM urbosenti.core.communication.ReconnectionService run
GRAVE: null
java.lang.InterruptedException
	at java.lang.Object.wait(Native Method)
	at java.lang.Object.wait(Object.java:503)
	at urbosenti.core.communication.ReconnectionService.run(ReconnectionService.java:108)
	at java.lang.Thread.run(Thread.java:745)

Início experimento: 1447877322953
Início experimento: 2015-11-18 18:08:42.986
Opened database successfully
Interface successfully added: Wired Interface
Fim experimento: 1447877723255
Fim experimento: 2015-11-18 18:15:23.255
Nov 18, 2015 6:15:23 PM urbosenti.core.communication.ReconnectionService run
GRAVE: null
java.lang.InterruptedException
	at java.lang.Object.wait(Native Method)
	at java.lang.Object.wait(Object.java:503)
	at urbosenti.core.communication.ReconnectionService.run(ReconnectionService.java:108)
	at java.lang.Thread.run(Thread.java:745)

Nov 18, 2015 6:15:23 PM urbosenti.core.communication.UploadService run
GRAVE: null
java.lang.InterruptedException
	at java.lang.Object.wait(Native Method)
	at java.lang.Object.wait(Object.java:503)
	at urbosenti.core.communication.UploadService.getReport(UploadService.java:265)
	at urbosenti.core.communication.UploadService.getReportByMobileDataPolicyCriteria(UploadService.java:301)
	at urbosenti.core.communication.CommunicationManager.uploadServiceFunction(CommunicationManager.java:1972)
	at urbosenti.core.communication.UploadService.run(UploadService.java:111)
	at java.lang.Thread.run(Thread.java:745)

Início experimento: 1447877723433
Início experimento: 2015-11-18 18:15:23.467
Opened database successfully
Interface successfully added: Wired Interface
Fim experimento: 1447878089378
Fim experimento: 2015-11-18 18:21:29.379
Nov 18, 2015 6:21:29 PM urbosenti.core.communication.UploadService run
GRAVE: null
java.lang.InterruptedException
	at java.lang.Object.wait(Native Method)
	at java.lang.Object.wait(Object.java:503)
	at urbosenti.core.communication.UploadService.getReport(UploadService.java:265)
	at urbosenti.core.communication.UploadService.getReportByMobileDataPolicyCriteria(UploadService.java:301)
	at urbosenti.core.communication.CommunicationManager.uploadServiceFunction(CommunicationManager.java:1972)
	at urbosenti.core.communication.UploadService.run(UploadService.java:111)
	at java.lang.Thread.run(Thread.java:745)

Nov 18, 2015 6:21:29 PM urbosenti.core.communication.ReconnectionService run
GRAVE: null
java.lang.InterruptedException
	at java.lang.Object.wait(Native Method)
	at java.lang.Object.wait(Object.java:503)
	at urbosenti.core.communication.ReconnectionService.run(ReconnectionService.java:108)
	at java.lang.Thread.run(Thread.java:745)

Início experimento: 1447878089559
Início experimento: 2015-11-18 18:21:29.593
Opened database successfully
Interface successfully added: Wired Interface
Fim experimento: 1447878499326
Fim experimento: 2015-11-18 18:28:19.326
Nov 18, 2015 6:28:19 PM urbosenti.core.communication.ReconnectionService run
GRAVE: null
java.lang.InterruptedException
	at java.lang.Object.wait(Native Method)
	at java.lang.Object.wait(Object.java:503)
	at urbosenti.core.communication.ReconnectionService.run(ReconnectionService.java:108)
	at java.lang.Thread.run(Thread.java:745)

Nov 18, 2015 6:28:19 PM urbosenti.core.communication.UploadService run
GRAVE: null
java.lang.InterruptedException
	at java.lang.Object.wait(Native Method)
	at java.lang.Object.wait(Object.java:503)
	at urbosenti.core.communication.UploadService.getReport(UploadService.java:265)
	at urbosenti.core.communication.UploadService.getReportByMobileDataPolicyCriteria(UploadService.java:301)
	at urbosenti.core.communication.CommunicationManager.uploadServiceFunction(CommunicationManager.java:1972)
	at urbosenti.core.communication.UploadService.run(UploadService.java:111)
	at java.lang.Thread.run(Thread.java:745)

Início experimento: 1447878499506
Início experimento: 2015-11-18 18:28:19.540
Opened database successfully
Interface successfully added: Wired Interface
Fim experimento: 1447878870435
Fim experimento: 2015-11-18 18:34:30.435
Nov 18, 2015 6:34:30 PM urbosenti.core.communication.UploadService run
GRAVE: null
java.lang.InterruptedException
	at java.lang.Object.wait(Native Method)
	at java.lang.Object.wait(Object.java:503)
	at urbosenti.core.communication.UploadService.getReport(UploadService.java:265)
	at urbosenti.core.communication.UploadService.getReportByMobileDataPolicyCriteria(UploadService.java:301)
	at urbosenti.core.communication.CommunicationManager.uploadServiceFunction(CommunicationManager.java:1972)
	at urbosenti.core.communication.UploadService.run(UploadService.java:111)
	at java.lang.Thread.run(Thread.java:745)

Início experimento: 1447878870617
Início experimento: 2015-11-18 18:34:30.651
Opened database successfully
Interface successfully added: Wired Interface
Fim experimento: 1447879280253
Fim experimento: 2015-11-18 18:41:20.253
Início experimento: 1447879280429
Início experimento: 2015-11-18 18:41:20.462
Opened database successfully
Interface successfully added: Wired Interface
Fim experimento: 1447879651369
Fim experimento: 2015-11-18 18:47:31.370
Nov 18, 2015 6:47:31 PM urbosenti.core.communication.UploadService run
GRAVE: null
java.lang.InterruptedException
	at java.lang.Object.wait(Native Method)
	at java.lang.Object.wait(Object.java:503)
	at urbosenti.core.communication.UploadService.getReport(UploadService.java:265)
	at urbosenti.core.communication.UploadService.getReportByMobileDataPolicyCriteria(UploadService.java:301)
	at urbosenti.core.communication.CommunicationManager.uploadServiceFunction(CommunicationManager.java:1972)
	at urbosenti.core.communication.UploadService.run(UploadService.java:111)
	at java.lang.Thread.run(Thread.java:745)

Nov 18, 2015 6:47:31 PM urbosenti.core.communication.ReconnectionService run
GRAVE: null
java.lang.InterruptedException
	at java.lang.Object.wait(Native Method)
	at java.lang.Object.wait(Object.java:503)
	at urbosenti.core.communication.ReconnectionService.run(ReconnectionService.java:108)
	at java.lang.Thread.run(Thread.java:745)

Início experimento: 1447879651550
Início experimento: 2015-11-18 18:47:31.584
Opened database successfully
Interface successfully added: Wired Interface
Fim experimento: 1447880066837
Fim experimento: 2015-11-18 18:54:26.837
Nov 18, 2015 6:54:26 PM urbosenti.core.communication.ReconnectionService run
GRAVE: null
java.lang.InterruptedException
	at java.lang.Object.wait(Native Method)
	at java.lang.Object.wait(Object.java:503)
	at urbosenti.core.communication.ReconnectionService.run(ReconnectionService.java:108)
	at java.lang.Thread.run(Thread.java:745)

Início experimento: 1447880067012
Início experimento: 2015-11-18 18:54:27.46
Opened database successfully
Interface successfully added: Wired Interface
Fim experimento: 1447880437953
Fim experimento: 2015-11-18 19:00:37.953
Nov 18, 2015 7:00:37 PM urbosenti.core.communication.UploadService run
GRAVE: null
java.lang.InterruptedException
	at java.lang.Object.wait(Native Method)
	at java.lang.Object.wait(Object.java:503)
	at urbosenti.core.communication.UploadService.getReport(UploadService.java:265)
	at urbosenti.core.communication.UploadService.getReportByMobileDataPolicyCriteria(UploadService.java:301)
	at urbosenti.core.communication.CommunicationManager.uploadServiceFunction(CommunicationManager.java:1972)
	at urbosenti.core.communication.UploadService.run(UploadService.java:111)
	at java.lang.Thread.run(Thread.java:745)

Nov 18, 2015 7:00:37 PM urbosenti.core.communication.ReconnectionService run
GRAVE: null
java.lang.InterruptedException
	at java.lang.Object.wait(Native Method)
	at java.lang.Object.wait(Object.java:503)
	at urbosenti.core.communication.ReconnectionService.run(ReconnectionService.java:108)
	at java.lang.Thread.run(Thread.java:745)

Início experimento: 1447880438134
Início experimento: 2015-11-18 19:00:38.167
Opened database successfully
Interface successfully added: Wired Interface
Fim experimento: 1447880858730
Fim experimento: 2015-11-18 19:07:38.730
Nov 18, 2015 7:07:38 PM urbosenti.core.communication.ReconnectionService run
GRAVE: null
java.lang.InterruptedException
	at java.lang.Object.wait(Native Method)
	at java.lang.Object.wait(Object.java:503)
	at urbosenti.core.communication.ReconnectionService.run(ReconnectionService.java:108)
	at java.lang.Thread.run(Thread.java:745)

Nov 18, 2015 7:07:38 PM urbosenti.core.communication.UploadService run
GRAVE: null
java.lang.InterruptedException
	at java.lang.Object.wait(Native Method)
	at java.lang.Object.wait(Object.java:503)
	at urbosenti.core.communication.UploadService.getReport(UploadService.java:265)
	at urbosenti.core.communication.UploadService.getReportByMobileDataPolicyCriteria(UploadService.java:301)
	at urbosenti.core.communication.CommunicationManager.uploadServiceFunction(CommunicationManager.java:1972)
	at urbosenti.core.communication.UploadService.run(UploadService.java:111)
	at java.lang.Thread.run(Thread.java:745)

End Condition Experiment time: 19:07:38
Start rule experiment time: 19:07:38
Início experimento: 1447880858925
Início experimento: 2015-11-18 19:07:38.959
Opened database successfully
Interface successfully added: Wired Interface
Fim experimento: 1447881258783
Fim experimento: 2015-11-18 19:14:18.783
Nov 18, 2015 7:14:18 PM urbosenti.core.communication.ReconnectionService run
GRAVE: null
java.lang.InterruptedException
	at java.lang.Object.wait(Native Method)
	at java.lang.Object.wait(Object.java:503)
	at urbosenti.core.communication.ReconnectionService.run(ReconnectionService.java:108)
	at java.lang.Thread.run(Thread.java:745)

Nov 18, 2015 7:14:18 PM urbosenti.core.communication.UploadService run
GRAVE: null
java.lang.InterruptedException
	at java.lang.Object.wait(Native Method)
	at java.lang.Object.wait(Object.java:503)
	at urbosenti.core.communication.UploadService.getReport(UploadService.java:265)
	at urbosenti.core.communication.UploadService.getReportByMobileDataPolicyCriteria(UploadService.java:301)
	at urbosenti.core.communication.CommunicationManager.uploadServiceFunction(CommunicationManager.java:1972)
	at urbosenti.core.communication.UploadService.run(UploadService.java:111)
	at java.lang.Thread.run(Thread.java:745)

Início experimento: 1447881258955
Início experimento: 2015-11-18 19:14:18.989
Opened database successfully
Interface successfully added: Wired Interface
Fim experimento: 1447881609894
Fim experimento: 2015-11-18 19:20:09.894
Nov 18, 2015 7:20:09 PM urbosenti.core.communication.UploadService run
GRAVE: null
java.lang.InterruptedException
	at java.lang.Object.wait(Native Method)
	at java.lang.Object.wait(Object.java:503)
	at urbosenti.core.communication.UploadService.getReport(UploadService.java:265)
	at urbosenti.core.communication.UploadService.getReportByMobileDataPolicyCriteria(UploadService.java:301)
	at urbosenti.core.communication.CommunicationManager.uploadServiceFunction(CommunicationManager.java:1972)
	at urbosenti.core.communication.UploadService.run(UploadService.java:111)
	at java.lang.Thread.run(Thread.java:745)

Nov 18, 2015 7:20:09 PM urbosenti.core.communication.ReconnectionService run
GRAVE: null
java.lang.InterruptedException
	at java.lang.Object.wait(Native Method)
	at java.lang.Object.wait(Object.java:503)
	at urbosenti.core.communication.ReconnectionService.run(ReconnectionService.java:108)
	at java.lang.Thread.run(Thread.java:745)

Início experimento: 1447881610087
Início experimento: 2015-11-18 19:20:10.120
Opened database successfully
Interface successfully added: Wired Interface
Fim experimento: 1447882009493
Fim experimento: 2015-11-18 19:26:49.494
Nov 18, 2015 7:26:49 PM urbosenti.core.communication.ReconnectionService run
GRAVE: null
java.lang.InterruptedException
	at java.lang.Object.wait(Native Method)
	at java.lang.Object.wait(Object.java:503)
	at urbosenti.core.communication.ReconnectionService.run(ReconnectionService.java:108)
	at java.lang.Thread.run(Thread.java:745)

Nov 18, 2015 7:26:49 PM urbosenti.core.communication.UploadService run
GRAVE: null
java.lang.InterruptedException
	at java.lang.Object.wait(Native Method)
	at java.lang.Object.wait(Object.java:503)
	at urbosenti.core.communication.UploadService.getReport(UploadService.java:265)
	at urbosenti.core.communication.UploadService.getReportByMobileDataPolicyCriteria(UploadService.java:301)
	at urbosenti.core.communication.CommunicationManager.uploadServiceFunction(CommunicationManager.java:1972)
	at urbosenti.core.communication.UploadService.run(UploadService.java:111)
	at java.lang.Thread.run(Thread.java:745)

Início experimento: 1447882009666
Início experimento: 2015-11-18 19:26:49.700
Opened database successfully
Interface successfully added: Wired Interface
Fim experimento: 1447882360609
Fim experimento: 2015-11-18 19:32:40.609
Nov 18, 2015 7:32:40 PM urbosenti.core.communication.UploadService run
GRAVE: null
java.lang.InterruptedException
	at java.lang.Object.wait(Native Method)
	at java.lang.Object.wait(Object.java:503)
	at urbosenti.core.communication.UploadService.getReport(UploadService.java:265)
	at urbosenti.core.communication.UploadService.getReportByMobileDataPolicyCriteria(UploadService.java:301)
	at urbosenti.core.communication.CommunicationManager.uploadServiceFunction(CommunicationManager.java:1972)
	at urbosenti.core.communication.UploadService.run(UploadService.java:111)
	at java.lang.Thread.run(Thread.java:745)

Nov 18, 2015 7:32:40 PM urbosenti.core.communication.ReconnectionService run
GRAVE: null
java.lang.InterruptedException
	at java.lang.Object.wait(Native Method)
	at java.lang.Object.wait(Object.java:503)
	at urbosenti.core.communication.ReconnectionService.run(ReconnectionService.java:108)
	at java.lang.Thread.run(Thread.java:745)

Início experimento: 1447882360793
Início experimento: 2015-11-18 19:32:40.827
Opened database successfully
Interface successfully added: Wired Interface
Fim experimento: 1447882760242
Fim experimento: 2015-11-18 19:39:20.242
Início experimento: 1447882760423
Início experimento: 2015-11-18 19:39:20.457
Opened database successfully
Interface successfully added: Wired Interface
Fim experimento: 1447883111361
Fim experimento: 2015-11-18 19:45:11.361
Nov 18, 2015 7:45:11 PM urbosenti.core.communication.UploadService run
GRAVE: null
java.lang.InterruptedException
	at java.lang.Object.wait(Native Method)
	at java.lang.Object.wait(Object.java:503)
	at urbosenti.core.communication.UploadService.getReport(UploadService.java:265)
	at urbosenti.core.communication.UploadService.getReportByMobileDataPolicyCriteria(UploadService.java:301)
	at urbosenti.core.communication.CommunicationManager.uploadServiceFunction(CommunicationManager.java:1972)
	at urbosenti.core.communication.UploadService.run(UploadService.java:111)
	at java.lang.Thread.run(Thread.java:745)

Nov 18, 2015 7:45:11 PM urbosenti.core.communication.ReconnectionService run
GRAVE: null
java.lang.InterruptedException
	at java.lang.Object.wait(Native Method)
	at java.lang.Object.wait(Object.java:503)
	at urbosenti.core.communication.ReconnectionService.run(ReconnectionService.java:108)
	at java.lang.Thread.run(Thread.java:745)

Início experimento: 1447883111556
Início experimento: 2015-11-18 19:45:11.590
Opened database successfully
Interface successfully added: Wired Interface
Fim experimento: 1447883512261
Fim experimento: 2015-11-18 19:51:52.262
Nov 18, 2015 7:51:52 PM urbosenti.core.communication.UploadService run
GRAVE: null
java.lang.InterruptedException
	at java.lang.Object.wait(Native Method)
	at java.lang.Object.wait(Object.java:503)
	at urbosenti.core.communication.UploadService.getReport(UploadService.java:265)
	at urbosenti.core.communication.UploadService.getReportByMobileDataPolicyCriteria(UploadService.java:301)
	at urbosenti.core.communication.CommunicationManager.uploadServiceFunction(CommunicationManager.java:1972)
	at urbosenti.core.communication.UploadService.run(UploadService.java:111)
	at java.lang.Thread.run(Thread.java:745)

Início experimento: 1447883512435
Início experimento: 2015-11-18 19:51:52.468
Opened database successfully
Interface successfully added: Wired Interface
Fim experimento: 1447883863378
Fim experimento: 2015-11-18 19:57:43.378
Nov 18, 2015 7:57:43 PM urbosenti.core.communication.UploadService run
GRAVE: null
java.lang.InterruptedException
	at java.lang.Object.wait(Native Method)
	at java.lang.Object.wait(Object.java:503)
	at urbosenti.core.communication.UploadService.getReport(UploadService.java:265)
	at urbosenti.core.communication.UploadService.getReportByMobileDataPolicyCriteria(UploadService.java:301)
	at urbosenti.core.communication.CommunicationManager.uploadServiceFunction(CommunicationManager.java:1972)
	at urbosenti.core.communication.UploadService.run(UploadService.java:111)
	at java.lang.Thread.run(Thread.java:745)

Início experimento: 1447883863552
Início experimento: 2015-11-18 19:57:43.586
Opened database successfully
Interface successfully added: Wired Interface
Fim experimento: 1447884262633
Fim experimento: 2015-11-18 20:04:22.634
Nov 18, 2015 8:04:22 PM urbosenti.core.communication.UploadService run
GRAVE: null
java.lang.InterruptedException
	at java.lang.Object.wait(Native Method)
	at java.lang.Object.wait(Object.java:503)
	at urbosenti.core.communication.UploadService.getReport(UploadService.java:265)
	at urbosenti.core.communication.UploadService.getReportByMobileDataPolicyCriteria(UploadService.java:301)
	at urbosenti.core.communication.CommunicationManager.uploadServiceFunction(CommunicationManager.java:1972)
	at urbosenti.core.communication.UploadService.run(UploadService.java:111)
	at java.lang.Thread.run(Thread.java:745)

Nov 18, 2015 8:04:22 PM urbosenti.core.communication.ReconnectionService run
GRAVE: null
java.lang.InterruptedException
	at java.lang.Object.wait(Native Method)
	at java.lang.Object.wait(Object.java:503)
	at urbosenti.core.communication.ReconnectionService.run(ReconnectionService.java:108)
	at java.lang.Thread.run(Thread.java:745)

Início experimento: 1447884262876
Início experimento: 2015-11-18 20:04:22.909
Opened database successfully
Interface successfully added: Wired Interface
Fim experimento: 1447884613806
Fim experimento: 2015-11-18 20:10:13.806
Nov 18, 2015 8:10:13 PM urbosenti.core.communication.ReconnectionService run
GRAVE: null
java.lang.InterruptedException
	at java.lang.Object.wait(Native Method)
	at java.lang.Object.wait(Object.java:503)
	at urbosenti.core.communication.ReconnectionService.run(ReconnectionService.java:108)
	at java.lang.Thread.run(Thread.java:745)

Nov 18, 2015 8:10:13 PM urbosenti.core.communication.UploadService run
GRAVE: null
java.lang.InterruptedException
	at java.lang.Object.wait(Native Method)
	at java.lang.Object.wait(Object.java:503)
	at urbosenti.core.communication.UploadService.getReport(UploadService.java:265)
	at urbosenti.core.communication.UploadService.getReportByMobileDataPolicyCriteria(UploadService.java:301)
	at urbosenti.core.communication.CommunicationManager.uploadServiceFunction(CommunicationManager.java:1972)
	at urbosenti.core.communication.UploadService.run(UploadService.java:111)
	at java.lang.Thread.run(Thread.java:745)

Início experimento: 1447884613925
Início experimento: 2015-11-18 20:10:13.959
Opened database successfully
Interface successfully added: Wired Interface
Fim experimento: 1447885019003
Fim experimento: 2015-11-18 20:16:59.3
Início experimento: 1447885019175
Início experimento: 2015-11-18 20:16:59.209
Opened database successfully
Interface successfully added: Wired Interface
Fim experimento: 1447885370114
Fim experimento: 2015-11-18 20:22:50.114
Início experimento: 1447885370279
Início experimento: 2015-11-18 20:22:50.313
Opened database successfully
Interface successfully added: Wired Interface
Fim experimento: 1447885770684
Fim experimento: 2015-11-18 20:29:30.684
Início experimento: 1447885770844
Início experimento: 2015-11-18 20:29:30.877
Opened database successfully
Interface successfully added: Wired Interface
Fim experimento: 1447886121786
Fim experimento: 2015-11-18 20:35:21.786
Nov 18, 2015 8:35:21 PM urbosenti.core.communication.UploadService run
GRAVE: null
java.lang.InterruptedException
	at java.lang.Object.wait(Native Method)
	at java.lang.Object.wait(Object.java:503)
	at urbosenti.core.communication.UploadService.getReport(UploadService.java:265)
	at urbosenti.core.communication.UploadService.getReportByMobileDataPolicyCriteria(UploadService.java:301)
	at urbosenti.core.communication.CommunicationManager.uploadServiceFunction(CommunicationManager.java:1972)
	at urbosenti.core.communication.UploadService.run(UploadService.java:111)
	at java.lang.Thread.run(Thread.java:745)

Nov 18, 2015 8:35:21 PM urbosenti.core.communication.ReconnectionService run
GRAVE: null
java.lang.InterruptedException
	at java.lang.Object.wait(Native Method)
	at java.lang.Object.wait(Object.java:503)
	at urbosenti.core.communication.ReconnectionService.run(ReconnectionService.java:108)
	at java.lang.Thread.run(Thread.java:745)

Início experimento: 1447886121967
Início experimento: 2015-11-18 20:35:22.0
Opened database successfully
Interface successfully added: Wired Interface
Fim experimento: 1447886521689
Fim experimento: 2015-11-18 20:42:01.689
Início experimento: 1447886521845
Início experimento: 2015-11-18 20:42:01.879
Opened database successfully
Interface successfully added: Wired Interface
Fim experimento: 1447886872782
Fim experimento: 2015-11-18 20:47:52.782
End  rule experiment time: 20:47:52
