1447882010594
1447882012021
1447882012339
1447882012698
1447882013082
1447882013400
1447882013710
1447882014044
1447882014354
1447882014713
1447882015047
1447882015423
1447882015774
1447882016133
1447882016443
1447882016827
1447882017161
1447882017495
1447882017837
1447882018247
1447882018564
1447882018899
1447882019225
1447882019542
1447882019885
1447882020227
1447882020576
1447882020928
1447882021312
1447882021638
1447882021980
1447882022306
1447882022640
1447882022982
1447882023308
1447882023634
1447882023959
1447882024310
1447882024660
1447882025044
1447882025369
1447882025728
1447882026054
1447882026388
1447882026705
1447882027065
1447882027408
1447882027801
1447882028127
1447882028469
1447882028786
1447882029129
1447882029463
1447882029797
1447882030123
1447882030473
1447882030824
1447882031236
1447882031592
1447882031950
1447882032276
1447882032619
1447882032937
1447882033288
1447882033638
1447882034023
1447882034357
1447882034708
1447882035017
1447882035360
1447882035693
1447882036027
1447882036361
1447882036704
1447882037062
1447882037455
1447882037789
1447882038131
1447882038457
1447882038791
1447882039117
1447882039467
1447882039818
1447882040186
1447882040593
1447882040921
1447882041255
1447882041789
1447882042123
1447882042448
1447882042799
1447882043133
1447882043475
1447882043826
1447882044176
1447882044551
1447882044935
1447882045277
1447882045628
1447882045945
1447882046295
1447882046646
1447882047031
1447882047348
1447882047682
1447882048079
1447882048409
1447882048759
1447882049102
1447882049428
1447882049737
1447882050079
1447882050388
1447882050722
1447882051441
1447882051783
1447882052125
1447882052442
1447882052768
1447882053085
1447882053428
1447882053779
1447882054163
1447882054548
1447882054881
1447882055231
1447882055574
1447882055883
1447882056217
1447882056551
1447882056900
1447882057250
1447882057602
1447882057987
1447882058353
1447882058738
1447882059055
1447882059413
1447882059763
1447882060073
1447882060415
1447882060749
1447882061099
1447882061440
1447882061792
1447882062159
1447882062552
1447882062878
1447882063212
1447882063537
1447882063864
1447882064198
1447882064515
1447882064944
1447882065260
1447882065594
1447882065903
1447882066253
1447882066587
1447882066939
1447882067289
1447882067631
1447882067982
1447882068366
1447882068675
1447882069009
1447882069318
1447882069661
1447882070003
1447882070345
1447882070654
1447882070980
1447882071365
1447882071683
1447882072034
1447882072376
1447882072685
1447882073019
1447882073336
1447882073686
1447882074012
1447882074405
1447882074723
1447882075057
1447882075374
1447882075708
1447882076042
1447882076393
1447882076710
1447882077137
1447882077463
1447882077805
1447882078123
1447882078457
1447882078774
1447882079100
1447882079434
1447882079760
1447882080175
1447882080503
1447882080862
1447882081213
1447882081564
1447882081957
1447882082299
1447882082642
1447882083043
1447882083394
1447882083745
1447882084079
1447882084397
1447882084748
1447882085081
1447882085432
1447882085825
1447882086151
1447882086477
1447882086820
1447882087145
1447882087480
1447882087830
1447882088188
1447882088539
1447882088932
1447882089258
1447882089625
1447882089942
1447882090285
1447882090627
1447882090969
1447882091319
1447882091661
1447882091970
1447882092312
1447882092729
1447882093114
1447882093449
1447882093791
1447882094125
1447882094442
1447882094776
1447882095102
1447882095436
1447882096147
1447882096514
1447882096831
1447882097173
1447882097491
1447882097857
1447882098200
1447882098559
1447882098893
1447882099262
1447882099587
1447882099905
1447882100248
1447882100564
1447882100914
1447882101248
1447882101574
1447882102002
1447882102377
1447882102719
1447882103053
1447882103388
1447882104038
1447882104372
1447882104689
1447882105032
1447882105416
1447882105751
1447882106094
1447882106428
1447882106738
1447882107072
1447882107406
1447882107799
1447882108141
1447882108475
1447882108801
1447882109127
1447882109461
1447882109786
1447882110104
1447882110462
1447882110813
1447882111180
1447882111538
1447882111923
1447882112239
1447882112606
1447882112932
1447882113257
1447882113591
1447882113901
1447882114268
1447882114594
1447882114996
1447882115321
1447882115688
1447882116022
1447882116356
1447882116682
1447882117041
1447882117383
1447882117709
1447882118051
1447882118449
1447882118778
1447882119137
1447882119463
1447882119807
1447882120141
1447882120492
1447882120894
1447882121235
1447882121610
1447882121968
1447882122336
1447882122661
1447882123036
1447882123371
1447882123704
1447882124047
1447882124356
1447882124698
1447882125099
1447882125442
1447882125793
1447882126160
1447882126494
1447882126820
1447882127162
1447882127496
1447882127830
1447882128240
1447882128574
1447882128908
1447882129225
1447882129576
1447882129902
1447882130236
1447882130553
1447882130879
1447882131288
1447882131632
1447882132017
1447882132342
1447882132685
1447882133002
1447882133353
1447882133769
1447882134105
1447882134455
1447882134797
1447882135131
1447882135497
1447882135840
1447882136157
1447882136498
1447882136851
1447882137260
1447882137618
1447882138020
1447882138378
1447882138728
1447882139062
1447882139387
1447882139721
1447882140064
1447882140398
1447882140732
1447882141066
1447882141467
1447882141793
1447882142103
1447882142445
1447882142754
1447882143097
1447882143414
1447882143748
1447882144134
1447882144484
1447882144793
1447882145167
1447882145884
1447882146218
1447882146543
1447882146869
1447882147211
1447882147553
1447882147870
1447882148204
1447882148606
1447882148931
1447882149282
1447882149624
1447882149958
1447882150334
1447882150668
1447882150969
1447882151303
1447882151680
1447882152082
1447882152416
1447882152733
1447882153083
1447882153433
1447882153767
1447882154109
1447882154443
1447882154857
1447882155195
1447882155538
1447882155880
1447882156223
1447882156565
1447882156891
1447882157233
1447882157584
1447882157977
1447882158311
1447882158660
1447882158987
1447882159328
1447882159670
1447882160012
1447882160330
1447882160671
1447882160989
1447882161331
1447882161689
1447882162040
1447882162390
1447882162740
1447882163141
1447882163475
1447882163817
1447882164176
1447882164510
1447882164845
1447882165196
1447882165537
1447882165880
1447882166257
1447882166608
1447882166967
1447882167309
1447882167618
1447882167961
1447882168278
1447882168637
1447882169022
1447882169331
1447882169689
1447882170023
1447882170367
1447882170683
1447882171033
1447882171376
1447882171693
1447882172085
1447882172495
1447882172821
1447882173180
1447882173514
1447882173856
1447882174224
1447882174574
1447882174900
1447882175234
1447882175620
1447882175970
1447882176279
1447882176623
1447882176972
1447882177314
1447882177657
1447882177990
1447882178324
1447882178720
1447882179035
1447882179377
1447882179729
1447882180081
1447882180439
1447882180790
1447882181191
1447882181517
1447882181869
1447882182220
1447882182562
1447882182871
1447882183221
1447882183579
1447882183914
1447882184307
1447882184624
1447882184966
1447882185275
1447882185609
1447882185935
1447882186261
1447882186578
1447882187023
1447882187348
1447882187699
1447882188075
1447882188401
1447882188759
1447882189085
1447882189419
1447882189744
1447882190133
1447882190463
1447882190797
1447882191123
1447882191457
1447882191766
1447882192117
1447882192451
1447882192785
1447882193186
1447882193528
1447882193871
1447882194214
1447882194540
1447882194882
1447882195208
1447882195542
1447882195926
1447882196261
1447882196603
1447882196929
1447882197255
1447882197598
1447882197956
1447882198299
1447882198703
1447882199043
1447882199377
1447882199727
1447882200053
1447882200396
1447882200714
1447882201056
1447882201454
1447882201783
1447882202125
1447882202459
1447882202793
1447882203111
1447882203437
1447882203762
1447882204088
1447882204474
1447882204790
1447882205150
1447882205484
1447882205801
1447882206136
1447882206461
1447882206812
1447882207208
1447882207539
1447882207881
1447882208190
1447882208516
1447882208858
1447882209201
1447882209535
1447882209877
1447882210279
1447882210596
1447882210930
1447882211247
1447882211573
1447882211907
1447882212233
1447882212559
1447882212951
1447882213369
1447882213694
1447882214044
1447882214402
1447882214729
1447882215062
1447882215388
1447882215714
1447882216048
1447882216365
1447882216724
1447882217110
1447882217434
1447882217769
1447882218103
1447882218421
1447882218772
1447882219139
1447882219480
1447882219831
1447882220216
1447882220541
1447882220892
1447882221234
1447882221568
1447882221912
1447882222271
1447882222596
1447882222982
1447882223315
1447882223666
1447882224001
1447882224335
1447882224661
1447882224987
1447882225320
1447882225671
1447882226097
1447882226422
1447882226789
1447882227198
1447882227524
1447882227833
1447882228184
1447882228493
1447882228827
1447882229204
1447882229547
1447882229847
1447882230206
1447882230507
1447882230857
1447882231183
1447882231517
1447882231901
1447882232625
1447882232953
1447882233287
1447882233637
1447882233972
1447882234347
1447882234673
1447882234982
1447882235316
1447882235709
1447882236035
1447882236369
1447882236703
1447882237052
1447882237411
1447882237736
1447882238070
1447882238412
1447882238763
1447882239088
1447882239406
1447882239792
1447882240134
1447882240452
1447882240802
1447882241137
1447882241454
1447882241788
1447882242184
1447882242515
1447882242857
1447882243183
1447882243516
1447882243842
1447882244176
1447882244502
1447882244819
1447882245145
1447882245529
1447882245872
1447882246214
1447882246532
1447882246866
1447882247175
1447882247500
1447882247852
1447882248262
1447882248571
1447882248897
1447882249222
1447882249572
1447882249906
1447882250257
1447882250606
1447882250949
1447882251274
1447882251609
1447882251994
1447882252311
1447882252677
1447882253003
1447882253329
1447882253663
1447882253980
1447882254322
1447882254631
1447882254982
1447882255375
1447882255676
1447882256018
1447882256327
1447882256661
1447882256988
1447882257405
1447882257782
1447882258191
1447882258516
1447882258875
1447882259218
1447882259568
1447882259910
1447882260245
1447882260579
1447882260913
1447882261314
1447882261640
1447882261991
1447882262350
1447882262684
1447882263002
1447882263336
1447882263670
1447882264054
1447882264405
1447882264731
1447882265048
1447882265391
1447882265725
1447882266068
1447882266410
1447882266744
1447882267137
1447882267497
1447882267805
1447882268148
1447882268508
1447882268825
1447882269184
1447882269545
1447882269887
1447882270221
1447882270547
1447882270906
1447882271256
1447882271607
1447882271949
1447882272291
1447882272685
1447882273036
1447882273378
1447882273763
1447882274114
1447882274423
1447882274774
1447882275151
1447882275475
1447882275835
1447882276160
1447882276494
1447882276828
1447882277171
1447882277488
1447882277831
1447882278221
1447882278541
1447882278867
1447882279210
1447882279535
1447882279886
1447882280212
1447882280538
1447882280948
1447882281290
1447882281640
1447882281983
1447882282334
1447882282667
1447882283001
1447882283335
1447882283685
1447882284061
1447882284446
1447882284780
1447882285130
1447882285456
1447882285797
1447882286157
1447882286500
1447882286817
1447882287277
1447882287620
1447882287988
1447882288339
1447882288673
1447882289015
1447882289349
1447882289692
1447882290093
1447882290444
1447882290778
1447882291103
1447882291446
1447882291780
1447882292106
1447882292508
1447882292909
1447882293234
1447882293561
1447882293903
1447882294262
1447882294613
1447882294930
1447882295280
1447882295648
1447882296040
1447882296350
1447882296717
1447882297043
1447882297402
1447882297763
1447882298122
1447882298480
1447882298873
1447882299190
1447882299532
1447882299858
1447882300192
1447882300501
1447882300835
1447882301152
1447882301487
1447882301872
1447882302230
1447882302573
1447882302898
1447882303231
1447882303581
1447882303916
1447882304258
1447882304600
1447882304926
1447882305285
1447882305695
1447882306020
1447882306387
1447882306745
1447882307096
1447882307430
1447882307772
1447882308089
1447882308415
1447882308724
1447882309083
1447882309468
1447882309777
1447882310128
1447882310445
1447882310771
1447882311105
1447882311430
1447882311748
1447882312196
1447882312517
1447882312860
1447882313194
1447882313528
1447882313837
1447882314179
1447882314497
1447882314839
1447882315230
1447882315549
1447882315924
1447882316259
1447882316592
1447882316942
1447882317327
1447882317678
1447882318045
1447882318413
1447882318827
1447882319156
1447882319516
1447882319857
1447882320208
1447882320551
1447882320910
1447882321227
1447882321587
1447882322003
1447882322346
1447882322689
1447882323039
1447882323373
1447882323708
1447882324034
1447882324427
1447882324833
1447882325154
1447882325504
1447882325855
1447882326197
1447882326515
1447882326866
1447882327208
1447882327550
1447882327927
1447882328285
1447882328628
1447882328978
1447882329304
1447882329630
1447882329982
1447882330332
1447882330733
1447882331085
1447882331411
1447882331753
1447882332089
1447882332489
1447882332823
1447882333225
1447882333592
1447882333926
1447882334285
1447882334619
1447882334978
1447882335337
1447882335679
1447882336064
1447882336515
1447882336857
1447882337200
1447882337551
1447882337885
1447882338219
1447882338561
1447882338903
1447882339309
1447882339664
1447882340014
1447882340363
1447882340715
1447882341040
1447882341390
1447882341732
1447882342050
1447882342392
1447882342735
1447882343102
1447882343460
1447882343854
1447882344178
1447882344545
1447882344888
1447882345221
1447882345580
1447882345931
1447882346264
1447882346607
1447882346941
1447882347362
1447882347694
1447882348045
1447882348396
1447882348713
1447882349064
1447882349398
1447882349740
1447882350134
1447882350477
1447882350794
1447882351136
1447882351454
1447882351788
1447882352138
1447882352481
1447882352882
1447882353241
1447882353584
1447882353926
1447882354294
1447882354635
1447882354978
1447882355296
1447882355646
1447882356041
1447882356373
1447882356724
1447882357066
1447882357393
1447882357735
1447882358061
1447882358437
1447882358865
