1447886522767
1447886524196
1447886524580
1447886524905
1447886525247
1447886525556
1447886525901
1447886526242
1447886526592
1447886526944
1447886527344
1447886527662
1447886528021
1447886528338
1447886528672
1447886529006
1447886529316
1447886529700
1447886530089
1447886530402
1447886530736
1447886531095
1447886531429
1447886531755
1447886532089
1447886532406
1447886532748
1447886533132
1447886533491
1447886533841
1447886534234
1447886534559
1447886534901
1447886535227
1447886535577
1447886535935
1447886536278
1447886536611
1447886536937
1447886537271
1447886537605
1447886537956
1447886538348
1447886538674
1447886539016
1447886539325
1447886539651
1447886539960
1447886540294
1447886540636
1447886541004
1447886541425
1447886541756
1447886542090
1447886542449
1447886542798
1447886543148
1447886543483
1447886543816
1447886544158
1447886544577
1447886544936
1447886545286
1447886545687
1447886546020
1447886546354
1447886546688
1447886547014
1447886547331
1447886547699
1447886548041
1447886548375
1447886548807
1447886549144
1447886549521
1447886549880
1447886550214
1447886550563
1447886550897
1447886551231
1447886551557
1447886551965
1447886552284
1447886552618
1447886552969
1447886553303
1447886553629
1447886553971
1447886554543
1447886554901
1447886555253
1447886555595
1447886555929
1447886556280
1447886556647
1447886557057
1447886557432
1447886557766
1447886558083
1447886558426
1447886558760
1447886559102
1447886559420
1447886559914
1447886560257
1447886560591
1447886560925
1447886561234
1447886561561
1447886561911
1447886562261
1447886562671
1447886563013
1447886563355
1447886563681
1447886564015
1447886564332
1447886564675
1447886565009
1447886565351
1447886565745
1447886566087
1447886566413
1447886566755
1447886567081
1447886567431
1447886567782
1447886568141
1447886568490
1447886568841
1447886569192
1447886569550
1447886569935
1447886570285
1447886570643
1447886570985
1447886571302
1447886571652
1447886571995
1447886572345
1447886572687
1447886573021
1447886573330
1447886573681
1447886574066
1447886574425
1447886574783
1447886575117
1447886575451
1447886575785
1447886576111
1447886576420
1447886576746
1447886577115
1447886577466
1447886577783
1447886578126
1447886578468
1447886578811
1447886579186
1447886579528
1447886579921
1447886580239
1447886580597
1447886580955
1447886581289
1447886581615
1447886581940
1447886582266
1447886582583
1447886582909
1447886583260
1447886583648
1447886583954
1447886584296
1447886584647
1447886584981
1447886585315
1447886585640
1447886585958
1447886586284
1447886586660
1447886586969
1447886587337
1447886587679
1447886588013
1447886588347
1447886588681
1447886589023
1447886589561
1447886589919
1447886590269
1447886590604
1447886590937
1447886591271
1447886591589
1447886591923
1447886592281
1447886592674
1447886593025
1447886593367
1447886593693
1447886594018
1447886594336
1447886594687
1447886595038
1447886595431
1447886595757
1447886596099
1447886596425
1447886596768
1447886597101
1447886597451
1447886597810
1447886598136
1447886598478
1447886598870
1447886599214
1447886599556
1447886599906
1447886600232
1447886600550
1447886600925
1447886601268
1447886601634
1447886601977
1447886602386
1447886602712
1447886603438
1447886603780
1447886604106
1447886604423
1447886604757
1447886605074
1447886605425
1447886605840
1447886606169
1447886606528
1447886606853
1447886607196
1447886607538
1447886607864
1447886608181
1447886608515
1447886608905
1447886609226
1447886609577
1447886609910
1447886610244
1447886610587
1447886610921
1447886611247
1447886611581
1447886611948
1447886612306
1447886612707
1447886613041
1447886613383
1447886613700
1447886614034
1447886614344
1447886614695
1447886615046
1447886615447
1447886615773
1447886616148
1447886616506
1447886616832
1447886617191
1447886617542
1447886617884
1447886618209
1447886618518
1447886618869
1447886619270
1447886619964
1447886620323
1447886620649
1447886620984
1447886621334
1447886621668
1447886622018
1447886622411
1447886622753
1447886623096
1447886623429
1447886623788
1447886624137
1447886624456
1447886624815
1447886625124
1447886625458
1447886625860
1447886626185
1447886626536
1447886626870
1447886627204
1447886627521
1447886627838
1447886628164
1447886628507
1447886628908
1447886629225
1447886629568
1447886629902
1447886630236
1447886630570
1447886630920
1447886631246
1447886631597
1447886631993
1447886632332
1447886632675
1447886632984
1447886633325
1447886633643
1447886633976
1447886634294
1447886634612
1447886634954
1447886635338
1447886635656
1447886636006
1447886636355
1447886636682
1447886637015
1447886637341
1447886637683
1447886638009
1447886638326
1447886638669
1447886639087
1447886639412
1447886639755
1447886640072
1447886640398
1447886640740
1447886641108
1447886641450
1447886641784
1447886642169
1447886642478
1447886642812
1447886643146
1447886643480
1447886643823
1447886644141
1447886644568
1447886644885
1447886645243
1447886645593
1447886645927
1447886646253
1447886646594
1447886646928
1447886647237
1447886647595
1447886647947
1447886648297
1447886648639
1447886649026
1447886649351
1447886649709
1447886650070
1447886650412
1447886650729
1447886651089
1447886651481
1447886651799
1447886652133
1447886652450
1447886652784
1447886653118
1447886653452
1447886653769
1447886654104
1447886654556
1447886654898
1447886655232
1447886655575
1447886655909
1447886656259
1447886656585
1447886656943
1447886657294
1447886657644
1447886657977
1447886658354
1447886658679
1447886659005
1447886659322
1447886659656
1447886659965
1447886660291
1447886660616
1447886660968
1447886661372
1447886661686
1447886662037
1447886662362
1447886662696
1447886663005
1447886663348
1447886663673
1447886663999
1447886664426
1447886664760
1447886665102
1447886665427
1447886665762
1447886666079
1447886666405
1447886666739
1447886667064
1447886667456
1447886667775
1447886668117
1447886668451
1447886668801
1447886669134
1447886669512
1447886669854
1447886670212
1447886670546
1447886670913
1447886671255
1447886671639
1447886671965
1447886672323
1447886672665
1447886672974
1447886673316
1447886673667
1447886673984
1447886674342
1447886674711
1447886675078
1447886675462
1447886675780
1447886676122
1447886676439
1447886676790
1447886677141
1447886677509
1447886677851
1447886678193
1447886678578
1447886678912
1447886679254
1447886679597
1447886679925
1447886680267
1447886680617
1447886681010
1447886681319
1447886681677
1447886682020
1447886682354
1447886682672
1447886683014
1447886683340
1447886683665
1447886684076
1447886684409
1447886685060
1447886685394
1447886685728
1447886686053
1447886686405
1447886686747
1447886687081
1447886687471
1447886687791
1447886688133
1447886688485
1447886688819
1447886689153
1447886689480
1447886689931
1447886690240
1447886690574
1447886690900
1447886691226
1447886691569
1447886691903
1447886692245
1447886692630
1447886692939
1447886693297
1447886693640
1447886693982
1447886694291
1447886694626
1447886694951
1447886695285
1447886695683
1447886696012
1447886696346
1447886696689
1447886697015
1447886697340
1447886697674
1447886697992
1447886698317
1447886698699
1447886699011
1447886699345
1447886699679
1447886700039
1447886700372
1447886700706
1447886701015
1447886701341
1447886701718
1447886702076
1447886702410
1447886702745
1447886703095
1447886703421
1447886703747
1447886704064
1447886704414
1447886704824
1447886705133
1447886705476
1447886705785
1447886706119
1447886706428
1447886706762
1447886707071
1447886707439
1447886707834
1447886708149
1447886708483
1447886708833
1447886709159
1447886709477
1447886709828
1447886710162
1447886710538
1447886710872
1447886711215
1447886711532
1447886711866
1447886712184
1447886712509
1447886712860
1447886713236
1447886713629
1447886713979
1447886714330
1447886714647
1447886714997
1447886715322
1447886715655
1447886715973
1447886716298
1447886716648
1447886716982
1447886717300
1447886717649
1447886717984
1447886718334
1447886718684
1447886719068
1447886719377
1447886719735
1447886720053
1447886720395
1447886720728
1447886721071
1447886721397
1447886721714
1447886722065
1447886722441
1447886722751
1447886723085
1447886723419
1447886723753
1447886724070
1447886724396
1447886724714
1447886725157
1447886725483
1447886726200
1447886726542
1447886726884
1447886727218
1447886727552
1447886727893
1447886728243
1447886728577
1447886728886
1447886729212
1447886729613
1447886729931
1447886730289
1447886730632
1447886730957
1447886731291
1447886731608
1447886731958
1447886732292
1447886732610
1447886732952
1447886733345
1447886733662
1447886733996
1447886734314
1447886734632
1447886734999
1447886735308
1447886735643
1447886736027
1447886736336
1447886736679
1447886737046
1447886737422
1447886737740
1447886738082
1447886738424
1447886738758
1447886739117
1447886739458
1447886739885
1447886740219
1447886740844
1447886741187
1447886741504
1447886741838
1447886742172
1447886742592
1447886742959
1447886743276
1447886743602
1447886743920
1447886744262
1447886744604
1447886744946
1447886745297
1447886745689
1447886746007
1447886746358
1447886746675
1447886747009
1447886747343
1447886747669
1447886747978
1447886748354
1447886748721
1447886749070
1447886749463
1447886749805
1447886750156
1447886750507
1447886750841
1447886751158
1447886751492
1447886751809
1447886752144
1447886752545
1447886752871
1447886753213
1447886753530
1447886753856
1447886754165
1447886754507
1447886754825
1447886755151
1447886755550
1447886755861
1447886756227
1447886756562
1447886756912
1447886757254
1447886757588
1447886757931
1447886758248
1447886758599
1447886759009
1447886759318
1447886759654
1447886760062
1447886760396
1447886760722
1447886761081
1447886761491
1447886761825
1447886762191
1447886762541
1447886762884
1447886763193
1447886763542
1447886763885
1447886764210
1447886764561
1447886764912
1447886765237
1447886765578
1447886765904
1447886766263
1447886766604
1447886766997
1447886767315
1447886767649
1447886767974
1447886768307
1447886768632
1447886768975
1447886769300
1447886769651
1447886770018
1447886770360
1447886770770
1447886771429
1447886771788
1447886772105
1447886772439
1447886772757
1447886773098
1447886773425
1447886773766
1447886774124
1447886774476
1447886774886
1447886775237
1447886775571
1447886775922
1447886776255
1447886776589
1447886776907
1447886777232
1447886777620
1447886777934
1447886778277
1447886778611
1447886778945
1447886779254
1447886779613
1447886779930
1447886780280
1447886780631
1447886781058
1447886781400
1447886781750
1447886782084
1447886782418
1447886782761
1447886783103
1447886783429
1447886783805
1447886784222
1447886784540
1447886784899
1447886785225
1447886785575
1447886785927
1447886786261
1447886786595
1447886787009
1447886787339
1447886787681
1447886788023
1447886788374
1447886788708
1447886789059
1447886789376
1447886789719
1447886790104
1447886790447
1447886790755
1447886791090
1447886791432
1447886791758
1447886792075
1447886792401
1447886792759
1447886793161
1447886793494
1447886793828
1447886794154
1447886794512
1447886794872
1447886795215
1447886795557
1447886795924
1447886796321
1447886796643
1447886796994
1447886797328
1447886797695
1447886798012
1447886798356
1447886798707
1447886799099
1447886799425
1447886799759
1447886800076
1447886800402
1447886800736
1447886801096
1447886801422
1447886801798
1447886802124
1447886802475
1447886802809
1447886803151
1447886803468
1447886803826
1447886804185
1447886804512
1447886804964
1447886805306
1447886805657
1447886805999
1447886806341
1447886806667
1447886807017
1447886807375
1447886807718
1447886808077
1447886808462
1447886808779
1447886809138
1447886809447
1447886809792
1447886810150
1447886810484
1447886810861
1447886811195
1447886811529
1447886811854
1447886812197
1447886812514
1447886812865
1447886813199
1447886813533
1447886813935
1447886814277
1447886814620
1447886815320
1447886815654
1447886816013
1447886816363
1447886816697
1447886817031
1447886817431
1447886817767
1447886818125
1447886818459
1447886818801
1447886819152
1447886819478
1447886819820
1447886820154
1447886820513
1447886820948
1447886821299
1447886821625
1447886821967
1447886822292
1447886822618
1447886822944
1447886823253
1447886823621
1447886824029
1447886824356
1447886824699
1447886825057
1447886825399
1447886825742
1447886826109
1447886826443
1447886826802
1447886827153
1447886827511
1447886827937
1447886828287
1447886828646
1447886828997
1447886829339
1447886829666
1447886830083
1447886830425
1447886830784
1447886831194
1447886831536
1447886831887
1447886832204
1447886832538
1447886832864
1447886833199
1447886833566
1447886833959
1447886834268
1447886834610
1447886834928
1447886835254
1447886835579
1447886835913
1447886836231
1447886836573
1447886836966
1447886837300
1447886837642
1447886837960
1447886838302
1447886838611
1447886838954
1447886839279
1447886839613
1447886840018
1447886840382
1447886840749
1447886841108
1447886841450
1447886841808
1447886842166
1447886842501
1447886842834
1447886843185
1447886843502
1447886843853
1447886844254
1447886844588
1447886844923
1447886845256
1447886845591
1447886845916
1447886846250
1447886846593
1447886846960
1447886847378
1447886847745
1447886848088
1447886848413
1447886848747
1447886849073
1447886849407
1447886849742
1447886850109
1447886850516
1447886850844
1447886851210
1447886851577
1447886851936
1447886852270
1447886852636
1447886852979
1447886853313
1447886853655
1447886853989
1447886854340
1447886854763
1447886855125
1447886855476
1447886855793
1447886856144
1447886856470
1447886856804
1447886857155
1447886857523
1447886857957
1447886858282
1447886858616
1447886858934
1447886859285
1447886859618
1447886860011
1447886860345
1447886860704
1447886861113
1447886861448
1447886861790
1447886862116
1447886862458
1447886862792
1447886863126
1447886863452
1447886863802
1447886864136
1447886864537
1447886864939
1447886865297
1447886865648
1447886865965
1447886866332
1447886866658
1447886867000
1447886867358
1447886867701
1447886868076
1447886868502
1447886868844
1447886869211
1447886869586
1447886869937
1447886870271
1447886870589
1447886870940
1447886871298
