1447882761346
1447882762789
1447882763115
1447882763449
1447882763850
1447882764176
1447882764495
1447882764820
1447882765137
1447882765480
1447882765832
1447882766258
1447882766608
1447882766967
1447882767293
1447882767652
1447882767978
1447882768320
1447882768671
1447882769030
1447882769431
1447882769782
1447882770133
1447882770442
1447882770784
1447882771101
1447882771476
1447882771810
1447882772136
1447882772470
1447882772981
1447882773348
1447882773657
1447882773991
1447882774334
1447882774685
1447882775019
1447882775361
1447882775728
1447882776112
1447882776437
1447882776780
1447882777089
1447882777423
1447882777732
1447882778075
1447882778409
1447882778802
1447882779119
1447882779462
1447882779789
1447882780148
1447882780474
1447882780808
1447882781218
1447882781552
1447882781918
1447882782269
1447882782586
1447882782928
1447882783263
1447882783588
1447882783906
1447882784248
1447882784641
1447882784967
1447882785293
1447882785627
1447882785952
1447882786287
1447882786629
1447882786954
1447882787288
1447882787639
1447882787989
1447882788382
1447882788715
1447882789066
1447882789383
1447882789717
1447882790043
1447882790385
1447882790711
1447882791053
1447882791471
1447882791789
1447882792123
1447882792449
1447882792783
1447882793221
1447882793563
1447882793930
1447882794288
1447882794630
1447882794956
1447882795306
1447882795640
1447882795974
1447882796308
1447882796625
1447882796959
1447882797310
1447882797711
1447882798079
1447882798413
1447882798763
1447882799089
1447882799439
1447882799757
1447882800108
1447882800501
1447882800818
1447882801152
1447882801461
1447882801796
1447882802146
1447882802480
1447882802815
1447882803233
1447882803559
1447882803927
1447882804302
1447882804636
1447882804986
1447882805336
1447882805678
1447882806012
1447882806329
1447882806671
1447882807013
1447882807355
1447882807705
1447882808090
1447882808440
1447882808790
1447882809132
1447882809449
1447882809816
1447882810167
1447882810484
1447882810835
1447882811169
1447882811503
1447882811862
1447882812263
1447882812606
1447882812925
1447882813342
1447882813659
1447882814002
1447882814387
1447882814721
1447882815047
1447882815391
1447882815733
1447882816067
1447882816469
1447882816794
1447882817153
1447882817487
1447882817796
1447882818120
1447882818455
1447882818780
1447882819114
1447882819423
1447882819757
1447882820142
1447882820476
1447882820811
1447882821161
1447882821495
1447882821804
1447882822130
1447882822439
1447882822781
1447882823183
1447882823525
1447882823875
1447882824225
1447882824559
1447882824884
1447882825210
1447882825519
1447882825845
1447882826170
1447882826496
1447882826863
1447882827205
1447882827623
1447882827999
1447882828349
1447882828667
1447882828992
1447882829326
1447882829660
1447882829994
1447882830328
1447882830731
1447882831055
1447882831389
1447882831714
1447882832040
1447882832341
1447882832675
1447882832976
1447882833335
1447882833712
1447882834037
1447882834363
1447882834723
1447882835056
1447882835382
1447882835700
1447882836025
1447882836402
1447882836744
1447882837086
1447882837395
1447882837746
1447882838055
1447882838405
1447882838774
1447882839192
1447882839509
1447882839860
1447882840186
1447882840512
1447882840854
1447882841195
1447882841554
1447882841888
1447882842188
1447882842522
1447882842926
1447882843249
1447882843584
1447882843917
1447882844268
1447882844594
1447882844936
1447882845262
1447882845646
1447882846032
1447882846382
1447882846716
1447882847059
1447882847376
1447882847734
1447882848103
1447882848605
1447882848922
1447882849248
1447882849582
1447882849892
1447882850234
1447882850543
1447882850910
1447882851294
1447882851695
1447882851996
1447882852363
1447882852680
1447882853015
1447882853383
1447882853692
1447882854026
1447882854425
1447882854744
1447882855103
1447882855437
1447882855763
1447882856097
1447882856440
1447882856765
1447882857108
1447882857509
1447882857835
1447882858169
1447882858487
1447882858821
1447882859172
1447882859481
1447882859806
1447882860149
1447882860541
1447882860858
1447882861208
1447882861542
1447882861859
1447882862218
1447882862552
1447882862886
1447882863254
1447882863605
1447882864006
1447882864332
1447882864666
1447882864991
1447882865341
1447882865667
1447882866009
1447882866343
1447882866661
1447882866995
1447882867380
1447882867722
1447882868057
1447882868391
1447882868725
1447882869059
1447882869393
1447882869744
1447882870148
1447882870454
1447882870821
1447882871130
1447882871464
1447882871790
1447882872132
1447882872473
1447882872816
1447882873158
1447882873484
1447882873876
1447882874186
1447882874528
1447882874862
1447882875196
1447882875522
1447882875848
1447882876182
1447882876507
1447882876892
1447882877226
1447882877569
1447882877919
1447882878262
1447882878587
1447882878914
1447882879265
1447882879677
1447882880058
1447882880401
1447882880709
1447882881053
1447882881387
1447882881713
1447882882064
1447882882477
1447882882807
1447882883192
1447882883550
1447882883875
1447882884201
1447882884527
1447882884836
1447882885195
1447882885582
1447882885947
1447882886290
1447882886616
1447882886933
1447882887276
1447882887585
1447882887926
1447882888252
1447882888653
1447882888988
1447882889314
1447882889656
1447882889990
1447882890324
1447882890666
1447882890992
1447882891343
1447882891741
1447882892061
1447882892412
1447882892729
1447882893064
1447882893432
1447882893749
1447882894091
1447882894536
1447882894886
1447882895228
1447882895570
1447882895888
1447882896238
1447882896572
1447882896941
1447882897350
1447882897659
1447882898001
1447882898310
1447882898637
1447882898962
1447882899288
1447882899631
1447882900032
1447882900349
1447882900667
1447882901010
1447882901319
1447882901661
1447882901970
1447882902320
1447882902654
1447882903039
1447882903390
1447882903740
1447882904057
1447882904392
1447882904726
1447882905060
1447882905377
1447882906111
1447882906520
1447882906847
1447882907223
1447882907548
1447882907889
1447882908224
1447882908549
1447882908890
1447882909224
1447882909533
1447882909875
1447882910209
1447882910551
1447882910893
1447882911277
1447882911594
1447882911952
1447882912287
1447882912620
1447882913005
1447882913348
1447882913665
1447882913999
1447882914393
1447882914718
1447882915060
1447882915394
1447882915728
1447882916046
1447882916388
1447882916705
1447882917048
1447882917433
1447882917776
1447882918094
1447882918486
1447882918846
1447882919204
1447882919555
1447882919922
1447882920264
1447882920648
1447882920982
1447882921316
1447882921633
1447882921959
1447882922276
1447882922610
1447882922919
1447882923330
1447882923689
1447882924031
1447882924349
1447882924692
1447882925060
1447882925401
1447882925761
1447882926128
1447882926478
1447882926879
1447882927221
1447882927563
1447882927880
1447882928214
1447882928532
1447882928867
1447882929218
1447882929584
1447882929969
1447882930294
1447882930637
1447882930980
1447882931322
1447882931648
1447882931957
1447882932298
1447882932666
1447882933043
1447882933385
1447882933719
1447882934053
1447882934378
1447882934696
1447882935038
1447882935380
1447882935723
1447882936121
1447882936450
1447882936792
1447882937126
1447882937460
1447882937795
1447882938163
1447882938581
1447882938907
1447882939258
1447882939583
1447882939918
1447882940243
1447882940577
1447882940886
1447882941212
1447882941563
1447882941937
1447882942347
1447882942680
1447882943024
1447882943400
1447882943734
1447882944060
1447882944402
1447882944779
1447882945096
1447882945406
1447882945748
1447882946057
1447882946383
1447882946692
1447882947018
1447882947387
1447882947729
1447882948038
1447882948372
1447882948689
1447882949041
1447882949367
1447882949760
1447882950077
1447882950428
1447882950745
1447882951079
1447882951413
1447882951756
1447882952073
1447882952424
1447882952817
1447882953135
1447882953494
1447882953828
1447882954162
1447882954515
1447882954957
1447882955283
1447882955626
1447882955943
1447882956268
1447882956602
1447882956928
1447882957270
1447882957587
1447882957930
1447882958340
1447882958683
1447882959017
1447882959359
1447882959676
1447882960020
1447882960387
1447882960764
1447882961097
1447882961447
1447882961790
1447882962115
1447882962449
1447882962758
1447882963084
1447882963401
1447882963752
1447882964145
1447882964454
1447882964797
1447882965105
1447882965431
1447882965774
1447882966099
1447882966425
1447882966785
1447882967194
1447882967511
1447882967870
1447882968187
1447882968529
1447882968872
1447882969205
1447882969548
1447882969882
1447882970224
1447882970617
1447882970985
1447882971327
1447882971644
1447882971987
1447882972312
1447882972646
1447882972964
1447882973384
1447882973709
1447882974052
1447882974376
1447882974701
1447882975044
1447882975353
1447882975703
1447882976037
1447882976354
1447882976680
1447882977077
1447882977398
1447882977749
1447882978091
1447882978426
1447882978760
1447882979103
1447882979453
1447882979804
1447882980205
1447882980530
1447882980881
1447882981207
1447882981549
1447882981866
1447882982218
1447882982568
1447882982902
1447882983320
1447882983654
1447882983988
1447882984322
1447882984656
1447882984965
1447882985316
1447882985633
1447882985991
1447882986317
1447882986659
1447882987009
1447882987394
1447882987719
1447882988053
1447882988522
1447882988856
1447882989182
1447882989524
1447882989942
1447882990251
1447882990619
1447882990928
1447882991270
1447882991612
1447882991970
1447882992329
1447882992671
1447882992989
1447882993356
1447882993765
1447882994083
1447882994425
1447882994767
1447882995118
1447882995427
1447882995770
1447882996087
1447882996413
1447882996832
1447882997191
1447882997524
1447882997867
1447882998192
1447882998534
1447882998868
1447882999194
1447882999544
1447882999928
1447883000354
1447883000680
1447883001022
1447883001348
1447883001689
1447883002041
1447883002367
1447883002684
1447883003018
1447883003428
1447883003762
1447883004096
1447883004430
1447883004756
1447883005090
1447883005424
1447883005749
1447883006084
1447883006476
1447883006785
1447883007136
1447883007445
1447883007771
1447883008105
1447883008473
1447883008831
1447883009174
1447883009516
1447883009866
1447883010244
1447883010559
1447883010917
1447883011251
1447883011585
1447883011911
1447883012236
1447883012562
1447883012896
1447883013230
1447883013640
1447883013974
1447883014333
1447883014675
1447883015018
1447883015352
1447883015710
1447883016068
1447883016410
1447883016728
1447883017054
1447883017445
1447883017756
1447883018098
1447883018442
1447883018768
1447883019093
1447883019428
1447883019829
1447883020163
1447883020497
1447883020823
1447883021148
1447883021482
1447883021808
1447883022125
1447883022485
1447883022869
1447883023180
1447883023581
1447883023915
1447883024240
1447883024574
1447883024908
1447883025310
1447883025644
1447883025995
1447883026303
1447883026646
1447883026972
1447883027314
1447883027648
1447883027999
1447883028399
1447883028726
1447883029060
1447883029377
1447883029695
1447883030079
1447883030396
1447883030714
1447883031073
1447883031440
1447883031758
1447883032108
1447883032474
1447883032809
1447883033134
1447883033485
1447883033810
1447883034177
1447883034518
1447883034845
1447883035204
1447883035614
1447883035956
1447883036298
1447883036607
1447883036942
1447883037267
1447883037601
1447883037910
1447883038253
1447883038629
1447883038971
1447883039305
1447883039614
1447883039957
1447883040291
1447883040616
1447883040960
1447883041378
1447883041703
1447883042021
1447883042356
1447883042665
1447883043007
1447883043316
1447883043666
1447883044025
1447883044426
1447883044735
1447883045094
1447883045403
1447883045737
1447883046064
1447883046390
1447883046731
1447883047107
1447883047492
1447883047809
1447883048135
1447883048529
1447883048854
1447883049164
1447883049489
1447883049866
1447883050200
1447883050550
1447883050859
1447883051193
1447883051502
1447883051852
1447883052178
1447883052512
1447883052863
1447883053257
1447883053591
1447883053900
1447883054225
1447883054534
1447883054893
1447883055227
1447883055544
1447883055886
1447883056653
1447883056972
1447883057314
1447883057648
1447883057982
1447883058308
1447883058650
1447883058976
1447883059310
1447883059703
1447883060087
1447883060429
1447883060730
1447883061064
1447883061373
1447883061708
1447883062024
1447883062350
1447883062720
1447883063036
1447883063379
1447883063747
1447883064088
1447883064438
1447883064764
1447883065098
1447883065439
1447883065774
1447883066116
1447883066466
1447883066859
1447883067192
1447883067526
1447883067843
1447883068177
1447883068495
1447883068838
1447883069205
1447883069548
1447883069949
1447883070274
1447883070616
1447883070925
1447883071251
1447883071560
1447883071886
1447883072203
1447883072529
1447883072914
1447883073256
1447883073590
1447883073932
1447883074275
1447883074601
1447883074944
1447883075311
1447883075653
1447883076054
1447883076371
1447883076746
1447883077072
1447883077422
1447883077748
1447883078082
1447883078409
1447883078776
1447883079145
1447883079488
1447883079815
1447883080182
1447883080500
1447883080834
1447883081211
1447883081562
1447883081871
1447883082221
1447883082530
1447883082880
1447883083215
1447883083574
1447883083975
1447883084310
1447883084652
1447883084969
1447883085312
1447883085646
1447883085980
1447883086305
1447883086639
1447883087027
1447883087375
1447883087733
1447883088075
1447883088409
1447883088742
1447883089110
1447883089452
1447883089802
1447883090143
1447883090478
1447883090812
1447883091153
1447883091487
1447883091829
1447883092188
1447883092572
1447883092889
1447883093231
1447883093574
1447883093899
1447883094225
1447883094568
1447883094885
1447883095227
1447883095613
1447883095964
1447883096272
1447883096632
1447883096949
1447883097283
1447883097601
1447883097977
1447883098378
1447883099054
1447883099372
1447883099714
1447883100107
1447883100424
1447883100766
1447883101125
1447883101543
1447883101860
1447883102236
1447883102570
1447883102912
1447883103271
1447883103681
1447883104032
1447883104459
1447883104800
1447883105160
1447883105493
1447883105861
1447883106187
1447883106546
1447883106871
