1447884263787
1447884265252
1447884265661
1447884266014
1447884266348
1447884266665
1447884267008
1447884267350
1447884267700
1447884268043
1447884268443
1447884268761
1447884269120
1447884269437
1447884269780
1447884270122
1447884270464
1447884270782
1447884271124
1447884271525
1447884271843
1447884272194
1447884272520
1447884272829
1447884273163
1447884273472
1447884273822
1447884274156
1447884274498
1447884274848
1447884275250
1447884275643
1447884275977
1447884276319
1447884276669
1447884277019
1447884277361
1447884277670
1447884277996
1447884278395
1447884278731
1447884279065
1447884279424
1447884279758
1447884280067
1447884280393
1447884280702
1447884281078
1447884281513
1447884281847
1447884282197
1447884282523
1447884282865
1447884283183
1447884283526
1447884283876
1447884284226
1447884284585
1447884284935
1447884285285
1447884285662
1447884286011
1447884286386
1447884286712
1447884287054
1447884287380
1447884287706
1447884288032
1447884288349
1447884288691
1447884289093
1447884289402
1447884289761
1447884290078
1447884290421
1447884290763
1447884291129
1447884291479
1447884291830
1447884292147
1447884292481
1447884292899
1447884293233
1447884293576
1447884293918
1447884294260
1447884294578
1447884294912
1447884295229
1447884295639
1447884296040
1447884296365
1447884296716
1447884297058
1447884297392
1447884297701
1447884298035
1447884298336
1447884298662
1447884299047
1447884299406
1447884299732
1447884300100
1447884300462
1447884300962
1447884301313
1447884301655
1447884301964
1447884302291
1447884302617
1447884302926
1447884303277
1447884303694
1447884304012
1447884304379
1447884304705
1447884305039
1447884305374
1447884305724
1447884306067
1447884306452
1447884306795
1447884307122
1447884307480
1447884307847
1447884308197
1447884308548
1447884308873
1447884309231
1447884309557
1447884309899
1447884310249
1447884310634
1447884310984
1447884311342
1447884311684
1447884311993
1447884312343
1447884312678
1447884313036
1447884313378
1447884313703
1447884314030
1447884314372
1447884314765
1447884315107
1447884315457
1447884315783
1447884316116
1447884316434
1447884316760
1447884317069
1447884317395
1447884317822
1447884318157
1447884318482
1447884318800
1447884319125
1447884319451
1447884319769
1447884320179
1447884320505
1447884320863
1447884321221
1447884321579
1447884321914
1447884322247
1447884322573
1447884322882
1447884323208
1447884323517
1447884323859
1447884324233
1447884324553
1447884324879
1447884325187
1447884325523
1447884325865
1447884326190
1447884326508
1447884326876
1447884327185
1447884327519
1447884327845
1447884328179
1447884328496
1447884328822
1447884329156
1447884329490
1447884329875
1447884330184
1447884330542
1447884330893
1447884331244
1447884331561
1447884331895
1447884332204
1447884332546
1447884332880
1447884333248
1447884333574
1447884333900
1447884334225
1447884334551
1447884334868
1447884335202
1447884335496
1447884335919
1447884336231
1447884336565
1447884336899
1447884337241
1447884337550
1447884337884
1447884338202
1447884338536
1447884338934
1447884339263
1447884339605
1447884339956
1447884340307
1447884340692
1447884341035
1447884341410
1447884341768
1447884342170
1447884342512
1447884342862
1447884343196
1447884343530
1447884343839
1447884344182
1447884344491
1447884344816
1447884345235
1447884345585
1447884345936
1447884346253
1447884346620
1447884346937
1447884347296
1447884347638
1447884347964
1447884348315
1447884348711
1447884349025
1447884349360
1447884349693
1447884350027
1447884350370
1447884350704
1447884351029
1447884351372
1447884351739
1447884352089
1447884352490
1447884352824
1447884353174
1447884353483
1447884353818
1447884354151
1447884354486
1447884354803
1447884355137
1447884355547
1447884355864
1447884356230
1447884356573
1447884356915
1447884357249
1447884357567
1447884357901
1447884358210
1447884358544
1447884358928
1447884359237
1447884359588
1447884359914
1447884360265
1447884360599
1447884360925
1447884361283
1447884361643
1447884362069
1447884362386
1447884362745
1447884363062
1447884363404
1447884363730
1447884364064
1447884364398
1447884364723
1447884365049
1447884365460
1447884365811
1447884366136
1447884366462
1447884366796
1447884367122
1447884367439
1447884367781
1447884368174
1447884368500
1447884368851
1447884369185
1447884369519
1447884369836
1447884370162
1447884370496
1447884370923
1447884371249
1447884371583
1447884371909
1447884372243
1447884372560
1447884372894
1447884373236
1447884373570
1447884373972
1447884374314
1447884374657
1447884374982
1447884375332
1447884375767
1447884376118
1447884376435
1447884376786
1447884377185
1447884377513
1447884377847
1447884378189
1447884378531
1447884378849
1447884379191
1447884379525
1447884379859
1447884380261
1447884380611
1447884380979
1447884381313
1447884381647
1447884381956
1447884382290
1447884382615
1447884382941
1447884383327
1447884383661
1447884384011
1447884384337
1447884384655
1447884385004
1447884385330
1447884385697
1447884386047
1447884386390
1447884386732
1447884387073
1447884387466
1447884387800
1447884388134
1447884388451
1447884388811
1447884389169
1447884389504
1447884389845
1447884390195
1447884390555
1447884390948
1447884391265
1447884391607
1447884391933
1447884392259
1447884392601
1447884392927
1447884393252
1447884393595
1447884393988
1447884394289
1447884394607
1447884394963
1447884395297
1447884395699
1447884396033
1447884396374
1447884396735
1447884397102
1447884397452
1447884397837
1447884398162
1447884398496
1447884398822
1447884399147
1447884399473
1447884399799
1447884400124
1447884400467
1447884400873
1447884401202
1447884401536
1447884401871
1447884402238
1447884402572
1447884402906
1447884403223
1447884403557
1447884403951
1447884404284
1447884404627
1447884404952
1447884405286
1447884405612
1447884405947
1447884406280
1447884406606
1447884407007
1447884407333
1447884407667
1447884407984
1447884408317
1447884408642
1447884409002
1447884409352
1447884409710
1447884410036
1447884410353
1447884410695
1447884411029
1447884411388
1447884411737
1447884412130
1447884412447
1447884412806
1447884413165
1447884413465
1447884413815
1447884414166
1447884414517
1447884414826
1447884415160
1447884415613
1447884415947
1447884416280
1447884416623
1447884416932
1447884417274
1447884417583
1447884417917
1447884418311
1447884418645
1447884418987
1447884419329
1447884419662
1447884420004
1447884420338
1447884420714
1447884421063
1447884421407
1447884421758
1447884422184
1447884422526
1447884422877
1447884423194
1447884423537
1447884423871
1447884424205
1447884424530
1447884424881
1447884425231
1447884425641
1447884425984
1447884426309
1447884426643
1447884426969
1447884427295
1447884427639
1447884428039
1447884428357
1447884428699
1447884429017
1447884429342
1447884429676
1447884430036
1447884430378
1447884430829
1447884431156
1447884431514
1447884431856
1447884432173
1447884432523
1447884432875
1447884433217
1447884433535
1447884433869
1447884434262
1447884434571
1447884434905
1447884435231
1447884435589
1447884435932
1447884436258
1447884436583
1447884436926
1447884437319
1447884437636
1447884437962
1447884438271
1447884438597
1447884438922
1447884439256
1447884439565
1447884439916
1447884440301
1447884440653
1447884440988
1447884441321
1447884441664
1447884441981
1447884442332
1447884442682
1447884443074
1447884443400
1447884443758
1447884444101
1447884444435
1447884444777
1447884445103
1447884445445
1447884445813
1447884446172
1447884446559
1447884446874
1447884447216
1447884447533
1447884447859
1447884448201
1447884448527
1447884448845
1447884449554
1447884449963
1447884450289
1447884450640
1447884451016
1447884451342
1447884451676
1447884452001
1447884452336
1447884452729
1447884453063
1447884453413
1447884453747
1447884454090
1447884454424
1447884454782
1447884455424
1447884455841
1447884456159
1447884456501
1447884456842
1447884457243
1447884457569
1447884457919
1447884458253
1447884458570
1447884458920
1447884459262
1447884459580
1447884459938
1447884460274
1447884460657
1447884461007
1447884461384
1447884461725
1447884462060
1447884462385
1447884462711
1447884463020
1447884463346
1447884463655
1447884463989
1447884464367
1447884464682
1447884465017
1447884465359
1447884465685
1447884466044
1447884466378
1447884466695
1447884467045
1447884467379
1447884467729
1447884468079
1447884468472
1447884468806
1447884469148
1447884469465
1447884469823
1447884470173
1447884470524
1447884470866
1447884471200
1447884471534
1447884471885
1447884472244
1447884472679
1447884473037
1447884473388
1447884473722
1447884474072
1447884474398
1447884474758
1447884475100
1447884475442
1447884475869
1447884476220
1447884476545
1447884476888
1447884477230
1447884477588
1447884477939
1447884478281
1447884478631
1447884478974
1447884479333
1447884479691
1447884480101
1447884480435
1447884480802
1447884481153
1447884481478
1447884481812
1447884482130
1447884482464
1447884482865
1447884483183
1447884483533
1447884483843
1447884484193
1447884484519
1447884484877
1447884485203
1447884485529
1447884485981
1447884486323
1447884486665
1447884486983
1447884487334
1447884487667
1447884488001
1447884488319
1447884488644
1447884488987
1447884489371
1447884489688
1447884490031
1447884490364
1447884490716
1447884491125
1447884491442
1447884491768
1447884492144
1447884492495
1447884492821
1447884493180
1447884493506
1447884493815
1447884494140
1447884494458
1447884494809
1447884495179
1447884495511
1447884495861
1447884496178
1447884496505
1447884496830
1447884497164
1447884497473
1447884497815
1447884498192
1447884498526
1447884498860
1447884499177
1447884499504
1447884499838
1447884500155
1447884500489
1447884500901
1447884501225
1447884501567
1447884501884
1447884502234
1447884502560
1447884502869
1447884503210
1447884503537
1447884503870
1447884504212
1447884504554
1447884504905
1447884505246
1447884505631
1447884505998
1447884506347
1447884506698
1447884507008
1447884507358
1447884507692
1447884508042
1447884508375
1447884508717
1447884509085
1447884509419
1447884509820
1447884510146
1447884510480
1447884510839
1447884511181
1447884511490
1447884511824
1447884512150
1447884512500
1447884512842
1447884513193
1447884513559
1447884513960
1447884514286
1447884514636
1447884515003
1447884515329
1447884515640
1447884516113
1447884516443
1447884516769
1447884517094
1447884517412
1447884517721
1447884518063
1447884518380
1447884518715
1447884519107
1447884519425
1447884519775
1447884520117
1447884520443
1447884520778
1447884521121
1447884521447
1447884521840
1447884522190
1447884522549
1447884522907
1447884523241
1447884523566
1447884523892
1447884524218
1447884524544
1447884524869
1447884525237
1447884525680
1447884526082
1447884526423
1447884526766
1447884527075
1447884527418
1447884527751
1447884528077
1447884528462
1447884528779
1447884529113
1447884529447
1447884529773
1447884530082
1447884530425
1447884530758
1447884531076
1447884531452
1447884531761
1447884532111
1447884532437
1447884532771
1447884533096
1447884533414
1447884533748
1447884534065
1447884534408
1447884534809
1447884535160
1447884535494
1447884535869
1447884536212
1447884536546
1447884536896
1447884537237
1447884537581
1447884537940
1447884538341
1447884538666
1447884539017
1447884539334
1447884539669
1447884540005
1447884540353
1447884540662
1447884541005
1447884541414
1447884541748
1447884542099
1447884542425
1447884542750
1447884543084
1447884543426
1447884543753
1447884544112
1447884544496
1447884544855
1447884545181
1447884545523
1447884545875
1447884546216
1447884546558
1447884546910
1447884547277
1447884547678
1447884547996
1447884548338
1447884548647
1447884548999
1447884549324
1447884549633
1447884550001
1447884550419
1447884550753
1447884551095
1447884551404
1447884551738
1447884552064
1447884552390
1447884552707
1447884553033
1447884553417
1447884553743
1447884554077
1447884554403
1447884554728
1447884555054
1447884555380
1447884555738
1447884556072
1447884556406
1447884556765
1447884557158
1447884557491
1447884557834
1447884558151
1447884558477
1447884558786
1447884559104
1447884559437
1447884559771
1447884560148
1447884560473
1447884560841
1447884561175
1447884561509
1447884561826
1447884562169
1447884562478
1447884562812
1447884563190
1447884563505
1447884563848
1447884564173
1447884564507
1447884564817
1447884565151
1447884565476
1447884565827
1447884566279
1447884566612
1447884566946
1447884567305
1447884567639
1447884567965
1447884568299
1447884568608
1447884568958
1447884569301
1447884569693
1447884570003
1447884570337
1447884570662
1447884571022
1447884571364
1447884571689
1447884571998
1447884572341
1447884572734
1447884573043
1447884573377
1447884573703
1447884574037
1447884574354
1447884574680
1447884575014
1447884575348
1447884575800
1447884576133
1447884576467
1447884576793
1447884577119
1447884577453
1447884577802
1447884578161
1447884578486
1447884578804
1447884579178
1447884579504
1447884579855
1447884580196
1447884580589
1447884580949
1447884581275
1447884581601
1447884581927
1447884582244
1447884582586
1447884582953
1447884583303
1447884583704
1447884584038
1447884584380
1447884584698
1447884585032
1447884585341
1447884585683
1447884586042
1447884586376
1447884586777
1447884587103
1447884587437
1447884587796
1447884588139
1447884588465
1447884588824
1447884589182
1447884589532
1447884589867
1447884590225
1447884590575
1447884590951
1447884591276
1447884591602
1447884591928
1447884592254
1447884592571
1447884592922
1447884593231
1447884593573
1447884593959
1447884594275
1447884594618
1447884594951
1447884595286
1447884595611
1447884595954
1447884596313
1447884596655
1447884597065
1447884597407
1447884597750
1447884598083
1447884598417
1447884598735
1447884599078
1447884599420
1447884599762
1447884600168
1447884600497
1447884600873
1447884601232
1447884601565
1447884601898
1447884602224
1447884602566
1447884602925
1447884603267
1447884603593
1447884603959
1447884604318
1447884604685
1447884605060
1447884605461
1447884605780
1447884606205
1447884606573
1447884606898
1447884607274
1447884607591
1447884607942
1447884608376
1447884608710
1447884609053
