1447878920236
1447878922324
1447878922742
1447878923084
1447878923410
1447878923753
1447878924095
1447878924437
1447878924755
1447878925114
1447878925507
1447878925858
1447878926184
1447878926510
1447878926860
1447878927186
1447878927503
1447878927846
1447878928230
1447878928548
1447878928858
1447878929192
1447878929501
1447878929843
1447878930161
1447878930503
1447878930889
1447878931214
1447878931592
1447878931950
1447878932292
1447878932643
1447878932994
1447878933336
1447878933686
1447878934105
1447878934447
1447878934773
1447878935115
1447878935441
1447878935775
1447878936117
1447878936531
1447878936853
1447878937187
1447878937504
1447878937838
1447878938172
1447878938506
1447878938832
1447878939208
1447878939617
1447878939985
1447878940319
1447878940644
1447878940986
1447878941320
1447878941762
1447878942105
1447878942430
1447878942781
1447878943174
1447878943525
1447878943867
1447878944184
1447878944527
1447878944853
1447878945187
1447878945529
1447878945905
1447878946288
1447878946723
1447878947066
1447878947400
1447878947734
1447878948051
1447878948377
1447878948703
1447878949054
1447878949431
1447878949755
1447878950090
1447878950398
1447878950733
1447878951067
1447878951409
1447878951743
1447878952094
1447878952453
1447878952845
1447878953179
1447878953513
1447878953839
1447878954173
1447878954490
1447878954841
1447878955183
1447878955526
1447878955925
1447878956261
1447878956595
1447878956929
1447878957279
1447878957629
1447878957972
1447878958305
1447878958631
1447878958973
1447878959307
1447878959721
1447878960076
1447878960402
1447878960702
1447878961046
1447878961387
1447878961722
1447878962065
1447878962466
1447878962792
1447878963142
1447878963468
1447878963810
1447878964169
1447878964503
1447878964863
1447878965295
1447878965624
1447878965958
1447878966300
1447878966642
1447878966968
1447878967311
1447878967645
1447878967979
1447878968374
1447878968697
1447878969039
1447878969373
1447878969707
1447878970033
1447878970367
1447878970692
1447878971010
1447878971361
1447878971703
1447878972052
1447878972445
1447878972788
1447878973147
1447878973497
1447878973831
1447878974182
1447878974533
1447878974858
1447878975217
1447878975627
1447878975978
1447878976328
1447878976755
1447878977081
1447878977423
1447878977757
1447878978116
1447878978517
1447878978868
1447878979202
1447878979536
1447878979879
1447878980238
1447878980572
1447878980922
1447878981265
1447878981658
1447878982001
1447878982318
1447878982653
1447878983003
1447878983346
1447878983679
1447878984056
1447878984455
1447878984790
1447878985133
1447878985475
1447878985818
1447878986160
1447878986511
1447878986836
1447878987187
1447878987586
1447878987914
1447878988232
1447878988583
1447878988901
1447878989285
1447878989652
1447878989994
1447878990388
1447878990722
1447878991048
1447878991375
1447878991743
1447878992119
1447878992520
1447878992854
1447878993204
1447878993530
1447878993872
1447878994206
1447878994556
1447878994874
1447878995208
1447878995559
1447878995960
1447878996286
1447878996630
1447878996989
1447878997323
1447878997673
1447878998007
1447878998350
1447878998734
1447878999068
1447878999385
1447878999702
1447879000036
1447879000354
1447879000705
1447879001030
1447879001373
1447879001766
1447879002150
1447879002500
1447879002834
1447879003168
1447879003503
1447879003853
1447879004179
1447879004545
1447879004888
1447879005255
1447879005596
1447879006006
1447879006340
1447879006724
1447879007041
1447879007407
1447879007758
1447879008100
1447879008460
1447879008777
1447879009136
1447879009487
1447879009845
1447879010255
1447879010580
1447879010914
1447879011257
1447879011584
1447879011984
1447879012318
1447879012719
1447879013045
1447879013388
1447879013705
1447879014073
1447879014399
1447879014724
1447879015067
1447879015469
1447879015802
1447879016128
1447879016462
1447879016805
1447879017163
1447879017506
1447879017840
1447879018182
1447879018577
1447879018884
1447879019202
1447879019544
1447879019895
1447879020229
1447879020595
1447879020945
1447879021317
1447879021643
1447879022019
1447879022361
1447879022733
1447879023099
1447879023482
1447879023832
1447879024224
1447879024582
1447879024941
1447879025298
1447879025665
1447879026024
1447879026374
1447879026723
1447879027091
1447879027441
1447879027807
1447879028166
1447879028514
1447879028880
1447879029256
1447879029596
1447879029980
1447879030363
1447879030738
1447879031079
1447879031447
1447879031787
1447879032129
1447879032479
1447879032847
1447879033223
1447879033590
1447879033948
1447879034314
1447879034695
1447879035046
1447879035413
1447879035764
1447879036123
1447879036465
1447879036870
1447879037226
1447879037601
1447879037969
1447879038311
1447879038669
1447879039044
1447879039402
1447879039761
1447879040112
1447879040458
1447879040825
1447879041191
1447879041575
1447879041908
1447879042276
1447879042616
1447879042976
1447879043332
1447879043699
1447879044050
1447879044417
1447879044783
1447879045133
1447879045509
1447879045843
1447879046193
1447879046536
1447879046970
1447879047382
1447879047772
1447879048123
1447879048448
1447879048816
1447879049141
1447879049491
1447879049867
1447879050242
1447879050576
1447879050934
1447879051292
1447879051684
1447879052076
1447879052427
1447879052785
1447879053190
1447879053536
1447879053921
1447879054313
1447879054656
1447879055039
1447879055398
1447879055740
1447879056098
1447879056458
1447879056825
1447879057193
1447879057561
1447879057901
1447879058268
1447879058619
1447879058978
1447879059320
1447879059688
1447879060080
1447879060431
1447879060816
1447879061175
1447879061524
1447879061909
1447879062266
1447879062625
1447879062982
1447879063333
1447879063675
1447879064040
1447879064407
1447879064790
1447879065141
1447879065489
1447879065832
1447879066182
1447879066522
1447879066900
1447879067265
1447879067624
1447879067988
1447879068347
1447879068681
1447879069038
1447879069381
1447879069748
1447879070107
1447879070462
1447879070820
1447879071187
1447879071530
1447879071880
1447879072246
1447879072614
1447879072961
1447879073320
1447879073679
1447879074044
1447879074394
1447879074753
1447879075094
1447879075453
1447879075810
1447879076161
1447879076510
1447879076869
1447879077269
1447879077628
1447879077971
1447879078330
1447879078664
1447879079040
1447879079449
1447879079775
1447879080134
1447879080510
1447879080866
1447879081218
1447879081591
1447879082027
1447879082402
1447879082787
1447879083162
1447879083598
1447879083940
1447879084306
1447879084657
1447879085024
1447879085381
1447879085748
1447879086099
1447879086466
1447879086842
1447879087201
1447879087552
1447879087945
1447879088359
1447879088688
1447879089039
1447879089397
1447879089762
1447879090147
1447879090497
1447879090856
1447879091207
1447879091582
1447879091948
1447879092315
1447879092649
1447879092992
1447879093407
1447879093736
1447879094128
1447879094495
1447879094853
1447879095212
1447879095579
1447879095930
1447879096289
1447879096632
1447879097007
1447879097391
1447879097717
1447879098067
1447879098425
1447879098784
1447879099110
1447879099468
1447879099820
1447879100186
1447879100536
1447879100886
1447879101236
1447879101586
1447879101928
1447879102262
1447879102613
1447879103027
1447879103373
1447879103715
1447879104074
1447879104424
1447879104781
1447879105148
1447879105499
1447879105857
1447879106233
1447879106567
1447879106932
1447879107288
1447879107647
1447879107981
1447879108349
1447879108691
1447879109059
1447879109417
1447879109802
1447879110169
1447879110569
1447879110878
1447879111220
1447879111604
1447879111972
1447879112306
1447879112664
1447879113014
1447879113372
1447879113715
1447879114082
1447879114432
1447879114783
1447879115133
1447879115491
1447879115884
1447879116226
1447879116595
1447879117012
1447879117362
1447879117712
1447879118070
1447879118454
1447879118808
1447879119168
1447879119526
1447879119877
1447879120241
1447879120600
1447879120942
1447879121310
1447879121665
1447879122033
1447879122392
1447879122742
1447879123100
1447879123468
1447879123806
1447879124148
1447879124507
1447879124849
1447879125207
1447879125566
1447879125917
1447879126276
1447879126627
1447879127080
1447879127430
1447879127797
1447879128139
1447879128497
1447879128865
1447879129221
1447879129571
1447879129947
1447879130306
1447879130664
1447879131046
1447879131370
1447879131729
1447879132086
1447879132445
1447879132786
1447879133162
1447879133504
1447879133862
1447879134221
1447879134568
1447879134911
1447879135578
1447879135936
1447879136294
1447879136662
1447879137029
1447879137384
1447879137734
1447879138134
1447879138475
1447879138843
1447879139191
1447879139542
1447879139908
1447879140250
1447879140599
1447879140958
1447879141290
1447879141624
1447879142025
1447879142375
1447879142733
1447879143084
1447879143439
1447879143798
1447879144149
1447879144550
1447879144906
1447879145255
1447879145631
1447879145980
1447879146323
1447879146680
1447879147021
1447879147372
1447879147723
1447879148081
1447879148440
1447879148770
1447879149120
1447879149480
1447879149838
1447879150205
1447879150570
1447879150945
1447879151312
1447879151688
1447879152077
1447879152411
1447879152770
1447879153129
1447879153479
1447879153855
1447879154210
1447879154568
1447879154936
1447879155301
1447879155676
1447879156052
1447879156411
1447879156776
1447879157144
1447879157528
1447879157870
1447879158241
1447879158591
1447879158958
1447879159301
1447879159660
1447879160002
1447879160750
1447879161124
1447879161498
1447879161841
1447879162201
1447879162543
1447879162927
1447879163261
1447879163645
1447879164031
1447879164372
1447879164731
1447879165123
1447879165448
1447879165807
1447879166184
1447879166518
1447879166886
1447879167271
1447879167646
1447879167987
1447879168339
1447879168687
1447879169063
1447879169412
1447879169788
1447879170145
1447879170529
1447879170869
1447879171228
1447879171604
1447879172004
1447879172360
1447879172710
1447879173061
1447879173412
1447879173769
1447879174120
1447879174470
1447879174821
1447879175159
1447879175492
1447879175843
1447879176194
1447879176534
1447879176894
1447879177270
1447879177645
1447879178000
1447879178349
1447879178716
1447879179091
1447879179442
1447879179784
1447879180143
1447879180494
1447879180869
1447879181244
1447879181587
1447879181953
1447879182311
1447879182687
1447879183098
1447879183457
1447879183791
1447879184157
1447879184516
1447879184858
1447879185216
1447879185576
1447879185910
1447879186252
1447879186613
1447879187071
1447879187430
1447879187779
1447879188145
1447879188503
1447879188855
1447879189248
1447879189581
1447879189940
1447879190275
1447879190641
1447879190992
1447879191393
1447879191702
1447879192053
1447879192387
1447879192753
1447879193111
1447879193461
1447879193811
1447879194179
1447879194513
1447879194905
1447879195260
1447879195602
1447879195960
1447879196328
1447879196670
1447879197037
1447879197412
1447879197771
1447879198138
1447879198517
1447879198867
1447879199225
1447879199585
1447879199936
1447879200344
1447879200687
1447879201046
1447879201430
1447879201756
1447879202132
1447879202464
1447879202797
1447879203165
1447879203516
1447879203875
1447879204217
1447879204575
1447879204934
1447879205276
1447879205627
1447879206012
1447879206321
1447879206654
1447879207022
1447879207379
1447879207729
1447879208079
1447879208422
1447879208780
1447879209147
1447879209498
1447879209856
1447879210231
1447879210598
1447879210932
1447879211291
1447879211633
1447879212000
1447879212361
1447879212703
1447879213104
1447879213446
1447879213804
1447879214179
1447879214538
1447879214881
1447879215231
1447879215617
1447879215933
1447879216317
1447879216668
1447879217036
1447879217403
1447879217745
1447879218087
1447879218446
1447879218821
1447879219205
1447879219563
1447879219949
1447879220290
1447879220649
1447879220990
1447879221364
1447879221731
1447879222124
1447879222466
1447879222809
1447879223183
1447879223542
1447879223925
1447879224292
1447879224626
1447879224977
1447879225360
1447879225696
1447879226046
1447879226422
1447879226747
1447879227105
1447879227464
1447879227807
1447879228165
1447879228524
1447879228867
1447879229250
1447879229619
1447879229969
1447879230336
1447879230719
1447879231069
1447879231427
1447879231803
1447879232187
1447879232513
1447879232888
1447879233238
1447879233588
1447879233947
1447879234315
1447879234725
1447879235042
1447879235383
1447879235751
1447879236110
1447879236485
1447879236860
1447879237236
1447879237586
1447879237944
1447879238319
1447879238677
1447879239044
1447879239428
1447879239762
1447879240129
1447879240514
1447879240831
1447879241181
1447879241524
1447879241874
1447879242224
1447879242582
1447879242940
1447879243291
1447879243674
1447879244024
1447879244375
1447879244725
1447879245068
1447879245418
1447879245804
1447879246171
1447879246520
1447879246888
1447879247253
1447879247603
1447879247971
1447879248311
1447879248679
1447879249053
1447879249420
1447879249769
1447879250145
1447879250485
1447879250860
1447879251218
1447879251577
1447879251968
1447879252335
1447879252686
1447879253036
1447879253386
1447879253744
1447879254094
1447879254461
1447879254795
1447879255153
1447879255508
1447879255850
1447879256233
1447879256599
1447879256976
1447879257352
1447879257716
1447879258057
1447879258432
1447879258790
1447879259158
1447879259506
1447879259874
1447879260224
1447879260591
1447879260967
1447879261309
1447879261667
1447879262061
1447879262495
1447879262896
1447879263288
1447879263656
1447879263996
1447879264364
1447879264713
1447879265096
1447879265446
1447879265795
1447879266129
1447879266488
1447879266837
1447879267229
1447879267631
1447879267965
1447879268323
1447879268690
1447879269024
1447879269391
1447879269758
1447879270150
1447879270534
1447879270877
1447879271260
1447879271601
1447879271969
1447879272328
1447879272678
1447879273062
1447879273417
1447879273759
1447879274119
1447879274467
1447879274843
1447879275200
1447879275575
1447879275941
1447879276309
1447879276666
1447879277025
1447879277424
1447879277790
1447879278149
1447879278507
1447879278857
1447879279198
