1447885771766
1447885773194
1447885773587
1447885773921
1447885774254
1447885774572
1447885774915
1447885775266
1447885775616
1447885775967
1447885776352
1447885776719
1447885777078
1447885777395
1447885777739
1447885778124
1447885778500
1447885778886
1447885779201
1447885779544
1447885779861
1447885780195
1447885780521
1447885780865
1447885781275
1447885781600
1447885781950
1447885782309
1447885782626
1447885782993
1447885783327
1447885783661
1447885783987
1447885784312
1447885784646
1447885785005
1447885785398
1447885785723
1447885786066
1447885786383
1447885786733
1447885787067
1447885787409
1447885787735
1447885788052
1447885788387
1447885788771
1447885789088
1447885789431
1447885789765
1447885790099
1447885790450
1447885790775
1447885791101
1447885791460
1447885791827
1447885792177
1447885792578
1447885793023
1447885793348
1447885793700
1447885794050
1447885794399
1447885794750
1447885795160
1447885795477
1447885795836
1447885796179
1447885796504
1447885796847
1447885797173
1447885797490
1447885797841
1447885798247
1447885798568
1447885798894
1447885799228
1447885799537
1447885799880
1447885800197
1447885800523
1447885800933
1447885801267
1447885801585
1447885801894
1447885802229
1447885802538
1447885802963
1447885803330
1447885803680
1447885804057
1447885804408
1447885804725
1447885805060
1447885805386
1447885805703
1447885806046
1447885806447
1447885806764
1447885807090
1447885807425
1447885807751
1447885808127
1447885808486
1447885808887
1447885809238
1447885809597
1447885809914
1447885810233
1447885810575
1447885810884
1447885811226
1447885811644
1447885811970
1447885812329
1447885812655
1447885812989
1447885813331
1447885813665
1447885813991
1447885814452
1447885814777
1447885815128
1447885815462
1447885815820
1447885816178
1447885816505
1447885816854
1447885817204
1447885817555
1447885817864
1447885818214
1447885818573
1447885818940
1447885819290
1447885819678
1447885820050
1447885820408
1447885820734
1447885821051
1447885821401
1447885821743
1447885822061
1447885822395
1447885822746
1447885823105
1447885823446
1447885823839
1447885824173
1447885824515
1447885824867
1447885825176
1447885825493
1447885825946
1447885826255
1447885826581
1447885826915
1447885827241
1447885827566
1447885827909
1447885828260
1447885828585
1447885828927
1447885829277
1447885829619
1447885829995
1447885830320
1447885830663
1447885830980
1447885831314
1447885831631
1447885831974
1447885832299
1447885832625
1447885833086
1447885833411
1447885833721
1447885834047
1447885834380
1447885834706
1447885835015
1447885835349
1447885835742
1447885836084
1447885836419
1447885836786
1447885837120
1447885837429
1447885837764
1447885838131
1447885838473
1447885838883
1447885839226
1447885839560
1447885839910
1447885840236
1447885840602
1447885840969
1447885841312
1447885841654
1447885841996
1447885842399
1447885842723
1447885843057
1447885843383
1447885843708
1447885844026
1447885844377
1447885844702
1447885845045
1447885845430
1447885845781
1447885846106
1447885846441
1447885846783
1447885847117
1447885847426
1447885847768
1447885848153
1447885848487
1447885848821
1447885849138
1447885849464
1447885849782
1447885850123
1447885850449
1447885850783
1447885851117
1447885851519
1447885851844
1447885852186
1447885852495
1447885852829
1447885853138
1447885853473
1447885853782
1447885854124
1447885854534
1447885854868
1447885855210
1447885855552
1447885855903
1447885856220
1447885856571
1447885856880
1447885857222
1447885857616
1447885857950
1447885858284
1447885858601
1447885858935
1447885859244
1447885859579
1447885859920
1447885860287
1447885860638
1447885861040
1447885861373
1447885861716
1447885862033
1447885862367
1447885862693
1447885863102
1447885863436
1447885863813
1447885864114
1447885864472
1447885864806
1447885865140
1447885865466
1447885865775
1447885866100
1447885866418
1447885866744
1447885867128
1447885867504
1447885867839
1447885868215
1447885868566
1447885868917
1447885869250
1447885869601
1447885870002
1447885870336
1447885870687
1447885871037
1447885871395
1447885871745
1447885872055
1447885872388
1447885872706
1447885873074
1447885873450
1447885873768
1447885874094
1447885874436
1447885874778
1447885875104
1447885875438
1447885875755
1447885876098
1447885876482
1447885876800
1447885877134
1447885877476
1447885877810
1447885878127
1447885878453
1447885878770
1447885879130
1447885879529
1447885879848
1447885880191
1447885880533
1447885880875
1447885881226
1447885881560
1447885881877
1447885882229
1447885882646
1447885882955
1447885883289
1447885883598
1447885883948
1447885884291
1447885884616
1447885884942
1447885885251
1447885885577
1447885885967
1447885886304
1447885886638
1447885886963
1447885887298
1447885887623
1447885887957
1447885888291
1447885888617
1447885889018
1447885889336
1447885890070
1447885890387
1447885890730
1447885891055
1447885891397
1447885891749
1447885892154
1447885892476
1447885892836
1447885893219
1447885893562
1447885893904
1447885894246
1447885894564
1447885894931
1447885895349
1447885895658
1447885895977
1447885896327
1447885896686
1447885897029
1447885897372
1447885897764
1447885898142
1447885898493
1447885898818
1447885899169
1447885899495
1447885899846
1447885900231
1447885900556
1447885900898
1447885901232
1447885901575
1447885901910
1447885902270
1447885902671
1447885903038
1447885903381
1447885903748
1447885904074
1447885904424
1447885904750
1447885905075
1447885905418
1447885905819
1447885906128
1447885906471
1447885906796
1447885907122
1447885907456
1447885907790
1447885908116
1447885908459
1447885908869
1447885909220
1447885909554
1447885909897
1447885910239
1447885910573
1447885910916
1447885911300
1447885911634
1447885911977
1447885912294
1447885912654
1447885912987
1447885913329
1447885913647
1447885914014
1447885914399
1447885914742
1447885915118
1447885915452
1447885915795
1447885916137
1447885916471
1447885916805
1447885917147
1447885917531
1447885917899
1447885918225
1447885918583
1447885918925
1447885919242
1447885919592
1447885919927
1447885920277
1447885920620
1447885921046
1447885921380
1447885921723
1447885922065
1447885922383
1447885922709
1447885923035
1447885923445
1447885923762
1447885924113
1447885924422
1447885924756
1447885925082
1447885925416
1447885925733
1447885926067
1447885926493
1447885926819
1447885927154
1447885927504
1447885927847
1447885928240
1447885928608
1447885928958
1447885929342
1447885929651
1447885930001
1447885930344
1447885930670
1447885930996
1447885931330
1447885931639
1447885931973
1447885932358
1447885932683
1447885933093
1447885933418
1447885933794
1447885934111
1447885934437
1447885934779
1447885935113
1447885935501
1447885935824
1447885936158
1447885936501
1447885936835
1447885937161
1447885937478
1447885937820
1447885938213
1447885938547
1447885938907
1447885939241
1447885939600
1447885939934
1447885940260
1447885940586
1447885940945
1447885941294
1447885941688
1447885942030
1447885942331
1447885942648
1447885942983
1447885943309
1447885943634
1447885944011
1447885944320
1447885944663
1447885944988
1447885945330
1447885945648
1447885945973
1447885946291
1447885946633
1447885947026
1447885947343
1447885947686
1447885948028
1447885948362
1447885948688
1447885949031
1447885949357
1447885949742
1447885950085
1447885950394
1447885950745
1447885951070
1447885951412
1447885951729
1447885952038
1447885952380
1447885952722
1447885953132
1447885953474
1447885953808
1447885954125
1447885954451
1447885954785
1447885955111
1447885955420
1447885955762
1447885956147
1447885956456
1447885956818
1447885957152
1447885957461
1447885957812
1447885958214
1447885958556
1447885958890
1447885959216
1447885959533
1447885959859
1447885960176
1447885960510
1447885960904
1447885961237
1447885961580
1447885961948
1447885962290
1447885962624
1447885962933
1447885963300
1447885963624
1447885963942
1447885964293
1447885964642
1447885965018
1447885965327
1447885965685
1447885966011
1447885966328
1447885966678
1447885967004
1447885967321
1447885967663
1447885967989
1447885968314
1447885968656
1447885969007
1447885969399
1447885969717
1447885970051
1447885970377
1447885970702
1447885971045
1447885971370
1447885971679
1447885972031
1447885972440
1447885972749
1447885973093
1447885973502
1447885973844
1447885974162
1447885974513
1447885974863
1447885975255
1447885975564
1447885975922
1447885976257
1447885976599
1447885976933
1447885977258
1447885977600
1447885977950
1447885978310
1447885978644
1447885979029
1447885979663
1447885980029
1447885980371
1447885980714
1447885981065
1447885981390
1447885981741
1447885982050
1447885982384
1447885982777
1447885983137
1447885983454
1447885983797
1447885984106
1447885984431
1447885984765
1447885985124
1447885985475
1447885985859
1447885986201
1447885986559
1447885986910
1447885987219
1447885987552
1447885987878
1447885988254
1447885988613
1447885988955
1447885989289
1447885989666
1447885990000
1447885990334
1447885990643
1447885990977
1447885991286
1447885991620
1447885991954
1447885992296
1447885992638
1447885993031
1447885993356
1447885993699
1447885994066
1447885994400
1447885994718
1447885995052
1447885995369
1447885995711
1447885996113
1447885996422
1447885996788
1447885997114
1447885997440
1447885997774
1447885998091
1447885998433
1447885998742
1447885999085
1447885999478
1447885999795
1447886000130
1447886000447
1447886000789
1447886001140
1447886001474
1447886001774
1447886002142
1447886002536
1447886002861
1447886003211
1447886003545
1447886003878
1447886004196
1447886004530
1447886004864
1447886005190
1447886005515
1447886005900
1447886006226
1447886006560
1447886006869
1447886007204
1447886007530
1447886007855
1447886008189
1447886008531
1447886008907
1447886009233
1447886009591
1447886009949
1447886010292
1447886010592
1447886010934
1447886011243
1447886011568
1447886011918
1447886012252
1447886012570
1447886012928
1447886013337
1447886013696
1447886014054
1447886014446
1447886014764
1447886015106
1447886015440
1447886015773
1447886016106
1447886016424
1447886016742
1447886017101
1447886017419
1447886017803
1447886018164
1447886018548
1447886018890
1447886019216
1447886019533
1447886019867
1447886020209
1447886020602
1447886020944
1447886021302
1447886021637
1447886021970
1447886022304
1447886022639
1447886022981
1447886023298
1447886023734
1447886024060
1447886024410
1447886024727
1447886025045
1447886025371
1447886025713
1447886026039
1447886026356
1447886026749
1447886027450
1447886027825
1447886028159
1447886028492
1447886028818
1447886029127
1447886029461
1447886029779
1447886030121
1447886030480
1447886030830
1447886031231
1447886031573
1447886031899
1447886032208
1447886032534
1447886032842
1447886033186
1447886033537
1447886033924
1447886034230
1447886034572
1447886034873
1447886035199
1447886035533
1447886035859
1447886036193
1447886036535
1447886036936
1447886037279
1447886037629
1447886037947
1447886038281
1447886038623
1447886038957
1447886039275
1447886039617
1447886040267
1447886040685
1447886041085
1447886041411
1447886041728
1447886042070
1447886042728
1447886043055
1447886043414
1447886043723
1447886044065
1447886044441
1447886044759
1447886045085
1447886045402
1447886045727
1447886046061
1447886046396
1447886046713
1447886047047
1447886047448
1447886047774
1447886048109
1447886048485
1447886048828
1447886049154
1447886049496
1447886049897
1447886050256
1447886050599
1447886050924
1447886051258
1447886051576
1447886051942
1447886052286
1447886052653
1447886053029
1447886053774
1447886054083
1447886054400
1447886054734
1447886055060
1447886055411
1447886055779
1447886056121
1447886056422
1447886056756
1447886057073
1447886057415
1447886057742
1447886058109
1447886058518
1447886058895
1447886059229
1447886059580
1447886059897
1447886060239
1447886060557
1447886060899
1447886061309
1447886061626
1447886061977
1447886062319
1447886062662
1447886063012
1447886063370
1447886063729
1447886064089
1447886064423
1447886064807
1447886065116
1447886065475
1447886065833
1447886066192
1447886066526
1447886066851
1447886067177
1447886067503
1447886067837
1447886068163
1447886068568
1447886068898
1447886069241
1447886069591
1447886069975
1447886070317
1447886070652
1447886070969
1447886071345
1447886071752
1447886072080
1447886072422
1447886072756
1447886073099
1447886073450
1447886073817
1447886074159
1447886074502
1447886074877
1447886075243
1447886075670
1447886076012
1447886076362
1447886076705
1447886077089
1447886077423
1447886077765
1447886078074
1447886078425
1447886078852
1447886079219
1447886079537
1447886079879
1447886080205
1447886080547
1447886080890
1447886081240
1447886081616
1447886081934
1447886082276
1447886082594
1447886082928
1447886083262
1447886083597
1447886084081
1447886084400
1447886084750
1447886085092
1447886085435
1447886085752
1447886086111
1447886086437
1447886086813
1447886087222
1447886087548
1447886087915
1447886088266
1447886088600
1447886088934
1447886089277
1447886089602
1447886089960
1447886090320
1447886090712
1447886091022
1447886091356
1447886091673
1447886091999
1447886092333
1447886092675
1447886093010
1447886093454
1447886093804
1447886094154
1447886094505
1447886094847
1447886095173
1447886095516
1447886095833
1447886096159
1447886096549
1447886096877
1447886097220
1447886097562
1447886098213
1447886098530
1447886098881
1447886099198
1447886099564
1447886099915
1447886100291
1447886100649
1447886101084
1447886101426
1447886101752
1447886102103
1447886102428
1447886102762
1447886103097
1447886103456
1447886103875
1447886104207
1447886104567
1447886104892
1447886105227
1447886105560
1447886105894
1447886106212
1447886106554
1447886107273
1447886107615
1447886107949
1447886108283
1447886108609
1447886108960
1447886109285
1447886109644
1447886110037
1447886110355
1447886110714
1447886111056
1447886111390
1447886111732
1447886112090
1447886112440
1447886112809
1447886113209
1447886113576
1447886114013
1447886114361
1447886114720
1447886115079
1447886115446
1447886115804
1447886116171
1447886116505
1447886116865
1447886117215
1447886117582
1447886117984
1447886118335
1447886118685
1447886119011
1447886119370
1447886119687
