1447879281352
1447879282820
1447879283238
1447879283614
1447879283998
1447879284349
1447879284708
1447879285063
1447879285405
1447879285790
1447879286165
1447879286513
1447879286879
1447879287263
1447879287604
1447879287963
1447879288320
1447879288688
1447879289037
1447879289378
1447879289728
1447879290095
1447879290428
1447879290761
1447879291096
1447879291470
1447879291861
1447879292280
1447879292644
1447879292977
1447879293336
1447879293676
1447879294068
1447879294418
1447879294793
1447879295134
1447879295502
1447879295834
1447879296210
1447879296550
1447879296910
1447879297267
1447879297633
1447879297966
1447879298349
1447879298700
1447879299057
1447879299441
1447879299807
1447879300174
1447879300532
1447879300899
1447879301233
1447879301608
1447879301983
1447879302367
1447879302717
1447879303085
1447879303427
1447879303811
1447879304197
1447879304530
1447879304897
1447879305255
1447879305621
1447879305963
1447879306338
1447879306680
1447879307047
1447879307395
1447879307763
1447879308120
1447879308488
1447879308837
1447879309220
1447879309579
1447879309921
1447879310269
1447879310644
1447879311012
1447879311352
1447879311711
1447879312194
1447879312569
1447879312944
1447879313295
1447879313635
1447879314010
1447879314359
1447879314717
1447879315085
1447879315425
1447879315793
1447879316168
1447879316517
1447879316858
1447879317242
1447879317591
1447879317967
1447879318342
1447879318692
1447879319049
1447879319399
1447879319765
1447879320107
1447879320490
1447879320840
1447879321190
1447879321565
1447879321923
1447879322264
1447879322639
1447879322989
1447879323372
1447879323722
1447879324113
1447879324471
1447879324848
1447879325238
1447879325621
1447879325997
1447879326387
1447879326754
1447879327130
1447879327572
1447879327947
1447879328314
1447879328673
1447879329040
1447879329419
1447879329769
1447879330136
1447879330512
1447879330877
1447879331227
1447879331602
1447879332018
1447879332368
1447879332718
1447879333068
1447879333418
1447879333793
1447879334176
1447879334559
1447879334902
1447879335575
1447879335950
1447879336318
1447879336675
1447879337050
1447879337418
1447879337783
1447879338182
1447879338542
1447879338918
1447879339265
1447879339648
1447879340032
1447879340415
1447879340757
1447879341099
1447879341456
1447879341807
1447879342159
1447879342534
1447879342890
1447879343230
1447879343589
1447879343930
1447879344281
1447879344621
1447879344964
1447879345329
1447879345672
1447879346031
1447879346389
1447879346720
1447879347113
1447879347445
1447879347812
1447879348153
1447879348521
1447879348869
1447879349245
1447879349602
1447879349962
1447879350321
1447879350669
1447879351028
1447879351385
1447879351770
1447879352151
1447879352511
1447879352853
1447879353203
1447879353561
1447879353945
1447879354304
1447879354684
1447879355050
1447879355417
1447879355767
1447879356101
1447879356460
1447879356810
1447879357136
1447879357494
1447879357853
1447879358220
1447879358554
1447879358904
1447879359262
1447879359620
1447879359979
1447879360388
1447879360789
1447879361139
1447879361498
1447879361847
1447879362200
1447879362624
1447879362991
1447879363363
1447879363723
1447879364065
1447879364408
1447879364784
1447879365118
1447879365519
1447879365914
1447879366295
1447879366663
1447879366997
1447879367355
1447879367706
1447879368065
1447879368431
1447879368806
1447879369173
1447879369531
1447879369882
1447879370257
1447879370615
1447879370983
1447879371350
1447879371700
1447879372109
1447879372511
1447879372869
1447879373228
1447879373571
1447879373937
1447879374305
1447879374647
1447879375005
1447879375356
1447879375740
1447879376066
1447879376417
1447879376759
1447879377117
1447879377485
1447879377836
1447879378212
1447879378587
1447879378946
1447879379305
1447879379691
1447879380057
1447879380423
1447879380790
1447879381132
1447879381482
1447879381850
1447879382200
1447879382558
1447879382934
1447879383326
1447879383668
1447879384019
1447879384394
1447879384763
1447879385129
1447879385505
1447879385839
1447879386214
1447879386548
1447879386907
1447879387282
1447879387616
1447879387967
1447879388344
1447879388669
1447879389052
1447879389403
1447879389745
1447879390077
1447879390445
1447879390803
1447879391170
1447879391570
1447879391928
1447879392286
1447879392668
1447879393061
1447879393420
1447879393762
1447879394137
1447879394496
1447879394863
1447879395205
1447879395572
1447879395958
1447879396299
1447879396667
1447879397058
1447879397407
1447879397775
1447879398125
1447879398483
1447879398815
1447879399215
1447879399573
1447879399982
1447879400333
1447879400707
1447879401091
1447879401449
1447879401807
1447879402163
1447879402574
1447879402948
1447879403306
1447879403690
1447879404063
1447879404454
1447879404814
1447879405164
1447879405530
1447879405889
1447879406232
1447879406590
1447879406957
1447879407326
1447879407752
1447879408120
1447879408462
1447879408821
1447879409205
1447879409530
1447879409880
1447879410256
1447879410614
1447879410948
1447879411306
1447879411673
1447879412069
1447879412419
1447879412760
1447879413127
1447879413467
1447879413842
1447879414175
1447879414535
1447879414883
1447879415266
1447879415608
1447879415991
1447879416332
1447879416692
1447879417057
1447879417390
1447879417757
1447879418133
1447879418473
1447879418857
1447879419190
1447879419531
1447879419883
1447879420250
1447879420606
1447879420964
1447879421347
1447879421680
1447879422065
1447879422407
1447879422781
1447879423148
1447879423540
1447879423891
1447879424254
1447879424604
1447879424987
1447879425362
1447879425738
1447879426078
1447879426437
1447879426778
1447879427145
1447879427487
1447879427838
1447879428186
1447879428553
1447879428888
1447879429263
1447879429614
1447879429964
1447879430298
1447879430657
1447879431015
1447879431382
1447879431776
1447879432126
1447879432527
1447879432886
1447879433242
1447879433592
1447879433950
1447879434326
1447879434676
1447879435053
1447879435411
1447879435778
1447879436129
1447879436496
1447879436847
1447879437208
1447879437635
1447879437994
1447879438353
1447879438711
1447879439086
1447879439505
1447879439856
1447879440223
1447879440565
1447879440915
1447879441273
1447879441655
1447879442005
1447879442396
1447879442763
1447879443131
1447879443479
1447879443846
1447879444188
1447879444529
1447879444930
1447879445279
1447879445663
1447879446037
1447879446421
1447879446761
1447879447137
1447879447512
1447879447862
1447879448220
1447879448570
1447879448910
1447879449277
1447879449627
1447879449993
1447879450344
1447879450676
1447879451059
1447879451410
1447879451761
1447879452101
1447879452468
1447879452827
1447879453211
1447879453553
1447879453908
1447879454283
1447879454634
1447879455008
1447879455349
1447879455707
1447879456057
1447879456415
1447879456782
1447879457149
1447879457515
1447879457891
1447879458256
1447879458640
1447879458998
1447879459382
1447879459714
1447879460082
1447879460447
1447879460806
1447879461188
1447879461556
1447879461921
1447879462273
1447879462699
1447879463041
1447879463430
1447879463771
1447879464146
1447879464505
1447879464847
1447879465203
1447879465562
1447879466280
1447879466656
1447879467028
1447879467369
1447879467761
1447879468112
1447879468462
1447879468802
1447879469170
1447879469528
1447879469886
1447879470235
1447879470560
1447879470901
1447879471243
1447879471592
1447879471984
1447879472334
1447879472725
1447879473100
1447879473475
1447879473858
1447879474191
1447879474583
1447879474924
1447879475308
1447879475674
1447879476065
1447879476415
1447879476783
1447879477159
1447879477526
1447879477906
1447879478248
1447879478589
1447879478972
1447879479322
1447879479672
1447879480039
1447879480389
1447879480763
1447879481115
1447879481463
1447879481814
1447879482148
1447879482532
1447879482879
1447879483254
1447879483612
1447879483945
1447879484297
1447879484638
1447879484988
1447879485338
1447879485688
1447879486038
1447879486422
1447879486756
1447879487127
1447879487477
1447879487895
1447879488260
1447879488620
1447879488995
1447879489343
1447879489685
1447879490035
1447879490376
1447879490743
1447879491084
1447879491426
1447879491775
1447879492151
1447879492552
1447879492958
1447879493300
1447879493666
1447879494026
1447879494359
1447879494718
1447879495057
1447879495407
1447879495765
1447879496124
1447879496490
1447879496823
1447879497215
1447879497548
1447879497957
1447879498314
1447879498689
1447879499031
1447879499439
1447879499780
1447879500155
1447879500538
1447879500913
1447879501263
1447879501663
1447879502055
1447879502430
1447879502804
1447879503196
1447879503554
1447879503963
1447879504312
1447879504696
1447879505378
1447879505754
1447879506103
1447879506470
1447879506855
1447879507222
1447879507690
1447879508040
1447879508410
1447879508786
1447879509143
1447879509510
1447879509869
1447879510219
1447879510569
1447879510935
1447879511294
1447879511643
1447879512019
1447879512362
1447879512720
1447879513121
1447879513463
1447879513821
1447879514214
1447879514618
1447879514949
1447879515341
1447879515699
1447879516048
1447879516424
1447879516773
1447879517149
1447879517514
1447879517848
1447879518231
1447879518590
1447879518939
1447879519297
1447879519665
1447879520040
1447879520406
1447879520790
1447879521139
1447879521498
1447879521872
1447879522222
1447879522631
1447879522997
1447879523345
1447879523687
1447879524063
1447879524403
1447879524779
1447879525153
1447879525503
1447879525912
1447879526294
1447879526661
1447879527019
1447879527377
1447879527744
1447879528118
1447879528495
1447879528843
1447879529226
1447879529586
1447879529927
1447879530284
1447879530668
1447879531010
1447879531359
1447879531751
1447879532152
1447879532493
1447879532894
1447879533245
1447879533634
1447879534001
1447879534351
1447879534707
1447879535091
1447879535458
1447879535807
1447879536182
1447879536540
1447879536899
1447879537300
1447879537642
1447879538006
1447879538364
1447879538714
1447879539114
1447879539513
1447879539881
1447879540238
1447879540614
1447879540971
1447879541321
1447879541721
1447879542087
1447879542471
1447879542829
1447879543220
1447879543570
1447879543920
1447879544311
1447879544661
1447879545021
1447879545377
1447879545753
1447879546129
1447879546462
1447879546819
1447879547178
1447879547530
1447879547937
1447879548304
1447879548676
1447879549059
1447879549410
1447879549768
1447879550126
1447879550492
1447879550851
1447879551218
1447879551561
1447879551908
1447879552259
1447879552652
1447879553008
1447879553375
1447879553741
1447879554108
1447879554459
1447879554825
1447879555184
1447879555523
1447879555890
1447879556248
1447879556598
1447879556965
1447879557307
1447879557692
1447879558090
1447879558432
1447879558798
1447879559163
1447879559530
1447879559913
1447879560272
1447879560631
1447879560981
1447879561351
1447879561699
1447879562074
1447879562441
1447879562809
1447879563201
1447879563601
1447879563936
1447879564304
1447879564678
1447879565045
1447879565394
1447879565753
1447879566094
1447879566444
1447879566835
1447879567186
1447879567526
1447879567886
1447879568235
1447879568584
1447879568943
1447879569287
1447879569626
1447879569985
1447879570334
1447879570693
1447879571051
1447879571411
1447879571750
1447879572101
1447879572459
1447879572818
1447879573193
1447879573527
1447879573878
1447879574221
1447879574589
1447879574981
1447879575373
1447879575740
1447879576123
1447879576482
1447879576839
1447879577207
1447879577598
1447879577949
1447879578305
1447879578656
1447879579005
1447879579363
1447879579723
1447879580113
1447879580488
1447879580831
1447879581212
1447879581579
1447879581930
1447879582280
1447879582705
1447879583065
1447879583436
1447879583812
1447879584146
1447879584504
1447879584854
1447879585211
1447879585562
1447879585894
1447879586261
1447879586602
1447879586961
1447879587312
1447879587704
1447879588071
1447879588413
1447879588747
1447879589114
1447879589473
1447879589866
1447879590209
1447879590568
1447879590925
1447879591276
1447879591601
1447879591960
1447879592374
1447879592734
1447879593099
1447879593475
1447879593819
1447879594211
1447879594562
1447879594921
1447879595271
1447879595631
1447879595991
1447879596339
1447879596722
1447879597073
1447879597415
1447879597783
1447879598156
1447879598506
1447879598881
1447879599240
1447879599583
1447879599997
1447879600348
1447879600698
1447879601041
1447879601412
1447879601787
1447879602187
1447879602579
1447879602921
1447879603261
1447879603628
1447879603987
1447879604311
1447879604678
1447879605010
1447879605378
1447879605729
1447879606093
1447879606453
1447879606804
1447879607196
1447879607534
1447879607902
1447879608244
1447879608592
1447879608942
1447879609309
1447879609642
1447879609985
1447879610318
1447879610658
1447879611016
1447879611376
1447879611724
1447879612067
1447879612416
1447879612784
1447879613157
1447879613517
1447879613858
1447879614226
1447879614558
1447879614898
1447879615249
1447879615591
1447879615941
1447879616300
1447879616631
1447879617022
1447879617373
1447879617715
1447879618065
1447879618424
1447879618780
1447879619155
1447879619539
1447879619897
1447879620256
1447879620615
1447879620962
1447879621337
1447879621687
1447879622062
1447879622395
1447879622831
1447879623165
1447879623528
1447879623878
1447879624245
1447879624586
1447879624987
1447879625344
1447879625719
1447879626071
1447879626454
1447879626796
1447879627160
1447879627543
1447879627902
1447879628270
1447879628612
1447879628971
1447879629330
1447879629689
1447879630050
1447879630443
1447879630791
1447879631150
1447879631493
1447879631851
1447879632532
1447879632908
1447879633274
1447879633633
1447879633983
1447879634341
1447879634691
1447879635059
1447879635464
1447879635847
1447879636223
1447879636574
1447879636932
1447879637308
1447879637664
1447879638005
1447879638373
1447879638721
1447879639097
1447879639446
1447879639812
1447879640154
1447879640513
1447879640854
1447879641221
1447879641597
1447879641946
1447879642313
1447879642691
1447879643116
1447879643491
1447879643875
1447879644234
1447879644602
1447879644970
1447879645310
1447879645718
1447879646086
1447879646461
