1447881659474
1447881661609
1447881661952
1447881662285
1447881662627
1447881663013
1447881663347
1447881663681
1447881664032
1447881664341
1447881664692
1447881665042
1447881665393
1447881665752
1447881666161
1447881666511
1447881666854
1447881667196
1447881667538
1447881667856
1447881668198
1447881668516
1447881668883
1447881669302
1447881669635
1447881669986
1447881670328
1447881670687
1447881670989
1447881671373
1447881671715
1447881672117
1447881672450
1447881672792
1447881673133
1447881673485
1447881673818
1447881674136
1447881674461
1447881674787
1447881675096
1447881675430
1447881675857
1447881676215
1447881676566
1447881676892
1447881677226
1447881677577
1447881677902
1447881678211
1447881678571
1447881678963
1447881679272
1447881679623
1447881679940
1447881680274
1447881680617
1447881680959
1447881681310
1447881681686
1447881682079
1447881682396
1447881682706
1447881683040
1447881683349
1447881683691
1447881684001
1447881684343
1447881684731
1447881685103
1447881685446
1447881685796
1447881686147
1447881686473
1447881686807
1447881687124
1447881687458
1447881687852
1447881688186
1447881688512
1447881688854
1447881689180
1447881689505
1447881689840
1447881690191
1447881690583
1447881690909
1447881691259
1447881691609
1447881691951
1447881692277
1447881692627
1447881692970
1447881693312
1447881693630
1447881694091
1447881694416
1447881694758
1447881695075
1447881695409
1447881695727
1447881696070
1447881696411
1447881696770
1447881697095
1447881697446
1447881697812
1447881698222
1447881698547
1447881698898
1447881699258
1447881699575
1447881699925
1447881700267
1447881700585
1447881700935
1447881701362
1447881701688
1447881702037
1447881702388
1447881702706
1447881703031
1447881703373
1447881703740
1447881704081
1447881704432
1447881704741
1447881705075
1447881705486
1447881705811
1447881706162
1447881706505
1447881706839
1447881707181
1447881707507
1447881707841
1447881708200
1447881708601
1447881708934
1447881709276
1447881709610
1447881709952
1447881710278
1447881710604
1447881710946
1447881711255
1447881711614
1447881712041
1447881712366
1447881712725
1447881713034
1447881713377
1447881713727
1447881714070
1447881714387
1447881714738
1447881715147
1447881715473
1447881715816
1447881716259
1447881716602
1447881716928
1447881717270
1447881717671
1447881718022
1447881718373
1447881718690
1447881719041
1447881719367
1447881719734
1447881720094
1447881720452
1447881720827
1447881721245
1447881721595
1447881721954
1447881722288
1447881722605
1447881722930
1447881723273
1447881723606
1447881723932
1447881724241
1447881724575
1447881724993
1447881725345
1447881725654
1447881725988
1447881726305
1447881726631
1447881726940
1447881727274
1447881727675
1447881727993
1447881728344
1447881728677
1447881729011
1447881729337
1447881729671
1447881729997
1447881730446
1447881730775
1447881731109
1447881731451
1447881731792
1447881732142
1447881732485
1447881732819
1447881733153
1447881733470
1447881733830
1447881734222
1447881734540
1447881734889
1447881735231
1447881735574
1447881735957
1447881736291
1447881736609
1447881736943
1447881737252
1447881737603
1447881738007
1447881738330
1447881738672
1447881739006
1447881739332
1447881739666
1447881740000
1447881740317
1447881740651
1447881741002
1447881741360
1447881741761
1447881742111
1447881742453
1447881742813
1447881743163
1447881743472
1447881743831
1447881744140
1447881744466
1447881744843
1447881745178
1447881745486
1447881745829
1447881746139
1447881746514
1447881746874
1447881747275
1447881747601
1447881747951
1447881748260
1447881748594
1447881748929
1447881749263
1447881749597
1447881749995
1447881750324
1447881750658
1447881750992
1447881751318
1447881751635
1447881751970
1447881752287
1447881752638
1447881753023
1447881753340
1447881753691
1447881754049
1447881754391
1447881754732
1447881755075
1447881755392
1447881755733
1447881756076
1447881756410
1447881756751
1447881757086
1447881757436
1447881757786
1447881758195
1447881758529
1447881758880
1447881759248
1447881759574
1447881759900
1447881760234
1447881760576
1447881760960
1447881761396
1447881761730
1447881762039
1447881762390
1447881762699
1447881763025
1447881763410
1447881763769
1447881764078
1447881764404
1447881764739
1447881765056
1447881765399
1447881765792
1447881766167
1447881766494
1447881766828
1447881767154
1447881767496
1447881767822
1447881768156
1447881768533
1447881768859
1447881769168
1447881769527
1447881769844
1447881770178
1447881770521
1447881770956
1447881771298
1447881771649
1447881771975
1447881772308
1447881772659
1447881773009
1447881773335
1447881773653
1447881773995
1447881774388
1447881774781
1447881775098
1447881775433
1447881775775
1447881776127
1447881776902
1447881777314
1447881777637
1447881777970
1447881778313
1447881778647
1447881778988
1447881779331
1447881779715
1447881780040
1447881780374
1447881780700
1447881781051
1447881781435
1447881781760
1447881782102
1447881782445
1447881782753
1447881783096
1447881783421
1447881783772
1447881784097
1447881784439
1447881784765
1447881785124
1447881785509
1447881785843
1447881786196
1447881786530
1447881786872
1447881787273
1447881787616
1447881787942
1447881788251
1447881788593
1447881788911
1447881789244
1447881789578
1447881789920
1447881790254
1447881790964
1447881791332
1447881791674
1447881792008
1447881792334
1447881792660
1447881792986
1447881793337
1447881793724
1447881794047
1447881794389
1447881794706
1447881795049
1447881795391
1447881795734
1447881796059
1447881796435
1447881796845
1447881797188
1447881797505
1447881797839
1447881798173
1447881798507
1447881798816
1447881799159
1447881799543
1447881799852
1447881800179
1447881800512
1447881800838
1447881801164
1447881801489
1447881801790
1447881802141
1447881802535
1447881802884
1447881803210
1447881803519
1447881803852
1447881804195
1447881804529
1447881804871
1447881805197
1447881805531
1447881805932
1447881806300
1447881806642
1447881806951
1447881807302
1447881807611
1447881807936
1447881808279
1447881808605
1447881808955
1447881809356
1447881809690
1447881810032
1447881810366
1447881810700
1447881811009
1447881811335
1447881811661
1447881811986
1447881812354
1447881812680
1447881813006
1447881813340
1447881813666
1447881814025
1447881814350
1447881814676
1447881815035
1447881815436
1447881815762
1447881816120
1447881816455
1447881816797
1447881817131
1447881817473
1447881817807
1447881818124
1447881818467
1447881818861
1447881819195
1447881819512
1447881819838
1447881820147
1447881820481
1447881820790
1447881821201
1447881821535
1447881821886
1447881822236
1447881822562
1447881822896
1447881823238
1447881823564
1447881823915
1447881824307
1447881824641
1447881825001
1447881825344
1447881825694
1447881826054
1447881826379
1447881826722
1447881827137
1447881827465
1447881827800
1447881828142
1447881828501
1447881828843
1447881829210
1447881829536
1447881829904
1447881830324
1447881830664
1447881831023
1447881831425
1447881831768
1447881832110
1447881832461
1447881832871
1447881833214
1447881833573
1447881833915
1447881834232
1447881834599
1447881834923
1447881835258
1447881835600
1447881835941
1447881836394
1447881836728
1447881837062
1447881837404
1447881837754
1447881838088
1447881838414
1447881838797
1447881839132
1447881839491
1447881839918
1447881840251
1447881840578
1447881840920
1447881841246
1447881841597
1447881841947
1447881842298
1447881842700
1447881843034
1447881843668
1447881844027
1447881844353
1447881844695
1447881845055
1447881845414
1447881845815
1447881846132
1447881846483
1447881846817
1447881847184
1447881847510
1447881847844
1447881848195
1447881848562
1447881848971
1447881849297
1447881849631
1447881849949
1447881850275
1447881850626
1447881850935
1447881851402
1447881851730
1447881852072
1447881852424
1447881852766
1447881853100
1447881853460
1447881853859
1447881854187
1447881854530
1447881854863
1447881855206
1447881855556
1447881855890
1447881856217
1447881856652
1447881857011
1447881857345
1447881857712
1447881858054
1447881858380
1447881858706
1447881859056
1447881859399
1447881859793
1447881860136
1447881860478
1447881860812
1447881861155
1447881861472
1447881861856
1447881862266
1447881862591
1447881862917
1447881863251
1447881863594
1447881863936
1447881864287
1447881864612
1447881864972
1447881865357
1447881865716
1447881866066
1447881866460
1447881866810
1447881867136
1447881867487
1447881867892
1447881868239
1447881868598
1447881868949
1447881869292
1447881869633
1447881869976
1447881870302
1447881870661
1447881871067
1447881871412
1447881871747
1447881872064
1447881872382
1447881872716
1447881873042
1447881873393
1447881873803
1447881874153
1447881874514
1447881874856
1447881875207
1447881875566
1447881875908
1447881876321
1447881876660
1447881876986
1447881877320
1447881877662
1447881877988
1447881878339
1447881878656
1447881879023
1447881879450
1447881879792
1447881880135
1447881880478
1447881880812
1447881881170
1447881881521
1447881881855
1447881882206
1447881882615
1447881882974
1447881883316
1447881883650
1447881884010
1447881884353
1447881884712
1447881885071
1447881885489
1447881885814
1447881886141
1447881886475
1447881886793
1447881887136
1447881887503
1447881887904
1447881888247
1447881888581
1447881888898
1447881889232
1447881889558
1447881889884
1447881890218
1447881890543
1447881890902
1447881891295
1447881891629
1447881891955
1447881892289
1447881892606
1447881892956
1447881893291
1447881893624
1447881893992
1447881894390
1447881894711
1447881895036
1447881895378
1447881895713
1447881896030
1447881896373
1447881896758
1447881897150
1447881897468
1447881897817
1447881898167
1447881898485
1447881898820
1447881899145
1447881899488
1447881899830
1447881900206
1447881900607
1447881900949
1447881901268
1447881901652
1447881901987
1447881902304
1447881902647
1447881903068
1447881903398
1447881903724
1447881904041
1447881904391
1447881904725
1447881905042
1447881905384
1447881905726
1447881906078
1447881906488
1447881906805
1447881907163
1447881907513
1447881908222
1447881908564
1447881908898
1447881909224
1447881909582
1447881909916
1447881910250
1447881910584
1447881910977
1447881911287
1447881911621
1447881911955
1447881912289
1447881912623
1447881912950
1447881913334
1447881913735
1447881914052
1447881914378
1447881914720
1447881915070
1447881915396
1447881915722
1447881916048
1447881916390
1447881916749
1447881917115
1447881917508
1447881917859
1447881918193
1447881918518
1447881918852
1447881919170
1447881919504
1447881919846
1447881920205
1447881920598
1447881920924
1447881921250
1447881921592
1447881921926
1447881922243
1447881922586
1447881922903
1447881923245
1447881923631
1447881923964
1447881924290
1447881924633
1447881924942
1447881925276
1447881925594
1447881925953
1447881926405
1447881926723
1447881927065
1447881927391
1447881927726
1447881928060
1447881928465
1447881928812
1447881929163
1447881929472
1447881929815
1447881930141
1447881930458
1447881930853
1447881931195
1447881931512
1447881931856
1447881932239
1447881932573
1447881932891
1447881933250
1447881933660
1447881934036
1447881934378
1447881934729
1447881935071
1447881935422
1447881935739
1447881936107
1447881936584
1447881936934
1447881937278
1447881937603
1447881937955
1447881938366
1447881938708
1447881939042
1447881939351
1447881939685
1447881940002
1447881940336
1447881940670
1447881941004
1447881941423
1447881941740
1447881942098
1447881942424
1447881942758
1447881943083
1447881943401
1447881943726
1447881944044
1447881944386
1447881944796
1447881945105
1447881945456
1447881945789
1447881946115
1447881946458
1447881946792
1447881947159
1447881947527
1447881947919
1447881948228
1447881948579
1447881948896
1447881949246
1447881949597
1447881949931
1447881950273
1447881950599
1447881950942
1447881951343
1447881951694
1447881952019
1447881952353
1447881952696
1447881953005
1447881953348
1447881953673
1447881954015
1447881954366
1447881954775
1447881955109
1447881955451
1447881955768
1447881956086
1447881956396
1447881956755
1447881957114
1447881957498
1447881957874
1447881958192
1447881958517
1447881958843
1447881959177
1447881959511
1447881959828
1447881960179
1447881960546
1447881960964
1447881961289
1447881961640
1447881961983
1447881962292
1447881962626
1447881962944
1447881963294
1447881963687
1447881964039
1447881964356
1447881964690
1447881965074
1447881965409
1447881965726
1447881966085
1447881966486
1447881966795
1447881967129
1447881967447
1447881967781
1447881968131
1447881968449
1447881968758
1447881969100
1447881969510
1447881969827
1447881970162
1447881970504
1447881970838
1447881971163
1447881971525
1447881972017
1447881972368
1447881972711
1447881973044
1447881973387
1447881973712
1447881974046
1447881974380
1447881974731
1447881975141
1447881975508
1447881975842
1447881976176
1447881976511
1447881976852
1447881977194
1447881977529
1447881977897
1447881978272
1447881978648
1447881978983
1447881979291
1447881979626
1447881979951
1447881980285
1447881980611
1447881981004
1447881981378
1447881981722
1447881982039
1447881982348
1447881982683
1447881983009
1447881983368
1447881983736
1447881984171
1447881984521
1447881984855
1447881985197
1447881985523
1447881985850
1447881986159
1447881986608
1447881986953
1447881987287
1447881987604
1447881987931
1447881988257
1447881988591
1447881988959
1447881989393
1447881989735
1447881990062
1447881990396
1447881990738
1447881991072
1447881991406
1447881991740
1447881992142
1447881992477
1447881992794
1447881993137
1447881993462
1447881994105
1447881994481
1447881994868
1447881995183
1447881995501
1447881995836
1447881996162
1447881996607
1447881996940
1447881997274
1447881997643
1447881997968
1447881998294
1447881998628
1447881998987
1447881999388
1447881999740
1447882000049
1447882000383
1447882000717
1447882001068
1447882001403
1447882001855
1447882002189
1447882002523
1447882002865
1447882003200
1447882003534
1447882003892
1447882004251
1447882004658
1447882005004
1447882005338
1447882005672
1447882005998
1447882006349
1447882006767
1447882007185
1447882007519
1447882007861
1447882008195
1447882008529
1447882008855
