1447878500419
1447878501949
1447878502299
1447878502657
1447878502990
1447878503333
1447878503692
1447878504058
1447878504406
1447878504774
1447878505124
1447878505472
1447878505864
1447878506206
1447878506572
1447878506923
1447878507282
1447878507622
1447878508006
1447878508330
1447878508679
1447878509056
1447878509414
1447878509754
1447878510137
1447878510529
1447878510862
1447878511255
1447878511612
1447878511986
1447878512354
1447878512704
1447878513044
1447878513420
1447878513754
1447878514112
1447878514471
1447878514805
1447878515163
1447878515555
1447878515913
1447878516263
1447878516669
1447878516993
1447878517392
1447878517743
1447878518110
1447878518442
1447878518842
1447878519175
1447878519550
1447878519916
1447878520258
1447878520599
1447878520967
1447878521299
1447878521632
1447878522025
1447878522367
1447878522732
1447878523075
1447878523416
1447878523783
1447878524142
1447878524484
1447878524834
1447878525193
1447878525536
1447878525902
1447878526273
1447878526630
1447878526972
1447878527339
1447878527688
1447878528054
1447878528429
1447878528804
1447878529162
1447878529538
1447878529937
1447878530296
1447878530653
1447878531057
1447878531416
1447878531783
1447878532141
1447878532536
1447878532904
1447878533261
1447878533610
1447878533969
1447878534336
1447878534693
1447878535061
1447878535393
1447878535726
1447878536170
1447878536504
1447878536885
1447878537270
1447878537642
1447878538017
1447878538392
1447878538742
1447878539092
1447878539458
1447878539816
1447878540183
1447878540534
1447878540874
1447878541265
1447878541624
1447878542015
1447878542348
1447878542716
1447878543048
1447878543439
1447878543806
1447878544189
1447878544531
1447878544890
1447878545247
1447878545622
1447878545972
1447878546347
1447878546697
1447878547088
1447878547438
1447878547804
1447878548163
1447878548512
1447878548862
1447878549238
1447878549603
1447878549995
1447878550380
1447878550738
1447878551095
1447878551478
1447878551811
1447878552212
1447878552877
1447878553269
1447878553602
1447878553962
1447878554302
1447878554676
1447878555060
1447878555419
1447878555768
1447878556178
1447878556521
1447878556884
1447878557260
1447878557636
1447878557978
1447878558341
1447878558716
1447878559109
1447878559468
1447878559824
1447878560183
1447878560525
1447878560874
1447878561250
1447878561615
1447878561974
1447878562323
1447878562674
1447878563015
1447878563365
1447878563723
1447878564098
1447878564439
1447878564830
1447878565205
1447878565588
1447878565964
1447878566315
1447878566663
1447878567072
1447878567414
1447878567762
1447878568130
1447878568879
1447878569253
1447878569621
1447878569988
1447878570345
1447878570704
1447878571122
1447878571519
1447878571862
1447878572210
1447878572602
1447878572961
1447878573337
1447878573695
1447878574054
1447878574388
1447878574738
1447878575088
1447878575437
1447878575812
1447878576171
1447878576538
1447878576915
1447878577336
1447878577675
1447878578026
1447878578368
1447878578708
1447878579091
1447878579434
1447878579784
1447878580142
1447878580508
1447878580883
1447878581240
1447878581591
1447878581956
1447878582315
1447878582664
1447878583022
1447878583389
1447878583740
1447878584107
1447878584457
1447878584825
1447878585200
1447878585558
1447878585942
1447878586309
1447878586663
1447878587030
1447878587372
1447878587731
1447878588074
1447878588449
1447878588815
1447878589174
1447878589500
1447878589850
1447878590245
1447878590569
1447878590936
1447878591312
1447878591662
1447878592028
1447878592379
1447878592722
1447878593071
1447878593447
1447878593798
1447878594194
1447878594561
1447878594936
1447878595302
1447878595675
1447878596042
1447878596433
1447878596810
1447878597176
1447878597526
1447878597893
1447878598243
1447878598601
1447878598960
1447878599294
1447878599686
1447878600029
1447878600390
1447878600790
1447878601156
1447878601539
1447878601864
1447878602532
1447878602856
1447878603223
1447878603582
1447878603933
1447878604283
1447878604659
1447878604994
1447878605369
1447878605744
1447878606138
1447878606487
1447878606847
1447878607187
1447878607562
1447878607929
1447878608272
1447878608621
1447878608997
1447878609339
1447878609698
1447878610065
1447878610432
1447878610766
1447878611252
1447878611594
1447878611978
1447878612360
1447878612719
1447878613053
1447878613429
1447878613779
1447878614138
1447878614496
1447878614839
1447878615189
1447878615547
1447878615907
1447878616335
1447878616692
1447878617043
1447878617394
1447878617778
1447878618137
1447878618504
1447878618865
1447878619232
1447878619565
1447878619925
1447878620265
1447878620624
1447878620958
1447878621368
1447878621701
1447878622043
1447878622369
1447878622737
1447878623150
1447878623488
1447878623838
1447878624189
1447878624521
1447878624906
1447878625246
1447878625622
1447878625956
1447878626315
1447878626654
1447878626979
1447878627322
1447878627672
1447878628036
1447878628396
1447878628763
1447878629122
1447878629487
1447878629846
1447878630246
1447878630589
1447878630939
1447878631331
1447878631690
1447878632057
1447878632416
1447878632817
1447878633143
1447878633518
1447878633861
1447878634234
1447878634584
1447878634943
1447878635285
1447878635635
1447878636028
1447878636391
1447878636768
1447878637127
1447878637486
1447878637836
1447878638219
1447878638574
1447878638915
1447878639275
1447878639615
1447878639982
1447878640323
1447878640706
1447878641057
1447878641424
1447878641791
1447878642167
1447878642518
1447878642893
1447878643227
1447878643577
1447878643927
1447878644293
1447878644643
1447878645002
1447878645395
1447878645721
1447878646170
1447878646554
1447878646905
1447878647263
1447878647631
1447878648015
1447878648365
1447878648748
1447878649115
1447878649466
1447878649832
1447878650183
1447878650542
1447878650959
1447878651343
1447878651685
1447878652052
1447878652426
1447878652794
1447878653159
1447878653511
1447878653867
1447878654242
1447878654602
1447878654961
1447878655325
1447878655684
1447878656043
1447878656409
1447878656800
1447878657184
1447878657532
1447878657900
1447878658233
1447878658592
1447878658967
1447878659301
1447878659668
1447878660018
1447878660348
1447878660723
1447878661089
1447878661464
1447878661847
1447878662215
1447878662580
1447878662981
1447878663323
1447878663681
1447878664031
1447878664407
1447878664746
1447878665129
1447878665488
1447878665830
1447878666180
1447878666556
1447878666887
1447878667220
1447878667571
1447878667921
1447878668287
1447878668661
1447878669060
1447878669402
1447878669770
1447878670110
1447878670493
1447878670835
1447878671193
1447878671534
1447878671936
1447878672276
1447878672626
1447878672976
1447878673317
1447878673675
1447878674035
1447878674408
1447878674767
1447878675125
1447878675500
1447878675891
1447878676284
1447878676643
1447878676985
1447878677362
1447878677738
1447878678090
1447878678440
1447878678773
1447878679123
1447878679491
1447878679840
1447878680239
1447878680590
1447878680939
1447878681340
1447878681688
1447878682080
1447878682446
1447878682798
1447878683139
1447878683489
1447878683839
1447878684189
1447878684547
1447878684898
1447878685245
1447878685587
1447878685946
1447878686295
1447878686678
1447878687087
1447878687436
1447878687786
1447878688162
1447878688520
1447878688887
1447878689235
1447878689568
1447878689910
1447878690260
1447878690618
1447878690959
1447878691327
1447878691677
1447878692026
1447878692401
1447878692767
1447878693125
1447878693450
1447878693808
1447878694200
1447878694575
1447878694975
1447878695324
1447878695699
1447878696032
1447878696409
1447878696782
1447878697132
1447878697482
1447878697865
1447878698224
1447878698574
1447878698939
1447878699289
1447878699664
1447878700032
1447878700380
1447878700739
1447878701098
1447878701457
1447878701805
1447878702180
1447878702546
1447878702889
1447878703247
1447878703597
1447878703947
1447878704306
1447878704662
1447878705004
1447878705355
1447878705713
1447878706065
1447878706456
1447878706803
1447878707136
1447878707487
1447878707854
1447878708235
1447878708577
1447878708943
1447878709277
1447878709644
1447878709978
1447878710318
1447878710668
1447878711043
1447878711451
1447878711817
1447878712159
1447878712492
1447878712867
1447878713575
1447878713950
1447878714300
1447878714633
1447878714974
1447878715366
1447878715716
1447878716049
1447878716441
1447878716800
1447878717140
1447878717515
1447878717856
1447878718206
1447878718864
1447878719206
1447878719605
1447878719972
1447878720331
1447878720672
1447878721072
1447878721516
1447878721880
1447878722238
1447878722613
1447878722987
1447878723347
1447878723697
1447878724047
1447878724405
1447878724772
1447878725186
1447878725546
1447878725896
1447878726246
1447878726612
1447878726962
1447878727320
1447878727696
1447878728047
1447878728422
1447878728764
1447878729107
1447878729473
1447878729832
1447878730182
1447878730575
1447878730934
1447878731284
1447878731634
1447878732001
1447878732352
1447878732718
1447878733120
1447878733461
1447878733819
1447878734186
1447878734549
1447878734891
1447878735267
1447878735607
1447878735999
1447878736382
1447878736732
1447878737081
1447878737456
1447878737814
1447878738156
1447878738514
1447878738924
1447878739255
1447878739631
1447878739965
1447878740323
1447878740691
1447878741033
1447878741409
1447878741759
1447878742134
1447878742501
1447878742880
1447878743237
1447878743579
1447878743945
1447878744287
1447878744678
1447878745053
1447878745436
1447878745795
1447878746211
1447878746544
1447878746927
1447878747287
1447878747653
1447878748020
1447878748435
1447878748818
1447878749218
1447878749578
1447878749953
1447878750302
1447878750661
1447878750995
1447878751373
1447878751756
1447878752149
1447878752466
1447878752836
1447878753186
1447878753544
1447878753903
1447878754295
1447878754637
1447878755016
1447878755365
1447878755748
1447878756125
1447878756543
1447878756901
1447878757276
1447878757634
1447878757997
1447878758380
1447878758756
1447878759115
1447878759482
1447878759838
1447878760196
1447878760571
1447878760947
1447878761296
1447878761655
1447878762005
1447878762389
1447878762755
1447878763130
1447878763480
1447878763847
1447878764186
1447878764544
1447878764904
1447878765262
1447878765621
1447878765987
1447878766363
1447878766698
1447878767048
1447878767390
1447878767740
1447878768099
1447878768492
1447878768826
1447878769193
1447878769544
1447878769892
1447878770252
1447878770593
1447878771017
1447878771393
1447878771741
1447878772101
1447878772468
1447878772824
1447878773192
1447878773574
1447878773950
1447878774299
1447878774682
1447878775040
1447878775407
1447878775758
1447878776123
1447878776482
1447878776866
1447878777250
1447878777597
1447878777948
1447878778299
1447878778638
1447878779006
1447878779346
1447878779730
1447878780081
1447878780440
1447878780797
1447878781187
1447878781546
1447878781907
1447878782255
1447878782622
1447878783039
1447878783390
1447878783749
1447878784095
1447878784454
1447878784788
1447878785128
1447878785480
1447878785819
1447878786170
1447878786553
1447878786895
1447878787235
1447878787602
1447878787935
1447878788309
1447878788660
1447878789053
1447878789409
1447878789760
1447878790126
1447878790500
1447878790868
1447878791236
1447878791675
1447878792026
1447878792376
1447878792735
1447878793094
1447878793453
1447878793804
1447878794180
1447878794581
1447878794915
1447878795266
1447878795673
1447878796040
1447878796450
1447878796801
1447878797160
1447878797525
1447878797867
1447878798241
1447878798606
1447878798965
1447878799316
1447878799691
1447878800063
1447878800422
1447878800798
1447878801173
1447878801565
1447878801925
1447878802310
1447878802683
1447878803011
1447878803362
1447878803696
1447878804063
1447878804396
1447878804736
1447878805078
1447878805419
1447878805769
1447878806136
1447878806478
1447878806818
1447878807178
1447878807559
1447878807927
1447878808269
1447878808652
1447878809025
1447878809393
1447878809758
1447878810142
1447878810509
1447878810851
1447878811184
1447878811559
1447878811924
1447878812307
1447878812692
1447878813059
1447878813423
1447878813799
1447878814141
1447878814481
1447878814858
1447878815208
1447878815582
1447878815956
1447878816332
1447878816682
1447878817065
1447878817448
1447878817805
1447878818181
1447878818515
1447878818873
1447878819239
1447878819589
1447878819937
1447878820279
1447878820662
1447878820987
1447878821331
1447878821706
1447878822061
1447878822421
1447878822763
1447878823121
1447878823486
1447878823862
1447878824204
1447878824578
1447878824920
1447878825285
1447878825643
1447878826020
1447878826401
1447878826752
1447878827086
1447878827437
1447878827803
1447878828137
1447878828495
1447878828846
1447878829197
1447878829548
1447878829933
1447878830292
1447878830626
1447878830994
1447878831334
1447878831760
1447878832133
1447878832508
1447878832850
1447878833218
1447878833557
1447878833907
1447878834275
1447878834667
1447878835014
1447878835382
1447878835724
1447878836082
1447878836450
1447878836808
1447878837172
1447878837539
1447878837890
1447878838239
1447878838599
1447878838941
1447878839299
1447878839700
1447878840121
1447878840513
1447878840862
1447878841229
1447878841578
1447878841962
1447878842321
1447878842680
1447878843036
1447878843419
1447878843802
1447878844170
1447878844529
1447878845244
1447878845636
1447878845986
1447878846344
1447878846712
1447878847059
1447878847392
1447878847760
1447878848101
1447878848468
1447878848810
1447878849168
1447878849508
1447878849859
1447878850244
1447878850599
1447878850983
1447878851332
1447878851732
1447878852108
1447878852467
1447878852841
1447878853209
1447878853568
1447878853914
1447878854306
1447878854674
1447878855064
1447878855448
1447878855789
1447878856190
1447878856606
1447878856973
1447878857346
1447878857714
1447878858082
1447878858416
1447878858792
1447878859170
1447878859520
1447878859863
1447878860203
1447878860571
1447878860921
1447878861279
1447878861639
1447878862007
1447878862382
1447878862761
1447878863120
1447878863487
1447878863862
1447878864238
1447878864576
1447878864935
1447878865295
1447878865662
