1447885020098
1447885021485
1447885021883
1447885022228
1447885022570
1447885022904
1447885023231
1447885023590
1447885023899
1447885024275
1447885024667
1447885025020
1447885025370
1447885025679
1447885026013
1447885026332
1447885026723
1447885027059
1447885027402
1447885027727
1447885028069
1447885028403
1447885028762
1447885029080
1447885029473
1447885029822
1447885030181
1447885030576
1447885030890
1447885031241
1447885031692
1447885032034
1447885032368
1447885032702
1447885033061
1447885033387
1447885033756
1447885034098
1447885034415
1447885034758
1447885035084
1447885035426
1447885035770
1447885036185
1447885036505
1447885036839
1447885037181
1447885037515
1447885037857
1447885038175
1447885038517
1447885038868
1447885039270
1447885039620
1447885039971
1447885040314
1447885040631
1447885040991
1447885041366
1447885041742
1447885042177
1447885042544
1447885042893
1447885043236
1447885043570
1447885043912
1447885044246
1447885044580
1447885044889
1447885045240
1447885045658
1447885045992
1447885046343
1447885046702
1447885047028
1447885047378
1447885047720
1447885048078
1447885048404
1447885048721
1447885049089
1447885049488
1447885049799
1447885050141
1447885050475
1447885050809
1447885051118
1447885051558
1447885051873
1447885052231
1447885052557
1447885052908
1447885053250
1447885053592
1447885053926
1447885054252
1447885054603
1447885055004
1447885055313
1447885055639
1447885055957
1447885056333
1447885056694
1447885057120
1447885057437
1447885057755
1447885058089
1447885058407
1447885058725
1447885059067
1447885059426
1447885059827
1447885060161
1447885060512
1447885060854
1447885061205
1447885061530
1447885061881
1447885062223
1447885062966
1447885063376
1447885063727
1447885064044
1447885064395
1447885064737
1447885065095
1447885065446
1447885065780
1447885066138
1447885066472
1447885066914
1447885067281
1447885067691
1447885068049
1447885068399
1447885068767
1447885069117
1447885069467
1447885069801
1447885070118
1447885070468
1447885070810
1447885071145
1447885071495
1447885071906
1447885072272
1447885072639
1447885072981
1447885073323
1447885073649
1447885074001
1447885074318
1447885074652
1447885075054
1447885075397
1447885075722
1447885076048
1447885076390
1447885076758
1447885077076
1447885077434
1447885077844
1447885078161
1447885078519
1447885078878
1447885079204
1447885079546
1447885079913
1447885080264
1447885080614
1447885080932
1447885081291
1447885081693
1447885082043
1447885082394
1447885082711
1447885083045
1447885083387
1447885083730
1447885084055
1447885084389
1447885084791
1447885085116
1447885085451
1447885085801
1447885086161
1447885086512
1447885086871
1447885087205
1447885087631
1447885087949
1447885088307
1447885088641
1447885088975
1447885089317
1447885089634
1447885089984
1447885090326
1447885090669
1447885091002
1447885091328
1447885091729
1447885092122
1447885092464
1447885092815
1447885093174
1447885093508
1447885093858
1447885094176
1447885094518
1447885094937
1447885095287
1447885095653
1447885096013
1447885096371
1447885096714
1447885097065
1447885097407
1447885097724
1447885098092
1447885098510
1447885098835
1447885099186
1447885099503
1447885099853
1447885100196
1447885100530
1447885100873
1447885101223
1447885101667
1447885101976
1447885102318
1447885102635
1447885102961
1447885103303
1447885103629
1447885103955
1447885104281
1447885104686
1447885104991
1447885105325
1447885105651
1447885105976
1447885106310
1447885106637
1447885107029
1447885107423
1447885107748
1447885108082
1447885108416
1447885108742
1447885109376
1447885109710
1447885110070
1447885110428
1447885110830
1447885111172
1447885111514
1447885111865
1447885112190
1447885112516
1447885112859
1447885113184
1447885113518
1447885113903
1447885114212
1447885114562
1447885114904
1447885115230
1447885115564
1447885115890
1447885116249
1447885116583
1447885117019
1447885117361
1447885117687
1447885118029
1447885118347
1447885118681
1447885119015
1447885119365
1447885119708
1447885120101
1447885120442
1447885120777
1447885121102
1447885121469
1447885121828
1447885122171
1447885122497
1447885122865
1447885123278
1447885123608
1447885123950
1447885124292
1447885124627
1447885124935
1447885125270
1447885125570
1447885125896
1447885126258
1447885126581
1447885126916
1447885127249
1447885127575
1447885127884
1447885128235
1447885128544
1447885128878
1447885129280
1447885129622
1447885129964
1447885130298
1447885130640
1447885130958
1447885131309
1447885131659
1447885132002
1447885132412
1447885132737
1447885133063
1447885133388
1447885133730
1447885134071
1447885134398
1447885134723
1447885135090
1447885135416
1447885135750
1447885136129
1447885136469
1447885136819
1447885137128
1447885137479
1447885137788
1447885138122
1447885138448
1447885138799
1447885139183
1447885139517
1447885139851
1447885140169
1447885140503
1447885140845
1447885141196
1447885141556
1447885142068
1447885142401
1447885142735
1447885143052
1447885143394
1447885143745
1447885144070
1447885144429
1447885144779
1447885145185
1447885145506
1447885145841
1447885146184
1447885146501
1447885146844
1447885147195
1447885147605
1447885147955
1447885148298
1447885148615
1447885148933
1447885149259
1447885149568
1447885149919
1447885150304
1447885150637
1447885150964
1447885151290
1447885151624
1447885151983
1447885152308
1447885152634
1447885153086
1447885153437
1447885153755
1447885154088
1447885154397
1447885154747
1447885155090
1447885155465
1447885155816
1447885156218
1447885156569
1447885156878
1447885157254
1447885157563
1447885157897
1447885158215
1447885158574
1447885158983
1447885159325
1447885159668
1447885159993
1447885160311
1447885160661
1447885160995
1447885161330
1447885161672
1447885162102
1447885162449
1447885162783
1447885163100
1447885163434
1447885163752
1447885164077
1447885164403
1447885164737
1447885165113
1447885165431
1447885165757
1447885166091
1447885166425
1447885166752
1447885167127
1447885167495
1447885167870
1447885168228
1447885168629
1447885168954
1447885169304
1447885169655
1447885169972
1447885170322
1447885170656
1447885170973
1447885171315
1447885171658
1447885171983
1447885172333
1447885172676
1447885173077
1447885173386
1447885173736
1447885174045
1447885174380
1447885174714
1447885175048
1447885175357
1447885175716
1447885176118
1447885176460
1447885176805
1447885177164
1447885177506
1447885177892
1447885178234
1447885178552
1447885178886
1447885179203
1447885179529
1447885179880
1447885180309
1447885180624
1447885180975
1447885181309
1447885181635
1447885182038
1447885182454
1447885182807
1447885183141
1447885183475
1447885183825
1447885184534
1447885184893
1447885185227
1447885185570
1447885185971
1447885186297
1447885186657
1447885187007
1447885187325
1447885187659
1447885187976
1447885188335
1447885188729
1447885189062
1447885189396
1447885189757
1447885190090
1447885190440
1447885190766
1447885191074
1447885191433
1447885191793
1447885192210
1447885192536
1447885192862
1447885193204
1447885193529
1447885193855
1447885194190
1447885194531
1447885194874
1447885195272
1447885195593
1447885195927
1447885196277
1447885196611
1447885196979
1447885197321
1447885197655
1447885198099
1447885198408
1447885198751
1447885199076
1447885199410
1447885199736
1447885200095
1447885200429
1447885200797
1447885201223
1447885201566
1447885201925
1447885202259
1447885202576
1447885202926
1447885203253
1447885203603
1447885203990
1447885204339
1447885204681
1447885204998
1447885205317
1447885205676
1447885205985
1447885206336
1447885206712
1447885207089
1447885207432
1447885207749
1447885208066
1447885208375
1447885208709
1447885209111
1447885209436
1447885209779
1447885210088
1447885210422
1447885210731
1447885211065
1447885211399
1447885211767
1447885212193
1447885212527
1447885212861
1447885213178
1447885213528
1447885213861
1447885214186
1447885214512
1447885214829
1447885215170
1447885215496
1447885215814
1447885216163
1447885216498
1447885216948
1447885217266
1447885217609
1447885217968
1447885218317
1447885218644
1447885218969
1447885219319
1447885219645
1447885219962
1447885220288
1447885220668
1447885220981
1447885221324
1447885221649
1447885221975
1447885222292
1447885222618
1447885222927
1447885223253
1447885223646
1447885223980
1447885224314
1447885224656
1447885225006
1447885225373
1447885225707
1447885226041
1447885226382
1447885226725
1447885227118
1447885227519
1447885227837
1447885228186
1447885228536
1447885228871
1447885229213
1447885229538
1447885229873
1447885230223
1447885230524
1447885230866
1447885231259
1447885231568
1447885231911
1447885232220
1447885232554
1447885232896
1447885233230
1447885233548
1447885233898
1447885234291
1447885234609
1447885234943
1447885235285
1447885235635
1447885235995
1447885236362
1447885236679
1447885237056
1447885237422
1447885237772
1447885238165
1447885238499
1447885238833
1447885239158
1447885239484
1447885239793
1447885240136
1447885240469
1447885240898
1447885241290
1447885241615
1447885241942
1447885242284
1447885242642
1447885242992
1447885243351
1447885243668
1447885244011
1447885244404
1447885244738
1447885245072
1447885245415
1447885245732
1447885246075
1447885246400
1447885246751
1447885247143
1447885247528
1447885247853
1447885248179
1447885248521
1447885248847
1447885249164
1447885249490
1447885249815
1447885250149
1447885250551
1447885250893
1447885251244
1447885251569
1447885251905
1447885252298
1447885252657
1447885253052
1447885253375
1447885253743
1447885254060
1447885254410
1447885254736
1447885255070
1447885255404
1447885255729
1447885256072
1447885256481
1447885256832
1447885257175
1447885257533
1447885257869
1447885258203
1447885258536
1447885258871
1447885259238
1447885259647
1447885259981
1447885260347
1447885260697
1447885261065
1447885261390
1447885261732
1447885262066
1447885262400
1447885262758
1447885263100
1447885263418
1447885263784
1447885264127
1447885264494
1447885264844
1447885265253
1447885265579
1447885265921
1447885266263
1447885266604
1447885266938
1447885267289
1447885267640
1447885267957
1447885268308
1447885268701
1447885269010
1447885269353
1447885269686
1447885270012
1447885270338
1447885270688
1447885271346
1447885271697
1447885272082
1447885272508
1447885272868
1447885273185
1447885273511
1447885273836
1447885274162
1447885274480
1447885274847
1447885275246
1447885275582
1447885275925
1447885276259
1447885276593
1447885276935
1447885277261
1447885277578
1447885277920
1447885278271
1447885278655
1447885279007
1447885279340
1447885279683
1447885280025
1447885280359
1447885280702
1447885281162
1447885281488
1447885281839
1447885282181
1447885282515
1447885282857
1447885283191
1447885283534
1447885283884
1447885284312
1447885284679
1447885285005
1447885285355
1447885285689
1447885286049
1447885286384
1447885286793
1447885287178
1447885287495
1447885287846
1447885288163
1447885288515
1447885288848
1447885289182
1447885289568
1447885289893
1447885290235
1447885290544
1447885290894
1447885291219
1447885291553
1447885291904
1447885292280
1447885292622
1447885292964
1447885293689
1447885294107
1447885294449
1447885294800
1447885295125
1447885295459
1447885295785
1447885296145
1447885296512
1447885296923
1447885297282
1447885297641
1447885297975
1447885298292
1447885298643
1447885298960
1447885299328
1447885299713
1447885300081
1447885300424
1447885300749
1447885301084
1447885301410
1447885301769
1447885302179
1447885302530
1447885302847
1447885303205
1447885303548
1447885303882
1447885304208
1447885304559
1447885304960
1447885305286
1447885305636
1447885305962
1447885306320
1447885306680
1447885307023
1447885307357
1447885307699
1447885308084
1447885308434
1447885308777
1447885309103
1447885309421
1447885309755
1447885310080
1447885310414
1447885310816
1447885311141
1447885311492
1447885311826
1447885312169
1447885312486
1447885312828
1447885313146
1447885313489
1447885313898
1447885314223
1447885314590
1447885314950
1447885315292
1447885315610
1447885315944
1447885316261
1447885316619
1447885316979
1447885317413
1447885317739
1447885318089
1447885318423
1447885318757
1447885319100
1447885319434
1447885319751
1447885320119
1447885320528
1447885320846
1447885321213
1447885321547
1447885321898
1447885322223
1447885322557
1447885322866
1447885323192
1447885323577
1447885323894
1447885324220
1447885324562
1447885324896
1447885325230
1447885325564
1447885325890
1447885326233
1447885326655
1447885326968
1447885327319
1447885327653
1447885327987
1447885328355
1447885328697
1447885329055
1447885329398
1447885329791
1447885330108
1447885330442
1447885330759
1447885331085
1447885331419
1447885331745
1447885332072
1447885332550
1447885332890
1447885333241
1447885333583
1447885333959
1447885334285
1447885334619
1447885334936
1447885335278
1447885335689
1447885336030
1447885336381
1447885336698
1447885337041
1447885337383
1447885337726
1447885338051
1447885338401
1447885338769
1447885339119
1447885339485
1447885339903
1447885340237
1447885340603
1447885340946
1447885341280
1447885341614
1447885341940
1447885342274
1447885342600
1447885343010
1447885343361
1447885343719
1447885344070
1447885344403
1447885344746
1447885345080
1447885345422
1447885345740
1447885346099
1447885346511
1447885346851
1447885347202
1447885347544
1447885347928
1447885348270
1447885348604
1447885348930
1447885349289
1447885349656
1447885350023
1447885350449
1447885350774
1447885351149
1447885351492
1447885351833
1447885352168
1447885352510
1447885352836
1447885353161
1447885353538
1447885353951
1447885354289
1447885354656
1447885354982
1447885355333
1447885355675
1447885356026
1447885356393
1447885356727
1447885357146
1447885357479
1447885357814
1447885358147
1447885358473
1447885358807
1447885359133
1447885359450
1447885359818
1447885360227
1447885360553
1447885360921
1447885361288
1447885361614
1447885361957
1447885362282
1447885362632
1447885362966
1447885363325
1447885363691
1447885364117
1447885364451
1447885364834
1447885365194
1447885365536
1447885365894
1447885366253
1447885366579
1447885366954
1447885367381
1447885367756
1447885368123
1447885368557
1447885368899
1447885369250
1447885369584
1447885369926
