1447886171673
1447886173789
1447886174132
1447886174508
1447886174909
1447886175252
1447886175561
1447886175903
1447886176246
1447886176596
1447886176914
1447886177273
1447886177632
1447886177981
1447886178399
1447886178758
1447886179100
1447886179426
1447886179760
1447886180069
1447886180403
1447886180712
1447886181080
1447886181498
1447886181823
1447886182157
1447886182499
1447886182850
1447886183151
1447886183502
1447886183811
1447886184195
1447886184586
1447886184913
1447886185255
1447886185598
1447886185923
1447886186249
1447886186574
1447886186908
1447886187234
1447886187577
1447886187969
1447886188287
1447886188638
1447886189005
1447886189339
1447886189673
1447886190023
1447886190373
1447886190715
1447886191032
1447886191367
1447886191775
1447886192094
1447886192428
1447886192778
1447886193104
1447886193421
1447886193764
1447886194073
1447886194407
1447886194776
1447886195118
1447886195435
1447886195786
1447886196096
1447886196413
1447886196798
1447886197190
1447886197556
1447886197949
1447886198282
1447886198609
1447886199035
1447886199360
1447886199678
1447886199996
1447886200338
1447886200720
1447886201048
1447886201382
1447886201699
1447886202068
1447886202402
1447886202736
1447886203140
1447886203464
1447886203815
1447886204157
1447886204475
1447886204817
1447886205143
1447886205477
1447886205862
1447886206212
1447886206546
1447886206872
1447886207223
1447886207532
1447886207875
1447886208200
1447886208542
1447886208944
1447886209287
1447886209587
1447886209937
1447886210280
1447886210597
1447886210947
1447886211265
1447886211590
1447886211948
1447886212274
1447886212658
1447886213008
1447886213401
1447886213759
1447886214109
1447886214460
1447886214811
1447886215153
1447886215495
1447886215821
1447886216146
1447886216506
1447886216884
1447886217207
1447886217567
1447886217875
1447886218210
1447886218560
1447886218886
1447886219195
1447886219538
1447886219948
1447886220281
1447886220615
1447886220982
1447886221324
1447886221675
1447886222000
1447886222334
1447886222652
1447886222986
1447886223370
1447886223713
1447886224047
1447886224373
1447886224732
1447886225049
1447886225375
1447886225751
1447886226393
1447886226819
1447886227161
1447886227512
1447886227846
1447886228197
1447886228547
1447886228932
1447886229282
1447886229641
1447886230059
1447886230418
1447886231086
1447886231419
1447886231762
1447886232096
1447886232455
1447886232806
1447886233173
1447886233498
1447886233976
1447886234285
1447886234635
1447886234985
1447886235303
1447886235669
1447886235987
1447886236337
1447886236687
1447886237030
1447886237388
1447886237730
1447886238148
1447886238473
1447886238807
1447886239159
1447886239476
1447886239810
1447886240136
1447886240828
1447886241221
1447886241572
1447886241906
1447886242231
1447886242582
1447886242899
1447886243225
1447886243543
1447886243974
1447886244295
1447886244638
1447886244956
1447886245290
1447886245640
1447886245990
1447886246340
1447886246674
1447886246991
1447886247325
1447886247726
1447886248044
1447886248378
1447886248712
1447886249071
1447886249405
1447886249756
1447886250065
1447886250399
1447886250776
1447886251127
1447886251444
1447886251786
1447886252104
1447886252454
1447886252796
1447886253130
1447886253464
1447886253868
1447886254183
1447886254525
1447886254868
1447886255227
1447886255560
1447886255903
1447886256229
1447886256563
1447886256973
1447886257340
1447886257681
1447886258032
1447886258366
1447886258709
1447886259068
1447886259386
1447886259711
1447886260121
1447886260447
1447886260791
1447886261125
1447886261450
1447886261759
1447886262110
1447886262495
1447886262821
1447886263147
1447886263481
1447886263790
1447886264133
1447886264442
1447886264776
1447886265161
1447886265495
1447886265813
1447886266163
1447886266481
1447886266823
1447886267166
1447886267508
1447886267892
1447886268235
1447886268561
1447886268870
1447886269221
1447886269538
1447886269896
1447886270238
1447886270547
1447886270873
1447886271271
1447886271583
1447886271909
1447886272260
1447886272594
1447886272911
1447886273254
1447886273563
1447886274049
1447886274375
1447886274701
1447886275027
1447886275361
1447886275687
1447886276028
1447886276379
1447886276789
1447886277123
1447886277473
1447886277807
1447886278133
1447886278450
1447886278809
1447886279143
1447886279477
1447886279836
1447886280220
1447886280538
1447886280872
1447886281189
1447886281524
1447886281857
1447886282183
1447886282509
1447886282843
1447886283236
1447886283578
1447886283929
1447886284271
1447886284613
1447886284939
1447886285282
1447886285607
1447886285967
1447886286384
1447886286702
1447886287053
1447886287403
1447886287754
1447886288088
1447886288438
1447886288780
1447886289114
1447886289465
1447886289843
1447886290159
1447886290500
1447886290834
1447886291168
1447886291494
1447886291819
1447886292145
1447886292463
1447886292822
1447886293197
1447886293547
1447886293948
1447886294298
1447886294641
1447886294966
1447886295300
1447886295618
1447886295960
1447886296278
1447886296620
1447886297029
1447886297372
1447886297698
1447886298040
1447886298374
1447886298692
1447886299042
1447886299359
1447886299709
1447886300060
1447886300445
1447886300771
1447886301122
1447886301448
1447886301757
1447886302099
1447886302408
1447886302742
1447886303111
1447886303445
1447886303771
1447886304130
1447886304472
1447886304806
1447886305532
1447886305883
1447886306284
1447886306626
1447886306977
1447886307303
1447886307654
1447886307987
1447886308330
1447886308655
1447886308998
1447886309441
1447886309784
1447886310143
1447886310476
1447886310819
1447886311153
1447886311504
1447886311837
1447886312171
1447886312513
1447886312898
1447886313215
1447886313565
1447886313899
1447886314208
1447886314566
1447886314909
1447886315234
1447886315576
1447886315910
1447886316260
1447886316618
1447886316978
1447886317404
1447886317721
1447886318064
1447886318398
1447886318740
1447886319126
1447886319460
1447886319869
1447886320204
1447886320546
1447886320863
1447886321206
1447886321523
1447886321867
1447886322311
1447886322661
1447886323003
1447886323329
1447886323680
1447886323997
1447886324331
1447886324648
1447886324990
1447886325349
1447886325742
1447886326051
1447886326402
1447886326719
1447886327053
1447886327404
1447886327729
1447886328047
1447886328389
1447886328782
1447886329091
1447886329434
1447886329759
1447886330085
1447886330411
1447886330752
1447886331102
1447886331437
1447886331770
1447886332104
1447886332513
1447886332848
1447886333207
1447886333550
1447886333868
1447886334227
1447886334561
1447886334920
1447886335314
1447886335638
1447886335980
1447886336330
1447886336656
1447886336989
1447886337339
1447886337682
1447886337991
1447886338349
1447886338675
1447886339000
1447886339350
1447886339676
1447886340094
1447886340420
1447886340754
1447886341079
1447886341421
1447886341755
1447886342097
1447886342440
1447886342757
1447886343091
1447886343517
1447886343853
1447886344286
1447886344629
1447886344971
1447886345297
1447886345631
1447886345999
1447886346424
1447886346734
1447886347068
1447886347385
1447886347711
1447886348053
1447886348403
1447886348753
1447886349128
1447886349437
1447886349771
1447886350156
1447886350499
1447886350833
1447886351183
1447886351526
1447886351852
1447886352219
1447886352561
1447886352895
1447886353322
1447886353673
1447886353999
1447886354341
1447886354667
1447886355017
1447886355359
1447886355693
1447886356027
1447886356436
1447886356771
1447886357097
1447886357439
1447886357781
1447886358090
1447886358424
1447886358742
1447886359084
1447886359489
1447886359803
1447886360161
1447886360495
1447886360838
1447886361180
1447886361522
1447886361873
1447886362190
1447886362549
1447886362959
1447886363310
1447886363652
1447886363961
1447886364320
1447886364671
1447886364997
1447886365331
1447886365750
1447886366100
1447886366434
1447886366760
1447886367101
1447886367426
1447886367744
1447886368069
1447886368403
1447886368712
1447886369055
1447886369473
1447886369816
1447886370141
1447886370476
1447886370818
1447886371160
1447886371486
1447886371862
1447886372204
1447886372554
1447886372947
1447886373272
1447886373606
1447886373923
1447886374257
1447886374575
1447886374917
1447886375276
1447886375602
1447886375989
1447886376320
1447886376663
1447886377039
1447886377365
1447886377707
1447886378050
1447886378392
1447886378751
1447886379169
1447886379511
1447886379853
1447886380179
1447886380521
1447886380856
1447886381215
1447886381566
1447886381916
1447886382317
1447886382659
1447886382985
1447886383327
1447886383662
1447886383980
1447886384390
1447886384816
1447886385150
1447886385492
1447886385818
1447886386152
1447886386511
1447886386854
1447886387212
1447886387555
1447886387964
1447886388290
1447886388650
1447886388991
1447886389334
1447886389660
1447886390002
1447886390353
1447886390712
1447886391079
1447886391437
1447886391863
1447886392205
1447886392572
1447886392906
1447886393215
1447886393581
1447886393907
1447886394275
1447886394592
1447886394960
1447886395361
1447886395687
1447886396021
1447886396363
1447886396705
1447886397031
1447886397364
1447886397699
1447886398016
1447886398358
1447886398751
1447886399094
1447886399436
1447886399745
1447886400105
1447886400438
1447886400764
1447886401090
1447886401457
1447886401867
1447886402209
1447886402567
1447886402925
1447886403268
1447886403610
1447886403977
1447886404311
1447886404654
1447886404971
1447886405322
1447886405723
1447886406116
1447886406450
1447886406784
1447886407109
1447886407443
1447886407769
1447886408095
1447886408437
1447886408847
1447886409223
1447886409532
1447886409866
1447886410184
1447886410527
1447886410860
1447886411194
1447886411596
1447886411972
1447886412298
1447886412624
1447886412974
1447886413308
1447886413634
1447886413968
1447886414370
1447886414712
1447886415070
1447886415411
1447886415738
1447886416063
1447886416421
1447886416763
1447886417089
1447886417439
1447886417774
1447886418149
1447886418498
1447886418824
1447886419259
1447886419585
1447886419902
1447886420236
1447886420570
1447886420887
1447886421221
1447886421530
1447886421873
1447886422266
1447886422592
1447886422926
1447886423268
1447886423610
1447886423936
1447886424304
1447886424646
1447886424997
1447886425402
1447886425740
1447886426074
1447886426400
1447886426734
1447886427068
1447886427426
1447886427776
1447886428111
1447886428445
1447886428846
1447886429164
1447886429498
1447886429840
1447886430192
1447886430542
1447886430868
1447886431211
1447886431612
1447886431929
1447886432255
1447886432597
1447886432931
1447886433265
1447886433623
1447886433973
1447886434308
1447886434651
1447886435044
1447886435386
1447886435728
1447886436062
1447886436389
1447886436748
1447886437074
1447886437521
1447886437877
1447886438219
1447886438536
1447886438903
1447886439279
1447886439622
1447886440050
1447886440367
1447886440718
1447886441043
1447886441385
1447886441728
1447886442045
1447886442403
1447886442746
1447886443088
1447886443473
1447886443799
1447886444157
1447886444524
1447886444875
1447886445183
1447886445525
1447886445859
1447886446209
1447886446560
1447886446886
1447886447237
1447886447638
1447886447964
1447886448298
1447886448615
1447886448966
1447886449317
1447886449651
1447886449976
1447886450319
1447886450712
1447886451046
1447886451380
1447886451697
1447886452023
1447886452340
1447886452666
1447886452984
1447886453334
1447886453716
1447886454045
1447886454387
1447886454729
1447886455064
1447886455397
1447886455723
1447886456057
1447886456408
1447886456758
1447886457159
1447886457493
1447886457844
1447886458194
1447886458520
1447886458821
1447886459155
1447886459489
1447886459814
1447886460213
1447886460558
1447886460884
1447886461218
1447886461576
1447886461926
1447886462285
1447886462619
1447886462953
1447886463279
1447886463629
1447886463988
1447886464474
1447886464816
1447886465150
1447886465476
1447886465802
1447886466119
1447886466462
1447886466854
1447886467172
1447886467523
1447886467840
1447886468182
1447886468541
1447886468875
1447886469210
1447886469679
1447886470004
1447886470321
1447886470655
1447886470981
1447886471298
1447886471641
1447886471958
1447886472292
1447886472692
1447886473044
1447886473394
1447886473729
1447886474062
1447886474396
1447886474714
1447886475048
1447886475373
1447886475716
1447886476066
1447886476433
1447886476859
1447886477192
1447886477527
1447886477852
1447886478186
1447886478495
1447886478846
1447886479155
1447886479497
1447886480288
1447886480616
1447886480976
1447886481326
1447886481636
1447886481961
1447886482279
1447886482621
1447886483006
1447886483340
1447886483682
1447886483991
1447886484343
1447886484668
1447886484986
1447886485312
1447886485721
1447886486030
1447886486365
1447886486691
1447886487008
1447886487351
1447886487676
1447886488052
1447886488479
1447886488821
1447886489155
1447886489489
1447886489839
1447886490148
1447886490508
1447886490841
1447886491176
1447886491603
1447886491936
1447886492270
1447886492621
1447886492972
1447886493305
1447886493981
1447886494290
1447886494624
1447886495039
1447886495384
1447886495743
1447886496102
1447886496445
1447886496762
1447886497105
1447886497489
1447886497814
1447886498224
1447886498558
1447886498900
1447886499210
1447886499560
1447886499894
1447886500228
1447886500554
1447886500904
1447886501263
1447886501656
1447886502000
1447886502334
1447886502651
1447886502985
1447886503303
1447886503662
1447886504035
1447886504432
1447886504758
1447886505067
1447886505409
1447886505718
1447886506052
1447886506446
1447886506821
1447886507171
1447886507505
1447886507822
1447886508164
1447886508515
1447886508840
1447886509174
1447886509509
1447886509937
1447886510253
1447886510579
1447886510905
1447886511214
1447886511565
1447886511874
1447886512232
1447886512575
1447886512984
1447886513302
1447886513652
1447886513994
1447886514346
1447886514688
1447886515006
1447886515340
1447886515742
1447886516067
1447886516409
1447886516743
1447886517069
1447886517378
1447886517720
1447886518029
1447886518363
1447886518743
1447886519049
1447886519399
1447886519750
1447886520101
1447886520410
