1447883162242
1447883164404
1447883164806
1447883165240
1447883165565
1447883165892
1447883166234
1447883166552
1447883166911
1447883167228
1447883167571
1447883167979
1447883168306
1447883168664
1447883168998
1447883169340
1447883169674
1447883170000
1447883170351
1447883170668
1447883171036
1447883171444
1447883171788
1447883172147
1447883172480
1447883172806
1447883173140
1447883173502
1447883173981
1447883174320
1447883174670
1447883174996
1447883175338
1447883175679
1447883176037
1447883176363
1447883176689
1447883177006
1447883177332
1447883177691
1447883178100
1447883178435
1447883178795
1447883179146
1447883179496
1447883179838
1447883180156
1447883180506
1447883180890
1447883181248
1447883181641
1447883181958
1447883182284
1447883182593
1447883182918
1447883183219
1447883183570
1447883183887
1447883184213
1447883184614
1447883184932
1447883185258
1447883185600
1447883185917
1447883186226
1447883186552
1447883186861
1447883187212
1447883187626
1447883187997
1447883188355
1447883188698
1447883189032
1447883189366
1447883189726
1447883190043
1447883190402
1447883190804
1447883191122
1447883191430
1447883191765
1447883192074
1447883192399
1447883192717
1447883193068
1447883193452
1447883193787
1447883194137
1447883194446
1447883194797
1447883195156
1447883195465
1447883195808
1447883196176
1447883196485
1447883196828
1447883197161
1447883197495
1447883197846
1447883198180
1447883198514
1447883198857
1447883199232
1447883199565
1447883200009
1447883200326
1447883200668
1447883201019
1447883201353
1447883201694
1447883202037
1447883202371
1447883202729
1447883203055
1447883203422
1447883203815
1447883204157
1447883204475
1447883204816
1447883205167
1447883205485
1447883205819
1447883206161
1447883206495
1447883206837
1447883207238
1447883207563
1447883207906
1447883208273
1447883208591
1447883208959
1447883209268
1447883209619
1447883210008
1447883210337
1447883210671
1447883210997
1447883211340
1447883211682
1447883212007
1447883212342
1447883212684
1447883213068
1447883213394
1447883213796
1447883214130
1447883214480
1447883214814
1447883215132
1447883215474
1447883215901
1447883216235
1447883216561
1447883216895
1447883217221
1447883217555
1447883217881
1447883218223
1447883218625
1447883218958
1447883219292
1447883219618
1447883219960
1447883220278
1447883220629
1447883220971
1447883221313
1447883221732
1447883222082
1447883222433
1447883222775
1447883223133
1447883223500
1447883223851
1447883224244
1447883224552
1447883224887
1447883225237
1447883225595
1447883226047
1447883226381
1447883226715
1447883227057
1447883227375
1447883227709
1447883228059
1447883228402
1447883228795
1447883229129
1447883229463
1447883229780
1447883230115
1447883230457
1447883230791
1447883231142
1447883231484
1447883231868
1447883232194
1447883232520
1447883232837
1447883233180
1447883233514
1447883233857
1447883234199
1447883234566
1447883234916
1447883235309
1447883235643
1447883235968
1447883236286
1447883236620
1447883237279
1447883237654
1447883237972
1447883238339
1447883238757
1447883239083
1447883239417
1447883239742
1447883240068
1447883240386
1447883240728
1447883241045
1447883241379
1447883241780
1447883242098
1447883242424
1447883242766
1447883243100
1447883243409
1447883243793
1447883244102
1447883244452
1447883244778
1447883245162
1447883245480
1447883245815
1447883246157
1447883246474
1447883246825
1447883247143
1447883247468
1447883247854
1447883248180
1447883248497
1447883248881
1447883249215
1447883249549
1447883249883
1447883250217
1447883250593
1447883250936
1447883251262
1447883251570
1447883251905
1447883252230
1447883252564
1447883252873
1447883253207
1447883253584
1447883253926
1447883254252
1447883254569
1447883254912
1447883255239
1447883255572
1447883255906
1447883256248
1447883256581
1447883256966
1447883257283
1447883257641
1447883257984
1447883258301
1447883258635
1447883259002
1447883259352
1447883259702
1447883260087
1447883260412
1447883260763
1447883261164
1447883261498
1447883261839
1447883262182
1447883262516
1447883262841
1447883263184
1447883263510
1447883263877
1447883264228
1447883264616
1447883264946
1447883265297
1447883265614
1447883265940
1447883266282
1447883266608
1447883266917
1447883267268
1447883267653
1447883267970
1447883268304
1447883268621
1447883268980
1447883269331
1447883269657
1447883269966
1447883270317
1447883270710
1447883271019
1447883271345
1447883271688
1447883272013
1447883272372
1447883272681
1447883273007
1447883273384
1447883273744
1447883274078
1447883274412
1447883274770
1447883275120
1447883275455
1447883275797
1447883276122
1447883276507
1447883276849
1447883277184
1447883277517
1447883277860
1447883278169
1447883278503
1447883278837
1447883279188
1447883279598
1447883279981
1447883280323
1447883280641
1447883280975
1447883281284
1447883281627
1447883281936
1447883282270
1447883282647
1447883282989
1447883283306
1447883283641
1447883283966
1447883284300
1447883284634
1447883285002
1447883285453
1447883285812
1447883286163
1447883286488
1447883286847
1447883287165
1447883287524
1447883287842
1447883288209
1447883288612
1447883288969
1447883289320
1447883289637
1447883289972
1447883290306
1447883290665
1447883291032
1447883291391
1447883291733
1447883292118
1447883292452
1447883292769
1447883293096
1447883293430
1447883293900
1447883294251
1447883294560
1447883294894
1447883295236
1447883295562
1447883295879
1447883296230
1447883296620
1447883296941
1447883297267
1447883297626
1447883297960
1447883298303
1447883298637
1447883298996
1447883299406
1447883299757
1447883300082
1447883300401
1447883300726
1447883301069
1447883301411
1447883301812
1447883302130
1447883302456
1447883302807
1447883303141
1447883303492
1447883303810
1447883304185
1447883304579
1447883304947
1447883305289
1447883305639
1447883305957
1447883306306
1447883306633
1447883306966
1447883307292
1447883307675
1447883307986
1447883308320
1447883308671
1447883309021
1447883309347
1447883309681
1447883309998
1447883310324
1447883310717
1447883311043
1447883311384
1447883311719
1447883312053
1447883312379
1447883312721
1447883313039
1447883313372
1447883313775
1447883314126
1447883314460
1447883314786
1447883315154
1447883315487
1447883315830
1447883316232
1447883316582
1447883316941
1447883317275
1447883317601
1447883317943
1447883318309
1447883318668
1447883319018
1447883319344
1447883319678
1447883320097
1447883320431
1447883320757
1447883321091
1447883321433
1447883321759
1447883322068
1447883322402
1447883322787
1447883323121
1447883323446
1447883323764
1447883324106
1447883324440
1447883324766
1447883325100
1447883325450
1447883325801
1447883326202
1447883326552
1447883326895
1447883327220
1447883327563
1447883327897
1447883328257
1447883328591
1447883328981
1447883329301
1447883329635
1447883329953
1447883330279
1447883330612
1447883330963
1447883331280
1447883331631
1447883332032
1447883332375
1447883332709
1447883333026
1447883333385
1447883333713
1447883334180
1447883334557
1447883334932
1447883335258
1447883335575
1447883335909
1447883336235
1447883336610
1447883336943
1447883337301
1447883337635
1447883337986
1447883338344
1447883338686
1447883339062
1447883339428
1447883339838
1447883340205
1447883340563
1447883340905
1447883341239
1447883341589
1447883341932
1447883342257
1447883342608
1447883342934
1447883343301
1447883343711
1447883344045
1447883344370
1447883344704
1447883345047
1447883345397
1447883345723
1447883346107
1447883346458
1447883346859
1447883347202
1447883347552
1447883347878
1447883348237
1447883348563
1447883348914
1447883349256
1447883349606
1447883349974
1447883350400
1447883350742
1447883351084
1447883351418
1447883351760
1447883352086
1447883352445
1447883352780
1447883353155
1447883353564
1447883353924
1447883354258
1447883354600
1447883354934
1447883355251
1447883355585
1447883355911
1447883356269
1447883356620
1447883357038
1447883357372
1447883357715
1447883358040
1447883358374
1447883358725
1447883359101
1447883359459
1447883359811
1447883360245
1447883360571
1447883360938
1447883361255
1447883361598
1447883361932
1447883362266
1447883362592
1447883362934
1447883363327
1447883363644
1447883363996
1447883364330
1447883364656
1447883364998
1447883365315
1447883365641
1447883366043
1447883366393
1447883366719
1447883367061
1447883367387
1447883367729
1447883368055
1447883368405
1447883368747
1447883369107
1447883369532
1447883369858
1447883370201
1447883370543
1447883370893
1447883371227
1447883371561
1447883371903
1447883372212
1447883372546
1447883372956
1447883373298
1447883373641
1447883374016
1447883374343
1447883374684
1447883375061
1447883375411
1447883375762
1447883376163
1447883376524
1447883376866
1447883377183
1447883377526
1447883377843
1447883378186
1447883378612
1447883378954
1447883379288
1447883379631
1447883379973
1447883380299
1447883380642
1447883380992
1447883381317
1447883381744
1447883382112
1447883382446
1447883382805
1447883383122
1447883383465
1447883383792
1447883384201
1447883384535
1447883384861
1447883385212
1447883385554
1447883385904
1447883386230
1447883386573
1447883386932
1447883387299
1447883387657
1447883388066
1447883388400
1447883388760
1447883389119
1447883389445
1447883389779
1447883390113
1447883390447
1447883390848
1447883391174
1447883391516
1447883391833
1447883392168
1447883392510
1447883392852
1447883393187
1447883393537
1447883393964
1447883394315
1447883394632
1447883394982
1447883395300
1447883395634
1447883395968
1447883396285
1447883396644
1447883397037
1447883397371
1447883397714
1447883398031
1447883398373
1447883398699
1447883399042
1447883399384
1447883399709
1447883400128
1447883400479
1447883400830
1447883401180
1447883401539
1447883401890
1447883402208
1447883402622
1447883402977
1447883403703
1447883404045
1447883404404
1447883404730
1447883405090
1447883405449
1447883405881
1447883406226
1447883406575
1447883406926
1447883407252
1447883407610
1447883407968
1447883408302
1447883408628
1447883408955
1447883409389
1447883409731
1447883410080
1447883410457
1447883410790
1447883411124
1447883411441
1447883411791
1447883412117
1447883412451
1447883412785
1447883413136
1447883413462
1447883413855
1447883414180
1447883414515
1447883414848
1447883415182
1447883415500
1447883415834
1447883416151
1447883416494
1447883416903
1447883417221
1447883417547
1447883417890
1447883418207
1447883418541
1447883418901
1447883419285
1447883419686
1447883420019
1447883420354
1447883420671
1447883421005
1447883421314
1447883421657
1447883421982
1447883422316
1447883422698
1447883423018
1447883423344
1447883423678
1447883424021
1447883424380
1447883424748
1447883425107
1447883425507
1447883425867
1447883426201
1447883426535
1447883426870
1447883427212
1447883427521
1447883427872
1447883428257
1447883428607
1447883428925
1447883429260
1447883429569
1447883429895
1447883430245
1447883430604
1447883431031
1447883431398
1447883431740
1447883432092
1447883432417
1447883432760
1447883433111
1447883433504
1447883433830
1447883434164
1447883434490
1447883434833
1447883435209
1447883435534
1447883435885
1447883436278
1447883436629
1447883436963
1447883437306
1447883437640
1447883437991
1447883438325
1447883438684
1447883439101
1447883439453
1447883439814
1447883440172
1447883440531
1447883440865
1447883441191
1447883441601
1447883441935
1447883442260
1447883442603
1447883442962
1447883443296
1447883443647
1447883444141
1447883444484
1447883444818
1447883445152
1447883445478
1447883445829
1447883446146
1447883446472
1447883446858
1447883447217
1447883447534
1447883447893
1447883448219
1447883448586
1447883448937
1447883449296
1447883449663
1447883450089
1447883450424
1447883450749
1447883451092
1447883451417
1447883451768
1447883452094
1447883452453
1447883452836
1447883453171
1447883453506
1447883453814
1447883454183
1447883454517
1447883454826
1447883455168
1447883455562
1447883455887
1447883456229
1447883456538
1447883456871
1447883457206
1447883457539
1447883457882
1447883458199
1447883458533
1447883458935
1447883459285
1447883459611
1447883459995
1447883460337
1447883460638
1447883460964
1447883461273
1447883461624
1447883462017
1447883462351
1447883462685
1447883463002
1447883463344
1447883463662
1447883464020
1447883464354
1447883464671
1447883465005
1447883465419
1447883465724
1447883466067
1447883466410
1447883466719
1447883467053
1447883467370
1447883467704
1447883468063
1447883468456
1447883468781
1447883469107
1447883469424
1447883469742
1447883470051
1447883470385
1447883470719
1447883471044
1447883471458
1447883471780
1447883472106
1447883472448
1447883472824
1447883473141
1447883473475
1447883473784
1447883474220
1447883474537
1447883474870
1447883475195
1447883475538
1447883475855
1447883476204
1447883476539
1447883476856
1447883477206
1447883477549
1447883477907
1447883478258
1447883478659
1447883478977
1447883479335
1447883479669
1447883479995
1447883480345
1447883480696
1447883481030
1447883481339
1447883481682
1447883482091
1447883482417
1447883482743
1447883483086
1447883483411
1447883483763
1447883484291
1447883484617
1447883484969
1447883485294
1447883485637
1447883485987
1447883486338
1447883486747
1447883487098
1447883487448
1447883487798
1447883488149
1447883488482
1447883488816
1447883489193
1447883489502
1447883489836
1447883490205
1447883490539
1447883490848
1447883491182
1447883491499
1447883491825
1447883492151
1447883492510
1447883492903
1447883493229
1447883493570
1447883493913
1447883494272
1447883494590
1447883494916
1447883495284
1447883495685
1447883496002
1447883496345
1447883496687
1447883497037
1447883497396
1447883497730
1447883498064
1447883498390
1447883498732
1447883499091
1447883499484
1447883499820
1447883500146
1447883500480
1447883500789
1447883501114
1447883501516
1447883501842
1447883502176
1447883502501
1447883502835
1447883503144
1447883503479
1447883503804
1447883504147
1447883504566
1447883504915
1447883505249
1447883505575
1447883505908
1447883506258
1447883506601
1447883506943
1447883507268
1447883507594
1447883507936
1447883508304
1447883508705
1447883509038
1447883509372
1447883509756
1447883510090
1447883510399
