1447882410226
1447882412295
1447882412646
1447882413031
1447882413348
1447882413658
1447882414000
1447882414360
1447882414702
1447882415037
1447882415425
1447882415747
1447882416097
1447882416455
1447882416798
1447882417131
1447882417465
1447882417791
1447882418125
1447882418434
1447882418802
1447882419178
1447882419495
1447882419831
1447882420173
1447882420499
1447882420817
1447882421176
1447882421572
1447882421902
1447882422245
1447882422595
1447882422938
1447882423263
1447882423613
1447882423948
1447882424290
1447882424624
1447882425045
1447882425359
1447882425719
1447882426061
1447882426379
1447882426713
1447882427047
1447882427381
1447882427782
1447882428125
1447882428450
1447882428768
1447882429102
1447882429427
1447882429762
1447882430071
1447882430413
1447882430789
1447882431123
1447882431441
1447882431750
1447882432092
1447882432401
1447882432744
1447882433078
1447882433420
1447882433851
1447882434189
1447882434531
1447882434857
1447882435199
1447882435533
1447882435892
1447882436259
1447882436594
1447882436995
1447882437321
1447882437646
1447882437972
1447882438315
1447882438657
1447882438982
1447882439317
1447882439642
1447882440035
1447882440369
1447882440712
1447882441046
1447882441396
1447882441714
1447882442056
1447882442560
1447882442902
1447882443211
1447882443554
1447882443871
1447882444197
1447882444531
1447882444890
1447882445291
1447882445617
1447882445943
1447882446260
1447882446586
1447882446928
1447882447269
1447882447612
1447882447946
1447882448304
1447882448647
1447882448997
1447882449347
1447882449756
1447882450082
1447882450431
1447882450774
1447882451099
1447882451458
1447882451809
1447882452134
1447882452502
1447882452860
1447882453220
1447882453612
1447882453963
1447882454313
1447882454663
1447882455006
1447882455348
1447882455682
1447882456024
1447882456358
1447882456684
1447882457043
1447882457434
1447882457812
1447882458146
1447882458463
1447882458813
1447882459147
1447882459498
1447882459832
1447882460174
1447882460525
1447882461284
1447882461610
1447882461936
1447882462253
1447882462587
1447882462913
1447882463255
1447882463589
1447882463915
1447882464291
1447882464634
1447882464959
1447882465285
1447882465636
1447882465961
1447882466304
1447882466646
1447882466980
1447882467373
1447882467699
1447882468033
1447882468358
1447882468710
1447882469093
1447882469444
1447882469778
1447882470146
1447882470572
1447882470906
1447882471272
1447882471639
1447882471990
1447882472387
1447882472705
1447882473056
1447882473365
1447882473698
1447882474024
1447882474375
1447882474709
1447882475052
1447882475436
1447882475745
1447882476080
1447882476405
1447882476731
1447882477056
1447882477383
1447882477742
1447882478435
1447882478786
1447882479152
1447882479504
1447882479839
1447882480173
1447882480524
1447882480924
1447882481243
1447882481569
1447882481903
1447882482221
1447882482556
1447882482898
1447882483291
1447882483625
1447882483959
1447882484268
1447882484627
1447882484945
1447882485280
1447882485630
1447882486031
1447882486349
1447882486667
1447882486993
1447882487302
1447882487644
1447882487954
1447882488329
1447882488715
1447882489049
1447882489374
1447882489708
1447882490026
1447882490360
1447882490677
1447882491045
1447882491446
1447882491772
1447882492121
1447882492480
1447882492814
1447882493156
1447882493506
1447882493840
1447882494182
1447882494508
1447882494826
1447882495193
1447882495577
1447882495911
1447882496254
1447882496563
1447882496897
1447882497223
1447882497557
1447882497899
1447882498533
1447882498909
1447882499227
1447882499561
1447882499878
1447882500213
1447882500555
1447882500873
1447882501223
1447882501616
1447882501942
1447882502276
1447882502645
1447882502978
1447882503312
1447882503947
1447882504297
1447882504706
1447882505024
1447882505349
1447882505692
1447882506051
1447882506368
1447882506694
1447882507011
1447882507353
1447882507687
1447882508029
1447882508379
1447882508771
1447882509089
1447882509439
1447882509773
1447882510090
1447882510416
1447882510750
1447882511084
1447882511401
1447882511735
1447882512137
1447882512548
1447882512899
1447882513241
1447882513559
1447882513901
1447882514294
1447882514620
1447882514938
1447882515264
1447882515581
1447882515907
1447882516233
1447882516575
1447882516954
1447882517269
1447882517627
1447882517995
1447882518337
1447882518655
1447882518997
1447882519323
1447882519657
1447882520017
1447882520343
1447882520652
1447882520986
1447882521295
1447882521629
1447882521939
1447882522298
1447882522690
1447882523008
1447882523349
1447882523699
1447882524033
1447882524359
1447882524684
1447882525043
1447882525378
1447882525687
1447882526037
1447882526405
1447882526723
1447882527065
1447882527391
1447882527726
1447882528060
1447882528677
1447882529011
1447882529388
1447882529731
1447882530048
1447882530374
1447882530691
1447882531025
1447882531368
1447882531710
1447882532077
1447882532529
1447882532896
1447882533230
1447882533564
1447882533881
1447882534240
1447882534599
1447882534967
1447882535396
1447882535735
1447882536086
1447882536395
1447882536730
1447882537047
1447882537373
1447882537699
1447882538100
1447882538734
1447882539104
1447882539446
1447882539771
1447882540097
1447882540431
1447882540773
1447882541158
1447882541508
1447882541849
1447882542200
1447882542526
1447882542860
1447882543177
1447882543503
1447882543820
1447882544171
1447882544540
1447882544856
1447882545207
1447882545516
1447882545850
1447882546184
1447882546510
1447882546836
1447882547187
1447882547673
1447882547990
1447882548333
1447882548675
1447882549009
1447882549351
1447882549694
1447882550075
1447882550412
1447882550738
1447882551047
1447882551365
1447882551690
1447882552032
1447882552350
1447882552692
1447882553102
1447882553436
1447882553762
1447882554087
1447882554413
1447882554730
1447882555072
1447882555398
1447882555740
1447882556066
1447882556439
1447882556751
1447882557085
1447882557411
1447882557737
1447882558054
1447882558371
1447882558689
1447882559014
1447882559408
1447882559742
1447882560093
1447882560419
1447882560736
1447882561062
1447882561379
1447882561713
1447882562055
1447882562449
1447882562816
1447882563158
1447882563492
1447882563801
1447882564135
1447882564470
1447882564829
1447882565613
1447882565939
1447882566273
1447882566598
1447882566924
1447882567233
1447882567575
1447882567910
1447882568261
1447882568645
1447882568971
1447882569296
1447882569597
1447882569932
1447882570257
1447882570591
1447882570900
1447882571234
1447882571602
1447882571928
1447882572270
1447882572579
1447882572963
1447882573273
1447882573598
1447882573924
1447882574258
1447882574608
1447882574993
1447882575326
1447882575644
1447882575969
1447882576295
1447882576612
1447882576938
1447882577247
1447882577615
1447882578003
1447882578350
1447882578684
1447882579035
1447882579369
1447882579678
1447882580038
1447882580405
1447882580798
1447882581132
1447882581483
1447882581808
1447882582159
1447882582476
1447882582802
1447882583145
1447882583487
1447882583891
1447882584231
1447882584574
1447882584915
1447882585266
1447882585583
1447882585925
1447882586285
1447882586635
1447882587045
1447882587688
1447882588072
1447882588397
1447882588723
1447882589048
1447882589390
1447882589732
1447882590041
1447882590391
1447882590725
1447882591110
1447882591419
1447882591762
1447882592087
1447882592421
1447882592773
1447882593098
1447882593424
1447882593809
1447882594160
1447882594511
1447882594853
1447882595171
1447882595505
1447882595831
1447882596190
1447882596583
1447882596900
1447882597242
1447882597551
1447882597894
1447882598203
1447882598553
1447882598878
1447882599196
1447882599513
1447882599932
1447882600258
1447882600583
1447882600935
1447882601276
1447882601602
1447882601936
1447882602262
1447882602656
1447882603007
1447882603341
1447882603691
1447882604017
1447882604367
1447882604717
1447882605060
1447882605401
1447882605727
1447882606114
1447882606429
1447882606763
1447882607097
1447882607440
1447882607824
1447882608151
1447882608510
1447882608902
1447882609228
1447882609570
1447882609888
1447882610222
1447882610547
1447882610890
1447882611199
1447882611533
1447882611909
1447882612243
1447882612569
1447882612936
1447882613262
1447882613571
1447882613897
1447882614214
1447882614540
1447882614916
1447882615250
1447882615601
1447882615910
1447882616261
1447882616570
1447882616920
1447882617254
1447882617571
1447882617905
1447882618290
1447882618624
1447882618982
1447882619316
1447882619658
1447882620010
1447882620335
1447882620669
1447882620978
1447882621320
1447882621696
1447882622014
1447882622357
1447882622732
1447882623083
1447882623408
1447882623742
1447882624060
1447882624419
1447882624812
1447882625129
1447882625464
1447882625797
1447882626131
1447882626474
1447882626824
1447882627133
1447882627459
1447882627835
1447882628145
1447882628479
1447882628804
1447882629138
1447882629464
1447882629798
1447882630132
1447882630458
1447882630864
1447882631177
1447882631503
1447882631836
1447882632162
1447882632488
1447882632898
1447882633257
1447882633625
1447882633960
1447882634277
1447882634611
1447882634928
1447882635262
1447882635605
1447882635955
1447882636340
1447882636674
1447882637009
1447882637342
1447882637653
1447882638004
1447882638321
1447882638697
1447882639015
1447882639341
1447882639666
1447882640017
1447882640342
1447882640677
1447882640986
1447882641320
1447882641704
1447882642022
1447882642363
1447882642698
1447882643023
1447882643357
1447882643683
1447882644017
1447882644334
1447882644677
1447882645061
1447882645370
1447882645704
1447882646014
1447882646331
1447882646665
1447882647006
1447882647356
1447882647698
1447882648016
1447882648350
1447882648743
1447882649077
1447882649403
1447882649771
1447882650080
1447882650422
1447882650740
1447882651065
1447882651450
1447882651784
1447882652118
1447882652427
1447882652786
1447882653095
1447882653420
1447882653746
1447882654055
1447882654413
1447882654899
1447882655225
1447882655534
1447882655868
1447882656169
1447882656510
1447882656836
1447882657145
1447882657487
1447882657880
1447882658206
1447882658556
1447882658899
1447882659224
1447882659558
1447882659884
1447882660218
1447882660552
1447882660878
1447882661262
1447882661580
1447882661914
1447882662239
1447882662574
1447882662916
1447882663242
1447882663575
1447882663944
1447882664336
1447882664645
1447882664996
1447882665305
1447882665638
1447882665989
1447882666323
1447882666648
1447882666966
1447882667300
1447882667743
1447882668094
1447882668420
1447882668755
1447882669080
1447882669406
1447882669731
1447882670074
1447882670467
1447882670792
1447882671135
1447882671460
1447882671803
1447882672128
1447882672463
1447882672798
1447882673216
1447882673550
1447882673876
1447882674235
1447882674561
1447882674920
1447882675246
1447882675588
1447882675972
1447882676307
1447882676649
1447882676958
1447882677301
1447882677618
1447882677986
1447882678328
1447882678721
1447882679047
1447882679373
1447882679708
1447882680025
1447882680359
1447882680676
1447882681010
1447882681396
1447882681722
1447882682047
1447882682373
1447882682700
1447882683067
1447882683418
1447882683815
1447882684120
1447882684454
1447882684788
1447882685131
1447882685473
1447882685791
1447882686117
1447882686510
1447882686845
1447882687170
1447882687504
1447882687813
1447882688156
1447882688473
1447882688841
1447882689225
1447882689559
1447882689917
1447882690267
1447882690610
1447882690944
1447882691262
1447882691596
1447882691930
1447882692264
1447882692699
1447882693066
1447882693400
1447882693709
1447882694043
1447882694344
1447882694678
1447882695003
1447882695329
1447882695731
1447882696065
1447882696399
1447882696707
1447882697050
1447882697359
1447882697711
1447882698061
1447882698454
1447882698780
1447882699106
1447882699423
1447882699775
1447882700134
1447882700443
1447882700777
1447882701162
1447882701504
1447882701830
1447882702155
1447882702488
1447882702873
1447882703206
1447882703524
1447882703858
1447882704192
1447882704577
1447882704911
1447882705270
1447882705604
1447882705963
1447882706280
1447882706614
1447882706948
1447882707299
1447882707722
1447882708051
1447882708377
1447882708702
1447882709036
1447882709337
1447882709678
1447882710029
1447882710347
1447882710714
1447882711095
1447882711416
1447882711742
1447882712092
1447882712418
1447882712720
1447882713070
1447882713396
1447882713738
1447882714156
1447882714532
1447882714849
1447882715192
1447882715544
1447882715912
1447882716688
1447882717014
1447882717348
1447882717673
1447882717999
1447882718333
1447882718668
1447882719009
1447882719327
1447882719742
1447882720096
1447882720445
1447882720788
1447882721130
1447882721480
1447882721814
1447882722140
1447882722489
1447882722823
1447882723149
1447882723499
1447882723842
1447882724192
1447882724542
1447882724935
1447882725268
1447882725610
1447882725944
1447882726286
1447882726620
1447882726979
1447882727305
1447882727614
1447882727981
1447882728374
1447882728683
1447882729035
1447882729361
1447882729661
1447882730004
1447882730329
1447882730655
1447882731057
1447882731391
1447882731734
1447882732076
1447882732402
1447882732728
1447882733112
1447882733462
1447882733813
1447882734214
1447882734547
1447882734882
1447882735224
1447882735558
1447882735884
1447882736218
1447882736535
1447882736869
1447882737258
1447882737563
1447882737964
1447882738299
1447882738624
1447882738958
1447882739275
1447882739618
1447882740045
1447882740378
1447882740712
1447882741030
1447882741380
1447882741706
1447882742040
1447882742374
1447882742849
1447882743169
1447882743511
1447882743845
1447882744179
1447882744505
1447882744839
1447882745156
1447882745516
1447882745917
1447882746242
1447882746585
1447882746910
1447882747244
1447882747578
1447882747938
1447882748271
1447882748631
1447882749024
1447882749333
1447882749675
1447882750001
1447882750335
1447882750652
1447882750978
1447882751320
1447882751663
1447882752389
1447882753031
1447882753374
1447882753724
1447882754108
1447882754450
1447882754793
1447882755127
1447882755469
1447882755879
1447882756196
1447882756555
1447882756889
1447882757232
