1447876616595
1447876618723
1447876619065
1447876619466
1447876619801
1447876620135
1447876620494
1447876620812
1447876621163
1447876621497
1447876621831
1447876622233
1447876622584
1447876622909
1447876623260
1447876623611
1447876623953
1447876624295
1447876624646
1447876625072
1447876625431
1447876625774
1447876626116
1447876626450
1447876626784
1447876627127
1447876627444
1447876627947
1447876628298
1447876628615
1447876628949
1447876629267
1447876629609
1447876629943
1447876630301
1447876630652
1447876631045
1447876631354
1447876631705
1447876632022
1447876632348
1447876632707
1447876633075
1447876633409
1447876633811
1447876634136
1447876634478
1447876634821
1447876635163
1447876635480
1447876635815
1447876636157
1447876636491
1447876636890
1447876637210
1447876637552
1447876637911
1447876638237
1447876638554
1447876638938
1447876639280
1447876639606
1447876640000
1447876640334
1447876640651
1447876640985
1447876641303
1447876641653
1447876641996
1447876642330
1447876642732
1447876643075
1447876643408
1447876643743
1447876644068
1447876644402
1447876644720
1447876645079
1447876645476
1447876645806
1447876646157
1447876646474
1447876646816
1447876647158
1447876647493
1447876647819
1447876648186
1447876648580
1447876648904
1447876649247
1447876649623
1447876649957
1447876650308
1447876650634
1447876650984
1447876651403
1447876651736
1447876652071
1447876652404
1447876652739
1447876653064
1447876653407
1447876653775
1447876654150
1447876654551
1447876654877
1447876655203
1447876655536
1447876655861
1447876656204
1447876656563
1447876656905
1447876657222
1447876657574
1447876657999
1447876658309
1447876658635
1447876659003
1447876659328
1447876659671
1447876659996
1447876660322
1447876660699
1447876661025
1447876661342
1447876661669
1447876662003
1447876662320
1447876662757
1447876663091
1447876663408
1447876663767
1447876664101
1447876664444
1447876664811
1447876665178
1447876665571
1447876665923
1447876666232
1447876666558
1447876666908
1447876667251
1447876667576
1447876667927
1447876668277
1447876668636
1447876669028
1447876669362
1447876669704
1447876670022
1447876670356
1447876670673
1447876671050
1447876671400
1447876671796
1447876672136
1447876672478
1447876672905
1447876673231
1447876673549
1447876673899
1447876674310
1447876674635
1447876675010
1447876675361
1447876675702
1447876676045
1447876676371
1447876676713
1447876677047
1447876677389
1447876677825
1447876678175
1447876678518
1447876678843
1447876679185
1447876679511
1447876679853
1447876680162
1447876680513
1447876680906
1447876681232
1447876681574
1447876681891
1447876682233
1447876682567
1447876682910
1447876683269
1447876683619
1447876683953
1447876684391
1447876684731
1447876685065
1447876685391
1447876685741
1447876686076
1447876686393
1447876686752
1447876687159
1447876687487
1447876687855
1447876688207
1447876688557
1447876688916
1447876689225
1447876689592
1447876689942
1447876690352
1447876690669
1447876691012
1447876691346
1447876691680
1447876692022
1447876692348
1447876692674
1447876693108
1447876693426
1447876693786
1447876694154
1447876694463
1447876694797
1447876695123
1447876695490
1447876695891
1447876696250
1447876696576
1447876696877
1447876697211
1447876697537
1447876697863
1447876698197
1447876698585
1447876698957
1447876699292
1447876699635
1447876699952
1447876700294
1447876700611
1447876700961
1447876701304
1447876701705
1447876702031
1447876702366
1447876702708
1447876703017
1447876703368
1447876704052
1447876704410
1447876704846
1447876705213
1447876705547
1447876705872
1447876706222
1447876706572
1447876706915
1447876707249
1447876707591
1447876707967
1447876708301
1447876708710
1447876709054
1447876709379
1447876709739
1447876710081
1447876710431
1447876710757
1447876711100
1447876711509
1447876711818
1447876712145
1447876712479
1447876712791
1447876713226
1447876713551
1447876713902
1447876714245
1447876714570
1447876714913
1447876715239
1447876715581
1447876715957
1447876716309
1447876716634
1447876716968
1447876717302
1447876717628
1447876717988
1447876718382
1447876718732
1447876719058
1447876719391
1447876719718
1447876720060
1447876720410
1447876720736
1447876721094
1447876721445
1447876721846
1447876722164
1447876722523
1447876722882
1447876723216
1447876723559
1447876723860
1447876724194
1447876724582
1447876724896
1447876725230
1447876725597
1447876725940
1447876726265
1447876726608
1447876726933
1447876727259
1447876727656
1447876727969
1447876728304
1447876728646
1447876728971
1447876729281
1447876729623
1447876729940
1447876730266
1447876730635
1447876731019
1447876731345
1447876731687
1447876732004
1447876732347
1447876732681
1447876733023
1447876733424
1447876733742
1447876734076
1447876734410
1447876734744
1447876735070
1447876735411
1447876735754
1447876736071
1447876736405
1447876736790
1447876737157
1447876737483
1447876737825
1447876738151
1447876738460
1447876738811
1447876739119
1447876739461
1447876739812
1447876740197
1447876740506
1447876740848
1447876741174
1447876741508
1447876741850
1447876742184
1447876742510
1447876742979
1447876743322
1447876743639
1447876743991
1447876744341
1447876744675
1447876745027
1447876745427
1447876745745
1447876746087
1447876746413
1447876746746
1447876747089
1447876747414
1447876747757
1447876748141
1447876748475
1447876748817
1447876749210
1447876749535
1447876749885
1447876750227
1447876750536
1447876750887
1447876751238
1447876751588
1447876751905
1447876752257
1447876752649
1447876753018
1447876753335
1447876753677
1447876753995
1447876754329
1447876754646
1447876754980
1447876755349
1447876755683
1447876756000
1447876756335
1447876756668
1447876757011
1447876757320
1447876757679
1447876758038
1447876758426
1447876758748
1447876759107
1447876759441
1447876759759
1447876760093
1447876760410
1447876760744
1447876761129
1447876761463
1447876761797
1447876762106
1447876762440
1447876762749
1447876763083
1447876763401
1447876763752
1447876764153
1447876764470
1447876764820
1447876765178
1447876765504
1447876765846
1447876766172
1447876766514
1447876766840
1447876767165
1447876767500
1447876767893
1447876768218
1447876768553
1447876768878
1447876769212
1447876769564
1447876769939
1447876770265
1447876770650
1447876770975
1447876771310
1447876771627
1447876771961
1447876772262
1447876772588
1447876772905
1447876773230
1447876773610
1447876773941
1447876774267
1447876774635
1447876774960
1447876775303
1447876775612
1447876775954
1447876776357
1447876776681
1447876777023
1447876777373
1447876777707
1447876778109
1447876778452
1447876778794
1447876779120
1447876779478
1447876779880
1447876780214
1447876780523
1447876780849
1447876781183
1447876781525
1447876781859
1447876782218
1447876782611
1447876782964
1447876783298
1447876783623
1447876783957
1447876784291
1447876784625
1447876785028
1447876785362
1447876785671
1447876786005
1447876786330
1447876786648
1447876786966
1447876787344
1447876787668
1447876787994
1447876788328
1447876788670
1447876789013
1447876789355
1447876789689
1447876790031
1447876790425
1447876790758
1447876791084
1447876791410
1447876791752
1447876792094
1447876792429
1447876792788
1447876793139
1447876793552
1447876793874
1447876794192
1447876794518
1447876794852
1447876795194
1447876795528
1447876795870
1447876796264
1447876796607
1447876796932
1447876797291
1447876797609
1447876797985
1447876798344
1447876798703
1447876799094
1447876799446
1447876799780
1447876800106
1447876800441
1447876800783
1447876801109
1447876801477
1447876801895
1447876802220
1447876802562
1447876802871
1447876803213
1447876803531
1447876803898
1447876804248
1447876804566
1447876804908
1447876805250
1447876805651
1447876805993
1447876806336
1447876806686
1447876807036
1447876807394
1447876807737
1447876808088
1447876808397
1447876808773
1447876809158
1447876809475
1447876809818
1447876810135
1447876810460
1447876810794
1447876811137
1447876811463
1447876811839
1447876812240
1447876812557
1447876812868
1447876813285
1447876813636
1447876813953
1447876814304
1447876814709
1447876815048
1447876815397
1447876815747
1447876816082
1447876816424
1447876816749
1447876817075
1447876817401
1447876817718
1447876818121
1447876818447
1447876818765
1447876819099
1447876819442
1447876819751
1447876820110
1447876820489
1447876820812
1447876821155
1447876821505
1447876821838
1447876822173
1447876822507
1447876822824
1447876823167
1447876823560
1447876823869
1447876824203
1447876824553
1447876824903
1447876825246
1447876825571
1447876825905
1447876826223
1447876826557
1447876826975
1447876827327
1447876827660
1447876827986
1447876828312
1447876828653
1447876829003
1447876829329
1447876829663
1447876830039
1447876830813
1447876831124
1447876831458
1447876831792
1447876832118
1447876832435
1447876832755
1447876833189
1447876833498
1447876833824
1447876834159
1447876834484
1447876834810
1447876835136
1447876835478
1447876835870
1447876836205
1447876836539
1447876836874
1447876837191
1447876837534
1447876837851
1447876838227
1447876838620
1447876839013
1447876839330
1447876839673
1447876839998
1447876840333
1447876840675
1447876841009
1447876841359
1447876841709
1447876842119
1447876842452
1447876842778
1447876843128
1447876843463
1447876843780
1447876844106
1447876844415
1447876844741
1447876845169
1447876845492
1447876845818
1447876846144
1447876846478
1447876846779
1447876847113
1447876847430
1447876847756
1447876848139
1447876848458
1447876848808
1447876849142
1447876849492
1447876849826
1447876850144
1447876850486
1447876850812
1447876851234
1447876851548
1447876851882
1447876852199
1447876852534
1447876852851
1447876853314
1447876853647
1447876853973
1447876854307
1447876854633
1447876854958
1447876855285
1447876855619
1447876856012
1447876856321
1447876856655
1447876857006
1447876857349
1447876857665
1447876857991
1447876858325
1447876858685
1447876859069
1447876859395
1447876859728
1447876860061
1447876860395
1447876860721
1447876861062
1447876861405
1447876861714
1447876862055
1447876862381
1447876862715
1447876863073
1447876863440
1447876863774
1447876864116
1447876864500
1447876864826
1447876865184
1447876865510
1447876865843
1447876866169
1447876866478
1447876866828
1447876867178
1447876867538
1447876867864
1447876868249
1447876868583
1447876868892
1447876869226
1447876869552
1447876869886
1447876870203
1447876870546
1447876870938
1447876871279
1447876871656
1447876871998
1447876872316
1447876872650
1447876873010
1447876873378
1447876873772
1447876874097
1447876874431
1447876874773
1447876875115
1447876875433
1447876875775
1447876876092
1447876876435
1447876876829
1447876877171
1447876877488
1447876877831
1447876878140
1447876878482
1447876878817
1447876879235
1447876879552
1447876879887
1447876880212
1447876880546
1447876880889
1447876881223
1447876881548
1447876881899
1447876882300
1447876882618
1447876882952
1447876883294
1447876883620
1447876883955
1447876884264
1447876884598
1447876884983
1447876885308
1447876885658
1447876885993
1447876886327
1447876886644
1447876886979
1447876887312
1447876887638
1447876888057
1447876888383
1447876888700
1447876889052
1447876889402
1447876889712
1447876890088
1447876890488
1447876890806
1447876891149
1447876891474
1447876891807
1447876892141
1447876892483
1447876892834
1447876893143
1447876893485
1447876893828
1447876894204
1447876894529
1447876894913
1447876895230
1447876895556
1447876895865
1447876896208
1447876896550
1447876896884
1447876897294
1447876897628
1447876897946
1447876898304
1447876898646
1447876898987
1447876899322
1447876899664
1447876899989
1447876900315
1447876900657
1447876901084
1447876901410
1447876901736
1447876902070
1447876902412
1447876902746
1447876903072
1447876903448
1447876903857
1447876904175
1447876904518
1447876904843
1447876905218
1447876905552
1447876905869
1447876906219
1447876906561
1447876906870
1447876907204
1447876907597
1447876907915
1447876908256
1447876908599
1447876908966
1447876909308
1447876909642
1447876910017
1447876910351
1447876910694
1447876911036
1447876911437
1447876911772
1447876912106
1447876912431
1447876912766
1447876913108
1447876913442
1447876913767
1447876914110
1447876914503
1447876914862
1447876915204
1447876915530
1447876915856
1447876916198
1447876916532
1447876916849
1447876917175
1447876917517
1447876917927
1447876918270
1447876918578
1447876918929
1447876919238
1447876919572
1447876919906
1447876920257
1447876920642
1447876920967
1447876921302
1447876921619
1447876921953
1447876922287
1447876922621
1447876922947
1447876923451
1447876923768
1447876924102
1447876924436
1447876924779
1447876925164
1447876925551
1447876925874
1447876926208
1447876926550
1447876926884
1447876927226
1447876927560
1447876927878
1447876928330
1447876928647
1447876928982
1447876929333
1447876929642
1447876929992
1447876930343
1447876930660
1447876931003
1447876931399
1447876931738
1447876932072
1447876932431
1447876932774
1447876933124
1447876933483
1447876933825
1447876934168
1447876934553
1447876934896
1447876935213
1447876935548
1447876935889
1447876936239
1447876936557
1447876936900
1447876937309
1447876937618
1447876937961
1447876938286
1447876938629
1447876938930
1447876939281
1447876939615
1447876939965
1447876940341
1447876940650
1447876940993
1447876941302
1447876941645
1447876941970
1447876942304
1447876942638
1447876942972
1447876943322
1447876943724
1447876944057
1447876944391
1447876944717
1447876945051
1447876945368
1447876945703
1447876946053
1447876946396
1447876946794
1447876947123
1447876947457
1447876947816
1447876948183
1447876948509
1447876948851
1447876949177
1447876949519
1447876949921
1447876950271
1447876950621
1447876950955
1447876951289
1447876951623
1447876951965
1447876952308
1447876952634
1447876952968
1447876953377
1447876953688
1447876954055
1447876954373
1447876954707
1447876955066
1447876955408
1447876955759
1447876956143
1447876956477
1447876956803
1447876957136
1447876957462
1447876957771
1447876958122
1447876958609
1447876958952
1447876959294
1447876959628
1447876959945
1447876960288
1447876960605
1447876960939
1447876961341
1447876961666
1447876962008
1447876962333
1447876962651
1447876963000
