1447883912614
1447883914654
1447883914980
1447883915332
1447883915741
1447883916075
1447883916418
1447883916768
1447883917102
1447883917411
1447883917754
1447883918104
1447883918447
1447883918805
1447883919215
1447883919549
1447883919891
1447883920217
1447883920559
1447883920876
1447883921219
1447883921544
1447883921912
1447883922337
1447883922680
1447883923023
1447883923365
1447883923699
1447883924025
1447883924351
1447883924677
1447883925053
1447883925432
1447883925746
1447883926096
1447883926422
1447883926747
1447883927081
1447883927415
1447883927749
1447883928091
1447883928442
1447883928860
1447883929178
1447883929528
1447883929897
1447883930231
1447883930573
1447883930915
1447883931282
1447883931625
1447883932017
1447883932326
1447883932685
1447883932994
1447883933337
1447883933679
1447883934013
1447883934339
1447883934817
1447883935159
1447883935468
1447883935803
1447883936128
1447883936462
1447883936779
1447883937130
1447883937497
1447883937926
1447883938265
1447883938615
1447883938974
1447883939308
1447883939651
1447883940069
1447883940428
1447883940770
1447883941156
1447883941498
1447883941815
1447883942166
1447883942492
1447883942834
1447883943177
1447883943527
1447883943954
1447883944296
1447883944638
1447883944972
1447883945323
1447883945657
1447883946041
1447883946375
1447883946726
1447883947119
1447883947461
1447883947787
1447883948104
1447883948447
1447883948764
1447883949098
1447883949432
1447883949766
1447883950100
1447883950484
1447883950801
1447883951151
1447883951494
1447883951836
1447883952203
1447883952562
1447883952912
1447883953270
1447883953613
1447883953938
1447883954288
1447883954631
1447883955024
1447883955341
1447883955684
1447883956034
1447883956368
1447883956710
1447883957045
1447883957379
1447883957738
1447883958135
1447883958465
1447883958841
1447883959183
1447883959525
1447883959867
1447883960201
1447883960510
1447883960845
1447883961213
1447883961530
1447883961856
1447883962198
1447883962548
1447883962882
1447883963199
1447883963525
1447883963843
1447883964218
1447883964611
1447883964955
1447883965288
1447883965639
1447883965956
1447883966299
1447883966616
1447883966984
1447883967410
1447883967736
1447883968095
1447883968420
1447883968763
1447883969113
1447883969456
1447883969782
1447883970224
1447883970543
1447883970885
1447883971244
1447883971578
1447883971912
1447883972246
1447883972581
1447883972931
1447883973332
1447883973641
1447883973991
1447883974326
1447883974684
1447883975042
1447883975402
1447883975744
1447883976093
1447883976428
1447883976770
1447883977111
1447883977446
1447883977847
1447883978206
1447883978540
1447883978882
1447883979225
1447883979575
1447883979901
1447883980218
1447883980553
1447883980954
1447883981288
1447883981614
1447883981957
1447883982282
1447883982625
1447883982951
1447883983293
1447883983679
1447883984021
1447883984346
1447883984689
1447883985057
1447883985391
1447883985749
1447883986092
1447883986442
1447883986868
1447883987227
1447883987553
1447883987895
1447883988221
1447883988546
1447883988880
1447883989198
1447883989524
1447883989967
1447883990301
1447883990635
1447883990969
1447883991311
1447883991620
1447883991962
1447883992280
1447883992629
1447883992964
1447883993373
1447883993691
1447883994058
1447883994375
1447883994726
1447883995068
1447883995394
1447883995711
1447883996063
1447883996439
1447883996748
1447883997090
1447883997407
1447883997732
1447883998075
1447883998392
1447883998718
1447883999035
1447883999369
1447883999738
1447884000131
1447884000457
1447884000783
1447884001117
1447884001442
1447884001768
1447884002170
1447884002495
1447884002821
1447884003155
1447884003489
1447884003806
1447884004157
1447884004466
1447884004927
1447884005271
1447884005605
1447884005906
1447884006240
1447884006574
1447884006933
1447884007318
1447884007643
1447884007960
1447884008278
1447884008595
1447884008904
1447884009238
1447884009564
1447884009905
1447884010256
1447884010649
1447884010958
1447884011317
1447884011626
1447884011944
1447884012286
1447884012603
1447884012929
1447884013297
1447884013689
1447884013998
1447884014333
1447884014684
1447884015035
1447884015377
1447884015694
1447884016044
1447884016370
1447884016763
1447884017072
1447884017423
1447884017765
1447884018091
1447884018416
1447884018758
1447884019108
1447884019442
1447884019743
1447884020127
1447884020536
1447884020854
1447884021195
1447884021530
1447884021847
1447884022172
1447884022481
1447884022807
1447884023116
1447884023459
1447884023851
1447884024161
1447884024520
1447884024829
1447884025154
1447884025488
1447884025814
1447884026131
1447884026483
1447884026875
1447884027193
1447884027535
1447884027852
1447884028185
1447884028528
1447884028879
1447884029221
1447884029555
1447884029915
1447884030289
1447884030691
1447884031016
1447884031350
1447884031692
1447884032026
1447884032335
1447884032678
1447884033020
1447884033378
1447884033738
1447884034130
1447884034456
1447884034798
1447884035124
1447884035484
1447884035801
1447884036119
1447884036436
1447884036847
1447884037189
1447884037506
1447884037841
1447884038183
1447884038509
1447884038834
1447884039176
1447884039527
1447884039995
1447884040338
1447884040655
1447884040989
1447884041315
1447884041632
1447884041950
1447884042275
1447884042652
1447884043003
1447884043320
1447884043646
1447884043964
1447884044298
1447884044598
1447884045043
1447884045368
1447884045702
1447884046019
1447884046362
1447884046671
1447884047005
1447884047330
1447884047656
1447884048043
1447884048358
1447884048684
1447884049010
1447884049344
1447884049653
1447884049987
1447884050321
1447884050672
1447884051114
1447884051432
1447884051765
1447884052083
1447884052408
1447884052750
1447884053084
1447884053393
1447884053742
1447884054060
1447884054402
1447884054752
1447884055070
1447884055420
1447884055770
1447884056138
1447884056480
1447884056829
1447884057156
1447884057506
1447884057832
1447884058157
1447884058483
1447884058800
1447884059143
1447884059530
1447884059846
1447884060230
1447884060555
1447884060881
1447884061215
1447884061541
1447884061883
1447884062263
1447884062627
1447884062968
1447884063303
1447884063611
1447884063970
1447884064296
1447884064613
1447884064947
1447884065248
1447884065582
1447884065950
1447884066284
1447884066609
1447884066935
1447884067261
1447884067570
1447884067904
1447884068205
1447884068564
1447884068940
1447884069257
1447884069607
1447884069965
1447884070300
1447884070625
1447884070959
1447884071276
1447884071611
1447884071928
1447884072254
1447884072638
1447884073014
1447884073340
1447884073665
1447884074008
1447884074333
1447884074667
1447884075001
1447884075368
1447884075702
1447884076044
1447884076428
1447884076737
1447884077096
1447884077413
1447884077739
1447884078080
1447884078406
1447884078723
1447884079056
1447884079382
1447884079708
1447884080067
1447884080519
1447884080852
1447884081186
1447884081495
1447884081821
1447884082138
1447884082464
1447884082781
1447884083107
1447884083488
1447884083809
1447884084152
1447884084486
1447884084820
1447884085120
1447884085454
1447884085772
1447884086106
1447884086499
1447884086808
1447884087158
1447884087484
1447884087826
1447884088151
1447884088477
1447884088811
1447884089120
1447884089488
1447884089907
1447884090283
1447884090624
1447884090950
1447884091276
1447884091618
1447884091936
1447884092278
1447884092671
1447884092980
1447884093338
1447884093673
1447884094006
1447884094332
1447884094666
1447884094992
1447884095301
1447884095770
1447884096112
1447884096462
1447884096813
1447884097147
1447884097481
1447884097807
1447884098165
1447884098483
1447884098842
1447884099243
1447884099552
1447884099895
1447884100212
1447884100538
1447884100906
1447884101265
1447884101599
1447884102015
1447884102351
1447884102685
1447884103044
1447884103386
1447884103720
1447884104080
1447884104422
1447884104764
1447884105191
1447884105508
1447884105874
1447884106217
1447884106559
1447884106885
1447884107236
1447884107570
1447884107887
1447884108238
1447884108622
1447884108931
1447884109266
1447884109574
1447884109901
1447884110345
1447884110687
1447884111037
1447884111422
1447884111755
1447884112098
1447884112423
1447884112757
1447884113083
1447884113409
1447884113734
1447884114085
1447884114491
1447884114821
1447884115163
1447884115515
1447884115857
1447884116191
1447884116550
1447884116884
1447884117243
1447884117652
1447884117986
1447884118320
1447884118645
1447884119005
1447884119322
1447884119648
1447884119965
1447884120299
1447884120684
1447884121059
1447884121385
1447884121694
1447884122020
1447884122329
1447884122663
1447884122989
1447884123323
1447884123701
1447884124008
1447884124342
1447884124668
1447884125002
1447884125319
1447884125645
1447884125962
1447884126288
1447884126682
1447884127015
1447884127741
1447884128083
1447884128409
1447884128751
1447884129085
1447884129411
1447884129760
1447884130112
1447884130513
1447884130830
1447884131164
1447884131481
1447884131840
1447884132157
1447884132491
1447884132825
1447884133193
1447884133527
1447884133911
1447884134254
1447884134579
1447884134888
1447884135223
1447884135549
1447884135891
1447884136217
1447884136602
1447884136919
1447884137245
1447884137579
1447884137904
1447884138222
1447884138556
1447884138873
1447884139224
1447884139615
1447884139985
1447884140377
1447884140711
1447884141069
1447884141387
1447884141712
1447884142054
1447884142372
1447884142723
1447884143107
1447884143425
1447884143750
1447884144076
1447884144402
1447884144744
1447884145070
1447884145405
1447884145789
1447884146098
1447884146441
1447884146766
1447884147109
1447884147426
1447884147760
1447884148086
1447884148437
1447884149172
1447884149539
1447884149881
1447884150274
1447884150591
1447884150918
1447884151259
1447884151594
1447884151991
1447884152312
1447884152646
1447884152972
1447884153322
1447884153672
1447884153998
1447884154323
1447884154681
1447884155007
1447884155325
1447884155692
1447884156085
1447884156427
1447884156785
1447884157128
1447884157437
1447884157795
1447884158138
1447884158480
1447884158814
1447884159148
1447884159499
1447884159917
1447884160243
1447884160569
1447884160903
1447884161245
1447884161579
1447884161896
1447884162231
1447884162623
1447884162941
1447884163267
1447884163601
1447884163935
1447884164252
1447884164595
1447884164937
1447884165304
1447884165963
1447884166321
1447884166698
1447884167032
1447884167349
1447884167675
1447884167992
1447884168318
1447884168627
1447884168970
1447884169347
1447884169663
1447884169997
1447884170314
1447884170649
1447884171008
1447884171317
1447884171651
1447884171993
1447884172343
1447884172744
1447884173078
1447884173412
1447884173738
1447884174080
1447884174397
1447884174741
1447884175075
1447884175476
1447884175794
1447884176145
1447884176470
1447884176796
1447884177105
1447884177438
1447884177773
1447884178148
1447884178499
1447884178920
1447884179259
1447884179609
1447884179943
1447884180387
1447884180696
1447884181056
1447884181448
1447884181766
1447884182092
1447884182409
1447884182751
1447884183077
1447884183410
1447884183777
1447884184119
1447884184436
1447884184779
1447884185171
1447884185498
1447884185882
1447884186224
1447884186558
1447884186884
1447884187234
1447884187560
1447884187911
1447884188313
1447884188655
1447884188989
1447884189323
1447884189657
1447884189974
1447884190300
1447884190625
1447884190959
1447884191370
1447884191704
1447884192013
1447884192364
1447884192673
1447884193024
1447884193350
1447884193700
1447884194082
1447884194410
1447884194736
1447884195062
1447884195413
1447884195747
1447884196065
1447884196416
1447884196808
1447884197126
1447884197469
1447884197803
1447884198120
1447884198471
1447884198781
1447884199148
1447884199534
1447884199850
1447884200199
1447884200542
1447884200876
1447884201227
1447884201552
1447884201910
1447884202252
1447884202578
1447884202912
1447884203237
1447884203652
1447884203981
1447884204315
1447884204657
1447884204991
1447884205301
1447884205643
1447884205952
1447884206278
1447884206663
1447884207031
1447884207340
1447884207674
1447884208016
1447884208350
1447884208676
1447884209010
1447884209411
1447884209754
1447884210097
1447884210481
1447884210798
1447884211173
1447884211531
1447884211882
1447884212224
1447884212567
1447884212969
1447884213303
1447884213612
1447884213946
1447884214255
1447884214605
1447884214930
1447884215248
1447884215607
1447884215998
1447884216309
1447884216635
1447884216985
1447884217319
1447884217628
1447884217962
1447884218271
1447884218614
1447884218999
1447884219333
1447884219667
1447884220027
1447884220437
1447884220762
1447884221105
1447884221506
1447884221832
1447884222174
1447884222508
1447884222842
1447884223176
1447884223510
1447884223819
1447884224478
1447884224864
1447884225206
1447884225565
1447884225906
1447884226248
1447884226582
1447884226933
1447884227267
1447884227617
1447884227960
1447884228353
1447884228695
1447884229038
1447884229355
1447884229706
1447884230023
1447884230349
1447884230683
1447884231076
1447884231450
1447884231860
1447884232185
1447884232528
1447884232845
1447884233196
1447884233505
1447884233839
1447884234173
1447884234499
1447884234881
1447884235201
1447884235535
1447884235910
1447884236244
1447884236570
1447884236912
1447884237239
1447884237581
1447884237951
1447884238258
1447884238616
1447884238958
1447884239292
1447884239634
1447884240010
1447884240370
1447884240737
1447884241104
1447884241516
1447884241856
1447884242215
1447884242524
1447884242866
1447884243201
1447884243543
1447884243852
1447884244194
1447884244588
1447884244930
1447884245264
1447884245598
1447884245973
1447884246332
1447884246675
1447884247000
1447884247368
1447884247769
1447884248095
1447884248421
1447884248764
1447884249089
1447884249424
1447884249732
1447884250082
1447884250433
1447884250826
1447884251144
1447884251478
1447884251795
1447884252129
1447884252471
1447884252806
1447884253156
1447884253490
1447884253891
1447884254209
1447884254560
1447884254894
1447884255237
1447884255563
1447884255888
1447884256230
1447884256629
1447884256958
1447884257308
1447884257642
1447884257975
1447884258318
