1447881259879
1447881261314
1447881261698
1447881262015
1447881262358
1447881262667
1447881263019
1447881263336
1447881263662
1447881264061
1447881264381
1447881264715
1447881265057
1447881265425
1447881265742
1447881266076
1447881266393
1447881266719
1447881267105
1447881267455
1447881267764
1447881268107
1447881268441
1447881268791
1447881269142
1447881269467
1447881269808
1447881270151
1447881270544
1447881270853
1447881271204
1447881271513
1447881271838
1447881272173
1447881272507
1447881272816
1447881273150
1447881273568
1447881273893
1447881274228
1447881274561
1447881274887
1447881275222
1447881275556
1447881275882
1447881276292
1447881276625
1447881276960
1447881277293
1447881277619
1447881277937
1447881278279
1447881278621
1447881279066
1447881279425
1447881279759
1447881280109
1447881280443
1447881280752
1447881281093
1447881281437
1447881281788
1447881282180
1447881282498
1447881282849
1447881283158
1447881283500
1447881283817
1447881284151
1447881284477
1447881284820
1447881285221
1447881285563
1447881285931
1447881286256
1447881286616
1447881286949
1447881287283
1447881287601
1447881287943
1447881288336
1447881288695
1447881289038
1447881289346
1447881289697
1447881290015
1447881290447
1447881290773
1447881291107
1447881291415
1447881291749
1447881292134
1447881292483
1447881292874
1447881293185
1447881293543
1447881293877
1447881294211
1447881294537
1447881294862
1447881295217
1447881295673
1447881296083
1447881296408
1447881296751
1447881297077
1447881297410
1447881297719
1447881298080
1447881298430
1447881298806
1447881299132
1447881299466
1447881299783
1447881300126
1447881300485
1447881300836
1447881301161
1447881301520
1447881301922
1447881302281
1447881302647
1447881303014
1447881303365
1447881303707
1447881304050
1447881304384
1447881304710
1447881305051
1447881305410
1447881305803
1447881306112
1447881306447
1447881306781
1447881307090
1447881307442
1447881307783
1447881308109
1447881308526
1447881308845
1447881309187
1447881309537
1447881309871
1447881310238
1447881310591
1447881311001
1447881311310
1447881311669
1447881311986
1447881312320
1447881312655
1447881312964
1447881313299
1447881313684
1447881314018
1447881314344
1447881314678
1447881315003
1447881315354
1447881315696
1447881316047
1447881316398
1447881316799
1447881317133
1447881317483
1447881317817
1447881318143
1447881318469
1447881318811
1447881319128
1447881319471
1447881319856
1447881320173
1447881320524
1447881320875
1447881321193
1447881321551
1447881321869
1447881322219
1447881322560
1447881322886
1447881323296
1447881323613
1447881323964
1447881324273
1447881324623
1447881324949
1447881325292
1447881325676
1447881326116
1447881326437
1447881326796
1447881327113
1447881327464
1447881327789
1447881328132
1447881328483
1447881328817
1447881329229
1447881329552
1447881329903
1447881330237
1447881330630
1447881331022
1447881331348
1447881331690
1447881332108
1447881332784
1447881333135
1447881333502
1447881333845
1447881334212
1447881334546
1447881334871
1447881335214
1447881335623
1447881335966
1447881336308
1447881336626
1447881336969
1447881337336
1447881337662
1447881338013
1447881338397
1447881338740
1447881339090
1447881339424
1447881339767
1447881340117
1447881340460
1447881340769
1447881341137
1447881341529
1447881341838
1447881342197
1447881342523
1447881342849
1447881343191
1447881343525
1447881343851
1447881344227
1447881344636
1447881344945
1447881345263
1447881345598
1447881345941
1447881346300
1447881346634
1447881346984
1447881347385
1447881347727
1447881348070
1447881348429
1447881348763
1447881349080
1447881349414
1447881349731
1447881350081
1447881350509
1447881350852
1447881351177
1447881351528
1447881351837
1447881352163
1447881352505
1447881352839
1447881353232
1447881353550
1447881353892
1447881354209
1447881354561
1447881354894
1447881355228
1447881355546
1447881355964
1447881356274
1447881356608
1447881356958
1447881357292
1447881357618
1447881357953
1447881358294
1447881358637
1447881358979
1447881359329
1447881359705
1447881360039
1447881360388
1447881360764
1447881361081
1447881361431
1447881361774
1447881362116
1447881362458
1447881362776
1447881363101
1447881363503
1447881363845
1447881364188
1447881364497
1447881364831
1447881365165
1447881365500
1447881366009
1447881366336
1447881366662
1447881366995
1447881367330
1447881367639
1447881367964
1447881368282
1447881368607
1447881368985
1447881369319
1447881369636
1447881369962
1447881370279
1447881370621
1447881370955
1447881371297
1447881371647
1447881372031
1447881372449
1447881372775
1447881373134
1447881373468
1447881373802
1447881374136
1447881374478
1447881374787
1447881375146
1447881375539
1447881375865
1447881376183
1447881376517
1447881376834
1447881377177
1447881377494
1447881377844
1447881378178
1447881378596
1447881378955
1447881379298
1447881379623
1447881379966
1447881380326
1447881380677
1447881381095
1447881381429
1447881381772
1447881382089
1447881382423
1447881382765
1447881383090
1447881383416
1447881383741
1447881384091
1447881384425
1447881384801
1447881385151
1447881385569
1447881385928
1447881386262
1447881386596
1447881386922
1447881387263
1447881387598
1447881387939
1447881388289
1447881388649
1447881389025
1447881389334
1447881389693
1447881390002
1447881390336
1447881390662
1447881391004
1447881391313
1447881391656
1447881392040
1447881392349
1447881392667
1447881393027
1447881393361
1447881393720
1447881394072
1447881394422
1447881394812
1447881395131
1447881395531
1447881395874
1447881396199
1447881396533
1447881396859
1447881397193
1447881397502
1447881397870
1447881398267
1447881398588
1447881398941
1447881399283
1447881399617
1447881399951
1447881400294
1447881400787
1447881401130
1447881401447
1447881401780
1447881402115
1447881402448
1447881402782
1447881403108
1447881403442
1447881403818
1447881404152
1447881404486
1447881404804
1447881405138
1447881405455
1447881405781
1447881406132
1447881406474
1447881406808
1447881407217
1447881407543
1447881407910
1447881408260
1447881408602
1447881408952
1447881409286
1447881409612
1447881409953
1447881410295
1447881410605
1447881410964
1447881411374
1447881411699
1447881412066
1447881412425
1447881412742
1447881413076
1447881413385
1447881413743
1447881414093
1447881414427
1447881414736
1447881415070
1447881415490
1447881415882
1447881416216
1447881416550
1447881416893
1447881417202
1447881417536
1447881417886
1447881418287
1447881418664
1447881418964
1447881419306
1447881419640
1447881419974
1447881420299
1447881420625
1447881421001
1447881421402
1447881421745
1447881422079
1447881422388
1447881422730
1447881423039
1447881423373
1447881423691
1447881424050
1447881424429
1447881424786
1447881425103
1447881425445
1447881425787
1447881426138
1447881426472
1447881426798
1447881427225
1447881427550
1447881427893
1447881428243
1447881428601
1447881428944
1447881429278
1447881429620
1447881429980
1447881430382
1447881430707
1447881431041
1447881431350
1447881431692
1447881432018
1447881432385
1447881432719
1447881433053
1447881433379
1447881433763
1447881434114
1447881434448
1447881434774
1447881435108
1447881435425
1447881435768
1447881436093
1447881436427
1447881436786
1447881437187
1447881437513
1447881437888
1447881438239
1447881438573
1447881438882
1447881439216
1447881439525
1447881439859
1447881440236
1447881440546
1447881440954
1447881441297
1447881441622
1447881441957
1447881442266
1447881442659
1447881442994
1447881443344
1447881443662
1447881443986
1447881444329
1447881444654
1447881444989
1447881445298
1447881445657
1447881446058
1447881446400
1447881446734
1447881447052
1447881447386
1447881447703
1447881448037
1447881448355
1447881448706
1447881449090
1447881449399
1447881449749
1447881450099
1447881450450
1447881450809
1447881451151
1447881451461
1447881451778
1447881452112
1447881452501
1447881452814
1447881453157
1447881453508
1447881453867
1447881454209
1447881454551
1447881454868
1447881455226
1447881455671
1447881455988
1447881456322
1447881456639
1447881456965
1447881457282
1447881457608
1447881457934
1447881458268
1447881458658
1447881459013
1447881459339
1447881459665
1447881459990
1447881460299
1447881460659
1447881461043
1447881461352
1447881461720
1447881462037
1447881462387
1447881462721
1447881463055
1447881463380
1447881463690
1447881464015
1447881464400
1447881464734
1447881465076
1447881465385
1447881465719
1447881466029
1447881466379
1447881467096
1447881467439
1447881467789
1447881468182
1447881468574
1447881468916
1447881469250
1447881469576
1447881469902
1447881470236
1447881470545
1447881470913
1447881471309
1447881471623
1447881471965
1447881472307
1447881472641
1447881472967
1447881473301
1447881473643
1447881473994
1447881474353
1447881474719
1447881475061
1447881475454
1447881475839
1447881476165
1447881476507
1447881476858
1447881477175
1447881477526
1447881477930
1447881478261
1447881478612
1447881478938
1447881479262
1447881479597
1447881479956
1447881480265
1447881480616
1447881481001
1447881481327
1447881481669
1447881482003
1447881482329
1447881482654
1447881482980
1447881483289
1447881483640
1447881484033
1447881484342
1447881484660
1447881485019
1447881485328
1447881485670
1447881485979
1447881486304
1447881486605
1447881486964
1447881487322
1447881487705
1447881488024
1447881488382
1447881488750
1447881489066
1447881489425
1447881489759
1447881490084
1447881490435
1447881490778
1447881491153
1447881491504
1447881491930
1447881492281
1447881492607
1447881492957
1447881493283
1447881493634
1447881493976
1447881494344
1447881494748
1447881495079
1447881495446
1447881495755
1447881496098
1447881496441
1447881496758
1447881497109
1447881497776
1447881498126
1447881498514
1447881498844
1447881499195
1447881499538
1447881499847
1447881500172
1447881500506
1447881500857
1447881501208
1447881501609
1447881501942
1447881502285
1447881502610
1447881502969
1447881503311
1447881503653
1447881503987
1447881504313
1447881504656
1447881505065
1447881505391
1447881505750
1447881506110
1447881506435
1447881506786
1447881507095
1447881507438
1447881507831
1447881508156
1447881508515
1447881508857
1447881509191
1447881509517
1447881509834
1447881510176
1447881510525
1447881510894
1447881511236
1447881511629
1447881512005
1447881512355
1447881512690
1447881513032
1447881513374
1447881513734
1447881514067
1447881514410
1447881514811
1447881515170
1447881515529
1447881515846
1447881516197
1447881516548
1447881516882
1447881517199
1447881517542
1447881517977
1447881518295
1447881518646
1447881518972
1447881519306
1447881519631
1447881519981
1447881520332
1447881520725
1447881521051
1447881521418
1447881521752
1447881522086
1447881522421
1447881522747
1447881523113
1447881523473
1447881523907
1447881524241
1447881524600
1447881524926
1447881525285
1447881525636
1447881525995
1447881526329
1447881527061
1447881527381
1447881527732
1447881528100
1447881528426
1447881528785
1447881529111
1447881529445
1447881529829
1447881530172
1447881530506
1447881530907
1447881531242
1447881531576
1447881531909
1447881532243
1447881532927
1447881533285
1447881533695
1447881534037
1447881534387
1447881534713
1447881535038
1447881535388
1447881535740
1447881536116
1447881536458
1447881536892
1447881537210
1447881537553
1447881537878
1447881538212
1447881538521
1447881538855
1447881539173
1447881539490
1447881539909
1447881540259
1447881540601
1447881540935
1447881541278
1447881541603
1447881542263
1447881542622
1447881543032
1447881543382
1447881543717
1447881544034
1447881544368
1447881544685
1447881545027
1447881545354
1447881545815
1447881546157
1447881546466
1447881546792
1447881547118
1447881547453
1447881547837
1447881548204
1447881548588
1447881548913
1447881549247
1447881549598
1447881549932
1447881550266
1447881550617
1447881550934
1447881551285
1447881551695
1447881552029
1447881552379
1447881552705
1447881553056
1447881553365
1447881553699
1447881554059
1447881554452
1447881554794
1447881555137
1447881555454
1447881555796
1447881556105
1447881556455
1447881556797
1447881557098
1447881557432
1447881557830
1447881558151
1447881558493
1447881558844
1447881559186
1447881559512
1447881559855
1447881560213
1447881560563
1447881560940
1447881561357
1447881561674
1447881562033
1447881562351
1447881562693
1447881563027
1447881563370
1447881563704
1447881564046
1447881564464
1447881564790
1447881565116
1447881565433
1447881565767
1447881566127
1447881566444
1447881566794
1447881567136
1447881567487
1447881567837
1447881568222
1447881568556
1447881568889
1447881569224
1447881569549
1447881569883
1447881570209
1447881570551
1447881570978
1447881571329
1447881571655
1447881571989
1447881572323
1447881572649
1447881572966
1447881573342
1447881573769
1447881574120
1447881574470
1447881574813
1447881575138
1447881575481
1447881575798
1447881576149
1447881576581
1447881576953
1447881577303
1447881577646
1447881577980
1447881578305
1447881578657
1447881579066
1447881579392
1447881579742
1447881580068
1447881580402
1447881580746
1447881581146
1447881581488
1447881581900
1447881582232
1447881582583
1447881582951
1447881583277
1447881583611
1447881583953
1447881584295
1447881584654
1447881585072
1447881585397
1447881585740
1447881586065
1447881586391
1447881586708
1447881587043
1447881587393
1447881587719
1447881588125
1447881588446
1447881588805
1447881589156
1447881589506
1447881589824
1447881590175
1447881590526
1447881590944
1447881591311
1447881591669
1447881592044
1447881592387
1447881592721
1447881593070
1447881593421
1447881593747
1447881594105
1447881594456
1447881594806
1447881595165
1447881595524
1447881595992
1447881596326
1447881596668
1447881596985
1447881597319
1447881597678
1447881598003
1447881598346
1447881598663
1447881599014
1447881599415
1447881599783
1447881600133
1447881600459
1447881600819
1447881601169
1447881601527
1447881601878
1447881602246
1447881602613
1447881603014
1447881603356
1447881603707
1447881604032
1447881604375
1447881604700
1447881605043
1447881605368
1447881605711
1447881606143
1447881606471
1447881606822
1447881607190
1447881607516
1447881607867
1447881608192
1447881608526
