1447885420669
1447885422798
1447885423174
1447885423586
1447885423925
1447885424252
1447885424611
1447885424928
1447885425279
1447885425604
1447885425955
1447885426362
1447885426682
1447885427041
1447885427375
1447885427717
1447885428035
1447885428394
1447885428728
1447885429070
1447885429489
1447885429848
1447885430165
1447885430525
1447885430834
1447885431176
1447885431502
1447885431861
1447885432280
1447885432630
1447885432956
1447885433282
1447885433624
1447885433974
1447885434324
1447885434667
1447885435009
1447885435384
1447885435777
1447885436103
1447885436420
1447885436771
1447885437097
1447885437431
1447885437781
1447885438090
1447885438433
1447885438855
1447885439185
1447885439543
1447885439886
1447885440219
1447885440545
1447885440921
1447885441247
1447885441564
1447885441932
1447885442434
1447885442752
1447885443111
1447885443436
1447885443770
1447885444088
1447885444447
1447885444857
1447885445191
1447885445508
1447885445825
1447885446159
1447885446477
1447885446818
1447885447161
1447885447511
1447885447837
1447885448247
1447885448572
1447885448915
1447885449257
1447885449591
1447885449900
1447885450243
1447885450560
1447885450894
1447885451321
1447885451654
1447885451988
1447885452322
1447885452656
1447885453032
1447885453375
1447885453725
1447885454059
1447885454478
1447885454803
1447885455137
1447885455788
1447885456113
1447885456422
1447885456740
1447885457074
1447885457416
1447885457840
1447885458160
1447885458526
1447885458870
1447885459204
1447885459562
1447885459913
1447885460239
1447885460589
1447885460965
1447885461399
1447885461733
1447885462084
1447885462460
1447885462802
1447885463161
1447885463503
1447885463837
1447885464205
1447885464635
1447885464949
1447885465300
1447885465650
1447885465984
1447885466327
1447885466644
1447885466987
1447885467422
1447885467764
1447885468132
1447885468474
1447885468792
1447885469118
1447885469443
1447885469786
1447885470144
1447885470530
1447885470854
1447885471196
1447885471555
1447885471880
1447885472223
1447885472548
1447885472891
1447885473208
1447885473576
1447885473977
1447885474311
1447885474662
1447885475037
1447885475363
1447885475714
1447885476048
1447885476357
1447885476797
1447885477126
1447885477470
1447885477829
1447885478163
1447885478505
1447885478831
1447885479173
1447885479574
1447885479925
1447885480268
1447885480593
1447885480961
1447885481328
1447885481662
1447885482021
1447885482379
1447885482720
1447885483030
1447885483405
1447885483747
1447885484138
1447885484457
1447885484806
1447885485141
1447885485466
1447885485808
1447885486150
1447885486459
1447885486809
1447885487127
1447885487528
1447885487870
1447885488263
1447885488596
1447885488956
1447885489306
1447885489632
1447885489941
1447885490292
1447885490601
1447885490935
1447885491326
1447885491653
1447885491979
1447885492346
1447885492680
1447885492998
1447885493340
1447885493649
1447885493983
1447885494360
1447885494677
1447885495027
1447885495353
1447885495686
1447885496012
1447885496346
1447885496672
1447885496989
1447885497435
1447885497768
1447885498118
1447885498469
1447885498794
1447885499120
1447885499463
1447885499805
1447885500130
1447885500536
1447885500858
1447885501207
1447885501550
1447885501884
1447885502209
1447885502527
1447885502853
1447885503162
1447885503496
1447885503889
1447885504198
1447885504541
1447885504866
1447885505208
1447885505542
1447885505868
1447885506185
1447885506528
1447885506929
1447885507273
1447885507606
1447885507940
1447885508632
1447885508967
1447885509292
1447885509626
1447885510028
1447885510353
1447885510679
1447885511038
1447885511372
1447885511690
1447885512040
1447885512358
1447885512768
1447885513094
1447885513420
1447885513737
1447885514071
1447885514405
1447885514731
1447885515056
1447885515382
1447885515749
1447885516150
1447885516484
1447885516810
1447885517144
1447885517478
1447885517804
1447885518155
1447885518472
1447885518823
1447885519207
1447885519541
1447885519867
1447885520184
1447885520510
1447885520819
1447885521161
1447885521470
1447885521813
1447885522196
1447885522583
1447885522909
1447885523243
1447885523569
1447885523894
1447885524237
1447885524595
1447885524996
1447885525339
1447885525657
1447885525991
1447885526316
1447885526651
1447885526984
1447885527458
1447885527779
1447885528129
1447885528472
1447885528805
1447885529131
1447885529457
1447885529782
1447885530091
1447885530434
1447885530810
1447885531119
1447885531453
1447885531779
1447885532138
1447885532497
1447885532823
1447885533234
1447885533560
1447885533894
1447885534211
1447885534554
1447885534888
1447885535213
1447885535531
1447885535916
1447885536226
1447885536602
1447885536927
1447885537245
1447885537596
1447885538032
1447885538349
1447885538692
1447885539017
1447885539352
1447885539694
1447885540020
1447885540329
1447885540688
1447885541090
1447885541406
1447885541741
1447885542067
1447885542384
1447885542718
1447885543036
1447885543378
1447885543766
1447885544080
1447885544406
1447885544748
1447885545074
1447885545383
1447885545734
1447885546109
1447885546460
1447885546829
1447885547163
1447885547523
1447885547857
1447885548198
1447885548548
1447885548883
1447885549233
1447885549575
1447885549985
1447885550327
1447885550670
1447885551020
1447885551363
1447885551680
1447885552040
1447885552530
1447885552876
1447885553236
1447885553569
1447885553920
1447885554280
1447885554597
1447885554956
1447885555358
1447885555683
1447885556017
1447885556369
1447885556670
1447885557004
1447885557508
1447885557883
1447885558200
1447885558543
1447885558885
1447885559236
1447885559595
1447885559946
1447885560359
1447885560698
1447885561024
1447885561324
1447885561659
1447885561984
1447885562334
1447885562684
1447885563010
1447885563343
1447885563678
1447885564062
1447885564388
1447885564730
1447885565056
1447885565397
1447885565724
1447885566100
1447885566434
1447885566793
1447885567177
1447885567495
1447885567821
1447885568138
1447885568464
1447885568789
1447885569115
1447885569441
1447885569800
1447885570201
1447885570518
1447885570845
1447885571178
1447885571504
1447885571830
1447885572156
1447885572498
1447885572873
1447885573224
1447885573582
1447885573992
1447885574342
1447885574676
1447885575010
1447885575344
1447885575661
1447885575995
1447885576313
1447885576655
1447885577061
1447885577390
1447885577733
1447885578101
1447885578410
1447885578744
1447885579070
1447885579404
1447885579746
1447885580130
1447885580456
1447885580790
1447885581099
1447885581425
1447885581725
1447885582060
1447885582394
1447885582804
1447885583121
1447885583456
1447885583798
1447885584140
1447885584457
1447885584808
1447885585142
1447885585493
1447885585843
1447885586244
1447885586561
1447885586928
1447885587271
1447885587630
1447885587972
1447885588306
1447885588632
1447885588982
1447885589308
1447885589658
1447885590042
1447885590368
1447885590702
1447885591036
1447885591378
1447885591696
1447885592022
1447885592340
1447885592785
1447885593108
1447885593443
1447885593760
1447885594094
1447885594445
1447885594779
1447885595104
1447885595447
1447885595854
1447885596174
1447885596558
1447885596883
1447885597233
1447885597559
1447885597901
1447885598235
1447885598561
1447885598904
1447885599280
1447885599631
1447885599983
1447885600309
1447885600676
1447885600993
1447885601344
1447885601730
1447885602080
1447885602406
1447885602748
1447885603082
1447885603432
1447885603767
1447885604110
1447885604522
1447885604853
1447885605187
1447885605496
1447885605856
1447885606207
1447885606524
1447885606884
1447885607293
1447885607610
1447885607953
1447885608278
1447885608612
1447885608946
1447885609281
1447885609590
1447885609949
1447885610350
1447885610667
1447885610994
1447885611336
1447885611662
1447885612021
1447885612347
1447885612787
1447885613150
1447885613484
1447885613809
1447885614152
1447885614502
1447885614845
1447885615212
1447885615555
1447885615913
1447885616323
1447885616666
1447885616983
1447885617342
1447885617726
1447885618060
1447885618402
1447885618745
1447885619146
1447885619480
1447885619814
1447885620149
1447885620499
1447885620842
1447885621192
1447885621526
1447885621894
1447885622295
1447885622604
1447885622938
1447885623247
1447885623581
1447885623915
1447885624249
1447885624575
1447885624917
1447885625318
1447885625662
1447885625971
1447885626321
1447885626655
1447885627005
1447885627347
1447885627690
1447885628023
1447885628407
1447885628827
1447885629193
1447885629535
1447885629852
1447885630210
1447885630585
1447885630920
1447885631262
1447885631596
1447885631921
1447885632272
1447885632766
1447885633109
1447885633459
1447885633802
1447885634169
1447885634503
1447885634820
1447885635163
1447885635564
1447885635890
1447885636224
1447885636533
1447885636867
1447885637192
1447885637535
1447885637852
1447885638195
1447885638613
1447885638963
1447885639297
1447885639631
1447885639973
1447885640307
1447885640641
1447885641017
1447885641350
1447885641684
1447885642043
1447885642462
1447885642812
1447885643138
1447885643480
1447885643806
1447885644148
1447885644474
1447885644825
1447885645175
1447885645577
1447885645918
1447885646253
1447885646578
1447885646912
1447885647238
1447885647564
1447885647923
1447885648282
1447885648676
1447885648992
1447885649326
1447885649660
1447885649994
1447885650303
1447885650646
1447885650971
1447885651329
1447885651689
1447885652106
1447885652432
1447885652783
1447885653069
1447885653395
1447885653745
1447885654079
1447885654480
1447885654823
1447885655165
1447885655491
1447885655833
1447885656159
1447885656510
1447885656870
1447885657279
1447885657638
1447885657972
1447885658290
1447885658615
1447885659375
1447885659767
1447885660110
1447885660545
1447885660887
1447885661221
1447885661580
1447885661922
1447885662248
1447885662607
1447885662924
1447885663284
1447885663701
1447885664027
1447885664394
1447885664745
1447885665078
1447885665421
1447885665755
1447885666104
1447885666447
1447885666781
1447885667115
1447885667597
1447885667942
1447885668284
1447885668627
1447885668978
1447885669303
1447885669970
1447885670297
1447885670690
1447885671007
1447885671342
1447885671675
1447885672001
1447885672343
1447885672694
1447885673011
1447885673354
1447885673755
1447885674148
1447885674474
1447885674808
1447885675126
1447885675468
1447885675786
1447885676145
1447885676543
1447885676871
1447885677206
1447885677874
1447885678225
1447885678551
1447885678910
1447885679294
1447885679612
1447885679946
1447885680288
1447885680631
1447885681006
1447885681357
1447885681683
1447885682051
1447885682451
1447885682777
1447885683111
1447885683437
1447885683770
1447885684104
1447885684438
1447885684772
1447885685098
1447885685449
1447885685842
1447885686185
1447885686519
1447885686853
1447885687162
1447885687496
1447885687830
1447885688198
1447885688564
1447885688889
1447885689282
1447885689624
1447885689974
1447885690333
1447885690659
1447885691017
1447885691376
1447885691701
1447885692068
1447885692411
1447885692745
1447885693147
1447885693464
1447885693806
1447885694157
1447885694499
1447885694817
1447885695167
1447885695501
1447885695810
1447885696152
1447885696545
1447885696871
1447885697197
1447885697531
1447885697856
1447885698174
1447885698499
1447885698817
1447885699159
1447885699553
1447885699878
1447885700212
1447885700554
1447885700930
1447885701272
1447885701615
1447885701932
1447885702266
1447885702711
1447885703028
1447885703371
1447885703696
1447885704030
1447885704348
1447885704699
1447885705093
1447885705425
1447885705776
1447885706085
1447885706428
1447885706762
1447885707079
1447885707396
1447885707832
1447885708133
1447885708458
1447885708801
1447885709126
1447885709435
1447885709769
1447885710087
1447885710438
1447885710824
1447885711148
1447885711489
1447885711824
1447885712166
1447885712509
1447885712893
1447885713227
1447885713585
1447885713944
1447885714362
1447885714688
1447885715039
1447885715373
1447885715707
1447885716049
1447885716400
1447885716767
1447885717118
1447885717511
1447885717837
1447885718188
1447885718565
1447885718923
1447885719265
1447885719599
1447885719925
1447885720338
1447885720677
1447885721003
1447885721345
1447885721696
1447885722013
1447885722347
1447885722648
1447885722998
1447885723332
1447885723725
1447885724076
1447885724426
1447885724735
1447885725069
1447885725403
1447885725761
1447885726120
1447885726454
1447885726771
1447885727105
1447885727512
1447885727841
1447885728183
1447885728533
1447885728859
1447885729193
1447885729844
1447885730170
1447885730504
1447885730889
1447885731214
1447885731548
1447885731857
1447885732191
1447885732500
1447885732852
1447885733194
1447885733545
1447885733937
1447885734263
1447885734597
1447885734922
1447885735248
1447885735574
1447885735916
1447885736234
1447885736559
1447885736984
1447885737328
1447885737720
1447885738079
1447885738413
1447885738747
1447885739090
1447885739415
1447885739750
1447885740160
1447885740493
1447885740827
1447885741153
1447885741479
1447885741796
1447885742139
1447885742481
1447885743026
1447885743360
1447885743686
1447885743995
1447885744337
1447885744638
1447885744964
1447885745357
1447885745691
1447885746017
1447885746367
1447885746701
1447885747019
1447885747370
1447885747695
1447885748029
1447885748441
1447885748781
1447885749115
1447885749433
1447885749766
1447885750091
1447885750433
1447885750767
1447885751101
1447885751427
1447885751769
1447885752154
1447885752488
1447885752872
1447885753198
1447885753532
1447885753866
1447885754191
1447885754534
1447885754893
1447885755278
1447885755595
1447885755921
1447885756230
1447885756572
1447885756898
1447885757256
1447885757607
1447885757941
1447885758300
1447885758694
1447885759044
1447885759362
1447885759696
1447885760030
1447885760355
1447885760681
1447885761015
1447885761366
1447885761758
1447885762109
1447885762443
1447885762794
1447885763103
1447885763446
1447885763771
1447885764122
1447885764498
1447885764816
1447885765142
1447885765459
1447885765802
1447885766135
1447885766461
1447885766795
1447885767154
1447885767513
1447885767939
1447885768264
1447885768606
1447885768949
1447885769282
1447885769616
