1447876967746
1447876969144
1447876969494
1447876969862
1447876970263
1447876970572
1447876970922
1447876971248
1447876971598
1447876971966
1447876972317
1447876972651
1447876973002
1447876973369
1447876973727
1447876974145
1447876974487
1447876974821
1447876975163
1447876975497
1447876975831
1447876976174
1447876976541
1447876976924
1447876977283
1447876977684
1447876978002
1447876978353
1447876978670
1447876979011
1447876979337
1447876979688
1447876980039
1447876980389
1447876980732
1447876981124
1447876981459
1447876981809
1447876982127
1447876982469
1447876982786
1447876983120
1447876983455
1447876983797
1447876984190
1447876984508
1447876984858
1447876985184
1447876985518
1447876985827
1447876986168
1447876986519
1447876986845
1447876987195
1447876987598
1447876987931
1447876988289
1447876988623
1447876988957
1447876989291
1447876989633
1447876989951
1447876990285
1447876990636
1447876991028
1447876991663
1447876992005
1447876992339
1447876992665
1447876993040
1447876993385
1447876993886
1447876994236
1447876994579
1447876994888
1447876995238
1447876995547
1447876995890
1447876996208
1447876996567
1447876996951
1447876997277
1447876997611
1447876997920
1447876998359
1447876998709
1447876999043
1447876999377
1447876999711
1447877000012
1447877000338
1447877000663
1447877001013
1447877001381
1447877001774
1447877002091
1447877002434
1447877002759
1447877003093
1447877003436
1447877003804
1447877004170
1447877004529
1447877004888
1447877005238
1447877005639
1447877005981
1447877006324
1447877006667
1447877006984
1447877007318
1447877007652
1447877008003
1447877008404
1447877008722
1447877009072
1447877009398
1447877009725
1447877010109
1447877010443
1447877010904
1447877011262
1447877011629
1447877011979
1447877012297
1447877012663
1447877012998
1447877013340
1447877013990
1447877014333
1447877014683
1447877015101
1447877015470
1447877015787
1447877016138
1447877016464
1447877016814
1447877017156
1447877017499
1447877017909
1447877018226
1447877018560
1447877018885
1447877019211
1447877019554
1447877019871
1447877020205
1447877020564
1447877020952
1447877021274
1447877021618
1447877021943
1447877022261
1447877022588
1447877022998
1447877023307
1447877023649
1447877023966
1447877024300
1447877024634
1447877024968
1447877025285
1447877025619
1447877025995
1447877026413
1447877026747
1447877027089
1447877027398
1447877027741
1447877028058
1447877028402
1447877028844
1447877029163
1447877029497
1447877029822
1447877030147
1447877030480
1447877030806
1447877031140
1447877031474
1447877031817
1447877032227
1447877032553
1447877032879
1447877033221
1447877033640
1447877033983
1447877034394
1447877034710
1447877035045
1447877035378
1447877035712
1447877036046
1447877036380
1447877036698
1447877037049
1447877037458
1447877037842
1447877038177
1447877038527
1447877038877
1447877039228
1447877039536
1447877039870
1447877040221
1447877040564
1447877040922
1447877041305
1447877041624
1447877041991
1447877042325
1447877042684
1447877043010
1447877043361
1447877043678
1447877044037
1447877044439
1447877044789
1447877045148
1447877045516
1447877045834
1447877046176
1447877046502
1447877046852
1447877047262
1447877047605
1447877047939
1447877048256
1447877048574
1447877048907
1447877049225
1447877049559
1447877049909
1447877050311
1447877050662
1447877051012
1447877051329
1447877051680
1447877051998
1447877052340
1447877052674
1447877053124
1447877053495
1447877053829
1447877054171
1447877054497
1447877054831
1447877055190
1447877055524
1447877055944
1447877056259
1447877056610
1447877056944
1447877057294
1447877057652
1447877057986
1447877058320
1447877058671
1447877059021
1447877059364
1447877059798
1447877060182
1447877060516
1447877060834
1447877061159
1447877061477
1447877061818
1447877062153
1447877062486
1447877062820
1447877063216
1447877063607
1447877063924
1447877064258
1447877064584
1447877064918
1447877065235
1447877065578
1447877065988
1447877066323
1447877066664
1447877066998
1447877067324
1447877067657
1447877067991
1447877068317
1447877068710
1447877069060
1447877069445
1447877069813
1447877070163
1447877070506
1447877070839
1447877071165
1447877071499
1447877071850
1447877072234
1447877072577
1447877072928
1447877073296
1447877073613
1447877073980
1447877074338
1447877074680
1447877075006
1447877075365
1447877075775
1447877076100
1447877076443
1447877076785
1447877077119
1447877077436
1447877077770
1447877078096
1447877078439
1447877078833
1447877079192
1447877079525
1447877079876
1447877080202
1447877080560
1447877080894
1447877081228
1447877081586
1447877081937
1447877082330
1447877082639
1447877082990
1447877083299
1447877083666
1447877084000
1447877084334
1447877084660
1447877085019
1447877085369
1447877085719
1447877086112
1447877086437
1447877086780
1447877087105
1447877087431
1447877087749
1447877088075
1447877088425
1447877088793
1447877089195
1447877089537
1447877089863
1447877090189
1447877090522
1447877090856
1447877091183
1447877091542
1447877091900
1447877092250
1447877092591
1447877093025
1447877093393
1447877093759
1447877094126
1447877094468
1447877094785
1447877095144
1447877095470
1447877095803
1447877096165
1447877096517
1447877096866
1447877097224
1447877097551
1447877097884
1447877098217
1447877098536
1447877098887
1447877099246
1447877099637
1447877099956
1447877100307
1447877100641
1447877100975
1447877101293
1447877101618
1447877101961
1447877102303
1447877102705
1447877103038
1447877103389
1447877103801
1447877104151
1447877104509
1447877104852
1447877105211
1447877105577
1447877105995
1447877106329
1447877106679
1447877106997
1447877107331
1447877107656
1447877107982
1447877108308
1447877108634
1447877109031
1447877109352
1447877109695
1447877110029
1447877110354
1447877110672
1447877110998
1447877111315
1447877111665
1447877112007
1447877112383
1447877112701
1447877113060
1447877113386
1447877113729
1447877114047
1447877114397
1447877114755
1447877115199
1447877115525
1447877115875
1447877116201
1447877116560
1447877116877
1447877117212
1447877117562
1447877117905
1447877118295
1447877118673
1447877119041
1447877119375
1447877119684
1447877120019
1447877120336
1447877120695
1447877121080
1447877121431
1447877121756
1447877122073
1447877122408
1447877122742
1447877123067
1447877123393
1447877123727
1447877124069
1447877124496
1447877124855
1447877125172
1447877125514
1447877125840
1447877126182
1447877126525
1447877126866
1447877127217
1447877127594
1447877127937
1447877128254
1447877128589
1447877128939
1447877129289
1447877129639
1447877130000
1447877130436
1447877130751
1447877131094
1447877131403
1447877131746
1447877132071
1447877132413
1447877132739
1447877133090
1447877133483
1447877133852
1447877134194
1447877134511
1447877134864
1447877135231
1447877135581
1447877135982
1447877136316
1447877136658
1447877137026
1447877137335
1447877137669
1447877137995
1447877138329
1447877138816
1447877139159
1447877139493
1447877139818
1447877140144
1447877140503
1447877140881
1447877141188
1447877141531
1447877141840
1447877142158
1447877142491
1447877142809
1447877143126
1447877143470
1447877143945
1447877144288
1447877144614
1447877144939
1447877145273
1447877145607
1447877145933
1447877146284
1447877146677
1447877146986
1447877147337
1447877147670
1447877148005
1447877148322
1447877148664
1447877149023
1447877149382
1447877149715
1447877150074
1447877150458
1447877150776
1447877151126
1447877151460
1447877151777
1447877152119
1447877152453
1447877152762
1447877153120
1447877153446
1447877153805
1447877154181
1447877154591
1447877154916
1447877155250
1447877155567
1447877155893
1447877156218
1447877156544
1447877156870
1447877157212
1447877157602
1447877157923
1447877158257
1447877158607
1447877158933
1447877159259
1447877159619
1447877159978
1447877160337
1447877160721
1447877161046
1447877161413
1447877161756
1447877162089
1447877162423
1447877162757
1447877163091
1447877163417
1447877163776
1447877164169
1447877164495
1447877164846
1447877165196
1447877165522
1447877165865
1447877166198
1447877166532
1447877166858
1447877167217
1447877167567
1447877167968
1447877168293
1447877168661
1447877168978
1447877169304
1447877169621
1447877169947
1447877170281
1447877170623
1447877171025
1447877171376
1447877171693
1447877172036
1447877172361
1447877172694
1447877173037
1447877173387
1447877173738
1447877174113
1447877174472
1447877174847
1447877175248
1447877175573
1447877175932
1447877176282
1447877176600
1447877176951
1447877177309
1447877177676
1447877178017
1447877178360
1447877178703
1447877179138
1447877179463
1447877179821
1447877180180
1447877180514
1447877180848
1447877181173
1447877181499
1447877181834
1447877182192
1447877182560
1447877182969
1447877183287
1447877183646
1447877183963
1447877184321
1447877184656
1447877184998
1447877185364
1447877185706
1447877186040
1447877186383
1447877186778
1447877187102
1447877187444
1447877187795
1447877188129
1447877188438
1447877188797
1447877189164
1447877189515
1447877189918
1447877190260
1447877190594
1447877190937
1447877191271
1447877191621
1447877191972
1447877192373
1447877192699
1447877193050
1447877193359
1447877193685
1447877194027
1447877194361
1447877194687
1447877195054
1447877195455
1447877195783
1447877196149
1447877196483
1447877196801
1447877197143
1447877197469
1447877197811
1447877198221
1447877198538
1447877198896
1447877199239
1447877199589
1447877199932
1447877200266
1447877200608
1447877200934
1447877201318
1447877201736
1447877202095
1447877202454
1447877202780
1447877203122
1447877203456
1447877203825
1447877204200
1447877204611
1447877204945
1447877205254
1447877205597
1447877205931
1447877206273
1447877206624
1447877207034
1447877207359
1447877207694
1447877208053
1447877208371
1447877208698
1447877209098
1447877209499
1447877209825
1447877210151
1447877210477
1447877210803
1447877211144
1447877211486
1447877211813
1447877212172
1447877212558
1447877212899
1447877213233
1447877213550
1447877213953
1447877214320
1447877214679
1447877215072
1447877215397
1447877215740
1447877216449
1447877216799
1447877217117
1447877217468
1447877217811
1447877218204
1447877218521
1447877218879
1447877219213
1447877219572
1447877219948
1447877220316
1447877220650
1447877221000
1447877221351
1447877221728
1447877222079
1447877222421
1447877222789
1447877223106
1447877223447
1447877223774
1447877224125
1447877224509
1447877224835
1447877225177
1447877225486
1447877225813
1447877226146
1447877226472
1447877226806
1447877227569
1447877227884
1447877228218
1447877228560
1447877228886
1447877229229
1447877229571
1447877229904
1447877230255
1447877230597
1447877230930
1447877231332
1447877231649
1447877232015
1447877232350
1447877232717
1447877233035
1447877233369
1447877233719
1447877234069
1447877234412
1447877234762
1447877235104
1447877235488
1447877235830
1447877236188
1447877236523
1447877236873
1447877237199
1447877237549
1447877237884
1447877238243
1447877238695
1447877239089
1447877239414
1447877239740
1447877240091
1447877240425
1447877240844
1447877241153
1447877241504
1447877241821
1447877242155
1447877242472
1447877242806
1447877243132
1447877243482
1447877243968
1447877244310
1447877244652
1447877244987
1447877245296
1447877245613
1447877245948
1447877246307
1447877246683
1447877247042
1447877247376
1447877247702
1447877248045
1447877248379
1447877248705
1447877249097
1447877249472
1447877249865
1447877250242
1447877250575
1447877250910
1447877251261
1447877251595
1447877251946
1447877252348
1447877252714
1447877253083
1447877253418
1447877253752
1447877254094
1447877254522
1447877254880
1447877255256
1447877255599
1447877255916
1447877256250
1447877256627
1447877257044
1447877257362
1447877257696
1447877258030
1447877258364
1447877258698
1447877259058
1447877259417
1447877259767
1447877260177
1447877260494
1447877260829
1447877261179
1447877261520
1447877261855
1447877262189
1447877262514
1447877262848
1447877263182
1447877263567
1447877263918
1447877264260
1447877264578
1447877264912
1447877265221
1447877265571
1447877265930
1447877266289
1447877266682
1447877267009
1447877267343
1447877267659
1447877267994
1447877268294
1447877268644
1447877268987
1447877269321
1447877269706
1447877270023
1447877270366
1447877270675
1447877271018
1447877271343
1447877271685
1447877272003
1447877272353
1447877272772
1447877273123
1447877273432
1447877273767
1447877274134
1447877274452
1447877274810
1447877275144
1447877275511
1447877275853
1447877276238
1447877276572
1447877276889
1447877277223
1447877277540
1447877277908
1447877278250
1447877278601
1447877278990
1447877279320
1447877279662
1447877279979
1447877280306
1447877280639
1447877280981
1447877281299
1447877281649
1447877282034
1447877282368
1447877282711
1447877283086
1447877283428
1447877283755
1447877284181
1447877284565
1447877284966
1447877285300
1447877285652
1447877286001
1447877286336
1447877286645
1447877286995
1447877287321
1447877287680
1447877288065
1447877288382
1447877288733
1447877289108
1447877289450
1447877289768
1447877290118
1447877290460
1447877290786
1447877291120
1447877291513
1447877291864
1447877292515
1447877292840
1447877293183
1447877293517
1447877293859
1447877294231
1447877294548
1447877294890
1447877295241
1447877295600
1447877295967
1447877296335
1447877296744
1447877297062
1447877297380
1447877297722
1447877298048
1447877298408
1447877298791
1447877299175
1447877299560
1447877299910
1447877300269
1447877300595
1447877300955
1447877301305
1447877301672
1447877302015
1447877302357
1447877302742
1447877303110
1447877303436
1447877303772
1447877304172
1447877304506
1447877304900
1447877305259
1447877305576
1447877305919
1447877306236
1447877306594
1447877306954
1447877307296
1447877307655
1447877308040
1447877308373
1447877308716
1447877309076
1447877309418
1447877309769
1447877310104
1447877310542
1447877310864
1447877311215
1447877311540
1447877311898
1447877312224
1447877312558
1447877312884
1447877313210
1447877313560
1447877313957
1447877314338
1447877314664
1447877315023
1447877315374
1447877315724
1447877316093
1447877316528
1447877316861
1447877317236
1447877317603
1447877317937
