1447884663986
1447884666157
1447884666525
1447884666938
1447884667260
1447884667586
1447884667913
1447884668264
1447884668581
1447884668940
1447884669358
1447884669717
1447884670059
1447884670385
1447884670728
1447884671070
1447884671421
1447884671780
1447884672190
1447884672516
1447884672842
1447884673168
1447884673493
1447884673845
1447884674195
1447884674546
1447884674948
1447884675299
1447884675641
1447884675976
1447884676343
1447884676678
1447884677028
1447884677395
1447884677745
1447884678163
1447884678488
1447884678814
1447884679148
1447884679482
1447884679807
1447884680134
1447884680467
1447884680827
1447884681270
1447884681612
1447884681913
1447884682264
1447884682573
1447884682923
1447884683273
1447884683582
1447884683908
1447884684313
1447884684644
1447884684969
1447884685320
1447884685646
1447884685955
1447884686305
1447884686614
1447884686948
1447884687326
1447884687660
1447884687969
1447884688311
1447884688637
1447884688971
1447884689322
1447884689664
1447884690099
1447884690458
1447884690800
1447884691109
1447884691451
1447884691769
1447884692094
1447884692421
1447884692771
1447884693169
1447884693498
1447884693824
1447884694158
1447884694500
1447884694842
1447884695168
1447884695477
1447884695837
1447884696255
1447884696598
1447884696906
1447884697249
1447884697575
1447884697917
1447884698226
1447884698569
1447884698970
1447884699279
1447884699646
1447884699955
1447884700299
1447884700658
1447884701018
1447884701368
1447884701769
1447884702086
1447884702444
1447884702795
1447884703112
1447884703462
1447884703796
1447884704121
1447884704463
1447884704814
1447884705123
1447884705473
1447884705832
1447884706242
1447884706576
1447884706918
1447884707260
1447884707586
1447884707920
1447884708262
1447884708571
1447884708947
1447884709333
1447884709649
1447884710008
1447884710317
1447884710651
1447884711010
1447884711344
1447884711670
1447884712030
1447884712481
1447884712814
1447884713157
1447884713482
1447884713824
1447884714158
1447884714492
1447884714809
1447884715144
1447884715486
1447884715862
1447884716205
1447884716539
1447884716848
1447884717190
1447884717499
1447884717842
1447884718201
1447884719024
1447884719370
1447884720038
1447884720396
1447884720730
1447884721082
1447884721508
1447884721918
1447884722285
1447884722644
1447884722962
1447884723313
1447884723663
1447884724031
1447884724381
1447884724829
1447884725151
1447884725510
1447884725844
1447884726185
1447884726528
1447884726903
1447884727253
1447884727595
1447884727929
1447884728279
1447884728622
1447884729056
1447884729374
1447884729733
1447884730050
1447884730417
1447884730768
1447884731085
1447884731436
1447884731778
1447884732137
1447884732521
1447884732847
1447884733181
1447884733490
1447884733841
1447884734167
1447884734501
1447884734810
1447884735135
1447884735537
1447884735897
1447884736256
1447884736590
1447884736907
1447884737257
1447884737575
1447884737908
1447884738242
1447884738593
1447884738994
1447884739636
1447884739970
1447884740304
1447884740630
1447884740939
1447884741274
1447884741616
1447884741998
1447884742326
1447884742660
1447884742978
1447884743312
1447884743654
1447884743980
1447884744314
1447884744648
1447884745007
1447884745441
1447884745783
1447884746118
1447884746468
1447884746794
1447884747111
1447884747445
1447884747787
1447884748121
1447884748532
1447884748891
1447884749208
1447884749551
1447884749868
1447884750210
1447884750552
1447884750894
1447884751212
1447884751612
1447884751939
1447884752265
1447884752623
1447884752949
1447884753258
1447884753609
1447884753918
1447884754244
1447884754670
1447884755004
1447884755347
1447884755699
1447884756074
1447884756416
1447884756742
1447884757084
1447884757485
1447884757845
1447884758179
1447884758513
1447884758872
1447884759223
1447884759557
1447884759916
1447884760317
1447884760635
1447884761031
1447884761482
1447884761867
1447884762226
1447884762567
1447884762901
1447884763252
1447884763586
1447884763912
1447884764238
1447884764580
1447884764906
1447884765308
1447884765650
1447884765985
1447884766327
1447884766670
1447884766987
1447884767347
1447884767757
1447884768073
1447884768424
1447884768733
1447884769066
1447884769393
1447884769727
1447884770044
1447884770404
1447884770813
1447884771155
1447884771506
1447884771849
1447884772216
1447884772551
1447884772851
1447884773202
1447884773604
1447884773937
1447884774304
1447884774630
1447884774956
1447884775282
1447884775633
1447884775975
1447884776317
1447884776728
1447884777062
1447884777379
1447884777730
1447884778047
1447884778381
1447884778715
1447884779058
1447884779459
1447884779794
1447884780119
1447884780444
1447884780812
1447884781138
1447884781489
1447884781831
1447884782182
1447884782540
1447884782940
1447884783275
1447884783641
1447884783992
1447884784326
1447884784668
1447884785002
1447884785345
1447884785662
1447884785996
1447884786363
1447884786722
1447884787198
1447884787541
1447884787874
1447884788225
1447884788543
1447884788885
1447884789203
1447884789562
1447884789940
1447884790263
1447884790589
1447884790906
1447884791266
1447884791609
1447884791943
1447884792277
1447884792652
1447884793087
1447884793429
1447884793763
1447884794080
1447884794415
1447884794748
1447884795074
1447884795391
1447884795734
1447884796134
1447884796477
1447884796812
1447884797120
1447884797454
1447884797772
1447884798089
1447884798440
1447884798782
1447884799200
1447884799576
1447884799918
1447884800244
1447884800604
1447884800954
1447884801296
1447884801622
1447884801973
1447884802366
1447884802700
1447884803042
1447884803351
1447884803694
1447884804020
1447884804354
1447884804687
1447884805047
1447884805397
1447884805773
1447884806082
1447884806466
1447884806816
1447884807174
1447884807532
1447884807850
1447884808184
1447884808525
1447884808859
1447884809177
1447884809535
1447884809869
1447884810279
1447884810613
1447884810947
1447884811297
1447884811632
1447884811974
1447884812316
1447884812634
1447884813001
1447884813397
1447884813720
1447884814062
1447884814379
1447884814722
1447884815064
1447884815423
1447884815750
1447884816193
1447884816561
1447884816878
1447884817254
1447884817571
1447884817921
1447884818280
1447884818598
1447884818965
1447884819361
1447884819684
1447884820026
1447884820369
1447884820695
1447884821055
1447884821806
1447884822216
1447884822541
1447884822884
1447884823226
1447884823544
1447884823895
1447884824212
1447884824563
1447884824973
1447884825323
1447884825665
1447884826008
1447884826368
1447884826702
1447884827052
1447884827395
1447884827796
1447884828130
1447884828481
1447884828823
1447884829165
1447884829499
1447884829833
1447884830184
1447884830517
1447884830867
1447884831201
1447884831543
1447884831936
1447884832295
1447884832636
1447884833003
1447884833337
1447884833654
1447884834012
1447884834338
1447884834680
1447884835039
1447884835381
1447884835715
1447884836058
1447884836460
1447884836785
1447884837127
1447884837461
1447884837803
1447884838137
1447884838471
1447884838797
1447884839131
1447884839533
1447884839867
1447884840217
1447884840551
1447884840944
1447884841319
1447884841662
1447884841996
1447884842354
1447884842713
1447884843123
1447884843440
1447884843774
1447884844091
1447884844425
1447884844768
1447884845102
1447884845419
1447884845762
1447884846163
1447884846472
1447884846823
1447884847148
1447884847491
1447884847808
1447884848158
1447884848533
1447884848860
1447884849227
1447884849622
1447884849979
1447884850330
1447884850655
1447884850990
1447884851519
1447884851845
1447884852187
1447884852563
1447884852897
1447884853257
1447884853624
1447884853974
1447884854350
1447884854776
1447884855101
1447884855452
1447884855778
1447884856138
1447884856498
1447884856873
1447884857294
1447884857634
1447884857985
1447884858319
1447884858670
1447884859012
1447884859338
1447884859815
1447884860141
1447884860483
1447884860826
1447884861168
1447884861494
1447884861869
1447884862195
1447884862554
1447884862989
1447884863340
1447884863698
1447884864066
1447884864408
1447884864726
1447884865101
1447884865435
1447884865795
1447884866228
1447884866563
1447884866921
1447884867256
1447884867590
1447884867916
1447884868258
1447884868576
1447884868910
1447884869287
1447884869613
1447884869988
1447884870339
1447884870665
1447884870999
1447884871317
1447884871676
1447884872083
1447884872427
1447884872777
1447884873127
1447884873470
1447884873803
1447884874137
1447884874455
1447884874789
1447884875131
1447884875482
1447884875900
1447884876242
1447884876577
1447884876918
1447884877261
1447884877595
1447884877937
1447884878263
1447884878614
1447884879015
1447884879332
1447884879675
1447884879992
1447884880334
1447884880669
1447884881012
1447884881362
1447884881755
1447884882090
1447884882424
1447884882758
1447884883092
1447884883401
1447884883726
1447884884036
1447884884386
1447884884779
1447884885105
1447884885455
1447884885789
1447884886131
1447884886499
1447884886842
1447884887167
1447884887525
1447884887860
1447884888269
1447884888595
1447884888929
1447884889255
1447884889589
1447884889940
1447884890282
1447884890607
1447884890959
1447884891445
1447884891788
1447884892122
1447884892464
1447884892773
1447884893124
1447884893521
1447884893851
1447884894185
1447884894511
1447884894845
1447884895187
1447884895521
1447884895839
1447884896173
1447884896531
1447884896873
1447884897266
1447884897608
1447884897975
1447884898326
1447884898660
1447884898985
1447884899328
1447884899653
1447884899996
1447884900351
1447884900718
1447884901077
1447884901403
1447884901737
1447884902137
1447884902497
1447884902823
1447884903148
1447884903483
1447884903808
1447884904142
1447884904460
1447884904819
1447884905203
1447884905538
1447884905889
1447884906247
1447884906582
1447884906915
1447884907258
1447884907892
1447884908259
1447884908678
1447884909021
1447884909354
1447884909696
1447884910022
1447884910356
1447884910682
1447884911033
1447884911400
1447884911758
1447884912176
1447884912518
1447884912910
1447884913261
1447884913595
1447884913920
1447884914263
1447884914614
1447884914948
1447884915358
1447884915700
1447884916051
1447884916385
1447884916736
1447884917070
1447884917396
1447884917755
1447884918170
1447884918482
1447884918824
1447884919158
1447884919493
1447884919843
1447884920185
1447884920503
1447884920930
1447884921265
1447884921699
1447884922041
1447884922375
1447884922710
1447884923052
1447884923462
1447884923788
1447884924122
1447884924439
1447884924782
1447884925124
1447884925475
1447884925801
1447884926168
1447884926944
1447884927279
1447884927596
1447884927930
1447884928264
1447884928614
1447884928972
1447884929307
1447884929632
1447884929974
1447884930351
1447884930676
1447884931020
1447884931346
1447884931672
1447884931989
1447884932323
1447884932733
1447884933067
1447884933393
1447884933718
1447884934043
1447884934403
1447884934736
1447884935111
1447884935462
1447884935788
1447884936163
1447884936557
1447884936899
1447884937248
1447884937583
1447884937909
1447884938243
1447884938569
1447884938886
1447884939253
1447884939604
1447884940039
1447884940389
1447884940732
1447884941065
1447884941407
1447884941733
1447884942076
1447884942410
1447884942769
1447884943171
1447884943504
1447884943846
1447884944180
1447884944530
1447884944865
1447884945198
1447884945524
1447884945867
1447884946260
1447884946619
1447884946962
1447884947271
1447884947596
1447884947922
1447884948265
1447884948574
1447884948916
1447884949317
1447884949635
1447884949953
1447884950304
1447884950621
1447884950963
1447884951281
1447884951674
1447884952100
1447884952434
1447884952760
1447884953102
1447884953411
1447884953737
1447884954063
1447884954414
1447884954798
1447884955416
1447884955759
1447884956401
1447884956752
1447884957093
1447884957427
1447884957778
1447884958154
1447884958521
1447884958947
1447884959305
1447884959647
1447884959998
1447884960324
1447884960625
1447884960976
1447884961276
1447884961677
1447884962054
1447884962405
1447884962714
1447884963040
1447884963365
1447884963691
1447884964025
1447884964368
1447884964726
1447884965154
1447884965463
1447884965805
1447884966131
1447884966482
1447884966841
1447884967227
1447884967578
1447884967895
1447884968254
1447884968571
1447884968929
1447884969264
1447884969614
1447884969957
1447884970334
1447884970651
1447884970968
1447884971319
1447884971637
1447884971979
1447884972347
1447884972706
1447884973107
1447884973474
1447884973817
1447884974134
1447884974477
1447884974802
1447884975128
1447884975454
1447884975804
1447884976183
1447884976566
1447884976899
1447884977242
1447884977567
1447884977893
1447884978210
1447884978553
1447884978937
1447884979255
1447884979589
1447884979915
1447884980240
1447884980558
1447884980925
1447884981259
1447884981671
1447884982021
1447884982330
1447884982681
1447884982990
1447884983340
1447884983674
1447884984000
1447884984334
1447884984727
1447884985052
1447884985386
1447884985729
1447884986063
1447884986372
1447884986723
1447884987032
1447884987357
1447884987759
1447884988101
1447884988435
1447884988777
1447884989111
1447884989420
1447884989780
1447884990122
1447884990464
1447884990866
1447884991191
1447884991517
1447884991826
1447884992160
1447884992469
1447884992812
1447884993145
1447884993471
1447884993861
1447884994190
1447884994524
1447884994842
1447884995200
1447884995518
1447884995852
1447884996219
1447884996553
1447884996973
1447884997289
1447884997623
1447884997965
1447884998307
1447884998616
1447884998950
1447884999268
1447884999594
1447884999979
1447885000313
1447885000639
1447885000982
1447885001324
1447885001675
1447885002009
1447885002368
1447885002718
1447885003094
1447885003419
1447885003745
1447885004088
1447885004397
1447885004715
1447885005032
1447885005391
1447885005776
1447885006126
1447885006477
1447885006819
1447885007154
1447885007479
1447885007813
1447885008139
1447885008490
1447885008883
1447885009233
1447885009567
1447885009885
1447885010227
1447885010536
1447885010862
1447885011179
1447885011547
1447885011965
1447885012308
1447885012625
1447885012975
1447885013309
1447885013618
1447885013960
1447885014302
1447885014628
1447885014962
