1447880488709
1447880490813
1447880491172
1447880491556
1447880491874
1447880492200
1447880492544
1447880492904
1447880493254
1447880493664
1447880493999
1447880494324
1447880494666
1447880494991
1447880495350
1447880495692
1447880496043
1447880496369
1447880496728
1447880497121
1447880497472
1447880497807
1447880498133
1447880498475
1447880498809
1447880499260
1447880499612
1447880500263
1447880500580
1447880501231
1447880501556
1447880501907
1447880502249
1447880502599
1447880502949
1447880503300
1447880503693
1447880504004
1447880504438
1447880504789
1447880505115
1447880505449
1447880505842
1447880506151
1447880506519
1447880506828
1447880507170
1447880507521
1447880507863
1447880508189
1447880508573
1447880508982
1447880509300
1447880509667
1447880509993
1447880510319
1447880510678
1447880511020
1447880511346
1447880511738
1447880512173
1447880512490
1447880512833
1447880513167
1447880513493
1447880513836
1447880514153
1447880514512
1447880514899
1447880515214
1447880515556
1447880515907
1447880516232
1447880516574
1447880516909
1447880517268
1447880517610
1447880517978
1447880518399
1447880518721
1447880519088
1447880519406
1447880519740
1447880520082
1447880520433
1447880520759
1447880521109
1447880521468
1447880521826
1447880522244
1447880522578
1447880522920
1447880523254
1447880523580
1447880523897
1447880524257
1447880524599
1447880524958
1447880525373
1447880525693
1447880526027
1447880526386
1447880526728
1447880527078
1447880527428
1447880527754
1447880528104
1447880528463
1447880528805
1447880529341
1447880529691
1447880530075
1447880530442
1447880530809
1447880531157
1447880531491
1447880531858
1447880532209
1447880532574
1447880532942
1447880533293
1447880533635
1447880534023
1447880534374
1447880534716
1447880535068
1447880535418
1447880535761
1447880536119
1447880536486
1447880536895
1447880537248
1447880537581
1447880537966
1447880538333
1447880538691
1447880539074
1447880539484
1447880539842
1447880540200
1447880540568
1447880540928
1447880541270
1447880541636
1447880541970
1447880542328
1447880542695
1447880543052
1447880543394
1447880543770
1447880544102
1447880544444
1447880544829
1447880545212
1447880545571
1447880545931
1447880546281
1447880546664
1447880547007
1447880547376
1447880547767
1447880548134
1447880548517
1447880548867
1447880549243
1447880549591
1447880549983
1447880550358
1447880550709
1447880551057
1447880551424
1447880551782
1447880552165
1447880552557
1447880552958
1447880553315
1447880553673
1447880554015
1447880554348
1447880554714
1447880555047
1447880555431
1447880555797
1447880556172
1447880556505
1447880556890
1447880557230
1447880557613
1447880558015
1447880558381
1447880558721
1447880559098
1447880559498
1447880559841
1447880560216
1447880560567
1447880560926
1447880561339
1447880561678
1447880562028
1447880562404
1447880562753
1447880563120
1447880563477
1447880563860
1447880564194
1447880564570
1447880564953
1447880565295
1447880565660
1447880566001
1447880566360
1447880566709
1447880567084
1447880567409
1447880567793
1447880568134
1447880568509
1447880568875
1447880569250
1447880569583
1447880569951
1447880570308
1447880570641
1447880571007
1447880571341
1447880571691
1447880572050
1447880572407
1447880572757
1447880573125
1447880573475
1447880573815
1447880574206
1447880574557
1447880574898
1447880575274
1447880575631
1447880575990
1447880576347
1447880576688
1447880577030
1447880577381
1447880577730
1447880578080
1447880578439
1447880578789
1447880579175
1447880579593
1447880579951
1447880580312
1447880580680
1447880581012
1447880581361
1447880581713
1447880582071
1447880582422
1447880582781
1447880583127
1447880583469
1447880583812
1447880584179
1447880584527
1447880584893
1447880585269
1447880585620
1447880586018
1447880586376
1447880586734
1447880587092
1447880587459
1447880587817
1447880588192
1447880588559
1447880588960
1447880589352
1447880589716
1447880590091
1447880590467
1447880590824
1447880591192
1447880591558
1447880591907
1447880592249
1447880592617
1447880592973
1447880593356
1447880593716
1447880594083
1447880594474
1447880594818
1447880595185
1447880595556
1447880595915
1447880596282
1447880596630
1447880596981
1447880597338
1447880597680
1447880598031
1447880598414
1447880598779
1447880599146
1447880599479
1447880599821
1447880600205
1447880600564
1447880600912
1447880601270
1447880601620
1447880601945
1447880602296
1447880602655
1447880603027
1447880603386
1447880603735
1447880604102
1447880604470
1447880604810
1447880605161
1447880605527
1447880605901
1447880606259
1447880606603
1447880606959
1447880607327
1447880607684
1447880608067
1447880608417
1447880608793
1447880609175
1447880609542
1447880609893
1447880610235
1447880610599
1447880610958
1447880611316
1447880611649
1447880612008
1447880612357
1447880613074
1447880613475
1447880613850
1447880614233
1447880614914
1447880615297
1447880615664
1447880616040
1447880616398
1447880616748
1447880617124
1447880617458
1447880617816
1447880618183
1447880618541
1447880618883
1447880619470
1447880619820
1447880620171
1447880620539
1447880620873
1447880621224
1447880621575
1447880621926
1447880622318
1447880622678
1447880623036
1447880623387
1447880623777
1447880624128
1447880624513
1447880624906
1447880625240
1447880625591
1447880626001
1447880626344
1447880626686
1447880627062
1447880627404
1447880627787
1447880628155
1447880628514
1447880628873
1447880629295
1447880629633
1447880630034
1447880630409
1447880630766
1447880631117
1447880631491
1447880631841
1447880632199
1447880632550
1447880632908
1447880633248
1447880633608
1447880633956
1447880634307
1447880634674
1447880635083
1447880635434
1447880635785
1447880636135
1447880636494
1447880636855
1447880637214
1447880637548
1447880637915
1447880638249
1447880638608
1447880638957
1447880639307
1447880639666
1447880640017
1447880640350
1447880640701
1447880641128
1447880641478
1447880641821
1447880642188
1447880642528
1447880642878
1447880643244
1447880643611
1447880643969
1447880644311
1447880644670
1447880645043
1447880645394
1447880645761
1447880646111
1447880646478
1447880646861
1447880647236
1447880647604
1447880647963
1447880648297
1447880648673
1447880649066
1447880649451
1447880649827
1447880650174
1447880650517
1447880650892
1447880651232
1447880651608
1447880651959
1447880652317
1447880652676
1447880653069
1447880653420
1447880653787
1447880654165
1447880654574
1447880654942
1447880655317
1447880655693
1447880656035
1447880656403
1447880656773
1447880657098
1447880657464
1447880657790
1447880658171
1447880658546
1447880658914
1447880659246
1447880659646
1447880659980
1447880660355
1447880660731
1447880661073
1447880661428
1447880661787
1447880662121
1447880662461
1447880662829
1447880663187
1447880663537
1447880663904
1447880664261
1447880664620
1447880665045
1447880665386
1447880665745
1447880666119
1447880666478
1447880666826
1447880667185
1447880667527
1447880667877
1447880668235
1447880668567
1447880668926
1447880669276
1447880669643
1447880670016
1447880670367
1447880670709
1447880671093
1447880671444
1447880671794
1447880672160
1447880672519
1447880672854
1447880673246
1447880673639
1447880673948
1447880674323
1447880674682
1447880675016
1447880675391
1447880675750
1447880676092
1447880676430
1447880676824
1447880677183
1447880677550
1447880677922
1447880678256
1447880678614
1447880679291
1447880679707
1447880680066
1447880680421
1447880680755
1447880681121
1447880681478
1447880681862
1447880682213
1447880682580
1447880682914
1447880683265
1447880683599
1447880683957
1447880684299
1447880684666
1447880685016
1447880685375
1447880685759
1447880686085
1447880686435
1447880686778
1447880687119
1447880687469
1447880687820
1447880688154
1447880688521
1447880688863
1447880689222
1447880689583
1447880689959
1447880690318
1447880690668
1447880691036
1447880691391
1447880691765
1447880692125
1447880692467
1447880692833
1447880693201
1447880693556
1447880693907
1447880694274
1447880694641
1447880695007
1447880695367
1447880695725
1447880696102
1447880696460
1447880696819
1447880697229
1447880697563
1447880697914
1447880698248
1447880698607
1447880698949
1447880699319
1447880699812
1447880700154
1447880700496
1447880700847
1447880701206
1447880701548
1447880701883
1447880702250
1447880702618
1447880702987
1447880703329
1447880703672
1447880704040
1447880704373
1447880704732
1447880705168
1447880705826
1447880706177
1447880706551
1447880706927
1447880707276
1447880707625
1447880707984
1447880708325
1447880708668
1447880709001
1447880709362
1447880709772
1447880710164
1447880710533
1447880710884
1447880711243
1447880711590
1447880711949
1447880712299
1447880712648
1447880713024
1447880713375
1447880713742
1447880714089
1447880714457
1447880714791
1447880715142
1447880715489
1447880715831
1447880716198
1447880716540
1447880716890
1447880717241
1447880717596
1447880717946
1447880718314
1447880718679
1447880719038
1447880719380
1447880719739
1447880720088
1447880720448
1447880720787
1447880721120
1447880721471
1447880721804
1447880722163
1447880722514
1447880722919
1447880723269
1447880723620
1447880723952
1447880724335
1447880724686
1447880725045
1447880725385
1447880725744
1447880726078
1447880726444
1447880726817
1447880727151
1447880727510
1447880727852
1447880728218
1447880728568
1447880728936
1447880729270
1447880729633
1447880730000
1447880730367
1447880730699
1447880731058
1447880731391
1447880731749
1447880732174
1447880732508
1447880732890
1447880733231
1447880733591
1447880733923
1447880734274
1447880734641
1447880734974
1447880735333
1447880735667
1447880736027
1447880736388
1447880736738
1447880737105
1447880737464
1447880737805
1447880738188
1447880738554
1447880738931
1447880739289
1447880739793
1447880740168
1447880740537
1447880740887
1447880741237
1447880741588
1447880741947
1447880742314
1447880742694
1447880743052
1447880743452
1447880743785
1447880744153
1447880744495
1447880744862
1447880745230
1447880745593
1447880745926
1447880746277
1447880746619
1447880746977
1447880747345
1447880747692
1447880748017
1447880748376
1447880748700
1447880749059
1447880749408
1447880749759
1447880750101
1447880750460
1447880750802
1447880751157
1447880751515
1447880751925
1447880752273
1447880752633
1447880752965
1447880753348
1447880753698
1447880754089
1447880754431
1447880754790
1447880755149
1447880755499
1447880755866
1447880756208
1447880756567
1447880756934
1447880757302
1447880757660
1447880758013
1447880758380
1447880758712
1447880759089
1447880759439
1447880759797
1447880760156
1447880760498
1447880760857
1447880761216
1447880761558
1447880761900
1447880762270
1447880762604
1447880762955
1447880763310
1447880763644
1447880764003
1447880764369
1447880764728
1447880765138
1447880765480
1447880765846
1447880766238
1447880766605
1447880766939
1447880767290
1447880767674
1447880768066
1447880768442
1447880768793
1447880769133
1447880769460
1447880769861
1447880770203
1447880770552
1447880770907
1447880771255
1447880771607
1447880771949
1447880772332
1447880772707
1447880773083
1447880773433
1447880773799
1447880774150
1447880774501
1447880774851
1447880775219
1447880775569
1447880775936
1447880776350
1447880776680
1447880777022
1447880777381
1447880777730
1447880778079
1447880778447
1447880778797
1447880779164
1447880779532
1447880779916
1447880780299
1447880780663
1447880781011
1447880781354
1447880781688
1447880782038
1447880782404
1447880782753
1447880783087
1447880783444
1447880783803
1447880784128
1447880784487
1447880784854
1447880785188
1447880785546
1447880785905
1447880786564
1447880786923
1447880787285
1447880787644
1447880788009
1447880788375
1447880788734
1447880789135
1447880789510
1447880789861
1447880790244
1447880790620
1447880790962
1447880791313
1447880791682
1447880792034
1447880792390
1447880792758
1447880793190
1447880793540
1447880793907
1447880794249
1447880794624
1447880794975
1447880795325
1447880795700
1447880796068
1447880796410
1447880796769
1447880797530
1447880797871
1447880798204
1447880798564
1447880798956
1447880799330
1447880799749
1447880800123
1447880800482
1447880800849
1447880801191
1447880801550
1447880801962
1447880802353
1447880802704
1447880803077
1447880803744
1447880804110
1447880804494
1447880804870
1447880805245
1447880805612
1447880805954
1447880806304
1447880806663
1447880806997
1447880807356
1447880807750
1447880808158
1447880808509
1447880808885
1447880809260
1447880809634
1447880810002
1447880810336
1447880810694
1447880811078
1447880811412
1447880811763
1447880812122
1447880812514
1447880812856
1447880813240
1447880813623
1447880814014
1447880814382
1447880814807
1447880815166
1447880815539
1447880815872
1447880816230
1447880816597
1447880816971
1447880817321
1447880817679
1447880818063
1447880818404
1447880818772
1447880819122
1447880819514
1447880819945
1447880820595
1447880820961
1447880821336
1447880821703
1447880822069
1447880822445
1447880822819
1447880823177
1447880823553
1447880823895
1447880824262
1447880824630
1447880824971
1447880825330
1447880826022
1447880826372
1447880826732
1447880827169
1447880827492
1447880827859
1447880828235
1447880828576
1447880828933
1447880829292
1447880829700
1447880830034
1447880830392
1447880830726
1447880831074
1447880831433
1447880831767
1447880832117
1447880832482
1447880832825
1447880833166
1447880833534
1447880833931
1447880834273
1447880834640
1447880834990
1447880835357
1447880835724
1447880836083
1447880836417
1447880836797
1447880837130
1447880837504
1447880837871
1447880838246
1447880838604
1447880838964
1447880839322
1447880839715
1447880840074
1447880840425
1447880840784
1447880841194
1447880841528
1447880841871
1447880842229
1447880842596
1447880842944
1447880843310
1447880843678
1447880844020
1447880844372
1447880844747
1447880845098
1447880845482
1447880845876
1447880846201
1447880846552
1447880846910
1447880847278
1447880847629
1447880847995
1447880848354
1447880848696
1447880849046
1447880849404
1447880849763
1447880850139
1447880850505
1447880850907
1447880851249
1447880851574
1447880851933
1447880852267
1447880852608
1447880852993
1447880853381
1447880853756
