1447880908767
1447880910816
1447880911151
1447880911501
1447880911894
1447880912228
1447880912562
1447880912889
1447880913239
1447880913590
1447880913925
1447880914292
1447880914642
1447880915009
1447880915426
1447880915768
1447880916094
1447880916436
1447880916770
1447880917096
1447880917422
1447880917739
1447880918073
1447880918478
1447880918794
1447880919152
1447880919495
1447880919821
1447880920146
1447880920497
1447880920856
1447880921241
1447880921574
1447880921924
1447880922265
1447880922600
1447880922925
1447880923251
1447880923593
1447880923927
1447880924253
1447880924604
1447880925091
1447880925433
1447880925784
1447880926118
1447880926427
1447880926786
1447880927171
1447880927496
1447880927839
1447880928164
1447880928490
1447880928849
1447880929175
1447880929501
1447880929869
1447880930273
1447880930595
1447880930938
1447880931263
1447880931597
1447880931948
1447880932274
1447880932583
1447880932926
1447880933326
1447880933652
1447880934020
1447880934362
1447880934687
1447880935046
1447880935371
1447880935705
1447880936023
1447880936365
1447880936741
1447880937092
1447880937418
1447880937735
1447880938078
1447880938403
1447880938729
1447880939055
1447880939406
1447880939782
1447880940149
1447880940491
1447880940841
1447880941167
1447880941500
1447880941834
1447880942160
1447880942494
1447880942803
1447880943162
1447880943547
1447880943856
1447880944207
1447880944516
1447880944866
1447880945209
1447880945551
1447880945868
1447880946227
1447880946586
1447880946928
1447880947338
1447880947688
1447880948029
1447880948388
1447880948705
1447880949055
1447880949406
1447880949724
1447880950074
1447880950392
1447880950743
1447880951093
1447880951479
1447880951802
1447880952136
1447880952504
1447880952837
1447880953170
1447880953513
1447880953855
1447880954189
1447880954515
1447880954967
1447880955301
1447880955627
1447880955953
1447880956279
1447880956613
1447880956930
1447880957272
1447880957674
1447880958008
1447880958350
1447880958701
1447880959069
1447880959394
1447880959745
1447880960120
1447880960446
1447880960832
1447880961158
1447880961466
1447880961809
1447880962118
1447880962452
1447880962761
1447880963120
1447880963526
1447880963864
1447880964198
1447880964532
1447880964875
1447880965216
1447880965551
1447880965893
1447880966235
1447880966637
1447880967030
1447880967347
1447880967690
1447880968040
1447880968383
1447880968742
1447880969092
1447880969451
1447880969809
1447880970236
1447880970602
1447880970945
1447880971262
1447880971595
1447880971928
1447880972271
1447880972597
1447880972973
1447880973341
1447880973725
1447880974034
1447880974369
1447880974694
1447880975028
1447880975354
1447880975688
1447880976013
1447880976364
1447880976749
1447880977066
1447880977409
1447880977759
1447880978085
1447880978427
1447880978763
1447880979181
1447880979540
1447880979883
1447880980234
1447880980568
1447880980918
1447880981259
1447880981611
1447880981944
1447880982270
1447880982665
1447880982980
1447880983323
1447880983640
1447880983973
1447880984298
1447880984632
1447880984999
1447880985342
1447880985676
1447880986060
1447880986486
1447880986829
1447880987155
1447880987498
1447880987840
1447880988174
1447880988491
1447880988859
1447880989237
1447880989561
1447880989903
1447880990229
1447880990562
1447880990905
1447880991200
1447880991558
1447880991943
1447880992269
1447880992603
1447880992945
1447880993287
1447880993622
1447880993956
1447880994323
1447880994737
1447880995092
1447880995434
1447880995751
1447880996094
1447880996436
1447880996779
1447880997154
1447880997505
1447880997889
1447880998224
1447880998549
1447880998850
1447880999192
1447880999510
1447880999828
1447881000320
1447881000631
1447881000965
1447881001290
1447881001616
1447881001942
1447881002276
1447881002618
1447881002968
1447881003294
1447881003653
1447881003994
1447881004385
1447881004704
1447881005071
1447881005405
1447881005755
1447881006097
1447881006431
1447881006740
1447881007081
1447881007407
1447881007733
1447881008083
1447881008442
1447881008835
1447881009152
1447881009503
1447881009812
1447881010155
1447881010472
1447881010790
1447881011115
1447881011506
1447881011834
1447881012160
1447881012510
1447881012845
1447881013212
1447881013546
1447881013855
1447881014206
1447881014593
1447881014967
1447881015284
1447881015610
1447881015936
1447881016261
1447881016596
1447881016930
1447881017331
1447881017665
1447881017999
1447881018316
1447881018659
1447881018976
1447881019327
1447881019679
1447881020112
1447881020447
1447881020789
1447881021098
1447881021423
1447881021766
1447881022091
1447881022425
1447881022735
1447881023068
1447881023445
1447881023804
1447881024130
1447881024455
1447881024814
1447881025124
1447881025466
1447881025816
1447881026167
1447881026543
1447881026878
1447881027179
1447881027513
1447881027830
1447881028180
1447881028506
1447881028857
1447881029233
1447881029583
1447881029992
1447881030326
1447881030684
1447881031027
1447881031369
1447881031719
1447881032061
1447881032378
1447881032737
1447881033088
1447881033455
1447881033814
1447881034216
1447881034549
1447881034892
1447881035250
1447881035593
1447881035920
1447881036296
1447881036692
1447881037006
1447881037357
1447881037666
1447881038008
1447881038342
1447881038667
1447881039001
1447881039327
1447881039678
1447881040080
1447881040422
1447881040756
1447881041073
1447881041407
1447881041733
1447881042100
1447881042426
1447881042760
1447881043144
1447881043470
1447881043796
1447881044113
1447881044447
1447881044773
1447881045132
1447881045459
1447881045860
1447881046177
1447881046495
1447881046838
1447881047172
1447881047523
1447881047873
1447881048216
1447881048626
1447881048968
1447881049302
1447881049627
1447881049961
1447881050287
1447881050614
1447881050965
1447881051349
1447881051675
1447881052025
1447881052375
1447881052709
1447881053034
1447881053368
1447881053677
1447881054011
1447881054329
1447881054655
1447881055039
1447881055365
1447881055691
1447881056042
1447881056359
1447881056686
1447881057011
1447881057337
1447881057755
1447881058097
1447881058448
1447881058790
1447881059132
1447881059458
1447881059793
1447881060143
1447881060494
1447881060896
1447881061221
1447881061555
1447881061930
1447881062273
1447881062607
1447881062949
1447881063266
1447881063626
1447881064044
1447881064369
1447881064736
1447881065104
1447881065446
1447881065764
1447881066106
1447881066423
1447881066766
1447881067159
1447881067510
1447881067860
1447881068203
1447881068537
1447881068862
1447881069213
1447881069530
1447881069864
1447881070335
1447881070661
1447881071011
1447881071337
1447881071671
1447881072012
1447881072380
1447881072773
1447881073099
1447881073450
1447881073775
1447881074117
1447881074460
1447881074811
1447881075136
1447881075495
1447881075897
1447881076231
1447881076573
1447881076915
1447881077258
1447881077600
1447881077934
1447881078252
1447881078611
1447881079012
1447881079379
1447881079722
1447881080031
1447881080374
1447881080717
1447881081067
1447881081409
1447881081833
1447881082178
1447881082529
1447881082863
1447881083204
1447881083537
1447881083880
1447881084214
1447881084572
1447881084940
1447881085282
1447881085648
1447881085999
1447881086358
1447881086708
1447881087099
1447881087449
1447881087815
1447881088233
1447881088550
1447881088893
1447881089243
1447881089586
1447881089903
1447881090254
1447881090571
1447881090947
1447881091382
1447881091724
1447881092075
1447881092417
1447881092768
1447881093110
1447881093479
1447881093838
1447881094238
1447881094581
1447881094947
1447881095290
1447881095632
1447881095990
1447881096323
1447881096675
1447881097018
1447881097377
1447881097792
1447881098113
1447881098447
1447881098789
1447881099123
1447881099440
1447881099783
1447881100101
1447881100485
1447881100903
1447881101246
1447881101580
1447881101930
1447881102248
1447881102614
1447881102957
1447881103341
1447881103768
1447881104110
1447881104461
1447881104786
1447881105155
1447881105539
1447881105890
1447881106309
1447881106651
1447881106985
1447881107310
1447881107644
1447881107970
1447881108313
1447881108646
1447881108997
1447881109404
1447881109724
1447881110067
1447881110426
1447881110736
1447881111095
1447881111429
1447881111779
1447881112181
1447881112515
1447881112865
1447881113174
1447881113533
1447881113867
1447881114210
1447881114545
1447881114895
1447881115262
1447881115680
1447881116013
1447881116347
1447881116673
1447881117024
1447881117341
1447881117692
1447881118034
1447881118376
1447881118770
1447881119137
1447881119471
1447881119805
1447881120164
1447881120481
1447881120824
1447881121133
1447881121475
1447881121889
1447881122219
1447881122569
1447881122912
1447881123262
1447881123596
1447881123939
1447881124264
1447881124599
1447881125017
1447881125352
1447881125669
1447881126011
1447881126329
1447881126671
1447881127030
1447881127372
1447881127782
1447881128108
1447881128459
1447881128801
1447881129143
1447881129460
1447881129827
1447881130153
1447881130512
1447881130880
1447881131314
1447881131640
1447881131974
1447881132307
1447881132642
1447881132976
1447881133318
1447881133627
1447881133985
1447881134711
1447881135112
1447881135438
1447881135797
1447881136106
1447881136448
1447881136799
1447881137141
1447881137467
1447881137818
1447881138219
1447881138536
1447881138879
1447881139213
1447881139547
1447881139906
1447881140265
1447881140615
1447881140950
1447881141308
1447881141667
1447881142076
1447881142410
1447881142744
1447881143069
1447881143404
1447881143729
1447881144072
1447881144414
1447881144756
1447881145209
1447881145543
1447881145860
1447881146203
1447881146528
1447881146878
1447881147212
1447881147521
1447881148188
1447881148590
1447881148933
1447881149250
1447881149601
1447881149935
1447881150277
1447881150595
1447881150937
1447881151338
1447881151689
1447881152040
1447881152365
1447881152716
1447881153042
1447881153401
1447881153743
1447881154179
1447881154496
1447881154830
1447881155164
1447881155498
1447881155824
1447881156182
1447881156540
1447881156883
1447881157200
1447881157534
1447881157944
1447881158261
1447881158587
1447881158937
1447881159271
1447881159597
1447881159932
1447881160308
1447881160742
1447881161093
1447881161427
1447881161753
1447881162095
1447881162413
1447881162755
1447881163081
1447881163415
1447881163790
1447881164183
1447881164518
1447881164835
1447881165169
1447881165495
1447881165862
1447881166204
1447881166538
1447881166931
1447881167257
1447881167591
1447881167900
1447881168235
1447881168560
1447881168902
1447881169220
1447881169562
1447881169972
1447881170306
1447881170632
1447881170957
1447881171300
1447881171642
1447881171976
1447881172302
1447881172661
1447881173062
1447881173414
1447881173731
1447881174073
1447881174391
1447881174733
1447881175075
1447881175426
1447881175844
1447881176162
1447881176504
1447881176847
1447881177214
1447881177549
1447881177882
1447881178249
1447881178684
1447881179002
1447881179336
1447881179687
1447881180022
1447881180448
1447881180790
1447881181208
1447881181526
1447881181877
1447881182210
1447881182561
1447881182887
1447881183221
1447881183547
1447881183906
1447881184307
1447881184633
1447881184992
1447881185317
1447881185660
1447881186002
1447881186336
1447881186670
1447881187030
1447881187414
1447881187740
1447881188099
1447881188424
1447881188758
1447881189092
1447881189435
1447881189752
1447881190112
1447881190487
1447881190845
1447881191263
1447881191613
1447881191955
1447881192281
1447881192632
1447881192941
1447881193292
1447881193635
1447881194061
1447881194395
1447881194746
1447881195080
1447881195423
1447881195756
1447881196090
1447881196441
1447881196809
1447881197210
1447881197544
1447881197894
1447881198212
1447881198563
1447881198897
1447881199239
1447881199573
1447881199915
1447881200292
1447881200617
1447881200951
1447881201260
1447881201603
1447881201912
1447881202238
1447881202580
1447881202914
1447881203264
1447881203666
1447881203999
1447881204333
1447881204667
1447881205043
1447881205420
1447881205788
1447881206161
1447881206473
1447881206807
1447881207124
1447881207450
1447881207784
1447881208127
1447881208444
1447881208786
1447881209188
1447881209522
1447881209864
1447881210181
1447881210557
1447881210916
1447881211259
1447881211568
1447881211902
1447881212303
1447881212620
1447881212939
1447881213257
1447881213623
1447881213966
1447881214275
1447881214592
1447881214986
1447881215311
1447881215645
1447881215997
1447881216323
1447881216632
1447881216975
1447881217376
1447881217685
1447881218027
1447881218336
1447881218670
1447881219021
1447881219355
1447881219681
1447881220032
1447881220450
1447881220801
1447881221127
1447881221468
1447881221801
1447881222152
1447881222478
1447881222836
1447881223162
1447881223462
1447881223804
1447881224138
1447881224488
1447881224822
1447881225288
1447881225606
1447881225999
1447881226349
1447881226691
1447881227041
1447881227392
1447881227725
1447881228051
1447881228377
1447881228728
1447881229112
1447881229446
1447881229797
1447881230114
1447881230457
1447881230774
1447881231108
1447881231418
1447881231777
1447881232169
1447881232495
1447881232836
1447881233171
1447881233488
1447881233829
1447881234154
1447881234514
1447881234847
1447881235190
1447881235566
1447881235967
1447881236293
1447881236620
1447881236954
1447881237271
1447881237614
1447881237939
1447881238273
1447881238659
1447881238985
1447881239302
1447881239686
1447881240020
1447881240386
1447881240729
1447881241063
1447881241397
1447881241800
1447881242132
1447881242466
1447881242825
1447881243176
1447881243502
1447881243836
1447881244161
1447881244487
1447881244898
1447881245232
1447881245549
1447881245892
1447881246226
1447881246552
1447881246911
1447881247321
1447881247655
1447881247998
1447881248331
1447881248657
1447881248991
1447881249317
1447881249634
1447881249977
1447881250395
1447881250729
1447881251079
1447881251397
1447881251731
1447881252073
1447881252432
1447881252758
1447881253109
1447881253493
1447881253811
1447881254161
1447881254487
1447881254845
1447881255204
1447881255530
1447881255880
1447881256214
1447881256523
1447881256848
