1447879701817
1447879703998
1447879704340
1447879704674
1447879704992
1447879705351
1447879705685
1447879706052
1447879706487
1447879706804
1447879707147
1447879707489
1447879707831
1447879708140
1447879708483
1447879708817
1447879709193
1447879709603
1447879709944
1447879710287
1447879710637
1447879710980
1447879711297
1447879711640
1447879711966
1447879712432
1447879712802
1447879713136
1447879713453
1447879713787
1447879714113
1447879714455
1447879714789
1447879715140
1447879715482
1447879715891
1447879716225
1447879716551
1447879716876
1447879717202
1447879717529
1447879717880
1447879718282
1447879718599
1447879718958
1447879719267
1447879719610
1447879719952
1447879720278
1447879720595
1447879720946
1447879721339
1447879721656
1447879722007
1447879722324
1447879722657
1447879723001
1447879723318
1447879723635
1447879723986
1447879724362
1447879724663
1447879724973
1447879725315
1447879725624
1447879725967
1447879726284
1447879726635
1447879727037
1447879727387
1447879727730
1447879728156
1447879728507
1447879728849
1447879729208
1447879729567
1447879729968
1447879730303
1447879730621
1447879730955
1447879731289
1447879731615
1447879731965
1447879732342
1447879732779
1447879733118
1447879733461
1447879733803
1447879734138
1447879734456
1447879734823
1447879735218
1447879735559
1447879735893
1447879736210
1447879736528
1447879736862
1447879737180
1447879737530
1447879737958
1447879738283
1447879738626
1447879738959
1447879739309
1447879739651
1447879740027
1447879740361
1447879740711
1447879741054
1447879741404
1447879741806
1447879742140
1447879742457
1447879742800
1447879743159
1447879743484
1447879743810
1447879744161
1447879744555
1447879744896
1447879745214
1447879745523
1447879745849
1447879746174
1447879746500
1447879746851
1447879747202
1447879747578
1447879747953
1447879748279
1447879748605
1447879748939
1447879749281
1447879749615
1447879749933
1447879750283
1447879750642
1447879751043
1447879751377
1447879751719
1447879752053
1447879752379
1447879752696
1447879753048
1447879753423
1447879753782
1447879754193
1447879754502
1447879754836
1447879755154
1447879755496
1447879755813
1447879756173
1447879756573
1447879756900
1447879757259
1447879757576
1447879757918
1447879758269
1447879758628
1447879758962
1447879759330
1447879759697
1447879760106
1447879760449
1447879760775
1447879761117
1447879761443
1447879761794
1447879762144
1447879762495
1447879762926
1447879763247
1447879763581
1447879763915
1447879764241
1447879764583
1447879764925
1447879765268
1447879765635
1447879765994
1447879766412
1447879766754
1447879767137
1447879767478
1447879767831
1447879768215
1447879768578
1447879768937
1447879769304
1447879769653
1447879770012
1447879770371
1447879770722
1447879771090
1447879771432
1447879771799
1447879772284
1447879772610
1447879773010
1447879773385
1447879773726
1447879774101
1447879774460
1447879774802
1447879775142
1447879775510
1447879775867
1447879776191
1447879776542
1447879776884
1447879777235
1447879777594
1447879777967
1447879778318
1447879778652
1447879779010
1447879779349
1447879779715
1447879780073
1447879780423
1447879780799
1447879781148
1447879781481
1447879781865
1447879782215
1447879782566
1447879782951
1447879783334
1447879783705
1447879784056
1447879784406
1447879784757
1447879785124
1447879785479
1447879785821
1447879786205
1447879786537
1447879786912
1447879787271
1447879787622
1447879787988
1447879788364
1447879788694
1447879789044
1447879789395
1447879789737
1447879790121
1447879790480
1447879790844
1447879791202
1447879791552
1447879792277
1447879792660
1447879793019
1447879793395
1447879793729
1447879794092
1447879794459
1447879794834
1447879795201
1447879795560
1447879795908
1447879796275
1447879796641
1447879796966
1447879797342
1447879797709
1447879798102
1447879798777
1447879799135
1447879799493
1447879799852
1447879800210
1447879800568
1447879800935
1447879801278
1447879801631
1447879802015
1447879802357
1447879802716
1447879803152
1447879803493
1447879803855
1447879804222
1447879804564
1447879804941
1447879805324
1447879805682
1447879806040
1447879806407
1447879806755
1447879807105
1447879807481
1447879807828
1447879808153
1447879808512
1447879808879
1447879809230
1447879809597
1447879809947
1447879810330
1447879810689
1447879811043
1447879811386
1447879811745
1447879812168
1447879812501
1447879812860
1447879813219
1447879813570
1447879813937
1447879814295
1447879814667
1447879815018
1447879815351
1447879815711
1447879816394
1447879816769
1447879817141
1447879817500
1447879817842
1447879818209
1447879818585
1447879818940
1447879819273
1447879819658
1447879820033
1447879820384
1447879820759
1447879821123
1447879821464
1447879821840
1447879822197
1447879822548
1447879822890
1447879823256
1447879823640
1447879823999
1447879824346
1447879824730
1447879825122
1447879825481
1447879825832
1447879826205
1447879826562
1447879826921
1447879827271
1447879827638
1447879827996
1447879828372
1447879828736
1447879829087
1447879829437
1447879829797
1447879830155
1447879830514
1447879830877
1447879831227
1447879831593
1447879831936
1447879832319
1447879832696
1447879833101
1447879833443
1447879833802
1447879834145
1447879834487
1447879834845
1447879835183
1447879835533
1447879835902
1447879836268
1447879836651
1447879837010
1447879837361
1447879837724
1447879838152
1447879838510
1447879838882
1447879839249
1447879839608
1447879839974
1447879840342
1447879840701
1447879841076
1447879841440
1447879841799
1447879842175
1447879842555
1447879842897
1447879843256
1447879843633
1447879843966
1447879844324
1447879844706
1447879845047
1447879845423
1447879845799
1447879846165
1447879846533
1447879846883
1447879847229
1447879847588
1447879847939
1447879848281
1447879848631
1447879848973
1447879849323
1447879849665
1447879850015
1447879850373
1447879850718
1447879851069
1447879851420
1447879851795
1447879852146
1447879852518
1447879852918
1447879853285
1447879853645
1447879853995
1447879854358
1447879854742
1447879855108
1447879855459
1447879855818
1447879856177
1447879856528
1447879856891
1447879857233
1447879857592
1447879857943
1447879858293
1447879858649
1447879858991
1447879859342
1447879859693
1447879860081
1447879860432
1447879860774
1447879861133
1447879861492
1447879861864
1447879862214
1447879862557
1447879862925
1447879863351
1447879863693
1447879864051
1447879864409
1447879864767
1447879865113
1447879865489
1447879865848
1447879866198
1447879866565
1447879866937
1447879867288
1447879867638
1447879867996
1447879868373
1447879868736
1447879869095
1447879869445
1447879869813
1447879870163
1447879870564
1447879870906
1447879871273
1447879871631
1447879871989
1447879872339
1447879872715
1447879873125
1447879873493
1447879873844
1447879874203
1447879874562
1447879874911
1447879875261
1447879875608
1447879875959
1447879876334
1447879876693
1447879877044
1447879877407
1447879877790
1447879878142
1447879878517
1447879878868
1447879879252
1447879879614
1447879880024
1447879880374
1447879880741
1447879881092
1447879881442
1447879881809
1447879882193
1447879882563
1447879882921
1447879883288
1447879883664
1447879884023
1447879884390
1447879884741
1447879885099
1447879885757
1447879886124
1447879886458
1447879886833
1447879887234
1447879887627
1447879887936
1447879888304
1447879888654
1447879889013
1447879889372
1447879889738
1447879890088
1447879890461
1447879890795
1447879891154
1447879891504
1447879891871
1447879892252
1447879892620
1447879892963
1447879893372
1447879893755
1447879894126
1447879894510
1447879894877
1447879895228
1447879895566
1447879895950
1447879896292
1447879896651
1447879897018
1447879897360
1447879897727
1447879898112
1447879898495
1447879898861
1447879899239
1447879899614
1447879899989
1447879900357
1447879900690
1447879901057
1447879901416
1447879901763
1447879902114
1447879902465
1447879902823
1447879903189
1447879903549
1447879903921
1447879904272
1447879904622
1447879904989
1447879905355
1447879905731
1447879906112
1447879906487
1447879906830
1447879907188
1447879907555
1447879907922
1447879908349
1447879908732
1447879909111
1447879909462
1447879909821
1447879910180
1447879910538
1447879910910
1447879911278
1447879911645
1447879911987
1447879912351
1447879912701
1447879913060
1447879913436
1447879913795
1447879914158
1447879914518
1447879914868
1447879915216
1447879915576
1447879915924
1447879916283
1447879916617
1447879917018
1447879917360
1447879917733
1447879918091
1447879918450
1447879918817
1447879919173
1447879919548
1447879919907
1447879920257
1447879920624
1447879920983
1447879921358
1447879921722
1447879922089
1447879922431
1447879922788
1447879923157
1447879923566
1447879923963
1447879924322
1447879924680
1447879925055
1447879925406
1447879925745
1447879926070
1447879926421
1447879926763
1447879927113
1447879927464
1447879927836
1447879928177
1447879928537
1447879928877
1447879929228
1447879929593
1447879929968
1447879930326
1447879930701
1447879931060
1447879931411
1447879931770
1447879932112
1447879932467
1447879932842
1447879933193
1447879933533
1447879933892
1447879934250
1447879934618
1447879934958
1447879935341
1447879935707
1447879936084
1447879936435
1447879936777
1447879937143
1447879937890
1447879938249
1447879938625
1447879938984
1447879939326
1447879939697
1447879940072
1447879940431
1447879940798
1447879941157
1447879941513
1447879941872
1447879942231
1447879942598
1447879942974
1447879943355
1447879943704
1447879944079
1447879944462
1447879944804
1447879945179
1447879945520
1447879945879
1447879946246
1447879946604
1447879946969
1447879947353
1447879947702
1447879948053
1447879948420
1447879948779
1447879949153
1447879949520
1447879949860
1447879950210
1447879950553
1447879950901
1447879951252
1447879951602
1447879951953
1447879952320
1447879952668
1447879953009
1447879953376
1447879953735
1447879954119
1447879954461
1447879954841
1447879955191
1447879955566
1447879955934
1447879956318
1447879956660
1447879957015
1447879957373
1447879957724
1447879958082
1447879958441
1447879958833
1447879959192
1447879959542
1447879959897
1447879960255
1447879960639
1447879960988
1447879961364
1447879961730
1447879962131
1447879962514
1447879962872
1447879963247
1447879963640
1447879963999
1447879964366
1447879964753
1447879965121
1447879965478
1447879965838
1447879966220
1447879966611
1447879966986
1447879967369
1447879967719
1447879968062
1447879968421
1447879968755
1447879969114
1447879969468
1447879969826
1447879970194
1447879970551
1447879970927
1447879971277
1447879971627
1447879971984
1447879972376
1447879972717
1447879973068
1447879973417
1447879973751
1447879974110
1447879974453
1447879974819
1447879975178
1447879975533
1447879975900
1447879976257
1447879976625
1447879976973
1447879977382
1447879977741
1447879978099
1447879978468
1447879978835
1447879979198
1447879979547
1447879979932
1447879980316
1447879980675
1447879981051
1447879981401
1447879981771
1447879982129
1447879982504
1447879982879
1447879983224
1447879983650
1447879983984
1447879984335
1447879984761
1447879985087
1447879985437
1447879985788
1447879986172
1447879986548
1447879986914
1447879987289
1447879987664
1447879988030
1447879988422
1447879988790
1447879989152
1447879989535
1447879989901
1447879990269
1447879990611
1447879990978
1447879991312
1447879991687
1447879992046
1447879992388
1447879992738
1447879993134
1447879993476
1447879993819
1447879994178
1447879994544
1447879995236
1447879995636
1447879996019
1447879996398
1447879996773
1447879997115
1447879997490
1447879997841
1447879998199
1447879998550
1447879998901
1447879999269
1447879999602
1447879999961
1447880000319
1447880000695
1447880001096
1447880001421
1447880001796
1447880002156
1447880002522
1447880002906
1447880003273
1447880003615
1447880003982
1447880004353
1447880004737
1447880005120
1447880005487
1447880005863
1447880006213
1447880006572
1447880006922
1447880007280
1447880007648
1447880007990
1447880008348
1447880008707
1447880009065
1447880009431
1447880009782
1447880010175
1447880010509
1447880010859
1447880011226
1447880011600
1447880011943
1447880012319
1447880012662
1447880013030
1447880013418
1447880013784
1447880014136
1447880014494
1447880014869
1447880015245
1447880015587
1447880015953
1447880016303
1447880016661
1447880017003
1447880017354
1447880017755
1447880018081
1447880018508
1447880018859
1447880019235
1447880019594
1447880019944
1447880020313
1447880020656
1447880021006
1447880021357
1447880021716
1447880022066
1447880022441
1447880022808
1447880023167
1447880023534
1447880023935
1447880024344
1447880024662
1447880025005
1447880025364
1447880025706
1447880026082
1447880026424
1447880026824
1447880027195
1447880027562
1447880027929
1447880028297
1447880028655
1447880029039
1447880029406
1447880029776
1447880030143
1447880030511
1447880030878
1447880031229
1447880031605
1447880031964
1447880032342
1447880032717
1447880033076
1447880033427
1447880033811
1447880034161
1447880034519
1447880034886
1447880035229
1447880035588
1447880035966
1447880036300
1447880036659
1447880037061
1447880037411
1447880037761
1447880038129
1447880038482
1447880038841
1447880039191
1447880039525
1447880039883
1447880040259
1447880040593
1447880040960
1447880041318
1447880041677
1447880042044
1447880042462
1447880042829
1447880043204
1447880043588
1447880043930
1447880044280
1447880044631
1447880045015
1447880045381
1447880045756
1447880046114
1447880046486
1447880046837
1447880047195
1447880047546
1447880047913
1447880048264
1447880048631
1447880048983
1447880049400
1447880049776
1447880050169
1447880050553
1447880050887
1447880051245
1447880051604
1447880051953
1447880052329
1447880052663
1447880053030
1447880053507
1447880053824
1447880054175
1447880054534
1447880054885
1447880055227
1447880055593
1447880055944
1447880056312
1447880056678
1447880057036
1447880057394
1447880057778
1447880058162
1447880058571
1447880058897
1447880059256
1447880059588
1447880059948
1447880060606
1447880060965
1447880061308
1447880061658
1447880062033
1447880062368
1447880062726
1447880063121
1447880063462
1447880063837
1447880064203
1447880064571
1447880064904
1447880065279
