1447877724364
1447877725879
1447877726228
1447877726616
1447877726956
1447877727289
1447877727648
1447877727972
1447877728356
1447877728722
1447877729098
1447877729439
1447877729838
1447877730213
1447877730606
1447877730974
1447877731316
1447877731675
1447877732046
1447877732396
1447877732755
1447877733137
1447877733470
1447877733837
1447877734203
1447877734579
1447877734929
1447877735280
1447877735949
1447877736315
1447877736683
1447877737093
1447877737410
1447877737786
1447877738126
1447877738477
1447877738851
1447877739210
1447877739676
1447877740060
1447877740400
1447877740768
1447877741125
1447877741467
1447877741826
1447877742168
1447877742519
1447877742903
1447877743266
1447877743591
1447877743991
1447877744350
1447877744700
1447877745059
1447877745433
1447877745791
1447877746150
1447877746517
1447877746851
1447877747210
1447877747569
1447877747970
1447877748348
1447877748724
1447877749082
1447877749438
1447877749798
1447877750165
1447877750499
1447877750858
1447877751201
1447877751551
1447877751918
1447877752295
1447877752646
1447877752988
1447877753328
1447877753653
1447877754004
1447877754372
1447877754800
1447877755167
1447877755517
1447877755885
1447877756253
1447877756595
1447877756945
1447877757327
1447877757670
1447877758018
1447877758359
1447877758692
1447877759017
1447877759385
1447877759717
1447877760069
1447877760436
1447877760778
1447877761137
1447877761501
1447877761849
1447877762216
1447877762557
1447877762932
1447877763265
1447877763625
1447877763965
1447877764348
1447877764700
1447877765051
1447877765401
1447877765786
1447877766169
1447877766519
1447877766886
1447877767252
1447877767619
1447877767995
1447877768370
1447877768736
1447877769163
1447877769529
1447877769871
1447877770247
1447877770588
1447877770987
1447877771370
1447877771738
1447877772087
1447877772462
1447877772812
1447877773187
1447877773571
1447877773929
1447877774288
1447877774648
1447877775007
1447877775349
1447877775698
1447877776065
1447877776426
1447877776786
1447877777135
1447877777509
1447877777893
1447877778227
1447877778585
1447877778962
1447877779337
1447877779698
1447877780150
1447877780541
1447877780916
1447877781276
1447877781624
1447877781975
1447877782307
1447877782682
1447877783057
1447877783400
1447877783748
1447877784091
1447877784415
1447877784841
1447877785181
1447877785532
1447877785872
1447877786256
1447877786589
1447877786948
1447877787288
1447877787640
1447877787998
1447877788349
1447877788691
1447877789058
1447877789432
1447877789784
1447877790167
1447877790509
1447877790901
1447877791302
1447877791611
1447877791979
1447877792313
1447877792671
1447877793022
1447877793364
1447877793723
1447877794074
1447877794457
1447877794807
1447877795166
1447877795525
1447877795960
1447877796327
1447877796659
1447877797034
1447877797377
1447877797727
1447877798102
1447877798461
1447877798812
1447877799178
1447877799529
1447877799863
1447877800225
1447877800584
1447877800934
1447877801292
1447877801650
1447877802034
1447877802368
1447877802719
1447877803069
1447877803403
1447877803761
1447877804111
1447877804469
1447877804820
1447877805195
1447877805553
1447877805922
1447877806280
1447877806630
1447877806981
1447877807356
1447877807723
1447877808074
1447877808433
1447877808817
1447877809201
1447877809587
1447877809946
1447877810328
1447877810687
1447877811021
1447877811389
1447877811740
1447877812099
1447877812450
1447877812817
1447877813237
1447877813635
1447877813977
1447877814385
1447877814755
1447877815239
1447877815615
1447877816016
1447877816408
1447877816726
1447877817102
1447877817452
1447877817827
1447877818208
1447877818576
1447877818918
1447877819269
1447877819595
1447877819954
1447877820296
1447877820664
1447877821082
1447877821449
1447877821782
1447877822157
1447877822499
1447877822850
1447877823189
1447877823549
1447877823891
1447877824250
1447877824617
1447877824976
1447877825310
1447877825680
1447877826022
1447877826413
1447877826797
1447877827164
1447877827504
1447877827872
1447877828239
1447877828606
1447877828940
1447877829316
1447877829666
1447877830017
1447877830378
1447877830737
1447877831088
1447877831438
1447877831789
1447877832165
1447877832515
1447877832903
1447877833262
1447877833621
1447877833971
1447877834339
1447877834673
1447877835031
1447877835402
1447877835744
1447877836095
1447877836462
1447877836813
1447877837163
1447877837522
1447877837916
1447877838275
1447877838601
1447877839010
1447877839361
1447877839737
1447877840087
1447877840457
1447877840842
1447877841200
1447877841558
1447877841941
1447877842308
1447877842683
1447877843058
1447877843401
1447877843760
1447877844127
1447877844486
1447877844913
1447877845289
1447877845665
1447877846032
1447877846375
1447877846750
1447877847084
1447877847435
1447877847828
1447877848145
1447877848504
1447877848847
1447877849197
1447877849556
1447877850025
1447877850417
1447877850885
1447877851227
1447877851619
1447877851985
1447877852361
1447877852687
1447877853054
1447877853405
1447877853771
1447877854146
1447877854496
1447877855172
1447877855548
1447877855907
1447877856273
1447877856642
1447877857025
1447877857366
1447877857726
1447877858059
1447877858417
1447877858792
1447877859159
1447877859499
1447877859858
1447877860199
1447877860582
1447877860941
1447877861300
1447877861659
1447877862018
1447877862377
1447877862719
1447877863078
1447877863464
1447877863823
1447877864165
1447877864524
1447877864866
1447877865234
1447877865584
1447877865942
1447877866301
1447877866660
1447877867012
1447877867412
1447877867745
1447877868137
1447877868511
1447877868920
1447877869263
1447877869621
1447877869979
1447877870337
1447877870713
1447877871047
1447877871406
1447877871749
1447877872107
1447877872456
1447877872807
1447877873182
1447877873543
1447877873910
1447877874236
1447877874610
1447877874954
1447877875320
1447877875679
1447877876380
1447877876746
1447877877113
1447877877464
1447877877839
1447877878224
1447877878592
1447877878950
1447877879318
1447877879660
1447877880070
1447877880420
1447877880783
1447877881108
1447877881458
1447877881817
1447877882168
1447877882530
1447877882873
1447877883224
1447877883574
1447877883957
1447877884291
1447877884650
1447877885094
1447877885454
1447877885846
1447877886196
1447877886571
1447877886912
1447877887288
1447877887637
1447877888020
1447877888371
1447877888729
1447877889080
1447877889422
1447877889790
1447877890149
1447877890491
1447877890844
1447877891203
1447877891586
1447877891936
1447877892276
1447877892627
1447877892968
1447877893326
1447877893677
1447877894019
1447877894377
1447877894735
1447877895102
1447877895460
1447877895836
1447877896211
1447877896574
1447877896916
1447877897307
1447877897649
1447877898034
1447877898382
1447877898749
1447877899090
1447877899449
1447877899798
1447877900166
1447877900531
1447877900864
1447877901216
1447877901566
1447877901914
1447877902238
1447877902605
1447877902955
1447877903298
1447877903657
1447877903991
1447877904350
1447877904721
1447877905088
1447877905431
1447877905796
1447877906179
1447877906547
1447877906913
1447877907280
1447877907647
1447877907994
1447877908336
1447877908695
1447877909062
1447877909421
1447877909781
1447877910157
1447877910507
1447877910916
1447877911334
1447877911709
1447877912076
1447877912444
1447877912794
1447877913194
1447877913560
1447877913927
1447877914269
1447877914620
1447877914987
1447877915338
1447877915696
1447877916054
1447877916405
1447877916772
1447877917122
1447877917514
1447877917848
1447877918182
1447877918558
1447877918898
1447877919298
1447877919681
1447877920133
1447877920489
1447877920839
1447877921205
1447877921547
1447877921938
1447877922288
1447877922638
1447877923014
1447877923354
1447877923730
1447877924088
1447877924439
1447877924812
1447877925171
1447877925528
1447877925903
1447877926287
1447877926629
1447877926978
1447877927337
1447877927671
1447877928038
1447877928385
1447877928727
1447877929102
1447877929477
1447877929836
1447877930186
1447877930536
1447877930894
1447877931243
1447877931617
1447877932002
1447877932360
1447877932709
1447877933033
1447877933408
1447877933775
1447877934134
1447877934476
1447877934827
1447877935169
1447877935528
1447877935879
1447877936237
1447877936582
1447877936950
1447877937300
1447877937659
1447877938010
1447877938373
1447877938698
1447877939065
1447877939407
1447877939782
1447877940183
1447877940525
1447877940892
1447877941280
1447877941605
1447877941988
1447877942321
1447877942704
1447877943029
1447877943405
1447877943755
1447877944122
1447877944490
1447877944840
1447877945208
1447877945578
1447877945928
1447877946253
1447877946620
1447877946962
1447877947337
1447877947687
1447877948053
1447877948438
1447877948780
1447877949146
1447877949505
1447877949848
1447877950264
1447877950614
1447877950982
1447877951357
1447877951699
1447877952075
1447877952425
1447877952784
1447877953135
1447877953485
1447877953860
1447877954219
1447877954578
1447877954913
1447877955364
1447877955682
1447877956049
1447877956432
1447877956791
1447877957140
1447877957499
1447877957833
1447877958191
1447877958534
1447877958892
1447877959243
1447877959585
1447877959956
1447877960298
1447877960666
1447877961008
1447877961383
1447877961750
1447877962084
1447877962454
1447877962821
1447877963164
1447877963514
1447877963890
1447877964266
1447877964608
1447877964975
1447877965341
1447877965683
1447877966034
1447877966427
1447877966736
1447877967103
1447877967470
1447877967829
1447877968197
1447877968556
1447877968898
1447877969290
1447877969674
1447877970044
1447877970396
1447877970781
1447877971139
1447877971506
1447877971881
1447877972268
1447877972642
1447877973001
1447877973360
1447877973711
1447877974070
1447877974404
1447877974789
1447877975223
1447877975557
1447877975941
1447877976275
1447877976641
1447877977001
1447877977359
1447877977710
1447877978089
1447877978465
1447877978805
1447877979165
1447877979515
1447877979875
1447877980259
1447877980601
1447877980951
1447877981327
1447877981724
1447877982054
1447877982438
1447877982780
1447877983131
1447877983490
1447877983850
1447877984183
1447877984559
1447877985024
1447877985361
1447877985728
1447877986079
1447877986429
1447877986796
1447877987147
1447877987506
1447877987848
1447877988206
1447877988556
1447877988915
1447877989339
1447877989677
1447877990035
1447877990377
1447877990727
1447877991078
1447877991428
1447877991787
1447877992141
1447877992500
1447877992842
1447877993210
1447877993544
1447877993903
1447877994562
1447877995023
1447877995365
1447877995724
1447877996058
1447877996416
1447877996767
1447877997109
1447877997475
1447877997850
1447877998200
1447877998550
1447877998893
1447877999251
1447877999593
1447878000071
1447878000379
1447878000754
1447878001106
1447878001480
1447878001847
1447878002195
1447878002562
1447878002936
1447878003279
1447878003646
1447878003978
1447878004329
1447878004662
1447878005013
1447878005388
1447878005747
1447878006106
1447878006469
1447878006812
1447878007171
1447878007521
1447878007880
1447878008206
1447878008577
1447878008935
1447878009286
1447878009637
1447878009988
1447878010329
1447878010680
1447878011038
1447878011379
1447878011730
1447878012130
1447878012523
1447878012933
1447878013275
1447878013626
1447878013977
1447878014336
1447878014670
1447878015031
1447878015382
1447878015724
1447878016092
1447878016434
1447878016793
1447878017135
1447878017511
1447878017870
1447878018271
1447878018613
1447878018997
1447878019380
1447878019722
1447878020066
1447878020483
1447878020825
1447878021178
1447878021521
1447878021880
1447878022247
1447878022616
1447878022966
1447878023317
1447878023692
1447878024094
1447878024419
1447878024771
1447878025129
1447878025472
1447878025822
1447878026165
1447878026523
1447878026894
1447878027253
1447878027603
1447878027962
1447878028330
1447878028700
1447878029069
1447878029436
1447878029770
1447878030114
1447878030558
1447878030950
1447878031284
1447878031635
1447878031985
1447878032336
1447878032679
1447878033032
1447878033407
1447878033741
1447878034116
1447878034459
1447878034827
1447878035264
1447878035607
1447878035975
1447878036309
1447878036676
1447878037014
1447878037388
1447878037731
1447878038089
1447878038429
1447878038797
1447878039131
1447878039481
1447878039865
1447878040216
1447878040584
1447878040988
1447878041346
1447878041704
1447878042079
1447878042446
1447878042813
1447878043172
1447878043560
1447878043944
1447878044312
1447878044687
1447878045030
1447878045406
1447878045785
1447878046185
1447878046544
1447878046909
1447878047242
1447878047610
1447878047952
1447878048319
1447878048653
1447878049004
1447878049362
1447878049717
1447878050074
1447878050442
1447878050784
1447878051135
1447878051477
1447878051828
1447878052170
1447878052523
1447878052882
1447878053224
1447878053575
1447878053943
1447878054298
1447878054672
1447878055032
1447878055397
1447878055789
1447878056173
1447878056523
1447878056880
1447878057247
1447878057598
1447878057964
1447878058323
1447878058682
1447878059020
1447878059379
1447878059754
1447878060124
1447878060599
1447878060961
1447878061353
1447878062053
1447878062420
1447878062769
1447878063136
1447878063495
1447878063862
1447878064235
1447878064611
1447878064953
1447878065354
1447878065718
1447878066102
1447878066444
1447878066810
1447878067185
1447878067545
1447878067908
1447878068258
1447878068651
1447878068991
1447878069374
1447878069750
1447878070092
1447878070450
1447878070818
1447878071185
1447878071536
1447878071912
1447878072308
1447878072649
1447878073024
1447878073374
1447878073731
1447878074115
1447878074465
1447878074815
1447878075200
1447878075550
1447878075909
1447878076280
1447878076629
1447878077013
1447878077380
1447878077731
1447878078070
1447878078455
1447878078795
1447878079178
1447878079529
1447878079872
1447878080264
1447878080623
1447878081007
1447878081369
1447878081753
1447878082095
1447878082452
1447878082820
1447878083160
1447878083560
1447878083936
1447878084294
1447878084634
1447878085010
1447878085361
1447878085727
1447878086100
1447878086492
1447878086842
1447878087209
1447878087558
1447878087958
1447878088334
1447878088717
