1447878139309
1447878141526
1447878141868
1447878142261
1447878142578
1447878142913
1447878143247
1447878143564
1447878143907
1447878144249
1447878144600
1447878145019
1447878145345
1447878145662
1447878145988
1447878146322
1447878146647
1447878146965
1447878147299
1447878147683
1447878148018
1447878148352
1447878148661
1447878149003
1447878149312
1447878149646
1447878149956
1447878150386
1447878150692
1447878151051
1447878151386
1447878151703
1447878152045
1447878152388
1447878152737
1447878153071
1447878153448
1447878153798
1447878154157
1447878154475
1447878154792
1447878155134
1447878155469
1447878155872
1447878156223
1447878156532
1447878156858
1447878157209
1447878157534
1447878157835
1447878158228
1447878158612
1447878158913
1447878159255
1447878159564
1447878159906
1447878160249
1447878160582
1447878160908
1447878161234
1447878161568
1447878161986
1447878162321
1447878162638
1447878162964
1447878163289
1447878163615
1447878163941
1447878164292
1447878164693
1447878165002
1447878165345
1447878165678
1447878166012
1447878166346
1447878166672
1447878166973
1447878167341
1447878167726
1447878168034
1447878168385
1447878168694
1447878169011
1447878169353
1447878169696
1447878170055
1447878170431
1447878170829
1447878171141
1447878171784
1447878172117
1447878172443
1447878172777
1447878173103
1447878173412
1447878173754
1447878174130
1447878174431
1447878174791
1447878175141
1447878175551
1447878175885
1447878176235
1447878176585
1447878176953
1447878177354
1447878177663
1447878177989
1447878178306
1447878178631
1447878178974
1447878179299
1447878179633
1447878179951
1447878180318
1447878180736
1447878181070
1447878181404
1447878181713
1447878182047
1447878182356
1447878182682
1447878183008
1447878183342
1447878183723
1447878184077
1447878184411
1447878184720
1447878185405
1447878185764
1447878186098
1447878186457
1447878186839
1447878187151
1447878187493
1447878187819
1447878188160
1447878188495
1447878188820
1447878189137
1447878189472
1447878189814
1447878190198
1447878190533
1447878190899
1447878191249
1447878191600
1447878191934
1447878192318
1447878192668
1447878193002
1447878193328
1447878193772
1447878194098
1447878194440
1447878194792
1447878195167
1447878195510
1447878195852
1447878196220
1447878196634
1447878197005
1447878197389
1447878197723
1447878198066
1447878198400
1447878198742
1447878199127
1447878199520
1447878199863
1447878200205
1447878200555
1447878200897
1447878201224
1447878201550
1447878201909
1447878202302
1447878202619
1447878202995
1447878203330
1447878203655
1447878203990
1447878204340
1447878204682
1447878205084
1447878205436
1447878205762
1447878206087
1447878206447
1447878206781
1447878207123
1447878207500
1447878207826
1447878208143
1447878208478
1447878208811
1447878209154
1447878209488
1447878209839
1447878210240
1447878210609
1447878210968
1447878211310
1447878211653
1447878211995
1447878212337
1447878213031
1447878213357
1447878213682
1447878214009
1447878214342
1447878214693
1447878215027
1447878215403
1447878215814
1447878216181
1447878216516
1447878216858
1447878217185
1447878217885
1447878218286
1447878218646
1447878218963
1447878219306
1447878219640
1447878219982
1447878220317
1447878220728
1447878221054
1447878221387
1447878221730
1447878222106
1447878222448
1447878222766
1447878223160
1447878223502
1447878223828
1447878224179
1447878224504
1447878224847
1447878225164
1447878225515
1447878225892
1447878226535
1447878226843
1447878227178
1447878227495
1447878227861
1447878228195
1447878228521
1447878228872
1447878229270
1447878229599
1447878229949
1447878230300
1447878230633
1447878230959
1447878231277
1447878231618
1447878231976
1447878232311
1447878232670
1447878233037
1447878233451
1447878233772
1447878234106
1447878234449
1447878234774
1447878235083
1447878235417
1447878235726
1447878236069
1447878236462
1447878236788
1447878237146
1447878237489
1447878237822
1447878238198
1447878238507
1447878238841
1447878239167
1447878239509
1447878240302
1447878240662
1447878241004
1447878241346
1447878241655
1447878242007
1447878242340
1447878242674
1447878243067
1447878243401
1447878243727
1447878244061
1447878244386
1447878244711
1447878245071
1447878245396
1447878245714
1447878246048
1447878246449
1447878246758
1447878247109
1447878247435
1447878247760
1447878248094
1447878248420
1447878248754
1447878249105
1447878249503
1447878249857
1447878250191
1447878250601
1447878250935
1447878251294
1447878251628
1447878251979
1447878252364
1447878252715
1447878253082
1447878253417
1447878253767
1447878254101
1447878254436
1447878254846
1447878255171
1447878255522
1447878255856
1447878256207
1447878256550
1447878256892
1447878257235
1447878257628
1447878257971
1447878258297
1447878258656
1447878258973
1447878259314
1447878259665
1447878259991
1447878260384
1447878260768
1447878261102
1447878261428
1447878261771
1447878262097
1447878262431
1447878262781
1447878263124
1447878263514
1447878263860
1447878264177
1447878264520
1447878264854
1447878265196
1447878265530
1447878265898
1447878266324
1447878266633
1447878266976
1447878267318
1447878267652
1447878268011
1447878268345
1447878268695
1447878269055
1447878269456
1447878269773
1447878270107
1447878270425
1447878270810
1447878271186
1447878271537
1447878271904
1447878272306
1447878272639
1447878272997
1447878273331
1447878273673
1447878274015
1447878274357
1447878274666
1447878275016
1447878275334
1447878275711
1447878276060
1447878276480
1447878276805
1447878277156
1447878277473
1447878277816
1447878278141
1447878278509
1447878278903
1447878279228
1447878279546
1447878279888
1447878280205
1447878280549
1447878280916
1447878281309
1447878281627
1447878281986
1447878282336
1447878282687
1447878283004
1447878283371
1447878283713
1447878284047
1447878284381
1447878284791
1447878285117
1447878285444
1447878285828
1447878286179
1447878286496
1447878286847
1447878287232
1447878287541
1447878287875
1447878288210
1447878288527
1447878288878
1447878289228
1447878289586
1447878289921
1447878290330
1447878290648
1447878290990
1447878291307
1447878291650
1447878291984
1447878292335
1447878292652
1447878293020
1447878293421
1447878293746
1447878294105
1447878294431
1447878294774
1447878295132
1447878295475
1447878295817
1447878296177
1447878296561
1447878296870
1447878297196
1447878297521
1447878297855
1447878298173
1447878298515
1447878298833
1447878299183
1447878299560
1447878299869
1447878300195
1447878300578
1447878300905
1447878301247
1447878301573
1447878301957
1447878302393
1447878302727
1447878303052
1447878303411
1447878303729
1447878304079
1447878304414
1447878304772
1447878305157
1447878305491
1447878305825
1447878306143
1447878306486
1447878306836
1447878307187
1447878307631
1447878307957
1447878308291
1447878308617
1447878308976
1447878309293
1447878309969
1447878310329
1447878310782
1447878311140
1447878311500
1447878311834
1447878312177
1447878312536
1447878312929
1447878313280
1447878313622
1447878313939
1447878314266
1447878314632
1447878314983
1447878315362
1447878315746
1447878316113
1447878316497
1447878316880
1447878317220
1447878317579
1447878317946
1447878318296
1447878318678
1447878319012
1447878319369
1447878319720
1447878320121
1447878320464
1447878320895
1447878321262
1447878321643
1447878322002
1447878322359
1447878322726
1447878323110
1447878323475
1447878323834
1447878324210
1447878324583
1447878324950
1447878325326
1447878325684
1447878326068
1447878326450
1447878326809
1447878327184
1447878327560
1447878327941
1447878328300
1447878328700
1447878329068
1447878329439
1447878329815
1447878330199
1447878330567
1447878330944
1447878331328
1447878331686
1447878332088
1447878332438
1447878332797
1447878333139
1447878333498
1447878333841
1447878334192
1447878334597
1447878334948
1447878335315
1447878335690
1447878336049
1447878336383
1447878336750
1447878337127
1447878337469
1447878337828
1447878338163
1447878338538
1447878338872
1447878339227
1447878339587
1447878339979
1447878340313
1447878340713
1447878341071
1447878341430
1447878341805
1447878342150
1447878342525
1447878342885
1447878343260
1447878343608
1447878343984
1447878344326
1447878344709
1447878345086
1447878345457
1447878345784
1447878346159
1447878346507
1447878346832
1447878347183
1447878347523
1447878347882
1447878348239
1447878348623
1447878348989
1447878349341
1447878349689
1447878350040
1447878350382
1447878350740
1447878351116
1447878351472
1447878351823
1447878352173
1447878352541
1447878352896
1447878353262
1447878353613
1447878353964
1447878354320
1447878354696
1447878355063
1447878355413
1447878355770
1447878356144
1447878356486
1447878356837
1447878357220
1447878357587
1447878357946
1447878358280
1447878358997
1447878359356
1447878359715
1447878360076
1447878360427
1447878360871
1447878361234
1447878361601
1447878361952
1447878362308
1447878362668
1447878363100
1447878363466
1447878363826
1447878364176
1447878364551
1447878364919
1447878365282
1447878365624
1447878365999
1447878366357
1447878366707
1447878367107
1447878367449
1447878367806
1447878368156
1447878368531
1447878368880
1447878369256
1447878369597
1447878369955
1447878370306
1447878370707
1447878371081
1447878371432
1447878371775
1447878372138
1447878372497
1447878372830
1447878373179
1447878373529
1447878373888
1447878374230
1447878374589
1447878374953
1447878375304
1447878375646
1447878375980
1447878376314
1447878376669
1447878377002
1447878377360
1447878377743
1447878378085
1447878378451
1447878378810
1447878379144
1447878379503
1447878379871
1447878380254
1447878380613
1447878380969
1447878381308
1447878381642
1447878382001
1447878382335
1447878382675
1447878383024
1447878383375
1447878383709
1447878384069
1447878384419
1447878384757
1447878385115
1447878385458
1447878385800
1447878386168
1447878386515
1447878386889
1447878387248
1447878387607
1447878387957
1447878388332
1447878388690
1447878389040
1447878389391
1447878389730
1447878390071
1447878390422
1447878390798
1447878391174
1447878391532
1447878391892
1447878392242
1447878392600
1447878392958
1447878393300
1447878393671
1447878394013
1447878394363
1447878394714
1447878395073
1447878395411
1447878395829
1447878396196
1447878396547
1447878396924
1447878397285
1447878397651
1447878398018
1447878398385
1447878398726
1447878399086
1447878399470
1447878399821
1447878400210
1447878400543
1447878400919
1447878401278
1447878401638
1447878402000
1447878402350
1447878402684
1447878403042
1447878403393
1447878403735
1447878404094
1447878404453
1447878404840
1447878405190
1447878405558
1447878405908
1447878406259
1447878406618
1447878406985
1447878407327
1447878407694
1447878408069
1447878408427
1447878408795
1447878409196
1447878409505
1447878409865
1447878410238
1447878410597
1447878410956
1447878411314
1447878411664
1447878412031
1447878412373
1447878412732
1447878413107
1447878413441
1447878413803
1447878414163
1447878414513
1447878414871
1447878415255
1447878415598
1447878415957
1447878416320
1447878416686
1447878417045
1447878417420
1447878417763
1447878418129
1447878418512
1447878418871
1447878419220
1447878419588
1447878419950
1447878420317
1447878420651
1447878421010
1447878421368
1447878421719
1447878422061
1447878422411
1447878422761
1447878423120
1447878423454
1447878423812
1447878424162
1447878424511
1447878424866
1447878425199
1447878425558
1447878425967
1447878426301
1447878426667
1447878427026
1447878427389
1447878427772
1447878428139
1447878428490
1447878428856
1447878429223
1447878429573
1447878429931
1447878430290
1447878430625
1447878431025
1447878431385
1447878431777
1447878432095
1447878432470
1447878432829
1447878433211
1447878433579
1447878433919
1447878434278
1447878434629
1447878434988
1447878435322
1447878435672
1447878436023
1447878436365
1447878436718
1447878437101
1447878437443
1447878437785
1447878438126
1447878438492
1447878438884
1447878439543
1447878439910
1447878440285
1447878440628
1447878440994
1447878441369
1447878441719
1447878442111
1447878442470
1447878442804
1447878443146
1447878443529
1447878443848
1447878444215
1447878444564
1447878444915
1447878445256
1447878445615
1447878445947
1447878446272
1447878446665
1447878447015
1447878447373
1447878447738
1447878448097
1447878448431
1447878448790
1447878449124
1447878449482
1447878449858
1447878450192
1447878450560
1447878451296
1447878451630
1447878451996
1447878452339
1447878452698
1447878453075
1447878453472
1447878453819
1447878454152
1447878454503
1447878454843
1447878455211
1447878455570
1447878455919
1447878456279
1447878456621
1447878456988
1447878457337
1447878457705
1447878458047
1447878458392
1447878458751
1447878459118
1447878459476
1447878459850
1447878460191
1447878460591
1447878460967
1447878461334
1447878461701
1447878462060
1447878462385
1447878462735
1447878463099
1447878463808
1447878464191
1447878464573
1447878464922
1447878465314
1447878465699
1447878466123
1447878466483
1447878466833
1447878467183
1447878467525
1447878467884
1447878468218
1447878468568
1447878468927
1447878469285
1447878469635
1447878470037
1447878470396
1447878470737
1447878471096
1447878471445
1447878471811
1447878472170
1447878472511
1447878472861
1447878473203
1447878473544
1447878473910
1447878474269
1447878474603
1447878474953
1447878475329
1447878475663
1447878476021
1447878476387
1447878476746
1447878477095
1447878477463
1447878477797
1447878478155
1447878478513
1447878478888
1447878479246
1447878479606
1447878480041
1447878480357
1447878480725
1447878481100
1447878481450
1447878481818
1447878482143
1447878482493
1447878482849
1447878483199
1447878483583
1447878483957
1447878484324
1447878484682
1447878485067
1447878485417
1447878485764
1447878486131
1447878486490
1447878486830
1447878487181
1447878487514
1447878487872
1447878488231
1447878488581
1447878488948
1447878489290
1447878489640
1447878489998
1447878490349
1447878490691
1447878491143
1447878491453
1447878491819
1447878492194
1447878492537
1447878492887
1447878493235
1447878493594
1447878493943
1447878494276
1447878494651
1447878494993
1447878495368
1447878495727
1447878496084
1447878496425
1447878496792
1447878497143
1447878497475
