1447883513363
1447883514816
1447883515150
1447883515548
1447883515878
1447883516229
1447883516571
1447883516897
1447883517222
1447883517540
1447883517924
1447883518328
1447883518676
1447883519018
1447883519335
1447883519686
1447883520004
1447883520346
1447883520706
1447883521132
1447883521441
1447883521793
1447883522136
1447883522486
1447883522820
1447883523137
1447883523487
1447883523838
1447883524325
1447883524666
1447883525017
1447883525335
1447883525985
1447883526303
1447883526654
1447883527046
1447883527364
1447883527730
1447883528106
1447883528448
1447883528766
1447883529092
1447883529435
1447883529785
1447883530161
1447883530537
1447883530880
1447883531214
1447883531564
1447883531898
1447883532241
1447883532600
1447883532942
1447883533301
1447883533735
1447883534103
1447883534429
1447883534771
1447883535089
1447883535455
1447883535790
1447883536166
1447883536559
1447883536884
1447883537219
1447883537536
1447883537862
1447883538187
1447883538530
1447883538847
1447883539198
1447883539582
1447883539933
1447883540276
1447883540584
1447883540919
1447883541244
1447883541578
1447883541887
1447883542221
1447883542598
1447883542940
1447883543274
1447883543591
1447883543926
1447883544294
1447883544644
1447883544987
1447883545346
1447883545687
1447883546080
1447883546414
1447883546748
1447883547081
1447883547416
1447883547733
1447883548084
1447883548393
1447883548718
1447883549162
1447883549513
1447883549831
1447883550149
1447883550474
1447883550792
1447883551118
1447883551510
1447883551819
1447883552163
1447883552488
1447883552797
1447883553148
1447883553457
1447883553791
1447883554185
1447883554527
1447883554870
1447883555254
1447883555572
1447883555922
1447883556273
1447883556623
1447883556949
1447883557333
1447883557667
1447883558017
1447883558367
1447883558676
1447883559030
1447883559472
1447883559822
1447883560172
1447883560549
1447883560907
1447883561265
1447883561600
1447883561933
1447883562258
1447883562601
1447883562926
1447883563260
1447883563578
1447883563903
1447883564314
1447883564674
1447883565008
1447883565325
1447883565668
1447883565977
1447883566327
1447883566721
1447883567064
1447883567381
1447883567758
1447883568092
1447883568409
1447883568776
1447883569186
1447883569495
1447883569829
1447883570146
1447883570472
1447883570789
1447883571115
1447883571424
1447883571758
1447883572143
1447883572469
1447883572811
1447883573162
1447883573504
1447883573821
1447883574180
1447883574531
1447883574899
1447883575317
1447883575642
1447883575985
1447883576327
1447883576661
1447883577003
1447883577337
1447883577663
1447883578006
1447883578407
1447883578733
1447883579110
1447883579493
1447883579811
1447883580145
1447883580479
1447883580822
1447883581204
1447883581515
1447883581881
1447883582207
1447883582532
1447883582882
1447883583225
1447883583559
1447883583909
1447883584260
1447883584585
1447883584952
1447883585381
1447883585696
1447883586039
1447883586356
1447883586690
1447883587007
1447883587333
1447883587634
1447883587976
1447883588354
1447883588678
1447883589012
1447883589354
1447883589697
1447883590023
1447883590373
1447883590699
1447883591067
1447883591483
1447883591802
1447883592168
1447883592503
1447883592836
1447883593162
1447883593488
1447883593822
1447883594131
1447883594490
1447883594900
1447883595250
1447883595618
1447883595960
1447883596302
1447883596662
1447883596981
1447883597390
1447883597733
1447883598125
1447883598450
1447883598785
1447883599119
1447883599495
1447883599845
1447883600187
1447883600597
1447883600956
1447883601307
1447883601632
1447883601983
1447883602325
1447883602660
1447883603010
1447883603368
1447883603701
1447883604019
1447883604405
1447883604763
1447883605105
1447883605422
1447883605772
1447883606115
1447883606440
1447883606807
1447883607141
1447883607450
1447883607808
1447883608134
1447883608518
1447883608828
1447883609154
1447883609522
1447883609856
1447883610199
1447883610541
1447883610942
1447883611301
1447883611636
1447883611969
1447883612295
1447883612604
1447883612947
1447883613256
1447883613615
1447883614008
1447883614317
1447883614660
1447883615026
1447883615362
1447883615696
1447883616046
1447883616389
1447883616782
1447883617091
1447883617458
1447883617767
1447883618101
1447883618427
1447883618752
1447883619070
1447883619412
1447883619822
1447883620139
1447883620474
1447883620808
1447883621150
1447883621493
1447883621810
1447883622144
1447883622529
1447883622871
1447883623205
1447883623523
1447883623840
1447883624149
1447883624484
1447883624817
1447883625167
1447883625518
1447883625920
1447883626237
1447883626587
1447883626896
1447883627221
1447883627572
1447883627906
1447883628632
1447883628957
1447883629291
1447883629684
1447883630035
1447883630386
1447883630695
1447883631045
1447883631363
1447883631697
1447883632039
1447883632390
1447883632740
1447883633133
1447883633475
1447883633809
1447883634178
1447883634553
1447883634887
1447883635205
1447883635555
1447883635949
1447883636274
1447883636640
1447883636990
1447883637333
1447883637658
1447883637984
1447883638326
1447883638652
1447883638969
1447883639414
1447883639764
1447883640123
1447883640466
1447883640783
1447883641118
1447883641452
1447883641786
1447883642170
1447883642504
1447883642847
1447883643156
1447883643490
1447883643799
1447883644141
1447883644636
1447883644978
1447883645329
1447883645671
1447883646031
1447883646356
1447883646699
1447883647024
1447883647358
1447883647735
1447883648069
1447883648378
1447883648712
1447883649021
1447883649388
1447883649731
1447883650064
1447883650406
1447883650748
1447883651090
1447883651440
1447883651842
1447883652175
1447883652518
1447883652852
1447883653186
1447883653528
1447883653871
1447883654229
1447883654563
1447883654969
1447883655290
1447883655625
1447883655967
1447883656292
1447883656625
1447883656959
1447883657301
1447883657644
1447883657961
1447883658312
1447883658696
1447883659039
1447883659381
1447883659690
1447883660058
1447883660408
1447883660766
1447883661101
1447883661434
1447883661768
1447883662162
1447883662487
1447883662821
1447883663139
1447883663464
1447883663773
1447883664099
1447883664409
1447883664813
1447883665136
1447883665487
1447883665812
1447883666155
1447883666505
1447883666840
1447883667174
1447883667524
1447883667883
1447883668268
1447883668601
1447883668961
1447883669286
1447883669637
1447883669954
1447883670288
1447883670630
1447883670972
1447883671331
1447883671724
1447883672033
1447883672359
1447883672685
1447883672994
1447883673321
1447883673647
1447883674031
1447883674365
1447883674699
1447883675009
1447883675377
1447883675702
1447883676020
1447883676354
1447883676747
1447883677064
1447883677391
1447883677716
1447883678034
1447883678352
1447883678745
1447883679063
1447883679423
1447883679748
1447883680108
1447883680434
1447883680751
1447883681077
1447883681462
1447883681820
1447883682170
1447883682513
1447883682838
1447883683172
1447883683524
1447883683841
1447883684175
1447883684584
1447883684902
1447883685245
1447883685562
1447883685903
1447883686237
1447883686571
1447883686905
1447883687231
1447883687548
1447883687899
1447883688300
1447883688634
1447883688968
1447883689277
1447883689603
1447883689912
1447883690246
1447883690572
1447883690906
1447883691290
1447883691608
1447883691950
1447883692259
1447883692585
1447883692935
1447883693277
1447883693611
1447883693928
1447883694296
1447883694698
1447883695015
1447883695365
1447883695699
1447883696075
1447883696417
1447883696751
1447883697069
1447883697410
1447883697744
1447883698121
1447883698446
1447883698797
1447883699131
1447883699466
1447883699800
1447883700134
1447883700468
1447883700886
1447883701203
1447883701546
1447883701888
1447883702222
1447883702548
1447883702882
1447883703191
1447883703525
1447883703931
1447883704269
1447883704644
1447883705013
1447883705347
1447883705672
1447883705990
1447883706332
1447883706725
1447883707067
1447883707418
1447883707736
1447883708054
1447883708396
1447883708722
1447883709048
1447883709441
1447883709758
1447883710068
1447883710410
1447883710728
1447883711070
1447883711387
1447883711721
1447883712090
1447883712424
1447883712733
1447883713109
1447883713435
1447883713777
1447883714095
1447883714632
1447883714949
1447883715308
1447883715625
1447883715959
1447883716277
1447883716611
1447883716953
1447883717338
1447883717679
1447883718014
1447883718331
1447883718657
1447883718966
1447883719308
1447883719625
1447883719993
1447883720403
1447883720720
1447883721070
1447883721404
1447883721729
1447883722055
1447883722381
1447883722715
1447883723040
1447883723375
1447883723768
1447883724077
1447883724461
1447883724778
1447883725104
1447883725454
1447883725821
1447883726172
1447883726506
1447883726848
1447883727207
1447883727599
1447883727917
1447883728275
1447883728609
1447883728934
1447883729269
1447883729637
1447883729954
1447883730288
1447883730682
1447883731007
1447883731341
1447883731683
1447883732017
1447883732335
1447883732660
1447883732978
1447883733304
1447883733689
1447883734040
1447883734382
1447883734749
1447883735051
1447883735402
1447883735753
1447883736147
1447883736454
1447883736814
1447883737139
1447883737481
1447883737807
1447883738140
1447883738482
1447883738824
1447883739142
1447883739467
1447883739854
1447883740188
1447883740514
1447883740839
1447883741182
1447883741491
1447883741825
1447883742209
1447883742527
1447883742845
1447883743171
1447883743488
1447883743830
1447883744148
1447883744490
1447883744900
1447883745226
1447883745568
1447883745894
1447883746236
1447883746562
1447883746888
1447883747221
1447883747547
1447883747938
1447883748258
1447883748600
1447883748960
1447883749302
1447883749678
1447883750004
1447883750338
1447883750688
1447883751084
1447883751406
1447883751764
1447883752082
1447883752407
1447883752749
1447883753075
1447883753392
1447883753742
1447883754085
1447883754588
1447883754905
1447883755231
1447883755556
1447883755873
1447883756191
1447883756508
1447883756817
1447883757160
1447883757549
1447883757878
1447883758229
1447883758546
1447883758872
1447883759214
1447883759533
1447883759926
1447883760344
1447883760677
1447883761035
1447883761394
1447883761712
1447883762070
1447883762404
1447883762738
1447883763072
1447883763389
1447883763723
1447883764108
1447883764459
1447883764793
1447883765110
1447883765436
1447883765754
1447883766121
1447883766439
1447883766823
1447883767133
1447883767483
1447883767809
1447883768151
1447883768494
1447883768836
1447883769162
1447883769504
1447883769905
1447883770223
1447883770557
1447883770891
1447883771225
1447883771559
1447883771902
1447883772244
1447883772595
1447883772961
1447883773295
1447883773704
1447883774038
1447883774396
1447883774739
1447883775081
1447883775431
1447883775757
1447883776082
1447883776432
1447883776766
1447883777100
1447883777442
1447883777877
1447883778194
1447883778553
1447883778887
1447883779221
1447883779555
1447883779889
1447883780223
1447883780548
1447883780891
1447883781298
1447883781626
1447883781977
1447883782302
1447883782645
1447883782996
1447883783338
1447883783672
1447883784014
1447883784356
1447883784825
1447883785167
1447883785484
1447883785834
1447883786160
1447883786502
1447883786836
1447883787187
1447883787546
1447883787888
1447883788281
1447883788606
1447883788949
1447883789275
1447883789626
1447883790027
1447883790352
1447883790703
1447883791096
1447883791439
1447883791798
1447883792140
1447883792508
1447883792850
1447883793200
1447883793551
1447883793927
1447883794345
1447883794695
1447883795072
1447883795439
1447883795773
1447883796131
1447883796489
1447883796858
1447883797233
1447883797591
1447883797933
1447883798300
1447883798650
1447883799078
1447883799429
1447883799738
1447883800072
1447883800389
1447883800739
1447883801065
1447883801458
1447883801784
1447883802127
1447883802469
1447883802803
1447883803128
1447883803462
1447883803788
1447883804139
1447883804540
1447883804883
1447883805242
1447883805576
1447883805910
1447883806260
1447883806594
1447883806920
1447883807271
1447883807630
1447883807971
1447883808350
1447883808664
1447883809039
1447883809373
1447883809715
1447883810041
1447883810375
1447883810709
1447883811043
1447883811411
1447883811822
1447883812146
1447883812513
1447883812831
1447883813173
1447883813507
1447883813866
1447883814233
1447883814585
1447883814986
1447883815303
1447883815637
1447883815979
1447883816305
1447883816631
1447883816973
1447883817299
1447883817625
1447883817983
1447883818325
1447883818718
1447883819051
1447883819394
1447883819855
1447883820222
1447883820592
1447883820952
1447883821302
1447883821653
1447883821995
1447883822329
1447883822663
1447883823014
1447883823415
1447883823733
1447883824092
1447883824409
1447883824760
1447883825095
1447883825412
1447883826145
1447883826870
1447883827206
1447883827548
1447883827882
1447883828216
1447883828550
1447883828893
1447883829227
1447883829569
1447883829987
1447883830321
1447883830688
1447883831031
1447883831372
1447883831707
1447883832058
1447883832375
1447883832710
1447883833112
1447883833445
1447883833787
1447883834138
1447883834480
1447883834806
1447883835148
1447883835466
1447883835808
1447883836202
1447883836544
1447883836878
1447883837221
1447883837555
1447883837889
1447883838231
1447883838574
1447883838975
1447883839301
1447883839651
1447883839977
1447883840328
1447883840678
1447883841030
1447883841372
1447883841731
1447883842132
1447883842474
1447883842832
1447883843216
1447883843550
1447883843917
1447883844267
1447883844601
1447883844943
1447883845310
1447883845644
1447883845994
1447883846329
1447883846752
1447883847072
1447883847415
1447883847765
1447883848108
1447883848433
1447883848776
1447883849101
1447883849453
1447883849913
1447883850271
1447883850646
1447883850988
1447883851339
1447883851673
1447883852015
1447883852357
1447883852683
1447883853059
1447883853477
1447883853803
1447883854153
1447883854479
1447883854864
1447883855231
1447883855574
1447883855924
1447883856359
1447883856710
1447883857069
1447883857411
1447883857762
1447883858404
1447883858755
1447883859089
1447883859431
1447883859868
1447883860211
1447883860536
1447883860887
1447883861213
