1447880067937
1447880069402
1447880069769
1447880070153
1447880070521
1447880070863
1447880071222
1447880071564
1447880071914
1447880072290
1447880072732
1447880073067
1447880073443
1447880073785
1447880074135
1447880074511
1447880074861
1447880075228
1447880075620
1447880075954
1447880076321
1447880076672
1447880077065
1447880077432
1447880077826
1447880078177
1447880078543
1447880078911
1447880079261
1447880079623
1447880079974
1447880080333
1447880080667
1447880081059
1447880081405
1447880081747
1447880082106
1447880082446
1447880082806
1447880083171
1447880083539
1447880083930
1447880084306
1447880084665
1447880085015
1447880085375
1447880085770
1447880086129
1447880086480
1447880086830
1447880087173
1447880087529
1447880087877
1447880088237
1447880088722
1447880089055
1447880089405
1447880089778
1447880090111
1447880090471
1447880090830
1447880091188
1447880091526
1447880091884
1447880092243
1447880092585
1447880092937
1447880093270
1447880093633
1447880094026
1447880094368
1447880094708
1447880095084
1447880095443
1447880095809
1447880096176
1447880096527
1447880096877
1447880097219
1447880097562
1447880097912
1447880098270
1447880098713
1447880099074
1447880099426
1447880099781
1447880100123
1447880100499
1447880100839
1447880101206
1447880101540
1447880101915
1447880102281
1447880102641
1447880102983
1447880103349
1447880103724
1447880104091
1447880104454
1447880104837
1447880105204
1447880105553
1447880105922
1447880106270
1447880106653
1447880107021
1447880107379
1447880107727
1447880108104
1447880108486
1447880108829
1447880109171
1447880109505
1447880109868
1447880110210
1447880110569
1447880110909
1447880111269
1447880111644
1447880112036
1447880112404
1447880112779
1447880113162
1447880113533
1447880113916
1447880114300
1447880114675
1447880115034
1447880115408
1447880115784
1447880116141
1447880116549
1447880116925
1447880117309
1447880117685
1447880118102
1447880118515
1447880118874
1447880119248
1447880119631
1447880119998
1447880120374
1447880120733
1447880121092
1447880121477
1447880121856
1447880122190
1447880122566
1447880122941
1447880123313
1447880123672
1447880124065
1447880124424
1447880124793
1447880125218
1447880125553
1447880125937
1447880126304
1447880126646
1447880127006
1447880127352
1447880127728
1447880128062
1447880128414
1447880128789
1447880129139
1447880129482
1447880129849
1447880130232
1447880130617
1447880130951
1447880131302
1447880131669
1447880132017
1447880132393
1447880132760
1447880133110
1447880133471
1447880133880
1447880134266
1447880134626
1447880134974
1447880135342
1447880135700
1447880136050
1447880136399
1447880136777
1447880137160
1447880137527
1447880137877
1447880138219
1447880138561
1447880138920
1447880139322
1447880139656
1447880140015
1447880140357
1447880140716
1447880141092
1447880141441
1447880141788
1447880142148
1447880142548
1447880142907
1447880143274
1447880143621
1447880143997
1447880144356
1447880144715
1447880145073
1447880145453
1447880145812
1447880146163
1447880146839
1447880147181
1447880147536
1447880147920
1447880148295
1447880148671
1447880149038
1447880149406
1447880149777
1447880150153
1447880150493
1447880150868
1447880151219
1447880151602
1447880151953
1447880152304
1447880152654
1447880153012
1447880153387
1447880153771
1447880154125
1447880154501
1447880154868
1447880155235
1447880155586
1447880155952
1447880156319
1447880156686
1447880157020
1447880157390
1447880157774
1447880158124
1447880158500
1447880158893
1447880159251
1447880159626
1447880160000
1447880160367
1447880160725
1447880161093
1447880161427
1447880161776
1447880162127
1447880162485
1447880162844
1447880163228
1447880163604
1447880164305
1447880164673
1447880165032
1447880165381
1447880165773
1447880166123
1447880166481
1447880166848
1447880167191
1447880167557
1447880167935
1447880168327
1447880168779
1447880169138
1447880169813
1447880170171
1447880170579
1447880170938
1447880171304
1447880171680
1447880172030
1447880172388
1447880172801
1447880173143
1447880173526
1447880173909
1447880174295
1447880174668
1447880175068
1447880175411
1447880175777
1447880176152
1447880176510
1447880176873
1447880177248
1447880177624
1447880178024
1447880178392
1447880178751
1447880179117
1447880179489
1447880179889
1447880180280
1447880180631
1447880181006
1447880181357
1447880181708
1447880182058
1447880182416
1447880182767
1447880183101
1447880183451
1447880183810
1447880184179
1447880184554
1447880184948
1447880185315
1447880185673
1447880186056
1447880186415
1447880186774
1447880187132
1447880187499
1447880187865
1447880188224
1447880188685
1447880189052
1447880189401
1447880189776
1447880190151
1447880190511
1447880190870
1447880191237
1447880191621
1447880191996
1447880192347
1447880192748
1447880193157
1447880193500
1447880193884
1447880194226
1447880194584
1447880194952
1447880195294
1447880195652
1447880196033
1447880196400
1447880196750
1447880197110
1447880197460
1447880197836
1447880198212
1447880198714
1447880199056
1447880199439
1447880199797
1447880200164
1447880200523
1447880200873
1447880201221
1447880201589
1447880201939
1447880202315
1447880202657
1447880202999
1447880203349
1447880203724
1447880204073
1447880204432
1447880204791
1447880205125
1447880205483
1447880205850
1447880206225
1447880206592
1447880207009
1447880207344
1447880207744
1447880208120
1447880208479
1447880208915
1447880209257
1447880209623
1447880209973
1447880210331
1447880210699
1447880211059
1447880211427
1447880211785
1447880212160
1447880212511
1447880212870
1447880213220
1447880213570
1447880213921
1447880214263
1447880214667
1447880215009
1447880215368
1447880215719
1447880216077
1447880216443
1447880216818
1447880217185
1447880217543
1447880217911
1447880218253
1447880218628
1447880219012
1447880219379
1447880219737
1447880220139
1447880220506
1447880220848
1447880221199
1447880221533
1447880221891
1447880222267
1447880222617
1447880222976
1447880223444
1447880223813
1447880224155
1447880224514
1447880224848
1447880225215
1447880225565
1447880225908
1447880226258
1447880226616
1447880226966
1447880227316
1447880227666
1447880228061
1447880228420
1447880228787
1447880229138
1447880229488
1447880229852
1447880230186
1447880230545
1447880230888
1447880231238
1447880231580
1447880231930
1447880232297
1447880232655
1447880233014
1447880233364
1447880233722
1447880234142
1447880234493
1447880234851
1447880235218
1447880235561
1447880235918
1447880236279
1447880236645
1447880237003
1447880237354
1447880237721
1447880238096
1447880238474
1447880238806
1447880239173
1447880239514
1447880239898
1447880240247
1447880240606
1447880240938
1447880241306
1447880241654
1447880242014
1447880242347
1447880242724
1447880243074
1447880243432
1447880243795
1447880244128
1447880244487
1447880244896
1447880245246
1447880245604
1447880245973
1447880246348
1447880246711
1447880247061
1447880247460
1447880247835
1447880248211
1447880248562
1447880248963
1447880249297
1447880249643
1447880250002
1447880250344
1447880250695
1447880251062
1447880251418
1447880251759
1447880252118
1447880252510
1447880252851
1447880253191
1447880253534
1447880253866
1447880254249
1447880254617
1447880254967
1447880255326
1447880255694
1447880256040
1447880256365
1447880256724
1447880257083
1447880257442
1447880257794
1447880258178
1447880258536
1447880259245
1447880259612
1447880259970
1447880260362
1447880260688
1447880261063
1447880261414
1447880261756
1447880262123
1447880262481
1447880262816
1447880263162
1447880263504
1447880263913
1447880264245
1447880264613
1447880264953
1447880265312
1447880265661
1447880266020
1447880266361
1447880266720
1447880267077
1447880267435
1447880267803
1447880268127
1447880268494
1447880268902
1447880269269
1447880269645
1447880269980
1447880270347
1447880270681
1447880271047
1447880271405
1447880271772
1447880272130
1447880272497
1447880272899
1447880273266
1447880273634
1447880273968
1447880274327
1447880274677
1447880275032
1447880275399
1447880275774
1447880276165
1447880276524
1447880276891
1447880277242
1447880277584
1447880277931
1447880278272
1447880278649
1447880279031
1447880279398
1447880279739
1447880280090
1447880280438
1447880280781
1447880281139
1447880281490
1447880281841
1447880282183
1447880282517
1447880282876
1447880283268
1447880283745
1447880284095
1447880284488
1447880284820
1447880285195
1447880285528
1447880285895
1447880286278
1447880286612
1447880286987
1447880287338
1447880287672
1447880288027
1447880288393
1447880288786
1447880289126
1447880289518
1447880289859
1447880290227
1447880290567
1447880290959
1447880291293
1447880291651
1447880292000
1447880292351
1447880292725
1447880293084
1447880293441
1447880293818
1447880294169
1447880294540
1447880294890
1447880295307
1447880295690
1447880296066
1447880296425
1447880296775
1447880297142
1447880297501
1447880297859
1447880298217
1447880298572
1447880298957
1447880299324
1447880299667
1447880300025
1447880300396
1447880300755
1447880301089
1447880301449
1447880301816
1447880302183
1447880302534
1447880302919
1447880303285
1447880303695
1447880304112
1447880304478
1447880304862
1447880305211
1447880305579
1447880305929
1447880306287
1447880306645
1447880306996
1447880307360
1447880307743
1447880308111
1447880308453
1447880308828
1447880309189
1447880309581
1447880309922
1447880310289
1447880310647
1447880310997
1447880311368
1447880311702
1447880312052
1447880312427
1447880312803
1447880313150
1447880313534
1447880313867
1447880314226
1447880314611
1447880314965
1447880315323
1447880315691
1447880316025
1447880316383
1447880316742
1447880317076
1447880317439
1447880317799
1447880318157
1447880318515
1447880318966
1447880319300
1447880319667
1447880320076
1447880320435
1447880320796
1447880321156
1447880321489
1447880321847
1447880322206
1447880322573
1447880322907
1447880323262
1447880323645
1447880324020
1447880324379
1447880324729
1447880325097
1447880325448
1447880325811
1447880326203
1447880326570
1447880326938
1447880327288
1447880327660
1447880328052
1447880328401
1447880328754
1447880329146
1447880329501
1447880329860
1447880330202
1447880330552
1447880330927
1447880331285
1447880331644
1447880331994
1447880332320
1447880332686
1447880333036
1447880333394
1447880333758
1447880334117
1447880334468
1447880334811
1447880335177
1447880335553
1447880335895
1447880336246
1447880336647
1447880336981
1447880337349
1447880337691
1447880338057
1447880338433
1447880338784
1447880339185
1447880339543
1447880339944
1447880340347
1447880341023
1447880341389
1447880341739
1447880342098
1447880342457
1447880342807
1447880343173
1447880343532
1447880343898
1447880344286
1447880344661
1447880345061
1447880345754
1447880346112
1447880346479
1447880346846
1447880347214
1447880347613
1447880347986
1447880348368
1447880348743
1447880349127
1447880349469
1447880349836
1447880350187
1447880350537
1447880350909
1447880351276
1447880351618
1447880351976
1447880352336
1447880352669
1447880353054
1447880353388
1447880353772
1447880354215
1447880354557
1447880354924
1447880355298
1447880355665
1447880356024
1447880356358
1447880356725
1447880357076
1447880357418
1447880357752
1447880358110
1447880358460
1447880358845
1447880359254
1447880359580
1447880359965
1447880360324
1447880360658
1447880361024
1447880361404
1447880361787
1447880362164
1447880362520
1447880362912
1447880363296
1447880363646
1447880364021
1447880364405
1447880364740
1447880365132
1447880365508
1447880365892
1447880366285
1447880366677
1447880367035
1447880367402
1447880367769
1447880368103
1447880368453
1447880368830
1447880369206
1447880369559
1447880369943
1447880370294
1447880370660
1447880371078
1447880371437
1447880371825
1447880372201
1447880372544
1447880372928
1447880373300
1447880373642
1447880374009
1447880374367
1447880374734
1447880375092
1447880375451
1447880375801
1447880376168
1447880376510
1447880376864
1447880377240
1447880377582
1447880377942
1447880378317
1447880378673
1447880379057
1447880379423
1447880379815
1447880380181
1447880380539
1447880380924
1447880381266
1447880381629
1447880381997
1447880382372
1447880382730
1447880383114
1447880383457
1447880383811
1447880384179
1447880384538
1447880384896
1447880385297
1447880385664
1447880386027
1447880386403
1447880386778
1447880387163
1447880387505
1447880387855
1447880388205
1447880388547
1447880388898
1447880389239
1447880389606
1447880390297
1447880390680
1447880391081
1447880391450
1447880391800
1447880392167
1447880392534
1447880392918
1447880393285
1447880393636
1447880394007
1447880394366
1447880394725
1447880395083
1447880395459
1447880395840
1447880396223
1447880396582
1447880396932
1447880397316
1447880397675
1447880398034
1447880398392
1447880398759
1447880399203
1447880399641
1447880399971
1447880400338
1447880400696
1447880401080
1447880401422
1447880401771
1447880402147
1447880402506
1447880402889
1447880403263
1447880403646
1447880404047
1447880404428
1447880404812
1447880405170
1447880405545
1447880405920
1447880406295
1447880406663
1447880407021
1447880407385
1447880407760
1447880408118
1447880408501
1447880408878
1447880409295
1447880409654
1447880410051
1447880410408
1447880410800
1447880411175
1447880411525
1447880411883
1447880412258
1447880412616
1447880412966
1447880413325
1447880413674
1447880414049
1447880414408
1447880414757
1447880415115
1447880415508
1447880415864
1447880416239
1447880416615
1447880416949
1447880417307
1447880417691
1447880418033
1447880418405
1447880418789
1447880419165
1447880419523
1447880419915
1447880420266
1447880420629
1447880421030
1447880421395
1447880421779
1447880422179
1447880422538
1447880422903
1447880423278
1447880423661
1447880424053
1447880424421
1447880424771
1447880425129
1447880425504
1447880425847
1447880426213
1447880426594
1447880426943
1447880427301
1447880427661
1447880428012
1447880428361
1447880428719
1447880429129
1447880429476
1447880429843
1447880430193
1447880430550
1447880430908
1447880431291
1447880431641
1447880432041
1447880432399
1447880432800
1447880433192
1447880433559
1447880433942
1447880434336
1447880434725
1447880435108
1447880435493
1447880435868
