1447877373235
1447877375364
1447877375706
1447877376116
1447877376442
1447877376768
1447877377111
1447877377453
1447877377787
1447877378104
1447877378438
1447877378832
1447877379167
1447877379518
1447877379860
1447877380211
1447877380528
1447877380896
1447877381297
1447877381614
1447877381941
1447877382283
1447877382609
1447877382951
1447877383277
1447877383619
1447877384056
1447877384381
1447877384715
1447877385049
1447877385392
1447877385726
1447877386077
1447877386427
1447877386769
1447877387170
1447877387495
1447877387812
1447877388130
1447877388455
1447877388764
1447877389116
1447877389475
1447877389851
1447877390161
1447877390486
1447877390787
1447877391121
1447877391447
1447877391772
1447877392090
1447877392441
1447877392825
1447877393143
1447877393517
1447877393876
1447877394252
1447877394586
1447877394895
1447877395238
1447877395547
1447877395889
1447877396608
1447877396942
1447877397267
1447877397601
1447877397928
1447877398295
1447877398630
1447877399107
1447877399456
1447877399791
1447877400125
1447877400450
1447877400784
1447877401118
1447877401436
1447877401803
1447877402198
1447877402530
1447877402873
1447877403181
1447877403507
1447877403841
1447877404175
1447877404493
1447877404852
1447877405244
1447877405570
1447877405905
1447877406238
1447877406564
1447877406898
1447877407241
1447877407558
1447877407917
1447877408302
1447877408636
1447877408978
1447877409295
1447877409630
1447877410014
1447877410356
1447877410673
1447877411041
1447877411442
1447877411760
1447877412110
1447877412427
1447877412761
1447877413095
1447877413445
1447877413771
1447877414115
1447877414563
1447877414883
1447877415217
1447877415585
1447877415903
1447877416253
1447877416563
1447877416896
1447877417282
1447877417607
1447877417933
1447877418267
1447877418584
1447877418910
1447877419244
1447877419561
1447877419895
1447877420281
1447877420606
1447877420974
1447877421316
1447877421625
1447877421976
1447877422302
1447877422652
1447877423029
1447877423371
1447877423697
1447877424014
1447877424357
1447877424691
1447877425017
1447877425377
1447877425769
1447877426087
1447877426446
1447877426772
1447877427139
1447877427465
1447877427791
1447877428133
1447877428546
1447877428869
1447877429211
1447877429553
1447877429896
1447877430271
1447877430631
1447877430973
1447877431339
1447877431707
1447877432108
1447877432434
1447877432785
1447877433118
1447877433444
1447877433770
1447877434120
1447877434470
1447877434812
1447877435129
1447877435472
1447877435875
1447877436217
1447877436543
1447877436885
1447877437219
1447877437528
1447877437887
1447877438229
1447877438579
1447877438972
1447877439306
1447877439648
1447877439974
1447877440299
1447877440608
1447877440951
1447877441293
1447877441644
1447877442088
1447877442421
1447877442747
1447877443089
1447877443415
1447877443732
1447877444068
1447877444536
1447877444853
1447877445187
1447877445505
1447877445846
1447877446189
1447877446514
1447877446857
1447877447166
1447877447525
1447877447927
1447877448269
1447877448570
1447877448904
1447877449247
1447877449556
1447877449916
1447877450331
1447877450642
1447877450984
1447877451318
1447877451644
1447877451978
1447877452295
1447877452621
1447877452930
1447877453289
1447877453681
1447877454008
1447877454384
1447877454710
1447877455027
1447877455370
1447877455687
1447877456029
1447877456415
1447877456731
1447877457073
1447877457407
1447877457724
1447877458074
1447877458417
1447877458750
1447877459068
1447877459385
1447877459719
1447877460130
1447877460464
1447877460773
1447877461107
1447877461424
1447877461774
1447877462116
1447877462458
1447877462784
1447877463126
1447877463509
1447877463828
1447877464178
1447877464513
1447877464846
1447877465180
1447877465498
1447877465832
1447877466141
1447877466483
1447877466876
1447877467194
1447877467528
1447877467854
1447877468171
1447877468514
1447877468839
1447877469198
1447877469557
1447877469941
1447877470267
1447877470618
1447877470927
1447877471261
1447877471595
1447877471921
1447877472238
1447877472606
1447877472990
1447877473308
1447877473650
1447877473984
1447877474343
1447877474685
1447877475012
1447877475362
1447877475704
1447877476055
1447877476404
1447877476797
1447877477123
1447877477457
1447877477783
1447877478125
1447877478467
1447877478818
1447877479169
1447877479561
1447877479969
1447877480288
1447877480605
1447877480972
1447877481298
1447877481624
1447877481966
1447877482284
1447877482618
1447877483017
1447877483353
1447877483687
1447877484031
1447877484431
1447877484773
1447877485116
1447877485467
1447877485868
1447877486210
1447877486544
1447877486853
1447877487196
1447877487513
1447877487847
1447877488198
1447877488540
1447877488925
1447877489259
1447877489585
1447877489944
1447877490329
1447877490687
1447877491395
1447877491737
1447877492054
1447877492397
1447877492784
1447877493099
1447877493425
1447877493767
1447877494093
1447877494419
1447877494761
1447877495078
1447877495428
1447877495856
1447877496190
1447877496507
1447877496858
1447877497175
1447877497510
1447877497844
1447877498186
1447877498579
1447877498896
1447877499239
1447877499548
1447877499891
1447877500216
1447877500542
1447877500851
1447877501193
1447877501552
1447877501952
1447877502262
1447877502595
1447877502929
1447877503254
1447877503596
1447877503938
1447877504272
1447877504622
1447877504940
1447877505290
1447877505975
1447877506383
1447877506701
1447877507051
1447877507386
1447877507727
1447877508052
1447877508387
1447877508712
1447877509038
1447877509364
1447877509706
1447877510099
1447877510441
1447877510775
1447877511093
1447877511435
1447877511769
1447877512103
1447877512438
1447877512780
1447877513164
1447877513473
1447877513807
1447877514126
1447877514468
1447877514826
1447877515176
1447877515510
1447877515819
1447877516153
1447877516539
1447877516855
1447877517181
1447877517507
1447877517841
1447877518191
1447877518517
1447877518834
1447877519169
1447877519546
1447877519888
1447877520214
1447877520564
1447877520890
1447877521265
1447877521608
1447877521950
1447877522292
1447877522707
1447877523028
1447877523378
1447877523704
1447877524080
1447877524499
1447877524850
1447877525267
1447877525593
1447877525944
1447877526253
1447877526579
1447877526929
1447877527255
1447877527581
1447877527923
1447877528316
1447877528625
1447877528959
1447877529285
1447877529661
1447877529994
1447877530329
1447877530654
1447877531022
1447877531415
1447877531740
1447877532083
1447877532408
1447877532735
1447877533085
1447877533443
1447877533793
1447877534136
1447877534520
1447877534887
1447877535299
1447877535622
1447877535980
1447877536315
1447877536656
1447877536991
1447877537325
1447877537659
1447877537993
1447877538677
1447877539070
1447877539387
1447877539730
1447877540080
1447877540397
1447877540715
1447877541065
1447877541415
1447877541749
1447877542066
1447877542425
1447877542825
1447877543152
1447877543486
1447877543837
1447877544172
1447877544539
1447877544865
1447877545232
1447877545617
1447877545951
1447877546277
1447877546594
1447877546936
1447877547254
1447877547596
1447877547947
1447877548289
1447877548656
1447877549074
1447877549416
1447877549750
1447877550076
1447877550443
1447877550777
1447877551103
1447877551428
1447877551848
1447877552183
1447877552525
1447877552850
1447877553193
1447877553527
1447877553852
1447877554212
1447877554605
1447877554914
1447877555265
1447877555598
1447877555932
1447877556266
1447877556600
1447877556926
1447877557302
1447877557695
1447877558004
1447877558346
1447877558680
1447877559040
1447877559382
1447877559700
1447877560050
1447877560392
1447877560734
1447877561092
1447877561506
1447877561836
1447877562194
1447877562545
1447877562878
1447877563237
1447877563571
1447877563888
1447877564265
1447877564775
1447877565101
1447877565443
1447877565794
1447877566136
1447877566462
1447877566804
1447877567147
1447877567497
1447877567883
1447877568234
1447877568551
1447877568910
1447877569219
1447877569587
1447877569954
1447877570313
1447877570697
1447877571023
1447877571357
1447877571683
1447877572026
1447877572351
1447877572694
1447877573028
1447877573370
1447877573754
1447877574097
1447877574440
1447877574773
1447877575108
1447877575441
1447877575775
1447877576101
1447877576452
1447877576870
1447877577246
1447877577572
1447877577931
1447877578282
1447877578624
1447877578967
1447877579402
1447877579736
1447877580070
1447877580729
1447877581080
1447877581405
1447877581757
1447877582107
1447877582474
1447877582876
1447877583210
1447877583536
1447877583871
1447877584212
1447877584555
1447877584881
1447877585274
1447877585592
1447877585935
1447877586268
1447877586601
1447877586920
1447877587254
1447877587588
1447877587947
1447877588353
1447877588699
1447877589025
1447877589351
1447877589668
1447877589995
1447877590345
1447877590704
1447877591089
1447877591407
1447877591775
1447877592109
1447877592460
1447877592794
1447877593153
1447877593560
1447877593888
1447877594207
1447877594566
1447877594917
1447877595251
1447877595618
1447877596033
1447877596388
1447877596722
1447877597065
1447877597415
1447877597758
1447877598134
1447877598519
1447877598836
1447877599186
1447877599496
1447877599830
1447877600147
1447877600490
1447877600815
1447877601158
1447877601552
1447877601886
1447877602211
1447877602537
1447877602871
1447877603205
1447877603531
1447877603966
1447877604293
1447877604644
1447877604986
1447877605303
1447877605646
1447877605980
1447877606339
1447877606741
1447877607066
1447877607400
1447877607734
1447877608076
1447877608419
1447877608770
1447877609129
1447877609525
1447877609899
1447877610200
1447877610551
1447877610903
1447877611270
1447877611688
1447877612030
1447877612364
1447877612690
1447877613025
1447877613367
1447877613710
1447877614086
1447877614516
1447877614846
1447877615181
1447877615515
1447877615842
1447877616234
1447877616681
1447877617020
1447877617362
1447877617679
1447877618021
1447877618347
1447877618672
1447877619030
1447877619365
1447877619690
1447877620048
1447877620391
1447877620741
1447877621091
1447877621488
1447877621818
1447877622168
1447877622494
1447877622828
1447877623186
1447877623512
1447877623846
1447877624188
1447877624556
1447877624906
1447877625264
1447877625674
1447877626024
1447877626358
1447877626692
1447877627018
1447877627335
1447877627669
1447877627995
1447877628346
1447877628714
1447877629040
1447877629400
1447877629801
1447877630169
1447877630511
1447877630870
1447877631263
1447877631597
1447877631948
1447877632265
1447877632607
1447877632950
1447877633300
1447877633634
1447877633994
1447877634421
1447877634763
1447877635105
1447877635439
1447877635748
1447877636107
1447877636425
1447877636775
1447877637161
1447877637487
1447877637821
1447877638164
1447877638498
1447877638824
1447877639166
1447877639560
1447877639910
1447877640244
1447877640586
1447877640912
1447877641238
1447877641572
1447877641889
1447877642257
1447877642688
1447877643025
1447877643360
1447877643685
1447877644035
1447877644361
1447877644704
1447877645088
1447877645430
1447877645823
1447877646140
1447877646466
1447877646783
1447877647109
1447877647443
1447877647794
1447877648120
1447877648479
1447877648888
1447877649206
1447877649565
1447877649882
1447877650207
1447877650533
1447877650875
1447877651209
1447877651535
1447877651877
1447877652318
1447877652679
1447877653013
1447877653331
1447877653656
1447877653974
1447877654317
1447877654685
1447877655061
1447877655370
1447877655696
1447877656030
1447877656339
1447877656682
1447877657007
1447877657358
1447877657785
1447877658153
1447877658487
1447877658837
1447877659155
1447877659497
1447877659823
1447877660191
1447877660598
1447877660943
1447877661268
1447877661577
1447877661912
1447877662253
1447877662612
1447877662955
1447877663415
1447877663724
1447877664075
1447877664410
1447877664802
1447877665128
1447877665445
1447877665779
1447877666190
1447877666507
1447877666856
1447877667166
1447877667500
1447877667809
1447877668152
1447877668469
1447877668837
1447877669272
1447877669605
1447877669939
1447877670266
1447877670633
1447877670991
1447877671326
1447877671693
1447877672035
1447877672449
1447877672770
1447877673105
1447877673463
1447877673816
1447877674166
1447877674534
1447877674939
1447877675261
1447877675587
1447877675904
1447877676229
1447877676555
1447877676872
1447877677198
1447877677515
1447877677866
1447877678242
1447877678576
1447877678902
1447877679269
1447877679629
1447877679955
1447877680272
1447877680623
1447877680999
1447877681317
1447877681651
1447877681976
1447877682302
1447877682628
1447877682962
1447877683288
1447877683664
1447877684066
1447877684391
1447877684750
1447877685084
1447877685402
1447877685736
1447877686086
1447877686420
1447877686811
1447877687139
1447877687474
1447877687815
1447877688157
1447877688490
1447877688833
1447877689167
1447877689501
1447877689844
1447877690211
1447877690603
1447877690938
1447877691263
1447877691572
1447877691906
1447877692224
1447877692549
1447877692901
1447877693251
1447877693655
1447877693978
1447877694328
1447877694687
1447877695022
1447877695347
1447877695681
1447877696057
1447877696433
1447877696842
1447877697168
1447877697535
1447877697884
1447877698244
1447877698953
1447877699278
1447877699980
1447877700297
1447877700639
1447877701041
1447877701391
1447877701734
1447877702068
1447877702409
1447877702751
1447877703085
1447877703410
1447877703761
1447877704104
1447877704454
1447877704864
1447877705215
1447877705549
1447877705874
1447877706217
1447877706551
1447877706902
1447877707295
1447877707713
1447877708030
1447877708381
1447877708731
1447877709081
1447877709432
1447877709741
1447877710107
1447877710442
1447877710792
1447877711135
1447877711537
1447877711863
1447877712180
1447877712506
1447877712840
1447877713191
1447877713541
1447877713901
1447877714285
1447877714670
1447877714987
1447877715303
1447877715630
1447877715955
1447877716297
1447877716631
1447877716982
1447877717383
1447877717726
1447877718068
1447877718385
1447877718745
1447877719054
1447877719404
1447877719730
1447877720168
1447877720491
1447877720826
1447877721143
1447877721493
1447877721835
1447877722152
1447877722502
