1450220950549
1450220954798
1450220955948
1450220956725
1450220957660
1450220958777
1450220959366
1450220960208
1450220960818
1450220961695
1450220962250
1450220962896
1450220963781
1450220964680
1450220965623
1450220966245
1450220967076
1450220967611
1450220968445
1450220969073
1450220969639
1450220970250
1450220971125
1450220972579
1450220973588
1450220974543
1450220975207
1450220975940
1450220976583
1450220977704
1450220978292
1450220978880
1450220979674
1450220980410
1450220980959
1450220981709
1450220982630
1450220983228
1450220984793
1450220985382
1450220985980
1450220986979
1450220987568
1450220988199
1450220989131
1450220989875
1450220991050
1450220992226
1450220993191
1450220994024
1450220994767
1450220995578
1450220996350
1450220997074
1450220997763
1450221000647
1450221005417
1450221006304
1450221007193
1450221008080
1450221008868
1450221009467
1450221010666
1450221011451
1450221012452
1450221013564
1450221014414
1450221015291
1450221016337
1450221017444
1450221019107
1450221020118
1450221020950
1450221022280
1450221023034
1450221024084
1450221024931
1450221026204
1450221026884
1450221027694
1450221028903
1450221029782
1450221030822
1450221031755
1450221032864
1450221033600
1450221034488
1450221035249
1450221036186
1450221037079
1450221037789
1450221038438
1450221039475
1450221040267
1450221040852
1450221041561
1450221042360
1450221043070
1450221043957
1450221044778
1450221045421
