1450199126190
1450199129420
1450199130975
1450199132450
1450199133994
1450199135507
1450199136975
1450199138481
1450199139913
1450199141370
1450199142820
1450199144311
1450199145768
1450199147583
1450199149058
1450199150574
1450199152124
1450199153648
1450199155197
1450199156747
1450199158254
1450199159704
1450199161220
1450199162619
1450199164110
1450199165626
1450199167151
1450199168583
1450199170049
1450199171590
1450199173132
1450199174564
1450199176072
1450199177605
1450199179121
1450199180570
1450199182103
1450199183619
1450199185068
1450199186617
1450199188150
1450199189708
1450199191249
1450199192756
1450199194313
1450199195738
1450199197204
1450199198736
1450199200260
1450199201776
1450199203209
1450199204650
1450199206183
1450199207742
1450199209273
1450199210689
1450199212247
1450199213779
1450199215214
1450199216620
1450199218052
1450199219485
1450199220926
1450199222350
1450199223767
1450199225325
1450199226782
1450199228306
1450199229756
1450199231289
1450199232713
1450199234237
1450199235670
1450199237112
1450199238643
1450199240093
1450199241617
1450199243033
1450199244457
1450199245898
1450199247364
1450199248814
1450199250338
1450199251854
1450199253404
1450199254911
1450199256402
1450199257893
1450199259359
1450199260884
1450199262425
1450199264257
1450199265690
1450199267124
1450199268663
1450199270188
1450199271637
1450199273170
1450199274727
1450199276243
1450199277760
1450199279292
1450199280824
1450199282590
1450199284107
1450199285539
1450199286972
1450199288513
1450199289945
1450199291378
1450199292919
1450199294452
1450199295876
1450199297459
1450199298975
1450199300491
1450199301932
1450199303481
1450199304997
1450199306438
1450199307862
1450199309278
1450199310711
1450199312160
1450199313643
1450199315101
1450199316542
1450199317991
1450199319440
1450199320965
1450199322423
1450199323931
1450199325497
1450199327021
1450199328653
1450199330078
1450199331527
1450199333060
1450199334609
1450199335976
1450199337441
1450199338915
1450199340299
1450199341772
1450199343188
1450199344629
1450199346079
1450199347562
1450199349011
1450199350452
1450199351893
1450199353360
1450199354792
1450199356191
1450199357649
1450199359206
1450199360731
1450199362263
1450199363763
1450199365320
1450199366870
1450199368302
1450199369860
1450199371367
1450199372876
1450199374458
1450199375974
1450199377432
1450199378957
1450199380372
1450199381913
1450199383446
1450199384870
1450199386278
1450199387869
1450199389385
1450199390934
1450199392434
1450199393975
1450199395499
1450199396956
1450199398389
1450199399821
1450199401238
1450199402779
1450199404345
1450199405761
1450199407202
1450199408718
1450199410159
1450199411608
1450199413058
1450199414590
1450199416106
1450199417581
1450199419064
1450199420612
1450199422137
1450199423586
1450199425086
1450199426543
1450199427984
1450199429434
1450199430866
1450199432391
1450199433832
1450199435264
1450199436697
1450199438138
1450199439721
1450199441179
1450199442712
1450199444269
1450199445794
1450199447310
1450199448859
1450199450383
1450199451832
1450199453365
1450199454906
1450199456380
1450199457815
1450199459329
1450199460869
1450199462402
1450199463976
1450199465493
1450199467034
1450199468549
1450199469982
1450199471448
1450199472981
1450199474480
1450199476021
1450199477563
1450199479120
1450199480628
1450199482035
1450199483509
1450199485342
1450199486875
1450199488360
1450199489824
1450199491281
1450199492681
1450199494138
1450199495538
1450199496962
1450199498395
1450199499877
1450199501318
1450199502743
1450199504167
1450199505633
1450199507141
1450199508682
1450199510139
1450199511639
1450199513106
1450199514596
1450199516020
1450199517436
1450199518894
1450199520318
1450199521759
1450199523242
1450199524717
1450199526166
1450199527624
1450199529148
1450199530556
1450199532030
1450199533455
1450199534879
1450199536395
1450199537877
1450199539435
1450199540951
1450199542384
1450199543933
1450199545482
1450199546981
1450199548417
1450199549947
1450199551388
1450199552904
1450199554461
1450199555994
1450199557844
1450199559369
1450199560925
1450199562433
1450199563882
1450199565398
1450199566856
1450199568713
1450199570213
1450199571629
1450199573103
1450199574528
1450199575907
1450199577343
1450199578792
1450199580217
1450199581683
1450199583141
1450199584648
1450199586089
1450199587531
1450199589030
1450199590479
1450199591928
1450199593362
1450199594785
1450199596202
1450199597659
1450199599109
1450199600549
1450199601966
1450199603410
1450199604947
1450199606301
1450199607738
1450199609137
1450199610531
1450199611961
1450199613436
1450199614951
1450199616417
1450199617859
1450199619401
1450199620899
1450199622315
1450199623756
1450199625205
1450199626613
1450199628246
1450199629695
1450199631144
1450199632678
1450199634226
1450199635743
1450199637308
1450199638816
1450199640282
1450199641698
1450199643130
1450199644555
1450199647029
1450199648570
1450199649994
1450199651835
1450199653301
1450199654818
1450199656341
1450199657799
1450199659232
1450199660640
1450199662188
1450199663630
1450199665154
1450199666771
1450199668187
1450199669652
1450199671209
1450199672834
1450199674292
1450199675791
1450199677232
1450199678758
1450199680173
1450199681630
1450199683171
1450199684579
1450199685995
1450199687461
1450199688994
1450199690461
1450199691884
1450199693400
1450199694858
1450199696366
1450199697807
1450199699356
1450199700789
1450199702246
1450199704137
1450199705570
1450199707044
1450199708768
1450199710201
1450199711684
1450199713149
1450199714691
1450199716107
1450199717581
1450199719113
1450199720554
1450199721987
1450199723587
1450199725078
1450199726577
1450199728077
1450199729592
1450199731100
1450199732557
1450199734090
1450199735623
1450199737114
1450199738631
1450199740429
1450199741937
1450199743494
1450199744935
1450199746443
1450199747992
1450199749541
1450199750958
1450199752398
1450199753948
1450199755472
1450199757030
1450199758647
1450199760079
1450199761503
1450199763036
1450199764502
1450199766018
1450199767417
1450199768875
1450199770316
1450199771824
1450199773257
1450199774705
1450199776146
1450199777596
1450199779021
1450199780420
1450199781894
1450199783335
1450199784867
1450199786417
1450199787917
1450199789465
1450199790923
1450199792339
1450199793905
1450199795397
1450199796946
1450199798370
1450199799927
1450199801477
1450199802959
1450199804392
1450199805850
1450199807366
1450199808916
1450199810356
1450199811872
1450199813322
1450199814854
1450199816354
1450199817795
1450199819319
1450199820735
1450199822218
1450199823651
1450199825108
1450199826533
1450199827933
1450199829390
1450199830806
1450199832222
1450199833739
1450199835238
1450199836778
1450199838294
1450199839835
1450199841384
1450199842925
1450199844374
1450199845899
1450199847456
1450199849006
1450199850497
1450199851913
1450199853387
1450199854887
1450199856436
1450199857789
1450199859385
1450199860850
1450199862391
1450199863900
1450199865457
1450199867207
1450199868739
1450199870280
1450199871787
1450199873220
1450199874661
1450199876119
1450199877543
1450199879076
1450199880609
1450199882059
1450199883582
1450199885148
1450199886606
1450199888132
1450199889713
1450199891179
1450199892703
1450199894211
1450199895660
1450199897084
1450199898493
1450199900033
1450199901483
1450199902932
1450199904498
1450199905981
1450199907397
1450199908879
1450199910387
1450199911820
1450199913237
1450199914777
1450199916235
1450199917701
1450199919242
1450199920757
1450199922282
1450199923798
1450199925264
1450199926747
1450199928214
1450199930061
1450199931503
1450199933043
1450199934568
1450199936092
1450199937625
1450199939066
1450199940607
1450199942156
1450199943664
1450199945097
1450199946638
1450199948071
1450199949578
1450199951027
1450199952468
1450199953926
1450199955428
1450199956858
1450199958324
1450199959816
1450199961315
1450199962806
1450199964372
1450199965929
1450199967462
1450199969020
1450199970510
1450199972044
1450199973577
1450199975126
1450199976542
1450199978040
1450199979507
1450199980948
1450199982380
1450199983838
1450199985370
1450199986862
1450199988336
1450199989768
1450199991193
1450199992626
1450199994075
1450199995491
1450199996932
1450199998356
1450199999889
1450200001356
1450200002846
1450200004387
1450200005837
1450200007277
1450200008727
1450200010218
1450200011767
1450200013200
1450200014774
1450200016257
1450200017723
1450200019156
1450200020655
1450200022113
1450200023562
1450200025378
1450200026944
1450200028460
1450200029901
1450200031350
1450200032817
1450200034291
1450200035840
1450200037289
1450200038816
1450200040330
1450200041771
1450200043187
1450200044636
1450200046169
1450200047602
1450200049168
1450200050675
1450200052157
1450200053682
1450200055165
1450200056598
1450200058096
1450200059596
1450200061040
1450200062578
1450200064094
1450200065586
1450200067076
1450200068534
1450200070033
1450200071507
1450200073023
1450200074539
1450200076097
1450200077638
1450200079187
1450200080711
1450200082127
1450200083677
1450200085193
1450200086617
1450200088058
1450200089600
1450200090985
1450200092590
1450200094139
1450200095638
1450200097212
1450200098739
1450200100269
1450200101761
1450200103177
1450200104676
1450200106184
1450200107633
1450200109117
1450200110565
1450200112023
1450200113463
1450200114905
1450200116421
1450200117870
1450200119413
1450200120919
1450200122344
1450200123738
1450200125317
1450200126799
1450200128332
1450200129857
1450200131365
1450200132788
1450200134379
1450200135862
1450200137328
1450200138852
1450200140393
1450200141918
1450200143400
1450200144892
1450200146341
1450200148182
1450200149706
1450200151239
1450200152663
1450200154121
1450200155545
1450200157045
1450200158494
1450200160060
1450200161459
1450200162900
1450200164333
1450200165874
1450200167749
1450200169340
1450200170797
1450200172313
1450200173771
1450200175295
1450200176819
1450200178260
1450200179676
1450200181134
1450200182550
1450200183982
1450200185440
1450200186898
1450200188422
1450200189863
1450200191404
1450200192937
1450200194470
1450200195894
1450200197410
1450200198876
1450200200300
1450200201792
1450200203274
1450200205015
1450200206456
1450200208022
1450200209521
1450200211087
1450200212612
1450200214103
1450200215568
1450200217084
1450200218642
1450200220175
1450200221691
1450200223248
1450200224781
1450200226314
1450200227839
1450200229404
1450200230920
1450200232453
1450200233952
1450200235393
1450200236818
1450200238300
1450200239825
1450200241390
1450200242890
1450200244340
1450200245897
1450200247372
1450200248846
1450200250354
1450200251827
1450200253369
1450200254968
1450200256401
1450200257859
1450200259350
1450200260824
1450200262389
1450200263905
1450200265438
1450200266837
1450200268254
1450200269711
1450200271160
1450200272693
1450200274143
1450200275683
1450200277175
1450200278616
1450200280173
1450200281706
1450200283222
1450200284696
1450200286204
1450200287645
1450200289236
1450200290702
1450200292235
1450200293784
1450200295358
1450200296866
1450200298407
1450200299932
1450200301489
1450200302997
1450200304454
1450200305978
1450200307537
1450200309086
1450200310569
1450200312026
1450200313550
1450200315008
1450200316391
1450200317848
1450200319281
1450200320722
1450200322138
1450200323596
1450200325461
1450200326969
1450200328411
1450200329943
1450200331354
1450200332916
1450200334466
1450200335999
1450200337532
1450200339091
1450200340555
1450200342029
1450200343529
1450200345028
1450200346527
1450200348044
1450200349501
1450200351017
1450200352433
1450200353899
1450200355415
1450200356873
1450200358281
1450200359746
1450200361154
1450200362620
1450200364128
1450200365693
1450200367221
1450200368751
1450200370301
1450200372116
1450200373540
1450200375090
1450200376522
1450200378046
1450200379488
1450200380945
1450200382337
1450200383761
1450200385219
1450200386701
1450200388209
1450200389625
1450200391158
1450200392698
1450200394240
1450200395672
1450200397088
1450200398554
1450200400078
1450200401619
1450200403169
1450200404710
1450200406226
1450200407783
1450200409350
1450200410848
1450200412365
1450200413847
1450200415363
1450200416921
1450200418737
1450200420278
1450200421786
1450200423251
1450200424759
1450200426309
1450200427741
1450200429283
1450200430815
1450200432290
1450200433772
1450200435238
1450200436754
1450200438153
1450200439604
1450200441019
1450200442460
1450200443885
1450200445358
1450200446883
1450200448324
1450200449732
1450200451172
1450200452622
1450200454046
1450200455587
1450200457028
1450200458444
1450200459894
1450200461310
1450200462742
1450200464275
1450200465725
1450200467590
1450200469116
1450200470605
1450200472055
1450200473454
1450200474895
1450200476336
1450200477786
1450200479185
1450200480651
1450200482092
1450200483542
1450200484966
1450200486390
1450200487815
1450200489231
1450200490705
1450200492129
1450200493570
1450200495145
1450200496611
1450200498060
1450200499501
1450200500934
1450200502392
1450200503901
1450200505349
1450200506790
1450200508239
1450200509763
1450200511279
1450200512895
1450200514419
1450200515885
1450200517435
1450200518976
1450200520509
1450200521941
1450200523357
1450200524782
1450200526223
1450200527647
1450200529055
1450200530637
1450200532095
1450200533611
1450200535094
1450200536677
1450200538218
1450200539666
1450200541482
1450200542907
1450200544431
1450200545897
1450200547446
1450200548854
1450200550262
1450200551703
1450200553310
1450200554810
1450200556326
1450200557884
1450200559391
1450200560841
1450200562298
1450200563798
1450200565230
1450200566663
1450200568071
1450200569578
1450200571078
1450200572511
1450200573969
1450200575476
1450200576892
1450200578392
1450200579901
1450200581324
1450200582781
1450200584181
1450200585738
1450200587188
1450200588720
1450200590136
1450200591686
1450200593201
1450200594734
1450200596266
1450200597724
1450200599240
1450200600789
1450200602330
1450200603863
1450200605388
1450200606795
1450200608270
1450200609879
1450200611343
1450200612859
1450200614417
1450200615925
1450200617491
1450200619007
1450200620523
1450200621964
