1450195105543
1450195108834
1450195110431
1450195111930
1450195113499
1450195115029
1450195116603
1450195118185
1450195119701
1450195121251
1450195122799
1450195124282
1450195125723
1450195127364
1450195128897
1450195130438
1450195131979
1450195133503
1450195134969
1450195136502
1450195138034
1450195139534
1450195141060
1450195142516
1450195143949
1450195145381
1450195146914
1450195148363
1450195149788
1450195151204
1450195152645
1450195154069
1450195155535
1450195156976
1450195158384
1450195159850
1450195161399
1450195162923
1450195164339
1450195165780
1450195167238
1450195168746
1450195170212
1450195171744
1450195173235
1450195174685
1450195176268
1450195177783
1450195179324
1450195180749
1450195182249
1450195183797
1450195185230
1450195186730
1450195188212
1450195189736
1450195191294
1450195192810
1450195194367
1450195195875
1450195197416
1450195198949
1450195200365
1450195202122
1450195203646
1450195205121
1450195206637
1450195208211
1450195209711
1450195211194
1450195212685
1450195214109
1450195215566
1450195217074
1450195218631
1450195220073
1450195221497
1450195222938
1450195224398
1450195225870
1450195227411
1450195228852
1450195230418
1450195231925
1450195233401
1450195234933
1450195236473
1450195237965
1450195239481
1450195240914
1450195242471
1450195243912
1450195245337
1450195246886
1450195248468
1450195249959
1450195251375
1450195252833
1450195254382
1450195255923
1450195257423
1450195258839
1450195260305
1450195261721
1450195263148
1450195264644
1450195266128
1450195267701
1450195269210
1450195270659
1450195272208
1450195273707
1450195275132
1450195276681
1450195278213
1450195279629
1450195281087
1450195286518
1450195292224
1450195297660
1450195303139
1450195308739
1450195310782
1450195312307
1450195317450
1450195322564
1450195327620
1450195333088
1450195338045
1450195343095
1450195348598
1450195353648
1450195358580
1450195363628
1450195368700
1450195373764
1450195378812
1450195383977
1450195389009
1450195393873
1450195397554
1450195399093
1450195400601
1450195402733
1450195406166
1450195410860
1450195414986
1450195419685
1450195422026
1450195427178
1450195433382
1450195435227
1450195436743
1450195438267
1450195439775
1450195441349
1450195443379
1450195448041
1450195453552
1450195458974
1450195464258
1450195469556
1450195474965
1450195480341
1450195485539
1450195489583
1450195493877
1450195498802
1450195503116
1450195507997
1450195511744
1450195513184
1450195514625
1450195516058
1450195517616
1450195519107
1450195520647
1450195525261
1450195529537
1450195533326
1450195537229
1450195540964
1450195544532
1450195548095
1450195551538
1450195554900
1450195558402
1450195562795
1450195566579
1450195570297
1450195574059
1450195577711
1450195581511
1450195585145
1450195588931
1450195592752
1450195596601
1450195601193
1450195606369
1450195611534
1450195616641
1450195621794
1450195626955
1450195632367
1450195637626
1450195642952
1450195648470
1450195653715
1450195659009
1450195664161
1450195669157
1450195674125
1450195679143
1450195684244
1450195689171
1450195694016
1450195699277
1450195704443
1450195709521
1450195714632
1450195719743
1450195724965
1450195730233
1450195735491
1450195740434
1450195745485
1450195750646
1450195755857
1450195761102
1450195766199
1450195771347
1450195776590
1450195781866
1450195787234
1450195792354
1450195797497
1450195802657
1450195808202
1450195813487
1450195818690
1450195823566
1450195828819
1450195834313
1450195839872
1450195845132
1450195848203
1450195849702
1450195851218
1450195852684
1450195854250
1450195855775
1450195857315
1450195858849
1450195860389
1450195861922
1450195863446
1450195864879
1450195866411
1450195867944
1450195869468
1450195870876
1450195872301
1450195873741
1450195875336
1450195876865
1450195878389
1450195879898
1450195881333
1450195882863
1450195884296
1450195885745
1450195887193
1450195888602
1450195890076
1450195891576
1450195893033
1450195894574
1450195896034
1450195897564
1450195899074
1450195900604
1450195902046
1450195903479
1450195904911
1450195906477
1450195907984
1450195909517
1450195911158
1450195912890
1450195914323
1450195916206
1450195917747
1450195919254
1450195920812
1450195922336
1450195923894
1450195925394
1450195926901
1450195928334
1450195929825
1450195931308
1450195932732
1450195934206
1450195935731
1450195937255
1450195938713
1450195940179
1450195941678
1450195943211
1450195944736
1450195946293
1450195947792
1450195949342
1450195950941
1450195952432
1450195953864
1450195955288
1450195956697
1450195958145
1450195959578
1450195961019
1450195962468
1450195964184
1450195965642
1450195967150
1450195968674
1450195970116
1450195971531
1450195972980
1450195974399
1450195975871
1450195977395
1450195978928
1450195980494
1450195982002
1450195983451
1450195984967
1450195986408
1450195987841
1450195989249
1450195990782
1450195992314
1450195993764
1450195995237
1450195996770
1450195998253
1450195999719
1450196001269
1450196002776
1450196004209
1450196005750
1450196007183
1450196008640
1450196010081
1450196011572
1450196013038
1450196014520
1450196016020
1450196017561
1450196019085
1450196020551
1450196022043
1450196023625
1450196025150
1450196026641
1450196028073
1450196029530
1450196031039
1450196032471
1450196033912
1450196035388
1450196036911
1450196038427
1450196039835
1450196041292
1450196042725
1450196044183
1450196045591
1450196047156
1450196048697
1450196050230
1450196051746
1450196053296
1450196054728
1450196056269
1450196057785
1450196059226
1450196060784
1450196062266
1450196063749
1450196065248
1450196066673
1450196068089
1450196069546
1450196071005
1450196072428
1450196073969
1450196075427
1450196076910
1450196078368
1450196079911
1450196081449
1450196082882
1450196084415
1450196085955
1450196087521
1450196089046
1450196090588
1450196092128
1450196093619
1450196095385
1450196096901
1450196098342
1450196099883
1450196101407
1450196102956
1450196104489
1450196106006
1450196107497
1450196109004
1450196110512
1450196111986
1450196113510
1450196115135
1450196116542
1450196117992
1450196119449
1450196120933
1450196122373
1450196123822
1450196125324
1450196126780
1450196128229
1450196129653
1450196131178
1450196132635
1450196134109
1450196135626
1450196137125
1450196138566
1450196140023
1450196141606
1450196143389
1450196144954
1450196146470
1450196147911
1450196149453
1450196150994
1450196152435
1450196153968
1450196155417
1450196156899
1450196158323
1450196159764
1450196161314
1450196162771
1450196164296
1450196165812
1450196167344
1450196168785
1450196170218
1450196171634
1450196173050
1450196174500
1450196175941
1450196177365
1450196178790
1450196180272
1450196181797
1450196183321
1450196184729
1450196186186
1450196187636
1450196189203
1450196190769
1450196192251
1450196193742
1450196195208
1450196196683
1450196198498
1450196200047
1450196201596
1450196203121
1450196204645
1450196206186
1450196207635
1450196209143
1450196210709
1450196212249
1450196213766
1450196215242
1450196216823
1450196218247
1450196219705
1450196221230
1450196222804
1450196224303
1450196225752
1450196227253
1450196228701
1450196230233
1450196231658
1450196233124
1450196234649
1450196236089
1450196237538
1450196239030
1450196240487
1450196241936
1450196243452
1450196245010
1450196246534
1450196248059
1450196249633
1450196251141
1450196252682
1450196254223
1450196255756
1450196257288
1450196258813
1450196260420
1450196261994
1450196263427
1450196264993
1450196266509
1450196268025
1450196269799
1450196271307
1450196272915
1450196274406
1450196275858
1450196277330
1450196278787
1450196280195
1450196281628
1450196283077
1450196284617
1450196286126
1450196287574
1450196289016
1450196290548
1450196292081
1450196293530
1450196295054
1450196296554
1450196298003
1450196299436
1450196300910
1450196302418
1450196303810
1450196305275
1450196306833
1450196308341
1450196309798
1450196311306
1450196312755
1450196314163
1450196315654
1450196317078
1450196318603
1450196320061
1450196321501
1450196323018
1450196324566
1450196326091
1450196327582
1450196329039
1450196330597
1450196332114
1450196333562
1450196335003
1450196336512
1450196338052
1450196339601
1450196341168
1450196342600
1450196344067
1450196345541
1450196347097
1450196348632
1450196350155
1450196351579
1450196353029
1450196354528
1450196356103
1450196357644
1450196359193
1450196360684
1450196362233
1450196363766
1450196365273
1450196366706
1450196368164
1450196369597
1450196371166
1450196372654
1450196374128
1450196375670
1450196377160
1450196378642
1450196380133
1450196381567
1450196383358
1450196384866
1450196386398
1450196387955
1450196389472
1450196390996
1450196392445
1450196393869
1450196395269
1450196396718
1450196398492
1450196400000
1450196401558
1450196403082
1450196404648
1450196406164
1450196407697
1450196409213
1450196410739
1450196412312
1450196413819
1450196415269
1450196416793
1450196418326
1450196419875
1450196421449
1450196422973
1450196424497
1450196426013
1450196427462
1450196428887
1450196430336
1450196431861
1450196433402
1450196434943
1450196436475
1450196437899
1450196439432
1450196440881
1450196442423
1450196443947
1450196445363
1450196446804
1450196448262
1450196449694
1450196451103
1450196452568
1450196454092
1450196455502
1450196457042
1450196458574
1450196460140
1450196461631
1450196463072
1450196464613
1450196466138
1450196467645
1450196469145
1450196470702
1450196472243
1450196473759
1450196475300
1450196476827
1450196478890
1450196480381
1450196481814
1450196483363
1450196484887
1450196486370
1450196487903
1450196489402
1450196490869
1450196492392
1450196493916
1450196495349
1450196496800
1450196498348
1450196499872
1450196501388
1450196502888
1450196504345
1450196505770
1450196507219
1450196508743
1450196510184
1450196511634
1450196513108
1450196514591
1450196516049
1450196517590
1450196519114
1450196520656
1450196522287
1450196523803
1450196525271
1450196526787
1450196528194
1450196529734
1450196531293
1450196532849
1450196534366
1450196535923
1450196537430
1450196538872
1450196540413
1450196541962
1450196543478
1450196545077
1450196546576
1450196548101
1450196549642
1450196551235
1450196552674
1450196554157
1450196555689
1450196557273
1450196558746
1450196560596
1450196562129
1450196563653
1450196565218
1450196566726
1450196568283
1450196569824
1450196571357
1450196572881
1450196574414
1450196575825
1450196577713
1450196579229
1450196580770
1450196582302
1450196583827
1450196585268
1450196586851
1450196588300
1450196589758
1450196591224
1450196592723
1450196594272
1450196595781
1450196597263
1450196599070
1450196600503
1450196602061
1450196603601
1450196605118
1450196606667
1450196608183
1450196609707
1450196611307
1450196612789
1450196614330
1450196615897
1450196617431
1450196618845
1450196620310
1450196621818
1450196623326
1450196624775
1450196626333
1450196627832
1450196629282
1450196630831
1450196632397
1450196633871
1450196635304
1450196636762
1450196638278
1450196639710
1450196641118
1450196642884
1450196644425
1450196645883
1450196647390
1450196648840
1450196650264
1450196651845
1450196653263
1450196654787
1450196656220
1450196657694
1450196659210
1450196660768
1450196662276
1450196663808
1450196665374
1450196666890
1450196668398
1450196669888
1450196671422
1450196672912
1450196674461
1450196676019
1450196677568
1450196679052
1450196680468
1450196682017
1450196683566
1450196685107
1450196686631
1450196688097
1450196689580
1450196691021
1450196692562
1450196694086
1450196695536
1450196697085
1450196698492
1450196700042
1450196701608
1450196703107
1450196704523
1450196706081
1450196707497
1450196709030
1450196710471
1450196711904
1450196713487
1450196715028
1450196716569
1450196718051
1450196719625
1450196721166
1450196722699
1450196724207
1450196725747
1450196727172
1450196728613
1450196730579
1450196732111
1450196733627
1450196735060
1450196736636
1450196738133
1450196739550
1450196741066
1450196742499
1450196744065
1450196745522
1450196747047
1450196748546
1450196750020
1450196751553
1450196753077
1450196754518
1450196755975
1450196757508
1450196759024
1450196760582
1450196762114
1450196764072
1450196765604
1450196767129
1450196768578
1450196770119
1450196771643
1450196773184
1450196774692
1450196776250
1450196777766
1450196779323
1450196780831
1450196782406
1450196783805
1450196785279
1450196786745
1450196788211
1450196789627
1450196791069
1450196792430
1450196793909
1450196795383
1450196796941
1450196798449
1450196799948
1450196801474
1450196802939
1450196804405
1450196805937
1450196807486
1450196809002
1450196810510
1450196811984
1450196813383
1450196814824
1450196816316
1450196817790
1450196819381
1450196820914
1450196822379
1450196824262
1450196825811
1450196827327
1450196828776
1450196830301
1450196831850
1450196833374
1450196834924
1450196836440
1450196837981
1450196839414
1450196840897
1450196842421
1450196843895
1450196845336
1450196846785
1450196848301
1450196849726
1450196851192
1450196852699
1450196854157
1450196855706
1450196857141
1450196858563
1450196860097
1450196861613
1450196863061
1450196864586
1450196866004
1450196867452
1450196868909
1450196870459
1450196872016
1450196873499
1450196875056
1450196876597
1450196877991
1450196879454
1450196880854
1450196882295
1450196883769
1450196885285
1450196887034
1450196888542
1450196889991
1450196891534
1450196892965
1450196894406
1450196895956
1450196897505
1450196899029
1450196900479
1450196902046
1450196903527
1450196905368
1450196906909
1450196908425
1450196909966
1450196911499
1450196912906
1450196914380
1450196915905
1450196917437
1450196918937
1450196920403
1450196921827
1450196923377
1450196924784
1450196926209
1450196927641
1450196929082
1450196930548
1450196932073
1450196933497
1450196934938
1450196936471
1450196937904
1450196939353
1450196940886
1450196942468
1450196944001
1450196945508
1450196947099
1450196948525
1450196950065
1450196951556
1450196953113
1450196954605
1450196956162
1450196957686
1450196959210
1450196960626
1450196962126
1450196963600
1450196965033
1450196966491
1450196967907
1450196969340
1450196970747
1450196972172
1450196973646
1450196975087
1450196976520
1450196977952
1450196979385
1450196980818
1450196982259
1450196983683
