1450115667069
1450115670310
1450115671856
1450115673297
1450115674833
1450115676354
1450115677778
1450115679219
1450115680786
1450115682327
1450115683867
1450115685350
1450115686791
1450115688495
1450115689965
1450115691389
1450115692955
1450115694487
1450115696020
1450115697561
1450115698994
1450115700560
1450115702069
1450115703567
1450115705008
1450115706557
1450115708098
1450115709523
1450115711072
1450115712680
1450115714254
1450115715787
1450115717319
1450115718852
1450115720293
1450115721842
1450115723366
1450115724807
1450115726365
1450115727906
1450115729422
1450115730980
1450115732537
1450115734028
1450115735494
1450115737037
1450115738634
1450115740193
1450115741708
1450115743259
1450115744773
1450115746306
1450115747847
1450115749363
1450115750812
1450115752337
1450115753869
1450115755402
1450115756943
1450115758500
1450115760033
1450115761549
1450115763065
1450115764498
1450115765955
1450115767480
1450115768904
1450115770354
1450115771786
1450115773369
1450115774860
1450115776309
1450115777802
1450115779275
1450115780707
1450115782240
1450115783673
1450115785097
1450115786521
1450115787962
1450115789487
1450115791036
1450115792560
1450115794001
1450115795634
1450115797167
1450115798716
1450115800257
1450115801815
1450115803349
1450115804847
1450115806288
1450115807862
1450115809378
1450115810911
1450115812443
1450115813984
1450115815533
1450115817083
1450115818615
1450115820115
1450115821572
1450115823113
1450115824679
1450115826162
1450115827737
1450115829235
1450115830677
1450115832210
1450115833750
1450115835174
1450115836632
1450115838173
1450115839697
1450115841222
1450115842791
1450115844337
1450115845845
1450115847378
1450115848943
1450115850468
1450115851992
1450115853508
1450115855074
1450115856582
1450115858106
1450115859647
1450115861171
1450115862629
1450115864145
1450115865711
1450115867236
1450115868785
1450115870309
1450115871875
1450115873392
1450115874940
1450115876473
1450115877980
1450115879422
1450115880946
1450115882404
1450115883953
1450115885444
1450115886918
1450115888459
1450115890275
1450115891808
1450115893291
1450115894765
1450115896197
1450115897689
1450115899179
1450115900645
1450115902136
1450115903736
1450115905327
1450115906876
1450115908392
1450115909916
1450115911782
1450115913307
1450115915156
1450115916563
1450115918346
1450115919996
1450115921495
1450115923087
1450115924543
1450115925976
1450115927434
1450115928867
1450115930308
1450115931832
1450115933365
1450115934789
1450115936238
1450115937779
1450115939212
1450115940653
1450115942210
1450115943735
1450115945276
1450115946784
1450115948358
1450115949890
1450115951415
1450115952881
1450115954388
1450115955929
1450115957454
1450115958962
1450115960544
1450115962093
1450115963618
1450115965118
1450115966666
1450115968066
1450115969532
1450115971048
1450115972472
1450115974013
1450115975446
1450115976887
1450115978428
1450115980086
1450115981618
1450115983169
1450115984675
1450115986241
1450115987824
1450115989414
1450115990939
1450115992489
1450115994037
1450115995537
1450115997078
1450115998610
1450116000151
1450116001659
1450116003133
1450116004666
1450116006215
1450116007757
1450116009272
1450116010822
1450116012354
1450116013904
1450116015436
1450116016952
1450116018510
1450116020009
1450116021559
1450116023150
1450116024624
1450116026073
1450116027589
1450116029147
1450116030704
1450116032220
1450116033778
1450116035278
1450116036819
1450116038301
1450116039784
1450116041317
1450116042851
1450116044382
1450116045898
1450116047472
1450116049014
1450116050538
1450116052087
1450116053653
1450116055144
1450116056701
1450116058234
1450116059850
1450116061375
1450116062799
1450116064223
1450116065656
1450116067114
1450116068621
1450116070104
1450116071628
1450116073178
1450116074710
1450116076251
1450116077826
1450116079350
1450116080874
1450116082390
1450116083914
1450116085463
1450116086979
1450116088537
1450116090070
1450116091611
1450116093146
1450116094693
1450116096192
1450116097659
1450116099199
1450116100707
1450116102273
1450116103764
1450116105205
1450116106746
1450116108262
1450116109819
1450116111360
1450116112826
1450116114317
1450116115842
1450116117291
1450116118841
1450116120365
1450116121889
1450116123472
1450116124955
1450116126387
1450116127837
1450116129253
1450116130694
1450116132168
1450116133992
1450116135542
1450116137075
1450116138632
1450116140123
1450116141680
1450116143230
1450116144746
1450116146295
1450116147861
1450116149760
1450116151318
1450116152834
1450116154358
1450116155941
1450116157465
1450116158964
1450116160580
1450116162179
1450116163695
1450116165228
1450116166761
1450116168293
1450116169835
1450116171342
1450116172908
1450116174441
1450116175982
1450116177525
1450116179139
1450116180697
1450116182113
1450116183645
1450116185078
1450116186511
1450116188093
1450116189601
1450116191133
1450116192691
1450116194199
1450116195748
1450116197272
1450116198822
1450116200371
1450116202220
1450116203753
1450116205277
1450116206802
1450116208401
1450116209967
1450116211516
1450116213049
1450116214581
1450116216106
1450116217538
1450116218947
1450116220538
1450116222045
1450116223602
1450116225118
1450116226551
1450116227951
1450116229408
1450116230841
1450116232265
1450116233731
1450116235139
1450116236580
1450116238163
1450116239687
1450116241245
1450116242736
1450116244293
1450116245817
1450116247250
1450116248775
1450116250340
1450116251874
1450116253398
1450116254905
1450116256455
1450116258054
1450116259528
1450116261061
1450116262610
1450116264126
1450116265684
1450116267217
1450116268724
1450116270382
1450116271931
1450116273455
1450116274913
1450116276471
1450116278028
1450116279503
1450116281102
1450116282718
1450116284242
1450116285791
1450116287316
1450116288848
1450116290389
1450116291914
1450116293446
1450116294946
1450116296512
1450116298103
1450116299569
1450116301110
1450116302567
1450116304084
1450116305499
1450116307049
1450116308599
1450116310122
1450116311547
1450116312971
1450116314404
1450116315828
1450116317294
1450116318827
1450116320343
1450116321792
1450116323216
1450116324658
1450116326198
1450116327648
1450116329164
1450116330722
1450116332554
1450116334095
1450116335628
1450116337077
1450116338635
1450116340109
1450116341675
1450116343208
1450116344749
1450116346290
1450116347814
1450116349355
1450116350872
1450116352412
1450116353961
1450116355477
1450116357018
1450116358601
1450116360083
1450116361608
1450116363149
1450116364681
1450116366231
1450116367772
1450116369321
1450116370829
1450116372353
1450116373795
1450116375335
1450116376785
1450116378368
1450116379858
1450116381374
1450116382799
1450116384223
1450116385689
1450116387197
1450116388631
1450116390103
1450116391661
1450116393178
1450116394810
1450116396351
1450116397883
1450116399433
1450116401007
1450116402506
1450116404081
1450116405572
1450116407129
1450116408645
1450116410128
1450116411711
1450116413235
1450116414776
1450116416317
1450116417716
1450116419274
1450116421140
1450116422590
1450116424097
1450116425629
1450116427170
1450116428712
1450116430244
1450116431768
1450116433359
1450116434875
1450116436416
1450116437924
1450116439415
1450116440964
1450116442530
1450116444046
1450116445596
1450116447020
1450116448570
1450116450127
1450116451643
1450116453176
1450116454709
1450116456233
1450116457774
1450116459323
1450116460906
1450116462405
1450116463939
1450116465412
1450116466878
1450116468486
1450116470002
1450116471826
1450116473367
1450116474883
1450116476432
1450116477990
1450116479515
1450116481030
1450116482571
1450116484112
1450116485653
1450116487169
1450116488694
1450116490126
1450116491667
1450116493183
1450116494616
1450116496065
1450116497589
1450116499247
1450116500788
1450116502329
1450116503837
1450116505270
1450116506702
1450116508127
1450116509784
1450116511192
1450116512650
1450116514407
1450116515906
1450116517372
1450116518947
1450116520422
1450116521904
1450116523445
1450116524977
1450116526518
1450116528034
1450116529592
1450116531116
1450116532632
1450116534181
1450116535731
1450116537263
1450116538838
1450116540454
1450116541961
1450116543519
1450116545060
1450116546576
1450116548125
1450116549641
1450116551191
1450116552748
1450116554265
1450116556097
1450116557604
1450116559129
1450116560712
1450116562219
1450116563752
1450116565334
1450116566825
1450116568250
1450116569783
1450116571215
1450116572656
1450116574205
1450116575771
1450116577279
1450116578829
1450116580353
1450116581819
1450116583335
1450116584867
1450116586384
1450116587833
1450116589399
1450116590907
1450116592473
1450116594040
1450116595463
1450116596937
1450116598479
1450116600011
1450116601535
1450116603085
1450116604625
1450116606142
1450116607724
1450116609240
1450116610823
1450116612347
1450116613913
1450116615520
1450116617045
1450116618594
1450116620127
1450116621651
1450116623184
1450116624725
1450116626232
1450116627682
1450116629356
1450116630847
1450116632388
1450116633954
1450116635445
1450116636870
1450116638427
1450116639976
1450116641484
1450116643042
1450116644566
1450116646115
1450116647640
1450116649181
1450116650713
1450116652237
1450116653770
1450116655195
1450116656644
1450116658193
1450116659717
1450116661267
1450116662791
1450116664365
1450116665890
1450116667431
1450116668964
1450116670529
1450116672029
1450116673561
1450116675102
1450116676627
1450116678168
1450116679692
1450116681241
1450116682832
1450116684423
1450116685997
1450116687580
1450116689104
1450116690545
1450116692062
1450116693611
1450116695127
1450116696651
1450116698217
1450116699850
1450116701374
1450116702798
1450116704265
1450116705689
1450116707213
1450116708654
1450116710062
1450116711528
1450116713061
1450116714610
1450116716126
1450116717551
1450116718983
1450116720516
1450116721982
1450116723484
1450116725047
1450116726588
1450116728121
1450116729762
1450116731620
1450116733085
1450116734576
1450116736126
1450116737650
1450116739182
1450116740732
1450116742248
1450116743772
1450116745321
1450116746871
1450116748404
1450116749995
1450116751560
1450116753101
1450116754659
1450116756166
1450116757700
1450116759549
1450116761007
1450116762514
1450116764123
1450116765596
1450116767146
1450116768711
1450116770210
1450116771777
1450116773401
1450116774933
1450116776466
1450116777973
1450116779514
1450116781047
1450116782596
1450116784112
1450116785778
1450116787328
1450116788902
1450116790385
1450116791926
1450116793434
1450116794983
1450116796507
1450116797948
1450116799489
1450116800905
1450116802355
1450116803771
1450116805245
1450116806761
1450116808344
1450116810359
1450116811892
1450116813474
1450116814999
1450116816498
1450116818040
1450116819588
1450116821147
1450116822754
1450116824337
1450116825936
1450116827768
1450116829284
1450116830800
1450116832241
1450116833774
1450116835315
1450116836872
1450116838338
1450116839863
1450116841379
1450116842912
1450116844536
1450116846069
1450116847601
1450116849059
1450116850592
1450116852108
1450116853640
1450116855182
1450116856606
1450116858063
1450116859613
1450116861162
1450116862744
1450116864361
1450116865877
1450116867559
1450116869158
1450116870716
1450116872215
1450116873756
1450116875314
1450116876955
1450116878446
1450116879978
1450116881519
1450116883060
1450116884593
1450116886117
1450116887667
1450116889258
1450116890857
1450116892399
1450116894025
1450116895580
1450116897071
1450116898595
1450116900045
1450116901585
1450116903110
1450116904968
1450116906483
1450116907916
1450116909383
1450116910765
1450116912214
1450116913663
1450116915205
1450116916745
1450116918270
1450116919819
1450116921344
1450116922902
1450116924451
1450116925958
1450116927516
1450116929032
1450116930473
1450116932006
1450116933563
1450116935096
1450116936637
1450116938153
1450116939677
1450116941235
1450116942726
1450116944134
1450116945624
1450116947190
1450116948706
1450116950256
1450116951772
1450116953321
1450116954837
1450116956378
1450116957902
1450116959435
1450116961001
1450116962533
1450116964083
1450116965599
1450116967165
1450116968664
1450116970238
1450116971729
1450116973145
1450116974611
1450116976144
1450116977710
1450116979268
1450116980784
1450116982291
1450116983841
1450116985373
1450116986906
1450116988439
1450116989996
1450116991521
1450116993062
1450116994628
1450116996086
1450116997518
1450116999001
1450117000617
1450117002141
1450117003674
1450117005132
1450117006656
1450117008188
1450117009647
1450117011162
1450117012595
1450117014128
1450117015677
1450117017193
1450117018759
1450117020275
1450117022157
1450117023665
1450117025189
1450117026740
1450117028288
1450117029804
1450117031320
1450117032844
1450117034377
1450117035943
1450117037517
1450117039025
1450117040541
1450117042082
1450117043639
1450117045156
1450117046688
1450117048196
1450117049728
1450117051178
1450117052602
1450117054052
1450117055593
1450117057109
1450117058550
1450117060107
1450117061623
1450117063181
1450117064622
1450117066130
1450117067679
1450117069111
1450117070636
1450117072435
1450117074068
1450117075617
1450117077533
1450117079082
1450117080915
1450117082439
1450117083988
1450117085479
1450117086920
1450117088469
1450117090210
1450117091751
1450117093276
1450117094883
1450117096333
1450117097757
1450117099192
1450117100864
1450117102381
1450117103838
1450117105354
1450117106895
1450117108461
1450117109952
1450117111410
1450117112942
1450117114358
1450117115899
1450117117740
1450117119189
1450117120705
1450117122130
1450117123579
1450117125154
1450117126636
1450117128202
1450117129760
1450117131267
1450117132808
1450117134324
1450117135699
1450117137181
1450117138598
1450117140047
1450117141788
1450117143220
1450117144645
1450117146128
1450117147652
1450117149193
1450117150734
1450117152300
1450117153915
1450117155498
1450117157006
1450117158513
1450117160072
1450117161588
1450117163136
1450117164644
1450117166194
1450117167734
1450117169267
1450117170808
1450117172349
1450117173832
1450117175381
1450117176939
1450117178455
1450117180012
1450117181595
1450117183186
1450117184702
1450117186235
1450117187776
1450117189200
1450117190633
1450117192066
1450117193498
1450117195031
1450117196497
