1450122730243
1450122733467
1450122734947
1450122736563
1450122738091
1450122739653
1450122741212
1450122742694
1450122744135
1450122745659
1450122747224
1450122748616
1450122750182
1450122751853
1450122753347
1450122754905
1450122756421
1450122757936
1450122759461
1450122760927
1450122762468
1450122763993
1450122765534
1450122767033
1450122768482
1450122769940
1450122771473
1450122772905
1450122774363
1450122775904
1450122777403
1450122778811
1450122780294
1450122781826
1450122783375
1450122784899
1450122786432
1450122787865
1450122789406
1450122790930
1450122792454
1450122793920
1450122795453
1450122796953
1450122798418
1450122799951
1450122801517
1450122802991
1450122804449
1450122805915
1450122807423
1450122808955
1450122810371
1450122811921
1450122813470
1450122814994
1450122816519
1450122818043
1450122819601
1450122821125
1450122822549
1450122824090
1450122825682
1450122827164
1450122828588
1450122830146
1450122831679
1450122833203
1450122834661
1450122836202
1450122837734
1450122839250
1450122840883
1450122842340
1450122843885
1450122845439
1450122846955
1450122848454
1450122849904
1450122851436
1450122852952
1450122854385
1450122855951
1450122857484
1450122859016
1450122860566
1450122862090
1450122863623
1450122865072
1450122866896
1450122868354
1450122869870
1450122871294
1450122873060
1450122874585
1450122876126
1450122877658
1450122879108
1450122880515
1450122882081
1450122883622
1450122885146
1450122886696
1450122888220
1450122889737
1450122891329
1450122892835
1450122894392
1450122895916
1450122897466
1450122898874
1450122900415
1450122901947
1450122903488
1450122905030
1450122906562
1450122908103
1450122909635
1450122911168
1450122912692
1450122914242
1450122915758
1450122917282
1450122918815
1450122920680
1450122922205
1450122923721
1450122925154
1450122926611
1450122928144
1450122929693
1450122931209
1450122932751
1450122934275
1450122935732
1450122937232
1450122938789
1450122940230
1450122941655
1450122943212
1450122945120
1450122946577
1450122948143
1450122949759
1450122951311
1450122952716
1450122954149
1450122955598
1450122957165
1450122958664
1450122960096
1450122961546
1450122963062
1450122964586
1450122966135
1450122967685
1450122969217
1450122970775
1450122972283
1450122973815
1450122975348
1450122976889
1450122978422
1450122979938
1450122981588
1450122983020
1450122984552
1450122986027
1450122987526
1450122988967
1450122990500
1450122991924
1450122993357
1450122994781
1450122996222
1450122997647
1450122999112
1450123000662
1450123002203
1450123003719
1450123005126
1450123006676
1450123008133
1450123009742
1450123011241
1450123012723
1450123014264
1450123015713
1450123017238
1450123018762
1450123020328
1450123021845
1450123023385
1450123024909
1450123026484
1450123027975
1450123029516
1450123031052
1450123032498
1450123034006
1450123035438
1450123036871
1450123038304
1450123039753
1450123041527
1450123043010
1450123044459
1450123046000
1450123047550
1450123049099
1450123050631
1450123052064
1450123053480
1450123054938
1450123056462
1450123058020
1450123059544
1450123061060
1450123062509
1450123064050
1450123065583
1450123067124
1450123068548
1450123070114
1450123071623
1450123073171
1450123074746
1450123076254
1450123077978
1450123079510
1450123081069
1450123082675
1450123084200
1450123085757
1450123087282
1450123088806
1450123090355
1450123091888
1450123093421
1450123094978
1450123096519
1450123098044
1450123099568
1450123101118
1450123102633
1450123104066
1450123105591
1450123107148
1450123108664
1450123110114
1450123111546
1450123113087
1450123114512
1450123116086
1450123117594
1450123119117
1450123120584
1450123122100
1450123123616
1450123125057
1450123126473
1450123127922
1450123129347
1450123130797
1450123132345
1450123133769
1450123135194
1450123136694
1450123138184
1450123139608
1450123141033
1450123142591
1450123144140
1450123145664
1450123147214
1450123148746
1450123150270
1450123151711
1450123153244
1450123154793
1450123156326
1450123157867
1450123159391
1450123160941
1450123162448
1450123164006
1450123165489
1450123166959
1450123168787
1450123170320
1450123171861
1450123173418
1450123174968
1450123176459
1450123178008
1450123179557
1450123180982
1450123182498
1450123183931
1450123185397
1450123186888
1450123188329
1450123189795
1450123191313
1450123192819
1450123194310
1450123195809
1450123197383
1450123199224
1450123200756
1450123202289
1450123203813
1450123205371
1450123206887
1450123208445
1450123209969
1450123211402
1450123212934
1450123214500
1450123216000
1450123217541
1450123219115
1450123220598
1450123222039
1450123223563
1450123225004
1450123226487
1450123227969
1450123229502
1450123230935
1450123232468
1450123234017
1450123235533
1450123236966
1450123238407
1450123239823
1450123241289
1450123242696
1450123244129
1450123245578
1450123247061
1450123248594
1450123250101
1450123251660
1450123253175
1450123254599
1450123256049
1450123257573
1450123259106
1450123260547
1450123262023
1450123263520
1450123264970
1450123266486
1450123268018
1450123269443
1450123270992
1450123272416
1450123273866
1450123275390
1450123276939
1450123278564
1450123280113
1450123281638
1450123283295
1450123284794
1450123286227
1450123287643
1450123289093
1450123290550
1450123291941
1450123293416
1450123294940
1450123296348
1450123297830
1450123299279
1450123300820
1450123302295
1450123303852
1450123305302
1450123306776
1450123308243
1450123309816
1450123311325
1450123312766
1450123314315
1450123315839
1450123317322
1450123318788
1450123320212
1450123321653
1450123323111
1450123324527
1450123325951
1450123327401
1450123328850
1450123330399
1450123331932
1450123333364
1450123334897
1450123336447
1450123337971
1450123339520
1450123341061
1450123342594
1450123344118
1450123345651
1450123347117
1450123348616
1450123350465
1450123351998
1450123353439
1450123354971
1450123356821
1450123358387
1450123359844
1450123361327
1450123362837
1450123364267
1450123365708
1450123367258
1450123368774
1450123370215
1450123371758
1450123373272
1450123374705
1450123376129
1450123377670
1450123379086
1450123380552
1450123382036
1450123383525
1450123385066
1450123386624
1450123388132
1450123389889
1450123391422
1450123392963
1450123394487
1450123395912
1450123397361
1450123398894
1450123400435
1450123401968
1450123403542
1450123405041
1450123406582
1450123408215
1450123409856
1450123411396
1450123412946
1450123414453
1450123415969
1450123417410
1450123418951
1450123420476
1450123422017
1450123423574
1450123425099
1450123426673
1450123428172
1450123429705
1450123431238
1450123432779
1450123434328
1450123435836
1450123437344
1450123438826
1450123440342
1450123441817
1450123443358
1450123444865
1450123446373
1450123447873
1450123449380
1450123450912
1450123452437
1450123454003
1450123455519
1450123457060
1450123458609
1450123460167
1450123461675
1450123463232
1450123464731
1450123466280
1450123467796
1450123469321
1450123470862
1450123472536
1450123474144
1450123475718
1450123477234
1450123478734
1450123480308
1450123481824
1450123483265
1450123484797
1450123486372
1450123487863
1450123489312
1450123490828
1450123492412
1450123493910
1450123495326
1450123496992
1450123498516
1450123500049
1450123501590
1450123503131
1450123504663
1450123506088
1450123507962
1450123509461
1450123510894
1450123512443
1450123513985
1450123515509
1450123517050
1450123518591
1450123520140
1450123521656
1450123523206
1450123524763
1450123526263
1450123527804
1450123529236
1450123530677
1450123532260
1450123533760
1450123535300
1450123536850
1450123538416
1450123539890
1450123541431
1450123542980
1450123544529
1450123546037
1450123547586
1450123549102
1450123550527
1450123551977
1450123553509
1450123555025
1450123556466
1450123558015
1450123559514
1450123560980
1450123562563
1450123564063
1450123565762
1450123567319
1450123568852
1450123570401
1450123571818
1450123573342
1450123574774
1450123576215
1450123577656
1450123579090
1450123580589
1450123582113
1450123583620
1450123585161
1450123586677
1450123588135
1450123589784
1450123591309
1450123592833
1450123594382
1450123595923
1450123597448
1450123599022
1450123600529
1450123602079
1450123603586
1450123605119
1450123606652
1450123608201
1450123609726
1450123611283
1450123612732
1450123614265
1450123615781
1450123617314
1450123618847
1450123620262
1450123621803
1450123623369
1450123624860
1450123626301
1450123627718
1450123629150
1450123630608
1450123632292
1450123633798
1450123635331
1450123636864
1450123638388
1450123639845
1450123641353
1450123642786
1450123644244
1450123645769
1450123647309
1450123648850
1450123650383
1450123651932
1450123653473
1450123654972
1450123656388
1450123657821
1450123659195
1450123660595
1450123662178
1450123663677
1450123665459
1450123667009
1450123668533
1450123670049
1450123671590
1450123673131
1450123674663
1450123676188
1450123677754
1450123679278
1450123680827
1450123682394
1450123683868
1450123685309
1450123686850
1450123688399
1450123689923
1450123691464
1450123692997
1450123694414
1450123695971
1450123697528
1450123699019
1450123700543
1450123702077
1450123703542
1450123705033
1450123706491
1450123708065
1450123709556
1450123710989
1450123712547
1450123714063
1450123715620
1450123717170
1450123718702
1450123720243
1450123721759
1450123723317
1450123724849
1450123726408
1450123728023
1450123729556
1450123731105
1450123732689
1450123734170
1450123735678
1450123737236
1450123738768
1450123740318
1450123741850
1450123743358
1450123745224
1450123746756
1450123748281
1450123749797
1450123751371
1450123752887
1450123754411
1450123755952
1450123757493
1450123759009
1450123760459
1450123761883
1450123763449
1450123764974
1450123766490
1450123768023
1450123769455
1450123770996
1450123772445
1450123773945
1450123775386
1450123776827
1450123778268
1450123779842
1450123781375
1450123782915
1450123784431
1450123785947
1450123787439
1450123788938
1450123790479
1450123792011
1450123793536
1450123795077
1450123796618
1450123798159
1450123799658
1450123801107
1450123802642
1450123804164
1450123805722
1450123807280
1450123808812
1450123810328
1450123811869
1450123813402
1450123814944
1450123816393
1450123817900
1450123819425
1450123820891
1450123822424
1450123823965
1450123825505
1450123827054
1450123828570
1450123830136
1450123831652
1450123833152
1450123834992
1450123836525
1450123838083
1450123839599
1450123841131
1450123842681
1450123844230
1450123845771
1450123847504
1450123849061
1450123850586
1450123852145
1450123853743
1450123855284
1450123856800
1450123858291
1450123859773
1450123861223
1450123862714
1450123864230
1450123865779
1450123867278
1450123868819
1450123870360
1450123871884
1450123873425
1450123874950
1450123876482
1450123877923
1450123879457
1450123880997
1450123882564
1450123884037
1450123885470
1450123887028
1450123888560
1450123890093
1450123891626
1450123893167
1450123894708
1450123896240
1450123897773
1450123899273
1450123900722
1450123902171
1450123903596
1450123905037
1450123906578
1450123908104
1450123909743
1450123911284
1450123912793
1450123914249
1450123915690
1450123917264
1450123918797
1450123920647
1450123922188
1450123923711
1450123925261
1450123926835
1450123928418
1450123929959
1450123931483
1450123933092
1450123934540
1450123935964
1450123937422
1450123938971
1450123940487
1450123942020
1450123943544
1450123945094
1450123946618
1450123948184
1450123949817
1450123951349
1450123952782
1450123954306
1450123955822
1450123957263
1450123958796
1450123960379
1450123961870
1450123963294
1450123964768
1450123966251
1450123967801
1450123969275
1450123970799
1450123972317
1450123973748
1450123975214
1450123976738
1450123978305
1450123979812
1450123981361
1450123983261
1450123984718
1450123986267
1450123987825
1450123989349
1450123990899
1450123992723
1450123994256
1450123995797
1450123997329
1450123998854
1450124000370
1450124001927
1450124003485
1450124005025
1450124006550
1450124008124
1450124009623
1450124011164
1450124012605
1450124014113
1450124015629
1450124017103
1450124018603
1450124020160
1450124021593
1450124023126
1450124024658
1450124026200
1450124027715
1450124029148
1450124030589
1450124032056
1450124033696
1450124035196
1450124036678
1450124038244
1450124039810
1450124041343
1450124042875
1450124044416
1450124045991
1450124047490
1450124049031
1450124050606
1450124052088
1450124053529
1450124054962
1450124056519
1450124058044
1450124059476
1450124061017
1450124062442
1450124064008
1450124065532
1450124067090
1450124068722
1450124070247
1450124071754
1450124073179
1450124074736
1450124076169
1450124077710
1450124079251
1450124080792
1450124082216
1450124083757
1450124085282
1450124086815
1450124088347
1450124089880
1450124091421
1450124093345
1450124094894
1450124096427
1450124098029
1450124099509
1450124101042
1450124102558
1450124104007
1450124105423
1450124106872
1450124108413
1450124109838
1450124111262
1450124112703
1450124114128
1450124115569
1450124117010
1450124118575
1450124120091
1450124121633
1450124123251
1450124124723
1450124126239
1450124127806
1450124129421
1450124130995
1450124132569
1450124134110
1450124135527
1450124137100
1450124138850
1450124140349
1450124141915
1450124143448
1450124144939
1450124146438
1450124147954
1450124149487
1450124150995
1450124152452
1450124153977
1450124155401
1450124156826
1450124158360
1450124159807
1450124161349
1450124162832
1450124164356
1450124165863
1450124167429
1450124168936
1450124170469
1450124172018
1450124173526
1450124175067
1450124176600
1450124178024
1450124179465
1450124180914
1450124182464
1450124183988
1450124185496
1450124187070
1450124188603
1450124190111
1450124191568
1450124193076
1450124194504
1450124195966
1450124197507
1450124199015
1450124200456
1450124202055
1450124203579
1450124205112
1450124206620
1450124208161
1450124209810
1450124211368
1450124212884
1450124214333
1450124215858
1450124217407
1450124218914
1450124220448
1450124222005
1450124223537
1450124225053
1450124226586
1450124228119
1450124229743
1450124231275
1450124232833
1450124234374
1450124235882
1450124237415
1450124238856
1450124240280
1450124241721
1450124243272
1450124244678
1450124246144
1450124247677
1450124249101
1450124250542
