1450117613802
1450117617040
1450117618603
1450117620011
1450117621571
1450117623118
1450117624625
1450117626083
1450117627607
1450117629131
1450117630596
1450117632088
1450117633621
1450117635308
1450117636803
1450117638387
1450117639868
1450117641409
1450117642950
1450117644483
1450117645940
1450117647440
1450117648998
1450117650522
1450117651938
1450117653479
1450117654928
1450117656369
1450117657910
1450117659451
1450117660967
1450117662400
1450117663967
1450117665482
1450117667006
1450117668472
1450117669996
1450117671421
1450117672978
1450117674536
1450117676044
1450117677593
1450117679117
1450117680650
1450117682399
1450117683940
1450117685456
1450117686997
1450117688530
1450117690079
1450117691637
1450117693269
1450117694785
1450117696318
1450117697751
1450117699267
1450117700807
1450117702332
1450117703781
1450117705322
1450117706871
1450117708421
1450117709912
1450117711461
1450117713010
1450117714535
1450117716051
1450117717492
1450117718916
1450117720357
1450117721832
1450117723231
1450117724688
1450117726213
1450117727754
1450117729295
1450117730727
1450117732143
1450117733676
1450117735209
1450117736750
1450117738374
1450117739815
1450117741339
1450117742889
1450117744413
1450117745971
1450117747503
1450117749039
1450117750585
1450117752110
1450117753642
1450117755492
1450117756916
1450117758524
1450117760006
1450117761514
1450117762972
1450117764396
1450117765937
1450117767469
1450117768919
1450117770451
1450117772001
1450117773509
1450117775091
1450117776607
1450117778124
1450117779681
1450117781247
1450117782754
1450117784288
1450117785819
1450117787352
1450117788885
1450117790317
1450117791842
1450117793291
1450117794849
1450117796356
1450117797781
1450117799197
1450117800655
1450117802187
1450117803703
1450117805136
1450117806685
1450117808219
1450117809767
1450117811284
1450117812858
1450117814407
1450117815915
1450117817439
1450117818964
1450117820405
1450117821937
1450117823386
1450117825327
1450117826776
1450117828292
1450117829725
1450117831183
1450117832607
1450117834015
1450117835447
1450117836897
1450117838438
1450117839862
1450117841345
1450117842836
1450117844403
1450117845910
1450117847434
1450117848883
1450117850408
1450117851865
1450117853398
1450117854922
1450117856471
1450117858029
1450117859554
1450117861070
1450117862494
1450117864027
1450117865551
1450117866992
1450117868509
1450117869958
1450117871382
1450117872817
1450117874306
1450117875788
1450117877238
1450117878762
1450117880211
1450117881777
1450117883301
1450117884834
1450117886375
1450117887891
1450117889332
1450117890765
1450117892181
1450117893763
1450117895279
1450117896812
1450117898270
1450117899777
1450117901327
1450117902859
1450117904435
1450117905941
1450117907474
1450117909023
1450117910507
1450117911980
1450117913489
1450117914946
1450117916445
1450117917870
1450117919327
1450117920860
1450117922284
1450117923717
1450117925142
1450117926591
1450117928057
1450117929573
1450117931005
1450117932455
1450117934004
1450117935520
1450117936953
1450117938411
1450117939885
1450117941351
1450117942908
1450117944416
1450117945965
1450117947523
1450117949064
1450117950580
1450117952429
1450117953970
1450117955503
1450117957044
1450117958569
1450117960042
1450117961550
1450117963008
1450117964742
1450117966248
1450117967780
1450117969222
1450117970729
1450117972278
1450117973828
1450117975377
1450117976893
1450117978751
1450117980276
1450117981700
1450117983249
1450117984773
1450117986314
1450117987830
1450117989255
1450117990696
1450117992153
1450117993719
1450117995219
1450117996776
1450117998317
1450117999934
1450118001466
1450118003031
1450118004539
1450118006072
1450118007605
1450118009146
1450118010662
1450118012095
1450118013511
1450118014985
1450118016517
1450118017967
1450118019474
1450118020940
1450118022481
1450118024050
1450118025530
1450118027071
1450118028612
1450118030161
1450118031710
1450118033235
1450118034751
1450118036300
1450118037841
1450118039674
1450118041215
1450118042739
1450118044280
1450118045821
1450118047345
1450118048870
1450118050294
1450118051843
1450118053368
1450118054900
1450118056766
1450118058274
1450118060031
1450118061596
1450118063097
1450118064671
1450118066162
1450118067720
1450118069252
1450118070760
1450118072201
1450118073634
1450118075067
1450118076491
1450118077957
1450118079365
1450118080822
1450118082355
1450118083905
1450118085428
1450118086969
1450118088394
1450118089835
1450118091476
1450118092908
1450118094324
1450118095799
1450118097331
1450118098814
1450118100288
1450118101838
1450118103345
1450118104870
1450118106419
1450118107952
1450118109684
1450118111242
1450118112758
1450118114366
1450118115832
1450118117364
1450118118922
1450118120446
1450118121879
1450118123428
1450118124928
1450118126377
1450118127810
1450118129243
1450118130675
1450118132133
1450118133674
1450118135223
1450118136747
1450118138288
1450118139813
1450118141345
1450118142861
1450118144319
1450118145860
1450118147401
1450118148967
1450118150542
1450118152399
1450118153932
1450118155481
1450118157022
1450118158538
1450118160087
1450118161628
1450118163145
1450118164687
1450118166201
1450118167684
1450118169167
1450118170607
1450118172065
1450118173481
1450118174914
1450118176347
1450118177779
1450118179288
1450118180753
1450118182302
1450118183868
1450118185409
1450118186901
1450118188449
1450118189974
1450118191423
1450118192823
1450118194288
1450118195830
1450118197354
1450118198887
1450118200319
1450118201852
1450118203276
1450118204726
1450118206267
1450118207783
1450118209240
1450118210756
1450118212189
1450118213597
1450118215179
1450118216712
1450118218253
1450118219802
1450118221335
1450118222859
1450118224400
1450118225958
1450118227507
1450118229057
1450118230572
1450118232080
1450118233613
1450118235179
1450118236686
1450118238195
1450118239860
1450118241393
1450118242834
1450118244384
1450118245907
1450118247432
1450118248848
1450118250380
1450118251846
1450118253354
1450118254778
1450118256220
1450118257636
1450118259094
1450118260618
1450118262092
1450118263583
1450118265157
1450118266581
1450118268122
1450118269582
1450118271438
1450118272937
1450118274353
1450118275911
1450118277435
1450118278976
1450118280517
1450118281941
1450118283491
1450118285032
1450118286573
1450118288097
1450118289688
1450118291162
1450118292703
1450118294228
1450118295768
1450118297318
1450118298842
1450118300375
1450118301924
1450118303473
1450118304989
1450118306530
1450118308038
1450118309612
1450118311112
1450118312653
1450118314177
1450118315718
1450118317243
1450118318684
1450118320208
1450118321649
1450118323223
1450118324739
1450118326139
1450118327905
1450118329329
1450118330770
1450118332253
1450118333793
1450118335326
1450118336818
1450118338383
1450118339924
1450118341440
1450118342989
1450118344514
1450118346055
1450118347596
1450118349104
1450118350669
1450118352185
1450118353718
1450118355309
1450118356791
1450118358349
1450118359915
1450118361406
1450118362931
1450118364463
1450118366005
1450118367562
1450118369095
1450118370727
1450118372293
1450118373801
1450118375342
1450118376874
1450118378707
1450118380239
1450118381814
1450118383305
1450118384887
1450118386395
1450118387886
1450118389369
1450118390918
1450118392409
1450118393858
1450118395399
1450118396932
1450118398465
1450118400006
1450118401564
1450118403055
1450118404512
1450118406045
1450118407603
1450118409144
1450118410685
1450118412217
1450118413742
1450118415316
1450118416815
1450118418373
1450118419956
1450118421554
1450118423054
1450118424611
1450118426152
1450118427660
1450118429201
1450118430834
1450118432383
1450118433907
1450118435432
1450118437297
1450118438805
1450118440354
1450118441912
1450118443436
1450118444986
1450118446493
1450118448026
1450118449551
1450118451092
1450118452641
1450118454065
1450118455506
1450118456964
1450118458472
1450118459913
1450118461454
1450118462995
1450118464519
1450118466118
1450118467601
1450118469150
1450118470691
1450118472215
1450118473773
1450118475306
1450118476822
1450118478354
1450118479947
1450118481453
1450118482986
1450118484485
1450118485926
1450118487467
1450118489000
1450118490549
1450118491973
1450118493506
1450118495056
1450118496513
1450118497996
1450118499470
1450118500969
1450118502552
1450118504052
1450118505492
1450118507025
1450118508566
1450118510090
1450118511623
1450118513148
1450118514656
1450118516113
1450118517554
1450118519003
1450118520553
1450118522086
1450118523593
1450118525025
1450118526500
1450118527991
1450118529699
1450118531190
1450118532730
1450118534155
1450118535705
1450118537229
1450118538770
1450118540294
1450118541810
1450118543268
1450118544792
1450118546324
1450118547849
1450118549282
1450118550864
1450118552388
1450118553821
1450118555262
1450118556803
1450118558369
1450118559844
1450118561426
1450118562959
1450118564499
1450118566024
1450118567465
1450118568972
1450118570522
1450118572046
1450118573620
1450118575153
1450118576677
1450118578193
1450118580202
1450118581692
1450118583250
1450118584732
1450118586282
1450118587856
1450118589497
1450118590988
1450118592512
1450118594078
1450118595602
1450118597143
1450118598626
1450118600152
1450118601641
1450118603174
1450118604715
1450118606156
1450118607672
1450118609138
1450118610662
1450118612203
1450118613744
1450118615285
1450118616785
1450118618342
1450118619875
1450118621391
1450118622949
1450118624498
1450118626006
1450118627438
1450118628979
1450118630612
1450118632161
1450118633719
1450118635318
1450118636901
1450118638383
1450118639924
1450118641457
1450118642998
1450118644556
1450118646088
1450118647604
1450118649129
1450118650703
1450118652211
1450118653752
1450118655168
1450118656601
1450118658025
1450118659466
1450118660890
1450118662331
1450118663773
1450118665347
1450118666840
1450118668403
1450118669953
1450118671460
1450118672918
1450118674468
1450118676008
1450118677549
1450118679066
1450118680690
1450118682223
1450118683755
1450118685180
1450118686604
1450118688045
1450118689595
1450118691119
1450118692701
1450118694192
1450118695733
1450118697457
1450118698932
1450118700440
1450118701906
1450118703413
1450118704855
1450118706312
1450118708128
1450118709578
1450118711118
1450118712642
1450118714208
1450118715699
1450118717149
1450118718673
1450118720206
1450118721738
1450118723163
1450118724713
1450118726261
1450118727802
1450118729335
1450118730851
1450118732392
1450118733850
1450118735374
1450118736790
1450118738248
1450118739765
1450118741288
1450118742754
1450118744279
1450118745803
1450118747211
1450118748685
1450118750268
1450118751775
1450118753308
1450118754832
1450118756398
1450118757864
1450118759306
1450118760863
1450118762320
1450118763829
1450118765386
1450118766935
1450118768409
1450118769901
1450118771400
1450118772966
1450118774490
1450118776006
1450118777539
1450118778971
1450118780521
1450118782037
1450118783470
1450118785027
1450118786560
1450118788001
1450118789425
1450118790975
1450118792491
1450118794023
1450118795481
1450118796989
1450118798405
1450118799872
1450118801445
1450118802961
1450118804527
1450118806061
1450118807600
1450118809150
1450118810666
1450118812198
1450118813764
1450118815588
1450118817138
1450118818637
1450118820145
1450118821602
1450118823143
1450118824668
1450118826192
1450118827750
1450118829282
1450118830798
1450118832231
1450118833780
1450118835355
1450118836829
1450118838370
1450118839904
1450118841435
1450118842985
1450118844535
1450118845942
1450118847508
1450118849065
1450118850565
1450118851981
1450118853455
1450118854979
1450118856520
1450118858070
1450118859619
1450118861152
1450118862677
1450118864200
1450118865759
1450118867274
1450118868840
1450118870348
1450118871856
1450118873429
1450118874963
1450118876795
1450118878336
1450118879877
1450118881493
1450118883017
1450118884658
1450118886207
1450118888048
1450118889597
1450118891038
1450118892563
1450118894104
1450118895653
1450118897169
1450118898727
1450118900259
1450118901775
1450118903316
1450118904857
1450118906390
1450118907931
1450118909439
1450118910905
1450118912479
1450118914003
1450118915552
1450118917035
1450118918593
1450118920126
1450118921666
1450118923182
1450118924715
1450118926265
1450118927689
1450118929230
1450118930971
1450118932487
1450118934019
1450118935602
1450118937085
1450118938509
1450118939992
1450118941516
1450118943074
1450118944590
1450118946122
1450118947655
1450118949179
1450118950621
1450118952145
1450118953586
1450118955027
1450118956576
1450118958125
1450118959641
1450118961174
1450118962732
1450118964248
1450118965847
1450118967438
1450118968987
1450118970486
1450118972019
1450118973535
1450118974968
1450118976534
1450118978116
1450118979599
1450118981140
1450118982723
1450118984230
1450118985773
1450118987279
1450118988804
1450118990245
1450118991777
1450118993202
1450118994734
1450118996367
1450118997816
1450118999357
1450119000882
1450119002423
1450119003947
1450119005404
1450119006954
1450119008486
1450119010002
1450119011560
1450119013076
1450119014642
1450119016176
1450119017682
1450119019223
1450119020657
1450119022197
1450119023771
1450119025246
1450119026795
1450119028328
1450119029852
1450119031301
1450119032826
1450119034383
1450119035974
1450119037465
1450119038981
1450119040523
1450119041947
1450119043521
1450119045054
1450119046578
1450119048111
1450119049885
1450119051510
1450119053017
1450119054541
1450119056090
1450119057606
1450119059056
1450119060605
1450119062121
1450119063662
1450119065203
1450119066736
1450119068277
1450119069826
1450119071302
1450119072675
1450119074183
1450119075640
1450119077156
1450119078622
1450119080155
1450119081671
1450119083229
1450119084761
1450119086302
1450119087843
1450119089384
1450119090933
1450119092450
1450119093982
1450119095548
1450119097080
1450119098555
1450119100021
1450119101571
1450119103119
1450119104627
1450119106179
1450119107626
1450119109158
1450119110649
1450119112099
1450119113640
1450119115164
1450119116713
1450119118254
1450119119754
1450119121170
1450119122611
1450119124077
1450119125577
1450119127042
1450119128458
1450119129900
1450119131432
1450119132873
1450119134323
1450119135730
