1450193389312
1450193392630
1450193394429
1450193396149
1450193398028
1450193399888
1450193401718
1450193403577
1450193405310
1450193407149
1450193408906
1450193410855
1450193412671
1450193414412
1450193416261
1450193417922
1450193419768
1450193421468
1450193422950
1450193424574
1450193426008
1450193427398
1450193428857
1450193430280
1450193431696
1450193433154
1450193434636
1450193436144
1450193437560
1450193439001
1450193440450
1450193441851
1450193443301
1450193444724
1450193446165
1450193447622
1450193449197
1450193450663
1450193452137
1450193453662
1450193455210
1450193456735
1450193458285
1450193459784
1450193461210
1450193462674
1450193464148
1450193465639
1450193467097
1450193468630
1450193470097
1450193471578
1450193473119
1450193474612
1450193476077
1450193477610
1450193479035
1450193480474
1450193481965
1450193483456
1450193484997
1450193486871
1450193488370
1450193489903
1450193491361
1450193492869
1450193494326
1450193495851
1450193497292
1450193498841
1450193500348
1450193501798
1450193503322
1450193504730
1450193506187
1450193507742
1450193509270
1450193510802
1450193512335
1450193513861
1450193515400
1450193516833
1450193518290
1450193519915
1450193521447
1450193522863
1450193524364
1450193525821
1450193527295
1450193528803
1450193530352
1450193531935
1450193533426
1450193534867
1450193536391
1450193537840
1450193539406
1450193540890
1450193542330
1450193543773
1450193545353
1450193546869
1450193548377
1450193549918
1450193551376
1450193552892
1450193554741
1450193556282
1450193557816
1450193559382
1450193560980
1450193562413
1450193563945
1450193565486
1450193567019
1450193568460
1450193569976
1450193571417
1450193572850
1450193574393
1450193575899
1450193577340
1450193578764
1450193580222
1450193581654
1450193583204
1450193584728
1450193586236
1450193588010
1450193589543
1450193590943
1450193592408
1450193593865
1450193595406
1450193596939
1450193598455
1450193599996
1450193601429
1450193602805
1450193604294
1450193605827
1450193607352
1450193608794
1450193610342
1450193611876
1450193613400
1450193614839
1450193616265
1450193617713
1450193619246
1450193620770
1450193622194
1450193623620
1450193625152
1450193626601
1450193628059
1450193629800
1450193631291
1450193632748
1450193634298
1450193635839
1450193637355
1450193638823
1450193640396
1450193641878
1450193643395
1450193644943
1450193646452
1450193647875
1450193649307
1450193650757
1450193652198
1450193653631
1450193655063
1450193656489
1450193658054
1450193659612
1450193661111
1450193662544
1450193663985
1450193665517
1450193667050
1450193668583
1450193670132
1450193671665
1450193673173
1450193674721
1450193676187
1450193677703
1450193679144
1450193680577
1450193682026
1450193683576
1450193685092
1450193686593
1450193688099
1450193689607
1450193691114
1450193692572
1450193694004
1450193695530
1450193697078
1450193698494
1450193700103
1450193701643
1450193703150
1450193704616
1450193706042
1450193707524
1450193709023
1450193710472
1450193711997
1450193713455
1450193714862
1450193716303
1450193717736
1450193719172
1450193720626
1450193722118
1450193723583
1450193725142
1450193726982
1450193728523
1450193730147
1450193731580
1450193733021
1450193734563
1450193736069
1450193737535
1450193739046
1450193740609
1450193742093
1450193743558
1450193745298
1450193746781
1450193748297
1450193749830
1450193751362
1450193752887
1450193754428
1450193755953
1450193757351
1450193758784
1450193760333
1450193761774
1450193763207
1450193764648
1450193766197
1450193767705
1450193769146
1450193770612
1450193772090
1450193773536
1450193774961
1450193776410
1450193777843
1450193779302
1450193780736
1450193782232
1450193783715
1450193785273
1450193786764
1450193788314
1450193789812
1450193791278
1450193792904
1450193794478
1450193795976
1450193797385
1450193798883
1450193800407
1450193801940
1450193803489
1450193805007
1450193806538
1450193808071
1450193809629
1450193811144
1450193812669
1450193814078
1450193815526
1450193816967
1450193818327
1450193819857
1450193821349
1450193822797
1450193824364
1450193825871
1450193827320
1450193828721
1450193830186
1450193831547
1450193832979
1450193834404
1450193836042
1450193837567
1450193839017
1450193840483
1450193841931
1450193843300
1450193844633
1450193846090
1450193847595
1450193849121
1450193850529
1450193851985
1450193853477
1450193855010
1450193856483
1450193857924
1450193859285
1450193860781
1450193862264
1450193863683
1450193865132
1450193866662
1450193868178
1450193869587
1450193871062
1450193872505
1450193873945
1450193875394
1450193876818
1450193878243
1450193879782
1450193881280
1450193882738
1450193884162
1450193885671
1450193887119
1450193888560
1450193889984
1450193891400
1450193892825
1450193894282
1450193895698
1450193897123
1450193898556
1450193900308
1450193902046
1450193903495
1450193904971
1450193906486
1450193908060
1450193909551
1450193911075
1450193912600
1450193914032
1450193915565
1450193917006
1450193918548
1450193920050
1450193921476
1450193922961
1450193924411
1450193925918
1450193927368
1450193928776
1450193930225
1450193931666
1450193933099
1450193934656
1450193936149
1450193937622
1450193939129
1450193940595
1450193941915
1450193943444
1450193944987
1450193946501
1450193947942
1450193949361
1450193950949
1450193952440
1450193953956
1450193955414
1450193956963
1450193958479
1450193960029
1450193961437
1450193962911
1450193964427
1450193965934
1450193967393
1450193968975
1450193970386
1450193971783
1450193973231
1450193974681
1450193976198
1450193977706
1450193979163
1450193980686
1450193982047
1450193983380
1450193984892
1450193986358
1450193987774
1450193989184
1450193990748
1450193992197
1450193993575
1450193994991
1450193996479
1450193997912
1450193999353
1450194000769
1450194002270
1450194003742
1450194005103
1450194006428
1450194007777
1450194009273
1450194010823
1450194012307
1450194013731
1450194015229
1450194016697
1450194018172
1450194019770
1450194021277
1450194022801
1450194024334
1450194025891
1450194027416
1450194028975
1450194030481
1450194032064
1450194033554
1450194035089
1450194036628
1450194038036
1450194039477
1450194040934
1450194042509
1450194044000
1450194045360
1450194046882
1450194048415
1450194049915
1450194051346
1450194052804
1450194054212
1450194055769
1450194057202
1450194058618
1450194060144
1450194061608
1450194063141
1450194064478
1450194066215
1450194068064
1450194069509
1450194071021
1450194072571
1450194074037
1450194075536
1450194077077
1450194078485
1450194079935
1450194081417
1450194082891
1450194084340
1450194085873
1450194087305
1450194088763
1450194090296
1450194091812
1450194093269
1450194094813
1450194096203
1450194097659
1450194099075
1450194100508
1450194101909
1450194103382
1450194104823
1450194106247
1450194107696
1450194109121
1450194110697
1450194112194
1450194113635
1450194115094
1450194116584
1450194118117
1450194119558
1450194120999
1450194122549
1450194124073
1450194125497
1450194126922
1450194128404
1450194130039
1450194131561
1450194133085
1450194134635
1450194136168
1450194137585
1450194139024
1450194140482
1450194141875
1450194143359
1450194144817
1450194146208
1450194147721
1450194149204
1450194150613
1450194152062
1450194153543
1450194155001
1450194156462
1450194157878
1450194159399
1450194160932
1450194162481
1450194163957
1450194165454
1450194166962
1450194168331
1450194169831
1450194171285
1450194172718
1450194174159
1450194175600
1450194177124
1450194178666
1450194180216
1450194181747
1450194183238
1450194184681
1450194187105
1450194188602
1450194190127
1450194191668
1450194193035
1450194194551
1450194196091
1450194197517
1450194198984
1450194200427
1450194201988
1450194203413
1450194204887
1450194206720
1450194208164
1450194209685
1450194211201
1450194212570
1450194214074
1450194215624
1450194217043
1450194218481
1450194219949
1450194221488
1450194223129
1450194224636
1450194226061
1450194227502
1450194228960
1450194230484
1450194231936
1450194233466
1450194235290
1450194236737
1450194238247
1450194239688
1450194241214
1450194242645
1450194244194
1450194245611
1450194247010
1450194248484
1450194249967
1450194251441
1450194252891
1450194254315
1450194255667
1450194257189
1450194258738
1450194260174
1450194261712
1450194263228
1450194264652
1450194266127
1450194267609
1450194269076
1450194270600
1450194272032
1450194273503
1450194275066
1450194276556
1450194278098
1450194279545
1450194281045
1450194282479
1450194284027
1450194285584
1450194287084
1450194288533
1450194289958
1450194291432
1450194292990
1450194294473
1450194296071
1450194297554
1450194299062
1450194300503
1450194301936
1450194303360
1450194304796
1450194306250
1450194307775
1450194309324
1450194310732
1450194312282
1450194313730
1450194315263
1450194316664
1450194318120
1450194319489
1450194321019
1450194322543
1450194323984
1450194325525
1450194327024
1450194328457
1450194329991
1450194331451
1450194333191
1450194334905
1450194336429
1450194337880
1450194339411
1450194340878
1450194342376
1450194343842
1450194345375
1450194346891
1450194348774
1450194350315
1450194351789
1450194353271
1450194354771
1450194356245
1450194357744
1450194359186
1450194360744
1450194362277
1450194363809
1450194365393
1450194366850
1450194368306
1450194369855
1450194371300
1450194372904
1450194374345
1450194375814
1450194377303
1450194378743
1450194380218
1450194381717
1450194383266
1450194384799
1450194386298
1450194387739
1450194389189
1450194390730
1450194392256
1450194393688
1450194395156
1450194396661
1450194398193
1450194399646
1450194401167
1450194402716
1450194404457
1450194405881
1450194407389
1450194408880
1450194410331
1450194411804
1450194413164
1450194414669
1450194416144
1450194417651
1450194419500
1450194421001
1450194422474
1450194423907
1450194425331
1450194426873
1450194428288
1450194429746
1450194431203
1450194432728
1450194434235
1450194435711
1450194437211
1450194438767
1450194440284
1450194441815
1450194443168
1450194444589
1450194446157
1450194447629
1450194449079
1450194450645
1450194452169
1450194453685
1450194455111
1450194456567
1450194458100
1450194459533
1450194461027
1450194462490
1450194463965
1450194465515
1450194467004
1450194468397
1450194469878
1450194471403
1450194472945
1450194474384
1450194475746
1450194477194
1450194478674
1450194480140
1450194481908
1450194483381
1450194484830
1450194486182
1450194487598
1450194489128
1450194490677
1450194492219
1450194493694
1450194495176
1450194496627
1450194498077
1450194499598
1450194501051
1450194502588
1450194504129
1450194505549
1450194507078
1450194508586
1450194510035
1450194511496
1450194512984
1450194514450
1450194515949
1450194517415
1450194518940
1450194520391
1450194521932
1450194523471
1450194524979
1450194526503
1450194527961
1450194529485
1450194530959
1450194532434
1450194533891
1450194535407
1450194536948
1450194538465
1450194539881
1450194541339
1450194542707
1450194544220
1450194545671
1450194547085
1450194548518
1450194549959
1450194551409
1450194552933
1450194554357
1450194555775
1450194557256
1450194558780
1450194560305
1450194561765
1450194563262
1450194564654
1450194566064
1450194567568
1450194568992
1450194570542
1450194571966
1450194573417
1450194574966
1450194576472
1450194577913
1450194579454
1450194580890
1450194582297
1450194583753
1450194585205
1450194586693
1450194588134
1450194589593
1450194591100
1450194592532
1450194593982
1450194595423
1450194596955
1450194598496
1450194600021
1450194601462
1450194603036
1450194604527
1450194606077
1450194607634
1450194609078
1450194610907
1450194612458
1450194613973
1450194615489
1450194616874
1450194618379
1450194619895
1450194621436
1450194622878
1450194624213
1450194625646
1450194627079
1450194628566
1450194630051
1450194631525
1450194632966
1450194634439
1450194635874
1450194637387
1450194638879
1450194640361
1450194641794
1450194643228
1450194644652
1450194646093
1450194647461
1450194648893
1450194650326
1450194651767
1450194653288
1450194654649
1450194656437
1450194657870
1450194659294
1450194660735
1450194662185
1450194664196
1450194665685
1450194667199
1450194668732
1450194670207
1450194671722
1450194673213
1450194674599
1450194676104
1450194677545
1450194678897
1450194680338
1450194681951
1450194683500
1450194684928
1450194686384
1450194687882
1450194689251
1450194690739
1450194692180
1450194693629
1450194695114
1450194696611
1450194698127
1450194699561
1450194701027
1450194702558
1450194704068
1450194705607
1450194707123
1450194708476
1450194709997
1450194711538
1450194713062
1450194714503
1450194716128
1450194717702
1450194719209
1450194720660
1450194722208
1450194723724
1450194725149
1450194726706
1450194728231
1450194729663
1450194731163
1450194732620
1450194734045
1450194735536
1450194737011
1450194738467
1450194740208
1450194741768
1450194743290
1450194745065
1450194746457
1450194747808
1450194749338
1450194750782
1450194752303
1450194753761
1450194755303
1450194756801
1450194758242
1450194759666
1450194761108
1450194762540
1450194763981
1450194765414
1450194766855
1450194768379
1450194769813
1450194771345
1450194772844
1450194774285
1450194775751
1450194777284
1450194778835
1450194780349
1450194781990
1450194783467
1450194784956
1450194786489
1450194787849
1450194789290
1450194790695
1450194792244
1450194793693
1450194795169
1450194796627
1450194798049
1450194799427
1450194800810
1450194802151
1450194803589
1450194805038
1450194806487
1450194807972
1450194809461
1450194810986
1450194812438
1450194813919
1450194815350
1450194816791
1450194818160
1450194819617
1450194821123
1450194822572
1450194824048
1450194825489
1450194827070
1450194828488
1450194829887
1450194831353
1450194832877
1450194834403
1450194835891
1450194837409
1450194838908
1450194840341
1450194841913
1450194843346
1450194844887
1450194846445
1450194847969
1450194849510
1450194850954
1450194852492
1450194853983
1450194855352
1450194857058
1450194858606
1450194860130
1450194861663
1450194863112
1450194864653
1450194866219
1450194867828
1450194869343
1450194870902
1450194872525
1450194874366
1450194875857
1450194877331
1450194878764
1450194880330
1450194881862
1450194883395
1450194884953
1450194886460
