1450119309549
1450119312739
1450119314236
1450119315660
1450119317104
1450119318642
1450119320183
1450119321899
1450119323340
1450119324781
1450119326238
1450119327738
1450119329262
1450119330883
1450119332452
1450119333993
1450119335501
1450119337059
1450119338508
1450119339941
1450119341490
1450119343065
1450119344514
1450119345947
1450119347404
1450119348937
1450119350370
1450119351794
1450119353235
1450119354676
1450119356092
1450119357542
1450119358974
1450119360548
1450119362047
1450119363488
1450119364913
1450119366487
1450119367995
1450119369436
1450119370985
1450119372518
1450119374050
1450119375575
1450119376999
1450119378423
1450119379881
1450119381465
1450119382963
1450119384479
1450119385937
1450119387461
1450119388860
1450119390310
1450119391859
1450119393383
1450119394933
1450119396449
1450119397990
1450119399414
1450119400938
1450119402587
1450119404129
1450119405670
1450119407210
1450119408743
1450119410268
1450119411700
1450119413141
1450119414574
1450119415999
1450119417440
1450119418905
1450119420446
1450119421988
1450119423495
1450119425036
1450119426560
1450119428101
1450119429726
1450119431292
1450119432816
1450119434332
1450119435873
1450119437289
1450119438746
1450119440287
1450119441804
1450119443311
1450119444802
1450119446352
1450119447851
1450119449300
1450119450833
1450119452407
1450119453932
1450119455448
1450119456980
1450119458513
1450119460453
1450119462011
1450119463435
1450119464868
1450119466309
1450119467844
1450119469391
1450119470915
1450119472465
1450119473989
1450119475530
1450119477063
1450119478504
1450119480045
1450119481561
1450119483093
1450119484651
1450119486209
1450119488050
1450119489549
1450119491098
1450119492631
1450119494147
1450119495671
1450119497220
1450119498753
1450119500286
1450119501911
1450119503376
1450119504909
1450119506442
1450119508007
1450119509815
1450119511364
1450119512872
1450119514446
1450119515954
1450119517495
1450119518919
1450119520368
1450119521926
1450119523442
1450119524975
1450119526532
1450119528091
1450119529581
1450119531105
1450119532546
1450119533971
1450119535403
1450119536870
1450119538385
1450119539926
1450119541451
1450119543008
1450119544524
1450119546074
1450119547598
1450119549139
1450119550672
1450119552188
1450119553629
1450119555170
1450119556653
1450119558143
1450119559685
1450119561209
1450119562750
1450119564308
1450119565815
1450119567348
1450119568806
1450119570188
1450119571638
1450119573187
1450119574628
1450119576169
1450119577718
1450119579259
1450119580792
1450119582316
1450119583765
1450119585290
1450119586873
1450119588407
1450119589921
1450119591437
1450119592961
1450119594394
1450119595943
1450119597468
1450119598909
1450119600325
1450119601908
1450119603423
1450119604964
1450119606449
1450119608030
1450119609566
1450119611103
1450119612603
1450119614052
1450119615493
1450119617051
1450119618550
1450119620008
1450119621507
1450119622940
1450119624389
1450119625822
1450119627279
1450119628754
1450119630245
1450119631686
1450119633235
1450119634759
1450119636300
1450119637825
1450119639366
1450119640882
1450119642331
1450119643855
1450119645405
1450119646988
1450119648595
1450119650119
1450119651677
1450119653218
1450119654742
1450119656283
1450119657791
1450119659332
1450119660864
1450119662439
1450119663946
1450119665471
1450119667003
1450119668553
1450119670077
1450119671630
1450119673176
1450119674683
1450119676216
1450119677757
1450119679323
1450119680806
1450119682330
1450119683780
1450119685329
1450119686754
1450119688519
1450119690069
1450119691584
1450119693150
1450119694674
1450119696174
1450119697648
1450119699164
1450119700572
1450119701996
1450119703438
1450119704870
1450119706303
1450119707745
1450119709160
1450119711067
1450119712592
1450119714108
1450119715657
1450119717190
1450119718739
1450119720263
1450119721829
1450119723328
1450119724861
1450119726402
1450119727951
1450119729492
1450119731034
1450119732549
1450119734090
1450119735656
1450119737164
1450119738713
1450119740246
1450119741812
1450119743336
1450119744811
1450119746235
1450119747793
1450119749342
1450119750850
1450119752374
1450119753848
1450119755381
1450119756914
1450119758471
1450119759996
1450119761520
1450119763070
1450119764510
1450119766010
1450119767459
1450119768975
1450119770408
1450119772024
1450119773531
1450119775331
1450119776905
1450119778421
1450119779953
1450119781503
1450119783027
1450119784476
1450119786009
1450119787550
1450119789074
1450119790599
1450119792031
1450119793572
1450119794997
1450119796546
1450119798095
1450119799620
1450119801144
1450119802685
1450119804218
1450119805742
1450119807341
1450119808832
1450119810373
1450119811898
1450119813430
1450119814863
1450119816387
1450119817845
1450119819378
1450119820927
1450119822643
1450119824184
1450119825600
1450119827041
1450119828623
1450119830139
1450119831664
1450119833196
1450119834737
1450119836262
1450119837711
1450119839244
1450119840768
1450119842301
1450119843858
1450119845266
1450119846716
1450119848265
1450119849765
1450119851347
1450119852879
1450119854412
1450119855962
1450119857461
1450119859011
1450119860584
1450119862177
1450119863725
1450119865257
1450119866790
1450119868306
1450119869764
1450119871288
1450119872813
1450119874345
1450119875778
1450119877194
1450119878651
1450119880117
1450119881667
1450119883208
1450119884715
1450119886256
1450119887806
1450119889356
1450119890887
1450119892406
1450119893920
1450119895336
1450119896785
1450119898301
1450119899742
1450119901217
1450119902724
1450119904548
1450119905998
1450119907622
1450119909071
1450119910612
1450119912162
1450119913686
1450119915260
1450119916768
1450119918326
1450119919866
1450119921399
1450119922923
1450119924456
1450119925997
1450119927547
1450119929062
1450119930612
1450119932178
1450119933685
1450119935185
1450119936759
1450119938308
1450119939816
1450119941365
1450119942898
1450119944406
1450119945963
1450119947479
1450119949037
1450119950553
1450119951971
1450119953502
1450119954934
1450119956384
1450119957900
1450119959349
1450119960773
1450119962248
1450119963772
1450119965205
1450119966729
1450119968278
1450119969819
1450119971343
1450119972776
1450119974217
1450119975750
1450119977191
1450119978724
1450119980256
1450119981789
1450119983322
1450119984887
1450119986395
1450119987945
1450119989486
1450119991002
1450119992859
1450119994417
1450119995891
1450119997490
1450119998990
1450120000531
1450120002072
1450120003654
1450120005137
1450120006672
1450120008211
1450120009843
1450120011384
1450120012892
1450120014433
1450120015982
1450120017557
1450120019039
1450120020505
1450120022013
1450120023471
1450120024970
1450120026411
1450120027853
1450120029352
1450120030850
1450120032366
1450120033925
1450120035465
1450120036998
1450120038530
1450120040055
1450120041604
1450120043237
1450120044778
1450120046286
1450120048035
1450120049567
1450120051133
1450120052641
1450120054182
1450120055698
1450120057289
1450120058771
1450120060213
1450120061770
1450120063312
1450120064845
1450120066385
1450120067809
1450120069360
1450120070874
1450120072440
1450120073956
1450120075497
1450120077030
1450120078571
1450120080087
1450120081637
1450120083186
1450120084660
1450120086109
1450120087626
1450120089108
1450120090635
1450120092173
1450120093706
1450120095264
1450120096780
1450120098313
1450120099862
1450120101361
1450120103094
1450120104535
1450120106026
1450120107534
1450120108966
1450120110407
1450120111915
1450120113381
1450120114914
1450120116454
1450120118020
1450120119512
1450120121086
1450120122610
1450120124126
1450120125667
1450120127191
1450120128649
1450120130165
1450120131698
1450120133238
1450120134771
1450120136312
1450120137870
1450120139361
1450120140893
1450120142768
1450120144275
1450120145817
1450120147449
1450120148990
1450120150423
1450120151864
1450120153280
1450120154721
1450120156154
1450120157578
1450120159019
1450120160469
1450120161918
1450120163425
1450120164866
1450120166307
1450120167899
1450120169414
1450120170913
1450120172446
1450120173904
1450120175437
1450120176994
1450120178535
1450120180051
1450120181584
1450120183116
1450120184641
1450120186173
1450120187706
1450120189156
1450120190689
1450120192229
1450120193770
1450120195319
1450120196819
1450120198352
1450120199901
1450120201442
1450120202975
1450120204532
1450120206023
1450120207498
1450120208997
1450120210446
1450120211879
1450120213428
1450120214952
1450120216485
1450120218035
1450120219559
1450120221117
1450120222624
1450120224057
1450120225615
1450120227148
1450120228688
1450120230229
1450120231879
1450120233436
1450120234935
1450120236435
1450120237876
1450120239317
1450120240866
1450120242374
1450120243923
1450120245347
1450120246888
1450120248646
1450120250178
1450120251619
1450120253044
1450120254585
1450120256159
1450120257709
1450120259208
1450120260715
1450120262290
1450120263906
1450120265430
1450120266888
1450120268395
1450120269953
1450120271494
1450120273027
1450120274593
1450120276084
1450120277650
1450120279182
1450120280682
1450120282123
1450120283647
1450120285230
1450120286729
1450120288270
1450120289836
1450120291344
1450120292827
1450120294317
1450120295742
1450120297299
1450120298865
1450120300365
1450120301781
1450120303238
1450120304789
1450120306337
1450120307836
1450120309369
1450120310843
1450120312376
1450120313875
1450120315416
1450120316957
1450120318515
1450120320347
1450120321855
1450120323405
1450120324929
1450120326486
1450120328061
1450120329552
1450120331093
1450120332634
1450120334158
1450120335691
1450120337240
1450120338748
1450120340297
1450120341815
1450120343362
1450120344886
1450120346411
1450120347869
1450120349293
1450120350726
1450120352467
1450120353983
1450120355415
1450120356865
1450120358298
1450120359739
1450120361213
1450120362687
1450120364170
1450120365694
1450120367227
1450120368769
1450120370318
1450120371833
1450120373374
1450120374816
1450120376331
1450120377872
1450120379405
1450120380946
1450120382478
1450120384119
1450120385660
1450120387185
1450120388759
1450120390233
1450120391682
1450120393223
1450120394764
1450120396289
1450120397747
1450120399288
1450120400804
1450120402345
1450120403853
1450120405319
1450120406851
1450120408533
1450120410008
1450120411574
1450120413165
1450120414731
1450120416255
1450120417796
1450120419345
1450120420861
1450120422294
1450120423860
1450120425393
1450120426942
1450120428474
1450120429982
1450120431507
1450120433073
1450120434597
1450120436146
1450120437654
1450120439103
1450120440528
1450120441952
1450120443451
1450120445126
1450120446625
1450120448116
1450120449740
1450120451173
1450120452639
1450120454163
1450120455696
1450120457253
1450120458761
1450120460328
1450120461860
1450120463392
1450120464917
1450120466433
1450120467982
1450120469498
1450120471039
1450120472472
1450120473996
1450120475429
1450120476886
1450120478419
1450120479952
1450120481476
1450120483017
1450120484583
1450120486083
1450120487540
1450120489107
1450120490597
1450120492030
1450120493463
1450120494887
1450120496345
1450120498244
1450120499851
1450120501409
1450120502917
1450120504483
1450120506015
1450120507539
1450120509155
1450120510696
1450120512254
1450120513787
1450120515286
1450120516727
1450120518285
1450120519801
1450120521350
1450120522883
1450120524424
1450120525948
1450120527814
1450120529338
1450120530746
1450120532212
1450120533711
1450120535244
1450120536777
1450120538368
1450120539867
1450120541409
1450120542866
1450120544390
1450120545923
1450120547447
1450120549013
1450120550512
1450120552045
1450120553502
1450120555027
1450120556576
1450120558134
1450120559634
1450120561182
1450120562715
1450120564257
1450120565797
1450120567347
1450120568863
1450120570395
1450120571945
1450120573436
1450120575018
1450120576534
1450120578075
1450120579600
1450120581149
1450120582690
1450120584214
1450120585747
1450120587296
1450120588837
1450120590369
1450120591885
1450120593318
1450120594876
1450120596400
1450120597934
1450120599482
1450120601006
1450120602439
1450120603981
1450120605496
1450120606929
1450120608495
1450120610028
1450120611568
1450120613101
1450120614675
1450120616166
1450120617724
1450120619240
1450120620789
1450120622314
1450120623855
1450120625379
1450120626987
1450120628628
1450120630060
1450120631577
1450120633159
1450120634675
1450120636241
1450120637782
1450120639298
1450120640822
1450120642272
1450120643812
1450120645362
1450120646886
1450120648436
1450120650060
1450120651601
1450120653209
1450120654766
1450120656215
1450120658056
1450120659572
1450120661022
1450120662554
1450120664121
1450120665636
1450120667136
1450120668676
1450120670584
1450120672067
1450120673676
1450120675282
1450120676740
1450120678680
1450120680271
1450120681796
1450120683337
1450120684853
1450120686294
1450120687710
1450120689168
1450120690692
1450120692216
1450120693674
1450120695198
1450120696623
1450120698172
1450120699805
1450120701354
1450120702795
1450120704311
1450120705860
1450120707301
1450120708859
1450120710375
1450120711941
1450120713457
1450120714989
1450120716514
1450120718030
1450120719579
1450120721128
1450120722661
1450120724227
1450120725718
1450120727167
1450120728667
1450120730125
1450120731682
1450120733173
1450120734614
1450120736064
1450120737463
1450120738904
1450120740362
1450120741905
1450120743444
1450120745010
1450120746518
1450120748059
1450120749599
1450120751098
1450120752631
1450120754080
1450120755613
1450120757162
1450120758762
1450120760236
1450120761752
1450120763293
1450120764842
1450120766359
1450120767783
1450120769324
1450120770765
1450120772198
1450120773622
1450120775171
1450120776712
1450120778153
1450120779669
1450120781110
1450120782535
1450120784093
1450120785641
1450120787174
1450120788724
1450120790264
1450120791741
1450120793213
1450120794646
1450120796578
1450120798145
1450120799694
1450120801201
1450120802751
1450120804267
1450120805691
1450120807107
1450120808658
1450120810189
1450120811730
1450120813179
1450120814695
1450120816262
1450120817744
1450120819202
1450120820735
1450120822484
1450120823916
1450120825335
1450120826857
1450120828315
1450120829839
1450120831280
1450120832738
