1450121051879
1450121055110
1450121056573
1450121058006
1450121059433
1450121060996
1450121062512
1450121063953
1450121065520
1450121067026
1450121068575
1450121070292
1450121071824
1450121073503
1450121075048
1450121076514
1450121077947
1450121079387
1450121080920
1450121082370
1450121083794
1450121085227
1450121086760
1450121088201
1450121089608
1450121091058
1450121092482
1450121093931
1450121095414
1450121096913
1450121098354
1450121099779
1450121101270
1450121102760
1450121104185
1450121105651
1450121107176
1450121108699
1450121110132
1450121111690
1450121113106
1450121114655
1450121116079
1450121117629
1450121119045
1450121120722
1450121122227
1450121123751
1450121125317
1450121126841
1450121128282
1450121129823
1450121131365
1450121132872
1450121134413
1450121135912
1450121137453
1450121138911
1450121140435
1450121141959
1450121143517
1450121145033
1450121146582
1450121148098
1450121149749
1450121151280
1450121152830
1450121154362
1450121155779
1450121157211
1450121158652
1450121160093
1450121161626
1450121163067
1450121164516
1450121166057
1450121167573
1450121169014
1450121170522
1450121172063
1450121173595
1450121175136
1450121176602
1450121178102
1450121179543
1450121181075
1450121182533
1450121184066
1450121185652
1450121187439
1450121188972
1450121190396
1450121191946
1450121193495
1450121195011
1450121196544
1450121197976
1450121199417
1450121201183
1450121202741
1450121204232
1450121205798
1450121207330
1450121208846
1450121210305
1450121211828
1450121213361
1450121214894
1450121216435
1450121217967
1450121219500
1450121221074
1450121222573
1450121224098
1450121225690
1450121227163
1450121228621
1450121230137
1450121231603
1450121233135
1450121234668
1450121236167
1450121237692
1450121239266
1450121240790
1450121242306
1450121243872
1450121245414
1450121246929
1450121248462
1450121250011
1450121251519
1450121252960
1450121254385
1450121255826
1450121257250
1450121258807
1450121260249
1450121261764
1450121263205
1450121264689
1450121266179
1450121267620
1450121269061
1450121270602
1450121272135
1450121273651
1450121275184
1450121276749
1450121278265
1450121279806
1450121281373
1450121282913
1450121284429
1450121285954
1450121287470
1450121289027
1450121290868
1450121292418
1450121293842
1450121295350
1450121296799
1450121298332
1450121299864
1450121301430
1450121302946
1450121304471
1450121305945
1450121307428
1450121308877
1450121310310
1450121311834
1450121313284
1450121314816
1450121316266
1450121317840
1450121319314
1450121320772
1450121322221
1450121323754
1450121325286
1450121326794
1450121328277
1450121329795
1450121331325
1450121332858
1450121334416
1450121335924
1450121337473
1450121339022
1450121340588
1450121342171
1450121343711
1450121345278
1450121346785
1450121348302
1450121349842
1450121351284
1450121352750
1450121354174
1450121355656
1450121357106
1450121358564
1450121360071
1450121361487
1450121362937
1450121364369
1450121365844
1450121367343
1450121368917
1450121370508
1450121371982
1450121373498
1450121374956
1450121376497
1450121378005
1450121379429
1450121380870
1450121382319
1450121383860
1450121385401
1450121386942
1450121388475
1450121390333
1450121391857
1450121393398
1450121394931
1450121396472
1450121397996
1450121399528
1450121401136
1450121402602
1450121404143
1450121405651
1450121407192
1450121408741
1450121410274
1450121411815
1450121413372
1450121414888
1450121416421
1450121417987
1450121419487
1450121421121
1450121422552
1450121423993
1450121425509
1450121427041
1450121428482
1450121430057
1450121431581
1450121433097
1450121434655
1450121436196
1450121437670
1450121439161
1450121440710
1450121442260
1450121443742
1450121445175
1450121446574
1450121448065
1450121449565
1450121451098
1450121452572
1450121454104
1450121455670
1450121457194
1450121458710
1450121460251
1450121461817
1450121463350
1450121464858
1450121466407
1450121467965
1450121469489
1450121471013
1450121472554
1450121474087
1450121475536
1450121477002
1450121478493
1450121480034
1450121481575
1450121483416
1450121484940
1450121486440
1450121487831
1450121489330
1450121490880
1450121492379
1450121493936
1450121495452
1450121497310
1450121498826
1450121500375
1450121501908
1450121503341
1450121504907
1450121506348
1450121507822
1450121509272
1450121510821
1450121512337
1450121513778
1450121515236
1450121516743
1450121518193
1450121519734
1450121521292
1450121522799
1450121524365
1450121525973
1450121527622
1450121529054
1450121530495
1450121532036
1450121533552
1450121535002
1450121536418
1450121537984
1450121539508
1450121541032
1450121542565
1450121544081
1450121545639
1450121547163
1450121548704
1450121550270
1450121551803
1450121553302
1450121554743
1450121556184
1450121557725
1450121559233
1450121560708
1450121562215
1450121563639
1450121565105
1450121566638
1450121568154
1450121569812
1450121571361
1450121572910
1450121574434
1450121575975
1450121577483
1450121578924
1450121580365
1450121581923
1450121583447
1450121584996
1450121586521
1450121588029
1450121589594
1450121591145
1450121592634
1450121594200
1450121595725
1450121597266
1450121598815
1450121600340
1450121601872
1450121603388
1450121604962
1450121606453
1450121607886
1450121609336
1450121610785
1450121612318
1450121613850
1450121615375
1450121616808
1450121618232
1450121619781
1450121621364
1450121622988
1450121624498
1450121626028
1450121627577
1450121629127
1450121630635
1450121632209
1450121633725
1450121635241
1450121636665
1450121638198
1450121639631
1450121641063
1450121642596
1450121644037
1450121645595
1450121647227
1450121648760
1450121650309
1450121651817
1450121653374
1450121654924
1450121656456
1450121657981
1450121659530
1450121661079
1450121662603
1450121664153
1450121665685
1450121667543
1450121669076
1450121670583
1450121672125
1450121673649
1450121675206
1450121676714
1450121678263
1450121679796
1450121681362
1450121683194
1450121684769
1450121686246
1450121687767
1450121689308
1450121690866
1450121692399
1450121694023
1450121695431
1450121696855
1450121698330
1450121699871
1450121701388
1450121702928
1450121704493
1450121706068
1450121707534
1450121709075
1450121710516
1450121712065
1450121713589
1450121715122
1450121716896
1450121718429
1450121719961
1450121721469
1450121723027
1450121724559
1450121726101
1450121727633
1450121729149
1450121730690
1450121732248
1450121733773
1450121735305
1450121736846
1450121738345
1450121739894
1450121741520
1450121742960
1450121744409
1450121745942
1450121747466
1450121748999
1450121750548
1450121752064
1450121753605
1450121755146
1450121756895
1450121758411
1450121759869
1450121761277
1450121762851
1450121764242
1450121765683
1450121767132
1450121768657
1450121770182
1450121771665
1450121773213
1450121774737
1450121776295
1450121777827
1450121779460
1450121780985
1450121782517
1450121784083
1450121785591
1450121787148
1450121788656
1450121790205
1450121791788
1450121793362
1450121794895
1450121796411
1450121797978
1450121799443
1450121800934
1450121802467
1450121804016
1450121805533
1450121806982
1450121808522
1450121810089
1450121811579
1450121813128
1450121814661
1450121816211
1450121817726
1450121819309
1450121820808
1450121822383
1450121823865
1450121825323
1450121826831
1450121828430
1450121829904
1450121831454
1450121832961
1450121834511
1450121836068
1450121837501
1450121839017
1450121840550
1450121841999
1450121843515
1450121845065
1450121846656
1450121848105
1450121849504
1450121850987
1450121852436
1450121853852
1450121855401
1450121856835
1450121858417
1450121859958
1450121861516
1450121862990
1450121864522
1450121866080
1450121867596
1450121869120
1450121870586
1450121872086
1450121873635
1450121875159
1450121876634
1450121878116
1450121879691
1450121881198
1450121882773
1450121884280
1450121885821
1450121887346
1450121888895
1450121890411
1450121891861
1450121893360
1450121894834
1450121896275
1450121897683
1450121899207
1450121900665
1450121902181
1450121903680
1450121905171
1450121906729
1450121908353
1450121909894
1450121911443
1450121912951
1450121914517
1450121916033
1450121917482
1450121919015
1450121920564
1450121922072
1450121923621
1450121925163
1450121926737
1450121928219
1450121929745
1450121931293
1450121932810
1450121934375
1450121935907
1450121937440
1450121938956
1450121940497
1450121942105
1450121943562
1450121945095
1450121946753
1450121948294
1450121949826
1450121951326
1450121952750
1450121954225
1450121955757
1450121957281
1450121958740
1450121960264
1450121961813
1450121963370
1450121964870
1450121966428
1450121968252
1450121969785
1450121971367
1450121972875
1450121974399
1450121975948
1450121977431
1450121978889
1450121980730
1450121982279
1450121983787
1450121985286
1450121986810
1450121988301
1450121989875
1450121991450
1450121992949
1450121994482
1450121996031
1450121997580
1450121999080
1450122000637
1450122002178
1450122003677
1450122005218
1450122006659
1450122008184
1450122009733
1450122011282
1450122012798
1450122014339
1450122015880
1450122017430
1450122018855
1450122020387
1450122021919
1450122023427
1450122024976
1450122026526
1450122028075
1450122029591
1450122031140
1450122032673
1450122034197
1450122035638
1450122037063
1450122038479
1450122039936
1450122041494
1450122043021
1450122044534
1450122045967
1450122047416
1450122048841
1450122050265
1450122051723
1450122053147
1450122054605
1450122056004
1450122057454
1450122058911
1450122060436
1450122061977
1450122063526
1450122065042
1450122066891
1450122068424
1450122069931
1450122071381
1450122072947
1450122074438
1450122075846
1450122077295
1450122078728
1450122080144
1450122081618
1450122083151
1450122084675
1450122086133
1450122087657
1450122089173
1450122090639
1450122092172
1450122093596
1450122095037
1450122096553
1450122098069
1450122099485
1450122100952
1450122102335
1450122103817
1450122105291
1450122107182
1450122108623
1450122110122
1450122111639
1450122113137
1450122114570
1450122116028
1450122117552
1450122119093
1450122120659
1450122122175
1450122123708
1450122125224
1450122126799
1450122128306
1450122129880
1450122131371
1450122132904
1450122134436
1450122135886
1450122137386
1450122138860
1450122140267
1450122141701
1450122143491
1450122144982
1450122146432
1450122147872
1450122149405
1450122150954
1450122152470
1450122153936
1450122155410
1450122156885
1450122158401
1450122159950
1450122161483
1450122163007
1450122164523
1450122165981
1450122167480
1450122168929
1450122170379
1450122171903
1450122173386
1450122174877
1450122176318
1450122177767
1450122179300
1450122180733
1450122182174
1450122183590
1450122185031
1450122186489
1450122188046
1450122189562
1450122190995
1450122192420
1450122193952
1450122195468
1450122197034
1450122198566
1450122199966
1450122201515
1450122203089
1450122204564
1450122206013
1450122207556
1450122209078
1450122210511
1450122211994
1450122213468
1450122214917
1450122216450
1450122217899
1450122219449
1450122220957
1450122222389
1450122223822
1450122225255
1450122226687
1450122228120
1450122229553
1450122231002
1450122232427
1450122233859
1450122235325
1450122236908
1450122238415
1450122239948
1450122241465
1450122243013
1450122244546
1450122246104
1450122247628
1450122249177
1450122250693
1450122252226
1450122253659
1450122255191
1450122256632
1450122258173
1450122259706
1450122261214
1450122262680
1450122264196
1450122265612
1450122267128
1450122268619
1450122270151
1450122271676
1450122273234
1450122274733
1450122276265
1450122277715
1450122279281
1450122280763
1450122282204
1450122283787
1450122285287
1450122286728
1450122288177
1450122289793
1450122291327
1450122292791
1450122294324
1450122295857
1450122297407
1450122298922
1450122300463
1450122302012
1450122303536
1450122305069
1450122306544
1450122308159
1450122309676
1450122311200
1450122313049
1450122314582
1450122315981
1450122317406
1450122318863
1450122320412
1450122321953
1450122323494
1450122325044
1450122326543
1450122328092
1450122329625
1450122331183
1450122332715
1450122334231
1450122335772
1450122337305
1450122338846
1450122340403
1450122341903
1450122343444
1450122344994
1450122346509
1450122347942
1450122349383
1450122350941
1450122352482
1450122353972
1450122355563
1450122357138
1450122358612
1450122360153
1450122361652
1450122363193
1450122364768
1450122366251
1450122367716
1450122369574
1450122371082
1450122372531
1450122374064
1450122375796
1450122377345
1450122378770
1450122380303
1450122381744
1450122383276
1450122384800
1450122386242
1450122387691
1450122389224
1450122390640
1450122392081
1450122393613
1450122395063
1450122396604
1450122398145
1450122399661
1450122401210
1450122402743
1450122404592
1450122406124
1450122407640
1450122409115
1450122410598
1450122412188
1450122413688
1450122415229
1450122416770
1450122418302
1450122419844
1450122421351
1450122422801
1450122424325
1450122425758
1450122427266
1450122428706
1450122430147
1450122431597
1450122433030
1450122434579
1450122436111
1450122437660
1450122439218
1450122440726
1450122442258
1450122443816
1450122445340
1450122446865
1450122448306
1450122449872
1450122451363
1450122452962
1450122454470
1450122455994
1450122457518
1450122459051
1450122460584
1450122462108
1450122463541
1450122465082
1450122466515
1450122468080
1450122469588
1450122471046
1450122472454
1450122473878
1450122475336
1450122476785
1450122478301
1450122479851
1450122481308
1450122482800
1450122484241
1450122485814
1450122487297
1450122489138
1450122490595
1450122492111
1450122493677
1450122495210
1450122496726
1450122498184
1450122499725
1450122501274
1450122502790
1450122504298
1450122505831
1450122507280
1450122508838
1450122510345
1450122511811
1450122513361
1450122514860
1450122516393
1450122517875
1450122519383
1450122520857
1450122522398
1450122523872
1450122525340
1450122526863
1450122528387
1450122529936
1450122531469
1450122533010
1450122534527
1450122536109
1450122537600
1450122539141
1450122540665
1450122542198
1450122543714
1450122545271
1450122546787
1450122548237
1450122549761
1450122551310
1450122552843
1450122554251
1450122555800
1450122557267
1450122558782
1450122560190
1450122561631
1450122563064
1450122564613
1450122566054
1450122567479
1450122568919
