1450197435809
1450197438919
1450197440416
1450197441848
1450197443351
1450197444897
1450197446364
1450197447854
1450197449312
1450197450844
1450197452386
1450197453818
1450197455333
1450197457056
1450197458499
1450197460056
1450197461581
1450197463022
1450197464555
1450197465987
1450197467536
1450197468953
1450197470377
1450197471810
1450197473259
1450197474700
1450197476276
1450197477732
1450197479148
1450197480639
1450197482081
1450197483521
1450197484946
1450197486495
1450197487995
1450197489436
1450197490970
1450197492484
1450197493925
1450197495375
1450197496899
1450197498340
1450197499881
1450197501422
1450197502862
1450197504420
1450197505979
1450197507586
1450197509027
1450197510567
1450197512135
1450197513632
1450197515182
1450197516731
1450197518214
1450197519646
1450197521179
1450197522603
1450197524044
1450197525577
1450197527110
1450197528559
1450197529975
1450197531433
1450197532932
1450197534382
1450197535823
1450197537339
1450197538771
1450197540221
1450197541645
1450197543186
1450197544627
1450197546086
1450197547600
1450197549050
1450197550482
1450197551998
1450197553514
1450197554947
1450197556405
1450197557838
1450197559370
1450197560819
1450197562344
1450197563860
1450197565335
1450197566792
1450197568166
1450197569599
1450197571057
1450197572590
1450197574031
1450197575580
1450197577147
1450197578645
1450197580086
1450197581602
1450197583035
1450197584476
1450197585901
1450197587483
1450197588999
1450197590507
1450197591923
1450197593380
1450197594813
1450197596363
1450197597887
1450197599328
1450197600852
1450197602393
1450197603909
1450197605383
1450197606859
1450197608373
1450197609848
1450197611305
1450197612930
1450197614362
1450197615795
1450197617211
1450197618652
1450197620060
1450197621501
1450197622942
1450197624374
1450197625815
1450197627265
1450197628698
1450197630130
1450197631572
1450197633021
1450197634520
1450197635961
1450197637386
1450197638826
1450197640259
1450197641700
1450197643133
1450197644557
1450197646015
1450197647448
1450197648848
1450197650321
1450197651762
1450197653178
1450197654603
1450197656044
1450197657468
1450197658934
1450197660317
1450197661784
1450197663332
1450197665173
1450197666747
1450197668238
1450197670079
1450197671637
1450197673128
1450197674577
1450197676010
1450197677543
1450197678992
1450197680417
1450197681833
1450197683265
1450197684731
1450197686248
1450197687688
1450197689213
1450197690662
1450197692162
1450197693594
1450197695018
1450197696459
1450197697976
1450197699475
1450197700924
1450197702423
1450197703881
1450197705316
1450197706746
1450197708255
1450197709803
1450197711236
1450197712677
1450197714118
1450197715559
1450197717125
1450197718633
1450197720124
1450197721607
1450197723131
1450197724697
1450197726188
1450197727729
1450197729162
1450197730611
1450197732102
1450197733543
1450197734976
1450197736408
1450197737849
1450197739291
1450197740707
1450197742156
1450197743572
1450197745030
1450197746596
1450197748136
1450197749661
1450197751071
1450197752635
1450197754175
1450197755700
1450197757803
1450197759390
1450197760914
1450197762431
1450197764188
1450197765712
1450197767203
1450197768702
1450197770185
1450197771709
1450197773209
1450197774650
1450197776165
1450197777606
1450197779147
1450197780555
1450197782138
1450197783637
1450197785170
1450197786703
1450197788152
1450197789610
1450197791167
1450197792658
1450197794208
1450197795708
1450197797165
1450197798606
1450197800105
1450197801538
1450197802963
1450197804445
1450197805861
1450197807412
1450197808851
1450197810351
1450197811893
1450197813499
1450197814974
1450197816423
1450197817949
1450197819405
1450197820904
1450197822337
1450197823787
1450197825252
1450197826630
1450197828051
1450197829517
1450197830950
1450197832499
1450197834040
1450197835597
1450197837106
1450197838646
1450197840170
1450197841604
1450197843136
1450197844577
1450197846051
1450197847551
1450197849000
1450197850533
1450197852134
1450197853606
1450197855139
1450197856547
1450197857988
1450197860007
1450197861486
1450197862885
1450197864326
1450197865759
1450197867533
1450197869049
1450197870557
1450197872015
1450197873550
1450197875080
1450197876513
1450197878089
1450197879603
1450197881044
1450197882569
1450197883976
1450197885417
1450197886883
1450197888416
1450197889915
1450197891356
1450197892789
1450197894247
1450197895763
1450197897312
1450197898853
1450197900369
1450197901819
1450197903367
1450197904867
1450197906299
1450197907874
1450197909381
1450197910806
1450197912255
1450197913696
1450197915229
1450197916745
1450197918194
1450197919602
1450197921043
1450197922484
1450197923925
1450197925458
1450197926983
1450197928423
1450197929848
1450197931289
1450197933046
1450197934462
1450197935895
1450197937379
1450197938760
1450197940176
1450197941626
1450197943158
1450197944616
1450197946040
1450197947598
1450197949031
1450197950547
1450197952004
1450197953529
1450197954940
1450197956370
1450197957802
1450197959259
1450197961109
1450197962525
1450197964091
1450197965591
1450197967148
1450197968697
1450197970529
1450197971979
1450197973503
1450197975969
1450197977493
1450197979001
1450197980483
1450197981966
1450197983432
1450197984957
1450197986489
1450197987930
1450197989338
1450197990737
1450197992146
1450197993603
1450197995077
1450197996518
1450197998011
1450197999484
1450198000933
1450198002490
1450198004015
1450198005456
1450198006872
1450198008305
1450198009738
1450198011178
1450198012719
1450198014235
1450198015651
1450198017101
1450198018583
1450198020083
1450198021615
1450198023073
1450198024581
1450198025997
1450198027471
1450198028979
1450198030412
1450198031870
1450198033394
1450198034827
1450198036243
1450198037725
1450198039266
1450198040757
1450198042223
1450198043789
1450198045296
1450198046829
1450198048395
1450198050203
1450198051727
1450198053293
1450198054725
1450198056258
1450198057800
1450198059341
1450198060856
1450198062414
1450198063955
1450198065437
1450198066888
1450198068370
1450198069827
1450198071285
1450198072926
1450198074375
1450198075783
1450198077249
1450198078749
1450198080265
1450198081714
1450198083222
1450198084680
1450198086136
1450198087612
1450198089110
1450198090534
1450198091975
1450198093400
1450198094849
1450198096390
1450198097931
1450198099464
1450198100980
1450198102421
1450198103846
1450198105279
1450198106827
1450198108393
1450198109884
1450198111334
1450198112917
1450198114382
1450198115815
1450198117281
1450198118797
1450198120330
1450198121737
1450198123520
1450198125028
1450198126444
1450198127993
1450198129434
1450198130834
1450198132308
1450198133757
1450198135273
1450198136714
1450198138139
1450198139572
1450198140988
1450198142463
1450198143986
1450198145536
1450198147060
1450198148609
1450198150141
1450198151666
1450198153232
1450198154756
1450198156289
1450198157713
1450198159138
1450198160678
1450198162112
1450198163635
1450198165185
1450198166726
1450198168250
1450198169791
1450198171332
1450198172940
1450198174414
1450198175922
1450198177422
1450198178904
1450198180354
1450198181777
1450198183218
1450198184744
1450198186192
1450198187708
1450198189141
1450198190582
1450198191998
1450198193464
1450198194980
1450198196454
1450198197995
1450198199520
1450198201052
1450198202577
1450198204101
1450198205550
1450198207075
1450198208499
1450198209957
1450198211498
1450198213022
1450198214588
1450198216087
1450198217546
1450198218953
1450198220494
1450198222002
1450198223451
1450198225008
1450198226525
1450198228082
1450198229498
1450198230931
1450198232514
1450198234013
1450198235537
1450198236995
1450198238527
1450198240043
1450198241459
1450198242875
1450198244325
1450198246265
1450198247707
1450198249141
1450198250572
1450198252013
1450198253537
1450198254995
1450198256411
1450198257852
1450198259260
1450198261018
1450198262475
1450198264000
1450198265416
1450198266857
1450198268381
1450198269814
1450198271355
1450198272937
1450198274445
1450198275894
1450198277752
1450198279276
1450198280817
1450198282341
1450198283874
1450198285331
1450198286831
1450198288280
1450198289804
1450198291237
1450198292730
1450198294236
1450198295735
1450198297285
1450198298726
1450198300258
1450198301775
1450198303340
1450198304865
1450198306314
1450198307847
1450198309349
1450198310854
1450198312328
1450198313777
1450198315210
1450198316718
1450198318175
1450198319692
1450198321141
1450198322591
1450198324148
1450198325614
1450198327105
1450198328655
1450198330146
1450198331703
1450198333144
1450198334544
1450198336001
1450198337443
1450198338950
1450198340407
1450198341932
1450198343473
1450198344947
1450198346446
1450198347988
1450198349528
1450198351061
1450198352638
1450198354126
1450198355642
1450198357116
1450198358624
1450198360073
1450198361623
1450198363155
1450198364696
1450198366204
1450198367756
1450198369286
1450198370827
1450198372360
1450198373826
1450198375317
1450198376766
1450198378207
1450198379715
1450198381164
1450198382764
1450198384263
1450198385746
1450198387295
1450198388744
1450198390260
1450198392109
1450198393658
1450198395199
1450198396732
1450198398265
1450198399814
1450198401322
1450198402754
1450198404171
1450198405595
1450198407061
1450198408510
1450198409926
1450198411351
1450198412969
1450198414416
1450198415865
1450198417306
1450198418847
1450198420397
1450198421904
1450198423362
1450198424879
1450198426286
1450198427743
1450198429176
1450198430617
1450198432150
1450198433607
1450198435132
1450198436632
1450198438081
1450198439822
1450198441330
1450198442795
1450198444219
1450198445744
1450198447226
1450198448759
1450198450283
1450198451700
1450198453200
1450198454673
1450198456173
1450198457672
1450198459180
1450198460687
1450198462137
1450198463553
1450198465011
1450198466477
1450198467984
1450198469484
1450198470950
1450198472499
1450198474040
1450198475573
1450198477031
1450198478531
1450198479979
1450198481520
1450198482920
1450198484336
1450198485793
1450198487359
1450198488875
1450198490416
1450198491973
1450198493498
1450198495056
1450198496588
1450198498121
1450198499637
1450198501186
1450198502720
1450198504277
1450198505793
1450198507325
1450198508858
1450198510299
1450198511807
1450198513290
1450198514763
1450198516221
1450198517804
1450198519295
1450198520861
1450198522352
1450198523884
1450198525325
1450198526858
1450198528549
1450198530023
1450198531581
1450198533555
1450198535071
1450198536612
1450198538238
1450198539752
1450198541210
1450198542752
1450198544267
1450198545700
1450198547224
1450198548690
1450198550214
1450198551772
1450198553271
1450198554721
1450198556270
1450198557795
1450198559235
1450198560701
1450198562176
1450198563626
1450198565191
1450198566798
1450198568240
1450198569814
1450198571338
1450198572954
1450198574495
1450198576036
1450198577544
1450198579068
1450198580517
1450198581933
1450198583399
1450198585232
1450198586765
1450198588231
1450198589665
1450198591163
1450198592723
1450198594212
1450198595644
1450198597085
1450198598601
1450198600067
1450198601533
1450198603024
1450198604457
1450198605956
1450198607480
1450198609038
1450198610530
1450198612078
1450198613936
1450198615469
1450198616993
1450198618775
1450198620292
1450198621824
1450198623232
1450198624765
1450198626297
1450198627730
1450198629171
1450198630679
1450198632111
1450198633594
1450198635118
1450198636634
1450198638109
1450198639625
1450198641116
1450198642573
1450198644098
1450198645630
1450198647172
1450198648746
1450198650253
1450198651786
1450198653369
1450198654868
1450198656284
1450198657750
1450198659166
1450198660599
1450198662057
1450198663614
1450198665122
1450198666663
1450198668313
1450198669870
1450198671336
1450198672877
1450198674359
1450198675884
1450198677408
1450198678941
1450198680499
1450198682023
1450198683565
1450198685055
1450198686512
1450198688037
1450198689602
1450198691135
1450198692668
1450198694217
1450198695750
1450198697249
1450198699115
1450198700581
1450198702064
1450198703513
1450198705071
1450198706578
1450198708044
1450198709460
1450198710976
1450198712426
1450198713967
1450198715491
1450198716932
1450198718516
1450198720014
1450198721555
1450198723063
1450198724629
1450198726170
1450198727661
1450198729235
1450198730759
1450198732309
1450198733858
1450198735357
1450198736915
1450198738457
1450198739955
1450198741413
1450198742871
1450198744387
1450198745870
1450198747311
1450198748760
1450198750317
1450198751850
1450198753375
1450198754808
1450198756373
1450198757889
1450198759414
1450198760896
1450198762412
1450198763820
1450198765286
1450198766794
1450198768235
1450198769743
1450198771291
1450198772716
1450198774283
1450198775798
1450198777330
1450198778888
1450198780430
1450198781978
1450198783494
1450198785010
1450198786893
1450198788409
1450198789892
1450198791349
1450198792874
1450198794356
1450198795897
1450198797397
1450198798846
1450198800279
1450198801728
1450198803236
1450198804768
1450198806243
1450198807742
1450198809300
1450198810808
1450198812340
1450198813806
1450198815248
1450198816780
1450198818356
1450198819837
1450198821269
1450198822703
1450198824143
1450198825584
1450198827083
1450198828525
1450198829965
1450198831440
1450198832948
1450198834489
1450198835922
1450198837329
1450198838753
1450198840228
1450198841644
1450198843060
1450198844609
1450198846075
1450198847575
1450198849124
1450198850657
1450198852190
1450198853638
1450198855171
1450198856695
1450198858220
1450198859677
1450198861085
1450198862543
1450198863984
1450198865508
1450198867057
1450198868548
1450198869990
1450198871414
1450198873213
1450198874704
1450198876145
1450198877561
1450198878994
1450198880452
1450198881959
1450198883467
1450198884950
1450198886466
1450198887940
1450198889381
1450198890913
1450198892463
1450198894337
1450198895928
1450198897494
1450198899069
1450198900642
1450198902159
1450198903716
1450198905132
1450198906574
1450198908107
1450198909638
1450198911038
1450198912479
1450198913936
1450198915444
1450198916918
1450198918443
1450198919967
1450198921408
1450198922933
1450198924424
1450198925898
1450198927339
1450198928780
1450198930205
1450198931637
1450198933078
1450198934544
1450198936027
