1450113837990
1450113840466
1450113841992
1450113843540
1450113845064
1450113846616
1450113848254
1450113849870
1450113851428
1450113852952
1450113854518
1450113856017
1450113857558
1450113859271
1450113860865
1450113862301
1450113863825
1450113865313
1450113866889
1450113868403
1450113869953
1450113871526
1450113873334
1450113874867
1450113876416
1450113878058
1450113879673
1450113881198
1450113882639
1450113884001
1450113885524
1450113886964
1450113888478
1450113890127
1450113891563
1450113892996
1450113894428
1450113895958
1450113897490
1450113899031
1450113900597
1450113902140
1450113903747
1450113905190
1450113906623
1450113908160
1450113909785
1450113911317
1450113912852
1450113914351
1450113915909
1450113917475
1450113918917
1450113920358
1450113921954
1450113923304
1450113924712
1450113926064
1450113927488
1450113928901
1450113930434
1450113931938
1450113933558
1450113935040
1450113936598
1450113938040
1450113939555
1450113941104
1450113942670
1450113944179
1450113945537
1450113947036
1450113948609
1450113950134
1450113951633
1450113953199
1450113954739
1450113956272
1450113957805
1450113959315
1450113960790
1450113962372
1450113963779
1450113965268
1450113966801
1450113968342
1450113969794
1450113971316
1450113972865
1450113974398
1450113975922
1450113977496
1450113978996
1450113980536
1450113982094
1450113983520
1450113985076
1450113986700
1450113988210
1450113989874
1450113991415
1450113994105
1450113995605
1450113997155
1450113998697
1450114000311
1450114001835
1450114003369
1450114005009
1450114006566
1450114008066
1450114009598
1450114011023
1450114012605
1450114014088
1450114015529
1450114017138
1450114018720
1450114020261
1450114021786
1450114023376
1450114024775
1450114026103
1450114027641
1450114028968
1450114030498
1450114032022
1450114033488
1450114034929
1450114036445
1450114038044
1450114039543
1450114041059
1450114042584
1450114044066
1450114045574
1450114047157
1450114048724
1450114050092
1450114051630
1450114053256
1450114054787
1450114056271
1450114057736
1450114059268
1450114060754
1450114062186
1450114063792
1450114065243
1450114066748
1450114068297
1450114069813
1450114071263
1450114072607
1450114074056
1450114075472
1450114076994
1450114078469
1450114079967
1450114081475
1450114083192
1450114084568
1450114086035
1450114087599
1450114088975
1450114090424
1450114091807
1450114093286
1450114094622
1450114096697
1450114098104
1450114099853
1450114101319
1450114102799
1450114104284
1450114105714
1450114107248
1450114108658
1450114110295
1450114111739
1450114113597
1450114115020
1450114116543
1450114118092
1450114119708
1450114121266
1450114122677
1450114124200
1450114125730
1450114127083
1450114128904
1450114130372
1450114131805
1450114133427
1450114134936
1450114136509
1450114138041
1450114139599
1450114141232
1450114142793
1450114144289
1450114145838
1450114147447
1450114148995
1450114150519
1450114151952
1450114153493
1450114155034
1450114156533
1450114158091
1450114159657
1450114161181
1450114162714
1450114164255
1450114165904
1450114167332
1450114168895
1450114170502
1450114171963
1450114173543
1450114175092
1450114176553
1450114178115
1450114179706
1450114181233
1450114182747
1450114184339
1450114185854
1450114187395
1450114188919
1450114190420
1450114192009
1450114193533
1450114195058
1450114196615
1450114198265
1450114199756
1450114201322
1450114202879
1450114204298
1450114205739
1450114207279
1450114208777
1450114210309
1450114211859
1450114213375
1450114214735
1450114216199
1450114217806
1450114219372
1450114220880
1450114222339
1450114223789
1450114225386
1450114226830
1450114228363
1450114229901
1450114231434
1450114232967
1450114234515
1450114235991
1450114237464
1450114238898
1450114240341
1450114241879
1450114243420
1450114245021
1450114246485
1450114247978
1450114249550
1450114250903
1450114252335
1450114253933
1450114255401
1450114256999
1450114258531
1450114260115
1450114261540
1450114263069
1450114264405
1450114265830
1450114267378
1450114268803
1450114270228
1450114271652
1450114273182
1450114274648
1450114276075
1450114277613
1450114279121
1450114280670
1450114282122
1450114283656
1450114285193
1450114286742
1450114288220
1450114289816
1450114291300
1450114292898
1450114294747
1450114296355
1450114298212
1450114299803
1450114301336
1450114302688
1450114304245
1450114305686
1450114307167
1450114308733
1450114310200
1450114311823
1450114313259
1450114314797
1450114316329
1450114317823
1450114319386
1450114320935
1450114322388
1450114323926
1450114325425
1450114326902
1450114328507
1450114330025
1450114331500
1450114333113
1450114334654
1450114336204
1450114337648
1450114339129
1450114340596
1450114342129
1450114343712
1450114345316
1450114346876
1450114348456
1450114350014
1450114351514
1450114353097
1450114354712
1450114356172
1450114357761
1450114359237
1450114360795
1450114362259
1450114363818
1450114365333
1450114366898
1450114368339
1450114369675
1450114371321
1450114372897
1450114374478
1450114376036
1450114377586
1450114379153
1450114380885
1450114382394
1450114383927
1450114385352
1450114386809
1450114388405
1450114390057
1450114391556
1450114393113
1450114394589
1450114396038
1450114397643
1450114399176
1450114400667
1450114402159
1450114403692
1450114405250
1450114406659
1450114408083
1450114409508
1450114410949
1450114412453
1450114413937
1450114415405
1450114416951
1450114418484
1450114419968
1450114421526
1450114423067
1450114424626
1450114426132
1450114427699
1450114429224
1450114430770
1450114432572
1450114434160
1450114435609
1450114437034
1450114438535
1450114440051
1450114441590
1450114443059
1450114444622
1450114446140
1450114447696
1450114449237
1450114450772
1450114452277
1450114453655
1450114455201
1450114456792
1450114458341
1450114459907
1450114461406
1450114462973
1450114464472
1450114466021
1450114467473
1450114469095
1450114470652
1450114472618
1450114474117
1450114475633
1450114477191
1450114478758
1450114480365
1450114481857
1450114483447
1450114485054
1450114486530
1450114488136
1450114489677
1450114491202
1450114492751
1450114494175
1450114495724
1450114497249
1450114498873
1450114500514
1450114502089
1450114503571
1450114505104
1450114506645
1450114508163
1450114509663
1450114511243
1450114512620
1450114514177
1450114515824
1450114517457
1450114518984
1450114520514
1450114521971
1450114523471
1450114525003
1450114526544
1450114528160
1450114529809
1450114531319
1450114532926
1450114534407
1450114535957
1450114537356
1450114538856
1450114540363
1450114541707
1450114543187
1450114544769
1450114546294
1450114547843
1450114549242
1450114550712
1450114552153
1450114553586
1450114555123
1450114556623
1450114558249
1450114559757
1450114561396
1450114562807
1450114564231
1450114565752
1450114567293
1450114568834
1450114570358
1450114571868
1450114573448
1450114574864
1450114576186
1450114577659
1450114579287
1450114580803
1450114582396
1450114583821
1450114585426
1450114586969
1450114588469
1450114589976
1450114591582
1450114593067
1450114594474
1450114596048
1450114597564
1450114599180
1450114600680
1450114602146
1450114603570
1450114605087
1450114606528
1450114608049
1450114609574
1450114611082
1450114612656
1450114614272
1450114615758
1450114617304
1450114618855
1450114620444
1450114621985
1450114623552
1450114624979
1450114626468
1450114628041
1450114629485
1450114631091
1450114632614
1450114634148
1450114635721
1450114637245
1450114638856
1450114640331
1450114641843
1450114643376
1450114644892
1450114646433
1450114648034
1450114649418
1450114651248
1450114652797
1450114654348
1450114655845
1450114657411
1450114658954
1450114660493
1450114662051
1450114663567
1450114665116
1450114666657
1450114668125
1450114669806
1450114671355
1450114672856
1450114674372
1450114675953
1450114677437
1450114679010
1450114680576
1450114682077
1450114683641
1450114685174
1450114686723
1450114688239
1450114689755
1450114691272
1450114692821
1450114694378
1450114695894
1450114697436
1450114698976
1450114700509
1450114702052
1450114703582
1450114705092
1450114706981
1450114708532
1450114710055
1450114711587
1450114713072
1450114714538
1450114716094
1450114717626
1450114719202
1450114720800
1450114722233
1450114723775
1450114725290
1450114726799
1450114728380
1450114729912
1450114731265
1450114732831
1450114734327
1450114735852
1450114737376
1450114738944
1450114740441
1450114741882
1450114743226
1450114744739
1450114746092
1450114747905
1450114749454
1450114750986
1450114752519
1450114754060
1450114755835
1450114757271
1450114758828
1450114760324
1450114761874
1450114763318
1450114764831
1450114766347
1450114767929
1450114769537
1450114771046
1450114772487
1450114773977
1450114775592
1450114777133
1450114778569
1450114780115
1450114781648
1450114783084
1450114784713
1450114786288
1450114787790
1450114789328
1450114790954
1450114792443
1450114793993
1450114795517
1450114797066
1450114798602
1450114800032
1450114801493
1450114803030
1450114804554
1450114806075
1450114807628
1450114809169
1450114810693
1450114812276
1450114813784
1450114815260
1450114816669
1450114818317
1450114819973
1450114821783
1450114823279
1450114824789
1450114826281
1450114827769
1450114829343
1450114830804
1450114832317
1450114833876
1450114835474
1450114837023
1450114838548
1450114840182
1450114841665
1450114843263
1450114844829
1450114846271
1450114847752
1450114849302
1450114850826
1450114852359
1450114854274
1450114855668
1450114857109
1450114858765
1450114860200
1450114861616
1450114863128
1450114864686
1450114866210
1450114867743
1450114869692
1450114871350
1450114872849
1450114874309
1450114875823
1450114877347
1450114878889
1450114880396
1450114881805
1450114883221
1450114884654
1450114886127
1450114887584
1450114889142
1450114890983
1450114892516
1450114893993
1450114895491
1450114896957
1450114898556
1450114900196
1450114901737
1450114903269
1450114904844
1450114906434
1450114908009
1450114909493
1450114911066
1450114912510
1450114913951
1450114915455
1450114917216
1450114919074
1450114920578
1450114922111
1450114923635
1450114925159
1450114926617
1450114928066
1450114929503
1450114930952
1450114932448
1450114933900
1450114935341
1450114936862
1450114938422
1450114939969
1450114941452
1450114943027
1450114944568
1450114946042
1450114947608
1450114949157
1450114950606
1450114952122
1450114953647
1450114955463
1450114957029
1450114958580
1450114960219
1450114961753
1450114963251
1450114964628
1450114966125
1450114967982
1450114969343
1450114970932
1450114972488
1450114974088
1450114975587
1450114977103
1450114978970
1450114980388
1450114981918
1450114983451
1450114984895
1450114986416
1450114987957
1450114989526
1450114991330
1450114992871
1450114994232
1450114995845
1450114997377
1450114999035
1450115000468
1450115002009
1450115003541
1450115005269
1450115006798
1450115008331
1450115009880
1450115011413
1450115012937
1450115014536
1450115016144
1450115017654
1450115019219
1450115020809
1450115022366
1450115023907
1450115025473
1450115026981
1450115028417
1450115029833
1450115031307
1450115032699
1450115034148
1450115035636
1450115037185
1450115038752
1450115040267
1450115041651
1450115043377
1450115045015
1450115046467
1450115047900
1450115049396
1450115050937
1450115052430
1450115053962
1450115055560
1450115056987
1450115058660
1450115060250
1450115061791
1450115063315
1450115064808
1450115066414
1450115067938
1450115069390
1450115070915
1450115072339
1450115073903
1450115075336
1450115076787
1450115078668
1450115080194
1450115081740
1450115083140
1450115084605
1450115085950
1450115087471
1450115088920
1450115090264
1450115091698
1450115093227
1450115094546
1450115095996
1450115097509
1450115098894
1450115100402
1450115102016
1450115103455
1450115104925
1450115106429
1450115107978
1450115109611
1450115111004
1450115112685
1450115114194
1450115115718
1450115117283
1450115118767
1450115120356
1450115121881
1450115123338
1450115124871
1450115126396
1450115127903
1450115129478
1450115130894
1450115132443
1450115133994
1450115135492
1450115137024
1450115138566
1450115140118
1450115141657
1450115143196
1450115144549
1450115146463
1450115148027
1450115149512
1450115150976
1450115152517
1450115154050
1450115155474
1450115157040
1450115158531
1450115160000
1450115161821
1450115163354
1450115164887
1450115166336
1450115167869
1450115169343
1450115170737
1450115172250
1450115173816
1450115175252
1450115176782
1450115178306
1450115179855
1450115181388
1450115183437
1450115184978
1450115186528
1450115188185
1450115189759
1450115191325
1450115193207
1450115194740
1450115196164
1450115197641
1450115199274
1450115200766
1450115202272
1450115203631
1450115205170
1450115206628
1450115208078
1450115209625
1450115210994
1450115212427
1450115213868
1450115215364
1450115216930
1450115218398
1450115219987
1450115221428
1450115222864
1450115224338
1450115225846
1450115227287
1450115228784
1450115230251
1450115231749
1450115233182
1450115234543
1450115235984
1450115237416
1450115238850
1450115240462
1450115241971
1450115243529
1450115245061
1450115246628
1450115248135
1450115249767
1450115251382
1450115252806
1450115254307
1450115255871
1450115257337
1450115258787
1450115260244
1450115261785
1450115263293
1450115264852
1450115266375
1450115267816
1450115269257
1450115270806
1450115272292
1450115273772
1450115275288
1450115276796
1450115278353
1450115279869
1450115281364
1450115282860
1450115284469
1450115286075
1450115287683
1450115289232
1450115290773
1450115292289
1450115293972
1450115295488
1450115297029
1450115298636
1450115300060
1450115301593
1450115303127
1450115304683
1450115306216
1450115307773
1450115309323
1450115310805
1450115312355
1450115313871
1450115315362
1450115316878
1450115318377
1450115319962
1450115321459
1450115322984
1450115324551
1450115326115
1450115327616
1450115329190
1450115330847
1450115332488
1450115334021
1450115335636
1450115337277
1450115338818
1450115340434
1450115342001
1450115343483
1450115345058
1450115346565
1450115348089
1450115349547
1450115350971
1450115352332
1450115353938
1450115355380
1450115357002
1450115358528
1450115360076
1450115361699
1450115363632
1450115365206
1450115366731
1450115368313
