Start event experiment ping: 00:43:07
End event experiment ping: 15:43:06
Start time: 15:44:06
Início experimento: 1448127846180
Início experimento: 2015-11-21 15:44:06.214
Opened database successfully
Interface successfully added: Wired Interface
Fim experimento: 1448129310363
Fim experimento: 2015-11-21 16:08:30.363
Nov 21, 2015 4:08:30 PM urbosenti.core.communication.ReconnectionService run
GRAVE: null
java.lang.InterruptedException
	at java.lang.Object.wait(Native Method)
	at java.lang.Object.wait(Object.java:503)
	at urbosenti.core.communication.ReconnectionService.run(ReconnectionService.java:108)
	at java.lang.Thread.run(Thread.java:745)

Início experimento: 1448129400557
Início experimento: 2015-11-21 16:10:00.591
Opened database successfully
Interface successfully added: Wired Interface
Fim experimento: 1448130865484
Fim experimento: 2015-11-21 16:34:25.485
Nov 21, 2015 4:34:25 PM urbosenti.core.communication.UploadService run
GRAVE: null
java.lang.InterruptedException
	at java.lang.Object.wait(Native Method)
	at java.lang.Object.wait(Object.java:503)
	at urbosenti.core.communication.UploadService.getReport(UploadService.java:265)
	at urbosenti.core.communication.UploadService.getReportByMobileDataPolicyCriteria(UploadService.java:301)
	at urbosenti.core.communication.CommunicationManager.uploadServiceFunction(CommunicationManager.java:1972)
	at urbosenti.core.communication.UploadService.run(UploadService.java:111)
	at java.lang.Thread.run(Thread.java:745)

Início experimento: 1448130955817
Início experimento: 2015-11-21 16:35:55.851
Opened database successfully
Interface successfully added: Wired Interface
Fim experimento: 1448132423719
Fim experimento: 2015-11-21 17:00:23.719
Início experimento: 1448132514059
Início experimento: 2015-11-21 17:01:54.92
Opened database successfully
Interface successfully added: Wired Interface
Fim experimento: 1448133982997
Fim experimento: 2015-11-21 17:26:22.999
Nov 21, 2015 5:26:22 PM urbosenti.core.communication.UploadService run
GRAVE: null
java.lang.InterruptedException
	at java.lang.Object.wait(Native Method)
	at java.lang.Object.wait(Object.java:503)
	at urbosenti.core.communication.UploadService.getReport(UploadService.java:265)
	at urbosenti.core.communication.UploadService.getReportByMobileDataPolicyCriteria(UploadService.java:301)
	at urbosenti.core.communication.CommunicationManager.uploadServiceFunction(CommunicationManager.java:1972)
	at urbosenti.core.communication.UploadService.run(UploadService.java:111)
	at java.lang.Thread.run(Thread.java:745)

Início experimento: 1448134073200
Início experimento: 2015-11-21 17:27:53.233
Opened database successfully
Interface successfully added: Wired Interface
Fim experimento: 1448135542556
Fim experimento: 2015-11-21 17:52:22.558
Nov 21, 2015 5:52:22 PM urbosenti.core.communication.ReconnectionService run
GRAVE: null
java.lang.InterruptedException
	at java.lang.Object.wait(Native Method)
	at java.lang.Object.wait(Object.java:503)
	at urbosenti.core.communication.ReconnectionService.run(ReconnectionService.java:108)
	at java.lang.Thread.run(Thread.java:745)

Nov 21, 2015 5:52:22 PM urbosenti.core.communication.UploadService run
GRAVE: null
java.lang.InterruptedException
	at java.lang.Object.wait(Native Method)
	at java.lang.Object.wait(Object.java:503)
	at urbosenti.core.communication.UploadService.getReport(UploadService.java:265)
	at urbosenti.core.communication.UploadService.getReportByMobileDataPolicyCriteria(UploadService.java:301)
	at urbosenti.core.communication.CommunicationManager.uploadServiceFunction(CommunicationManager.java:1972)
	at urbosenti.core.communication.UploadService.run(UploadService.java:111)
	at java.lang.Thread.run(Thread.java:745)

Início experimento: 1448135632793
Início experimento: 2015-11-21 17:53:52.826
Opened database successfully
Interface successfully added: Wired Interface
Fim experimento: 1448137099983
Fim experimento: 2015-11-21 18:18:19.984
Nov 21, 2015 6:18:19 PM urbosenti.core.communication.UploadService run
GRAVE: null
java.lang.InterruptedException
	at java.lang.Object.wait(Native Method)
	at java.lang.Object.wait(Object.java:503)
	at urbosenti.core.communication.UploadService.getReport(UploadService.java:265)
	at urbosenti.core.communication.UploadService.getReportByMobileDataPolicyCriteria(UploadService.java:301)
	at urbosenti.core.communication.CommunicationManager.uploadServiceFunction(CommunicationManager.java:1972)
	at urbosenti.core.communication.UploadService.run(UploadService.java:111)
	at java.lang.Thread.run(Thread.java:745)

Início experimento: 1448137190311
Início experimento: 2015-11-21 18:19:50.345
Opened database successfully
Interface successfully added: Wired Interface
Fim experimento: 1448138653744
Fim experimento: 2015-11-21 18:44:13.744
Nov 21, 2015 6:44:13 PM urbosenti.core.communication.ReconnectionService run
GRAVE: null
java.lang.InterruptedException
	at java.lang.Object.wait(Native Method)
	at java.lang.Object.wait(Object.java:503)
	at urbosenti.core.communication.ReconnectionService.run(ReconnectionService.java:108)
	at java.lang.Thread.run(Thread.java:745)

Nov 21, 2015 6:44:13 PM urbosenti.core.communication.UploadService run
GRAVE: null
java.lang.InterruptedException
	at java.lang.Object.wait(Native Method)
	at java.lang.Object.wait(Object.java:503)
	at urbosenti.core.communication.UploadService.getReport(UploadService.java:265)
	at urbosenti.core.communication.UploadService.getReportByMobileDataPolicyCriteria(UploadService.java:301)
	at urbosenti.core.communication.CommunicationManager.uploadServiceFunction(CommunicationManager.java:1972)
	at urbosenti.core.communication.UploadService.run(UploadService.java:111)
	at java.lang.Thread.run(Thread.java:745)

Início experimento: 1448138743926
Início experimento: 2015-11-21 18:45:43.960
Opened database successfully
Interface successfully added: Wired Interface
Fim experimento: 1448140209058
Fim experimento: 2015-11-21 19:10:09.58
Nov 21, 2015 7:10:09 PM urbosenti.core.communication.ReconnectionService run
GRAVE: null
java.lang.InterruptedException
	at java.lang.Object.wait(Native Method)
	at java.lang.Object.wait(Object.java:503)
	at urbosenti.core.communication.ReconnectionService.run(ReconnectionService.java:108)
	at java.lang.Thread.run(Thread.java:745)

Início experimento: 1448140299252
Início experimento: 2015-11-21 19:11:39.286
Opened database successfully
Interface successfully added: Wired Interface
Fim experimento: 1448141764070
Fim experimento: 2015-11-21 19:36:04.70
Início experimento: 1448141854321
Início experimento: 2015-11-21 19:37:34.355
Opened database successfully
Interface successfully added: Wired Interface
Fim experimento: 1448143324584
Fim experimento: 2015-11-21 20:02:04.585
Nov 21, 2015 8:02:04 PM urbosenti.core.communication.UploadService run
GRAVE: null
java.lang.InterruptedException
	at java.lang.Object.wait(Native Method)
	at java.lang.Object.wait(Object.java:503)
	at urbosenti.core.communication.UploadService.getReport(UploadService.java:265)
	at urbosenti.core.communication.UploadService.getReportByMobileDataPolicyCriteria(UploadService.java:301)
	at urbosenti.core.communication.CommunicationManager.uploadServiceFunction(CommunicationManager.java:1972)
	at urbosenti.core.communication.UploadService.run(UploadService.java:111)
	at java.lang.Thread.run(Thread.java:745)

Nov 21, 2015 8:02:04 PM urbosenti.core.communication.ReconnectionService run
GRAVE: null
java.lang.InterruptedException
	at java.lang.Object.wait(Native Method)
	at java.lang.Object.wait(Object.java:503)
	at urbosenti.core.communication.ReconnectionService.run(ReconnectionService.java:108)
	at java.lang.Thread.run(Thread.java:745)

End time: 20:02:04
