1448131005352
1448131008301
1448131009716
1448131011141
1448131012532
1448131013949
1448131015317
1448131016705
1448131018080
1448131019545
1448131020954
1448131022377
1448131023735
1448131025134
1448131026680
1448131028125
1448131029549
1448131030974
1448131032365
1448131033832
1448131035205
1448131036605
1448131038005
1448131039453
1448131040853
1448131042253
1448131043635
1448131045051
1448131046442
1448131047876
1448131049452
1448131050882
1448131052323
1448131053728
1448131055147
1448131056565
1448131057951
1448131059371
1448131060772
1448131062143
1448131063526
1448131064895
1448131066272
1448131067700
1448131069082
1448131070465
1448131071872
1448131073405
1448131074854
1448131076228
1448131077622
1448131079119
1448131080510
1448131081885
1448131083229
1448131084733
1448131086099
1448131087498
1448131088881
1448131090298
1448131091688
1448131093088
1448131094498
1448131095862
1448131097269
1448131098652
1448131100009
1448131101375
1448131102775
1448131104174
1448131105610
1448131107031
1448131108508
1448131109914
1448131111305
1448131112663
1448131114071
1448131115445
1448131116773
1448131118209
1448131119603
1448131121069
1448131122450
1448131123791
1448131125149
1448131126548
1448131127939
1448131129363
1448131130748
1448131132112
1448131133529
1448131134969
1448131136427
1448131137809
1448131139592
1448131141017
1448131142399
1448131143815
1448131145275
1448131146686
1448131148130
1448131149612
1448131151014
1448131152412
1448131153835
1448131155221
1448131156598
1448131158026
1448131159442
1448131160832
1448131162207
1448131163639
1448131165047
1448131166430
1448131167829
1448131169200
1448131170677
1448131172061
1448131173418
1448131174802
1448131176160
1448131177542
1448131178933
1448131180315
1448131181690
1448131183048
1448131184489
1448131185896
1448131187296
1448131188673
1448131190083
1448131191535
1448131192893
1448131194278
1448131195642
1448131197016
1448131198409
1448131199832
1448131201214
1448131202583
1448131204037
1448131205405
1448131206779
1448131208128
1448131209472
1448131210849
1448131212301
1448131213670
1448131215092
1448131216466
1448131217803
1448131219270
1448131220714
1448131222083
1448131223422
1448131224804
1448131226148
1448131227479
1448131228853
1448131230282
1448131231701
1448131233028
1448131234408
1448131235841
1448131237184
1448131238663
1448131240097
1448131241489
1448131242888
1448131244288
1448131245678
1448131247078
1448131248460
1448131249878
1448131251284
1448131252667
1448131254151
1448131255540
1448131256884
1448131258247
1448131259572
1448131260924
1448131262276
1448131263679
1448131265078
1448131266444
1448131267793
1448131269170
1448131270547
1448131272415
1448131273891
1448131275211
1448131276657
1448131278030
1448131279439
1448131280788
1448131282204
1448131283578
1448131284955
1448131286368
1448131287768
1448131289194
1448131290600
1448131291958
1448131293324
1448131294718
1448131296122
1448131297572
1448131299021
1448131300454
1448131301854
1448131303253
1448131304630
1448131306018
1448131307362
1448131308725
1448131310066
1448131311441
1448131312815
1448131314224
1448131315590
1448131316947
1448131318313
1448131319721
1448131321045
1448131322420
1448131323820
1448131325234
1448131326667
1448131328119
1448131329657
1448131331091
1448131332490
1448131333939
1448131335363
1448131336771
1448131338165
1448131339558
1448131341052
1448131342469
1448131343868
1448131345284
1448131346694
1448131348096
1448131349566
1448131350956
1448131352367
1448131353822
1448131355246
1448131356672
1448131358082
1448131359508
1448131360936
1448131362335
1448131363752
1448131365185
1448131366584
1448131367999
1448131369485
1448131370881
1448131372280
1448131373713
1448131375205
1448131376623
1448131378051
1448131379428
1448131380818
1448131382184
1448131383542
1448131384969
1448131386355
1448131387783
1448131389282
1448131390668
1448131392080
1448131393463
1448131394882
1448131396275
1448131397719
1448131399102
1448131400487
1448131401851
1448131403234
1448131404595
1448131406073
1448131407548
1448131409000
1448131410472
1448131411913
1448131413320
1448131414699
1448131416202
1448131417661
1448131419498
1448131421009
1448131422425
1448131423802
1448131425187
1448131426581
1448131428031
1448131429430
1448131430847
1448131432237
1448131433648
1448131435024
1448131436444
1448131438121
1448131439582
1448131440975
1448131442399
1448131443725
1448131445453
1448131446913
1448131448606
1448131450079
1448131451473
1448131452804
1448131454195
1448131455531
1448131456951
1448131458320
1448131459651
1448131461025
1448131462415
1448131463759
1448131465131
1448131466491
1448131467897
1448131469271
1448131470712
1448131472055
1448131473460
1448131474902
1448131476284
1448131477692
1448131479084
1448131480449
1448131481857
1448131483257
1448131484631
1448131486047
1448131487421
1448131488795
1448131490154
1448131491578
1448131492985
1448131494461
1448131495845
1448131497225
1448131498619
1448131500090
1448131501473
1448131502881
1448131504248
1448131505630
1448131507037
1448131508404
1448131509732
1448131511201
1448131512627
1448131513995
1448131515384
1448131516794
1448131518174
1448131519543
1448131520939
1448131522373
1448131523739
1448131525075
1448131526504
1448131527915
1448131529418
1448131530818
1448131532227
1448131533651
1448131535097
1448131536492
1448131537887
1448131539291
1448131540681
1448131542058
1448131543443
1448131544862
1448131546240
1448131547676
1448131549052
1448131550396
1448131551748
1448131553159
1448131554642
1448131556052
1448131557445
1448131558931
1448131560330
1448131561756
1448131563162
1448131564565
1448131566008
1448131567436
1448131568821
1448131570369
1448131571778
1448131573226
1448131574567
1448131575948
1448131577309
1448131578703
1448131580188
1448131581555
1448131582900
1448131584271
1448131585607
1448131587052
1448131588437
1448131589891
1448131591333
1448131592702
1448131594085
1448131595449
1448131596818
1448131598231
1448131599647
1448131601030
1448131602425
1448131603820
1448131605294
1448131606685
1448131608068
1448131609459
1448131610825
1448131612199
1448131613582
1448131614973
1448131616317
1448131618055
1448131619425
1448131620854
1448131622223
1448131623594
1448131624971
1448131626385
1448131627746
1448131629160
1448131630545
1448131632040
1448131633407
1448131634793
1448131636272
1448131637683
1448131639101
1448131640645
1448131642022
1448131643465
1448131644967
1448131646417
1448131647792
1448131649134
1448131650615
1448131652026
1448131653428
1448131654939
1448131656363
1448131657731
1448131659087
1448131660528
1448131661897
1448131663298
1448131664742
1448131666154
1448131667563
1448131669007
1448131670424
1448131671806
1448131673200
1448131674804
1448131676214
1448131677653
1448131679047
1448131680470
1448131681911
1448131683247
1448131684767
1448131686186
1448131687574
1448131688990
1448131690365
1448131691726
1448131693205
1448131694598
1448131695954
1448131697308
1448131698728
1448131700135
1448131701529
1448131702939
1448131704433
1448131705809
1448131707183
1448131708849
1448131710278
1448131711712
1448131713146
1448131714573
1448131716044
1448131717445
1448131718835
1448131720319
1448131721735
1448131723129
1448131724567
1448131725970
1448131727431
1448131728757
1448131730101
1448131731579
1448131732996
1448131734404
1448131735811
1448131737195
1448131738635
1448131740068
1448131741437
1448131742841
1448131744216
1448131745649
1448131747073
1448131748515
1448131749967
1448131751446
1448131752829
1448131754211
1448131755636
1448131757027
1448131758421
1448131759827
1448131761251
1448131762562
1448131763974
1448131765327
1448131766715
1448131768072
1448131769391
1448131770771
1448131772096
1448131773520
1448131774865
1448131776293
1448131777637
1448131779017
1448131780400
1448131781749
1448131783142
1448131784510
1448131785897
1448131787297
1448131788974
1448131790379
1448131791787
1448131793164
1448131794653
1448131796047
1448131797492
1448131798901
1448131800327
1448131801740
1448131803098
1448131804434
1448131805929
1448131807305
1448131808665
1448131810103
1448131811478
1448131812846
1448131814244
1448131815634
1448131817050
1448131818475
1448131819899
1448131821276
1448131822628
1448131824089
1448131825474
1448131826851
1448131828229
1448131829604
1448131831028
1448131832406
1448131833860
1448131835238
1448131836740
1448131838158
1448131839731
1448131841149
1448131842501
1448131843847
1448131845240
1448131846681
1448131848113
1448131849505
1448131850891
1448131852336
1448131853751
1448131855184
1448131856544
1448131857932
1448131859309
1448131860838
1448131862240
1448131863634
1448131865120
1448131866512
1448131867928
1448131869302
1448131870777
1448131872168
1448131873517
1448131874909
1448131876335
1448131877720
1448131879173
1448131880583
1448131881988
1448131883337
1448131884737
1448131886111
1448131887480
1448131888893
1448131890269
1448131891659
1448131893116
1448131894541
1448131895940
1448131897332
1448131898723
1448131900123
1448131901538
1448131902913
1448131904271
1448131905648
1448131907044
1448131908426
1448131909826
1448131911209
1448131912550
1448131913983
1448131915445
1448131916940
1448131918343
1448131919830
1448131921196
1448131922578
1448131923969
1448131925422
1448131926827
1448131928168
1448131929559
1448131930950
1448131932299
1448131933690
1448131935073
1448131936431
1448131937813
1448131939196
1448131940595
1448131942011
1448131943420
1448131944794
1448131946193
1448131947592
1448131949019
1448131950540
1448131952016
1448131953419
1448131954964
1448131956374
1448131957768
1448131959196
1448131960941
1448131962461
1448131963861
1448131965197
1448131966609
1448131968017
1448131969408
1448131970815
1448131972223
1448131973640
1448131975064
1448131976497
1448131977879
1448131979278
1448131980719
1448131982119
1448131983488
1448131984919
1448131986300
1448131987628
1448131989066
1448131990477
1448131991865
1448131993272
1448131994663
1448131996030
1448131997416
1448131998869
1448132000295
1448132001623
1448132003059
1448132004460
1448132006137
1448132007590
1448132008993
1448132010472
1448132011906
1448132013266
1448132014715
1448132016070
1448132017470
1448132018877
1448132020389
1448132021769
1448132023135
1448132024492
1448132025842
1448132027191
1448132028572
1448132030072
1448132031464
1448132032830
1448132034221
1448132035629
1448132036980
1448132038382
1448132039795
1448132041234
1448132042609
1448132043975
1448132045357
1448132046715
1448132048123
1448132049514
1448132050930
1448132052354
1448132053787
1448132055178
1448132056536
1448132057935
1448132059368
1448132060795
1448132062181
1448132063609
1448132065040
1448132066431
1448132067823
1448132069205
1448132070599
1448132071996
1448132073403
1448132074833
1448132076278
1448132077685
1448132079084
1448132080495
1448132081846
1448132083315
1448132085166
1448132086532
1448132087864
1448132089214
1448132090604
1448132091962
1448132093336
1448132094777
1448132096252
1448132097659
1448132099050
1448132100486
1448132101913
1448132103332
1448132104740
1448132106147
1448132107583
1448132108993
1448132110480
1448132111904
1448132113330
1448132114699
1448132116135
1448132117542
1448132118942
1448132120317
1448132121695
1448132123198
1448132124542
1448132125881
1448132127580
1448132128982
1448132130470
1448132131853
1448132133236
1448132134694
1448132136126
1448132137519
1448132138921
1448132140490
1448132141885
1448132143286
1448132144730
1448132146124
1448132147521
1448132148945
1448132150353
1448132151744
1448132153454
1448132154872
1448132156326
1448132157727
1448132159154
1448132160641
1448132162022
1448132163400
1448132164796
1448132166229
1448132167612
1448132169011
1448132170427
1448132171819
1448132173221
1448132174600
1448132176003
1448132177483
1448132178875
1448132180269
1448132181721
1448132183088
1448132184479
1448132185898
1448132187267
1448132188736
1448132190145
1448132191576
1448132192959
1448132194359
1448132195741
1448132197099
1448132198456
1448132199800
1448132201248
1448132202638
1448132204071
1448132205446
1448132206853
1448132208259
1448132209668
1448132211070
1448132212484
1448132213869
1448132215282
1448132216715
1448132218131
1448132219597
1448132221005
1448132222446
1448132223929
1448132225404
1448132226919
1448132228393
1448132229834
1448132231279
1448132232741
1448132234132
1448132235540
1448132236931
1448132238289
1448132239613
1448132240979
1448132242329
1448132243745
1448132245111
1448132246468
1448132247843
1448132249210
1448132250593
1448132251942
1448132253349
1448132254748
1448132256125
1448132257527
1448132259020
1448132260558
1448132262069
1448132263462
1448132264835
1448132266204
1448132267626
1448132269070
1448132270522
1448132271990
1448132273391
1448132274864
1448132276208
1448132277588
1448132278940
1448132280317
1448132281720
1448132283102
1448132284504
1448132286189
1448132287626
1448132289020
1448132290500
1448132291865
1448132293292
1448132294714
1448132296130
1448132297504
1448132298873
1448132300267
1448132301753
1448132303171
1448132304922
1448132306334
1448132307741
1448132309107
1448132310541
1448132311894
1448132313347
1448132314731
1448132316146
1448132317538
1448132318912
1448132320274
1448132321810
1448132323195
1448132324559
1448132325942
1448132327300
1448132328707
1448132330174
1448132331610
1448132333031
1448132334476
1448132336013
1448132337437
1448132339114
1448132340519
1448132341918
1448132343295
1448132344722
1448132346249
1448132347666
1448132349048
1448132350425
1448132351847
1448132353246
1448132354696
1448132356087
1448132357453
1448132358845
1448132360289
1448132361734
1448132363193
1448132364600
1448132365982
1448132367391
1448132368781
1448132370232
1448132371689
1448132373112
1448132374513
1448132375946
1448132377378
1448132378777
1448132380193
1448132381684
1448132383028
1448132384416
1448132385810
1448132387215
1448132388615
1448132390031
1448132391409
1448132392830
1448132394296
1448132395744
1448132397177
1448132398593
1448132400026
1448132401438
1448132402957
1448132404358
1448132405765
1448132407222
1448132408622
1448132410055
1448132411476
1448132412887
1448132414307
1448132415801
1448132417226
1448132418717
