1448129449746
1448129452797
1448129454191
1448129455579
1448129456971
1448129458352
1448129459762
1448129461184
1448129462567
1448129464018
1448129465419
1448129466882
1448129468243
1448129469628
1448129471329
1448129472730
1448129474157
1448129475545
1448129476997
1448129478391
1448129479834
1448129481268
1448129482668
1448129484070
1448129485471
1448129486891
1448129488327
1448129489763
1448129491097
1448129492496
1448129493900
1448129495411
1448129497214
1448129498602
1448129499968
1448129501309
1448129502666
1448129504066
1448129505423
1448129506781
1448129508172
1448129509572
1448129510966
1448129512392
1448129513837
1448129515245
1448129516628
1448129518026
1448129519401
1448129520751
1448129522157
1448129523534
1448129524912
1448129526424
1448129527847
1448129529238
1448129530571
1448129531954
1448129533303
1448129534671
1448129536027
1448129537426
1448129538813
1448129540274
1448129541732
1448129543131
1448129544497
1448129545905
1448129547280
1448129548705
1448129550090
1448129551503
1448129552926
1448129554286
1448129555655
1448129557125
1448129558525
1448129559916
1448129561375
1448129562748
1448129564130
1448129565513
1448129566896
1448129568279
1448129569645
1448129571044
1448129572478
1448129573851
1448129575209
1448129576575
1448129577983
1448129579365
1448129580808
1448129582217
1448129583614
1448129585021
1448129586490
1448129587886
1448129589319
1448129590694
1448129592128
1448129593506
1448129594917
1448129596291
1448129597643
1448129599040
1448129600473
1448129601833
1448129603221
1448129604571
1448129605928
1448129607295
1448129608686
1448129610077
1448129611477
1448129612901
1448129614341
1448129615724
1448129617132
1448129618540
1448129619981
1448129621397
1448129622804
1448129624195
1448129625586
1448129627040
1448129628544
1448129629926
1448129631334
1448129632711
1448129634091
1448129635440
1448129636809
1448129638161
1448129639563
1448129640964
1448129642362
1448129643695
1448129645036
1448129646406
1448129647852
1448129649184
1448129650534
1448129651866
1448129653258
1448129654624
1448129656015
1448129657400
1448129658802
1448129660220
1448129661646
1448129663078
1448129664436
1448129665794
1448129667194
1448129668586
1448129669963
1448129671416
1448129672824
1448129674231
1448129675623
1448129677023
1448129678364
1448129679729
1448129681106
1448129682495
1448129683921
1448129685290
1448129686709
1448129688101
1448129689483
1448129690849
1448129692240
1448129693699
1448129695127
1448129696649
1448129698035
1448129699454
1448129700803
1448129702169
1448129703502
1448129704860
1448129706244
1448129707682
1448129709083
1448129710465
1448129711840
1448129713232
1448129714573
1448129715955
1448129717662
1448129719046
1448129720420
1448129721811
1448129723198
1448129724643
1448129726075
1448129727452
1448129728906
1448129730307
1448129731698
1448129733494
1448129734921
1448129736433
1448129737894
1448129739244
1448129740660
1448129742112
1448129743531
1448129744976
1448129746386
1448129747867
1448129749232
1448129750589
1448129751947
1448129753338
1448129754724
1448129756117
1448129757529
1448129758977
1448129760377
1448129761779
1448129763142
1448129764533
1448129765941
1448129767308
1448129768694
1448129770163
1448129771573
1448129772959
1448129774428
1448129775854
1448129777273
1448129778726
1448129780168
1448129781596
1448129782989
1448129784441
1448129785840
1448129787251
1448129788705
1448129790122
1448129791500
1448129792930
1448129794312
1448129795703
1448129797136
1448129798535
1448129799942
1448129801375
1448129802791
1448129804209
1448129805652
1448129807106
1448129808508
1448129809986
1448129811363
1448129812733
1448129814169
1448129815561
1448129816988
1448129818339
1448129819734
1448129821141
1448129822582
1448129823990
1448129825348
1448129826739
1448129828204
1448129829589
1448129830987
1448129832364
1448129833786
1448129835155
1448129836510
1448129837867
1448129839300
1448129840691
1448129842091
1448129843459
1448129844823
1448129846239
1448129847680
1448129849137
1448129850545
1448129852119
1448129853485
1448129854869
1448129856227
1448129857626
1448129858959
1448129860317
1448129861666
1448129863031
1448129864431
1448129865830
1448129867238
1448129868604
1448129870020
1448129871403
1448129872777
1448129874160
1448129875559
1448129876967
1448129878349
1448129879740
1448129881152
1448129882747
1448129884122
1448129885530
1448129886930
1448129888363
1448129889744
1448129891095
1448129892414
1448129893827
1448129895168
1448129896929
1448129898300
1448129899624
1448129901031
1448129902417
1448129903796
1448129905188
1448129906579
1448129907970
1448129909353
1448129910735
1448129912094
1448129913532
1448129914917
1448129916292
1448129917757
1448129919199
1448129920631
1448129922014
1448129923380
1448129924821
1448129926262
1448129927648
1448129929040
1448129930501
1448129931845
1448129933260
1448129934661
1448129936366
1448129937756
1448129939134
1448129940564
1448129941946
1448129943312
1448129944678
1448129946024
1448129947486
1448129948814
1448129950233
1448129951568
1448129952983
1448129954357
1448129955718
1448129957145
1448129958581
1448129959991
1448129961368
1448129962837
1448129964245
1448129965612
1448129966994
1448129968385
1448129969801
1448129971233
1448129972653
1448129974046
1448129975482
1448129976948
1448129978339
1448129979738
1448129981129
1448129982503
1448129983853
1448129985252
1448129986660
1448129988068
1448129989475
1448129990826
1448129992266
1448129993648
1448129995056
1448129996482
1448129997971
1448129999397
1448130000804
1448130002231
1448130003627
1448130005043
1448130006485
1448130007917
1448130009326
1448130010741
1448130012091
1448130013544
1448130014996
1448130016347
1448130017738
1448130019173
1448130020961
1448130022355
1448130023743
1448130025168
1448130026592
1448130027967
1448130029375
1448130030736
1448130032157
1448130033581
1448130034934
1448130036412
1448130037838
1448130039221
1448130040628
1448130042070
1448130043444
1448130044835
1448130046259
1448130047608
1448130049075
1448130050493
1448130051903
1448130053405
1448130054755
1448130056137
1448130057503
1448130058864
1448130060290
1448130061719
1448130063087
1448130064764
1448130066266
1448130067674
1448130069051
1448130070439
1448130071866
1448130073317
1448130074729
1448130076115
1448130077599
1448130078994
1448130080419
1448130081755
1448130083192
1448130084600
1448130085991
1448130087382
1448130088815
1448130090202
1448130091656
1448130093080
1448130094446
1448130095787
1448130097137
1448130098535
1448130099943
1448130101284
1448130102625
1448130104091
1448130105491
1448130106860
1448130108223
1448130109617
1448130111070
1448130112522
1448130113903
1448130115295
1448130116736
1448130118152
1448130119509
1448130120853
1448130122290
1448130123699
1448130125083
1448130126449
1448130127906
1448130129281
1448130130679
1448130132087
1448130133504
1448130134869
1448130136211
1448130137618
1448130139059
1448130140443
1448130141809
1448130143178
1448130144566
1448130145948
1448130147414
1448130148848
1448130150180
1448130151483
1448130152945
1448130154344
1448130155760
1448130157193
1448130158545
1448130159914
1448130161349
1448130162840
1448130164207
1448130165640
1448130167009
1448130168414
1448130169805
1448130171199
1448130172629
1448130174006
1448130175435
1448130176805
1448130178750
1448130180199
1448130181599
1448130182976
1448130184369
1448130185847
1448130187296
1448130188687
1448130190111
1448130191569
1448130193043
1448130194460
1448130195851
1448130197267
1448130198633
1448130200027
1448130201440
1448130202815
1448130204214
1448130205605
1448130206987
1448130208373
1448130209779
1448130211173
1448130212662
1448130214045
1448130215450
1448130216858
1448130218318
1448130219678
1448130221122
1448130222564
1448130224021
1448130225396
1448130226779
1448130228211
1448130229602
1448130231044
1448130232498
1448130233926
1448130235320
1448130236729
1448130238133
1448130239519
1448130240964
1448130242405
1448130243771
1448130245129
1448130246523
1448130248018
1448130249419
1448130250779
1448130252148
1448130253617
1448130255008
1448130256407
1448130257793
1448130259186
1448130260614
1448130262038
1448130263421
1448130264795
1448130266195
1448130267619
1448130269344
1448130270697
1448130272151
1448130273572
1448130275016
1448130276357
1448130277739
1448130279100
1448130280480
1448130281875
1448130283296
1448130284682
1448130286091
1448130287553
1448130288906
1448130290342
1448130291744
1448130293247
1448130294607
1448130296006
1448130297422
1448130298797
1448130300230
1448130301587
1448130303062
1448130304423
1448130305878
1448130307297
1448130309116
1448130310519
1448130311950
1448130313327
1448130314706
1448130316097
1448130317505
1448130318879
1448130320270
1448130321637
1448130323036
1448130324394
1448130325735
1448130327092
1448130328418
1448130329821
1448130331331
1448130332770
1448130334190
1448130335576
1448130337007
1448130338512
1448130339948
1448130341367
1448130342860
1448130344327
1448130345759
1448130347162
1448130348591
1448130349974
1448130351382
1448130352790
1448130354214
1448130355630
1448130357029
1448130358429
1448130359806
1448130361195
1448130362632
1448130364076
1448130365459
1448130366844
1448130368283
1448130369649
1448130371018
1448130372428
1448130373930
1448130375307
1448130376696
1448130378070
1448130379439
1448130380835
1448130382213
1448130383577
1448130384967
1448130386358
1448130387791
1448130389191
1448130390532
1448130391890
1448130393327
1448130394754
1448130396170
1448130397554
1448130398927
1448130400304
1448130401701
1448130403062
1448130404397
1448130405908
1448130407443
1448130408863
1448130410264
1448130411655
1448130413021
1448130414429
1448130415837
1448130417244
1448130418627
1448130420018
1448130421384
1448130422808
1448130424266
1448130425677
1448130427198
1448130428581
1448130429930
1448130431313
1448130432707
1448130434126
1448130435553
1448130437228
1448130438657
1448130440117
1448130441493
1448130442884
1448130444212
1448130445591
1448130446952
1448130448455
1448130449906
1448130451247
1448130452629
1448130454070
1448130455447
1448130456857
1448130458393
1448130459767
1448130461216
1448130462707
1448130464132
1448130465507
1448130466865
1448130468344
1448130469813
1448130471155
1448130472537
1448130473936
1448130475352
1448130476768
1448130478243
1448130479601
1448130480925
1448130482267
1448130483673
1448130485073
1448130486509
1448130487893
1448130489371
1448130490787
1448130492212
1448130493615
1448130495027
1448130496426
1448130497829
1448130499250
1448130500674
1448130502116
1448130503544
1448130505039
1448130506446
1448130507849
1448130509336
1448130510753
1448130512138
1448130513652
1448130515027
1448130516425
1448130517844
1448130519271
1448130520716
1448130522168
1448130523586
1448130525005
1448130526365
1448130527864
1448130529304
1448130530702
1448130532093
1448130533535
1448130534903
1448130536283
1448130537641
1448130539099
1448130540524
1448130541914
1448130543339
1448130544755
1448130546142
1448130547644
1448130549070
1448130550477
1448130551838
1448130553284
1448130554678
1448130556125
1448130557485
1448130558857
1448130560256
1448130561625
1448130562985
1448130564414
1448130565800
1448130567644
1448130569064
1448130570452
1448130571843
1448130573269
1448130574650
1448130576066
1448130577465
1448130578831
1448130580214
1448130581616
1448130582980
1448130584395
1448130586128
1448130587594
1448130589010
1448130590418
1448130591793
1448130593209
1448130594545
1448130595990
1448130597367
1448130599069
1448130600530
1448130601904
1448130603265
1448130604970
1448130606352
1448130607748
1448130609185
1448130610584
1448130611933
1448130613316
1448130614682
1448130616106
1448130617465
1448130618823
1448130620199
1448130621580
1448130622921
1448130624278
1448130625669
1448130627060
1448130628476
1448130629859
1448130631233
1448130632575
1448130634007
1448130635398
1448130636789
1448130638133
1448130639554
1448130640904
1448130642253
1448130643611
1448130645036
1448130646389
1448130647818
1448130649171
1448130650632
1448130652065
1448130653452
1448130654820
1448130656279
1448130657689
1448130659050
1448130660577
1448130662019
1448130663527
1448130664951
1448130666376
1448130667769
1448130669188
1448130670666
1448130672140
1448130673558
1448130674964
1448130676390
1448130677755
1448130679153
1448130680514
1448130681891
1448130683360
1448130684720
1448130686084
1448130687441
1448130688811
1448130690221
1448130691590
1448130692950
1448130694388
1448130695763
1448130697123
1448130698595
1448130699997
1448130701382
1448130702918
1448130704328
1448130705717
1448130707102
1448130708591
1448130709999
1448130711385
1448130712864
1448130714330
1448130715705
1448130717078
1448130718453
1448130719878
1448130721231
1448130722676
1448130724051
1448130725428
1448130726846
1448130728249
1448130729598
1448130730989
1448130732388
1448130733846
1448130735270
1448130736639
1448130738061
1448130739443
1448130740784
1448130742167
1448130743611
1448130744966
1448130746340
1448130747732
1448130749124
1448130750514
1448130751863
1448130753256
1448130754662
1448130756062
1448130757428
1448130758844
1448130760245
1448130761630
1448130763034
1448130764849
1448130766266
1448130767623
1448130769077
1448130770472
1448130771863
1448130773262
1448130774686
1448130776069
1448130777477
1448130778859
1448130780259
1448130781634
1448130783017
1448130784382
1448130785740
1448130787122
1448130788539
1448130789900
1448130791305
1448130792657
1448130794136
1448130795544
1448130796935
1448130798329
1448130799771
1448130801141
1448130802560
1448130804057
1448130805473
1448130806881
1448130808255
1448130809679
1448130811070
1448130812461
1448130813885
1448130815277
1448130816651
1448130818034
1448130819417
1448130820816
1448130822218
1448130823628
1448130825023
1448130826472
1448130827872
1448130829329
1448130830739
1448130832150
1448130833636
1448130835022
1448130836476
1448130837860
1448130839304
1448130840782
1448130842165
1448130843508
1448130844897
1448130846296
1448130847687
1448130849128
1448130850528
1448130851877
1448130853276
1448130854702
1448130856095
1448130857496
1448130859016
1448130860482
