1448134123689
1448134126746
1448134128153
1448134129561
1448134130977
1448134132410
1448134133888
1448134135283
1448134136710
1448134138124
1448134139558
1448134140981
1448134142388
1448134143824
1448134145471
1448134146916
1448134148370
1448134149763
1448134151174
1448134152644
1448134154035
1448134155417
1448134156774
1448134158191
1448134159602
1448134161023
1448134162397
1448134163821
1448134165179
1448134166603
1448134168037
1448134169541
1448134171010
1448134172405
1448134173818
1448134175199
1448134176540
1448134177906
1448134179339
1448134180722
1448134182096
1448134183496
1448134184873
1448134186225
1448134187644
1448134189036
1448134190434
1448134191834
1448134193225
1448134194707
1448134196090
1448134197498
1448134198889
1448134200267
1448134201720
1448134203137
1448134204536
1448134205969
1448134207343
1448134208712
1448134210101
1448134211442
1448134212742
1448134214124
1448134215548
1448134216939
1448134218288
1448134219646
1448134221146
1448134222511
1448134223912
1448134225327
1448134226743
1448134228126
1448134229517
1448134230885
1448134232308
1448134233673
1448134235106
1448134236505
1448134237913
1448134239271
1448134240653
1448134242014
1448134243394
1448134244811
1448134246193
1448134247528
1448134248916
1448134250266
1448134251673
1448134253098
1448134254914
1448134256396
1448134257804
1448134259264
1448134260653
1448134262069
1448134263444
1448134264901
1448134266292
1448134267675
1448134269041
1448134270448
1448134271823
1448134273189
1448134274580
1448134275982
1448134277376
1448134278836
1448134280238
1448134281586
1448134282922
1448134284409
1448134285850
1448134287218
1448134288732
1448134290148
1448134291525
1448134292927
1448134294479
1448134295879
1448134297278
1448134298762
1448134300160
1448134301585
1448134303020
1448134304392
1448134305750
1448134307129
1448134308582
1448134309973
1448134311366
1448134312730
1448134314147
1448134315540
1448134316953
1448134318302
1448134319688
1448134321082
1448134322513
1448134323891
1448134325266
1448134326649
1448134328067
1448134329448
1448134330826
1448134332245
1448134333670
1448134335120
1448134336504
1448134337929
1448134339340
1448134340801
1448134342226
1448134343551
1448134344908
1448134346281
1448134347633
1448134349081
1448134350450
1448134351937
1448134353331
1448134354793
1448134356235
1448134357576
1448134358960
1448134360300
1448134361708
1448134363126
1448134364473
1448134365915
1448134367314
1448134368822
1448134370216
1448134371584
1448134372979
1448134374378
1448134375796
1448134377176
1448134378550
1448134380003
1448134381388
1448134382865
1448134384256
1448134385617
1448134386972
1448134388346
1448134389762
1448134391139
1448134392900
1448134394369
1448134395735
1448134397117
1448134398528
1448134399974
1448134401376
1448134402741
1448134404082
1448134405439
1448134406841
1448134408221
1448134409690
1448134411070
1448134412521
1448134413944
1448134415326
1448134416711
1448134418100
1448134419482
1448134420890
1448134422264
1448134423617
1448134424997
1448134426421
1448134427812
1448134429228
1448134430589
1448134431993
1448134433393
1448134434776
1448134436117
1448134437499
1448134438844
1448134440281
1448134441640
1448134443010
1448134444547
1448134445942
1448134447436
1448134448869
1448134450263
1448134451632
1448134453126
1448134454550
1448134455950
1448134457349
1448134458749
1448134460492
1448134461885
1448134463355
1448134464705
1448134466103
1448134467461
1448134468854
1448134470360
1448134471793
1448134473209
1448134474634
1448134476049
1448134477457
1448134478915
1448134480289
1448134481680
1448134483074
1448134484563
1448134485949
1448134487361
1448134488743
1448134490134
1448134491525
1448134492908
1448134494283
1448134495657
1448134497040
1448134498414
1448134499839
1448134501207
1448134502609
1448134504021
1448134505412
1448134506785
1448134508129
1448134509481
1448134510908
1448134512294
1448134513683
1448134515036
1448134516449
1448134517797
1448134519231
1448134520592
1448134522038
1448134523453
1448134524872
1448134526674
1448134528102
1448134529526
1448134530909
1448134532292
1448134533657
1448134535082
1448134536443
1448134537831
1448134539213
1448134540629
1448134542039
1448134543419
1448134544794
1448134546218
1448134547567
1448134549017
1448134550433
1448134551883
1448134553265
1448134554782
1448134556217
1448134557621
1448134559023
1448134560438
1448134561832
1448134563278
1448134564614
1448134566018
1448134567368
1448134568734
1448134570120
1448134571848
1448134573258
1448134574664
1448134576034
1448134577504
1448134578898
1448134580316
1448134581768
1448134583201
1448134584602
1448134586000
1448134587394
1448134588758
1448134590232
1448134591624
1448134593035
1448134594488
1448134595921
1448134597388
1448134598778
1448134600261
1448134601631
1448134603093
1448134604500
1448134605891
1448134607299
1448134608740
1448134610190
1448134611600
1448134613019
1448134614530
1448134615957
1448134617325
1448134618720
1448134620136
1448134621560
1448134622960
1448134624358
1448134625719
1448134627214
1448134628640
1448134630156
1448134631580
1448134632974
1448134634388
1448134635749
1448134637193
1448134638586
1448134639952
1448134641285
1448134642634
1448134643995
1448134645473
1448134646915
1448134648323
1448134649722
1448134651105
1448134652505
1448134653891
1448134655361
1448134656761
1448134658110
1448134659477
1448134660920
1448134662305
1448134663709
1448134665108
1448134666457
1448134667822
1448134669205
1448134670639
1448134672024
1448134673417
1448134674887
1448134676264
1448134677676
1448134679101
1448134680508
1448134681874
1448134683291
1448134684707
1448134686131
1448134687492
1448134688905
1448134690249
1448134691628
1448134693020
1448134694403
1448134695810
1448134697201
1448134698592
1448134699991
1448134701343
1448134702721
1448134704173
1448134705650
1448134707031
1448134708372
1448134709763
1448134711145
1448134712545
1448134713903
1448134715270
1448134716618
1448134718033
1448134719410
1448134720783
1448134722191
1448134723589
1448134724983
1448134726371
1448134727779
1448134729195
1448134730611
1448134732036
1448134733393
1448134734812
1448134736209
1448134737583
1448134738969
1448134740391
1448134742106
1448134743492
1448134744910
1448134746397
1448134747779
1448134749147
1448134750533
1448134751985
1448134753401
1448134754829
1448134756329
1448134757724
1448134759101
1448134760589
1448134762031
1448134763463
1448134764872
1448134766263
1448134767607
1448134769012
1448134770424
1448134771892
1448134773351
1448134774802
1448134776199
1448134777600
1448134778985
1448134780344
1448134781780
1448134783213
1448134784599
1448134785984
1448134787420
1448134788827
1448134790294
1448134791694
1448134793100
1448134794554
1448134796007
1448134797409
1448134798791
1448134800281
1448134801664
1448134803009
1448134804503
1448134805978
1448134807386
1448134808769
1448134810277
1448134811646
1448134813124
1448134814599
1448134816090
1448134817524
1448134819339
1448134820788
1448134822180
1448134823578
1448134825297
1448134826678
1448134828027
1448134829409
1448134830892
1448134832317
1448134833685
1448134835091
1448134836427
1448134837855
1448134839199
1448134840654
1448134842096
1448134843520
1448134844931
1448134846311
1448134847672
1448134849068
1448134850417
1448134851775
1448134853157
1448134854566
1448134855931
1448134857330
1448134858755
1448134860271
1448134861728
1448134863153
1448134864585
1448134866019
1448134867397
1448134868800
1448134870219
1448134871607
1448134873023
1448134874418
1448134875847
1448134877246
1448134878613
1448134879996
1448134881395
1448134882802
1448134884196
1448134885783
1448134887218
1448134888554
1448134889982
1448134891373
1448134892774
1448134894229
1448134895656
1448134897025
1448134898486
1448134899995
1448134901352
1448134902743
1448134904193
1448134905651
1448134907070
1448134908446
1448134909899
1448134911298
1448134912731
1448134914197
1448134915638
1448134917073
1448134918478
1448134919899
1448134921361
1448134922768
1448134924167
1448134925550
1448134926974
1448134928382
1448134929784
1448134931189
1448134932583
1448134934028
1448134935421
1448134936807
1448134938312
1448134939731
1448134941485
1448134942903
1448134944322
1448134945810
1448134947171
1448134948631
1448134950074
1448134951473
1448134952917
1448134954420
1448134955849
1448134957352
1448134958769
1448134960139
1448134961575
1448134962943
1448134964333
1448134965760
1448134967157
1448134968542
1448134969911
1448134971338
1448134972729
1448134974095
1448134975511
1448134976853
1448134978260
1448134979654
1448134981118
1448134982451
1448134983825
1448134985199
1448134986657
1448134988101
1448134989505
1448134991004
1448134992412
1448134993803
1448134995237
1448134996602
1448134997971
1448134999364
1448135000875
1448135002260
1448135003649
1448135005076
1448135006447
1448135007805
1448135009184
1448135010686
1448135012128
1448135013564
1448135014937
1448135016294
1448135017618
1448135019042
1448135020458
1448135021852
1448135023290
1448135024716
1448135026131
1448135027530
1448135028913
1448135030320
1448135031755
1448135033133
1448135034634
1448135036144
1448135037535
1448135038892
1448135040220
1448135041665
1448135043081
1448135044442
1448135045813
1448135047171
1448135048515
1448135049875
1448135051319
1448135052680
1448135054043
1448135055459
1448135056869
1448135058242
1448135059587
1448135061015
1448135062417
1448135063822
1448135065267
1448135066697
1448135068066
1448135069545
1448135070957
1448135072785
1448135074178
1448135075666
1448135077083
1448135078499
1448135079932
1448135081325
1448135082719
1448135084196
1448135085598
1448135087000
1448135088445
1448135089827
1448135091218
1448135092669
1448135094079
1448135095476
1448135096869
1448135098262
1448135099715
1448135101181
1448135102567
1448135104036
1448135105522
1448135106923
1448135108348
1448135109743
1448135111172
1448135112641
1448135114034
1448135115454
1448135116940
1448135118324
1448135119976
1448135121446
1448135122921
1448135124338
1448135125733
1448135127153
1448135128523
1448135130019
1448135131397
1448135132861
1448135134263
1448135135874
1448135137273
1448135138706
1448135140164
1448135141559
1448135142988
1448135144337
1448135145708
1448135147119
1448135148497
1448135149910
1448135151301
1448135152659
1448135153991
1448135155374
1448135156707
1448135158056
1448135159455
1448135160872
1448135162229
1448135163612
1448135164994
1448135166427
1448135167809
1448135169217
1448135170692
1448135172125
1448135173540
1448135174981
1448135176389
1448135177797
1448135179204
1448135180606
1448135182003
1448135183361
1448135184735
1448135186094
1448135187459
1448135188811
1448135190282
1448135191649
1448135193073
1448135194500
1448135195997
1448135197364
1448135198804
1448135200203
1448135201603
1448135203019
1448135204419
1448135205852
1448135207188
1448135208600
1448135209982
1448135211373
1448135212731
1448135214114
1448135215533
1448135216896
1448135218312
1448135219720
1448135221161
1448135222602
1448135224018
1448135225403
1448135226808
1448135228208
1448135229599
1448135230991
1448135232352
1448135233797
1448135235163
1448135236529
1448135237929
1448135239294
1448135240680
1448135242115
1448135243576
1448135244967
1448135246358
1448135247710
1448135249074
1448135250499
1448135251914
1448135253300
1448135254663
1448135256179
1448135257553
1448135258936
1448135260360
1448135261785
1448135263551
1448135264966
1448135266399
1448135267893
1448135269295
1448135270755
1448135272156
1448135273538
1448135274971
1448135276363
1448135277761
1448135279121
1448135280501
1448135281892
1448135283258
1448135284658
1448135286183
1448135287581
1448135288959
1448135290398
1448135291797
1448135293205
1448135294629
1448135296061
1448135297472
1448135298853
1448135300268
1448135302004
1448135303458
1448135304874
1448135306293
1448135307673
1448135309058
1448135310414
1448135311789
1448135313228
1448135314612
1448135316052
1448135317402
1448135318751
1448135320143
1448135321592
1448135322957
1448135324334
1448135325745
1448135327165
1448135328514
1448135329871
1448135331280
1448135332653
1448135334069
1448135335463
1448135336851
1448135338243
1448135339613
1448135341108
1448135342490
1448135343892
1448135345314
1448135346717
1448135348151
1448135349654
1448135351023
1448135352428
1448135353860
1448135355280
1448135356690
1448135358134
1448135359527
1448135360879
1448135362290
1448135363673
1448135365014
1448135366366
1448135367760
1448135369229
1448135370647
1448135372036
1448135373411
1448135374722
1448135376276
1448135377700
1448135379102
1448135380487
1448135381990
1448135383375
1448135384763
1448135386163
1448135387523
1448135388879
1448135390262
1448135391644
1448135393046
1448135394443
1448135395826
1448135397216
1448135398560
1448135399891
1448135401356
1448135402764
1448135404172
1448135405631
1448135407020
1448135408420
1448135409797
1448135411140
1448135412968
1448135414362
1448135415783
1448135417141
1448135418524
1448135419906
1448135421314
1448135422763
1448135424154
1448135425532
1448135426892
1448135428361
1448135429719
1448135431160
1448135432901
1448135434267
1448135435691
1448135437082
1448135438467
1448135439881
1448135441301
1448135442739
1448135444121
1448135445520
1448135446894
1448135448302
1448135450026
1448135451442
1448135452859
1448135454233
1448135455678
1448135457098
1448135458490
1448135459848
1448135461222
1448135462547
1448135463896
1448135465262
1448135466736
1448135468177
1448135469610
1448135471067
1448135472508
1448135473899
1448135475268
1448135476756
1448135478122
1448135479547
1448135480938
1448135482345
1448135483786
1448135485178
1448135486577
1448135487968
1448135489367
1448135490784
1448135492167
1448135493632
1448135495023
1448135496434
1448135497946
1448135499338
1448135500740
1448135502153
1448135503544
1448135504952
1448135506410
1448135507792
1448135509169
1448135510588
1448135512107
1448135513482
1448135514883
1448135516289
1448135517680
1448135519129
1448135520522
1448135521986
1448135523361
1448135524793
1448135526204
1448135527567
1448135528967
1448135530344
1448135531798
1448135533257
1448135534655
1448135536096
1448135537554
