1448138793164
1448138796213
1448138797604
1448138799012
1448138800486
1448138801927
1448138803352
1448138804771
1448138806190
1448138807675
1448138809111
1448138810515
1448138811889
1448138813290
1448138814938
1448138816346
1448138817779
1448138819245
1448138820652
1448138822071
1448138823482
1448138824951
1448138826409
1448138827874
1448138829240
1448138830689
1448138832114
1448138833497
1448138835014
1448138836437
1448138837888
1448138839339
1448138840782
1448138842244
1448138843642
1448138845069
1448138846458
1448138847790
1448138849131
1448138850481
1448138851850
1448138853246
1448138854624
1448138856071
1448138857473
1448138858885
1448138860237
1448138861660
1448138863033
1448138864433
1448138865849
1448138867273
1448138868632
1448138870170
1448138871580
1448138872962
1448138874371
1448138875803
1448138877202
1448138878618
1448138879987
1448138881400
1448138882833
1448138884210
1448138885637
1448138887081
1448138888430
1448138889798
1448138891191
1448138892559
1448138894370
1448138895810
1448138897177
1448138898543
1448138899893
1448138901221
1448138902673
1448138904049
1448138905545
1448138906939
1448138908291
1448138909654
1448138911087
1448138912478
1448138913812
1448138915219
1448138916634
1448138917995
1448138919375
1448138920776
1448138922145
1448138923548
1448138924965
1448138926338
1448138927713
1448138929121
1448138930533
1448138931953
1448138933361
1448138934751
1448138936192
1448138937567
1448138938883
1448138940241
1448138941618
1448138942998
1448138944343
1448138945797
1448138947163
1448138948520
1448138949865
1448138951225
1448138952611
1448138953947
1448138955335
1448138956758
1448138958142
1448138959566
1448138960981
1448138962340
1448138963734
1448138965164
1448138966500
1448138967887
1448138969279
1448138970735
1448138972118
1448138973487
1448138974909
1448138976326
1448138977741
1448138979077
1448138980463
1448138981814
1448138983213
1448138984605
1448138985999
1448138987392
1448138988795
1448138990213
1448138991551
1448138992859
1448138994200
1448138995597
1448138997041
1448138998398
1448138999831
1448139001238
1448139002641
1448139004026
1448139005445
1448139006836
1448139008255
1448139009635
1448139011009
1448139012434
1448139013858
1448139015267
1448139016661
1448139018130
1448139019556
1448139020893
1448139022370
1448139023787
1448139025247
1448139026649
1448139028094
1448139029493
1448139030925
1448139032359
1448139033728
1448139035132
1448139036506
1448139037915
1448139039280
1448139040655
1448139042045
1448139043446
1448139044840
1448139046227
1448139047612
1448139048973
1448139050442
1448139051819
1448139053196
1448139054599
1448139056393
1448139057870
1448139059255
1448139060684
1448139062119
1448139063536
1448139064979
1448139066339
1448139067818
1448139069200
1448139070567
1448139071908
1448139073307
1448139074717
1448139076164
1448139077563
1448139078946
1448139080328
1448139081703
1448139083077
1448139084494
1448139085880
1448139087301
1448139088675
1448139090016
1448139091424
1448139092773
1448139094114
1448139095497
1448139096883
1448139098313
1448139099683
1448139101218
1448139102585
1448139103929
1448139105367
1448139106742
1448139108075
1448139109457
1448139110882
1448139112265
1448139113576
1448139114972
1448139116392
1448139117853
1448139119254
1448139120652
1448139122052
1448139123443
1448139124795
1448139126217
1448139127610
1448139128995
1448139130506
1448139131900
1448139133297
1448139134724
1448139136244
1448139137654
1448139139031
1448139140407
1448139141818
1448139143234
1448139144658
1448139146378
1448139147820
1448139149256
1448139150664
1448139152058
1448139153422
1448139154771
1448139156229
1448139157578
1448139158960
1448139160371
1448139161726
1448139163142
1448139164584
1448139165941
1448139167316
1448139168714
1448139170152
1448139171587
1448139172972
1448139174365
1448139175742
1448139177186
1448139178554
1448139179926
1448139181267
1448139182601
1448139183991
1448139185377
1448139186798
1448139188216
1448139189630
1448139191057
1448139192462
1448139193822
1448139195203
1448139196561
1448139197902
1448139199276
1448139200659
1448139202075
1448139203474
1448139204865
1448139206214
1448139207572
1448139208971
1448139210397
1448139211787
1448139213145
1448139214522
1448139215927
1448139217293
1448139218684
1448139220101
1448139221525
1448139222902
1448139224673
1448139226084
1448139227472
1448139228879
1448139230271
1448139231637
1448139232978
1448139234328
1448139235685
1448139237101
1448139238483
1448139239883
1448139241299
1448139242707
1448139244114
1448139245582
1448139246996
1448139248387
1448139249762
1448139251132
1448139252520
1448139253881
1448139255327
1448139256713
1448139258150
1448139259499
1448139260898
1448139262364
1448139263797
1448139265205
1448139266629
1448139268062
1448139269470
1448139270839
1448139272232
1448139273684
1448139275077
1448139276484
1448139277902
1448139279279
1448139280784
1448139282197
1448139283572
1448139284922
1448139286354
1448139287728
1448139289097
1448139290635
1448139292019
1448139293338
1448139294816
1448139296234
1448139297591
1448139298998
1448139300417
1448139301805
1448139303221
1448139304640
1448139306075
1448139307570
1448139308965
1448139310435
1448139311895
1448139313359
1448139314716
1448139316066
1448139317499
1448139318935
1448139320355
1448139321764
1448139323174
1448139324587
1448139325986
1448139327344
1448139328722
1448139330148
1448139331592
1448139332986
1448139334372
1448139335791
1448139337184
1448139338556
1448139339973
1448139341455
1448139342829
1448139344246
1448139345648
1448139347057
1448139348477
1448139349863
1448139351382
1448139352791
1448139354177
1448139355663
1448139357039
1448139358425
1448139359802
1448139361214
1448139362587
1448139363928
1448139365302
1448139366685
1448139368054
1448139369450
1448139370912
1448139372317
1448139373683
1448139375058
1448139376490
1448139377843
1448139379239
1448139380637
1448139382470
1448139383828
1448139385235
1448139386634
1448139388001
1448139389359
1448139391012
1448139392399
1448139393773
1448139395156
1448139396556
1448139397938
1448139399304
1448139400645
1448139402019
1448139403372
1448139404726
1448139406105
1448139407531
1448139409033
1448139410459
1448139411859
1448139413231
1448139414598
1448139416030
1448139417446
1448139418813
1448139420191
1448139421612
1448139423010
1448139424410
1448139425818
1448139427267
1448139428674
1448139430044
1448139431440
1448139432864
1448139434299
1448139436078
1448139437440
1448139438817
1448139440178
1448139441528
1448139442918
1448139444284
1448139445686
1448139447071
1448139448549
1448139449957
1448139451381
1448139452780
1448139454189
1448139455563
1448139456962
1448139458378
1448139459835
1448139461311
1448139462717
1448139464103
1448139465598
1448139467025
1448139468444
1448139469882
1448139471297
1448139472696
1448139474073
1448139475488
1448139476895
1448139478240
1448139479611
1448139481053
1448139482410
1448139483825
1448139485200
1448139486607
1448139488001
1448139489407
1448139490831
1448139492192
1448139493629
1448139495004
1448139496466
1448139497902
1448139499293
1448139500684
1448139502044
1448139503416
1448139504799
1448139506190
1448139507598
1448139508965
1448139510347
1448139511725
1448139513154
1448139514507
1448139515994
1448139517418
1448139518809
1448139520192
1448139521608
1448139523016
1448139524433
1448139525920
1448139527414
1448139528830
1448139530216
1448139531745
1448139533161
1448139534577
1448139535997
1448139537393
1448139538802
1448139540183
1448139541608
1448139542976
1448139544370
1448139545815
1448139547214
1448139548588
1448139549948
1448139551326
1448139552820
1448139554173
1448139555630
1448139557084
1448139558536
1448139560048
1448139561482
1448139562931
1448139564339
1448139565722
1448139567180
1448139568571
1448139569937
1448139571328
1448139572752
1448139574169
1448139575968
1448139577425
1448139578849
1448139580242
1448139581687
1448139583140
1448139584550
1448139585995
1448139587380
1448139588789
1448139590178
1448139591538
1448139593024
1448139594401
1448139595784
1448139597166
1448139598516
1448139599890
1448139601311
1448139602855
1448139604239
1448139605584
1448139607053
1448139608478
1448139609872
1448139611253
1448139612651
1448139614067
1448139615437
1448139616899
1448139618308
1448139619677
1448139621098
1448139622451
1448139623920
1448139625346
1448139626707
1448139628194
1448139629628
1448139631029
1448139632392
1448139633728
1448139635158
1448139636629
1448139638098
1448139639467
1448139640824
1448139642205
1448139643565
1448139644953
1448139646389
1448139647836
1448139649245
1448139650668
1448139652042
1448139653427
1448139654849
1448139656282
1448139657707
1448139659101
1448139660488
1448139661924
1448139663304
1448139664656
1448139666088
1448139667478
1448139668868
1448139670226
1448139671633
1448139673024
1448139674374
1448139675775
1448139677181
1448139678589
1448139679980
1448139681363
1448139682721
1448139684145
1448139685552
1448139686938
1448139688334
1448139689775
1448139691216
1448139692616
1448139694057
1448139695464
1448139696856
1448139698266
1448139699651
1448139701121
1448139702541
1448139704011
1448139705394
1448139706793
1448139708167
1448139709542
1448139710899
1448139712240
1448139713606
1448139714972
1448139716355
1448139717705
1448139719096
1448139720473
1448139721853
1448139723544
1448139724955
1448139726293
1448139727643
1448139728984
1448139730378
1448139731839
1448139733281
1448139734675
1448139736239
1448139737654
1448139739070
1448139740439
1448139741911
1448139743321
1448139744689
1448139746142
1448139747542
1448139748924
1448139750641
1448139752031
1448139753422
1448139754782
1448139756257
1448139757663
1448139759031
1448139760416
1448139761837
1448139763251
1448139764626
1448139766137
1448139767573
1448139768974
1448139770401
1448139771811
1448139773238
1448139774629
1448139776047
1448139777420
1448139778787
1448139780163
1448139781540
1448139782952
1448139784418
1448139785804
1448139787256
1448139788674
1448139790027
1448139791580
1448139793007
1448139794417
1448139795962
1448139797307
1448139798711
1448139800126
1448139801555
1448139802959
1448139804362
1448139805792
1448139807290
1448139808668
1448139810055
1448139811514
1448139812864
1448139814216
1448139815652
1448139817080
1448139818457
1448139819925
1448139821359
1448139822766
1448139824166
1448139825516
1448139826931
1448139828322
1448139830032
1448139831487
1448139832887
1448139834261
1448139835677
1448139837069
1448139838435
1448139839834
1448139841259
1448139842645
1448139844041
1448139845426
1448139846989
1448139848355
1448139849755
1448139851125
1448139852602
1448139853961
1448139855347
1448139856817
1448139858209
1448139859558
1448139860925
1448139862391
1448139863732
1448139865175
1448139866597
1448139868013
1448139869404
1448139870779
1448139872170
1448139873569
1448139874977
1448139876402
1448139877759
1448139879127
1448139880788
1448139882291
1448139883676
1448139885072
1448139886582
1448139888004
1448139889454
1448139890840
1448139892286
1448139893710
1448139895113
1448139896509
1448139897903
1448139899341
1448139900707
1448139902073
1448139903431
1448139904816
1448139906205
1448139907565
1448139908992
1448139910437
1448139911835
1448139913186
1448139914522
1448139915977
1448139917438
1448139918841
1448139920153
1448139921599
1448139923030
1448139924407
1448139925768
1448139927213
1448139928579
1448139929961
1448139931352
1448139932704
1448139934160
1448139935567
1448139936967
1448139938303
1448139939765
1448139941152
1448139942588
1448139943997
1448139945429
1448139946814
1448139948175
1448139949635
1448139951043
1448139952429
1448139953817
1448139955175
1448139956566
1448139957923
1448139959348
1448139960731
1448139962106
1448139963513
1448139964896
1448139966270
1448139967627
1448139969035
1448139970477
1448139971875
1448139973244
1448139974646
1448139976092
1448139977490
1448139978889
1448139980255
1448139981656
1448139983051
1448139984462
1448139985803
1448139987178
1448139988935
1448139990310
1448139991709
1448139993125
1448139994549
1448139995907
1448139997331
1448139998730
1448140000155
1448140001597
1448140003041
1448140004527
1448140005944
1448140007393
1448140008767
1448140010459
1448140011854
1448140013276
1448140014715
1448140016123
1448140017539
1448140018980
1448140020429
1448140021848
1448140023261
1448140024660
1448140026070
1448140027551
1448140028942
1448140030333
1448140031741
1448140033123
1448140034498
1448140035923
1448140037347
1448140038746
1448140040096
1448140041557
1448140042978
1448140044306
1448140045767
1448140047226
1448140048636
1448140050024
1448140051383
1448140052744
1448140054196
1448140055638
1448140057072
1448140058454
1448140059870
1448140061222
1448140062684
1448140064126
1448140065484
1448140066876
1448140068220
1448140069624
1448140071040
1448140072614
1448140074064
1448140075474
1448140076846
1448140078270
1448140079695
1448140081085
1448140082501
1448140083901
1448140085317
1448140086686
1448140088041
1448140089415
1448140090798
1448140092181
1448140093566
1448140094929
1448140096280
1448140097641
1448140099070
1448140100444
1448140101869
1448140103263
1448140104651
1448140105987
1448140107490
1448140108882
1448140110264
1448140111565
1448140112938
1448140114355
1448140115807
1448140117336
1448140118762
1448140120202
1448140121669
1448140123142
1448140124550
1448140125941
1448140127332
1448140128700
1448140130089
1448140131491
1448140132901
1448140134354
1448140135795
1448140137248
1448140138728
1448140140085
1448140141426
1448140142891
1448140144258
1448140145616
1448140147082
1448140148464
1448140149863
1448140151297
1448140152695
1448140154095
1448140155536
1448140157285
1448140158662
1448140160031
1448140161526
1448140162966
1448140164390
1448140165773
1448140167159
1448140168555
1448140169938
1448140171354
1448140172787
1448140174211
1448140175635
1448140177102
1448140178468
1448140179843
1448140181266
1448140182658
1448140184032
1448140185464
1448140186948
1448140188334
1448140189788
1448140191158
1448140192610
1448140194028
1448140195452
1448140196851
1448140198292
1448140199750
1448140201157
1448140202640
1448140204056
