1448141903487
1448141906554
1448141907979
1448141909410
1448141910845
1448141912263
1448141913694
1448141915134
1448141916562
1448141918008
1448141919436
1448141920897
1448141922291
1448141923720
1448141925287
1448141926662
1448141928013
1448141929528
1448141930980
1448141932425
1448141933875
1448141935259
1448141936611
1448141938047
1448141939406
1448141940806
1448141942183
1448141943592
1448141945046
1448141946464
1448141947979
1448141949469
1448141950879
1448141952340
1448141953717
1448141955149
1448141956534
1448141957936
1448141959348
1448141960717
1448141962161
1448141963528
1448141964940
1448141966425
1448141967843
1448141969259
1448141970642
1448141972041
1448141973399
1448141974793
1448141976173
1448141977527
1448141978997
1448141980476
1448141981904
1448141983307
1448141984703
1448141986069
1448141987413
1448141988817
1448141990209
1448141991570
1448141992966
1448141994310
1448141995698
1448141997126
1448141998563
1448142000021
1448142001386
1448142002803
1448142004156
1448142005576
1448142006976
1448142008337
1448142009841
1448142011209
1448142012598
1448142013997
1448142015351
1448142016738
1448142018120
1448142019520
1448142020902
1448142022269
1448142023637
1448142025067
1448142026483
1448142027885
1448142029282
1448142030673
1448142032448
1448142033872
1448142035254
1448142036670
1448142038096
1448142039466
1448142040935
1448142042376
1448142043834
1448142045311
1448142046683
1448142048024
1448142049448
1448142050834
1448142052264
1448142053663
1448142055037
1448142056428
1448142057794
1448142059155
1448142060543
1448142061951
1448142063368
1448142064750
1448142066141
1448142067573
1448142068934
1448142070371
1448142071805
1448142073196
1448142074604
1448142076053
1448142077469
1448142078843
1448142080262
1448142081660
1448142083058
1448142084442
1448142085791
1448142087173
1448142088556
1448142089930
1448142091282
1448142092654
1448142094062
1448142095444
1448142096827
1448142098268
1448142099635
1448142100984
1448142102358
1448142103741
1448142105073
1448142106431
1448142107822
1448142109213
1448142110607
1448142112012
1448142113406
1448142114903
1448142116303
1448142117655
1448142119059
1448142120475
1448142121894
1448142123296
1448142124755
1448142126123
1448142127439
1448142128838
1448142130282
1448142131678
1448142133072
1448142134492
1448142135901
1448142137253
1448142138592
1448142139983
1448142141432
1448142142891
1448142144276
1448142145705
1448142147083
1448142148462
1448142149904
1448142151278
1448142152694
1448142154186
1448142155555
1448142157006
1448142158466
1448142159910
1448142161337
1448142162748
1448142164147
1448142165538
1448142166907
1448142168301
1448142169704
1448142171040
1448142172436
1448142174185
1448142175559
1448142177003
1448142178367
1448142179749
1448142181140
1448142182498
1448142183855
1448142185326
1448142186795
1448142188196
1448142189582
1448142191043
1448142192401
1448142193767
1448142195176
1448142196562
1448142198007
1448142199423
1448142200806
1448142202205
1448142203558
1448142204943
1448142206380
1448142207847
1448142209233
1448142210702
1448142212070
1448142213448
1448142214884
1448142216295
1448142217806
1448142219199
1448142220619
1448142222080
1448142223492
1448142224961
1448142226379
1448142227786
1448142229210
1448142230660
1448142232043
1448142233412
1448142234850
1448142236215
1448142237610
1448142239035
1448142240512
1448142241963
1448142243371
1448142244795
1448142246169
1448142247586
1448142248963
1448142250393
1448142251738
1448142253174
1448142254565
1448142255994
1448142257447
1448142258830
1448142260255
1448142261642
1448142263104
1448142264609
1448142265978
1448142267331
1448142268775
1448142270250
1448142271700
1448142273107
1448142274532
1448142275981
1448142277414
1448142278813
1448142280155
1448142281589
1448142282978
1448142284327
1448142285693
1448142287072
1448142288484
1448142289853
1448142291224
1448142292626
1448142294040
1448142295481
1448142296875
1448142298239
1448142299637
1448142301436
1448142302861
1448142304228
1448142305652
1448142307026
1448142308392
1448142309717
1448142311132
1448142312565
1448142313989
1448142315469
1448142316987
1448142318412
1448142319772
1448142321153
1448142322560
1448142323962
1448142325331
1448142326783
1448142328141
1448142329532
1448142330940
1448142332348
1448142333747
1448142335155
1448142336549
1448142337971
1448142339356
1448142340728
1448142342152
1448142343577
1448142344914
1448142346367
1448142347774
1448142349490
1448142350902
1448142352356
1448142353805
1448142355223
1448142356637
1448142358012
1448142359357
1448142360777
1448142362168
1448142363584
1448142365033
1448142366410
1448142367865
1448142369290
1448142370689
1448142372064
1448142373488
1448142374887
1448142376370
1448142377803
1448142379194
1448142380618
1448142382061
1448142383492
1448142384934
1448142386357
1448142387757
1448142389117
1448142390530
1448142391955
1448142393390
1448142394828
1448142396190
1448142397616
1448142399119
1448142400522
1448142402000
1448142403384
1448142404741
1448142406119
1448142407563
1448142408965
1448142410330
1448142411763
1448142413164
1448142414517
1448142416019
1448142417410
1448142418809
1448142420168
1448142421542
1448142422925
1448142424307
1448142425811
1448142427222
1448142428664
1448142430058
1448142431545
1448142432895
1448142434278
1448142435622
1448142437100
1448142438493
1448142439900
1448142441303
1448142442679
1448142444132
1448142445492
1448142446831
1448142448246
1448142449647
1448142451066
1448142452485
1448142453869
1448142455260
1448142456668
1448142458093
1448142459450
1448142460891
1448142462315
1448142463726
1448142465215
1448142466605
1448142468013
1448142469404
1448142470795
1448142472186
1448142473588
1448142474976
1448142476392
1448142477808
1448142479199
1448142480586
1448142482023
1448142483417
1448142484781
1448142486217
1448142487687
1448142489470
1448142490853
1448142492244
1448142493635
1448142495029
1448142496443
1448142497787
1448142499224
1448142500610
1448142501998
1448142503364
1448142504746
1448142506204
1448142507570
1448142508953
1448142510336
1448142511752
1448142513109
1448142514453
1448142515875
1448142517258
1448142518935
1448142520315
1448142521672
1448142523080
1448142524482
1448142525969
1448142527395
1448142528812
1448142530202
1448142531585
1448142533009
1448142534442
1448142535883
1448142537333
1448142538694
1448142540147
1448142541563
1448142542950
1448142544362
1448142545803
1448142547212
1448142548627
1448142550076
1448142551534
1448142552917
1448142554308
1448142555802
1448142557231
1448142558606
1448142560022
1448142561438
1448142562862
1448142564262
1448142565694
1448142567077
1448142568485
1448142569901
1448142571359
1448142572758
1448142574157
1448142575540
1448142576951
1448142578356
1448142579698
1448142581113
1448142582483
1448142583977
1448142585436
1448142586806
1448142588359
1448142589760
1448142591188
1448142592632
1448142594073
1448142595481
1448142597208
1448142598610
1448142600137
1448142601587
1448142603004
1448142604437
1448142605908
1448142607268
1448142608620
1448142609951
1448142611312
1448142612757
1448142614165
1448142615566
1448142616914
1448142618247
1448142619604
1448142620995
1448142622369
1448142623730
1448142625077
1448142626543
1448142627929
1448142629334
1448142630666
1448142632428
1448142633889
1448142635247
1448142636647
1448142638105
1448142639503
1448142640961
1448142642377
1448142643761
1448142645218
1448142646675
1448142648091
1448142649499
1448142650907
1448142652315
1448142653739
1448142655105
1448142656490
1448142657854
1448142659245
1448142660671
1448142662061
1448142663380
1448142664743
1448142666093
1448142667487
1448142668875
1448142670265
1448142671706
1448142673114
1448142674530
1448142676013
1448142677374
1448142678762
1448142680145
1448142681535
1448142682934
1448142684342
1448142685777
1448142687174
1448142688565
1448142689975
1448142691479
1448142692871
1448142694304
1448142695737
1448142697153
1448142698611
1448142700363
1448142701809
1448142703200
1448142704588
1448142706068
1448142707457
1448142708839
1448142710208
1448142711597
1448142713021
1448142714412
1448142715797
1448142717137
1448142718553
1448142719872
1448142721350
1448142722758
1448142724174
1448142725583
1448142726981
1448142728367
1448142729761
1448142731239
1448142732633
1448142734094
1448142735505
1448142737019
1448142738410
1448142739772
1448142741200
1448142742616
1448142743990
1448142745383
1448142746748
1448142748122
1448142749471
1448142750815
1448142752201
1448142753670
1448142755052
1448142756478
1448142757851
1448142759259
1448142760637
1448142762199
1448142763618
1448142764970
1448142766431
1448142767855
1448142769279
1448142770756
1448142772111
1448142773502
1448142774902
1448142776309
1448142777709
1448142779100
1448142780466
1448142781815
1448142783190
1448142784597
1448142785972
1448142787367
1448142788768
1448142790220
1448142791614
1448142792995
1448142794361
1448142795854
1448142797382
1448142798800
1448142800153
1448142801639
1448142802998
1448142804360
1448142805755
1448142807171
1448142808570
1448142809953
1448142811462
1448142812861
1448142814247
1448142815724
1448142817201
1448142818732
1448142820124
1448142821494
1448142822946
1448142824339
1448142825738
1448142827115
1448142828484
1448142829887
1448142831277
1448142832679
1448142834056
1448142835434
1448142836862
1448142838415
1448142839831
1448142841256
1448142842705
1448142844165
1448142845587
1448142847041
1448142848485
1448142849869
1448142851277
1448142852684
1448142854120
1448142855516
1448142856957
1448142858340
1448142859756
1448142861155
1448142862524
1448142863955
1448142865370
1448142866769
1448142868177
1448142869588
1448142871083
1448142872476
1448142873861
1448142875274
1448142876698
1448142878123
1448142879580
1448142881024
1448142882451
1448142883913
1448142885339
1448142886820
1448142888210
1448142889918
1448142891336
1448142892750
1448142894199
1448142895940
1448142897350
1448142898731
1448142900089
1448142901454
1448142902862
1448142904547
1448142905995
1448142907452
1448142908851
1448142910250
1448142911603
1448142913007
1448142914423
1448142915843
1448142917297
1448142918721
1448142920171
1448142921579
1448142922979
1448142924323
1448142925769
1448142927189
1448142928667
1448142930042
1448142931400
1448142932815
1448142934206
1448142935597
1448142937050
1448142938511
1448142939920
1448142941304
1448142942699
1448142944177
1448142945576
1448142946951
1448142948333
1448142949766
1448142951208
1448142952623
1448142954039
1448142955447
1448142956872
1448142958287
1448142959720
1448142961212
1448142962652
1448142964119
1448142965559
1448142966958
1448142968341
1448142969732
1448142971144
1448142972622
1448142974005
1448142975446
1448142976866
1448142978246
1448142979661
1448142981095
1448142982439
1448142983900
1448142985351
1448142986721
1448142988149
1448142989551
1448142990899
1448142992281
1448142993622
1448142995055
1448142996450
1448142997978
1448142999381
1448143000757
1448143002185
1448143003567
1448143005029
1448143006465
1448143007891
1448143009326
1448143010714
1448143012113
1448143013513
1448143014887
1448143016256
1448143017694
1448143019094
1448143020493
1448143021912
1448143023357
1448143024725
1448143026116
1448143027476
1448143028874
1448143030297
1448143031831
1448143033246
1448143034649
1448143036042
1448143037544
1448143038927
1448143040301
1448143041695
1448143043083
1448143044516
1448143045915
1448143047340
1448143048732
1448143050155
1448143051522
1448143052883
1448143054361
1448143055827
1448143057235
1448143058627
1448143059992
1448143061427
1448143062816
1448143064207
1448143065594
1448143067105
1448143068472
1448143069830
1448143071313
1448143072721
1448143074099
1448143075552
1448143077019
1448143078477
1448143079917
1448143081300
1448143082657
1448143084384
1448143085789
1448143087191
1448143088552
1448143089987
1448143091312
1448143092645
1448143093986
1448143095352
1448143096747
1448143098142
1448143099516
1448143100894
1448143102341
1448143103723
1448143105091
1448143106455
1448143107854
1448143109248
1448143110634
1448143112119
1448143113528
1448143114856
1448143116283
1448143117726
1448143119145
1448143120566
1448143121941
1448143123385
1448143124846
1448143126296
1448143127721
1448143129179
1448143130619
1448143132031
1448143133451
1448143134810
1448143136247
1448143137700
1448143139066
1448143140448
1448143141814
1448143143172
1448143144608
1448143145993
1448143147404
1448143148795
1448143150162
1448143151678
1448143153101
1448143154461
1448143155847
1448143157324
1448143158701
1448143160107
1448143161489
1448143162923
1448143164292
1448143165770
1448143167222
1448143168612
1448143169982
1448143171410
1448143172817
1448143174225
1448143175602
1448143177000
1448143178361
1448143180172
1448143181581
1448143182934
1448143184380
1448143185745
1448143187539
1448143188940
1448143190368
1448143191784
1448143193233
1448143194649
1448143196052
1448143197513
1448143198940
1448143200322
1448143201684
1448143203112
1448143204478
1448143205886
1448143207345
1448143208707
1448143210102
1448143211493
1448143212859
1448143214271
1448143215748
1448143217131
1448143218564
1448143219938
1448143221354
1448143223070
1448143224489
1448143225820
1448143227296
1448143228659
1448143230117
1448143231518
1448143232925
1448143234315
1448143235706
1448143237156
1448143238484
1448143239947
1448143241296
1448143242703
1448143244128
1448143245535
1448143246951
1448143248367
1448143249759
1448143251183
1448143252574
1448143253973
1448143255381
1448143256789
1448143258632
1448143259987
1448143261407
1448143262911
1448143264378
1448143265743
1448143267126
1448143268495
1448143269891
1448143271325
1448143272740
1448143274139
1448143275530
1448143276951
1448143278453
1448143279862
1448143281244
1448143282680
1448143284076
1448143285459
1448143286859
1448143288283
1448143289669
1448143291079
1448143292589
1448143293975
1448143295397
1448143296846
1448143298237
1448143299623
1448143301041
1448143302511
1448143303907
1448143305367
1448143306792
1448143308149
1448143309532
1448143310948
1448143312326
1448143313784
1448143315287
1448143316721
1448143318156
1448143319583
