1448137239607
1448137242576
1448137243967
1448137245341
1448137246715
1448137248081
1448137249506
1448137250913
1448137252381
1448137253763
1448137255138
1448137256552
1448137257947
1448137259286
1448137260864
1448137262285
1448137263633
1448137264991
1448137266365
1448137267773
1448137269156
1448137270524
1448137271851
1448137273262
1448137274686
1448137276111
1448137277510
1448137278885
1448137280259
1448137281668
1448137283142
1448137284515
1448137285941
1448137287396
1448137288822
1448137290199
1448137291579
1448137292981
1448137294459
1448137295860
1448137297196
1448137298567
1448137299917
1448137301283
1448137302641
1448137304032
1448137305456
1448137306832
1448137308230
1448137309580
1448137310953
1448137312329
1448137313711
1448137315119
1448137316460
1448137317868
1448137319234
1448137320600
1448137321999
1448137323375
1448137324756
1448137326108
1448137327547
1448137328888
1448137330221
1448137331603
1448137333310
1448137334651
1448137336084
1448137337484
1448137338899
1448137340299
1448137341651
1448137343048
1448137344422
1448137345805
1448137347197
1448137348554
1448137349911
1448137351277
1448137352643
1448137354045
1448137355535
1448137356909
1448137358312
1448137359739
1448137361092
1448137362447
1448137363797
1448137365222
1448137366657
1448137368185
1448137369570
1448137370973
1448137372468
1448137373859
1448137375250
1448137376649
1448137378057
1448137379459
1448137380903
1448137382348
1448137383821
1448137385207
1448137386575
1448137387995
1448137389413
1448137390776
1448137392145
1448137393547
1448137395033
1448137396415
1448137397831
1448137399256
1448137400639
1448137402032
1448137403421
1448137404878
1448137406272
1448137407862
1448137409269
1448137410652
1448137412013
1448137413549
1448137415000
1448137416382
1448137417756
1448137419130
1448137420547
1448137421954
1448137423337
1448137424711
1448137426052
1448137427436
1448137428788
1448137430168
1448137431558
1448137432916
1448137434232
1448137435565
1448137436906
1448137438259
1448137439663
1448137441031
1448137442519
1448137443953
1448137445352
1448137446719
1448137448126
1448137449459
1448137450816
1448137452224
1448137453615
1448137455064
1448137456430
1448137457821
1448137459229
1448137460595
1448137461979
1448137463377
1448137464746
1448137466094
1448137467510
1448137468950
1448137470391
1448137471724
1448137473065
1448137474465
1448137475889
1448137477339
1448137478737
1448137480137
1448137481513
1448137482860
1448137484260
1448137485651
1448137487020
1448137488416
1448137489791
1448137491157
1448137492556
1448137494272
1448137495674
1448137497120
1448137498478
1448137499820
1448137501161
1448137502510
1448137503901
1448137505267
1448137506601
1448137507937
1448137509389
1448137510741
1448137512078
1448137513946
1448137515363
1448137516737
1448137518097
1448137519505
1448137520885
1448137522277
1448137523629
1448137524997
1448137526392
1448137527837
1448137529257
1448137530668
1448137532131
1448137533530
1448137534933
1448137536362
1448137537744
1448137539110
1448137540496
1448137541906
1448137543334
1448137544691
1448137546052
1448137547589
1448137548964
1448137550364
1448137551755
1448137553180
1448137554541
1448137555986
1448137557437
1448137558868
1448137560244
1448137561663
1448137563166
1448137564583
1448137566019
1448137567465
1448137568793
1448137570213
1448137571557
1448137572992
1448137574477
1448137575903
1448137577261
1448137578594
1448137579984
1448137581333
1448137582729
1448137584156
1448137585532
1448137586914
1448137588364
1448137589763
1448137591157
1448137592575
1448137594004
1448137595535
1448137596911
1448137598294
1448137600059
1448137601459
1448137602819
1448137604240
1448137605623
1448137607014
1448137608421
1448137609863
1448137611295
1448137612720
1448137614069
1448137615419
1448137616801
1448137618159
1448137619508
1448137620916
1448137622391
1448137623815
1448137625167
1448137626523
1448137627921
1448137629329
1448137630721
1448137632087
1448137633498
1448137634885
1448137636267
1448137637675
1448137639075
1448137640510
1448137641890
1448137643265
1448137644648
1448137646013
1448137647421
1448137648782
1448137650170
1448137651569
1448137652986
1448137654353
1448137655809
1448137657194
1448137658613
1448137660074
1448137661490
1448137662897
1448137664280
1448137665688
1448137667137
1448137668596
1448137670327
1448137671760
1448137673172
1448137674666
1448137676050
1448137677395
1448137678832
1448137680176
1448137681553
1448137683113
1448137684538
1448137685896
1448137687261
1448137688644
1448137690052
1448137691412
1448137692973
1448137694417
1448137695803
1448137697196
1448137698705
1448137700147
1448137701539
1448137703005
1448137704412
1448137705778
1448137707203
1448137708660
1448137710061
1448137711443
1448137712868
1448137714236
1448137715774
1448137717182
1448137718623
1448137719997
1448137721371
1448137723113
1448137724562
1448137725961
1448137727337
1448137728773
1448137730250
1448137731609
1448137732991
1448137734357
1448137735757
1448137737125
1448137738506
1448137739897
1448137741347
1448137742729
1448137744136
1448137745536
1448137746886
1448137748264
1448137749709
1448137751069
1448137752458
1448137753874
1448137755268
1448137756648
1448137758026
1448137759454
1448137760829
1448137762253
1448137763644
1448137765044
1448137766418
1448137767810
1448137769170
1448137770566
1448137771916
1448137773290
1448137774657
1448137776023
1448137777388
1448137778813
1448137780171
1448137781561
1448137782919
1448137784310
1448137785701
1448137787076
1448137788475
1448137789874
1448137791257
1448137792657
1448137793981
1448137795414
1448137796788
1448137798196
1448137799587
1448137800937
1448137802362
1448137803827
1448137805159
1448137806500
1448137807867
1448137809241
1448137810660
1448137812070
1448137813556
1448137814933
1448137816329
1448137817704
1448137819103
1448137820530
1448137821916
1448137823393
1448137824801
1448137826153
1448137827538
1448137829065
1448137830441
1448137831807
1448137833173
1448137834977
1448137836420
1448137837812
1448137839222
1448137840668
1448137842026
1448137843445
1448137844963
1448137846341
1448137847678
1448137849214
1448137850606
1448137851950
1448137853395
1448137854771
1448137856190
1448137857583
1448137859020
1448137860402
1448137861855
1448137863341
1448137864783
1448137866199
1448137867608
1448137869048
1448137870442
1448137871839
1448137873192
1448137874661
1448137876120
1448137877536
1448137878960
1448137880352
1448137881705
1448137883159
1448137884487
1448137885956
1448137887423
1448137888856
1448137890222
1448137891588
1448137892979
1448137894420
1448137895803
1448137897235
1448137898605
1448137900018
1448137901403
1448137902821
1448137904257
1448137905656
1448137907065
1448137908472
1448137909849
1448137911287
1448137912672
1448137914100
1448137915627
1448137917004
1448137918384
1448137919784
1448137921178
1448137922993
1448137924406
1448137925798
1448137927255
1448137928631
1448137930014
1448137931438
1448137932828
1448137934197
1448137935586
1448137936993
1448137938368
1448137939726
1448137941083
1448137942378
1448137943840
1448137945222
1448137946613
1448137947989
1448137949363
1448137950721
1448137952057
1448137953577
1448137954997
1448137956389
1448137957900
1448137959294
1448137960657
1448137962041
1448137963415
1448137964818
1448137966279
1448137967696
1448137969103
1448137970506
1448137971902
1448137973335
1448137974777
1448137976220
1448137977682
1448137979091
1448137980510
1448137981936
1448137983397
1448137984780
1448137986171
1448137987590
1448137989177
1448137990595
1448137992020
1448137993435
1448137994800
1448137996200
1448137997585
1448137999012
1448138000505
1448138001923
1448138003293
1448138004753
1448138006204
1448138007597
1448138009066
1448138010576
1448138012034
1448138013411
1448138014834
1448138016235
1448138017595
1448138019106
1448138020565
1448138021947
1448138023383
1448138024811
1448138026179
1448138027553
1448138028994
1448138030443
1448138031885
1448138033262
1448138034717
1448138036082
1448138037457
1448138038823
1448138040197
1448138041555
1448138042916
1448138044317
1448138045712
1448138047102
1448138048527
1448138049968
1448138051367
1448138052750
1448138054093
1448138055487
1448138056940
1448138058323
1448138059706
1448138061096
1448138062482
1448138063862
1448138065269
1448138066660
1448138068035
1448138069460
1448138070818
1448138072167
1448138073561
1448138075064
1448138076439
1448138077797
1448138079238
1448138080654
1448138081987
1448138083353
1448138084727
1448138086118
1448138087501
1448138088867
1448138090575
1448138091924
1448138093375
1448138094761
1448138096165
1448138097513
1448138098913
1448138100295
1448138101678
1448138103111
1448138104502
1448138105876
1448138107242
1448138108642
1448138109991
1448138111324
1448138112665
1448138114031
1448138115455
1448138116874
1448138118246
1448138119645
1448138121056
1448138122466
1448138123993
1448138125402
1448138126738
1448138128182
1448138129624
1448138130976
1448138132353
1448138133864
1448138135283
1448138136671
1448138138421
1448138139869
1448138141271
1448138142665
1448138144110
1448138145480
1448138146925
1448138148349
1448138149744
1448138151216
1448138152615
1448138154047
1448138155447
1448138156845
1448138158236
1448138159605
1448138160968
1448138162312
1448138163648
1448138165059
1448138166441
1448138167810
1448138169364
1448138170773
1448138172147
1448138173572
1448138174963
1448138176299
1448138177727
1448138179169
1448138180593
1448138181978
1448138183455
1448138184891
1448138186266
1448138187657
1448138189090
1448138190458
1448138191806
1448138193158
1448138194538
1448138195997
1448138197469
1448138198871
1448138200285
1448138201653
1448138203025
1448138204433
1448138205840
1448138207589
1448138209080
1448138210488
1448138211879
1448138213279
1448138214678
1448138216052
1448138217418
1448138218743
1448138220109
1448138221500
1448138222899
1448138224265
1448138225607
1448138226998
1448138228399
1448138229814
1448138231171
1448138232553
1448138233912
1448138235303
1448138236710
1448138238085
1448138239410
1448138240800
1448138242166
1448138243560
1448138244965
1448138246357
1448138247672
1448138249063
1448138250504
1448138251945
1448138253328
1448138254653
1448138256014
1448138257385
1448138258768
1448138260087
1448138261566
1448138262990
1448138264398
1448138265814
1448138267230
1448138268588
1448138269983
1448138271436
1448138272786
1448138274164
1448138275668
1448138277009
1448138278459
1448138279853
1448138281287
1448138282782
1448138284181
1448138285589
1448138286946
1448138288346
1448138289761
1448138291153
1448138292527
1448138293893
1448138295309
1448138296717
1448138298094
1448138299488
1448138300949
1448138302319
1448138303805
1448138305191
1448138306587
1448138307964
1448138309350
1448138310810
1448138312227
1448138313643
1448138315102
1448138316512
1448138317941
1448138319348
1448138320725
1448138322192
1448138323590
1448138324990
1448138326367
1448138328195
1448138329573
1448138330977
1448138332368
1448138333787
1448138335207
1448138336625
1448138338032
1448138339484
1448138340894
1448138342305
1448138343674
1448138345045
1448138346420
1448138347830
1448138349359
1448138350759
1448138352128
1448138353576
1448138354988
1448138356448
1448138357881
1448138359272
1448138360641
1448138362022
1448138363380
1448138364741
1448138366137
1448138367495
1448138368869
1448138370247
1448138371684
1448138373408
1448138374807
1448138376216
1448138377639
1448138379058
1448138380513
1448138381937
1448138383328
1448138384749
1448138386227
1448138387603
1448138389035
1448138390384
1448138391725
1448138393041
1448138394424
1448138395840
1448138397231
1448138398588
1448138399954
1448138401320
1448138402720
1448138404081
1448138405469
1448138406876
1448138408293
1448138409700
1448138411085
1448138412475
1448138413873
1448138415256
1448138416639
1448138418022
1448138419421
1448138420778
1448138422120
1448138423478
1448138424904
1448138426257
1448138427659
1448138429108
1448138430483
1448138431841
1448138433215
1448138434606
1448138436030
1448138437374
1448138438726
1448138440187
1448138441564
1448138442952
1448138444346
1448138445777
1448138447129
1448138448582
1448138449926
1448138451299
1448138452627
1448138454056
1448138455472
1448138456866
1448138458279
1448138459622
1448138461041
1448138462560
1448138463979
1448138465389
1448138466858
1448138468185
1448138469532
1448138470898
1448138472256
1448138473601
1448138475121
1448138476490
1448138477909
1448138479395
1448138480765
1448138482209
1448138483618
1448138485033
1448138486433
1448138487832
1448138489259
1448138490645
1448138492097
1448138493480
1448138494921
1448138496348
1448138497766
1448138499244
1448138500652
1448138502080
1448138503541
1448138504910
1448138506307
1448138507684
1448138509222
1448138510589
1448138512005
1448138513371
1448138514754
1448138516161
1448138517561
1448138518930
1448138520323
1448138521801
1448138523208
1448138524585
1448138525940
1448138527290
1448138528667
1448138530052
1448138531481
1448138532887
1448138534240
1448138535668
1448138537027
1448138538778
1448138540159
1448138541592
1448138542959
1448138544451
1448138545857
1448138547264
1448138548600
1448138550074
1448138551496
1448138552896
1448138554245
1448138555670
1448138557068
1448138558509
1448138559960
1448138561397
1448138562832
1448138564316
1448138565710
1448138567205
1448138568592
1448138570013
1448138571413
1448138572829
1448138574313
1448138575773
1448138577542
1448138578976
1448138580433
1448138581826
1448138583237
1448138584798
1448138586247
1448138587649
1448138589026
1448138590462
1448138591865
1448138593302
1448138594727
1448138596126
1448138597525
1448138598967
1448138600424
1448138601866
1448138603289
1448138604689
1448138606055
1448138607429
1448138608840
1448138610321
1448138611747
1448138613174
1448138614709
1448138616184
1448138617575
1448138618927
1448138620337
1448138621831
1448138623217
1448138624716
1448138626096
1448138627488
1448138628878
1448138630244
1448138631627
1448138633004
1448138634497
1448138635883
1448138637300
1448138638661
1448138640122
1448138641464
1448138642889
1448138644405
1448138645855
1448138647282
1448138648741
