1448127895219
1448127898293
1448127899660
1448127901074
1448127902441
1448127903823
1448127905299
1448127906680
1448127908105
1448127909539
1448127910972
1448127912319
1448127913693
1448127915101
1448127916631
1448127918061
1448127919475
1448127920874
1448127922265
1448127923665
1448127925056
1448127926472
1448127927855
1448127929228
1448127930570
1448127932006
1448127933394
1448127934793
1448127936176
1448127937575
1448127939008
1448127940570
1448127942048
1448127943414
1448127944797
1448127946171
1448127947529
1448127948912
1448127950353
1448127951719
1448127953102
1448127954484
1448127955875
1448127957261
1448127958638
1448127960065
1448127961442
1448127962869
1448127964346
1448127965746
1448127967129
1448127968499
1448127969969
1448127971710
1448127973128
1448127974607
1448127976016
1448127977407
1448127978815
1448127980256
1448127981705
1448127983049
1448127984429
1448127985807
1448127987265
1448127988645
1448127990071
1448127991481
1448127992909
1448127994275
1448127995674
1448127997065
1448127998442
1448127999899
1448128001272
1448128002663
1448128004030
1448128005500
1448128006927
1448128008318
1448128009677
1448128011038
1448128012500
1448128013883
1448128015346
1448128016814
1448128018273
1448128019626
1448128021088
1448128022480
1448128023886
1448128025337
1448128026739
1448128028175
1448128029643
1448128031046
1448128032491
1448128033915
1448128035385
1448128036790
1448128038255
1448128039663
1448128041079
1448128042511
1448128043911
1448128045335
1448128046726
1448128048142
1448128049550
1448128050908
1448128052274
1448128053723
1448128055139
1448128056533
1448128057906
1448128059263
1448128060638
1448128062028
1448128063452
1448128064894
1448128066293
1448128067700
1448128069092
1448128070458
1448128071865
1448128073257
1448128074639
1448128076016
1448128077421
1448128078862
1448128080323
1448128081737
1448128083094
1448128084445
1448128085917
1448128087292
1448128088666
1448128090049
1448128091382
1448128092681
1448128094014
1448128095380
1448128096704
1448128098020
1448128099387
1448128100794
1448128102160
1448128103509
1448128104835
1448128106225
1448128107630
1448128109040
1448128110392
1448128111830
1448128113223
1448128114580
1448128115913
1448128117288
1448128118669
1448128120072
1448128121432
1448128122850
1448128124284
1448128125729
1448128127516
1448128128865
1448128130215
1448128131539
1448128132965
1448128134326
1448128135729
1448128137170
1448128138544
1448128139953
1448128141321
1448128142697
1448128144150
1448128145541
1448128146951
1448128148356
1448128149756
1448128151113
1448128152471
1448128153898
1448128155292
1448128156728
1448128158094
1448128159443
1448128160843
1448128162228
1448128163613
1448128165091
1448128166482
1448128167901
1448128169356
1448128170689
1448128172063
1448128173423
1448128174816
1448128176236
1448128177613
1448128179006
1448128180418
1448128181758
1448128183133
1448128184494
1448128185989
1448128187417
1448128188819
1448128190280
1448128191650
1448128193136
1448128194552
1448128195944
1448128197335
1448128198703
1448128200151
1448128201574
1448128203043
1448128204473
1448128205848
1448128207241
1448128208635
1448128210071
1448128211448
1448128212828
1448128214220
1448128215685
1448128217168
1448128218611
1448128220044
1448128221866
1448128223265
1448128224689
1448128226147
1448128227564
1448128228962
1448128230370
1448128231804
1448128233211
1448128234551
1448128236001
1448128237386
1448128238741
1448128240141
1448128241566
1448128242956
1448128244347
1448128245813
1448128247214
1448128248590
1448128249987
1448128251364
1448128252827
1448128254244
1448128255605
1448128256968
1448128258349
1448128259791
1448128261168
1448128262544
1448128263998
1448128265383
1448128266876
1448128268263
1448128269619
1448128270977
1448128272338
1448128273731
1448128275185
1448128276608
1448128277952
1448128279323
1448128280784
1448128282147
1448128283546
1448128285005
1448128286423
1448128287939
1448128289336
1448128290698
1448128292218
1448128293617
1448128294994
1448128296399
1448128297832
1448128299209
1448128300657
1448128302047
1448128303730
1448128305100
1448128306527
1448128307970
1448128309306
1448128310818
1448128312195
1448128313626
1448128315078
1448128316506
1448128317899
1448128319276
1448128320681
1448128322066
1448128323451
1448128324837
1448128326215
1448128327644
1448128329044
1448128330437
1448128331797
1448128333226
1448128334600
1448128335986
1448128337455
1448128338814
1448128340172
1448128341540
1448128342884
1448128344327
1448128345761
1448128347162
1448128348597
1448128350016
1448128351450
1448128352828
1448128354281
1448128355698
1448128357089
1448128358463
1448128359822
1448128361312
1448128362695
1448128364128
1448128365535
1448128366935
1448128368334
1448128369742
1448128371191
1448128372599
1448128374065
1448128375465
1448128376891
1448128378255
1448128379623
1448128380984
1448128382386
1448128383744
1448128385110
1448128386487
1448128387859
1448128389266
1448128390647
1448128392107
1448128393524
1448128394848
1448128396231
1448128397646
1448128399056
1448128400454
1448128401819
1448128403179
1448128404532
1448128405985
1448128407321
1448128408798
1448128410151
1448128411567
1448128412923
1448128414251
1448128415679
1448128417105
1448128418473
1448128419853
1448128421261
1448128422677
1448128424069
1448128425500
1448128426886
1448128428246
1448128429682
1448128431208
1448128432589
1448128433975
1448128435414
1448128436729
1448128438147
1448128439524
1448128440953
1448128442335
1448128443703
1448128445089
1448128446458
1448128447849
1448128449240
1448128450632
1448128452000
1448128453512
1448128454913
1448128456348
1448128457750
1448128459170
1448128460658
1448128462018
1448128463386
1448128464755
1448128466257
1448128467669
1448128469182
1448128470531
1448128471876
1448128473679
1448128475031
1448128476383
1448128477835
1448128479244
1448128480626
1448128482009
1448128483408
1448128484849
1448128486258
1448128487607
1448128488973
1448128490390
1448128491780
1448128493163
1448128494553
1448128495986
1448128497386
1448128498771
1448128500161
1448128501619
1448128502996
1448128504441
1448128505833
1448128507225
1448128508580
1448128509949
1448128511371
1448128513045
1448128514403
1448128516119
1448128517537
1448128518868
1448128520196
1448128521625
1448128522970
1448128524407
1448128525777
1448128527272
1448128528746
1448128530137
1448128531537
1448128532907
1448128534311
1448128535681
1448128537127
1448128538476
1448128539858
1448128541296
1448128542739
1448128544165
1448128545531
1448128546888
1448128548288
1448128549687
1448128551078
1448128552494
1448128553860
1448128555244
1448128556692
1448128558142
1448128559567
1448128560999
1448128562401
1448128563814
1448128565208
1448128566585
1448128568013
1448128569391
1448128570911
1448128572319
1448128573694
1448128575063
1448128576559
1448128577958
1448128579344
1448128580825
1448128582257
1448128583698
1448128585105
1448128586547
1448128587954
1448128589403
1448128590806
1448128592219
1448128593727
1448128595101
1448128596459
1448128597820
1448128599273
1448128600698
1448128602125
1448128603510
1448128604970
1448128606371
1448128607782
1448128609195
1448128610630
1448128611998
1448128613410
1448128614737
1448128616191
1448128617549
1448128618956
1448128620319
1448128621889
1448128623225
1448128624662
1448128626054
1448128627419
1448128628836
1448128630255
1448128631758
1448128633183
1448128634558
1448128635974
1448128637390
1448128638798
1448128640200
1448128641618
1448128643087
1448128644462
1448128645828
1448128647236
1448128648645
1448128650060
1448128651480
1448128652959
1448128654317
1448128655741
1448128657102
1448128658531
1448128659891
1448128661366
1448128662787
1448128664170
1448128665569
1448128666977
1448128668376
1448128669736
1448128671175
1448128672550
1448128673957
1448128675365
1448128676772
1448128678197
1448128679588
1448128681046
1448128682446
1448128683798
1448128685268
1448128686668
1448128688059
1448128689409
1448128691150
1448128692524
1448128693873
1448128695264
1448128696639
1448128697996
1448128699362
1448128700738
1448128702103
1448128703469
1448128704819
1448128706185
1448128707518
1448128708901
1448128710258
1448128711640
1448128713091
1448128714423
1448128715781
1448128717163
1448128718587
1448128719929
1448128721282
1448128722702
1448128724093
1448128725537
1448128726918
1448128728284
1448128729652
1448128731074
1448128732473
1448128733864
1448128735222
1448128736613
1448128737981
1448128739359
1448128740888
1448128742269
1448128743668
1448128745060
1448128746450
1448128747833
1448128749191
1448128750565
1448128751948
1448128753401
1448128754805
1448128756179
1448128757562
1448128758953
1448128760377
1448128761760
1448128763187
1448128764581
1448128766042
1448128767477
1448128768940
1448128770331
1448128771722
1448128773131
1448128774479
1448128775913
1448128777311
1448128778702
1448128780138
1448128781519
1448128782863
1448128784308
1448128785699
1448128787043
1448128788429
1448128789922
1448128791342
1448128792727
1448128794178
1448128795579
1448128797044
1448128798452
1448128799876
1448128801270
1448128802655
1448128804133
1448128805924
1448128807290
1448128808989
1448128810383
1448128811785
1448128813238
1448128814628
1448128816019
1448128817344
1448128818693
1448128820045
1448128821532
1448128822891
1448128824274
1448128825648
1448128827056
1448128828473
1448128829888
1448128831291
1448128832676
1448128834195
1448128835880
1448128837301
1448128838701
1448128840084
1448128841533
1448128842891
1448128844290
1448128845661
1448128847148
1448128848538
1448128849929
1448128851296
1448128852704
1448128854102
1448128855493
1448128856843
1448128858217
1448128859608
1448128861017
1448128862407
1448128863806
1448128865214
1448128866647
1448128868055
1448128869471
1448128870857
1448128872278
1448128873660
1448128874996
1448128876392
1448128877792
1448128879208
1448128880591
1448128882023
1448128883439
1448128884858
1448128886356
1448128887772
1448128889145
1448128890514
1448128891952
1448128893340
1448128894785
1448128896159
1448128897486
1448128898908
1448128900682
1448128902156
1448128903508
1448128904922
1448128906346
1448128907723
1448128909179
1448128910570
1448128911973
1448128913335
1448128914717
1448128916077
1448128917446
1448128918914
1448128920381
1448128921884
1448128923310
1448128924762
1448128926195
1448128927595
1448128928937
1448128930281
1448128931751
1448128933145
1448128934533
1448128935908
1448128937307
1448128938682
1448128940107
1448128941551
1448128943038
1448128944446
1448128946148
1448128947550
1448128949019
1448128950431
1448128951873
1448128953343
1448128954733
1448128956142
1448128957532
1448128958931
1448128960314
1448128961671
1448128963087
1448128964490
1448128965912
1448128967327
1448128968693
1448128970084
1448128971493
1448128972900
1448128974310
1448128975691
1448128977065
1448128978398
1448128979830
1448128981213
1448128982589
1448128984054
1448128985461
1448128986885
1448128988318
1448128989717
1448128991150
1448128992558
1448128994282
1448128995665
1448128997122
1448128998538
1448128999955
1448129001308
1448129002728
1448129004078
1448129005452
1448129006827
1448129008269
1448129009684
1448129011152
1448129012566
1448129013973
1448129015364
1448129016656
1448129018001
1448129019438
1448129020846
1448129022166
1448129023611
1448129024954
1448129026326
1448129027670
1448129029058
1448129030449
1448129031807
1448129033224
1448129034606
1448129035998
1448129037347
1448129038688
1448129040058
1448129041612
1448129043028
1448129044389
1448129045826
1448129047175
1448129048516
1448129049857
1448129051207
1448129052559
1448129053986
1448129055788
1448129057179
1448129058520
1448129059928
1448129061332
1448129062843
1448129064259
1448129065612
1448129067050
1448129068475
1448129069915
1448129071340
1448129072722
1448129074097
1448129075472
1448129076930
1448129078295
1448129079636
1448129081035
1448129082388
1448129083734
1448129085095
1448129086438
1448129087857
1448129089174
1448129090515
1448129091835
1448129093271
1448129094679
1448129096056
1448129097400
1448129098811
1448129100169
1448129101579
1448129102914
1448129104391
1448129105799
1448129107203
1448129108578
1448129109948
1448129111389
1448129112763
1448129114196
1448129115620
1448129116964
1448129118352
1448129119787
1448129121198
1448129122618
1448129123983
1448129125341
1448129126673
1448129128107
1448129129483
1448129130860
1448129132304
1448129133729
1448129135086
1448129136478
1448129137879
1448129139268
1448129140710
1448129142109
1448129143475
1448129144816
1448129146175
1448129147623
1448129149089
1448129150490
1448129151932
1448129153337
1448129154737
1448129156112
1448129157544
1448129158918
1448129160311
1448129162059
1448129163449
1448129164832
1448129166273
1448129167648
1448129169030
1448129170404
1448129171837
1448129173278
1448129174702
1448129176110
1448129177493
1448129178900
1448129180275
1448129181662
1448129183123
1448129184531
1448129185947
1448129187358
1448129188793
1448129190212
1448129191548
1448129192962
1448129194331
1448129195817
1448129197245
1448129198630
1448129200099
1448129201460
1448129202840
1448129204239
1448129205616
1448129207408
1448129208788
1448129210174
1448129211670
1448129213077
1448129214460
1448129215851
1448129217334
1448129218717
1448129220136
1448129221622
1448129223047
1448129224464
1448129225856
1448129227338
1448129228691
1448129230136
1448129231519
1448129232901
1448129234309
1448129235734
1448129237150
1448129238518
1448129239907
1448129241276
1448129242686
1448129244138
1448129245488
1448129246921
1448129248328
1448129249753
1448129251135
1448129252893
1448129254292
1448129255658
1448129257052
1448129258415
1448129259790
1448129261189
1448129262591
1448129264004
1448129265437
1448129266828
1448129268203
1448129269577
1448129271327
1448129272745
1448129274222
1448129275667
1448129277041
1448129278415
1448129279790
1448129281206
1448129282929
1448129284314
1448129285682
1448129287245
1448129288603
1448129289960
1448129291334
1448129292717
1448129294166
1448129295535
1448129296923
1448129298364
1448129299780
1448129301163
1448129302554
1448129303945
1448129305361
