1448132563576
1448132566678
1448132568087
1448132569535
1448132570951
1448132572350
1448132573750
1448132575174
1448132576603
1448132578081
1448132579489
1448132580990
1448132582372
1448132583721
1448132585370
1448132586786
1448132588179
1448132589576
1448132590994
1448132592358
1448132593758
1448132595207
1448132596548
1448132597931
1448132599322
1448132600755
1448132602179
1448132603587
1448132605002
1448132606444
1448132607855
1448132609267
1448132610717
1448132612116
1448132613550
1448132614898
1448132616348
1448132617738
1448132619113
1448132620487
1448132621820
1448132623186
1448132624519
1448132625851
1448132627241
1448132628683
1448132630075
1448132631499
1448132632898
1448132634308
1448132635664
1448132637074
1448132638479
1448132639853
1448132641279
1448132642635
1448132644401
1448132645784
1448132647229
1448132648600
1448132649990
1448132651451
1448132652848
1448132654206
1448132655580
1448132656979
1448132658353
1448132659745
1448132661147
1448132662573
1448132663985
1448132665370
1448132666854
1448132668192
1448132669561
1448132671081
1448132672531
1448132673917
1448132675403
1448132676837
1448132678228
1448132679619
1448132680996
1448132682384
1448132684084
1448132685484
1448132686941
1448132688340
1448132689690
1448132691116
1448132692546
1448132693987
1448132695438
1448132696845
1448132698252
1448132699660
1448132701069
1448132702492
1448132703900
1448132705291
1448132706707
1448132708165
1448132709531
1448132710908
1448132712318
1448132713762
1448132715164
1448132716575
1448132718010
1448132719379
1448132720784
1448132722234
1448132723579
1448132724958
1448132726336
1448132727781
1448132729173
1448132730597
1448132732046
1448132733404
1448132734770
1448132736195
1448132737552
1448132738943
1448132740359
1448132741767
1448132743177
1448132744582
1448132745959
1448132747332
1448132748739
1448132750097
1448132751479
1448132752853
1448132754297
1448132755693
1448132757168
1448132758517
1448132759883
1448132761309
1448132762682
1448132764006
1448132765356
1448132766739
1448132768163
1448132769571
1448132770954
1448132772295
1448132773652
1448132775068
1448132776451
1448132777867
1448132779275
1448132780649
1448132782065
1448132783465
1448132784881
1448132786280
1448132787704
1448132789079
1448132790495
1448132791923
1448132793352
1448132794751
1448132796184
1448132797594
1448132798983
1448132800399
1448132801840
1448132803231
1448132804622
1448132806063
1448132807496
1448132808962
1448132810361
1448132811735
1448132813101
1448132814479
1448132815833
1448132817219
1448132818607
1448132819993
1448132821411
1448132822897
1448132824313
1448132825689
1448132827153
1448132828511
1448132830286
1448132831671
1448132833081
1448132834575
1448132836016
1448132837491
1448132838857
1448132840248
1448132841601
1448132843021
1448132844437
1448132845854
1448132847245
1448132848637
1448132850030
1448132851452
1448132852859
1448132854259
1448132855653
1448132857095
1448132858598
1448132860039
1448132861397
1448132862763
1448132864107
1448132865475
1448132867029
1448132868452
1448132869843
1448132871212
1448132872608
1448132873995
1448132875431
1448132876891
1448132878277
1448132879797
1448132881174
1448132882579
1448132883962
1448132885336
1448132886735
1448132888137
1448132889551
1448132890959
1448132892304
1448132893741
1448132895134
1448132896474
1448132897851
1448132899288
1448132900640
1448132902043
1448132903528
1448132904936
1448132906319
1448132907718
1448132909084
1448132910500
1448132911953
1448132913365
1448132914773
1448132916172
1448132917547
1448132918947
1448132920329
1448132921745
1448132923125
1448132924520
1448132925902
1448132927235
1448132928575
1448132929984
1448132931341
1448132932749
1448132934157
1448132935680
1448132937096
1448132938462
1448132939820
1448132941153
1448132942885
1448132944235
1448132945593
1448132947105
1448132948558
1448132949916
1448132951240
1448132952590
1448132954025
1448132955771
1448132957132
1448132958567
1448132960045
1448132961471
1448132962943
1448132964345
1448132965759
1448132967177
1448132968571
1448132969991
1448132971531
1448132972931
1448132974324
1448132975789
1448132977216
1448132978719
1448132980227
1448132981681
1448132983131
1448132984609
1448132986017
1448132987471
1448132988965
1448132990389
1448132991805
1448132993256
1448132994688
1448132996129
1448132997536
1448132998986
1448133000381
1448133001837
1448133003550
1448133004961
1448133006363
1448133007873
1448133009267
1448133010628
1448133012054
1448133013479
1448133014920
1448133016303
1448133017730
1448133019196
1448133020594
1448133022001
1448133023400
1448133024791
1448133026199
1448133027660
1448133029135
1448133030540
1448133032063
1448133033488
1448133034911
1448133036337
1448133037777
1448133039176
1448133040592
1448133041995
1448133043433
1448133044883
1448133046285
1448133047731
1448133049148
1448133050563
1448133051948
1448133053370
1448133054786
1448133056163
1448133057551
1448133058951
1448133060295
1448133061667
1448133063099
1448133064501
1448133065940
1448133067444
1448133068913
1448133070279
1448133071670
1448133073086
1448133074489
1448133075893
1448133077326
1448133078734
1448133080076
1448133081425
1448133082774
1448133084144
1448133085588
1448133086988
1448133088371
1448133089813
1448133091257
1448133092694
1448133094078
1448133095451
1448133096817
1448133098170
1448133099513
1448133100933
1448133102383
1448133103786
1448133105205
1448133106559
1448133108038
1448133109387
1448133110753
1448133112152
1448133113502
1448133114909
1448133116309
1448133117691
1448133119083
1448133120490
1448133121927
1448133123273
1448133124672
1448133126054
1448133127470
1448133128848
1448133130203
1448133131569
1448133132968
1448133134364
1448133135717
1448133137083
1448133138477
1448133139912
1448133141422
1448133142816
1448133144202
1448133145630
1448133147129
1448133148905
1448133150266
1448133151794
1448133153203
1448133154699
1448133156102
1448133157483
1448133158852
1448133160313
1448133161723
1448133163092
1448133164520
1448133165988
1448133167365
1448133168744
1448133170127
1448133171512
1448133172897
1448133174633
1448133176007
1448133177382
1448133178764
1448133180156
1448133181555
1448133183004
1448133184379
1448133185761
1448133187161
1448133188553
1448133189968
1448133191376
1448133192779
1448133194258
1448133195690
1448133197098
1448133198506
1448133199884
1448133201322
1448133202691
1448133204079
1448133205415
1448133206893
1448133208369
1448133209776
1448133211178
1448133212643
1448133214093
1448133215509
1448133216933
1448133218305
1448133219663
1448133221071
1448133222565
1448133223994
1448133225427
1448133226835
1448133228238
1448133229950
1448133231316
1448133232716
1448133234166
1448133235575
1448133236964
1448133238346
1448133239762
1448133241171
1448133242612
1448133243973
1448133245386
1448133246764
1448133248292
1448133249678
1448133251105
1448133252623
1448133254050
1448133255431
1448133256847
1448133258271
1448133259613
1448133260921
1448133262320
1448133263728
1448133265168
1448133266551
1448133267904
1448133269349
1448133270736
1448133272259
1448133273656
1448133274991
1448133276454
1448133277880
1448133279229
1448133280607
1448133282127
1448133283552
1448133284901
1448133286309
1448133287767
1448133289149
1448133290584
1448133291965
1448133293340
1448133294709
1448133296179
1448133297620
1448133299078
1448133300519
1448133301927
1448133303343
1448133304809
1448133306217
1448133307607
1448133309040
1448133310481
1448133311881
1448133313324
1448133314751
1448133316205
1448133317583
1448133319085
1448133320463
1448133321835
1448133323309
1448133324727
1448133326133
1448133327526
1448133328931
1448133330356
1448133331780
1448133333200
1448133334737
1448133336111
1448133337503
1448133338910
1448133340304
1448133341672
1448133343517
1448133344892
1448133346277
1448133347681
1448133349118
1448133350514
1448133351964
1448133353354
1448133354795
1448133356178
1448133357627
1448133359076
1448133360527
1448133361971
1448133363532
1448133364933
1448133366315
1448133367682
1448133369089
1448133370455
1448133371813
1448133373265
1448133374661
1448133376085
1448133377494
1448133378855
1448133380226
1448133381600
1448133382950
1448133384291
1448133385674
1448133387018
1448133388456
1448133389854
1448133391320
1448133392707
1448133394202
1448133395628
1448133396969
1448133398417
1448133399776
1448133401167
1448133402574
1448133403981
1448133405375
1448133406772
1448133408124
1448133409472
1448133410862
1448133412228
1448133413619
1448133415038
1448133416455
1448133417842
1448133419217
1448133420607
1448133422002
1448133423512
1448133424948
1448133426338
1448133427738
1448133429129
1448133430511
1448133431902
1448133433352
1448133434751
1448133436142
1448133437525
1448133438891
1448133440265
1448133441640
1448133442989
1448133444339
1448133445691
1448133447104
1448133448520
1448133449911
1448133451328
1448133452762
1448133454109
1448133455459
1448133456796
1448133458217
1448133459598
1448133461015
1448133462417
1448133463831
1448133465209
1448133467020
1448133468478
1448133469869
1448133471261
1448133472627
1448133474034
1448133475441
1448133476858
1448133478252
1448133479632
1448133481017
1448133482398
1448133483783
1448133485170
1448133486514
1448133487861
1448133489238
1448133490601
1448133491992
1448133493404
1448133494825
1448133496202
1448133497629
1448133499139
1448133500525
1448133501927
1448133503397
1448133504754
1448133506120
1448133507494
1448133508879
1448133510252
1448133511664
1448133513250
1448133514686
1448133516341
1448133517699
1448133519068
1448133520605
1448133522013
1448133523371
1448133524771
1448133526503
1448133527869
1448133529268
1448133530651
1448133532042
1448133533441
1448133534873
1448133536273
1448133537656
1448133539055
1448133540463
1448133541905
1448133543346
1448133544744
1448133546119
1448133547502
1448133548901
1448133550267
1448133551633
1448133552982
1448133554398
1448133555806
1448133557156
1448133558589
1448133559972
1448133561328
1448133562737
1448133564078
1448133565460
1448133566818
1448133568209
1448133569592
1448133570991
1448133572416
1448133573850
1448133575264
1448133576605
1448133578029
1448133579463
1448133580924
1448133582377
1448133583735
1448133585126
1448133586867
1448133588279
1448133589733
1448133591107
1448133592498
1448133593898
1448133595289
1448133596642
1448133598079
1448133599487
1448133600878
1448133602213
1448133603674
1448133605092
1448133606461
1448133607830
1448133609241
1448133610640
1448133612048
1448133613455
1448133614842
1448133616229
1448133617622
1448133619020
1448133620413
1448133621777
1448133623179
1448133624542
1448133625933
1448133627285
1448133628657
1448133630056
1448133631440
1448133632839
1448133634272
1448133635680
1448133637087
1448133638519
1448133639946
1448133641352
1448133642734
1448133644125
1448133645485
1448133646891
1448133648318
1448133649808
1448133651222
1448133652607
1448133654026
1448133655478
1448133656904
1448133658349
1448133659778
1448133661218
1448133662667
1448133664375
1448133665791
1448133667165
1448133668548
1448133669982
1448133671430
1448133672880
1448133674303
1448133675695
1448133677044
1448133678468
1448133679826
1448133681225
1448133682568
1448133684025
1448133685424
1448133686840
1448133688231
1448133689564
1448133690914
1448133692337
1448133693799
1448133695252
1448133696702
1448133698093
1448133699476
1448133700892
1448133702285
1448133703641
1448133705041
1448133706427
1448133707865
1448133709251
1448133710754
1448133712145
1448133713553
1448133714936
1448133716346
1448133717823
1448133719259
1448133720633
1448133721991
1448133723402
1448133724806
1448133726239
1448133727634
1448133729121
1448133730523
1448133731921
1448133733307
1448133734793
1448133736243
1448133737668
1448133739108
1448133740553
1448133741970
1448133743473
1448133744965
1448133746355
1448133747729
1448133749162
1448133750528
1448133751939
1448133753345
1448133754768
1448133756142
1448133757542
1448133758891
1448133760249
1448133761634
1448133763031
1448133764430
1448133765855
1448133767248
1448133768753
1448133770153
1448133771577
1448133772993
1448133774376
1448133775800
1448133777183
1448133778558
1448133779965
1448133781356
1448133782748
1448133784126
1448133785606
1448133787045
1448133788439
1448133789811
1448133791554
1448133792968
1448133794370
1448133795780
1448133797248
1448133798607
1448133799959
1448133801311
1448133802723
1448133804146
1448133805490
1448133806837
1448133808169
1448133809535
1448133810943
1448133812359
1448133813742
1448133815092
1448133816400
1448133817732
1448133819099
1448133820426
1448133821822
1448133823205
1448133824555
1448133825945
1448133827327
1448133828735
1448133830162
1448133831860
1448133833263
1448133834791
1448133836190
1448133837581
1448133838947
1448133840330
1448133841729
1448133843148
1448133844528
1448133845978
1448133847427
1448133848926
1448133850309
1448133851683
1448133853074
1448133854524
1448133855933
1448133857317
1448133858705
1448133860055
1448133861379
1448133862720
1448133864211
1448133865570
1448133866960
1448133868371
1448133869759
1448133871150
1448133872550
1448133873992
1448133875399
1448133876776
1448133878254
1448133879696
1448133881096
1448133882539
1448133884060
1448133885494
1448133886859
1448133888267
1448133889695
1448133891157
1448133892515
1448133893924
1448133895339
1448133896772
1448133898192
1448133899643
1448133901071
1448133902407
1448133903927
1448133905368
1448133906778
1448133908217
1448133909662
1448133911181
1448133912631
1448133914081
1448133915505
1448133916888
1448133918296
1448133919721
1448133921153
1448133922564
1448133924117
1448133925501
1448133926933
1448133928366
1448133929825
1448133931193
1448133932634
1448133934111
1448133935563
1448133936923
1448133938345
1448133939764
1448133941177
1448133942610
1448133943993
1448133945367
1448133946783
1448133948182
1448133949623
1448133951064
1448133952473
1448133953922
1448133955346
1448133956720
1448133958040
1448133959544
1448133960888
1448133962294
1448133963751
1448133965156
1448133966567
1448133967949
1448133969323
1448133970731
1448133972180
1448133973654
1448133975095
1448133976561
1448133977994
