1448140348299
1448140351342
1448140352775
1448140354190
1448140355623
1448140357048
1448140358448
1448140359821
1448140361187
1448140362628
1448140364037
1448140365452
1448140366869
1448140368269
1448140369822
1448140371266
1448140372687
1448140374140
1448140375540
1448140376930
1448140378330
1448140379721
1448140381070
1448140382436
1448140383786
1448140385160
1448140386576
1448140388051
1448140389417
1448140390808
1448140392292
1448140393703
1448140395140
1448140396523
1448140397896
1448140399246
1448140400595
1448140401994
1448140403352
1448140404676
1448140405992
1448140407425
1448140408800
1448140410174
1448140411532
1448140412915
1448140414281
1448140415631
1448140417047
1448140418413
1448140419803
1448140421203
1448140422615
1448140424034
1448140425400
1448140426767
1448140428149
1448140429540
1448140430940
1448140432308
1448140433733
1448140435221
1448140436637
1448140437997
1448140439408
1448140440909
1448140442326
1448140443701
1448140445108
1448140446517
1448140447965
1448140449331
1448140450725
1448140452271
1448140453697
1448140455055
1448140456432
1448140457860
1448140459260
1448140460626
1448140462018
1448140463400
1448140464799
1448140466158
1448140467524
1448140469227
1448140470705
1448140472080
1448140473458
1448140474845
1448140476289
1448140477753
1448140479143
1448140480576
1448140482022
1448140483558
1448140485024
1448140486451
1448140487899
1448140489330
1448140490721
1448140492087
1448140493481
1448140494883
1448140496395
1448140497806
1448140499333
1448140500710
1448140502116
1448140503510
1448140504904
1448140506339
1448140507698
1448140509047
1448140510412
1448140511781
1448140513336
1448140514737
1448140516143
1448140517568
1448140519017
1448140520441
1448140521824
1448140523236
1448140524673
1448140526041
1448140527431
1448140528797
1448140530179
1448140531570
1448140532895
1448140534253
1448140535618
1448140537042
1448140538459
1448140539833
1448140541232
1448140542678
1448140544123
1448140545455
1448140546805
1448140548163
1448140549503
1448140550855
1448140552186
1448140553536
1448140554902
1448140556260
1448140557726
1448140559083
1448140560457
1448140561881
1448140563273
1448140564647
1448140566040
1448140567405
1448140568803
1448140570194
1448140571585
1448140573001
1448140574367
1448140575703
1448140577084
1448140578491
1448140579851
1448140581231
1448140582605
1448140583980
1448140585405
1448140586787
1448140588195
1448140589539
1448140590918
1448140592303
1448140593659
1448140595017
1448140596453
1448140597924
1448140599298
1448140600664
1448140602049
1448140603452
1448140604822
1448140606198
1448140607994
1448140609385
1448140610768
1448140612117
1448140613451
1448140614808
1448140616218
1448140617629
1448140619056
1448140620423
1448140621897
1448140623272
1448140624672
1448140626078
1448140627470
1448140628814
1448140630218
1448140631609
1448140633108
1448140634474
1448140635874
1448140637256
1448140638683
1448140640118
1448140641588
1448140642988
1448140644389
1448140645766
1448140647186
1448140648564
1448140650033
1448140651400
1448140652808
1448140654177
1448140655554
1448140657007
1448140658423
1448140659805
1448140661171
1448140662591
1448140664029
1448140665410
1448140666787
1448140668308
1448140669776
1448140671219
1448140672613
1448140674074
1448140675477
1448140676996
1448140678455
1448140679871
1448140681262
1448140682661
1448140684052
1448140685443
1448140686851
1448140688250
1448140689641
1448140690999
1448140692366
1448140693731
1448140695139
1448140696572
1448140697957
1448140699345
1448140700753
1448140702195
1448140703643
1448140705034
1448140706410
1448140707746
1448140709150
1448140710549
1448140711940
1448140713331
1448140714772
1448140716188
1448140717596
1448140719003
1448140720454
1448140721852
1448140723276
1448140724668
1448140726038
1448140727459
1448140728874
1448140730240
1448140731639
1448140733064
1448140734838
1448140736266
1448140737654
1448140739094
1448140740470
1448140741814
1448140743368
1448140744704
1448140746174
1448140747600
1448140748978
1448140750390
1448140751780
1448140753151
1448140754645
1448140756087
1448140757487
1448140758840
1448140760301
1448140761768
1448140763193
1448140764569
1448140765950
1448140767344
1448140768755
1448140770473
1448140771850
1448140773335
1448140774771
1448140776181
1448140777668
1448140779119
1448140780529
1448140781939
1448140783692
1448140785127
1448140786529
1448140787974
1448140789318
1448140790822
1448140792215
1448140793609
1448140795053
1448140796463
1448140797827
1448140799155
1448140800601
1448140801984
1448140803333
1448140804749
1448140806092
1448140807490
1448140808868
1448140810337
1448140811754
1448140813249
1448140814711
1448140816094
1448140817510
1448140818934
1448140820375
1448140821825
1448140823244
1448140824657
1448140826056
1448140827480
1448140828905
1448140830279
1448140831655
1448140833054
1448140834461
1448140835844
1448140837268
1448140838628
1448140840025
1448140841391
1448140842851
1448140844228
1448140845681
1448140847064
1448140848497
1448140849887
1448140851262
1448140852652
1448140854069
1448140855476
1448140856867
1448140858258
1448140859625
1448140860966
1448140862311
1448140863763
1448140865156
1448140866534
1448140868045
1448140869428
1448140870811
1448140872244
1448140873618
1448140874993
1448140876350
1448140877785
1448140879174
1448140880540
1448140881898
1448140883298
1448140884697
1448140886063
1448140887404
1448140888803
1448140890148
1448140891502
1448140892885
1448140894267
1448140895642
1448140897108
1448140898491
1448140899907
1448140901306
1448140902724
1448140904141
1448140905512
1448140906878
1448140908340
1448140909749
1448140911153
1448140912534
1448140913909
1448140915275
1448140916632
1448140918028
1448140919523
1448140920922
1448140922305
1448140923716
1448140925109
1448140926560
1448140928011
1448140929410
1448140930804
1448140932181
1448140933601
1448140934983
1448140936360
1448140937900
1448140939306
1448140940688
1448140942121
1448140943488
1448140944862
1448140946240
1448140948068
1448140949493
1448140950901
1448140952267
1448140953702
1448140955082
1448140956473
1448140957848
1448140959230
1448140960607
1448140961987
1448140963376
1448140964803
1448140966211
1448140967596
1448140969074
1448140970459
1448140971809
1448140973162
1448140974664
1448140976109
1448140977506
1448140978851
1448140980272
1448140981670
1448140983045
1448140984422
1448140985824
1448140987309
1448140988810
1448140990217
1448140991545
1448140992974
1448140994294
1448140995697
1448140997180
1448140998596
1448140999987
1448141001387
1448141002828
1448141004235
1448141005626
1448141007035
1448141008420
1448141009850
1448141011300
1448141012698
1448141014131
1448141015548
1448141016922
1448141018349
1448141019737
1448141021122
1448141022495
1448141023936
1448141025580
1448141026992
1448141028475
1448141029853
1448141031307
1448141032716
1448141034173
1448141035617
1448141037097
1448141038454
1448141039766
1448141041195
1448141042564
1448141044084
1448141045470
1448141046858
1448141048244
1448141049629
1448141051089
1448141052515
1448141053931
1448141055284
1448141056770
1448141058145
1448141059528
1448141060894
1448141062260
1448141063729
1448141065158
1448141066559
1448141067895
1448141069315
1448141070667
1448141072055
1448141073489
1448141074855
1448141076229
1448141077690
1448141079127
1448141080594
1448141082051
1448141083484
1448141084878
1448141086282
1448141087635
1448141089129
1448141090589
1448141092005
1448141093440
1448141094812
1448141096286
1448141097638
1448141099102
1448141100487
1448141101877
1448141103271
1448141104757
1448141106158
1448141107582
1448141108947
1448141110363
1448141111738
1448141113138
1448141114496
1448141115870
1448141117231
1448141118734
1448141120176
1448141121509
1448141122913
1448141124474
1448141125823
1448141127198
1448141128605
1448141130005
1448141131413
1448141132803
1448141134245
1448141135631
1448141137094
1448141138535
1448141139950
1448141141384
1448141142820
1448141144282
1448141145656
1448141147014
1448141148413
1448141149799
1448141151170
1448141152570
1448141153944
1448141155310
1448141156726
1448141158109
1448141159417
1448141160816
1448141162191
1448141163574
1448141164965
1448141166310
1448141167762
1448141169187
1448141170595
1448141171986
1448141173413
1448141174769
1448141176152
1448141177521
1448141179057
1448141180475
1448141181841
1448141183206
1448141184564
1448141185930
1448141187297
1448141188679
1448141190013
1448141191419
1448141192835
1448141194193
1448141195542
1448141196895
1448141198791
1448141200176
1448141201606
1448141202951
1448141204397
1448141205797
1448141207149
1448141208637
1448141210019
1448141211427
1448141212826
1448141214212
1448141215608
1448141217036
1448141218438
1448141219849
1448141221248
1448141222605
1448141223946
1448141225287
1448141226613
1448141228066
1448141229560
1448141230918
1448141232268
1448141233629
1448141235041
1448141236394
1448141237790
1448141239193
1448141240594
1448141242087
1448141243555
1448141244963
1448141246336
1448141247728
1448141249063
1448141250415
1448141251876
1448141253286
1448141254680
1448141256182
1448141257616
1448141259027
1448141260480
1448141261888
1448141263262
1448141264621
1448141266011
1448141267394
1448141268794
1448141270193
1448141271545
1448141272885
1448141274357
1448141275676
1448141277037
1448141278516
1448141279885
1448141281337
1448141282771
1448141284199
1448141285643
1448141287077
1448141288485
1448141289926
1448141291309
1448141292691
1448141294090
1448141295467
1448141296886
1448141298282
1448141299713
1448141301112
1448141302520
1448141303936
1448141305303
1448141306685
1448141308037
1448141309523
1448141310900
1448141312282
1448141314115
1448141315598
1448141317005
1448141318413
1448141319787
1448141321204
1448141322629
1448141324014
1448141325377
1448141326785
1448141328184
1448141329650
1448141331032
1448141332423
1448141333859
1448141335222
1448141336655
1448141338071
1448141339454
1448141340799
1448141342243
1448141343660
1448141345068
1448141346420
1448141347847
1448141349408
1448141350759
1448141352120
1448141353583
1448141355038
1448141356447
1448141357798
1448141359252
1448141360736
1448141362127
1448141363553
1448141364984
1448141366343
1448141367692
1448141369036
1448141370391
1448141371764
1448141373155
1448141374546
1448141375922
1448141377321
1448141378695
1448141380094
1448141381503
1448141382893
1448141384251
1448141385608
1448141386991
1448141388384
1448141390185
1448141391597
1448141393356
1448141394821
1448141396254
1448141397662
1448141399047
1448141400473
1448141401884
1448141403242
1448141404611
1448141406013
1448141407458
1448141408859
1448141410261
1448141411763
1448141413140
1448141414512
1448141415915
1448141417350
1448141418803
1448141420226
1448141421642
1448141423019
1448141424486
1448141425865
1448141427226
1448141428688
1448141430105
1448141431480
1448141432865
1448141434253
1448141435620
1448141437060
1448141438443
1448141439834
1448141441250
1448141442650
1448141444074
1448141445507
1448141446881
1448141448255
1448141449663
1448141451071
1448141452487
1448141453896
1448141455305
1448141456710
1448141458037
1448141459409
1448141460783
1448141462175
1448141463643
1448141465006
1448141466382
1448141467789
1448141469246
1448141470637
1448141471971
1448141473319
1448141474685
1448141476076
1448141477493
1448141478853
1448141480246
1448141481675
1448141483065
1448141484399
1448141485756
1448141487166
1448141488585
1448141490104
1448141491471
1448141492852
1448141494246
1448141495635
1448141497053
1448141498566
1448141499959
1448141501382
1448141502794
1448141504306
1448141505713
1448141507063
1448141508407
1448141509817
1448141511262
1448141512669
1448141514105
1448141515576
1448141516992
1448141518400
1448141519841
1448141521284
1448141522706
1448141524155
1448141525563
1448141526954
1448141528328
1448141529694
1448141531036
1448141532393
1448141533802
1448141535220
1448141536592
1448141537977
1448141539349
1448141540717
1448141542198
1448141543556
1448141544954
1448141546288
1448141547612
1448141548949
1448141550402
1448141551818
1448141553217
1448141554579
1448141556008
1448141557385
1448141558790
1448141560206
1448141561580
1448141563300
1448141564771
1448141566139
1448141567862
1448141569332
1448141570760
1448141572159
1448141573578
1448141574979
1448141576433
1448141577818
1448141579231
1448141580589
1448141581955
1448141583312
1448141584762
1448141586136
1448141587502
1448141588896
1448141590285
1448141591588
1448141592991
1448141594383
1448141595791
1448141597223
1448141598598
1448141599989
1448141601314
1448141602658
1448141604062
1448141605436
1448141607152
1448141608545
1448141609985
1448141611359
1448141612749
1448141614183
1448141615549
1448141616981
1448141618397
1448141619763
1448141621132
1448141622495
1448141623903
1448141625627
1448141627351
1448141628742
1448141630150
1448141631541
1448141632950
1448141634349
1448141635742
1448141637114
1448141638505
1448141639904
1448141641245
1448141642594
1448141644012
1448141645427
1448141646818
1448141648184
1448141649533
1448141650991
1448141652391
1448141653769
1448141655190
1448141656600
1448141657988
1448141659379
1448141660804
1448141662202
1448141663594
1448141665002
1448141666403
1448141667733
1448141669141
1448141670524
1448141671967
1448141673369
1448141674848
1448141676289
1448141677697
1448141679079
1448141680457
1448141681936
1448141683327
1448141684826
1448141686211
1448141687630
1448141689166
1448141690553
1448141691981
1448141693383
1448141694838
1448141696207
1448141697609
1448141699070
1448141700523
1448141701976
1448141703359
1448141704775
1448141706234
1448141707633
1448141709002
1448141710398
1448141711781
1448141713205
1448141714639
1448141716104
1448141717536
1448141718994
1448141720388
1448141721759
1448141723134
1448141724513
1448141725998
1448141727458
1448141729211
1448141730665
1448141732084
1448141733530
1448141734963
1448141736362
1448141737782
1448141739251
1448141740677
1448141742035
1448141743442
1448141744849
1448141746215
1448141747606
1448141749039
1448141750455
1448141751888
1448141753279
1448141754796
1448141756187
1448141757585
1448141759068
