1448135682714
1448135685756
1448135687164
1448135688555
1448135690004
1448135691370
1448135692795
1448135694186
1448135695577
1448135696969
1448135698326
1448135699726
1448135701157
1448135702556
1448135704120
1448135705489
1448135706848
1448135708221
1448135709571
1448135710978
1448135712361
1448135713744
1448135715135
1448135716559
1448135717984
1448135719416
1448135720791
1448135722198
1448135723623
1448135725114
1448135726564
1448135727996
1448135729430
1448135730803
1448135732194
1448135733569
1448135735019
1448135736409
1448135737775
1448135739143
1448135740521
1448135741982
1448135743408
1448135744802
1448135746205
1448135747550
1448135749010
1448135750395
1448135751785
1448135753176
1448135754576
1448135755958
1448135757357
1448135758724
1448135760174
1448135761551
1448135762964
1448135764405
1448135765845
1448135767245
1448135768644
1448135770021
1448135771415
1448135772859
1448135774236
1448135775638
1448135777049
1448135778407
1448135779809
1448135781202
1448135782608
1448135784012
1448135785412
1448135786765
1448135788185
1448135789627
1448135791001
1448135792361
1448135793813
1448135795608
1448135796969
1448135798455
1448135799973
1448135801338
1448135802715
1448135804142
1448135805653
1448135807044
1448135808429
1448135809792
1448135811208
1448135812649
1448135814049
1448135815482
1448135816931
1448135818330
1448135819780
1448135821196
1448135822620
1448135824036
1448135825428
1448135826810
1448135828254
1448135829631
1448135831067
1448135832449
1448135833840
1448135835240
1448135836589
1448135837950
1448135839338
1448135840804
1448135842164
1448135843558
1448135845043
1448135846468
1448135847867
1448135849285
1448135850725
1448135852070
1448135853507
1448135855223
1448135856605
1448135858015
1448135859412
1448135860812
1448135862169
1448135863552
1448135864935
1448135866295
1448135867683
1448135869091
1448135870443
1448135871770
1448135873140
1448135874565
1448135875892
1448135877271
1448135878620
1448135880129
1448135881505
1448135882868
1448135884204
1448135885567
1448135886911
1448135888280
1448135889706
1448135891148
1448135892506
1448135893858
1448135895232
1448135896704
1448135898087
1448135899444
1448135900804
1448135902190
1448135903650
1448135905012
1448135906380
1448135907782
1448135909126
1448135910614
1448135912022
1448135913407
1448135914903
1448135916287
1448135917637
1448135918972
1448135920385
1448135921751
1448135923160
1448135924516
1448135925883
1448135927274
1448135928656
1448135930098
1448135931516
1448135932905
1448135934273
1448135935719
1448135937086
1448135938444
1448135939828
1448135941197
1448135942649
1448135944042
1448135945468
1448135946865
1448135948267
1448135949763
1448135951131
1448135952488
1448135953863
1448135955246
1448135956611
1448135957923
1448135959400
1448135960826
1448135962208
1448135963618
1448135965066
1448135966432
1448135967809
1448135969202
1448135970713
1448135972120
1448135973554
1448135974987
1448135976369
1448135977760
1448135979134
1448135980528
1448135981989
1448135983357
1448135984808
1448135986223
1448135987580
1448135988955
1448135990321
1448135991687
1448135993055
1448135994441
1448135995886
1448135997268
1448135998634
1448136000059
1448136001433
1448136002761
1448136004198
1448136005648
1448136007075
1448136008505
1448136009904
1448136011328
1448136012722
1448136014115
1448136015668
1448136017092
1448136018508
1448136019966
1448136021390
1448136022798
1448136024156
1448136025583
1448136026943
1448136028379
1448136029797
1448136031219
1448136032927
1448136034638
1448136036142
1448136037566
1448136038949
1448136040332
1448136041724
1448136043107
1448136044485
1448136045913
1448136047312
1448136048697
1448136050433
1448136051860
1448136053285
1448136054701
1448136056108
1448136057524
1448136058926
1448136060430
1448136061832
1448136063275
1448136064638
1448136066104
1448136067512
1448136068897
1448136070277
1448136071685
1448136073093
1448136074525
1448136075924
1448136077349
1448136078781
1448136080223
1448136081633
1448136083018
1448136084495
1448136085978
1448136087369
1448136088786
1448136090227
1448136091667
1448136093444
1448136094900
1448136096278
1448136097674
1448136099164
1448136100650
1448136102088
1448136103473
1448136104912
1448136106355
1448136107785
1448136109193
1448136110567
1448136111984
1448136113400
1448136114850
1448136116257
1448136117673
1448136119089
1448136120580
1448136121987
1448136123354
1448136124754
1448136126186
1448136127610
1448136129026
1448136130434
1448136131841
1448136133242
1448136134598
1448136136039
1448136137440
1448136138822
1448136140229
1448136141612
1448136143020
1448136144402
1448136145802
1448136147193
1448136148642
1448136150042
1448136151399
1448136152807
1448136154240
1448136155681
1448136157081
1448136158455
1448136159871
1448136161287
1448136162703
1448136164119
1448136165585
1448136166976
1448136168375
1448136169741
1448136171116
1448136172498
1448136173906
1448136175322
1448136176696
1448136178079
1448136179512
1448136180995
1448136182395
1448136183785
1448136185243
1448136186675
1448136188091
1448136189524
1448136190932
1448136192356
1448136193798
1448136195297
1448136196704
1448136198104
1448136199545
1448136200928
1448136202303
1448136203701
1448136205126
1448136206475
1448136208274
1448136209674
1448136211073
1448136212456
1448136213888
1448136215298
1448136216704
1448136218056
1448136219527
1448136220885
1448136222285
1448136223626
1448136225012
1448136226431
1448136227782
1448136229117
1448136230481
1448136231872
1448136233263
1448136234680
1448136236100
1448136237529
1448136238914
1448136240344
1448136241702
1448136243092
1448136244475
1448136245858
1448136247301
1448136248678
1448136250092
1448136251544
1448136252979
1448136254357
1448136255792
1448136257278
1448136258660
1448136260035
1448136261376
1448136262734
1448136264084
1448136265483
1448136266848
1448136268234
1448136269630
1448136271063
1448136272457
1448136273879
1448136275208
1448136276726
1448136278106
1448136279527
1448136280930
1448136282357
1448136283749
1448136285241
1448136286635
1448136288031
1448136289372
1448136290773
1448136292162
1448136293511
1448136294853
1448136296261
1448136297660
1448136299059
1448136300428
1448136301841
1448136303202
1448136304573
1448136305952
1448136307429
1448136308872
1448136310363
1448136311737
1448136313079
1448136314477
1448136315894
1448136317255
1448136318742
1448136320110
1448136321541
1448136322940
1448136324339
1448136325731
1448136327480
1448136328890
1448136330372
1448136331812
1448136333211
1448136334646
1448136336076
1448136337476
1448136338866
1448136340308
1448136341715
1448136343132
1448136344547
1448136345955
1448136347379
1448136348804
1448136350279
1448136351670
1448136353088
1448136354493
1448136355877
1448136357296
1448136358791
1448136360175
1448136361648
1448136363023
1448136364455
1448136365908
1448136367318
1448136368820
1448136370237
1448136371656
1448136373175
1448136374593
1448136375996
1448136377491
1448136378868
1448136380232
1448136381610
1448136383080
1448136384457
1448136385940
1448136387312
1448136388679
1448136390102
1448136391454
1448136392826
1448136394193
1448136395613
1448136397091
1448136398465
1448136399881
1448136401256
1448136402584
1448136404030
1448136405514
1448136406895
1448136408271
1448136409649
1448136411117
1448136412550
1448136413969
1448136415455
1448136416899
1448136418286
1448136419747
1448136421197
1448136422579
1448136423979
1448136425403
1448136426836
1448136428247
1448136429717
1448136431101
1448136432508
1448136433894
1448136435308
1448136436740
1448136438109
1448136439511
1448136441004
1448136442463
1448136443862
1448136445203
1448136446694
1448136448101
1448136449501
1448136450861
1448136452255
1448136453766
1448136455173
1448136456581
1448136457964
1448136459397
1448136460796
1448136462145
1448136463520
1448136464919
1448136466327
1448136467726
1448136469142
1448136470558
1448136471949
1448136473373
1448136474848
1448136476272
1448136477663
1448136479046
1448136480474
1448136481911
1448136483289
1448136484691
1448136486170
1448136487559
1448136488925
1448136490299
1448136491649
1448136493057
1448136494399
1448136495798
1448136497126
1448136498545
1448136499962
1448136501355
1448136502752
1448136504121
1448136505461
1448136506850
1448136508258
1448136509617
1448136511016
1448136512448
1448136513848
1448136515263
1448136516647
1448136518096
1448136519453
1448136520820
1448136522210
1448136523610
1448136524985
1448136526523
1448136528291
1448136529685
1448136531378
1448136532822
1448136534197
1448136535614
1448136536995
1448136538381
1448136539813
1448136541203
1448136542889
1448136544292
1448136545719
1448136547158
1448136548569
1448136549945
1448136551365
1448136552767
1448136554129
1448136555613
1448136557039
1448136558427
1448136559796
1448136561257
1448136562668
1448136564063
1448136565583
1448136566968
1448136568340
1448136569706
1448136571108
1448136572452
1448136573954
1448136575362
1448136576820
1448136578219
1448136579944
1448136581351
1448136582842
1448136584258
1448136585666
1448136587057
1448136588383
1448136589780
1448136591191
1448136592596
1448136594003
1448136595429
1448136596820
1448136598211
1448136599618
1448136601101
1448136602461
1448136603849
1448136605518
1448136606953
1448136608332
1448136609713
1448136611054
1448136612404
1448136613756
1448136615153
1448136616573
1448136618025
1448136619459
1448136620858
1448136622291
1448136623699
1448136625076
1448136626457
1448136627872
1448136629279
1448136630646
1448136632087
1448136633470
1448136634894
1448136636277
1448136637634
1448136639022
1448136640457
1448136641899
1448136643282
1448136644656
1448136646056
1448136647463
1448136648846
1448136650262
1448136651628
1448136653061
1448136654486
1448136655926
1448136657317
1448136658708
1448136660125
1448136661582
1448136662965
1448136664357
1448136665747
1448136667139
1448136668534
1448136669995
1448136671445
1448136672852
1448136674239
1448136675685
1448136677076
1448136678449
1448136679849
1448136681234
1448136682664
1448136684006
1448136685397
1448136686783
1448136688212
1448136689603
1448136691003
1448136692452
1448136693893
1448136695311
1448136696689
1448136698125
1448136699523
1448136700899
1448136702289
1448136703657
1448136705038
1448136706508
1448136707936
1448136709320
1448136710698
1448136712159
1448136713567
1448136714927
1448136716329
1448136717789
1448136719182
1448136720510
1448136721997
1448136723374
1448136724767
1448136726195
1448136727619
1448136729021
1448136730410
1448136731817
1448136733208
1448136734617
1448136736012
1448136737464
1448136738824
1448136740205
1448136741616
1448136743010
1448136744438
1448136745832
1448136747302
1448136748693
1448136750059
1448136751476
1448136752883
1448136754275
1448136755674
1448136757059
1448136758432
1448136759860
1448136761303
1448136762737
1448136764056
1448136765437
1448136766852
1448136768221
1448136769581
1448136771067
1448136772424
1448136773807
1448136775209
1448136776706
1448136778114
1448136779491
1448136780864
1448136782282
1448136783678
1448136785086
1448136786471
1448136787884
1448136789220
1448136790576
1448136791952
1448136793382
1448136794748
1448136796123
1448136797533
1448136798904
1448136800312
1448136801664
1448136803028
1448136804427
1448136805835
1448136807284
1448136808678
1448136810072
1448136811549
1448136812935
1448136814458
1448136815856
1448136817263
1448136818696
1448136820421
1448136821836
1448136823213
1448136824607
1448136826077
1448136827484
1448136828820
1448136830256
1448136831665
1448136833039
1448136834455
1448136835838
1448136837232
1448136838634
1448136840095
1448136841472
1448136842918
1448136844293
1448136845650
1448136847083
1448136848427
1448136849891
1448136851307
1448136852706
1448136854174
1448136855663
1448136857170
1448136858572
1448136859936
1448136861352
1448136862763
1448136864142
1448136865508
1448136866874
1448136868240
1448136869590
1448136870967
1448136872314
1448136873691
1448136875087
1448136876476
1448136877846
1448136879223
1448136880684
1448136882187
1448136883576
1448136884991
1448136886420
1448136888237
1448136889697
1448136891114
1448136892496
1448136893879
1448136895262
1448136896695
1448136898061
1448136899419
1448136900785
1448136902176
1448136903550
1448136904941
1448136906349
1448136907732
1448136909122
1448136910488
1448136911872
1448136913275
1448136914653
1448136915978
1448136917444
1448136918793
1448136920193
1448136921561
1448136922891
1448136924249
1448136925582
1448136926948
1448136928373
1448136929772
1448136931132
1448136932488
1448136933839
1448136935319
1448136936694
1448136938068
1448136939428
1448136940834
1448136942208
1448136943576
1448136944949
1448136946340
1448136947714
1448136949105
1448136950482
1448136951845
1448136953222
1448136954645
1448136956046
1448136957456
1448136958884
1448136960284
1448136961703
1448136963148
1448136964506
1448136965957
1448136967375
1448136968768
1448136970220
1448136971611
1448136973036
1448136974410
1448136975785
1448136977137
1448136978525
1448136979910
1448136981353
1448136982741
1448136984519
1448136986022
1448136987454
1448136988848
1448136990267
1448136991711
1448136993096
1448136994477
1448136995822
1448136997384
1448136998754
1448137000232
1448137001567
1448137002923
1448137004298
1448137005733
1448137007159
1448137008604
1448137010003
1448137011437
1448137012814
1448137014276
1448137015670
1448137017157
1448137018583
1448137020003
1448137021481
1448137022875
1448137024296
1448137025687
1448137027104
1448137028440
1448137029910
1448137031444
1448137032909
1448137034301
1448137035641
1448137037052
1448137038423
1448137039823
1448137041248
1448137042663
1448137044071
1448137045454
1448137046895
1448137048319
1448137049727
1448137051126
1448137052518
1448137053912
1448137055349
1448137056719
1448137058238
1448137059639
1448137061030
1448137062421
1448137063829
1448137065228
1448137066732
1448137068210
1448137069594
1448137071018
1448137072442
1448137073785
1448137075116
1448137076466
1448137077823
1448137079239
1448137080605
1448137082097
1448137083487
1448137084920
1448137086345
1448137087727
1448137089168
1448137090585
1448137092033
1448137093500
1448137094982
