db
233472
233472
233472
233472
233472
233472
233472
233472
233472
233472
233472
249856
249856
249856
258048
249856
258048
274432
249856
258048
274432
253952
262144
262144
262144
262144
262144
278528
262144
262144
282624
258048
266240
266240
258048
266240
282624
262144
270336
270336
270336
270336
278528
278528
278528
278528
299008
282624
282624
299008
274432
282624
282624
278528
286720
303104
286720
286720
286720
278528
278528
286720
290816
290816
290816
307200
290816
290816
307200
286720
294912
294912
286720
294912
311296
286720
294912
294912
299008
290816
299008
299008
299008
299008
315392
294912
303104
303104
294912
303104
319488
294912
303104
303104
311296
303104
311296
311296
311296
311296
327680
307200
315392
315392
307200
315392
331776
307200
315392
315392
319488
311296
319488
319488
319488
319488
335872
315392
323584
323584
315392
323584
339968
315392
323584
323584
327680
319488
327680
327680
327680
327680
344064
331776
331776
331776
323584
331776
348160
323584
331776
348160
327680
327680
335872
339968
339968
339968
356352
344064
344064
344064
335872
344064
360448
335872
344064
360448
339968
348160
348160
348160
348160
348160
364544
352256
352256
352256
344064
352256
368640
344064
352256
352256
356352
348160
356352
356352
356352
356352
372736
352256
360448
360448
352256
360448
376832
352256
360448
376832
364544
356352
364544
364544
364544
364544
380928
368640
372736
372736
364544
372736
389120
364544
372736
389120
368640
376832
376832
376832
368640
376832
376832
380928
380928
397312
380928
380928
380928
372736
380928
397312
376832
385024
401408
376832
376832
385024
385024
389120
389120
405504
389120
389120
389120
380928
389120
405504
385024
393216
409600
393216
393216
393216
393216
389120
397312
397312
397312
397312
417792
393216
401408
405504
397312
405504
421888
397312
405504
405504
397312
401408
409600
409600
409600
409600
425984
409600
409600
413696
405504
413696
430080
405504
413696
430080
413696
417792
417792
417792
409600
417792
434176
417792
417792
421888
413696
421888
421888
413696
421888
438272
417792
425984
425984
425984
425984
425984
442368
425984
425984
446464
425984
434176
434176
425984
434176
450560
430080
438272
438272
438272
430080
438272
438272
438272
438272
458752
434176
442368
442368
434176
442368
458752
438272
446464
446464
446464
446464
446464
446464
438272
446464
450560
442368
450560
450560
450560
450560
466944
454656
454656
471040
454656
446464
454656
454656
471040
458752
450560
458752
458752
450560
462848
479232
458752
466944
466944
466944
466944
466944
483328
466944
466944
487424
462848
471040
471040
462848
471040
487424
466944
475136
475136
475136
466944
475136
475136
475136
475136
495616
479232
479232
479232
471040
479232
495616
475136
483328
483328
483328
475136
483328
483328
483328
483328
503808
479232
487424
487424
479232
487424
503808
483328
491520
491520
495616
487424
495616
512000
495616
491520
499712
499712
499712
499712
491520
499712
516096
495616
520192
495616
495616
503808
495616
503808
520192
499712
507904
499712
507904
507904
499712
507904
507904
507904
528384
503808
512000
512000
512000
528384
512000
512000
532480
516096
516096
532480
516096
507904
516096
516096
520192
520192
512000
520192
520192
536576
524288
520192
528384
528384
528384
528384
520192
528384
544768
528384
532480
548864
524288
532480
532480
532480
532480
532480
552960
536576
528384
536576
528384
536576
536576
532480
540672
540672
532480
540672
532480
532480
540672
536576
544768
561152
536576
536576
544768
544768
544768
544768
565248
548864
548864
565248
540672
548864
548864
544768
552960
569344
548864
557056
557056
557056
557056
557056
577536
561152
561152
561152
552960
561152
577536
557056
565248
581632
557056
565248
565248
565248
565248
561152
569344
569344
569344
561152
569344
585728
569344
569344
589824
565248
565248
573440
565248
565248
573440
573440
593920
569344
577536
577536
569344
577536
593920
573440
581632
581632
581632
581632
581632
581632
581632
585728
606208
581632
589824
589824
581632
589824
606208
585728
593920
593920
593920
585728
593920
593920
593920
593920
614400
598016
598016
614400
589824
598016
598016
593920
602112
618496
593920
602112
602112
602112
602112
602112
622592
606208
606208
622592
598016
606208
606208
602112
610304
626688
602112
610304
610304
610304
610304
610304
630784
614400
614400
643072
618496
610304
618496
618496
638976
622592
622592
622592
614400
622592
638976
618496
626688
643072
618496
626688
626688
626688
626688
626688
647168
630784
630784
630784
622592
630784
647168
626688
634880
651264
626688
634880
634880
634880
634880
634880
655360
638976
638976
638976
630784
638976
655360
634880
643072
659456
634880
643072
643072
643072
634880
643072
667648
651264
651264
667648
643072
651264
651264
647168
655360
671744
647168
655360
655360
655360
647168
655360
659456
659456
659456
675840
659456
659456
659456
655360
663552
679936
655360
663552
679936
655360
663552
663552
667648
667648
667648
684032
667648
667648
667648
663552
671744
688128
663552
671744
688128
663552
671744
671744
675840
675840
675840
692224
679936
679936
679936
675840
684032
700416
675840
684032
700416
675840
675840
684032
688128
688128
688128
704512
679936
688128
688128
684032
692224
708608
684032
692224
692224
692224
684032
692224
696320
696320
696320
712704
688128
696320
696320
692224
700416
716800
692224
700416
700416
700416
692224
700416
704512
704512
704512
720896
696320
704512
704512
700416
712704
729088
704512
712704
712704
712704
704512
712704
716800
716800
716800
733184
708608
716800
716800
712704
720896
737280
712704
720896
720896
720896
712704
720896
724992
724992
724992
741376
724992
724992
724992
720896
729088
745472
720896
729088
745472
720896
729088
729088
733184
733184
733184
749568
733184
733184
733184
729088
737280
753664
729088
737280
753664
733184
741376
741376
745472
745472
745472
761856
745472
745472
761856
741376
749568
765952
741376
749568
765952
741376
741376
749568
753664
753664
753664
770048
753664
753664
753664
749568
757760
774144
749568
757760
774144
749568
757760
757760
761856
761856
761856
778240
761856
761856
761856
757760
765952
782336
757760
765952
782336
757760
765952
765952
770048
774144
774144
790528
774144
774144
774144
770048
778240
778240
770048
778240
794624
770048
778240
778240
782336
774144
782336
798720
782336
782336
782336
778240
786432
786432
778240
786432
802816
778240
786432
786432
790528
790528
790528
806912
790528
790528
790528
786432
794624
794624
786432
794624
811008
786432
794624
794624
798720
798720
798720
815104
798720
798720
802816
798720
806912
823296
798720
806912
823296
798720
806912
806912
811008
811008
811008
827392
811008
811008
811008
806912
815104
831488
806912
815104
815104
806912
806912
815104
819200
819200
819200
835584
819200
819200
819200
815104
823296
839680
815104
823296
839680
815104
815104
823296
827392
827392
827392
843776
827392
827392
843776
823296
831488
831488
827392
835584
851968
827392
835584
835584
839680
839680
839680
839680
839680
839680
856064
835584
843776
843776
835584
843776
860160
835584
843776
843776
847872
839680
847872
847872
847872
847872
864256
843776
851968
851968
843776
851968
868352
843776
851968
868352
856064
847872
856064
856064
856064
856064
872448
851968
860160
860160
851968
860160
876544
851968
864256
864256
868352
860160
868352
868352
868352
868352
884736
872448
872448
872448
864256
872448
888832
864256
872448
888832
868352
876544
876544
876544
876544
876544
892928
880640
880640
880640
872448
880640
897024
872448
880640
897024
876544
884736
884736
884736
884736
884736
901120
888832
888832
888832
880640
888832
888832
880640
888832
905216
884736
892928
892928
897024
897024
897024
897024
901120
901120
917504
892928
901120
917504
892928
901120
917504
897024
905216
905216
905216
897024
905216
905216
909312
909312
925696
909312
909312
909312
901120
909312
913408
905216
913408
929792
905216
913408
913408
913408
917504
917504
933888
917504
917504
917504
909312
917504
917504
913408
921600
937984
913408
921600
921600
921600
921600
929792
946176
929792
929792
929792
921600
929792
933888
925696
933888
950272
925696
933888
933888
933888
929792
937984
937984
937984
937984
954368
929792
937984
942080
933888
942080
958464
933888
942080
942080
942080
937984
946176
946176
946176
946176
962560
937984
946176
950272
942080
950272
966656
942080
950272
950272
950272
946176
954368
954368
954368
958464
974848
950272
958464
962560
954368
962560
978944
954368
962560
962560
962560
958464
966656
983040
966656
966656
983040
958464
966656
970752
962560
970752
987136
962560
970752
970752
970752
966656
974848
974848
974848
974848
974848
966656
974848
991232
970752
978944
995328
970752
978944
978944
978944
983040
983040
999424
983040
983040
983040
974848
983040
999424
983040
991232
1007616
983040
983040
991232
991232
995328
995328
1011712
995328
995328
995328
987136
995328
995328
991232
999424
1015808
991232
999424
999424
999424
1003520
1003520
1003520
1003520
1003520
1019904
995328
1003520
1007616
999424
1007616
1024000
999424
1007616
1007616
1007616
1003520
1011712
1011712
1011712
1011712
1028096
1003520
1011712
1015808
1007616
1015808
1032192
1011712
1019904
1019904
1019904
1015808
1024000
1024000
1024000
1024000
1040384
1015808
1024000
1028096
1019904
1028096
1044480
1019904
1028096
1028096
1028096
1032192
1032192
1048576
1032192
1032192
1048576
1024000
1032192
1036288
1028096
1036288
1052672
1028096
1036288
1036288
1036288
1032192
1040384
1040384
1040384
1040384
1056768
1032192
1040384
1044480
1036288
1044480
1060864
1036288
1044480
1044480
1044480
1040384
1048576
1052672
1052672
1052672
1069056
1052672
1052672
1069056
1048576
1056768
1073152
1048576
1056768
1073152
1052672
1052672
1060864
1060864
1060864
1060864
1077248
1060864
1060864
1081344
1056768
1064960
1081344
1056768
1064960
1081344
1060864
1069056
1069056
1069056
1069056
1069056
1069056
1069056
1069056
1089536
1064960
1073152
1073152
1064960
1073152
1089536
1069056
1077248
1077248
1077248
1069056
1077248
1077248
1081344
1081344
1101824
1077248
1085440
1085440
1077248
1085440
1101824
1081344
1089536
1105920
1081344
1089536
1105920
1081344
1089536
1089536
1085440
1093632
1093632
1093632
1085440
1093632
1093632
1089536
1097728
1097728
1097728
1097728
1097728
1097728
1097728
1118208
1101824
1101824
1118208
1093632
1101824
1118208
1097728
1105920
1105920
1097728
1105920
1122304
1097728
1105920
1122304
1101824
1114112
1114112
1114112
1105920
1114112
1114112
1118208
1118208
1134592
1110016
1118208
1134592
1118208
1118208
1134592
1114112
1122304
1122304
1122304
1114112
1122304
1122304
1126400
1126400
1142784
1118208
1126400
1126400
1118208
1126400
1142784
1122304
1130496
1130496
1130496
1122304
1130496
1130496
1134592
1134592
1150976
1134592
1134592
1134592
1126400
1134592
1150976
1130496
1138688
1155072
1130496
1130496
1138688
1142784
1146880
1146880
1163264
1146880
1146880
1146880
1138688
1146880
1146880
1142784
1150976
1167360
1142784
1150976
1150976
1150976
1146880
1155072
1155072
1155072
1155072
1171456
1146880
1155072
1159168
1150976
1159168
1175552
1150976
1159168
1175552
1155072
1155072
1163264
1179648
1163264
1163264
1179648
1155072
1163264
1167360
1159168
1167360
1183744
1159168
1167360
1167360
1167360
1163264
1171456
1187840
1175552
1175552
1191936
1167360
1175552
1179648
1171456
1179648
1196032
1171456
1179648
1179648
1179648
1175552
1183744
1183744
1183744
1183744
1200128
1175552
1183744
1187840
1179648
1187840
1204224
1179648
1187840
1187840
1187840
1183744
1191936
1191936
1191936
1191936
1208320
1183744
1191936
1196032
1187840
1196032
1212416
1187840
1196032
1196032
1196032
1191936
1200128
1200128
1200128
1200128
1216512
1200128
1204224
1208320
1200128
1208320
1224704
1200128
1208320
1224704
1204224
1204224
1212416
1212416
1212416
1212416
1228800
1212416
1212416
1216512
1208320
1216512
1216512
1208320
1216512
1232896
1212416
1220608
1220608
1220608
1212416
1220608
1220608
1220608
1220608
1241088
1216512
1224704
1224704
1216512
1224704
1241088
1220608
1228800
1228800
1228800
1220608
1228800
1228800
1228800
1228800
1249280
1224704
1232896
1232896
1228800
1236992
1253376
1232896
1241088
1241088
1241088
1232896
1241088
1241088
1241088
1241088
1261568
1245184
1245184
1245184
1236992
1245184
1245184
1241088
1249280
1265664
1241088
1249280
1249280
1249280
1249280
1249280
1269760
1253376
1253376
1253376
1245184
1253376
1269760
1249280
1257472
1273856
1257472
1249280
1257472
1257472
1257472
1257472
1277952
1261568
1261568
1277952
1253376
1261568
1261568
1261568
1269760
1286144
1261568
1269760
1269760
1269760
1261568
1269760
1273856
1273856
1273856
1290240
1273856
1273856
1273856
1269760
1277952
1294336
1269760
1277952
1294336
1269760
1269760
1277952
1282048
1282048
1282048
1298432
1282048
1282048
1282048
1277952
1286144
1302528
1277952
1286144
1302528
1277952
1286144
1286144
1290240
1290240
1290240
1306624
1290240
1290240
1290240
1286144
1294336
1310720
1286144
1294336
1310720
1290240
1298432
1298432
1302528
1294336
1302528
1302528
1302528
1302528
1318912
1306624
1306624
1306624
1298432
1306624
1306624
1298432
1306624
1323008
1302528
1310720
1310720
1310720
1302528
1310720
1310720
1314816
1314816
1331200
1306624
1314816
1314816
1306624
1314816
1331200
1310720
1318912
1335296
1318912
1310720
1318912
1318912
1323008
1323008
1339392
1323008
1323008
1323008
1314816
1323008
1339392
1323008
1331200
1331200
1331200
1323008
1331200
1331200
1335296
1335296
1351680
1335296
1335296
1335296
1327104
1335296
1351680
1331200
1339392
1355776
1331200
1331200
1339392
1339392
1343488
1343488
1359872
1343488
1343488
1343488
1335296
1343488
1359872
1339392
1347584
1363968
1339392
1347584
1347584
1347584
1351680
1351680
1351680
1351680
1351680
1368064
1343488
1351680
1355776
1347584
1355776
1372160
1347584
1359872
1359872
1359872
1355776
1363968
1363968
1363968
1363968
1380352
1363968
1363968
1368064
1359872
1368064
1384448
1359872
1368064
1384448
1363968
1363968
1372160
1372160
1372160
1372160
1388544
1372160
1372160
1376256
1368064
1376256
1392640
1368064
1376256
1392640
1372160
1380352
1380352
1380352
1380352
1380352
1396736
1380352
1380352
1384448
1376256
1384448
1384448
1376256
1384448
1400832
1380352
1388544
1388544
1392640
1384448
1392640
1392640
1392640
1392640
1413120
1396736
1396736
1396736
1388544
1396736
1413120
1392640
1400832
1417216
1392640
1392640
1400832
1400832
1400832
1400832
1421312
1404928
1404928
1404928
1396736
1404928
1421312
1400832
1409024
1425408
1400832
1409024
1409024
1409024
1409024
1409024
1429504
1413120
1413120
1429504
1404928
1413120
1429504
1409024
1417216
1433600
1409024
1417216
1417216
1417216
1421312
1421312
1441792
1425408
1425408
1441792
1417216
1425408
1425408
1421312
1429504
1445888
1421312
1429504
1429504
1429504
1429504
1429504
1449984
1433600
1433600
1433600
1425408
1433600
1433600
1429504
1437696
1454080
1429504
1437696
1437696
1437696
1437696
1437696
1458176
1441792
1441792
1441792
1433600
1441792
1458176
1437696
1445888
1462272
1437696
1437696
1445888
1445888
1445888
1445888
1466368
1449984
1454080
1454080
1445888
1454080
1470464
1449984
1458176
1474560
1449984
1458176
1458176
1458176
1458176
1458176
1462272
1462272
1462272
1462272
1454080
1462272
1462272
1458176
1466368
1482752
1466368
1466368
1466368
1482752
1466368
1466368
1486848
1470464
1462272
1470464
1470464
1470464
1462272
1470464
1490944
1474560
1474560
1490944
1466368
1474560
1474560
1470464
1478656
1495040
1470464
1478656
1478656
1478656
1474560
1482752
1486848
1486848
1486848
1503232
1478656
1486848
1486848
1482752
1490944
1507328
1482752
1490944
1490944
1490944
1482752
1490944
1495040
1495040
1495040
1511424
1486848
1495040
1495040
1490944
1499136
1515520
1490944
1499136
1499136
1499136
1490944
1499136
1503232
1503232
1503232
1519616
1503232
1503232
1503232
1499136
1507328
1523712
1499136
1507328
1523712
1499136
1507328
1507328
1511424
1511424
1511424
1515520
1515520
1515520
1515520
1511424
1519616
1536000
1511424
1519616
1536000
1511424
1519616
1519616
1523712
1523712
1523712
1540096
1523712
1523712
1540096
1527808
1527808
1527808
1519616
1527808
1544192
1519616
1527808
1527808
1531904
1523712
1531904
1531904
1531904
1531904
1548288
1536000
1536000
1552384
1527808
1536000
1536000
1527808
1536000
1552384
1531904
1540096
1540096
1540096
1531904
1540096
1540096
1548288
1548288
1564672
1548288
1548288
1548288
1540096
1548288
1564672
1544192
1552384
1552384
1552384
1544192
1552384
1568768
1556480
1556480
1572864
1556480
1556480
1556480
1548288
1556480
1572864
1552384
1560576
1576960
1552384
1560576
1560576
1560576
1556480
1564672
1564672
1564672
1564672
1581056
1556480
1564672
1568768
1560576
1568768
1585152
1560576
1568768
1585152
1568768
1564672
1572864
1572864
1572864
1576960
1593344
1576960
1576960
1581056
1572864
1581056
1597440
1572864
1581056
1597440
1576960
1576960
1585152
1585152
1585152
1585152
1601536
1576960
1585152
1589248
1581056
1589248
1605632
1581056
1589248
1589248
1589248
1585152
1593344
1593344
1593344
1593344
1609728
1593344
1593344
1597440
1589248
1597440
1613824
1589248
1597440
1613824
1593344
1601536
1601536
1601536
1593344
1601536
1601536
1601536
1601536
1622016
1601536
1609728
1609728
1601536
1609728
1626112
1605632
1613824
1613824
1613824
1605632
1613824
1613824
1613824
1613824
1634304
1617920
1617920
1617920
1609728
1617920
1634304
1613824
1622016
1638400
1613824
1622016
1622016
1622016
1622016
1622016
1642496
1626112
1626112
1642496
1617920
1626112
1626112
1622016
1630208
1646592
1622016
1630208
1630208
1630208
1630208
1630208
1658880
1634304
1650688
1675264
1650688
1654784
1638400
1654784
1642496
1642496
1642496
1658880
1642496
1642496
1671168
1638400
1646592
1662976
1646592
1646592
1662976
1638400
1646592
1646592
1650688
1650688
1650688
1667072
1650688
1650688
1667072
1646592
1654784
1654784
1646592
1654784
1671168
1646592
1654784
1654784
1658880
1650688
1658880
1658880
1658880
1658880
1675264
1662976
1654784
1662976
1662976
1662976
1662976
1662976
1679360
1667072
1667072
1687552
1662976
1671168
1671168
1662976
1671168
1687552
1667072
1675264
1675264
1675264
1675264
1675264
1691648
1679360
1679360
1679360
1671168
1679360
1695744
1671168
1679360
1695744
1675264
1683456
1683456
1683456
1683456
1683456
1699840
1687552
1687552
1687552
1679360
1687552
1687552
1679360
1687552
1703936
1683456
1691648
1691648
1691648
1683456
1691648
1691648
1695744
1695744
1712128
1695744
1695744
1695744
1691648
1699840
1716224
1695744
1703936
1720320
1695744
1695744
1703936
1703936
1708032
1708032
1724416
1708032
1708032
1708032
1699840
1708032
1724416
1703936
1712128
1728512
1703936
1712128
1712128
1712128
1708032
1716224
1716224
1716224
1716224
1732608
1708032
1716224
1720320
1712128
1720320
1736704
1712128
1720320
1736704
1716224
1716224
1724416
1724416
1724416
1724416
1740800
1724416
1724416
1744896
1720320
1732608
1732608
1724416
1732608
1748992
1728512
1736704
1736704
1736704
1728512
1736704
1736704
1736704
1736704
1757184
1740800
1740800
1740800
1732608
1740800
1757184
1736704
1744896
1761280
1736704
1744896
1744896
1744896
1736704
1744896
1748992
1748992
1748992
1765376
1740800
1748992
1748992
1744896
1753088
1769472
1744896
1753088
1753088
1753088
1744896
1753088
1757184
1757184
1757184
1773568
1748992
1757184
1761280
1757184
1765376
1781760
1757184
1765376
1781760
1757184
1765376
1765376
1769472
1769472
1769472
1785856
1769472
1769472
1769472
1765376
1773568
1773568
1765376
1773568
1789952
1765376
1773568
1773568
1777664
1769472
1777664
1777664
1777664
1777664
1794048
1781760
1781760
1781760
1773568
1781760
1798144
1773568
1781760
1798144
1777664
1785856
1785856
1785856
1785856
1785856
1785856
1789952
1789952
1806336
1785856
1794048
1794048
1785856
1794048
1810432
1789952
1798144
1814528
1789952
1798144
1798144
1798144
1794048
1802240
1802240
1802240
1802240
1802240
1794048
1802240
1806336
1798144
1806336
1822720
1798144
1806336
1806336
1806336
1802240
1810432
1810432
1810432
1810432
1826816
1810432
1810432
1814528
1806336
1814528
1830912
1806336
1814528
1830912
1810432
1818624
1818624
1818624
1810432
1818624
1818624
1818624
1822720
1843200
1818624
1826816
1826816
1818624
1826816
1843200
1822720
1830912
1830912
1830912
1822720
1830912
1830912
1830912
1830912
1851392
1826816
1835008
1835008
1826816
1835008
1851392
1830912
1839104
1839104
1839104
1830912
1839104
1839104
1839104
1839104
1859584
1835008
1843200
1843200
1835008
1843200
1859584
1839104
1847296
1847296
1847296
1839104
1847296
1863680
1847296
1847296
1867776
1843200
1851392
1851392
1847296
1855488
1871872
1851392
1859584
1859584
1859584
1851392
1859584
1859584
1859584
1859584
1880064
1855488
1863680
1863680
1855488
1863680
1880064
1859584
1867776
1867776
1867776
1859584
1867776
1867776
1867776
1867776
1888256
1871872
1871872
1871872
1863680
1871872
1888256
1867776
1875968
1875968
1875968
1867776
1875968
1875968
1875968
1875968
1896448
1880064
1880064
1880064
1871872
1880064
1880064
1880064
1888256
1904640
1880064
1888256
1888256
1888256
1880064
1888256
1892352
1892352
1892352
1908736
1884160
1892352
1892352
1888256
1896448
1912832
1888256
1896448
1896448
1896448
1888256
1896448
1916928
1900544
1900544
1916928
1900544
1900544
1916928
1896448
1904640
1904640
1896448
1904640
1921024
1896448
1904640
1904640
1908736
1900544
1908736
1908736
1908736
1908736
1925120
1912832
1912832
1912832
1904640
1912832
1929216
1908736
1916928
1933312
1912832
1921024
1921024
1921024
1912832
1921024
1921024
1925120
1925120
1941504
1925120
1925120
1925120
1916928
1925120
1941504
1921024
1929216
1945600
1921024
1921024
1929216
1929216
1933312
1933312
1949696
1933312
1933312
1933312
1925120
1933312
1949696
1929216
1937408
1953792
1929216
1937408
1937408
1937408
1941504
1941504
1957888
1941504
1941504
1957888
1933312
1941504
1945600
1941504
1949696
1966080
1941504
1949696
1949696
1949696
1953792
1953792
1970176
1953792
1953792
1970176
1945600
1953792
1957888
1949696
1957888
1974272
1949696
1957888
1957888
1957888
1953792
1961984
1961984
1961984
1961984
1978368
1953792
1961984
1966080
1957888
1966080
1982464
1957888
1966080
1982464
1961984
1970176
1970176
1970176
1961984
1970176
1970176
1970176
1970176
1990656
1966080
1974272
1974272
1966080
1978368
1994752
1974272
1982464
1998848
1974272
1974272
1982464
1982464
1982464
1982464
2002944
1978368
1986560
1986560
1978368
1986560
2002944
1982464
1990656
2007040
1982464
1990656
1990656
1990656
1990656
1990656
2011136
1994752
1994752
2011136
1986560
1994752
2011136
1990656
1998848
2015232
1990656
1998848
1998848
1998848
1990656
1998848
2002944
2002944
2002944
2019328
1994752
2002944
2002944
1998848
2007040
2023424
2002944
2011136
2011136
2011136
2002944
2011136
2015232
2015232
2015232
2031616
2015232
2015232
2015232
2011136
2019328
2019328
2011136
2019328
2035712
2011136
2019328
2019328
2023424
2015232
2023424
2039808
2023424
2023424
2039808
2019328
2027520
2027520
2019328
2027520
2043904
2019328
2027520
2027520
2031616
2023424
2031616
2031616
2031616
2031616
2048000
2035712
2035712
2035712
2027520
2035712
2052096
2031616
2039808
2056192
2035712
2043904
2043904
2043904
2043904
2043904
2043904
2048000
2048000
2064384
2039808
2048000
2048000
2039808
2048000
2064384
2043904
2052096
2068480
2052096
2052096
2052096
2052096
2048000
2056192
2056192
2056192
2056192
2072576
2056192
2056192
2060288
2052096
2060288
2060288
2052096
2060288
2076672
2056192
2064384
2064384
2064384
2056192
2064384
2064384
2064384
2064384
2084864
2068480
2072576
2072576
2064384
2072576
2088960
2068480
2076672
2093056
2068480
2076672
2076672
2076672
2068480
2076672
2080768
2080768
2080768
2097152
2072576
2080768
2080768
2076672
2084864
2101248
2076672
2084864
2084864
2084864
2076672
2084864
2088960
2088960
2088960
2105344
2088960
2088960
2105344
2084864
2093056
2109440
2084864
2093056
2109440
2084864
2093056
2093056
2097152
2088960
2097152
2097152
2097152
2097152
2113536
2105344
2105344
2105344
2097152
2105344
2121728
2097152
2105344
2105344
2109440
2101248
2109440
2109440
2109440
2109440
2125824
2113536
2113536
2113536
2105344
2113536
2129920
2105344
2113536
2129920
2109440
2117632
2117632
2117632
2109440
2117632
2134016
2121728
2121728
2138112
2113536
2121728
2121728
2113536
2121728
2138112
2117632
2125824
2125824
2125824
2117632
2125824
2125824
2129920
2129920
2146304
2125824
2134016
2134016
2125824
2134016
2150400
2129920
2138112
2154496
2129920
2138112
2138112
2138112
2142208
2142208
2158592
2142208
2142208
2142208
2134016
2142208
2146304
2138112
2146304
2162688
2138112
2146304
2146304
2146304
2142208
2150400
2150400
2150400
2150400
2166784
2150400
2150400
2170880
2146304
2154496
2154496
2146304
2154496
2170880
2150400
2158592
2158592
2158592
2150400
2158592
2158592
2158592
2158592
2183168
2158592
2166784
2166784
2158592
2166784
2183168
2162688
2170880
2170880
2170880
2162688
2170880
2170880
2170880
2170880
2191360
2174976
2174976
2174976
2166784
2174976
2191360
2170880
2179072
2195456
2170880
2170880
2179072
2179072
2179072
2179072
2199552
2183168
2183168
2183168
2174976
2183168
2199552
2179072
2187264
2203648
2179072
2187264
2187264
2187264
2179072
2187264
2191360
2191360
2191360
2207744
2187264
2195456
2195456
2191360
2199552
2215936
2191360
2199552
2199552
2199552
2191360
2199552
2203648
2203648
2203648
2232320
2203648
2203648
2203648
2203648
2207744
2199552
2207744
2207744
2207744
2207744
2224128
2203648
2211840
2211840
2203648
2211840
2228224
2203648
2211840
2228224
2207744
2215936
2215936
2215936
2207744
2215936
2215936
2220032
2220032
2236416
2211840
2220032
2220032
2211840
2220032
2236416
2220032
2228224
2228224
2228224
2220032
2228224
2228224
2232320
2232320
2248704
2232320
2232320
2232320
2224128
2232320
2248704
2228224
2236416
2252800
2228224
2228224
2236416
2236416
2240512
2240512
2256896
2240512
2240512
2240512
2232320
2240512
2256896
2236416
2244608
2260992
2244608
2244608
2244608
2244608
2240512
2248704
2248704
2248704
2248704
2265088
2240512
2248704
2252800
2244608
2252800
2269184
2248704
2256896
2256896
2256896
2252800
2260992
2260992
2260992
2260992
2277376
2260992
2260992
2265088
2256896
2265088
2265088
2256896
2265088
2281472
2260992
2269184
2269184
2269184
2260992
2269184
2269184
2269184
2269184
2273280
2265088
2273280
2273280
2265088
2273280
2289664
2269184
2277376
2277376
2269184
2269184
2277376
2277376
2277376
2277376
2297856
2281472
2281472
2281472
2273280
2281472
2297856
2277376
2285568
2285568
2289664
2281472
2289664
2289664
2289664
2289664
2310144
2293760
2293760
2293760
2285568
2293760
2310144
2289664
2297856
2297856
2297856
2289664
2297856
2297856
2297856
2297856
2318336
2293760
2301952
2301952
2293760
2301952
2318336
2297856
2306048
2306048
2306048
2297856
2306048
2306048
2306048
2306048
2326528
2310144
2310144
2310144
2301952
2310144
2310144
2306048
2314240
2330624
2306048
2314240
2314240
2318336
2310144
2318336
2322432
2322432
2322432
2338816
2314240
2322432
2322432
2318336
2326528
2342912
2318336
2326528
2326528
2326528
2318336
2326528
2330624
2330624
2330624
2347008
2330624
2330624
2330624
2326528
2334720
2351104
2326528
2334720
2334720
2326528
2326528
2334720
2338816
2338816
2338816
2355200
2338816
2338816
2338816
2334720
2342912
2342912
2334720
2342912
2359296
2334720
2342912
2342912
2347008
2342912
2351104
2351104
2351104
2351104
2367488
2355200
2355200
2355200
2347008
2355200
2371584
2347008
2355200
2371584
2351104
2351104
2359296
2359296
2359296
2359296
2375680
2363392
2363392
2379776
2355200
2363392
2363392
2355200
2363392
2379776
2359296
2367488
2367488
2367488
2359296
2367488
2367488
2371584
2371584
2387968
2371584
2371584
2371584
2363392
2371584
2387968
2367488
2375680
2375680
2375680
2367488
2375680
2379776
2383872
2383872
2400256
2383872
2383872
2383872
2375680
2383872
2400256
2379776
2387968
2404352
2379776
2387968
2387968
2387968
2383872
2392064
2392064
2392064
2392064
2408448
2392064
2392064
2396160
2387968
2396160
2412544
2387968
2396160
2412544
2392064
2392064
2400256
2400256
2400256
2400256
2416640
2400256
2400256
2420736
2396160
2404352
2404352
2396160
2404352
2420736
2400256
2408448
2408448
2408448
2404352
2412544
2412544
2412544
2412544
2433024
2408448
2416640
2416640
2408448
2416640
2433024
2412544
2420736
2420736
2420736
2412544
2420736
2420736
2420736
2420736
2441216
2424832
2424832
2424832
2416640
2424832
2441216
2420736
2428928
2445312
2420736
2428928
2428928
2428928
2428928
2428928
2449408
2433024
2433024
2433024
2424832
2433024
2433024
2428928
2437120
2453504
2428928
2437120
2437120
2437120
2428928
2441216
2445312
2445312
2445312
2445312
2437120
2445312
2445312
2441216
2449408
2465792
2441216
2449408
2449408
2449408
2441216
2449408
2453504
2453504
2453504
2469888
2453504
2453504
2453504
2449408
2457600
2473984
2449408
2457600
2473984
2449408
2457600
2457600
2461696
2461696
2461696
2478080
2461696
2461696
2478080
2457600
2465792
2465792
2457600
2465792
2482176
2457600
2465792
2465792
2469888
2461696
2469888
2473984
2473984
2473984
2490368
2469888
2478080
2478080
2469888
2478080
2494464
2469888
2478080
2478080
2482176
2473984
2482176
2482176
2482176
2482176
2498560
2486272
2486272
2486272
2478080
2486272
2502656
2478080
2486272
2502656
2482176
2490368
2490368
2490368
2482176
2490368
2490368
2494464
2494464
2510848
2486272
2494464
2494464
2486272
2494464
2510848
2490368
2498560
2498560
2498560
2490368
2498560
2498560
2506752
2506752
2523136
2506752
2506752
2506752
2498560
2506752
2523136
2502656
2510848
2510848
2510848
2502656
2510848
2510848
2514944
2514944
2531328
2514944
2514944
2514944
2506752
2514944
2531328
2510848
2519040
2535424
2510848
2519040
2519040
2519040
2514944
2523136
2523136
2523136
2523136
2539520
2523136
2523136
2527232
2519040
2527232
2543616
2519040
2527232
2543616
2523136
2531328
2531328
2531328
2523136
2531328
2535424
2535424
2535424
2555904
2531328
2539520
2539520
2531328
2539520
2555904
2535424
2543616
2560000
2535424
2535424
2543616
2543616
2543616
2543616
2564096
2547712
2547712
2564096
2539520
2547712
2547712
2543616
2551808
2568192
2543616
2551808
2551808
2551808
2543616
2551808
2555904
2555904
2555904
2572288
2555904
2555904
2572288
2551808
2560000
2576384
2551808
2560000
2576384
2551808
2560000
2560000
2576384
2568192
2576384
2576384
2576384
2576384
2592768
2572288
2580480
2580480
2572288
2580480
2596864
2572288
2580480
2580480
2584576
2576384
2584576
2584576
2584576
2584576
2600960
2580480
2588672
2588672
2580480
2588672
2605056
2580480
2588672
2588672
2592768
2584576
2592768
2592768
2592768
2592768
2609152
2588672
2588672
2588672
2596864
2596864
2596864
2596864
2613248
2600960
2600960
2617344
2592768
2600960
2617344
2596864
2605056
2621440
2600960
2609152
2609152
2609152
2600960
2609152
2609152
2613248
2613248
2629632
2613248
2613248
2613248
2605056
2613248
2629632
2609152
2617344
2633728
2609152
2617344
2617344
2617344
2613248
2621440
2621440
2621440
2621440
2637824
2613248
2621440
2625536
2617344
2625536
2641920
2617344
2625536
2625536
2625536
2621440
2629632
2629632
2629632
2629632
2646016
2629632
2629632
2633728
2629632
2637824
2637824
2629632
2637824
2654208
2633728
2641920
2641920
2641920
2633728
2641920
2641920
2641920
2641920
2662400
2637824
2646016
2646016
2637824
2646016
2662400
2641920
2650112
2650112
2650112
2641920
2650112
2650112
2650112
2650112
2670592
2654208
2654208
2670592
2646016
2654208
2654208
2650112
2658304
2674688
2650112
2658304
2658304
2658304
2650112
2658304
2678784
2662400
2662400
2678784
2654208
2662400
2666496
2662400
2670592
2686976
2662400
2670592
2670592
2670592
2662400
2670592
2691072
2674688
2674688
2691072
2666496
2674688
2674688
2670592
2678784
2695168
2670592
2678784
2678784
2678784
2678784
2678784
2682880
2682880
2682880
2699264
2682880
2682880
2682880
2678784
2686976
2703360
2678784
2686976
2703360
2678784
2686976
2686976
2691072
2682880
2691072
2707456
2691072
2691072
2707456
2686976
2695168
2695168
2691072
2699264
2715648
2691072
2699264
2699264
2703360
2695168
2703360
2703360
2703360
2703360
2719744
2707456
2707456
2707456
2699264
2707456
2723840
2699264
2707456
2723840
2703360
2703360
2711552
2711552
2711552
2711552
2727936
2715648
2715648
2715648
2707456
2715648
2732032
2707456
2715648
2715648
2719744
2711552
2719744
2719744
2719744
2719744
2736128
2723840
2723840
2740224
2715648
2723840
2723840
2715648
2727936
2744320
2723840
2732032
2732032
2732032
2723840
2732032
2732032
2736128
2736128
2752512
2736128
2736128
2736128
2727936
2736128
2752512
2732032
2740224
2740224
2740224
2732032
2740224
2740224
2744320
2744320
2760704
2744320
2744320
2744320
2736128
2744320
2760704
2740224
2748416
2748416
2748416
2740224
2748416
2748416
2752512
2752512
2768896
2752512
2752512
2752512
2744320
2752512
2768896
2748416
2756608
2756608
2760704
2752512
2760704
2760704
2764800
2764800
2781184
2764800
2764800
2764800
2756608
2764800
2768896
2760704
2768896
2785280
2760704
2768896
2768896
2768896
2764800
2772992
2772992
2772992
2772992
2789376
2764800
2772992
2777088
2768896
2777088
2793472
2768896
2777088
2777088
2777088
2772992
2781184
2781184
2781184
2781184
2797568
2781184
2781184
2785280
2777088
2785280
2801664
2777088
2785280
2785280
2785280
2785280
2793472
2793472
2793472
2793472
2809856
2793472
2793472
2797568
2789376
2797568
2813952
2789376
2797568
2813952
2793472
2801664
2801664
2801664
2801664
2801664
2818048
2801664
2801664
2805760
2797568
2805760
2822144
2797568
2805760
2822144
2801664
2809856
2809856
2809856
2801664
2809856
2809856
2809856
2809856
2830336
2805760
2813952
2813952
2805760
2813952
2830336
2809856
2818048
2818048
2809856
2813952
2822144
2822144
2822144
2822144
2842624
2826240
2826240
2842624
2818048
2826240
2826240
2822144
2830336
2846720
2822144
2830336
2846720
2822144
2830336
2830336
2834432
2826240
2834432
2834432
2834432
2834432
2850816
2830336
2838528
2838528
2830336
2838528
2854912
2830336
2838528
2854912
2834432
2842624
2842624
2842624
2842624
2842624
2859008
2846720
2846720
2846720
2838528
2846720
2846720
2838528
2846720
2863104
2846720
2854912
2854912
2854912
2846720
2854912
2854912
2859008
2859008
2875392
2850816
2859008
2859008
2850816
2859008
2875392
2854912
2863104
2863104
2863104
2854912
2863104
2863104
2867200
2867200
2883584
2867200
2867200
2867200
2859008
2863104
2863104
2871296
2871296
2871296
2871296
2887680
2863104
2871296
2875392
2867200
2875392
2891776
2867200
2875392
2875392
2875392
2871296
2879488
2895872
2879488
2879488
2899968
2875392
2883584
2887680
2879488
2887680
2904064
2879488
2887680
2887680
2887680
2883584
2891776
2891776
2891776
2891776
2908160
2883584
2891776
2895872
2887680
2895872
2912256
2887680
2895872
2912256
2891776
2899968
2899968
2899968
2899968
2899968
2916352
2899968
2899968
2904064
2895872
2904064
2920448
2895872
2904064
2920448
2899968
2908160
2908160
2908160
2908160
2908160
2924544
2908160
2908160
2912256
2908160
2916352
2916352
2908160
2916352
2932736
2912256
2920448
2920448
2920448
2912256
2920448
2920448
2920448
2920448
2940928
2916352
2924544
2924544
2916352
2924544
2940928
2920448
2928640
2945024
2928640
2920448
2928640
2928640
2928640
2928640
2949120
2932736
2932736
2932736
2924544
2932736
2932736
2928640
2936832
2953216
2928640
2936832
2936832
2936832
2928640
2936832
2940928
2940928
2940928
2957312
2940928
2945024
2945024
2940928
2949120
2949120
2940928
2949120
2965504
2940928
2949120
2949120
2953216
2945024
2953216
2953216
2953216
2953216
2969600
2949120
2957312
2957312
2949120
2957312
2973696
2949120
2957312
2957312
2961408
2953216
2961408
2961408
2961408
2961408
2977792
2965504
2965504
2965504
2957312
2965504
2965504
2957312
2965504
2981888
2961408
2969600
2969600
2969600
2961408
2969600
2969600
2973696
2973696
2990080
2969600
2977792
2977792
2969600
2977792
2994176
2973696
2981888
2981888
2981888
2973696
2981888
2981888
2985984
2985984
3002368
2985984
2985984
2985984
2977792
2985984
3002368
2981888
2990080
2990080
2990080
2981888
2990080
2990080
2994176
2994176
3010560
2985984
2994176
2994176
2985984
2994176
3010560
2990080
2998272
3014656
2990080
2990080
2998272
2998272
3002368
3002368
3018752
3002368
3002368
3002368
2998272
3006464
3010560
3002368
3010560
3026944
3002368
3010560
3010560
3010560
3014656
3014656
3031040
3014656
3014656
3031040
3006464
3014656
3018752
3010560
3018752
3035136
3010560
3018752
3018752
3018752
3014656
3022848
3022848
3022848
3022848
3039232
3014656
3022848
3026944
3018752
3026944
3043328
3018752
3026944
3026944
3022848
3022848
3031040
3031040
3031040
3031040
3047424
3031040
3031040
3051520
3026944
3035136
3035136
3031040
3039232
3055616
3035136
3043328
3043328
3043328
3043328
3043328
3059712
3043328
3043328
3047424
3039232
3047424
3047424
3039232
3047424
3063808
3043328
3051520
3051520
3051520
3043328
3051520
3051520
3051520
3047424
3055616
3055616
3047424
3055616
3055616
3055616
3055616
3055616
3059712
3059712
3059712
3076096
3051520
3059712
3059712
3055616
3063808
3080192
3055616
3063808
3063808
3055616
3059712
3067904
3072000
3072000
3072000
3088384
3072000
3088384
3112960
3063808
3076096
3092480
3067904
3076096
3076096
3076096
3067904
3076096
3080192
3080192
3080192
3096576
3072000
3080192
3080192
3076096
3084288
3100672
3076096
3084288
3084288
3076096
3076096
3084288
3088384
3088384
3088384
3104768
3088384
3088384
3104768
3084288
3092480
3092480
3084288
3092480
3108864
3084288
3092480
3092480
3096576
3088384
3096576
3100672
3100672
3100672
3117056
3104768
3104768
3121152
3096576
3104768
3104768
3096576
3104768
3121152
3100672
3108864
3108864
3108864
3100672
3108864
3108864
3112960
3112960
3129344
3112960
3112960
3112960
3104768
3112960
3129344
3108864
3117056
3117056
3117056
3108864
3117056
3117056
3121152
3121152
3137536
3121152
3121152
3121152
3112960
3121152
3137536
3117056
3125248
3141632
3117056
3117056
3125248
3125248
3133440
3133440
3149824
3133440
3133440
3149824
3125248
3133440
3137536
3129344
3137536
3153920
3129344
3137536
3137536
3137536
3133440
3141632
3141632
3141632
3141632
3158016
3141632
3141632
3145728
3137536
3145728
3162112
3137536
3145728
3145728
3145728
3141632
3149824
3149824
3149824
3149824
3166208
3149824
3149824
3153920
3145728
3153920
3170304
3145728
3153920
3170304
3149824
3158016
3158016
3158016
3149824
3158016
3162112
3162112
3162112
3182592
3158016
3166208
3166208
3158016
3166208
3182592
3162112
3170304
3186688
3162112
3170304
3170304
3170304
3162112
3170304
3190784
3174400
3174400
3190784
3166208
3174400
3174400
3170304
3178496
3194880
3170304
3178496
3178496
3178496
3170304
3178496
3182592
3182592
3182592
3198976
3182592
3182592
3182592
3178496
3186688
3203072
3178496
3186688
3203072
3178496
3186688
3186688
3194880
3194880
3194880
3211264
3194880
3194880
3211264
3190784
3198976
3198976
3190784
3198976
3215360
3190784
3198976
3198976
3203072
3194880
3203072
3203072
3203072
3203072
3219456
3207168
3207168
3207168
3198976
3207168
3223552
3198976
3207168
3223552
3203072
3211264
3211264
3211264
3211264
3211264
3211264
3215360
3215360
3215360
3207168
3215360
3215360
3207168
3215360
3231744
3211264
3219456
3219456
3219456
3215360
3223552
3223552
3227648
3227648
3244032
3219456
3227648
3227648
3219456
3227648
3244032
3223552
3231744
3231744
3223552
3231744
3231744
3231744
3235840
3235840
3235840
3235840
3235840
3235840
3227648
3235840
3252224
3231744
3239936
3256320
3231744
3239936
3239936
3239936
3244032
3244032
3260416
3244032
3244032
3260416
3235840
3244032
3248128
3239936
3248128
3264512
3239936
3248128
3248128
3248128
3244032
3252224
3256320
3256320
3256320
3272704
3256320
3256320
3260416
3252224
3260416
3276800
3252224
3260416
3276800
3256320
3264512
3264512
3264512
3256320
3264512
3264512
3264512
3264512
3284992
3260416
3268608
3268608
3260416
3268608
3284992
3264512
3272704
3272704
3272704
3272704
3272704
3272704
3272704
3272704
3293184
3268608
3276800
3276800
3268608
3276800
3293184
3272704
3280896
3280896
3280896
3272704
3280896
3280896
3284992
3284992
3305472
3280896
3289088
3289088
3280896
3289088
3305472
3284992
3293184
3293184
3293184
3284992
3293184
3293184
3293184
3293184
3313664
3289088
3297280
3297280
3289088
3297280
3313664
3293184
3301376
3301376
3301376
3293184
3301376
3301376
3301376
3301376
3321856
3305472
3297280
3305472
3305472
3305472
3297280
3305472
3309568
3309568
3309568
3325952
3301376
3309568
3309568
3305472
3313664
3330048
3309568
3317760
3317760
3317760
3309568
3317760
3321856
3321856
3321856
3338240
3321856
3321856
3338240
3317760
3325952
3325952
3317760
3325952
3342336
3317760
3325952
3325952
3330048
3321856
3330048
3330048
3330048
3330048
3346432
3334144
3334144
3334144
3325952
3334144
3334144
3325952
3334144
3350528
3330048
3338240
3338240
3338240
3330048
3338240
3338240
3342336
3342336
3358720
3342336
3342336
3342336
3334144
3346432
3350528
3342336
3350528
3371008
3342336
3350528
3350528
3350528
3346432
3354624
3354624
3354624
3354624
3375104
3346432
3354624
3358720
3350528
3358720
3379200
3350528
3358720
3379200
3354624
3354624
3362816
3362816
3362816
3362816
3383296
3362816
3362816
3383296
3358720
3371008
3387392
3358720
3371008
3371008
3371008
3375104
3375104
3391488
3375104
3375104
3375104
3362816
3375104
3391488
3371008
3379200
3379200
3383296
3383296
3383296
3399680
3387392
3387392
3387392
3379200
3387392
3403776
3379200
3387392
3387392
3391488
3391488
3391488
3407872
3391488
3391488
3391488
3387392
3395584
3411968
3387392
3395584
3395584
3395584
3395584
3395584
3416064
3399680
3399680
3399680
3391488
3391488
3399680
3399680
3420160
3403776
3403776
3420160
3395584
3403776
3420160
3395584
3407872
3407872
3407872
3407872
3407872
3424256
3407872
3407872
3407872
3416064
3416064
3416064
3416064
3416064
3407872
3411968
3420160
3420160
3436544
3420160
3411968
3420160
3420160
3420160
3424256
3424256
3440640
3416064
3424256
3440640
3416064
3424256
3440640
3428352
3420160
3428352
3428352
3428352
3428352
3444736
3432448
3424256
3424256
3432448
3432448
3432448
3432448
3448832
3428352
3428352
3436544
3436544
3452928
3436544
3436544
3436544
3432448
3432448
3440640
3440640
3457024
3444736
3436544
3444736
3444736
3448832
3448832
3448832
3465216
3477504
3502080
3514368
3502080
3502080
3481600
3469312
3452928
3452928
3452928
3469312
3448832
3457024
3473408
3448832
3457024
3473408
3448832
3448832
3457024
3461120
3461120
3461120
3477504
3461120
3452928
3452928
3461120
3465216
3465216
3465216
3481600
3457024
3457024
3465216
3465216
3469312
3469312
3469312
3485696
3461120
3469312
3485696
3469312
3477504
3477504
3477504
3477504
3477504
3493888
3477504
3477504
3481600
3473408
3473408
3481600
3481600
3497984
3481600
3481600
3485696
3477504
3485696
3502080
3477504
3485696
3502080
3485696
3481600
3489792
3489792
3489792
3489792
3489792
3481600
3489792
3506176
3485696
3493888
3493888
3493888
3485696
3493888
3493888
3497984
3497984
3514368
3489792
3497984
3514368
3489792
3497984
3514368
3502080
3493888
3502080
3506176
3506176
3506176
3522560
3502080
3510272
3526656
3502080
3510272
3526656
3502080
3502080
3510272
3514368
3514368
3514368
3530752
3506176
3514368
3514368
3510272
3518464
3534848
3510272
3518464
3518464
3518464
3518464
3518464
3538944
3522560
3522560
3522560
3514368
3522560
3538944
3518464
3526656
3526656
3526656
3526656
3526656
3543040
3526656
3526656
3530752
3522560
3530752
3547136
3522560
3530752
3530752
3534848
3538944
3538944
3538944
3538944
3538944
3538944
3530752
3538944
3555328
3534848
3543040
3543040
3543040
3543040
3543040
3559424
3547136
3547136
3547136
3538944
3547136
3563520
3538944
3547136
3547136
3551232
3551232
3551232
3551232
3551232
3551232
3551232
3547136
3555328
3571712
3547136
3555328
3555328
3555328
3555328
3555328
3575808
3559424
3559424
3559424
3551232
3559424
3575808
3555328
3563520
3563520
3563520
3563520
3567616
3584000
3567616
3567616
3571712
3563520
3571712
3588096
3563520
3571712
3571712
3571712
3575808
3575808
3592192
3575808
3575808
3575808
3567616
3575808
3592192
3571712
3579904
3579904
3579904
3579904
3579904
3596288
3584000
3584000
3584000
3575808
3584000
3600384
3575808
3584000
3584000
3588096
3588096
3588096
3604480
3588096
3579904
3579904
3588096
3592192
3592192
3592192
3608576
3592192
3592192
3608576
3592192
3600384
3616768
3592192
3592192
3600384
3600384
3600384
3600384
3620864
3604480
3604480
3604480
3596288
3604480
3620864
3600384
3608576
3608576
3608576
3608576
3608576
3608576
3608576
3608576
3612672
3604480
3612672
3629056
3604480
3612672
3612672
3612672
3616768
3616768
3633152
3616768
3616768
3616768
3608576
3616768
3633152
3612672
3620864
3620864
3620864
3620864
3620864
3637248
3624960
3624960
3624960
3616768
3624960
3641344
3620864
3629056
3629056
3633152
3633152
3633152
3649536
3633152
3633152
3633152
3629056
3637248
3653632
3629056
3637248
3637248
3637248
3637248
3637248
3657728
3641344
3641344
3641344
3633152
3641344
3657728
3637248
3645440
3645440
3645440
3645440
3645440
3661824
3645440
3645440
3649536
3641344
3649536
3665920
3641344
3649536
3649536
3649536
3653632
3653632
3670016
3653632
3653632
3670016
3645440
3653632
3670016
3653632
3661824
3678208
3653632
3661824
3661824
3661824
3665920
3665920
3665920
3665920
3665920
3682304
3665920
3665920
3686400
3670016
3670016
3670016
3661824
3670016
3686400
3665920
3674112
3690496
3665920
3674112
3674112
3674112
3665920
3674112
3678208
3678208
3678208
3694592
3678208
3678208
3694592
3674112
3682304
3682304
3674112
3682304
3698688
3674112
3682304
3698688
3678208
3686400
3686400
3686400
3686400
3690496
3706880
3694592
3694592
3710976
3686400
3694592
3694592
3686400
3694592
3710976
3690496
3698688
3698688
3698688
3690496
3698688
3698688
3702784
3702784
3719168
3694592
3702784
3702784
3694592
3702784
3719168
3698688
3706880
3723264
3698688
3698688
3706880
3706880
3710976
3710976
3710976
3710976
3710976
3727360
3702784
3710976
3715072
3706880
3715072
3731456
3706880
3715072
3731456
3710976
3719168
3719168
3723264
3723264
3723264
3739648
3723264
3723264
3743744
3719168
3727360
3727360
3719168
3727360
3743744
3723264
3731456
3731456
3731456
3723264
3731456
3731456
3731456
3731456
3751936
3735552
3735552
3735552
3727360
3735552
3751936
3731456
3739648
3756032
3731456
3731456
3739648
3739648
3739648
3739648
3760128
3743744
3743744
3760128
3743744
3735552
3743744
3743744
3764224
3747840
3739648
3747840
3747840
3747840
3743744
3751936
3756032
3756032
3756032
3772416
3756032
3756032
3756032
3751936
3760128
3776512
3751936
3760128
3776512
3751936
3760128
3760128
3764224
3764224
3764224
3764224
3764224
3764224
3780608
3760128
3768320
3768320
3760128
3768320
3784704
3760128
3768320
3768320
3772416
3764224
3772416
3772416
3772416
3772416
3788800
3768320
3776512
3776512
3768320
3776512
3792896
3768320
3776512
3776512
3780608
3776512
3784704
3784704
3784704
3784704
3801088
3788800
3788800
3788800
3780608
3788800
3805184
3780608
3788800
3805184
3784704
3792896
3792896
3792896
3784704
3792896
3809280
3796992
3796992
3813376
3788800
3796992
3796992
3788800
3796992
3813376
3792896
3801088
3801088
3801088
3792896
3801088
3801088
3805184
3805184
3821568
3805184
3805184
3805184
3796992
3805184
3821568
3801088
3809280
3825664
3801088
3809280
3809280
3813376
3817472
3817472
3817472
3817472
3817472
3833856
3817472
3817472
3821568
3813376
3821568
3837952
3813376
3821568
3821568
3821568
3817472
3825664
3825664
3825664
3825664
3842048
3825664
3825664
3829760
3821568
3829760
3846144
3821568
3829760
3846144
3825664
3833856
3833856
3833856
3833856
3833856
3833856
3833856
3833856
3854336
3829760
3837952
3837952
3829760
3837952
3854336
3833856
3842048
3842048
3842048
3837952
3846144
3846144
3846144
3846144
3866624
3850240
3850240
3850240
3842048
3850240
3866624
3846144
3854336
3870720
3846144
3854336
3854336
3854336
3846144
3854336
3858432
3858432
3858432
3874816
3858432
3858432
3858432
3854336
3862528
3878912
3854336
3862528
3878912
3854336
3862528
3862528
3866624
3858432
3866624
3866624
3866624
3866624
3883008
3870720
3870720
3870720
3862528
3870720
3887104
3862528
3870720
3887104
3870720
3870720
3878912
3878912
3878912
3878912
3895296
3883008
3883008
3883008
3874816
3883008
3899392
3874816
3883008
3899392
3878912
3887104
3887104
3887104
3887104
3887104
3887104
3891200
3891200
3907584
3891200
3891200
3907584
3883008
3887104
3895296
3895296
3895296
3895296
3895296
3911680
3887104
3895296
3899392
3891200
3899392
3915776
3891200
3899392
3899392
3899392
3895296
3903488
3903488
3903488
3907584
3923968
3907584
3907584
3928064
3903488
3911680
3928064
3903488
3911680
3928064
3907584
3915776
3915776
3915776
3907584
3915776
3915776
3915776
3915776
3936256
3919872
3919872
3936256
3911680
3911680
3919872
3919872
3923968
3923968
3923968
3940352
3915776
3923968
3923968
3919872
3928064
3944448
3919872
3928064
3944448
3919872
3928064
3928064
3932160
3923968
3932160
3932160
3932160
3932160
3948544
3936256
3940352
3956736
3932160
3940352
3956736
3932160
3940352
3940352
3944448
3936256
3944448
3944448
3944448
3944448
3960832
3948544
3948544
3948544
3940352
3948544
3964928
3940352
3948544
3964928
3944448
3952640
3952640
3952640
3944448
3952640
3952640
3956736
3956736
3973120
3956736
3956736
3973120
3956736
3956736
3960832
3952640
3960832
3977216
3952640
3960832
3960832
3956736
3956736
3964928
3964928
3964928
3964928
3985408
3969024
3969024
3973120
3964928
3973120
3989504
3964928
3973120
3989504
3969024
3969024
3977216
3977216
3977216
3977216
3993600
3977216
3977216
3981312
3973120
3981312
3997696
3973120
3981312
3997696
3977216
3985408
3985408
3985408
3977216
3985408
3985408
3985408
3985408
4005888
3981312
3981312
3981312
3989504
3989504
3989504
3989504
4009984
3993600
3993600
3993600
3985408
3993600
4009984
3989504
3997696
4014080
3993600
4001792
4001792
4001792
4001792
4001792
4005888
4005888
4005888
4022272
4005888
4005888
4022272
4001792
4009984
4026368
4001792
4009984
4026368
4001792
4009984
4009984
4014080
4014080
4014080
4014080
4014080
4014080
4030464
4018176
4018176
4018176
4009984
4018176
4034560
4009984
4018176
4034560
4014080
4022272
4022272
4022272
4014080
4022272
4022272
4026368
4026368
4042752
4026368
4026368
4026368
4022272
4030464
4046848
4026368
4034560
4034560
4034560
4026368
4034560
4034560
4038656
4038656
4055040
4038656
4038656
4038656
4030464
4038656
4042752
4034560
4042752
4059136
4034560
4042752
4042752
4042752
4038656
4046848
4046848
4046848
4046848
4063232
4046848
4046848
4050944
4042752
4050944
4067328
4042752
4050944
4067328
4046848
4055040
4055040
4055040
4055040
4055040
4055040
4055040
4055040
4075520
4059136
4063232
4063232
4055040
4063232
4079616
4059136
4067328
4083712
4059136
4067328
4067328
4067328
4067328
4067328
4071424
4071424
4071424
4087808
4071424
4071424
4071424
4067328
4075520
4091904
4067328
4075520
4091904
4067328
4075520
4075520
4079616
4079616
4079616
4079616
4079616
4079616
4096000
4075520
4083712
4083712
4075520
4083712
4100096
4075520
4083712
4083712
4079616
4079616
4087808
4087808
4087808
4087808
4108288
4096000
4096000
4112384
4087808
4096000
4112384
4087808
4096000
4112384
4091904
4100096
4100096
4100096
4100096
4100096
4100096
4104192
4104192
4120576
4096000
4104192
4104192
4096000
4104192
4120576
4100096
4108288
4108288
4108288
4108288
4108288
4108288
4112384
4112384
4128768
4112384
4112384
4112384
4104192
4112384
4128768
4108288
4116480
4132864
4108288
4116480
4116480
4116480
4112384
4120576
4120576
4124672
4124672
4141056
4116480
4124672
4128768
4120576
4128768
4145152
4120576
4128768
4128768
4128768
4124672
4132864
4132864
4132864
4132864
4149248
4132864
4132864
4153344
4128768
4136960
4136960
4128768
4136960
4153344
4132864
4141056
4141056
4141056
4132864
4141056
4141056
4141056
4141056
4161536
4145152
4145152
4145152
4136960
4145152
4161536
4141056
4149248
4165632
4141056
4149248
4149248
4153344
4145152
4153344
4157440
4157440
4157440
4173824
4149248
4157440
4157440
4153344
4161536
4177920
4153344
4161536
4161536
4161536
4153344
4161536
4165632
4165632
4165632
4182016
4165632
4165632
4182016
4161536
4169728
4169728
4161536
4169728
4186112
4161536
4169728
4169728
4173824
4165632
4173824
4173824
4173824
4173824
4190208
4177920
4177920
4177920
4169728
4177920
4194304
4169728
4177920
4177920
4186112
4177920
4186112
4186112
4186112
4186112
4202496
4190208
4190208
4190208
4182016
4190208
4206592
4182016
4190208
4206592
4186112
4186112
4194304
4194304
4194304
4194304
4210688
4198400
4198400
4214784
4190208
4198400
4214784
4190208
4198400
4214784
4194304
4202496
4202496
4202496
4202496
4202496
4202496
4206592
4206592
4222976
4198400
4206592
4206592
4198400
4206592
4222976
4202496
4210688
4210688
4214784
4206592
4214784
4214784
4218880
4218880
4235264
4218880
4218880
4218880
4210688
4218880
4235264
4214784
4222976
4239360
4214784
4222976
4222976
4222976
4218880
4227072
4227072
4227072
4227072
4243456
4218880
4227072
4247552
4222976
4231168
4247552
4222976
4231168
4247552
4227072
4235264
4235264
4235264
4227072
4235264
4235264
4235264
4235264
4239360
4239360
4239360
4255744
4231168
4239360
4243456
4239360
4247552
4263936
4239360
4247552
4247552
4247552
4239360
4247552
4251648
4251648
4251648
4268032
4251648
4251648
4251648
4247552
4255744
4272128
4247552
4255744
4272128
4247552
4247552
4255744
4259840
4259840
4259840
4259840
4259840
4259840
4276224
4255744
4263936
4263936
4255744
4263936
4280320
4255744
4263936
4280320
4259840
4268032
4268032
4268032
4259840
4268032
4268032
4272128
4276224
4292608
4268032
4276224
4276224
4268032
4276224
4292608
4272128
4280320
4280320
4280320
4280320
4280320
4280320
4284416
4284416
4300800
4284416
4284416
4284416
4276224
4284416
4288512
4280320
4288512
4304896
4280320
4288512
4288512
4288512
4284416
4292608
4292608
4292608
4292608
4308992
4292608
4292608
4296704
4288512
4296704
4313088
4288512
4296704
4296704
4296704
4292608
4300800
4300800
4300800
4304896
4321280
4304896
4304896
4308992
4300800
4308992
4325376
4300800
4308992
4325376
4304896
4313088
4313088
4313088
4304896
4313088
4313088
4313088
4313088
4333568
4308992
4317184
4317184
4308992
4317184
4333568
4313088
4321280
4337664
4313088
4321280
4321280
4321280
4321280
4321280
4325376
4325376
4325376
4341760
4325376
4325376
4325376
4321280
4329472
4345856
4321280
4329472
4345856
4325376
4325376
4333568
4337664
4337664
4337664
4354048
4337664
4337664
4354048
4333568
4341760
4341760
4333568
4341760
4358144
4333568
4341760
4341760
4345856
4337664
4345856
4345856
4345856
4345856
4362240
4341760
4349952
4349952
4341760
4349952
4366336
4341760
4349952
4349952
4354048
4345856
4354048
4354048
4354048
4354048
4354048
4358144
4358144
4374528
4349952
4349952
4349952
4358144
4358144
4362240
4362240
4382720
4366336
4366336
4382720
4358144
4366336
4382720
4362240
4370432
4386816
4362240
4370432
4370432
4370432
4374528
4374528
4374528
4374528
4374528
4390912
4374528
4374528
4378624
4370432
4378624
4395008
4370432
4378624
4395008
4374528
4382720
4382720
4382720
4382720
4382720
4382720
4382720
4382720
4403200
4378624
4386816
4386816
4378624
4386816
4403200
4382720
4390912
4407296
4382720
4395008
4395008
4395008
4395008
4395008
4399104
4399104
4399104
4415488
4390912
4390912
4399104
4399104
4403200
4403200
4403200
4403200
4403200
4403200
4419584
4407296
4407296
4407296
4399104
4407296
4423680
4399104
4407296
4423680
4403200
4411392
4411392
4411392
4403200
4411392
4411392
4415488
4415488
4431872
4407296
4415488
4415488
4407296
4415488
4431872
4411392
4419584
4419584
4419584
4411392
4419584
4423680
4427776
4427776
4427776
4427776
4427776
4444160
4419584
4427776
4431872
4423680
4431872
4448256
4423680
4431872
4448256
4427776
4435968
4435968
4435968
4427776
4435968
4435968
4435968
4435968
4456448
4440064
4440064
4440064
4431872
4440064
4456448
4435968
4444160
4460544
4435968
4444160
4444160
4444160
4435968
4444160
4448256
4448256
4448256
4464640
4448256
4448256
4448256
4444160
4452352
4468736
4448256
4456448
4472832
4448256
4456448
4456448
4460544
4452352
4460544
4460544
4460544
4452352
4460544
4460544
4464640
4456448
4464640
4464640
4464640
4464640
4481024
4460544
4460544
4468736
4468736
4468736
4468736
4468736
4468736
4472832
4472832
4489216
4464640
4472832
4472832
4464640
4472832
4489216
4468736
4476928
4476928
4468736
4468736
4476928
4476928
4481024
4481024
4481024
4481024
4481024
4501504
4476928
4485120
4489216
4481024
4489216
4505600
4481024
4489216
4505600
4485120
4493312
4493312
4493312
4485120
4493312
4493312
4493312
4493312
4513792
4497408
4497408
4497408
4489216
4497408
4513792
4493312
4501504
4517888
4493312
4501504
4501504
4501504
4493312
4501504
4505600
4505600
4505600
4521984
4497408
4505600
4505600
4501504
4509696
4526080
4501504
4509696
4509696
4509696
4501504
4513792
4517888
4517888
4517888
4534272
4517888
4517888
4534272
4513792
4521984
4521984
4513792
4521984
4538368
4513792
4521984
4538368
4517888
4517888
4526080
4526080
4526080
4526080
4542464
4530176
4530176
4530176
4521984
4530176
4530176
4521984
4530176
4546560
4526080
4534272
4534272
4534272
4526080
4534272
4534272
4538368
4538368
4538368
4538368
4538368
4554752
4530176
4538368
4538368
4534272
4546560
4562944
4538368
4546560
4546560
4546560
4542464
4550656
4550656
4550656
4550656
4567040
4550656
4550656
4554752
4546560
4554752
4571136
4546560
4554752
4571136
4550656
4558848
4558848
4558848
4550656
4558848
4558848
4558848
4558848
4579328
4562944
4562944
4562944
4554752
4562944
4579328
4558848
4567040
4583424
4558848
4567040
4567040
4567040
4558848
4567040
4571136
4571136
4571136
4587520
4567040
4575232
4575232
4571136
4579328
4595712
4571136
4579328
4595712
4571136
4579328
4579328
4583424
4575232
4583424
4583424
4583424
4583424
4599808
4587520
4587520
4587520
4579328
4587520
4603904
4579328
4587520
4587520
4583424
4583424
4591616
4591616
4591616
4591616
4591616
4595712
4595712
4612096
4587520
4595712
4595712
4587520
4595712
4612096
4591616
4599808
4616192
4591616
4599808
4599808
4599808
4608000
4608000
4608000
4608000
4608000
4624384
4608000
4608000
4612096
4603904
4612096
4628480
4603904
4612096
4628480
4608000
4616192
4616192
4616192
4608000
4616192
4616192
4616192
4616192
4620288
4620288
4620288
4636672
4612096
4620288
4620288
4616192
4624384
4640768
4616192
4624384
4624384
4624384
4624384
4620288
4628480
4628480
4628480
4644864
4628480
4628480
4644864
4628480
4632576
4632576
4636672
4653056
4636672
4636672
4665344
4632576
4640768
4640768
4632576
4640768
4640768
4632576
4640768
4636672
4636672
4644864
4636672
4644864
4661248
4636672
4644864
4644864
4648960
4648960
4648960
4648960
4648960
4648960
4648960
4653056
4653056
4669440
4644864
4653056
4653056
4644864
4653056
4669440
4648960
4657152
4657152
4657152
4648960
4657152
4657152
4661248
4661248
4677632
4661248
4661248
4677632
4657152
4665344
4669440
4661248
4669440
4685824
4661248
4669440
4669440
4669440
4665344
4673536
4673536
4673536
4673536
4673536
4673536
4673536
4694016
4677632
4677632
4677632
4669440
4677632
4694016
4673536
4681728
4698112
4673536
4681728
4681728
4681728
4681728
4681728
4685824
4685824
4685824
4702208
4677632
4685824
4685824
4681728
4689920
4706304
4681728
4689920
4689920
4689920
4681728
4689920
4698112
4698112
4698112
4714496
4698112
4698112
4714496
4694016
4702208
4702208
4694016
4702208
4718592
4694016
4702208
4702208
4706304
4698112
4706304
4706304
4706304
4698112
4706304
4722688
4702208
4710400
4710400
4710400
4702208
4710400
4710400
4714496
4714496
4730880
4706304
4714496
4714496
4706304
4714496
4730880
4710400
4718592
4734976
4710400
4718592
4718592
4718592
4718592
4726784
4726784
4730880
4730880
4747264
4730880
4730880
4734976
4726784
4734976
4734976
4726784
4734976
4751360
4730880
4739072
4755456
4730880
4739072
4739072
4739072
4730880
4739072
4743168
4743168
4743168
4759552
4743168
4743168
4759552
4739072
4747264
4763648
4739072
4747264
4763648
4739072
4747264
4747264
4751360
4743168
4751360
4751360
4751360
4751360
4767744
4755456
4755456
4771840
4747264
4755456
4771840
4751360
4759552
4775936
4755456
4763648
4780032
4755456
4763648
4763648
4763648
4759552
4767744
4767744
4767744
4767744
4784128
4767744
4767744
4771840
4763648
4763648
4771840
4771840
4771840
4771840
4771840
4792320
4775936
4775936
4775936
4767744
4775936
4792320
4771840
4780032
4796416
4771840
4780032
4780032
4780032
4780032
4780032
4784128
4784128
4784128
4800512
4784128
4784128
4800512
4780032
4792320
4808704
4784128
4792320
4808704
4784128
4792320
4792320
4796416
4788224
4796416
4796416
4796416
4796416
4812800
4800512
4800512
4816896
4792320
4800512
4800512
4792320
4800512
4816896
4796416
4804608
4820992
4796416
4804608
4804608
4804608
4808704
4808704
4808704
4808704
4808704
4825088
4800512
4808704
4812800
4804608
4812800
4829184
4804608
4812800
4812800
4812800
4808704
4816896
4816896
4820992
4820992
4837376
4820992
4820992
4841472
4816896
4825088
4825088
4816896
4825088
4841472
4820992
4829184
4829184
4829184
4820992
4829184
4829184
4829184
4829184
4833280
4833280
4833280
4849664
4833280
4833280
4833280
4829184
4837376
4853760
4829184
4837376
4853760
4829184
4837376
4837376
4841472
4833280
4841472
4841472
4841472
4841472
4841472
4845568
4845568
4861952
4837376
4837376
4837376
4845568
4849664
4853760
4853760
4853760
4853760
4853760
4870144
4845568
4853760
4857856
4849664
4857856
4874240
4849664
4857856
4874240
4853760
4861952
4861952
4861952
4853760
4861952
4861952
4861952
4861952
4866048
4866048
4866048
4866048
4857856
4857856
4866048
4866048
4870144
4870144
4870144
4870144
4870144
4861952
4870144
4870144
4874240
4874240
4874240
4874240
4874240
4874240
4890624
4870144
4882432
4882432
4874240
4882432
4874240
4882432
4882432
4886528
4886528
4886528
4886528
4886528
4886528
4878336
4886528
4890624
4890624
4890624
4907008
4890624
4890624
4907008
4894720
4886528
4886528
4894720
4894720
4894720
4894720
4911104
4898816
4898816
4915200
4890624
4898816
4898816
4890624
4898816
4915200
4894720
4902912
4919296
4894720
4894720
4902912
4902912
4907008
4907008
4923392
4907008
4911104
4927488
4902912
4907008
4907008
4915200
4915200
4907008
4915200
4915200
4915200
4915200
4935680
4919296
4919296
4935680
4911104
4911104
4911104
4919296
4923392
4923392
4923392
4939776
4923392
4923392
4939776
4919296
4927488
4943872
4919296
4927488
4943872
4919296
4927488
4943872
4931584
4931584
4931584
4931584
4931584
4931584
4931584
4935680
4935680
4952064
4935680
4935680
4952064
4931584
4935680
4943872
4943872
4943872
4943872
4935680
4943872
4960256
4939776
4939776
4947968
4964352
4947968
4947968
4947968
4947968
4952064
4952064
4952064
4952064
4952064
4968448
4952064
4947968
4956160
4956160
4956160
4956160
4956160
4956160
4947968
4956160
4960256
4960256
4960256
4976640
4952064
4952064
4952064
4960256
4964352
4964352
4964352
4964352
4964352
4964352
4980736
4960256
4968448
4972544
4964352
4972544
4988928
4964352
4972544
4988928
4968448
4976640
4976640
4976640
4976640
4968448
4976640
4980736
4980736
4980736
4972544
4980736
4980736
4980736
4980736
4984832
4984832
4984832
5001216
4976640
4984832
4984832
4980736
4988928
5005312
4980736
4988928
5005312
4980736
4988928
4988928
4993024
4984832
4993024
4993024
4993024
4993024
5009408
4997120
4988928
4988928
4997120
5001216
5001216
5001216
5001216
5005312
5005312
5005312
5005312
5005312
5005312
5005312
5005312
5009408
5009408
5001216
5009408
5009408
5009408
5001216
5009408
5029888
5013504
5013504
5029888
5013504
5013504
5013504
5009408
5017600
5033984
5009408
5017600
5033984
5009408
5017600
5017600
5021696
5013504
5021696
5021696
5021696
5021696
5038080
5025792
5025792
5025792
5017600
5025792
5042176
5017600
5029888
5046272
5025792
5033984
5033984
5033984
5050368
5025792
5033984
5038080
5029888
5038080
5054464
5029888
5038080
5038080
5038080
5033984
5042176
5042176
5042176
5033984
5042176
5042176
5038080
5038080
5046272
5046272
5038080
5046272
5046272
5046272
5046272
5050368
5050368
5050368
5066752
5042176
5042176
5050368
5050368
5054464
5054464
5054464
5054464
5054464
5046272
5054464
5070848
5054464
5062656
5079040
5054464
5062656
5062656
5062656
5058560
5066752
5066752
5066752
5066752
5066752
5066752
5066752
5087232
5062656
5070848
5070848
5062656
5070848
5087232
5066752
5074944
5074944
5074944
5066752
5074944
5074944
5074944
5074944
5079040
5079040
5079040
5095424
5079040
5079040
5095424
5074944
5083136
5083136
5074944
5083136
5099520
5074944
5083136
5083136
5087232
5087232
5087232
