db
225280
241664
233472
233472
233472
233472
241664
233472
233472
233472
233472
241664
233472
233472
233472
241664
249856
241664
241664
241664
241664
249856
241664
241664
241664
241664
249856
241664
241664
241664
241664
249856
241664
245760
245760
245760
253952
245760
245760
245760
245760
253952
245760
245760
245760
245760
253952
245760
245760
245760
249856
258048
249856
249856
249856
249856
258048
249856
249856
249856
249856
258048
249856
249856
249856
249856
258048
253952
253952
253952
253952
262144
253952
262144
253952
262144
262144
253952
262144
262144
278528
262144
253952
253952
253952
258048
266240
258048
258048
258048
258048
266240
266240
282624
282624
294912
307200
307200
319488
319488
331776
344064
344064
356352
356352
368640
380928
380928
393216
368640
360448
344064
319488
294912
274432
274432
282624
274432
274432
274432
274432
282624
274432
282624
274432
274432
274432
274432
282624
274432
278528
278528
278528
278528
278528
278528
278528
278528
286720
278528
278528
278528
278528
286720
278528
278528
278528
282624
290816
282624
290816
290816
307200
307200
282624
290816
290816
307200
319488
319488
331776
331776
344064
356352
356352
356352
331776
319488
294912
286720
286720
286720
286720
294912
286720
286720
286720
286720
294912
286720
290816
290816
290816
299008
290816
290816
290816
290816
299008
290816
290816
290816
290816
299008
290816
290816
290816
294912
303104
294912
294912
294912
294912
294912
294912
294912
294912
294912
294912
294912
303104
299008
299008
299008
303104
311296
303104
303104
303104
303104
311296
303104
303104
303104
303104
311296
303104
303104
303104
303104
311296
307200
307200
307200
307200
315392
307200
307200
307200
307200
315392
307200
307200
307200
307200
315392
307200
311296
311296
311296
319488
311296
311296
311296
311296
319488
311296
311296
311296
311296
319488
311296
311296
311296
315392
323584
315392
315392
315392
315392
323584
315392
315392
315392
315392
323584
315392
315392
315392
315392
323584
319488
319488
319488
319488
327680
319488
319488
319488
319488
327680
319488
319488
319488
319488
327680
319488
323584
323584
323584
331776
323584
323584
323584
323584
331776
323584
323584
323584
323584
331776
323584
323584
323584
327680
335872
327680
327680
327680
331776
339968
331776
331776
331776
331776
339968
331776
331776
331776
331776
339968
335872
335872
335872
335872
344064
335872
335872
335872
335872
344064
335872
335872
335872
335872
344064
335872
339968
339968
339968
348160
339968
339968
339968
339968
348160
339968
339968
339968
339968
348160
339968
339968
339968
344064
352256
344064
344064
344064
344064
352256
344064
344064
344064
344064
352256
344064
344064
344064
344064
352256
348160
348160
348160
348160
356352
348160
348160
348160
348160
356352
348160
348160
348160
348160
356352
348160
352256
352256
352256
360448
352256
352256
352256
352256
360448
352256
352256
352256
352256
360448
352256
352256
352256
356352
364544
356352
356352
356352
356352
364544
356352
356352
356352
356352
364544
356352
356352
356352
360448
368640
364544
364544
364544
364544
372736
364544
364544
364544
364544
372736
364544
364544
364544
364544
372736
364544
368640
368640
368640
376832
368640
368640
368640
368640
376832
368640
368640
368640
368640
376832
368640
368640
368640
372736
380928
372736
372736
372736
372736
380928
372736
372736
372736
372736
380928
372736
372736
372736
372736
380928
376832
376832
376832
376832
385024
376832
376832
376832
376832
385024
376832
376832
376832
376832
385024
376832
380928
380928
380928
389120
380928
380928
380928
380928
389120
380928
380928
380928
380928
389120
380928
380928
380928
385024
393216
385024
385024
385024
385024
393216
385024
385024
385024
385024
393216
385024
385024
385024
385024
393216
389120
389120
389120
389120
397312
389120
393216
393216
393216
401408
393216
393216
393216
393216
401408
393216
397312
397312
397312
405504
397312
397312
397312
397312
405504
397312
397312
397312
397312
405504
397312
397312
397312
401408
409600
401408
401408
401408
401408
409600
401408
401408
401408
401408
409600
401408
401408
401408
401408
409600
405504
405504
405504
405504
413696
405504
405504
405504
405504
413696
405504
405504
405504
405504
413696
405504
409600
409600
409600
417792
409600
409600
409600
409600
417792
409600
409600
409600
409600
417792
409600
409600
409600
413696
421888
413696
413696
413696
413696
421888
413696
413696
413696
413696
421888
413696
413696
413696
413696
421888
417792
417792
417792
417792
425984
417792
417792
417792
417792
425984
417792
417792
417792
417792
425984
417792
425984
425984
425984
434176
425984
425984
425984
425984
434176
425984
425984
425984
425984
434176
425984
425984
425984
430080
438272
430080
430080
430080
430080
438272
430080
430080
430080
430080
438272
430080
430080
430080
430080
438272
434176
434176
434176
434176
442368
434176
434176
434176
434176
442368
434176
434176
434176
434176
442368
434176
438272
438272
438272
446464
438272
438272
438272
438272
446464
438272
438272
438272
438272
446464
438272
438272
438272
442368
450560
442368
442368
442368
442368
450560
442368
442368
442368
442368
450560
442368
442368
442368
442368
450560
446464
446464
446464
446464
454656
446464
446464
446464
446464
454656
446464
446464
446464
446464
454656
446464
450560
450560
450560
458752
450560
450560
450560
450560
458752
454656
454656
454656
454656
462848
454656
454656
454656
458752
466944
458752
458752
458752
458752
466944
458752
458752
458752
458752
466944
458752
458752
458752
458752
466944
462848
462848
462848
462848
471040
462848
462848
462848
462848
471040
462848
462848
462848
462848
462848
462848
466944
466944
466944
466944
466944
466944
466944
466944
466944
466944
475136
466944
466944
466944
466944
475136
466944
471040
471040
471040
479232
471040
471040
471040
471040
479232
471040
471040
471040
471040
479232
471040
471040
471040
475136
483328
475136
475136
475136
475136
483328
475136
475136
475136
475136
483328
475136
475136
475136
475136
483328
479232
479232
479232
479232
487424
479232
479232
479232
479232
487424
479232
479232
479232
479232
487424
479232
483328
483328
487424
495616
487424
487424
487424
487424
495616
487424
487424
487424
487424
495616
487424
487424
487424
491520
499712
491520
491520
491520
491520
499712
491520
491520
491520
491520
491520
491520
491520
491520
491520
491520
495616
503808
495616
495616
495616
495616
503808
495616

495616
495616
495616
503808
495616
495616
495616
495616
503808
499712
499712
499712
499712
507904
499712
499712
499712
499712
507904
499712
499712
499712
499712
507904
499712
503808
503808
503808
512000
503808
503808
503808
503808
512000
503808
503808
503808
503808
512000
503808
503808
503808
507904
516096
507904
507904
507904
507904
516096
507904
507904
507904
507904
516096
507904
507904
507904
507904
516096
512000
512000
512000
512000
520192
512000
512000
512000
512000
520192
516096
516096
516096
516096
524288
516096
520192
520192
520192
528384
520192
520192
520192
520192
528384
520192
520192
520192
520192
528384
520192
520192
520192
524288
532480
524288
524288
524288
524288
532480
524288
524288
524288
524288
532480
524288
524288
524288
524288
532480
528384
528384
528384
528384
536576
528384
528384
528384
528384
536576
528384
528384
528384
528384
536576
528384
532480
532480
532480
540672
532480
532480
532480
532480
540672
532480
532480
532480
532480
540672
532480
532480
532480
536576
544768
536576
536576
536576
536576
544768
536576
536576
536576
536576
544768
536576
536576
536576
536576
544768
540672
540672
540672
540672
548864
540672
540672
540672
540672
548864
540672
540672
540672
540672
548864
540672
544768
544768
544768
544768
548864
548864
548864
548864
548864
548864
557056
548864
548864
548864
548864
557056
548864
552960
552960
552960
561152
552960
552960
552960
552960
561152
552960
552960
552960
552960
561152
552960
552960
552960
557056
565248
557056
557056
557056
557056
565248
557056
557056
557056
557056
565248
557056
557056
557056
557056
565248
561152
561152
561152
561152
569344
561152
561152
561152
561152
569344
561152
561152
561152
561152
569344
561152
565248
565248
565248
573440
565248
565248
565248
565248
573440
565248
565248
565248
565248
573440
565248
565248
565248
569344
577536
569344
569344
569344
569344
577536
569344
569344
569344
569344
577536
569344
569344
569344
569344
577536
573440
573440
573440
573440
573440
573440
573440
573440
573440
573440
573440
581632
577536
577536
577536
577536
585728
581632
581632
581632
581632
589824
581632
581632
581632
581632
589824
581632
581632
581632
581632
589824
581632
585728
585728
585728
593920
585728
585728
585728
585728
593920
585728
585728
585728
585728
593920
585728
585728
585728
589824
598016
589824
589824
589824
589824
598016
589824
589824
589824
589824
598016
589824
589824
589824
589824
598016
593920
593920
593920
593920
602112
593920
593920
593920
593920
602112
593920
593920
593920
593920
602112
593920
598016
598016
598016
606208
598016
598016
598016
598016
606208
598016
598016
598016
598016
606208
598016
598016
598016
602112
610304
602112
602112
602112
602112
610304
602112
602112
602112
602112
610304
602112
602112
602112
602112
602112
606208
614400
606208
606208
606208
610304
618496
610304
610304
610304
610304
618496
610304
610304
610304
610304
618496
614400
614400
614400
614400
622592
614400
614400
614400
614400
622592
614400
614400
614400
614400
622592
614400
618496
618496
618496
626688
618496
618496
618496
618496
626688
618496
618496
618496
618496
626688
618496
618496
618496
622592
630784
622592
622592
622592
622592
630784
622592
622592
622592
622592
630784
622592
622592
622592
622592
630784
626688
626688
626688
626688
634880
626688
626688
626688
626688
634880
626688
626688
626688
626688
634880
626688
630784
630784
630784
638976
630784
630784
630784
630784
638976
630784
630784
630784
630784
630784
630784
630784
630784
634880
634880
634880
643072
634880
634880
634880
634880
643072
634880
634880
634880
634880
643072
638976
638976
638976
643072
651264
643072
643072
643072
643072
651264
643072
643072
643072
643072
651264
643072
643072
643072
643072
651264
647168
647168
647168
647168
655360
647168
647168
647168
647168
655360
647168
647168
647168
647168
655360
647168
651264
651264
651264
659456
651264
651264
651264
651264
659456
651264
651264
651264
651264
659456
651264
651264
651264
655360
663552
655360
655360
655360
655360
663552
655360
655360
655360
655360
663552
655360
655360
655360
655360
663552
659456
659456
659456
659456
667648
659456
659456
659456
659456
667648
659456
659456
659456
659456
667648
659456
663552
663552
663552
671744
663552
663552
663552
663552
671744
663552
663552
663552
663552
671744
663552
663552
663552
667648
675840
667648
667648
667648
667648
675840
671744
671744
671744
671744
679936
671744
671744
671744
671744
679936
675840
675840
675840
675840
684032
675840
675840
675840
675840
684032
675840
675840
675840
675840
684032
675840
679936
679936
679936
688128
679936
679936
679936
679936
679936
679936
679936
679936
679936
679936
679936
679936
679936
684032
684032
684032
684032
684032
684032
684032
684032
692224
684032
684032
684032
684032
692224
684032
684032
684032
688128
696320
688128
688128
688128
688128
696320
688128
688128
688128
688128
696320
688128
688128
688128
688128
696320
692224
692224
692224
692224
700416
692224
692224
692224
692224
700416
692224
692224
692224
692224
700416
692224
696320
696320
696320
704512
696320
696320
696320
696320
704512
696320
696320
696320
696320
704512
696320
700416
700416
704512
712704
704512
704512
704512
704512
712704
704512
704512
704512
704512
712704
704512
704512
704512
704512
712704
708608
708608
708608
708608
716800
708608
708608
708608
708608
716800
708608
708608
708608
708608
716800
708608
712704
712704
712704
720896
712704
712704
712704
712704
720896
712704
712704
712704
712704
720896
712704
712704
712704
716800
724992
716800
716800
716800
716800
724992
716800
716800
716800
716800
716800
716800
724992
716800
716800
716800
720896
729088
720896
720896
720896
720896
729088
720896
720896
720896
720896
729088
720896
720896
720896
720896
729088
724992
724992
724992
724992
733184
724992
724992
724992
724992
733184
724992
724992
724992
724992
733184
724992
729088
729088
729088
737280
729088
729088
729088
729088
737280
733184
733184
733184
733184
741376
733184
733184
733184
737280
745472
737280
737280
737280
737280
737280
737280
737280
737280
737280
737280
737280
745472
737280
737280
737280
741376
749568
741376
741376
741376
741376
749568
741376
741376
741376
741376
749568
741376
741376
741376
741376
749568
745472
745472
745472
745472
753664
745472
745472
745472
745472
753664
745472
745472
745472
745472
753664
745472
749568
749568
749568
757760
749568
749568
749568
749568
757760
749568
749568
749568
749568
757760
749568
749568
749568
753664
761856
753664
753664
753664
753664
761856
753664
753664
753664
753664
761856
753664
753664
753664
753664
761856
757760
757760
757760
757760
765952
757760
757760
757760
757760
765952
757760
757760
757760
757760
765952
757760
765952
765952
765952
774144
765952
765952
765952
765952
774144
765952
765952
765952
765952
774144
765952
765952
765952
770048
778240
770048
770048
770048
770048
778240
770048
770048
770048
770048
778240
770048
770048
770048
770048
778240
774144
774144
774144
774144
782336
774144
774144
774144
774144
782336
774144
774144
774144
774144
782336
774144
778240
778240
778240
786432
778240
778240
778240
778240
786432
778240
778240
778240
778240
786432
778240
778240
778240
782336
790528
782336
782336
782336
782336
790528
782336
782336
782336
782336
790528
782336
782336
782336
782336
790528
786432
786432
786432
786432
794624
786432
786432
786432
786432
794624
786432
786432
786432
786432
794624
786432
790528
790528
790528
798720
790528
790528
790528
790528
798720
790528
794624
794624
794624
802816
794624
794624
794624
798720
806912
798720
798720
798720
798720
806912
798720
798720
798720
798720
806912
798720
798720
798720
798720
806912
802816
802816
802816
802816
811008
802816
802816
802816
802816
811008
802816
802816
802816
802816
811008
802816
806912
806912
806912
815104
806912
806912
806912
806912
815104
806912
806912
806912
806912
815104
806912
806912
806912
811008
819200
811008
811008
811008
811008
819200
811008
811008
811008
811008
819200
811008
811008
811008
811008
819200
815104
815104
815104
815104
823296
815104
815104
815104
815104
823296
815104
815104
815104
815104
823296
815104
819200
819200
819200
827392
819200
819200
819200
819200
827392
819200
819200
819200
819200
827392
819200
819200
819200
823296
831488
827392
827392
827392
827392
835584
827392
827392
827392
827392
835584
827392
827392
827392
827392
835584
831488
831488
831488
831488
839680
831488
831488
831488
831488
839680
831488
831488
831488
831488
839680
831488
835584
835584
835584
843776
835584
835584
835584
835584
843776
835584
835584
835584
835584
843776
835584
835584
835584
839680
847872
839680
839680
839680
839680
847872
839680
839680
839680
839680
847872
839680
839680
839680
839680
847872
843776
843776
843776
843776
851968
843776
843776
843776
843776
851968
843776
843776
843776
843776
851968
843776
847872
847872
847872
856064
847872
847872
847872
847872
856064
847872
847872
847872
847872
856064
847872
847872
847872
851968
860160
851968
851968
851968
851968
860160
851968
851968
851968
851968
860160
856064
856064
856064
856064
864256
860160
860160
860160
860160
868352
860160
860160
860160
860160
868352
860160
860160
860160
860160
868352
860160
864256
864256
864256
872448
864256
864256
864256
864256
872448
864256
864256
864256
864256
872448
864256
864256
864256
868352
876544
868352
868352
868352
868352
876544
868352
868352
868352
868352
876544
868352
868352
868352
868352
876544
872448
872448
872448
872448
880640
872448
872448
872448
872448
880640
872448
872448
872448
872448
880640
872448
876544
876544
876544
884736
876544
876544
876544
876544
884736
876544
876544
876544
876544
884736
876544
876544
876544
880640
888832
880640
880640
880640
880640
888832
880640
880640
880640
880640
888832
880640
880640
880640
880640
888832
884736
884736
884736
888832
897024
888832
888832
888832
888832
897024
888832
888832
888832
888832
897024
888832
892928
892928
892928
901120
892928
892928
892928
892928
901120
892928
892928
892928
892928
901120
892928
892928
892928
897024
905216
897024
897024
897024
897024
905216
897024
897024
897024
897024
905216
897024
897024
897024
897024
905216
901120
901120
901120
901120
909312
901120
901120
901120
901120
909312
901120
901120
901120
901120
909312
901120
905216
905216
905216
913408
905216
905216
905216
905216
913408
905216
905216
905216
905216
913408
905216
905216
905216
909312
917504
909312
909312
909312
909312
917504
909312
909312
909312
909312
917504
909312
909312
909312
909312
917504
913408
913408
913408
913408
921600
913408
913408
913408
913408
921600
913408
913408
913408
917504
925696
917504
921600
921600
921600
929792
921600
921600
921600
921600
929792
921600
921600
921600
921600
929792
921600
921600
921600
925696
933888
925696
925696
925696
925696
925696
925696
925696
925696
925696
925696
925696
925696
925696
925696
925696
929792
937984
929792
929792
929792
929792
937984
929792
929792
929792
929792
937984
929792
929792
929792
929792
937984
933888
933888
933888
933888
942080
933888
933888
933888
933888
942080
933888
933888
933888
933888
942080
933888
937984
937984
937984
946176
937984
937984
937984
937984
946176
937984
937984
937984
937984
946176
937984
937984
937984
942080
950272
942080
942080
942080
942080
950272
942080
942080
942080
942080
950272
942080
942080
942080
942080
950272
946176
946176
946176
946176
954368
950272
950272
950272
950272
958464
950272
950272
950272
950272
958464
950272
954368
954368
954368
962560
954368
954368
954368
954368
962560
954368
954368
954368
954368
962560
954368
954368
954368
958464
966656
958464
958464
958464
958464
966656
958464
958464
958464
958464
966656
958464
958464
958464
958464
966656
962560
962560
962560
962560
970752
962560
962560
962560
962560
970752
962560
962560
962560
962560
970752
962560
966656
966656
966656
974848
966656
966656
966656
966656
974848
966656
966656
966656
966656
966656
966656
966656
966656
970752
970752
970752
970752
970752
970752
970752
970752
978944
970752
970752
970752
970752
978944
970752
970752
970752
974848
983040
974848
974848
974848
974848
983040
974848
974848
974848
974848
983040
974848
974848
974848
978944
987136
983040
983040
983040
983040
991232
983040
983040
983040
983040
991232
983040
983040
983040
983040
991232
983040
987136
987136
987136
995328
987136
987136
987136
987136
987136
987136
987136
987136
987136
987136
987136
987136
987136
991232
991232
991232
999424
991232
991232
991232
991232
999424
991232
991232
991232
991232
999424
991232
991232
991232
995328
1003520
995328
995328
995328
995328
1003520
995328
995328
995328
995328
1003520
995328
995328
995328
995328
1003520
999424
999424
999424
999424
1007616
999424
999424
999424
999424
1007616
999424
999424
999424
999424
1007616
999424
1003520
1003520
1003520
1011712
1003520
1003520
1003520
1003520
1011712
1003520
1003520
1003520
1003520
1011712
1003520
1003520
1003520
1007616
1015808
1007616
1007616
1007616
1007616
1007616
1011712
1011712
1011712
1011712
1011712
1011712
1019904
1011712
1011712
1011712
1015808
1024000
1015808
1015808
1015808
1015808
1024000
1015808
1015808
1015808
1015808
1024000
1015808
1015808
1015808
1015808
1024000
1019904
1019904
1019904
1019904
1028096
1019904
1019904
1019904
1019904
1028096
1019904
1019904
1019904
1019904
1028096
1019904
1024000
1024000
1024000
1032192
1024000
1024000
1024000
1024000
1032192
1024000
1024000
1024000
1024000
1032192
1024000
1024000
1024000
1032192
1048576
1048576
1060864
1060864
1073152
1073152
1085440
1089536
1052672
1028096
1036288
1028096
1028096
1028096
1028096
1028096
1032192
1032192
1032192
1032192
1032192
1032192
1032192
1032192
1032192
1032192
1032192
1040384
1032192
1032192
1032192
1032192
1040384
1036288
1036288
1036288
1036288
1044480
1036288
1036288
1036288
1036288
1044480
1036288
1036288
1036288
1036288
1044480
1036288
1044480
1044480
1044480
1052672
1044480
1044480
1044480
1044480
1052672
1044480
1044480
1044480
1044480
1052672
1044480
1044480
1044480
1048576
1056768
1048576
1048576
1048576
1048576
1056768
1048576
1048576
1048576
1048576
1056768
1048576
1048576
1048576
1048576
1056768
1052672
1052672
1052672
1052672
1060864
1052672
1052672
1052672
1052672
1060864
1052672
1052672
1052672
1052672
1060864
1052672
1056768
1056768
1056768
1064960
1056768
1056768
1056768
1056768
1064960
1056768
1056768
1056768
1056768
1064960
1056768
1056768
1056768
1060864
1069056
1060864
1060864
1060864
1060864
1069056
1060864
1060864
1060864
1060864
1069056
1060864
1060864
1060864
1060864
1069056
1064960
1064960
1064960
1064960
1073152
1064960
1064960
1064960
1064960
1073152
1064960
1064960
1064960
1064960
1073152
1064960
1069056
1069056
1069056
1077248
1069056
1069056
1069056
1069056
1077248
1073152
1073152
1073152
1073152
1081344
1073152
1073152
1073152
1077248
1085440
1077248
1077248
1077248
1077248
1077248
1077248
1077248
1077248
1077248
1077248
1077248
1085440
1077248
1077248
1077248
1081344
1089536
1081344
1081344
1081344
1081344
1089536
1081344
1081344
1081344
1081344
1089536
1081344
1081344
1081344
1081344
1089536
1085440
1085440
1085440
1085440
1093632
1085440
1085440
1085440
1085440
1093632
1085440
1085440
1085440
1085440
1093632
1085440
1089536
1089536
1089536
1097728
1089536
1089536
1089536
1089536
1097728
1089536
1089536
1089536
1089536
1097728
1089536
1089536
1089536
1093632
1101824
1093632
1093632
1093632
1093632
1101824
1093632
1093632
1093632
1093632
1101824
1093632
1093632
1093632
1093632
1101824
1097728
1097728
1097728
1097728
1105920
1097728
1097728
1097728
1097728
1105920
1097728
1097728
1097728
1097728
1105920
1097728
1101824
1101824
1105920
1114112
1105920
1105920
1105920
1105920
1114112
1105920
1105920
1105920
1105920
1114112
1105920
1105920
1105920
1110016
1118208
1110016
1110016
1110016
1110016
1118208
1110016
1110016
1110016
1110016
1118208
1110016
1110016
1110016
1110016
1118208
1114112
1114112
1114112
1114112
1122304
1114112
1114112
1114112
1114112
1122304
1114112
1114112
1114112
1114112
1122304
1114112
1118208
1118208
1118208
1126400
1118208
1118208
1118208
1118208
1126400
1118208
1118208
1118208
1118208
1126400
1118208
1118208
1118208
1122304
1130496
1122304
1122304
1122304
1122304
1130496
1122304
1122304
1122304
1122304
1130496
1122304
1122304
1122304
1122304
1130496
1126400
1126400
1126400
1126400
1134592
1126400
1126400
1126400
1126400
1134592
1126400
1126400
1126400
1126400
1134592
1126400
1130496
1130496
1130496
1138688
1130496
1130496
1130496
1130496
1138688
1130496
1134592
1134592
1134592
1142784
1134592
1134592
1134592
1138688
1146880
1138688
1138688
1138688
1138688
1146880
1138688
1138688
1138688
1138688
1146880
1138688
1138688
1138688
1138688
1146880
1142784
1142784
1142784
1142784
1150976
1142784
1142784
1142784
1142784
1142784
1142784
1142784
1142784
1142784
1142784
1142784
1150976
1146880
1146880
1146880
1146880
1155072
1146880
1146880
1146880
1146880
1155072
1146880
1146880
1146880
1146880
1155072
1146880
1150976
1150976
1150976
1159168
1150976
1150976
1150976
1150976
1159168
1150976
1150976
1150976
1150976
1159168
1150976
1150976
1150976
1155072
1163264
1155072
1155072
1155072
1155072
1163264
1155072
1155072
1155072
1155072
1163264
1155072
1155072
1155072
1155072
1163264
1159168
1159168
1159168
1159168
1167360
1159168
1159168
1159168
1159168
1159168
1159168
1159168
1159168
1159168
1159168
1159168
1167360
1163264
1163264
1163264
1167360
1175552
1167360
1167360
1167360
1167360
1175552
1167360
1167360
1167360
1167360
1175552
1167360
1171456
1171456
1171456
1179648
1171456
1171456
1171456
1171456
1179648
1171456
1171456
1171456
1171456
1179648
1171456
1171456
1171456
1175552
1183744
1175552
1175552
1175552
1175552
1183744
1175552
1175552
1175552
1175552
1183744
1175552
1175552
1175552
1175552
1183744
1179648
1179648
1179648
1179648
1187840
1179648
1179648
1179648
1179648
1187840
1179648
1179648
1179648
1179648
1187840
1179648
1183744
1183744
1183744
1191936
1183744
1183744
1183744
1183744
1191936
1183744
1183744
1183744
1183744
1191936
1183744
1183744
1183744
1187840
1196032
1187840
1187840
1187840
1187840
1196032
1187840
1187840
1187840
1187840
1196032
1187840
1187840
1187840
1187840
1196032
1191936
1191936
1191936
1191936
1200128
1191936
1191936
1191936
1191936
1200128
1191936
1196032
1196032
1196032
1204224
1196032
1200128
1200128
1200128
1208320
1200128
1200128
1200128
1200128
1208320
1200128
1200128
1200128
1200128
1208320
1200128
1200128
1200128
1204224
1212416
1204224
1204224
1204224
1204224
1212416
1204224
1204224
1204224
1204224
1212416
1204224
1204224
1204224
1204224
1212416
1208320
1208320
1208320
1208320
1216512
1208320
1208320
1208320
1208320
1216512
1208320
1208320
1208320
1208320
1216512
1208320
1212416
1212416
1212416
1220608
1212416
1212416
1212416
1212416
1220608
1212416
1212416
1212416
1212416
1220608
1212416
1212416
1212416
1216512
1224704
1216512
1216512
1216512
1216512
1224704
1216512
1216512
1216512
1216512
1224704
1216512
1216512
1216512
1216512
1224704
1220608
1220608
1220608
1220608
1228800
1220608
1220608
1220608
1220608
1228800
1220608
1220608
1220608
1220608
1228800
1220608
1224704
1224704
1224704
1232896
1224704
1228800
1228800
1228800
1236992
1228800
1228800
1228800
1228800
1236992
1228800
1228800
1228800
1232896
1241088
1232896
1232896
1232896
1232896
1241088
1232896
1232896
1232896
1232896
1241088
1232896
1232896
1232896
1232896
1241088
1236992
1236992
1236992
1236992
1245184
1236992
1236992
1236992
1236992
1245184
1236992
1236992
1236992
1236992
1245184
1236992
1241088
1241088
1241088
1249280
1241088
1241088
1241088
1241088
1249280
1241088
1241088
1241088
1241088
1249280
1241088
1241088
1241088
1245184
1253376
1245184
1245184
1245184
1245184
1253376
1245184
1245184
1245184
1245184
1253376
1245184
1245184
1245184
1245184
1253376
1249280
1249280
1249280
1249280
1257472
1249280
1249280
1249280
1249280
1257472
1249280
1249280
1249280
1249280
1257472
1249280
1253376
1253376
1253376
1261568
1253376
1253376
1253376
1253376
1261568
1253376
1253376
1253376
1253376
1261568
1257472
1257472
1257472
1261568
1269760
1261568
1261568
1261568
1261568
1269760
1261568
1261568
1261568
1261568
1269760
1261568
1261568
1261568
1261568
1269760
1265664
1265664
1265664
1265664
1273856
1265664
1265664
1265664
1265664
1273856
1265664
1265664
1265664
1265664
1265664
1265664
1269760
1269760
1269760
1269760
1269760
1269760
1269760
1269760
1269760
1269760
1277952
1269760
1269760
1269760
1269760
1277952
1269760
1273856
1273856
1273856
1282048
1273856
1273856
1273856
1273856
1282048
1273856
1273856
1273856
1273856
1282048
1273856
1273856
1273856
1277952
1286144
1277952
1277952
1277952
1277952
1286144
1277952
1277952
1277952
1277952
1286144
1277952
1277952
1277952
1277952
1286144
1282048
1282048
1282048
1282048
1290240
1282048
1282048
1282048
1282048
1282048
1282048
1282048
1282048
1282048
1282048
1282048
1290240
1286144
1286144
1286144
1286144
1294336
1286144
1290240
1290240
1290240
1298432
1290240
1290240
1290240
1290240
1298432
1290240
1294336
1294336
1294336
1302528
1294336
1294336
1294336
1294336
1302528
1294336
1294336
1294336
1294336
1302528
1294336
1294336
1294336
1298432
1306624
1298432
1298432
1298432
1298432
1306624
1298432
1298432
1298432
1298432
1306624
1298432
1298432
1298432
1298432
1306624
1302528
1302528
1302528
1302528
1310720
1302528
1302528
1302528
1302528
1310720
1302528
1302528
1302528
1302528
1310720
1302528
1306624
1306624
1306624
1314816
1306624
1306624
1306624
1306624
1306624
1306624
1306624
1306624
1306624
1306624
1306624
1306624
1306624
1310720
1310720
1310720
1318912
1310720
1310720
1310720
1310720
1318912
1310720
1310720
1310720
1310720
1318912
1310720
1310720
1310720
1314816
1323008
1314816
1314816
1314816
1314816
1323008
1314816
1314816
1314816
1314816
1323008
1314816
1314816
1314816
1318912
1327104
1323008
1323008
1323008
1323008
1331200
1323008
1323008
1323008
1323008
1331200
1323008
1323008
1323008
1323008
1331200
1323008
1327104
1327104
1327104
1335296
1327104
1327104
1327104
1327104
1335296
1327104
1327104
1327104
1327104
1335296
1327104
1327104
1327104
1331200
1339392
1331200
1331200
1331200
1331200
1339392
1331200
1331200
1331200
1331200
1339392
1331200
1331200
1331200
1331200
1339392
1335296
1335296
1335296
1335296
1343488
1335296
1335296
1335296
1335296
1343488
1335296
1335296
1335296
1335296
1343488
1335296
1339392
1339392
1339392
1347584
1339392
1339392
1339392
1339392
1347584
1339392
1339392
1339392
1339392
1347584
1339392
1339392
1339392
1343488
1351680
1343488
1343488
1343488
1343488
1351680
1343488
1343488
1343488
1343488
1351680
1343488
1343488
1343488
1343488
1351680
1347584
1347584
1347584
1347584
1355776
1347584
1347584
1347584
1351680
1359872
1351680
1351680
1351680
1351680
1359872
1351680
1355776
1355776
1355776
1363968
1355776
1355776
1355776
1355776
1363968
1355776
1355776
1355776
1355776
1363968
1355776
1355776
1355776
1359872
1368064
1359872
1359872
1359872
1359872
1368064
1359872
1359872
1359872
1359872
1368064
1359872
1359872
1359872
1359872
1368064
1363968
1363968
1363968
1363968
1372160
1363968
1363968
1363968
1363968
1372160
1363968
1363968
1363968
1363968
1372160
1363968
1368064
1368064
1368064
1376256
1368064
1368064
1368064
1368064
1376256
1368064
1368064
1368064
1368064
1376256
1368064
1368064
1368064
1372160
1380352
1372160
1372160
1372160
1372160
1380352
1372160
1372160
1372160
1372160
1380352
1372160
1372160
1372160
1372160
1380352
1376256
1376256
1376256
1376256
1384448
1376256
1376256
1376256
1376256
1384448
1376256
1376256
1376256
1376256
1384448
1376256
1384448
1384448
1384448
1392640
1384448
1384448
1384448
1384448
1392640
1384448
1384448
1384448
1384448
1392640
1384448
1384448
1384448
1388544
1396736
1388544
1388544
1388544
1388544
1396736
1388544
1388544
1388544
1388544
1396736
1388544
1388544
1388544
1388544
1396736
1392640
1392640
1392640
1392640
1400832
1392640
1392640
1392640
1392640
1400832
1392640
1392640
1392640
1392640
1400832
1392640
1396736
1396736
1396736
1404928
1396736
1396736
1396736
1396736
1404928
1396736
1396736
1396736
1396736
1404928
1396736
1396736
1396736
1400832
1409024
1400832
1400832
1400832
1400832
1409024
1400832
1400832
1400832
1400832
1409024
1400832
1400832
1400832
1400832
1409024
1404928
1404928
1404928
1404928
1413120
1404928
1404928
1404928
1404928
1413120
1404928
1404928
1404928
1404928
1413120
1404928
1409024
1409024
1409024
1417216
1409024
1409024
1409024
1409024
1417216
1409024
1413120
1413120
1413120
1421312
1413120
1413120
1413120
1417216
1425408
1417216
1417216
1417216
1417216
1425408
1417216
1417216
1417216
1417216
1425408
1417216
1417216
1417216
1417216
1425408
1421312
1421312
1421312
1421312
1429504
1421312
1421312
1421312
1421312
1429504
1421312
1421312
1421312
1421312
1429504
1421312
1425408
1425408
1425408
1433600
1425408
1425408
1425408
1425408
1433600
1425408
1425408
1425408
1425408
1433600
1425408
1425408
1425408
1429504
1437696
1429504
1429504
1429504
1429504
1437696
1429504
1429504
1429504
1429504
1437696
1429504
1429504
1429504
1429504
1437696
1433600
1433600
1433600
1433600
1441792
1433600
1433600
1433600
1433600
1441792
1433600
1433600
1433600
1433600
1441792
1433600
1437696
1437696
1437696
1445888
1437696
1437696
1437696
1437696
1445888
1437696
1437696
1437696
1437696
1445888
1437696
1437696
1437696
1441792
1449984
1445888
1445888
1445888
1445888
1454080
1445888
1445888
1445888
1445888
1454080
1445888
1445888
1445888
1445888
1454080
1449984
1449984
1449984
1449984
1458176
1449984
1449984
1449984
1449984
1458176
1449984
1449984
1449984
1449984
1458176
1449984
1454080
1454080
1454080
1462272
1454080
1454080
1454080
1454080
1462272
1454080
1454080
1454080
1454080
1462272
1454080
1454080
1454080
1458176
1466368
1458176
1458176
1458176
1458176
1466368
1458176
1458176
1458176
1458176
1466368
1458176
1458176
1458176
1458176
1466368
1462272
1462272
1462272
1462272
1470464
1462272
1462272
1462272
1462272
1470464
1462272
1462272
1462272
1462272
1470464
1462272
1466368
1466368
1466368
1474560
1466368
1466368
1466368
1466368
1474560
1466368
1466368
1466368
1466368
1474560
1466368
1466368
1466368
1470464
1478656
1470464
1470464
1470464
1470464
1478656
1470464
1470464
1470464
1470464
1478656
1474560
1474560
1474560
1474560
1482752
1478656
1478656
1478656
1478656
1486848
1478656
1478656
1478656
1478656
1486848
1478656
1478656
1478656
1478656
1486848
1478656
1482752
1482752
1482752
1490944
1482752
1482752
1482752
1482752
1490944
1482752
1482752
1482752
1482752
1490944
1482752
1482752
1482752
1486848
1495040
1486848
1486848
1486848
1486848
1495040
1486848
1486848
1486848
1486848
1495040
1486848
1486848
1486848
1486848
1495040
1490944
1490944
1490944
1490944
1499136
1490944
1490944
1490944
1490944
1499136
1490944
1490944
1490944
1490944
1499136
1490944
1495040
1495040
1495040
1503232
1495040
1495040
1495040
1495040
1503232
1495040
1495040
1495040
1495040
1503232
1495040
1495040
1495040
1499136
1507328
1499136
1499136
1499136
1499136
1507328
1499136
1499136
1499136
1499136
1507328
1499136
1499136
1499136
1499136
1507328
1503232
1503232
1503232
1507328
1515520
1507328
1507328
1507328
1507328
1515520
1507328
1507328
1507328
1507328
1515520
1507328
1511424
1511424
1511424
1519616
1511424
1511424
1511424
1511424
1519616
1511424
1511424
1511424
1511424
1519616
1511424
1511424
1511424
1515520
1523712
1515520
1515520
1515520
1515520
1523712
1515520
1515520
1515520
1515520
1523712
1515520
1515520
1515520
1515520
1523712
1519616
1519616
1519616
1519616
1527808
1519616
1519616
1519616
1519616
1527808
1519616
1519616
1519616
1519616
1527808
1519616
1523712
1523712
1523712
1531904
1523712
1523712
1523712
1523712
1531904
1523712
1523712
1523712
1523712
1531904
1523712
1523712
1523712
1527808
1536000
1527808
1527808
1527808
1527808
1536000
1527808
1527808
1527808
1527808
1536000
1527808
1527808
1527808
1527808
1536000
1531904
1531904
1531904
1531904
1540096
1531904
1531904
1531904
1531904
1540096
1531904
1531904
1531904
1536000
1544192
1536000
1540096
1540096
1540096
1548288
1540096
1540096
1540096
1540096
1548288
1540096
1540096
1540096
1540096
1548288
1540096
1540096
1540096
1544192
1552384
1544192
1544192
1544192
1544192
1552384
1544192
1544192
1544192
1544192
1552384
1544192
1544192
1544192
1544192
1552384
1548288
1548288
1556480
1548288
1548288
1548288
1548288
1556480
1548288
1548288
1548288
1548288
1548288
1548288
1548288
1548288
1552384
1552384
1552384
1552384
1552384
1552384
1552384
1552384
1552384
1552384
1552384
1552384
1552384
1560576
1552384
1552384
1552384
1556480
1564672
1556480
1556480
1556480
1556480
1556480
1556480
1556480
1556480
1556480
1564672
1556480
1556480
1556480
1556480
1564672
1560576
1560576
1560576
1560576
1568768
1560576
1560576
1560576
1560576
1568768
1560576
1560576
1560576
1560576
1568768
1560576
1564672
1564672
1564672
1572864
1564672
1568768
1568768
1568768
1576960
1568768
1568768
1568768
1568768
1576960
1568768
1568768
1568768
1572864
1581056
1572864
1572864
1572864
1572864
1581056
1572864
1572864
1572864
1572864
1581056
1572864
1572864
1572864
1572864
1581056
1576960
1576960
1576960
1576960
1585152
1576960
1576960
1576960
1576960
1585152
1576960
1576960
1576960
1576960
1585152
1576960
1581056
1581056
1581056
1589248
1581056
1581056
1581056
1581056
1589248
1581056
1581056
1581056
1581056
1589248
1581056
1581056
1581056
1585152
1593344
1585152
1585152
1585152
1585152
1593344
1585152
1585152
1585152
1585152
1593344
1585152
1585152
1585152
1585152
1593344
1589248
1589248
1589248
1589248
1597440
1589248
1589248
1589248
1589248
1597440
1589248
1589248
1589248
1589248
1597440
1589248
1593344
1593344
1593344
1601536
1593344
1593344
1593344
1593344
1601536
1593344
1593344
1593344
1593344
1601536
1593344
1597440
1597440
1601536
1609728
1601536
1601536
1601536
1601536
1609728
1601536
1601536
1601536
1601536
1609728
1601536
1601536
1601536
1601536
1609728
1605632
1605632
1605632
1605632
1613824
1605632
1605632
1605632
1605632
1613824
1605632
1605632
1605632
1605632
1613824
1605632
1609728
1609728
1609728
1609728
1609728
1609728
1609728
1609728
1609728
1609728
1617920
1609728
1609728
1609728
1609728
1617920
1609728
1613824
1613824
1613824
1622016
1613824
1613824
1613824
1613824
1622016
1613824
1613824
1613824
1613824
1622016
1613824
1613824
1613824
1617920
1626112
1617920
1617920
1617920
1617920
1626112
1617920
1617920
1617920
1617920
1626112
1617920
1617920
1617920
1617920
1626112
1622016
1622016
1622016
1622016
1630208
1622016
1622016
1622016
1622016
1630208
1622016
1622016
1622016
1622016
1630208
1622016
1626112
1626112
1626112
1634304
1626112
1626112
1626112
1630208
1638400
1630208
1630208
1630208
1630208
1638400
1630208
1630208
1630208
1634304
1642496
1634304
1634304
1634304
1634304
1642496
1634304
1634304
1634304
1634304
1634304
1634304
1634304
1634304
1634304
1634304
1638400
1638400
1638400
1638400
1638400
1638400
1646592
1638400
1638400
1638400
1638400
1638400
1638400
1638400
1638400
1638400
1646592
1642496
1642496
1642496
1642496
1650688
1642496
1642496
1642496
1642496
1650688
1642496
1642496
1642496
1642496
1650688
1642496
1646592
1646592
1646592
1654784
1646592
1646592
1646592
1646592
1654784
1646592
1646592
1646592
1646592
1654784
1646592
1646592
1646592
1650688
1658880
1650688
1650688
1650688
1650688
1658880
1650688
1650688
1650688
1650688
1658880
1650688
1650688
1650688
1650688
1658880
1654784
1654784
1654784
1654784
1662976
1654784
1654784
1654784
1654784
1662976
1654784
1654784
1654784
1654784
1662976
1654784
1662976
1662976
1662976
1671168
1662976
1662976
1662976
1662976
1671168
1662976
1662976
1662976
1662976
1671168
1662976
1662976
1662976
1667072
1675264
1667072
1667072
1667072
1667072
1675264
1667072
1667072
1667072
1667072
1675264
1667072
1667072
1667072
1667072
1675264
1671168
1671168
1671168
1671168
1679360
1671168
1671168
1671168
1671168
1679360
1671168
1671168
1671168
1671168
1679360
1671168
1675264
1675264
1675264
1683456
1675264
1675264
1675264
1675264
1683456
1675264
1675264
1675264
1675264
1683456
1675264
1675264
1675264
1679360
1687552
1679360
1679360
1679360
1679360
1687552
1679360
1679360
1679360
1679360
1687552
1679360
1679360
1679360
1679360
1687552
1683456
1683456
1683456
1683456
1691648
1683456
1683456
1683456
1683456
1691648
1683456
1683456
1683456
1683456
1691648
1683456
1687552
1687552
1687552
1695744
1687552
1687552
1687552
1687552
1695744
1691648
1691648
1691648
1691648
1699840
1691648
1691648
1691648
1695744
1703936
1695744
1695744
1695744
1695744
1703936
1695744
1695744
1695744
1695744
1695744
1695744
1695744
1695744
1695744
1695744
1699840
1699840
1699840
1699840
1699840
1699840
1699840
1699840
1699840
1699840
1699840
1699840
1699840
1699840
1699840
1699840
1703936
1703936
1703936
1703936
1703936
1703936
1703936
1703936
1703936
1703936
1712128
1703936
1703936
1703936
1703936
1712128
1703936
1708032
1708032
1708032
1716224
1708032
1716224
1708032
1708032
1716224
1708032
1708032
1708032
1708032
1716224
1708032
1708032
1708032
1712128
1720320
1712128
1712128
1712128
1712128
1720320
1712128
1712128
1712128
1712128
1720320
1712128
1712128
1712128
1712128
1720320
1716224
1716224
1716224
1716224
1724416
1716224
1716224
1716224
1716224
1724416
1716224
1716224
1716224
1716224
1724416
1716224
1720320
1720320
1724416
1732608
1724416
1732608
1724416
1724416
1732608
1724416
1724416
1724416
1724416
1732608
1724416
1724416
1724416
1728512
1736704
1728512
1728512
1728512
1728512
1736704
1728512
1728512
1728512
1728512
1736704
1728512
1728512
1728512
1728512
1736704
1732608
1732608
1732608
1732608
1740800
1732608
1732608
1732608
1732608
1740800
1732608
1732608
1732608
1732608
1740800
1732608
1736704
1736704
1736704
1744896
1736704
1736704
1736704
1736704
1744896
1736704
1736704
1736704
1736704
1744896
1736704
1736704
1736704
1740800
1748992
1740800
1740800
1740800
1740800
1748992
1740800
1740800
1740800
1740800
1748992
1740800
1740800
1740800
1740800
1748992
1744896
1744896
1744896
1744896
1753088
1744896
1744896
1744896
1744896
1753088
1744896
1744896
1744896
1744896
1753088
1744896
1748992
1748992
1748992
1757184
1748992
1748992
1748992
1748992
1757184
1748992
1753088
1753088
1753088
1761280
1753088
1753088
1753088
1757184
1765376
1757184
1757184
1757184
1757184
1765376
1757184
1757184
1757184
1757184
1765376
1757184
1757184
1757184
1757184
1765376
1761280
1761280
1761280
1761280
1769472
1761280
1761280
1761280
1761280
1769472
1761280
1761280
1761280
1761280
1769472
1761280
1765376
1765376
1765376
1773568
1765376
1765376
1765376
1765376
1773568
1765376
1765376
1765376
1765376
1773568
1765376
1765376
1765376
1769472
1777664
1769472
1769472
1769472
1769472
1777664
1769472
1769472
1769472
1769472
1777664
1769472
1769472
1769472
1769472
1777664
1773568
1773568
1773568
1773568
1781760
1773568
1773568
1773568
1773568
1781760
1773568
1773568
1773568
1773568
1781760
1773568
1777664
1777664
1777664
1785856
1777664
1777664
1777664
1777664
1785856
1777664
1777664
1777664
1777664
1785856
1777664
1777664
1777664
1781760
1789952
1781760
1785856
1785856
1785856
1794048
1785856
1785856
1785856
1785856
1794048
1785856
1785856
1785856
1785856
1794048
1789952
1789952
1789952
1789952
1798144
1789952
1789952
1789952
1789952
1798144
1789952
1789952
1789952
1789952
1798144
1789952
1794048
1794048
1794048
1802240
1794048
1794048
1794048
1794048
1802240
1794048
1794048
1794048
1794048
1802240
1794048
1794048
1794048
1798144
1806336
1798144
1798144
1798144
1798144
1806336
1798144
1798144
1798144
1798144
1806336
1798144
1798144
1798144
1798144
1806336
1802240
1802240
1802240
1802240
1810432
1802240
1802240
1802240
1802240
1810432
1802240
1802240
1802240
1802240
1810432
1802240
1806336
1806336
1806336
1814528
1806336
1806336
1806336
1806336
1814528
1806336
1806336
1806336
1806336
1814528
1806336
1806336
1806336
1810432
1818624
1810432
1810432
1810432
1810432
1818624
1810432
1810432
1810432
1810432
1818624
1814528
1814528
1814528
1814528
1822720
1818624
1818624
1818624
1818624
1826816
1818624
1818624
1818624
1818624
1826816
1818624
1818624
1818624
1818624
1826816
1818624
1822720
1822720
1822720
1822720
1822720
1822720
1822720
1822720
1822720
1822720
1830912
1822720
1822720
1822720
1822720
1830912
1822720
1826816
1826816
1826816
1835008
1826816
1826816
1826816
1826816
1835008
1826816
1826816
1826816
1826816
1835008
1826816
1826816
1826816
1830912
1839104
1830912
1830912
1830912
1830912
1839104
1830912
1830912
1830912
1830912
1839104
1830912
1830912
1830912
1830912
1839104
1835008
1835008
1835008
1835008
1843200
1835008
1835008
1835008
1835008
1843200
1835008
1835008
1835008
1835008
1843200
1835008
1839104
1839104
1839104
1847296
1839104
1839104
1839104
1839104
1847296
1839104
1839104
1839104
1839104
1847296
1839104
1839104
1839104
1843200
1851392
1843200
1843200
1843200
1847296
1855488
1847296
1847296
1847296
1847296
1855488
1847296
1847296
1847296
1847296
1855488
1851392
1851392
1851392
1851392
1859584
1851392
1851392
1851392
1851392
1859584
1851392
1851392
1851392
1851392
1859584
1851392
1855488
1855488
1855488
1863680
1855488
1855488
1855488
1855488
1863680
1855488
1855488
1855488
1855488
1863680
1855488
1855488
1855488
1859584
1867776
1859584
1859584
1859584
1859584
1867776
1859584
1859584
1859584
1859584
1867776
1859584
1859584
1859584
1859584
1867776
1863680
1863680
1863680
1863680
1871872
1863680
1863680
1863680
1863680
1871872
1863680
1863680
1863680
1863680
1871872
1863680
1867776
1867776
1867776
1875968
1867776
1867776
1867776
1867776
1875968
1867776
1867776
1867776
1867776
1875968
1867776
1867776
1867776
1871872
1880064
1871872
1871872
1871872
1871872
1880064
1871872
1871872
1871872
1871872
1880064
1871872
1875968
1875968
1875968
1884160
1880064
1880064
1880064
1880064
1888256
1880064
1880064
1880064
1880064
1888256
1880064
1880064
1880064
1880064
1888256
1880064
1884160
1884160
1884160
1892352
1884160
1884160
1884160
1884160
1892352
1884160
1884160
1884160
1884160
1892352
1884160
1884160
1884160
1888256
1896448
1888256
1888256
1888256
1888256
1896448
1888256
1888256
1888256
1888256
1896448
1888256
1888256
1888256
1888256
1896448
1892352
1892352
1892352
1892352
1900544
1892352
1892352
1892352
1892352
1900544
1892352
1892352
1892352
1892352
1900544
1892352
1896448
1896448
1896448
1904640
1896448
1896448
1896448
1896448
1904640
1896448
1896448
1896448
1896448
1904640
1896448
1896448
1896448
1900544
1908736
1900544
1900544
1900544
1900544
1908736
1900544
1900544
1900544
1900544
1908736
1900544
1900544
1900544
1900544
1908736
1904640
1904640
1904640
1904640
1912832
1904640
1908736
1908736
1908736
1916928
1908736
1908736
1908736
1908736
1916928
1908736
1912832
1912832
1912832
1921024
1912832
1912832
1912832
1912832
1921024
1912832
1912832
1912832
1912832
1921024
1912832
1912832
1912832
1916928
1925120
1916928
1916928
1916928
1916928
1925120
1916928
1916928
1916928
1916928
1925120
1916928
1916928
1916928
1916928
1925120
1921024
1921024
1921024
1921024
1929216
1921024
1921024
1921024
1921024
1929216
1921024
1921024
1921024
1921024
1929216
1921024
1925120
1925120
1925120
1933312
1925120
1925120
1925120
1925120
1933312
1925120
1925120
1925120
1925120
1933312
1925120
1925120
1925120
1929216
1937408
1929216
1929216
1929216
1929216
1937408
1929216
1929216
1929216
1929216
1937408
1929216
1929216
1929216
1929216
1937408
1933312
1933312
1933312
1933312
1941504
1933312
1933312
1933312
1933312
1941504
1933312
1933312
1933312
1933312
1941504
1937408
1941504
1941504
1941504
1949696
1941504
1941504
1941504
1941504
1949696
1941504
1941504
1941504
1941504
1949696
1941504
1941504
1941504
1945600
1953792
1945600
1945600
1945600
1945600
1953792
1945600
1945600
1945600
1945600
1953792
1945600
1945600
1945600
1945600
1953792
1949696
1949696
1949696
1949696
1957888
1949696
1949696
1949696
1949696
1957888
1949696
1949696
1949696
1949696
1957888
1949696
1953792
1953792
1953792
1961984
1953792
1953792
1953792
1953792
1961984
1953792
1953792
1953792
1953792
1961984
1953792
1953792
1953792
1957888
1966080
1957888
1957888
1957888
1957888
1966080
1957888
1957888
1957888
1957888
1966080
1957888
1957888
1957888
1957888
1966080
1961984
1961984
1961984
1961984
1970176
1961984
1961984
1961984
1961984
1970176
1961984
1961984
1961984
1961984
1970176
1961984
1966080
1966080
1966080
1974272
1966080
1966080
1966080
1966080
1974272
1970176
1970176
1970176
1970176
1978368
1970176
1970176
1970176
1974272
1982464
1974272
1974272
1974272
1974272
1982464
1974272
1974272
1974272
1974272
1982464
1974272
1974272
1974272
1974272
1982464
1978368
1978368
1978368
1978368
1986560
1978368
1978368
1978368
1978368
1986560
1978368
1978368
1978368
1978368
1986560
1978368
1982464
1982464
1982464
1990656
1982464
1982464
1982464
1982464
1990656
1982464
1982464
1982464
1982464
1990656
1982464
1982464
1982464
1986560
1994752
1986560
1986560
1986560
1986560
1994752
1986560
1986560
1986560
1986560
1994752
1986560
1986560
1986560
1986560
1994752
1990656
1990656
1990656
1990656
1998848
1990656
1990656
1990656
1990656
1998848
1990656
1990656
1990656
1990656
1998848
1990656
1994752
1994752
1994752
2002944
1994752
1994752
1994752
1994752
2002944
1994752
1994752
1994752
1994752
1994752
1994752
1994752
1994752
2002944
2002944
2002944
2002944
2002944
2002944
2002944
2002944
2011136
2002944
2002944
2002944
2002944
2011136
2002944
2002944
2002944
2007040
2015232
2007040
2007040
2007040
2007040
2015232
2007040
2007040
2007040
2007040
2015232
2007040
2007040
2007040
2007040
2015232
2011136
2011136
2011136
2011136
2019328
2011136
2011136
2011136
2011136
2019328
2011136
2011136
2011136
2011136
2019328
2011136
2015232
2015232
2015232
2023424
2015232
2015232
2015232
2015232
2023424
2015232
2015232
2015232
2015232
2023424
2015232
2015232
2015232
2019328
2027520
2019328
2019328
2019328
2019328
2027520
2019328
2019328
2019328
2019328
2027520
2019328
2019328
2019328
2019328
2027520
2023424
2023424
2023424
2023424
2031616
2023424
2023424
2023424
2023424
2031616
2023424
2023424
2023424
2023424
2031616
2023424
2027520
2027520
2027520
2035712
2027520
2027520
2027520
2027520
2035712
2027520
2031616
2031616
2031616
2039808
2031616
2031616
2031616
2035712
2043904
2035712
2035712
2035712
2035712
2043904
2035712
2035712
2035712
2035712
2043904
2035712
2035712
2035712
2035712
2043904
2039808
2039808
2039808
2039808
2048000
2039808
2039808
2039808
2039808
2048000
2039808
2039808
2039808
2039808
2048000
2039808
2043904
2043904
2043904
2052096
2043904
2043904
2043904
2043904
2052096
2043904
2043904
2043904
2043904
2052096
2043904
2043904
2043904
2048000
2056192
2048000
2048000
2048000
2048000
2056192
2048000
2048000
2048000
2048000
2056192
2048000
2048000
2048000
2048000
2056192
2052096
2052096
2052096
2052096
2060288
2052096
2052096
2052096
2052096
2060288
2052096
2052096
2052096
2052096
2060288
2052096
2056192
2056192
2056192
2064384
2056192
2056192
2056192
2056192
2064384
2056192
2056192
2056192
2056192
2064384
2056192
2056192
2056192
2060288
2068480
2064384
2064384
2064384
2064384
2072576
2064384
2064384
2064384
2064384
2072576
2064384
2064384
2064384
2064384
2072576
2068480
2068480
2068480
2068480
2076672
2068480
2068480
2068480
2068480
2076672
2068480
2068480
2068480
2068480
2076672
2068480
2072576
2072576
2072576
2080768
2072576
2072576
2072576
2072576
2080768
2072576
2072576
2072576
2072576
2080768
2072576
2072576
2072576
2076672
2084864
2076672
2076672
2076672
2076672
2084864
2076672
2076672
2076672
2076672
2084864
2076672
2076672
2076672
2076672
2084864
2080768
2080768
2080768
2080768
2088960
2080768
2080768
2080768
2080768
2088960
2080768
2080768
2080768
2080768
2088960
2080768
2084864
2084864
2084864
2093056
2084864
2084864
2084864
2084864
2093056
2084864
2084864
2084864
2084864
2093056
2084864
2084864
2084864
2088960
2097152
2088960
2088960
2088960
2088960
2097152
2088960
2088960
2088960
2088960
2097152
2093056
2093056
2093056
2093056
2101248
2097152
2097152
2097152
2097152
2105344
2097152
2097152
2097152
2097152
2105344
2097152
2097152
2097152
2097152
2105344
2097152
2101248
2101248
2101248
2109440
2101248
2101248
2101248
2101248
2109440
2101248
2101248
2101248
2101248
2109440
2101248
2101248
2101248
2105344
2113536
2105344
2105344
2105344
2105344
2113536
2105344
2105344
2105344
2105344
2113536
2105344
2105344
2105344
2105344
2113536
2109440
2109440
2109440
2109440
2117632
2109440
2109440
2109440
2109440
2117632
2109440
2109440
2109440
2109440
2117632
2109440
2113536
2113536
2113536
2121728
2113536
2113536
2113536
2113536
2121728
2113536
2113536
2113536
2113536
2121728
2113536
2113536
2113536
2117632
2125824
2117632
2117632
2117632
2117632
2125824
2117632
2117632
2117632
2117632
2125824
2117632
2117632
2117632
2117632
2125824
2121728
2121728
2121728
2125824
2134016
2125824
2125824
2125824
2125824
2134016
2125824
2125824
2125824
2125824
2134016
2125824
2134016
2129920
2129920
2138112
2129920
2129920
2129920
2129920
2138112
2129920
2129920
2129920
2129920
2138112
2129920
2129920
2129920
2134016
2142208
2134016
2134016
2134016
2134016
2142208
2134016
2134016
2134016
2134016
2142208
2134016
2134016
2134016
2134016
2142208
2138112
2138112
2138112
2138112
2146304
2138112
2138112
2138112
2138112
2146304
2138112
2138112
2138112
2138112
2146304
2138112
2142208
2142208
2142208
2150400
2142208
2142208
2142208
2142208
2150400
2142208
2142208
2142208
2142208
2150400
2142208
2142208
2142208
2146304
2154496
2146304
2146304
2146304
2146304
2154496
2146304
2146304
2146304
2146304
2154496
2146304
2146304
2146304
2146304
2154496
2150400
2150400
2150400
2150400
2158592
2150400
2150400
2150400
2150400
2158592
2150400
2150400
2150400
2154496
2162688
2154496
2158592
2158592
2158592
2166784
2158592
2158592
2158592
2158592
2166784
2158592
2158592
2158592
2158592
2166784
2158592
2158592
2158592
2162688
2170880
2162688
2162688
2162688
2162688
2170880
2162688
2162688
2162688
2162688
2170880
2162688
2162688
2162688
2162688
2170880
2166784
2166784
2166784
2166784
2174976
2166784
2166784
2166784
2166784
2174976
2166784
2166784
2166784
2166784
2174976
2166784
2170880
2170880
2170880
2179072
2170880
2170880
2170880
2170880
2179072
2170880
2170880
2170880
2170880
2179072
2170880
2170880
2170880
2174976
2183168
2174976
2174976
2174976
2174976
2183168
2174976
2174976
2174976
2174976
2183168
2174976
2174976
2174976
2174976
2183168
2179072
2179072
2179072
2179072
2187264
2179072
2179072
2179072
2179072
2187264
2179072
2179072
2179072
2179072
2187264
2179072
2183168
2183168
2183168
2191360
2183168
2187264
2187264
2187264
2195456
2187264
2187264
2187264
2187264
2195456
2187264
2187264
2187264
2191360
2199552
2191360
2191360
2191360
2191360
2199552
2191360
2191360
2191360
2191360
2199552
2191360
2191360
2191360
2191360
2199552
2195456
2195456
2195456
2195456
2203648
2195456
2195456
2195456
2195456
2203648
2195456
2195456
2195456
2195456
2203648
2195456
2199552
2199552
2199552
2207744
2199552
2199552
2199552
2199552
2207744
2199552
2199552
2199552
2199552
2207744
2199552
2199552
2199552
2203648
2211840
2203648
2203648
2203648
2203648
2211840
2203648
2203648
2203648
2203648
2211840
2203648
2203648
2203648
2203648
2211840
2207744
2207744
2207744
2207744
2215936
2207744
2207744
2207744
2207744
2215936
2207744
2207744
2207744
2207744
2215936
2207744
2211840
2211840
2211840
2220032
2211840
2211840
2211840
2211840
2220032
2211840
2211840
2211840
2211840
2220032
2211840
2215936
2215936
2220032
2228224
2220032
2220032
2220032
2220032
2228224
2220032
2220032
2220032
2220032
2228224
2220032
2220032
2220032
2220032
2228224
2224128
2224128
2224128
2224128
2232320
2224128
2224128
2224128
2224128
2232320
2224128
2224128
2224128
2224128
2232320
2224128
2228224
2228224
2228224
2236416
2228224
2228224
2228224
2228224
2236416
2228224
2228224
2228224
2228224
2236416
2228224
2228224
2228224
2232320
2240512
2232320
2232320
2232320
2232320
2240512
2232320
2232320
2232320
2232320
2240512
2232320
2232320
2232320
2232320
2240512
2236416
2236416
2236416
2236416
2244608
2236416
2236416
2236416
2236416
2244608
2236416
2236416
2236416
2236416
2244608
2236416
2240512
2240512
2240512
2248704
2240512
2240512
2240512
2240512
2248704
2240512
2240512
2240512
2240512
2248704
2240512
2240512
2240512
2244608
2252800
2244608
2244608
2244608
2244608
2252800
2248704
2248704
2248704
2248704
2256896
2248704
2248704
2248704
2248704
2256896
2252800
2252800
2252800
2252800
2260992
2252800
2252800
2252800
2252800
2260992
2252800
2252800
2252800
2252800
2260992
2252800
2256896
2256896
2256896
2265088
2256896
2256896
2256896
2256896
2265088
2256896
2256896
2256896
2256896
2265088
2256896
2256896
2256896
2260992
2269184
2260992
2260992
2260992
2260992
2269184
2260992
2260992
2260992
2260992
2269184
2260992
2260992
2260992
2260992
2269184
2265088
2265088
2265088
2265088
2273280
2265088
2265088
2265088
2265088
2273280
2265088
2265088
2265088
2265088
2273280
2265088
2269184
2269184
2269184
2277376
2269184
2269184
2269184
2269184
2277376
2269184
2269184
2269184
2269184
2277376
2269184
2269184
2269184
2273280
2281472
2273280
2273280
2273280
2273280
2281472
2273280
2273280
2273280
2273280
2281472
2273280
2273280
2273280
2273280
2285568
2281472
2281472
2281472
2281472
2289664
2281472
2281472
2281472
2281472
2281472
2281472
2281472
2289664
2281472
2281472
2281472
2285568
2285568
2285568
2285568
2285568
2285568
2285568
2285568
2285568
2285568
2285568
2285568
2285568
2293760
2285568
2285568
2285568
2289664
2297856
2289664
2289664
2289664
2289664
2297856
2289664
2289664
2289664
2289664
2297856
2289664
2289664
2289664
2289664
2297856
2293760
2293760
2293760
2293760
2301952
2293760
2293760
2293760
2293760
2301952
2293760
2293760
2293760
2293760
2301952
2293760
2297856
2297856
2297856
2297856
2297856
2297856
2297856
2297856
2297856
2297856
2297856
2297856
2297856
2306048
2297856
2297856
2297856
2301952
2310144
2301952
2301952
2301952
2301952
2310144
2301952
2301952
2301952
2301952
2310144
2301952
2301952
2301952
2301952
2310144
2306048
2306048
2306048
2306048
2314240
2306048
2306048
2306048
2310144
2318336
2310144
2310144
2310144
2310144
2318336
2310144
2314240
2314240
2314240
2322432
2314240
2314240
2314240
2314240
2322432
2314240
2314240
2314240
2314240
2322432
2314240
2314240
2314240
2318336
2326528
2318336
2318336
2318336
2318336
2326528
2318336
2318336
2318336
2318336
2326528
2318336
2318336
2318336
2318336
2326528
2322432
2322432
2322432
2322432
2330624
2322432
2322432
2322432
2322432
2330624
2322432
2322432
2322432
2322432
2330624
2322432
2326528
2326528
2326528
2334720
2326528
2326528
2326528
2326528
2334720
2326528
2326528
2326528
2326528
2334720
2326528
2326528
2326528
2330624
2338816
2330624
2330624
2330624
2330624
2338816
2330624
2330624
2330624
2330624
2338816
2330624
2330624
2330624
2330624
2338816
2334720
2334720
2334720
2334720
2342912
2334720
2334720
2334720
2334720
2342912
2334720
2334720
2334720
2334720
2342912
2334720
2338816
2338816
2342912
2351104
2342912
2342912
2342912
2342912
2351104
2342912
2342912
2342912
2342912
2351104
2342912
2342912
2342912
2347008
2355200
2347008
2347008
2347008
2347008
2355200
2347008
2347008
2347008
2347008
2355200
2347008
2347008
2347008
2347008
2355200
2351104
2351104
2351104
2351104
2359296
2351104
2351104
2351104
2351104
2359296
2351104
2351104
2351104
2351104
2359296
2351104
2355200
2355200
2355200
2363392
2355200
2355200
2355200
2355200
2363392
2355200
2355200
2355200
2355200
2363392
2355200
2355200
2355200
2359296
2367488
2359296
2359296
2359296
2359296
2367488
2359296
2359296
2359296
2359296
2367488
2359296
2359296
2359296
2359296
2367488
2363392
2363392
2363392
2363392
2371584
2363392
2363392
2363392
2363392
2371584
2363392
2363392
2363392
2363392
2371584
2363392
2367488
2367488
2367488
2375680
2367488
2367488
2367488
2367488
2375680
2367488
2371584
2371584
2371584
2379776
2371584
2371584
2371584
2375680
2383872
2375680
2375680
2375680
2375680
2383872
2375680
2375680
2375680
2375680
2383872
2375680
2375680
2375680
2375680
2383872
2379776
2379776
2379776
2379776
2387968
2379776
2379776
2379776
2379776
2387968
2379776
2379776
2379776
2379776
2387968
2379776
2383872
2383872
2383872
2392064
2383872
2383872
2383872
2383872
2392064
2383872
2383872
2383872
2383872
2392064
2383872
2383872
2383872
2387968
2396160
2387968
2387968
2387968
2387968
2396160
2387968
2387968
2387968
2387968
2396160
2387968
2387968
2387968
2387968
2396160
2392064
2392064
2392064
2392064
2400256
2392064
2392064
2392064
2392064
2400256
2392064
2392064
2392064
2392064
2400256
2392064
2396160
2396160
2396160
2404352
2396160
2396160
2396160
2396160
2404352
2396160
2396160
2396160
2396160
2404352
2396160
2396160
2396160
2400256
2408448
2400256
2404352
2404352
2404352
2412544
2404352
2404352
2404352
2404352
2412544
2404352
2404352
2404352
2404352
2412544
2408448
2408448
2408448
2408448
2416640
2408448
2408448
2408448
2408448
2416640
2408448
2408448
2408448
2408448
2416640
2408448
2412544
2412544
2412544
2420736
2412544
2412544
2412544
2412544
2420736
2412544
2412544
2412544
2412544
2420736
2412544
2412544
2412544
2416640
2424832
2416640
2416640
2416640
2416640
2424832
2416640
2416640
2416640
2416640
2424832
2416640
2416640
2416640
2416640
2424832
2420736
2420736
2420736
2420736
2428928
2420736
2420736
2420736
2420736
2428928
2420736
2420736
2420736
2420736
2428928
2420736
2424832
2424832
2424832
2433024
2424832
2424832
2424832
2424832
2433024
2424832
2424832
2424832
2424832
2433024
2424832
2424832
2424832
2428928
2437120
2428928
2428928
2428928
2428928
2437120
2428928
2428928
2428928
2428928
2437120
2433024
2433024
2433024
2433024
2441216
2437120
2437120
2437120
2437120
2445312
2437120
2437120
2437120
2437120
2445312
2437120
2437120
2437120
2437120
2445312
2437120
2441216
2441216
2441216
2449408
2441216
2441216
2441216
2441216
2449408
2441216
2441216
2441216
2441216
2449408
2441216
2441216
2441216
2445312
2453504
2445312
2445312
2445312
2445312
2453504
2445312
2445312
2445312
2445312
2453504
2445312
2445312
2445312
2445312
2453504
2449408
2449408
2449408
2449408
2457600
2449408
2449408
2449408
2449408
2457600
2449408
2449408
2449408
2449408
2457600
2449408
2453504
2453504
2453504
2461696
2453504
2453504
2453504
2453504
2461696
2453504
2453504
2453504
2453504
2461696
2453504
2453504
2453504
2457600
2465792
2457600
2457600
2457600
2457600
2465792
2457600
2457600
2457600
2457600
2465792
2457600
2457600
2457600
2457600
2465792
2461696
2461696
2461696
2461696
2469888
2465792
2465792
2465792
2465792
2473984
2465792
2465792
2465792
2465792
2473984
2465792
2469888
2469888
2469888
2478080
2469888
2469888
2469888
2469888
2478080
2469888
2469888
2469888
2469888
2478080
2469888
2469888
2469888
2473984
2482176
2473984
2473984
2473984
2473984
2482176
2473984
2473984
2473984
2473984
2482176
2473984
2473984
2473984
2473984
2482176
2478080
2478080
2478080
2478080
2486272
2478080
2478080
2478080
2478080
2486272
2478080
2478080
2478080
2478080
2486272
2478080
2482176
2482176
2482176
2490368
2482176
2482176
2482176
2482176
2490368
2482176
2482176
2482176
2482176
2490368
2482176
2482176
2482176
2486272
2494464
2486272
2486272
2486272
2486272
2494464
2486272
2486272
2486272
2486272
2494464
2486272
2486272
2486272
2486272
2494464
2490368
2490368
2490368
2490368
2498560
2490368
2490368
2490368
2490368
2498560
2490368
2490368
2490368
2494464
2502656
2494464
2498560
2498560
2498560
2506752
2498560
2498560
2498560
2498560
2506752
2498560
2498560
2498560
2498560
2506752
2498560
2498560
2498560
2502656
2510848
2502656
2502656
2502656
2502656
2510848
2502656
2502656
2502656
2502656
2510848
2502656
2502656
2502656
2502656
2510848
2506752
2506752
2506752
2506752
2514944
2506752
2506752
2506752
2506752
2514944
2506752
2506752
2506752
2506752
2514944
2506752
2510848
2510848
2510848
2519040
2510848
2510848
2510848
2510848
2519040
2510848
2519040
2510848
2510848
2519040
2510848
2510848
2510848
2514944
2523136
2514944
2514944
2514944
2514944
2523136
2514944
2514944
2514944
2514944
2523136
2514944
2514944
2514944
2514944
2523136
2519040
2519040
2519040
2519040
2527232
2519040
2519040
2519040
2519040
2527232
2519040
2519040
2519040
2519040
2527232
2519040
2523136
2523136
2523136
2531328
2523136
2523136
2523136
2527232
2535424
2527232
2527232
2527232
2527232
2535424
2527232
2527232
2527232
2531328
2539520
2531328
2531328
2531328
2531328
2539520
2531328
2531328
2531328
2531328
2539520
2531328
2531328
2531328
2531328
2539520
2535424
2535424
2535424
2535424
2543616
2535424
2535424
2535424
2535424
2543616
2535424
2535424
2535424
2535424
2543616
2535424
2539520
2539520
2539520
2547712
2539520
2539520
2539520
2539520
2547712
2539520
2539520
2539520
2539520
2547712
2539520
2539520
2539520
2543616
2551808
2543616
2543616
2543616
2543616
2551808
2543616
2543616
2543616
2543616
2551808
2543616
2543616
2543616
2543616
2551808
2547712
2547712
2547712
2547712
2555904
2547712
2547712
2547712
2547712
2555904
2547712
2547712
2547712
2547712
2555904
2547712
2551808
2551808
2551808
2560000
2551808
2551808
2551808
2551808
2560000
2551808
2551808
2551808
2551808
2560000
2551808
2555904
2555904
2568192
2576384
2568192
2568192
2568192
2568192
2576384
2568192
2568192
2568192
2568192
2576384
2568192
2568192
2568192
2568192
2576384
2572288
2572288
2572288
2572288
2580480
2572288
2572288
2572288
2572288
2580480
2572288
2572288
2572288
2572288
2580480
2572288
2576384
2576384
2576384
2584576
2576384
2576384
2576384
2576384
2584576
2576384
2576384
2576384
2576384
2584576
2576384
2584576
2576384
2580480
2588672
2580480
2580480
2580480
2580480
2588672
2580480
2580480
2580480
2580480
2588672
2580480
2580480
2580480
2580480
2588672
2584576
2584576
2584576
2584576
2592768
2584576
2584576
2584576
2584576
2592768
2584576
2584576
2584576
2584576
2592768
2584576
2588672
2588672
2588672
2596864
2588672
2588672
2588672
2588672
2596864
2588672
2588672
2588672
2588672
2596864
2588672
2588672
2588672
2592768
2600960
2592768
2592768
2592768
2592768
2600960
2592768
2596864
2596864
2596864
2605056
2596864
2596864
2596864
2596864
2605056
2600960
2600960
2600960
2600960
2609152
2600960
2600960
2600960
2600960
2609152
2600960
2600960
2600960
2600960
2609152
2600960
2605056
2605056
2605056
2613248
2605056
2605056
2605056
2605056
2613248
2605056
2605056
2605056
2605056
2613248
2605056
2605056
2605056
2609152
2617344
2609152
2609152
2609152
2609152
2617344
2609152
2609152
2609152
2609152
2617344
2609152
2609152
2609152
2609152
2617344
2613248
2613248
2613248
2613248
2621440
2613248
2613248
2613248
2613248
2621440
2613248
2613248
2613248
2613248
2621440
2613248
2617344
2617344
2617344
2625536
2617344
2617344
2617344
2617344
2625536
2617344
2617344
2617344
2617344
2625536
2617344
2617344
2617344
2621440
2629632
2621440
2621440
2621440
2621440
2629632
2621440
2621440
2621440
2621440
2629632
2621440
2621440
2621440
2621440
2629632
2629632
2629632
2629632
2629632
2637824
2629632
2629632
2629632
2629632
2637824
2629632
2629632
2629632
