mem
19365
24193
34538
29472
31620
58190
32604
35641
20187
20326
27013
20302
26306
20346
20394
25782
20442
26674
20496
20544
54592
20601
35609
24238
24206
38834
20730
25930
20779
20827
38551
20879
35033
20923
21159
30351
21023
29615
21071
21307
25971
21167
35593
21211
21447
42505
21307
33651
21355
21583
42786
21640
36706
21496
21732
66257
21592
31655
21640
21876
31292
21738
29138
21782
22018
23970
21903
36909
21951
22187
33007
22061
28641
22105
22249
22185
22297
37005
22249
22393
22405
22445
38512
22389
22633
23865
22497
34861
22545
22777
22589
22643
35997
22783
22835
22835
22867
31443
22869
22917
22917
22973
30194
23047
23099
23099
23087
36715
23131
23187
23223
23287
30466
29061
45861
23715
23507
27247
23555
23791
23599
23651
29544
23699
26123
23743
23795
30695
23843
26615
23887
23935
39361
23983
25063
24027
24079
27371
24123
28283
24171
24219
32213
24267
33697
24311
24371
31881
24419
27907
24463
24607
39171
24655
31925
24777
24757
42861
24805
27073
24841
24893
24921
24921
25089
24953
24981
47989
26816
40074
25072
25300
25108
25172
35208
25224
25456
25264
25320
26652
25368
25596
25404
25460
31015
25508
25740
25548
25604
39360
25652
25880
25688
25744
31937
25789
26021
25829
25885
32637
25933
28649
25969
26025
38117
26078
26322
26122
26174
32214
26222
28342
26262
26314
31046
26362
31718
26406
26458
31502
26506
34814
26546
26598
31610
26646
30662
26690
26742
34210
26790
32540
26834
26950
30698
26934
43734
26978
27118
48530
27082
40802
27126
27276
45454
27236
41196
27288
27476
54401
27380
36382
27424
27472
56744
27516
31376
27572
27624
67880
27664
36605
27773
27965
37961
27869
34254
27914
28070
51998
28006
31262
28050
28282
44682
28146
44203
28198
28426
44610
28290
32918
28334
28494
45920
28430
36242
28478
28710
55585
28574
45099
28618
28754
51558
28714
40910
28770
28814
41166
28862
39158
28902
28954
45881
29002
34366
29046
29098
42710
29146
33622
29186
29238
39602
29286
46986
29330
29382
32758
29430
33582
29470
29522
35802
29566
38134
29610
29662
48916
29710
33947
29764
29806
41604
29748
35507
29807
29859
43511
29907
36271
29947
29999
55420
30047
38209
30099
30231
51463
30191
49803
30231
30347
57861
30331
46063
30375
30611
42019
30475
37694
30515
30567
55437
30615
39644
30659
30711
42064
30759
39051
30799
30851
41495
30899
35555
30943
30995
49492
31043
35619
31083
31135
57355
31183
36783
31227
31279
38747
31327
41979
31371
31419
35351
31467
41111
31511
31747
41995
31611
36948
31668
31800
35952
31760
38272
31812
32040
45928
31904
42264
31948
32108
55136
32044
39000
32096
32252
66367
32188
35904
32232
32392
56764
32328
43344
32380
32468
47656
32472
36856
32505
32734
57561
32598
46174
32650
32694
61654
32742
39290
32782
32834
36738
32882
36706
32926
33163
51150
33027
36759
33075
33119
56371
33167
37419
33211
33263
39463
33311
42023
33351
33411
41011
33451
38283
33495
33547
48767
33595
40416
33634
33686
50094
33734
36594
33778
33894
45735
33878
42554
33922
34154
56390
34018
46490
34066
34298
39849
34162
38546
34210
34254
49970
34298
38878
34346
34406
37746
34446
48598
34486
34538
50846
34586
43174
34638
34766
39986
34730
40234
34770
34822
50826
34870
41034
34914
34966
50830
35014
40462
35054
35106
45218
35154
39342
35198
35434
39970
35298
42431
35346
35390
41642
35438
47010
35482
35534
41722
35582
41931
35622
35674
45590
35722
42014
35766
35818
42226
35866
43730
35906
35958
57786
35998
49822
36058
36214
42505
36150
42939
36200
36252
53040
36300
42629
36352
36460
56399
36444
50508
36492
36536
45900
36584
41048
36632
36680
51056
36728
57492
36772
36820
40788
36868
43760
36912
36964
49085
37012
41780
37056
37104
41812
37152
41768
37196
37280
43876
37296
42200
37336
37388
43225
37436
43920
37480
37528
44293
37580
52381
37624
37668
51884
37716
44781
37760
37876
45092
37860
43080
37900
37948
42856
38000
55393
38044
38096
54308
38140
42116
38184
38236
61048
38448
41588
38492
38544
45622
38634
47426
38674
38726
42766
38774
45042
38818
38870
54270
38918
44350
38958
39010
44122
39058
44214
39102
39186
48218
39202
48821
39238
39294
58914
39342
44766
39394
39438
47122
39486
43210
39526
39578
46274
39626
45126
39670
39722
43846
39770
44962
39818
39862
62370
39910
43426
39958
40198
69260
40061
44181
40105
40153
61181
40201
47921
40257
40301
60241
40349
55469
40393
40441
59237
40489
44841
40533
40585
46917
40633
46517
40681
40725
47366
40773
45025
40817
40869
49729
40917
46496
40957
41009
50429
41057
47397
41101
41153
46329
41201
45757
41241
41293
46285
41341
53341
41385
41469
66529
41485
50953
41529
41577
63021
41625
45345
41673
41913
63522
41777
52285
41821
42053
61213
41917
49036
41965
42197
53513
42065
52293
42109
42341
42149
42205
46841
42253
42485
42293
42349
45933
42393
42625
42433
42489
56157
42537
42769
42577
42633
47845
42677
42909
42717
42785
52649
42833
43065
42873
42929
46909
42973
43205
43013
43069
47061
43117
47509
43157
43213
57182
43257
44333
43301
43349
47729
43401
48441
43445
43497
46981
43541
46261
43585
43637
69741
43685
58281
43729
43869
66638
43825
49533
43877
43921
61137
43969
50185
44017
44249
62865
44109
47233
44161
44205
68477
44257
48581
44309
44441
65381
44397
49785
44445
44677
51681
44541
63453
44589
44821
65855
44685
61525
44729
44961
52681
44829
58953
44877
45109
47033
44973
61034
45017
45249
45057
45117
47769
45165
45397
45205
45269
50913
45313
45545
45353
45409
52977
45457
45689
45497
45553
70977
45597
46153
45637
45693
66453
45741
46209
45785
45837
68954
45881
47881
45925
45977
53088
45981
46286
46018
46070
64678
46114
52102
46158
46210
70435
46258
52690
46310
46466
60482
46398
55390
46442
46678
73674
46534
54402
46586
46822
60686
46682
60600
46734
46962
59842
46834
52849
46882
47114
66346
46978
54390
46919
47158
69924
47022
51966
47066
47302
50082
47162
53414
47206
47402
67814
47306
58870
47354
47586
57366
47446
54002
47494
47726
60794
47590
63330
47638
47870
51626
47730
57147
47778
48010
74106
47874
71103
47922
48158
54574
48018
64299
48066
48298
76425
48162
65406
48210
48442
55666
48310
70328
48358
48594
48402
48458
69804
48506
48742
50430
48602
70956
48646
48882
66411
48746
88969
48794
49026
70882
48886
59146
48934
49166
52182
49030
60158
49078
49310
52558
49166
58534
49218
49450
51374
49318
57131
49366
49598
55710
49458
53182
49506
49734
53730
49603
58335
49651
49902
49736
49764
52720
49812
50044
49852
49908
51940
49956
50180
49926
49978
52538
50026
50254
50066
50122
59722
50170
50402
50210
50266
56766
50326
50558
50366
50422
54638
50470
50702
50510
50562
58290
50610
50846
50654
50710
53606
50758
50990
50798
50850
57707
50898
52054
50938
50994
67138
51042
51506
51086
51134
61938
51186
51454
51234
51286
58338
51338
52614
51382
51430
64858
51474
51754
51522
51574
62322
51622
62813
51666
51714
58788
51762
58906
51806
52002
56602
51906
56250
51950
51998
55766
52046
61026
52090
52286
84672
52190
65697
52242
52282
64074
52330
61938
52374
52426
56274
52474
61646
52522
52570
78689
52622
58114
52670
52902
77848
52766
63058
52814
53042
68758
52906
69662
52954
53186
53018
53054
53678
53102
53334
57766
53198
69377
53246
53478
81798
53342
59866
53386
53618
59366
53482
61318
53530
53762
53570
53626
59537
53674
53902
53710
53766
63355
53814
54046
53854
53910
58186
53958
54702
53998
54054
76485
54106
54470
54154
54206
64162
54258
57022
54298
54346
61394
54398
60518
54442
54494
76466
54542
60782
54582
54698
68062
54682
64251
54730
54842
74630
54826
61950
54866
54918
76594
54966
70591
55010
55066
63466
55114
59914
55154
55294
77722
55254
62602
55298
55358
65806
55398
60530
55446
55498
85176
55639
59823
55687
55743
76259
55787
62552
55818
55866
68451
55914
61290
55962
56198
77627
56062
70352
56106
56338
61518
56202
66130
56254
56330
79250
56342
69885
56390
56622
67386
56486
64611
56534
56766
56586
56634
58258
56678
56910
56718
56774
63414
56822
57054
56862
56918
60566
56966
57198
57006
57066
61070
57114
57642
57158
57210
73287
57254
60962
57298
57350
65294
57398
58678
57446
57502
63866
57546
62798
57594
57646
72946
57694
64351
57738
57790
74030
57834
64582
57886
57930
66998
57978
64378
58026
58258
79690
58118
63174
58166
58398
75658
58258
63226
58310
58542
73462
58402
72542
58450
58682
86149
58546
67087
58594
58860
68200
58724
79159
58772
59004
66036
58868
74059
58916
59152
60180
59016
75074
59064
59296
61252
59160
67836
59208
59440
59264
59300
66304
59348
59580
59388
59444
64745
59492
59724
59536
59584
62360
59632
59864
59672
59728
65549
59776
60044
59816
59876
66123
59928
61008
59968
60024
76244
60072
60932
60112
60164
76239
60212
60720
60256
60308
77855
60360
62816
60404
60452
62152
60504
63304
60548
60600
65780
60647
72546
60691
60739
64739
60787
67627
60831
60883
65327
60927
83741
60979
61023
83535
61071
65863
61115
61167
84655
61215
68083
61259
61307
64995
61359
67451
61403
61455
73763
61499
65975
61547
61595
67635
61643
68847
61687
61739
74182
61787
73651
61835
62067
85486
61931
64919
61979
62211
88475
62075
69219
62123
62167
88627
62215
74831
62263
62499
80258
62367
77271
62415
62643
85653
62507
76159
62555
62787
65187
62647
72099
62699
62931
67067
62795
69711
62843
63075
62895
62935
65163
62987
63215
63039
63075
80883
63127
63337
67278
63198
77794
63250
63478
73590
63342
69777
63390
63622
84668
63486
76226
63538
63762
80650
63626
68818
63678
63790
82674
63778
80366
64058
87973
63922
75714
63970
64202
69002
64070
71998
64118
64346
71362
64079
71678
64150
64382
64190
64246
69598
64294
64522
64330
64386
70186
64434
64666
64474
64534
69846
64582
65958
64618
64674
70654
64722
67482
64762
64818
88255
64866
66962
64902
64958
67934
64997
67441
65041
65093
71109
65141
66137
65181
65233
70329
65281
71685
65325
65377
72529
65425
69641
65465
65517
81493
65565
74138
65609
65841
88253
65709
74714
65753
65985
72845
65849
69849
65897
66133
77445
65997
83402
66041
66273
83512
66137
90497
66185
66321
88699
66285
78569
66333
66561
87057
66429
74365
66473
66609
89033
66569
71785
66621
66849
86049
66713
76170
66765
66921
85089
66861
75713
66901
67141
84328
67005
80345
67053
67101
98144
67153
74839
67195
67427
92412
67291
74885
67343
67475
85035
67447
72419
67491
67723
75659
67587
82955
67635
67867
67675
67727
70663
67775
68007
67815
67875
70227
67923
68155
67963
68019
74271
68063
68295
68103
68159
77455
68207
68431
68247
68303
75103
68347
69015
68387
68443
81579
68491
70451
68535
68587
71155
68635
68911
68683
68735
75024
68783
77580
68827
68915
84115
68931
75989
68971
69115
88123
69075
74766
69123
69355
92211
69219
81719
69263
69347
86706
69363
82291
69411
69647
76091
69511
81850
69555
69787
69603
69651
78651
69699
69931
69755
69795
72623
69839
70071
69879
69935
76479
69983
70215
70027
70083
75463
70127
71247
70167
70223
85101
70271
70535
70311
70367
80043
70411
72119
70455
70503
76296
70555
72375
70599
70647
77426
70695
71767
70735
70787
75559
70839
79367
70883
70935
92067
70979
77923
71023
71075
77370
71127
84582
71171
71227
77435
71271
83027
71315
71367
78283
71419
76921
71471
71515
76611
71559
80017
71611
71739
75672
71892
83924
71944
71988
80928
72032
83224
72084
72128
75768
72176
78704
72228
72272
84728
72316
81540
72360
72416
76436
72464
79156
72508
72560
82744
72604
76828
72648
72708
86672
72748
78187
72800
72844
79699
72884
79992
72932
73168
78280
73032
80884
73080
73128
101333
73172
80148
73216
73268
81288
73328
80400
73372
73424
77144
73468
79008
73512
73748
88476
73612
77644
73656
73708
88777
73744
77820
73796
73848
85768
73912
78360
73956
74008
90312
74052
81232
74104
74148
78580
74196
96418
74248
74292
89320
74336
87714
74384
74616
81740
74480
82136
74528
74584
95784
74628
80336
74676
74724
81016
74772
82180
74824
74868
95023
74912
79728
74960
75008
84981
75056
79884
75108
75152
90572
75196
80532
75240
75292
78996
75344
79708
75388
75472
80684
75484
83819
75528
75580
79476
75628
91256
75672
75724
83384
75764
82128
75812
75864
80432
75912
82077
75956
76008
91755
76052
80884
76096
76148
87847
76200
82116
76252
76364
109912
76340
89185
76384
76436
82632
76484
91144
76528
76696
100320
76628
81184
76672
76724
83795
76780
83752
76824
76876
82936
76920
82868
76964
77012
84592
77064
87124
77108
77160
82424
77204
82756
77256
77308
80720
77356
86868
77408
77484
100052
77496
84032
77540
77592
90768
77640
86612
77692
77736
99964
77780
92456
77828
78060
96663
77924
87136
77968
78020
93923
78064
82084
78108
78164
81596
78216
80212
78260
78312
91724
78356
81272
78400
78452
93932
78500
85384
78544
78596
82436
78644
84480
78688
78740
84748
78788
81472
78832
78884
94928
78928
83524
78972
79088
99196
79072
84180
79116
79168
85636
79212
92624
79264
79492
89120
79356
82776
79408
79452
87188
79496
85388
79548
79592
84076
79640
84868
79692
79848
83980
79780
83448
79824
79876
85532
79924
92172
79968
80216
98732
80076
101558
80124
80356
97943
80220
86084
80268
80500
90504
80360
91884
80408
80618
94365
80547
97987
80591
80791
104271
80695
89639
80743
80975
90671
80839
140758
80887
81119
87699
80979
100445
81027
81263
92975
81126
88098
81170
81330
97582
81262
85994
81306
81542
93414
81406
95366
81454
81686
109954
81386
85889
81449
81677
98936
81549
95145
81597
81829
92081
81685
90565
81737
81969
88441
81837
94981
81881
82113
102315
81973
102350
82021
82253
103320
82117
94129
82165
82397
135531
82257
97354
82305
82537
102702
82401
101157
82449
82681
115865
82545
90125
82589
82673
105969
82689
87509
82737
82929
107578
82829
90357
82877
83113
109231
82977
86893
83025
83257
107066
83117
94238
83165
83397
91401
83261
103278
83309
83541
94185
83401
89337
83449
83681
85509
83549
102249
83597
83829
86837
83689
101637
83737
83973
83781
83833
87209
83889
84121
88577
83981
103456
84029
84261
90209
84125
102653
84225
84455
114108
84319
88359
84367
84599
102768
84463
98004
84511
84743
102243
84603
90947
84651
84883
108646
84747
90567
84795
85027
103331
84887
89462
84934
85166
95858
85030
93310
85078
85310
89302
85174
106509
85222
85448
85256
85320
88156
85364
85600
85424
85460
88664
85508
85740
88844
85604
94696
85652
85888
87844
85748
97178
85796
86028
88804
85896
96208
85944
86176
106350
86036
105360
86084
86316
88260
86180
105144
86228
86460
86276
86324
89816
86372
86480
86256
86308
108907
86356
86588
89548
86448
87144
86496
86732
88264
86600
95280
86648
86880
86700
86740
99880
86788
87020
94240
86884
94408
86932
87136
89956
87024
95600
87071
87303
94011
87167
104486
87215
87447
93491
87307
109419
87355
87587
87399
87451
88571
87499
87731
91075
87591
94207
87639
87871
92403
87735
92815
87783
88015
87859
87875
94939
87923
88159
87967
88027
90087
88075
88307
97767
88167
104206
88215
88447
92391
88311
96891
88359
88595
92551
88463
109606
88511
88743
92863
88607
100115
88651
88887
88695
88747
93131
88795
89039
88847
88903
91602
88986
89218
89026
89078
93470
89126
89358
89166
89222
97806
89270
89538
89310
89362
103144
89410
91046
89450
89506
106344
89554
91094
89598
89646
101554
89694
92890
89738
89790
96290
89838
99458
89882
89934
97718
89974
100138
90073
90117
112785
90165
97488
90217
90441
109589
90305
98069
90349
90401
100986
90449
99589
90501
90549
119435
90589
96417
90641
90689
95445
90737
96301
90789
91013
101429
90881
96721
90933
91061
108173
91021
94841
91077
91301
115919
91165
102933
91213
91445
110193
91309
101429
91361
91517
98689
91457
107541
91505
91733
102709
91601
103972
91649
91877
93549
91741
107437
91789
92025
92225
91889
109433
91937
92169
94753
92037
112557
92085
92317
104269
92181
108419
92229
92457
97021
92317
106165
92369
92601
99809
92465
106413
92513
92741
94233
92609
111350
92657
92889
94845
92753
110630
92797
93021
100065
92893
103313
92941
93173
96093
93041
111367
93089
93321
95265
93181
126233
93229
93465
96453
93329
108629
93377
93609
97417
93469
111916
93517
93749
93557
93613
101161
93661
93893
93701
93757
100341
93805
93953
93845
93901
110157
93949
95745
93989
94041
97293
94089
96293
94133
94185
99536
94237
95141
94285
94333
98517
94381
106309
94425
94477
100945
94525
102661
94569
94617
110877
94665
99569
94713
94949
108940
94813
106809
94861
95093
107181
94957
105369
95005
95237
95465
95101
105505
95149
95377
96473
95245
112370
95293
95525
95349
95389
96421
95437
95665
95473
95529
107216
95577
95809
95633
95673
106625
95721
97313
95757
95813
103133
95861
99101
95901
95957
101829
96005
100029
96045
96097
101041
96149
98161
96197
96249
101197
96297
99065
96337
96389
102297
96437
102125
96489
96533
102837
96581
102001
96621
96673
121385
96721
108385
96769
97001
122963
96865
113421
96909
97069
119373
97005
107809
97053
97289
100417
97153
106557
97197
97433
99377
97297
108637
97345
97577
97409
97441
103497
97485
97617
97434
97486
102482
97530
97770
97578
97634
101178
97678
97910
97718
97774
101794
97822
98350
97862
97918
105530
97962
98226
98002
98062
130554
98110
98602
98154
98206
103366
98254
99334
98298
98350
112410
98398
105641
98442
98446
119094
98445
103085
98489
98545
106533
98593
109458
98637
98689
119105
98733
114549
98777
98829
121145
98881
108853
98925
98977
126761
99021
103065
99065
99117
117933
99157
109450
99213
99445
115526
99297
112726
99353
99585
103689
99453
117077
99501
99733
99541
99593
102341
99641
99873
99681
99833
100665
99893
99949
99929
99985
118393
100025
100126
108135
100670
107029
100082
101014
100122
100174
104358
100222
101182
100262
100318
112774
100366
100830
100406
100458
119886
100506
100762
100550
100602
130927
100650
103098
100694
100742
108538
100790
108890
100834
100888
113504
100932
109100
100980
101028
105068
101076
108529
101120
101372
118663
101235
105699
101279
101415
133154
101375
108419
101380
101612
109469
101476
105372
101528
101568
121372
101616
105960
101340
101572
125320
101436
108208
101480
101528
113712
101576
105944
101620
101760
107876
101528
112792
101572
101620
108133
101668
108292
101712
101852
112880
101811
105791
101855
102047
114471
101951
113350
101999
102191
120852
102095
106535
102143
102367
123173
102235
117639
102283
102515
113635
102379
112097
102427
102655
112875
102519
136070
102567
102799
107251
102663
109763
102711
102939
102747
102803
118140
102851
103083
102907
102947
112385
102995
103227
103035
103095
107235
103143
103375
103199
103235
110010
103287
103515
103323
103379
111644
103355
104491
103411
103459
106835
103507
103735
103543
103599
108531
103647
103839
103707
103747
106931
103795
104911
103831
103883
110276
103935
104203
103997
104057
109421
104105
104781
104145
104197
108293
104245
106425
104289
104341
109577
104389
108348
104432
104484
123464
104536
108968
104580
104632
126728
104680
115528
104720
104772
129056
104820
138619
104868
105000
129824
104964
111348
105004
105064
119180
105104
110268
105152
105276
114975
105248
110056
105288
105340
112088
105524
114995
105572
105680
118396
105668
110096
105708
105944
131884
105808
114479
105860
106048
110484
105956
110676
106004
106232
128497
106096
128125
106144
106376
130043
106240
112544
106284
106516
127132
106380
111524
106428
106660
120076
106524
113696
106568
106842
124959
106706
131989
106754
106986
129898
106850
111898
106890
106942
121210
106994
111934
107038
107090
120630
107134
115434
107186
107230
122562
107278
113965
107322
107374
120190
107422
112442
107462
107518
122378
107570
117738
107622
107662
124262
107714
112122
107754
107806
123357
107854
116710
107898
107954
131898
108002
116462
108050
108126
132346
108142
112482
108194
108270
132607
108286
114246
108334
108562
132499
108426
131370
108474
108706
127738
108570
115787
108610
108706
129130
108710
113570
108758
108990
139784
108850
126982
108894
108946
126702
108994
121326
109046
109086
138595
109142
117860
109182
109234
139325
109282
124042
109334
109466
114582
109430
118966
109478
109586
130926
109566
116815
109622
109666
115746
109714
114886
109754
109806
136386
109858
122950
109910
110038
135070
110002
120470
110050
110094
131194
110146
117970
110198
110386
119802
110290
114202
110334
110566
110402
110434
112746
110482
110714
110530
110578
115378
110622
110854
110662
110718
116227
110766
110998
110806
110866
116746
110910
111930
110950
111006
148173
111054
112674
111098
111150
117206
111194
112198
111238
111290
119514
111282
113370
111326
111378
117339
111420
119076
111464
111700
132412
111564
123416
111608
111844
129840
111704
122028
111752
111987
134743
111851
127651
111899
112131
117287
111991
129147
112039
112271
118811
112135
129871
112183
112415
114363
112279
130281
112327
112559
112367
112423
113803
112471
112703
112511
112563
120287
112611
114435
112651
112707
123935
112755
113555
112795
112847
116411
112899
113619
112943
112995
129127
113043
114743
113087
113135
121811
113173
117065
113229
113281
117945
113333
118165
113377
113425
128761
113473
119377
113517
113709
132433
113617
121865
113661
113709
137724
113757
120797
113805
114037
131013
113901
119813
113953
114177
137233
114041
124125
114093
114137
140197
114185
121222
114229
114277
121641
114325
119241
114369
114421
125817
114469
125741
114521
114573
119525
114613
122549
114661
114893
137225
114757
124817
114809
115033
147970
114901
119029
114953
115181
131273
115049
119653
115097
115185
124733
115189
122777
115237
115397
137209
115337
127513
115389
115613
141039
115477
119817
115525
115757
139264
115621
134775
115669
115897
123685
115761
122773
115809
116001
146131
115905
121765
115957
116185
134224
116049
122869
116097
116329
134981
116193
133061
116245
116285
126505
116337
122429
116381
116437
141333
116485
123849
116529
116581
132969
116625
131685
116669
116721
128421
116769
127645
116821
117009
143625
116909
126285
116957
117193
144553
117057
136885
117109
117161
134445
117197
121365
117241
117477
134941
117341
122373
117389
117557
138688
117481
122653
117525
117645
137721
117625
135017
117669
117721
133549
117765
125162
117809
117861
134365
117913
122241
117957
118009
140681
118053
122689
118105
118333
142362
118197
125201
118249
118321
143627
118333
121545
118389
118621
140433
118485
126797
118537
118765
149340
118625
130885
118673
118905
137681
118769
136301
118821
119057
138745
118917
123653
118969
119197
124697
119061
124265
119105
119201
146761
119201
126902
119253
119481
135045
119349
126317
119397
119589
131520
119493
131493
119537
119773
138472
119637
126085
119689
119917
135710
119777
124373
119829
120017
144009
119921
136493
119969
120201
140306
120061
126669
120113
120169
136777
120217
127149
120269
120509
143184
120369
127791
120421
120649
145890
120513
124785
120557
120793
145689
120653
128369
120701
120933
146413
120797
125673
120845
121077
145681
120937
139829
120989
121121
140389
121081
134789
121129
121361
136602
121221
143012
121269
121505
138761
121369
130489
121417
121649
133585
121513
126245
121561
121793
164554
121657
141237
121705
121937
129993
121797
132712
121747
121983
141194
121839
144296
121895
122127
129339
121987
135879
122035
122267
126259
122135
140884
122183
122419
122263
122279
140862
122327
122559
130103
122423
141487
122471
122703
133403
122563
143548
122611
122843
128883
122711
136505
122759
122991
122799
122851
132423
122895
123131
122955
122995
128955
123039
123275
123083
123139
126939
123187
123419
123243
123283
127095
123331
124563
123371
123423
135695
123471
123663
123515
123567
139902
123615
125055
123659
123707
129987
123755
129231
123803
123855
143227
123903
127859
123947
124139
139787
124047
138711
124095
124327
149078
124191
143535
124239
124467
153003
124331
141866
124379
124611
128439
124479
128451
124527
124759
124607
124623
127823
124671
124903
124723
124767
133239
124815
125043
124851
124907
132523
124955
125187
124995
125051
140951
125099
127239
125135
125183
137183
125239
125511
125283
125335
131727
125387
127203
125427
125479
129719
125527
134195
125571
125623
137051
125675
130395
125719
125911
132567
125815
133615
125859
126095
143023
125959
132467
126007
126167
149155
126103
132811
126151
126383
153381
126247
131583
126291
126523
149180
126387
146125
126435
126675
152469
126539
133663
126583
126815
131443
126679
135867
126727
126959
138103
126823
180931
126867
127103
129047
126971
136623
127019
127251
127059
127115
131011
127159
127391
127199
127255
136687
127303
127535
127343
127399
137579
127443
129343
127483
127539
144043
127587
128851
127627
127683
137847
127727
129471
127771
127819
132079
127875
128535
127919
127971
145031
128010
135118
128054
128106
158370
128154
136220
128198
128366
143326
128294
135078
128338
128574
136184
128438
135723
128482
128534
140814
128578
132814
128622
128674
138814
128722
136175
128770
128826
136238
128870
133070
128914
129034
147374
129014
136082
129066
129294
147131
129154
145690
129198
129434
141326
129298
136014
129350
129394
192149
129438
135122
129482
129534
135530
129582
154950
129634
129686
149025
129718
137411
129766
130006
155986
129878
132694
129922
130006
161896
130018
134298
130070
130298
151982
130162
156206
130206
130346
154158
130302
134066
130346
130478
146426
130446
140810
130498
130546
135226
130590
136458
130642
130870
159331
130734
140331
130778
144254
136214
131258
135290
131310
131354
154726
131402
136058
131446
131562
144946
131395
139611
131439
131491
135715
131539
139734
131583
131635
136315
131679
150913
131723
131775
136415
131823
142867
131867
132103
142613
131959
139891
132007
132243
149851
132107
147442
132155
132099
155527
132055
138230
132103
132335
146154
132199
141907
132251
132299
162480
132343
139298
132387
132447
157375
132483
137311
132539
132627
154203
132623
140499
132679
132810
149798
132770
137262
132814
132866
137370
132910
136718
132954
133014
160070
133054
136638
133106
133150
141241
133194
142516
133238
133290
141393
133338
141210
133382
133434
142762
133478
144677
133522
133570
139186
133622
141234
133666
133718
137018
133762
146005
133806
133858
141498
133906
143049
133958
134002
153069
134046
138978
134090
134326
156659
134190
141446
134238
134286
142145
134330
143822
134382
134514
159954
134474
140022
134526
134570
148354
134614
138734
134658
134710
139618
134758
154295
134802
134854
141593
134898
141592
134950
135178
156278
135042
153838
135090
135322
148798
135178
144000
135230
135422
159396
135326
139238
135378
135454
164363
135466
142846
135514
135746
153643
135610
144783
135654
135706
143854
135750
137946
135794
135846
152890
135894
143054
135938
135990
143909
136034
136350
136078
136130
142626
136178
150974
136222
136274
155134
136318
142665
136370
136598
155422
136462
140254
136506
136556
144172
136600
139356
136644
136696
161990
136744
140684
136788
136908
148151
136884
142792
136928
136980
150635
137028
144664
137072
137156
144479
137168
144620
137212
137264
145017
137312
146168
137352
137440
163269
137452
146635
137496
137556
147264
137596
148644
137640
137692
143440
137736
141700
137780
137832
141724
137880
143992
137924
137976
144544
138020
141324
138064
138180
151599
138164
142888
138208
138260
143908
138304
144992
138348
138400
155776
138448
152856
138492
138544
144388
138586
143318
138630
138714
160106
138730
147102
138774
138826
142442
138870
143594
138914
138974
158258
139014
144814
139066
139110
163812
139154
149534
139198
139434
160118
139298
145326
139350
139394
161690
139438
145274
139482
139618
155566
139582
157282
139634
139678
151115
139722
153886
139766
139862
156609
139866
147629
139910
139962
150970
140006
150618
140050
140102
145226
140150
146976
140202
140246
153942
140290
148901
140334
140386
144090
140416
145400
140460
140512
153704
140560
146116
140600
140836
157704
140700
148488
140752
140788
155687
140843
146387
140883
140943
164875
140983
160527
141027
141079
165439
141127
148874
141167
141219
146347
141262
149110
141314
141358
146014
141406
146190
141446
141682
172706
141546
146674
141598
141638
145494
141688
155204
141728
141844
150792
141828
145652
141872
141956
149360
141972
147080
142012
142124
145876
142112
145396
142156
142208
147156
142256
157169
142297
142345
151233
142393
148614
142437
142489
150712
142537
143885
142577
142629
161292
142677
149729
142721
142773
147833
142821
150953
142861
142913
162541
142961
145873
143013
143057
162800
143105
151965
143145
143381
158881
143245
152020
143289
143341
151140
143389
147085
143429
143481
159625
143529
154432
143573
143625
161817
143673
147541
143713
143765
148329
143813
147477
143861
143909
156029
143957
151396
143997
144233
153041
144097
148921
144141
144193
162341
144241
150733
144281
144417
157061
144381
155740
144425
144477
160513
144525
149689
144565
144801
155632
144669
152353
144713
144765
154581
144813
152628
144853
145049
148133
144953
154341
144997
145057
149409
145097
148237
145137
145189
149141
145237
158001
145281
145333
160905
145381
152649
145421
145473
150737
145521
153683
145569
145761
152017
145665
154804
145705
145757
153244
145805
153408
145849
145901
150253
145949
153441
145989
146073
153913
146089
152649
146133
146217
169357
146233
155849
146273
146295
151227
146343
155255
146387
146439
154625
146487
150499
146527
146691
174942
146623
155237
146671
146907
155245
146767
155119
146811
146863
154220
146907
152767
146951
147003
151203
147051
155943
147091
147143
162703
147191
160845
147235
147291
151711
147339
166782
147379
147435
167842
147483
157510
147527
147579
163495
147627
156783
147667
147719
152471
147729
152517
147773
147825
155929
147873
154431
147913
148029
162544
147993
151977
148041
148093
156837
148181
153019
148219
148271
152379
148319
158351
148371
148503
170507
148467
156767
148507
148559
156787
148607
156567
148651
148703
155858
148755
155207
148795
148847
176243
148895
153767
148939
148991
153127
149039
153287
149079
149275
164171
149179
154955
149223
148574
152100
148318
152474
148362
148406
156773
148456
156106
148500
148736
160280
148600
154536
148640
148692
168386
148744
153868
148788
148840
165541
148888
156242
148928
148980
157284
149028
157504
149072
149124
153512
149172
152264
149212
149352
163784
149312
157338
149364
149408
170252
149460
154344
149500
149644
154136
149620
154156
149664
149748
154516
149764
154552
149804
149920
163962
149904
157704
149948
150184
162352
150048
155180
150088
150324
181619
150188
165291
150232
150468
157716
150332
153132
150372
150512
158249
150472
216086
149863
149923
154231
149975
151923
150011
150067
158891
150115
152363
150155
150211
166467
150259
151043
150295
150351
155795
150399
152267
150443
150495
156591
150543
151403
150583
150635
155023
150683
152907
150727
150779
158313
150827
166529
150871
150923
159387
150975
151579
151019
151071
157283
151119
154059
151159
151211
159587
151259
157662
151307
151359
156503
151407
165287
151447
151499
155443
151546
159165
151590
151642
156606
151690
158382
151730
151782
160806
151834
155670
151882
152114
179425
151982
157770
152026
152258
172015
152122
156262
152174
152218
168583
152266
159582
152306
152358
167646
152406
155278
152450
152502
168022
152550
155086
152590
152642
156198
152690
159762
152734
152790
156946
152838
156070
152878
152930
157190
152978
164369
153022
153074
158090
153122
157798
153162
153214
161026
153266
153466
153310
153362
156158
153410
157822
153450
153502
161214
153550
166302
153594
153646
169246
153694
156798
153734
153786
157802
153838
163197
153890
153978
156906
153982
164638
154022
154258
174738
154114
164522
154170
154402
174503
154266
162974
154310
154546
180727
154410
165894
154320
154651
183609
154514
168090
154562
154790
208748
154658
159982
154706
154938
161490
154802
161166
154846
155082
159482
154946
180313
154994
155226
173808
155090
165338
155162
155394
158214
155262
159130
155310
155542
155386
155406
162034
155450
155682
155506
155546
160964
155594
155826
155634
155698
163126
155742
155974
155798
155838
160342
155886
156118
155926
155982
174862
156026
157706
156086
156126
175257
156174
156549
156273
156325
160429
156373
157121
156417
156469
163238
156517
160729
156561
156609
164194
156653
174880
156709
156845
174189
156805
166190
156853
157085
171083
156945
169153
156993
157225
159165
157093
176793
157141
157373
166905
157233
163709
157277
157517
184746
157381
165201
157429
157661
186716
157521
163797
157569
157801
179090
157665
164877
157713
157945
175213
157805
161537
157845
158085
168741
157949
175972
157997
158229
158053
158093
158341
158141
158373
162421
158237
163405
158285
158517
158325
158377
168353
158425
158657
158465
158521
169057
158569
158805
158613
158669
165793
158713
159073
158757
158813
172217
158861
159181
158901
158953
175291
159001
161009
159049
159101
163065
159153
159421
159197
159245
170469
159293
159617
159337
159389
170677
159437
159913
159481
159529
167260
159577
168469
159629
159673
168970
159721
163849
159765
159813
164221
159865
165141
159909
159961
163853
160005
169421
160053
160177
163849
160149
169934
160201
160429
181825
160293
169178
160345
160473
181753
160433
171385
160481
160713
186136
160577
168701
160629
160669
176385
160717
171736
160769
160813
164533
160865
170840
160909
160957
180417
161005
173847
161053
161213
181644
161149
171737
161197
161425
183620
161289
173113
161337
161461
187893
161445
165561
161497
161549
175981
161589
184118
161637
161869
181650
161733
176592
161785
162013
175725
161877
181706
161925
162161
181965
162029
169318
162077
162305
183273
162169
166017
162221
162449
175421
162313
170698
162361
162593
173257
162457
173717
162505
162737
162545
162605
165725
162653
162881
162689
162745
173073
162793
163025
162837
162893
180022
162941
163173
167429
163033
170237
163081
163313
179877
163177
185494
163225
163457
188662
163317
171109
163365
163597
176458
163465
180301
163513
163745
169009
163605
181622
163653
163885
167649
163749
177062
163797
164033
165977
163897
170449
163945
164177
168025
164041
176808
164089
164321
164129
164181
179283
164229
164461
164269
164325
187224
164373
164605
164413
164465
168637
164513
164745
164553
164613
171535
164661
164893
164701
164753
169061
164801
165067
165026
165058
180257
165106
166526
165146
165198
180114
165246
168434
165286
165346
216210
165397
165897
165437
165493
170497
165541
166565
165585
165637
184353
165685
168433
165725
165777
173581
165825
166093
165869
165925
171385
165977
167877
166017
166069
187628
166117
166389
166161
166213
174019
166261
173617
166305
166353
175433
166405
182716
166457
166597
206401
166549
175295
166601
166737
170585
166689
175485
166733
166881
185565
166833
170661
166877
167109
178313
166973
172141
167013
167133
182400
167117
172581
167161
167393
178912
167257
171745
167301
167537
192292
167401
172105
167445
167677
177645
167541
175481
167593
167821
188225
167685
172941
167729
167861
185125
167825
173881
167877
168021
190769
167977
171385
168021
168253
183692
168117
179729
168165
168397
204820
168261
183035
168317
168541
191429
168405
176623
168449
168501
181933
168549
173321
168601
168825
187877
168689
194228
168741
168797
186053
168845
186637
168889
168969
172773
168985
176532
169029
169081
185085
169125
173233
169173
169289
179280
169269
178367
169313
169409
190671
169413
179284
169465
169593
197819
169553
178044
169597
169693
204926
169693
176569
169741
169793
192654
169841
174613
169885
170009
192257
169993
176537
170045
170085
193185
170133
173773
170185
170317
196821
170285
178536
170329
170561
190377
170425
178585
170477
170565
187297
170569
180886
170617
170845
193665
170717
180413
170773
170825
179115
170865
192234
170917
170957
186199
171009
177129
171057
171109
196323
171157
186324
171201
171393
195121
171297
183005
171341
171393
180657
171445
176875
171489
171601
190415
171585
177877
171629
171685
186119
171733
188865
171781
171821
186425
171873
175245
171917
171973
184009
172021
176401
172073
172145
180908
172161
180336
172213
172257
192761
172305
180569
172353
172581
182325
172445
182355
172489
172605
189421
172589
179213
172633
172869
191077
172733
177529
172781
172829
179845
172877
184549
172921
173153
192257
173015
186023
173063
173255
197459
173159
184166
173207
173435
185135
173299
176719
173347
173579
186771
173443
194414
173491
173723
184079
173587
188115
173635
173867
220896
173773
182641
173825
174049
197905
173913
185253
173961
174193
201766
174057
184184
174105
174333
222271
174201
180273
174249
174481
199790
174345
187453
174393
174621
177597
174489
188347
174537
174769
175001
174633
177873
174681
174909
174717
174773
177913
174821
175053
174861
174917
183201
174961
175193
175017
175061
181781
175109
175341
175149
175205
204497
175253
175485
177841
175349
189517
175397
175629
195742
175493
193349
175541
175773
197316
175637
181625
175681
175917
204288
175781
183225
175829
176057
201404
175917
188467
175973
176161
191781
176065
181549
176113
176341
189237
176205
182889
176253
176485
183405
176353
180909
176401
176629
178597
176501
183693
176549
176781
176589
176641
192293
176693
176921
176729
176785
182913
176833
177065
176877
176929
182601
176977
177209
177017
177077
180233
177125
177357
177165
177221
178689
177269
177497
177305
177365
186017
177413
177645
177453
177513
186161
177561
177789
177613
177653
188645
177701
178093
177741
177797
185325
177845
178941
177897
177937
192388
177985
179565
178029
178081
182349
178133
178609
178177
178225
185989
178269
180113
178313
178369
187105
178421
184925
178461
178513
196825
178561
184265
178605
178665
185149
178705
191973
178749
178981
201989
178845
184273
178889
178941
183145
178993
188765
179033
179085
200117
179133
186309
179177
179229
183717
179277
192954
179317
179369
185741
179417
190761
179461
179513
204419
179561
187805
179601
179653
196357
179701
185409
179745
179797
185045
179849
190869
179897
179941
184821
179989
187469
180033
180085
194013
180133
192117
180181
180225
206138
180273
191777
180325
180369
193233
180421
192553
180469
180697
192997
180561
185189
180605
180657
204052
180705
197625
180749
180981
199865
180845
192793
180897
181125
193093
180989
189985
181033
181093
184845
181137
185361
181185
181317
190839
181179
187527
181227
181271
194251
181317
188169
181361
181469
204332
181461
198285
181505
181737
205440
181601
187957
181645
181885
209656
181753
190045
181793
181845
192741
181893
192589
181937
181989
189825
182037
192323
182077
182129
193361
182078
197067
182147
182191
215134
182239
192023
182283
182443
207707
182379
188851
182423
182475
211574
182527
190144
182575
182627
195583
182675
196407
182727
182955
204063
182819
197927
182863
183095
200688
182963
194931
183015
183171
207985
183107
198303
183151
183383
199316
183247
192447
183291
183343
202856
183395
200111
183439
183551
208755
183535
211937
183579
183631
207878
183687
193127
183731
183779
204514
183827
188447
183871
183923
193907
183971
193019
184015
184063
227065
184111
194815
184163
184295
206503
184255
204036
184299
184439
208915
184399
199312
184451
184563
204726
184547
197491
184591
184639
208617
184687
188799
184739
184927
208895
184831
190637
184887
184939
202152
184991
197719
185035
185087
193819
185135
197170
185179
185227
217290
185271
193035
185319
185371
238711
185419
199045
185463
185511
202387
185559
192515
185603
185655
199343
185703
190047
185751
185799
202667
185847
190959
185891
185947
205771
185995
200520
186039
186087
204711
186135
193739
186187
186315
210714
186279
193967
186323
186555
208311
186419
204222
186467
186699
208361
186567
204999
186611
186843
235905
186707
190903
186755
186987
197883
186855
210517
186899
187131
200927
186995
197208
187043
187135
204551
187139
196043
187183
187415
206307
187279
222031
187331
187467
213848
187427
194415
187479
187519
211631
187571
209607
187615
187667
202807
187697
199856
187745
187797
203293
187849
199857
187897
187945
207103
187993
204682
188041
188085
206189
188133
195377
188185
188229
212353
188277
195197
188321
188369
208029
188421
192241
188465
188517
192489
188565
194837
188609
188657
205957
188705
191913
188749
188805
217221
188849
193393
188897
188945
193121
188993
198533
189037
189089
192749
189137
199994
189185
189229
210081
189277
199729
189325
189373
193105
189425
194977
189477
189545
212473
189565
197574
189609
189693
207175
189839
214829
189883
189935
210037
189983
201442
190039
190131
211999
190135
196895
190183
190411
194627
190275
202711
190323
190555
216189
190419
199213
190467
190695
216486
190559
198570
190603
190655
201715
190703
202292
190755
190799
198710
190847
195779
190931
190983
195115
191031
198295
191079
191123
199715
191171
196387
191219
191267
207951
191315
196611
191367
191451
215416
191455
196651
191507
191551
205087
191603
195671
191655
191687
207215
191743
201789
191795
191843
201427
191891
200694
191943
191983
207511
192035
198751
192079
192131
214527
192179
219933
192227
192307
205259
192323
216007
192371
192603
205451
192467
208459
192515
192559
206763
192607
206951
192647
192851
211087
192755
198199
192799
193031
215067
192895
221783
192939
192991
212915
193035
201035
193087
193131
200731
193187
201434
193231
193283
205719
193331
200655
193379
193423
214571
193475
206323
193523
193683
219301
193619
199675
193671
193711
218394
193759
210376
193803
193855
208599
193907
205659
193951
193995
255571
194047
201091
194091
194327
219047
194191
206147
194239
194467
210655
194331
200455
194383
194547
225377
194483
201971
194531
194759
204903
194623
208035
194671
194903
205787
194771
205955
194819
195047
198815
194911
217811
194959
195191
194999
195055
195819
195103
195331
195143
195199
238707
195243
195479
195287
195343
198039
195391
195619
195427
195483
205439
195527
195763
195571
195631
199307
195679
195907
195715
195771
205523
195819
196403
195859
195915
219978
195963
199407
196003
196055
199683
196103
198415
196151
196203
201767
196251
203975
196291
196339
205063
196127
196539
196171
196223
204999
195309
200253
195349
195401
199985
195449
200477
195493
195553
218697
195601
205717
195641
195877
218607
195741
218917
195793
195841
213093
195897
203910
195945
195989
208537
196037
217145
196081
196165
228989
196181
200261
196221
196361
218149
196321
214001
196365
196417
217813
196465
207373
196513
196557
225840
196605
204893
196649
196701
204101
196749
209654
196797
196929
209825
196893
204337
196945
196989
225575
197037
202845
197077
197125
214604
197177
217058
197008
197056
208960
197104
202048
197144
197204
205948
197244
213811
197288
197306
213162
197348
203520
197388
197440
213752
197488
201388
197532
197584
202672
197640
204120
197680
197732
202012
197784
213751
197828
197884
211224
197932
207260
197972
197923
207648
197968
205301
198012
198064
207220
198112
207169
198152
198204
223789
198252
208672
198304
198348
211460
198396
202724
198444
198488
220456
198536
205512
198576
198628
203828
198684
225025
198724
198776
218776
198824
206088
198876
198920
223280
198968
207837
199008
199060
210864
199108
204624
199152
199204
214792
199252
206489
199292
199348
204340
199396
205724
199440
199492
211612
199540
207033
199580
199632
202276
199582
202069
198532
198580
203992
198632
200339
198671
198719
214231
198767
202779
198811
198863
207915
198907
200283
198951
199003
202787
199059
200603
199103
199155
215419
199203
203211
199243
199295
215491
199343
204235
199383
199435
225525
199439
203957
199605
199741
223185
199705
204333
199749
199985
216625
199849
203493
199893
200125
212114
199989
205635
200039
200219
207890
200091
218286
200139
200183
213455
200231
204659
200283
200327
209425
200375
207355
200415
200467
216095
200519
208559
200571
200615
209371
200667
207643
200707
200823
223379
200807
210908
200859
200911
223790
200951
206431
200999
201087
207467
201091
212707
201143
201191
206395
201233
205133
201277
201513
210277
201377
211291
201421
201473
209995
201517
205345
201557
201609
220537
201657
206849
201705
201797
227032
201801
210125
201849
202077
222521
201941
211289
201993
202225
224501
202089
208853
202133
202365
220437
202225
209271
202277
202469
207689
202373
210672
202413
202469
219729
202517
209520
202561
202613
219593
202665
212879
202705
202761
225925
202809
210859
202853
203093
224117
202957
211113
203005
203233
229167
203097
208193
203149
203193
206721
203241
209099
203281
203333
207841
203385
204981
203429
203481
207093
203529
214400
203569
203621
218069
203669
210113
203713
203765
221525
203813
211084
203853
203909
210993
203953
211229
203997
204049
212595
204095
209399
204135
204187
215149
204235
209355
204279
204331
211237
204379
209803
204423
204475
208863
204523
211399
204567
204619
209615
204663
211471
204707
204759
208411
204811
205323
204855
204907
211775
204955
212065
204995
205047
225612
205095
223219
205139
205191
229711
205239
210951
205279
205331
226743
205379
221971
205431
205659
231833
205707
215169
205571
205615
211291
205663
209939
205715
205943
220783
205807
214829
205857
205905
225805
205953
227743
205997
206049
221245
206109
214774
206153
206297
228034
206253
225777
206301
206537
226465
206401
221118
206323
206545
225977
206409
221104
206465
206637
213629
206569
211245
206609
206665
222141
206713
211689
206757
206813
223256
206861
220589
206897
206953
214720
207001
212529
207045
207103
228906
207155
228235
207195
207339
221679
207299
217603
207347
207395
231579
207443
229094
207483
207535
212511
207583
225375
207631
207867
214773
207827
211703
207779
208007
217055
207871
214522
207915
208063
212879
208015
211897
208157
208389
229765
208253
217429
208297
208397
212181
208401
215558
208441
208493
236677
208541
217629
208585
208637
212121
208685
212901
208725
208777
217369
208829
212181
208873
208925
224441
208973
214581
209013
209073
216237
209129
213441
209173
209225
215793
209273
210985
209317
209365
217080
209413
214473
209457
209509
223445
209557
213505
209601
209649
224091
209697
213441
209741
209977
223837
209853
224574
209901
210057
235754
209989
230332
210041
210173
234173
210137
216517
210181
210229
223345
210277
223516
210321
210557
220217
210421
228444
210469
210697
234972
210561
215229
210609
210840
236676
210704
214472
210756
210796
221171
210844
225805
210888
210984
224223
210988
218543
211032
211084
243570
211126
215114
211170
211222
225902
211270
216851
211314
211362
217286
211410
218749
211454
211506
228310
211554
223950
211598
211646
215178
211694
220180
211738
211862
228466
211838
217578
211890
211930
216753
211973
223432
212021
212257
226217
212101
216581
212149
212201
237289
212249
242188
212293
212345
228093
212392
221039
212436
212484
229256
212532
217980
212576
212624
219924
212676
217604
212720
212768
217152
212816
216412
212860
212912
230347
212964
213240
213008
213056
221306
213104
226304
213148
213200
222111
213248
218780
213292
213340
221260
213392
229857
213303
213273
230365
212913
215003
212115
212039
236803
211767
223679
211811
211863
218231
211911
215283
211959
211995
218248
212064
220593
212116
211959
219219
211975
217679
212019
212067
217503
212115
219245
212167
212219
218187
212063
218615
212107
212155
217619
212091
218327
212135
212187
225135
212235
215331
212279
212327
217623
212379
218599
212423
212471
219691
212338
219027
212386
212434
221283
212482
223703
212526
212578
221426
212630
218054
212674
212722
220391
212774
215042
212818
212870
223981
212910
220104
212962
213010
233710
213058
217646
213102
213158
222858
213210
221399
213254
213302
217334
213350
217430
213394
213446
225418
213494
221138
213546
213586
226006
213634
220277
213678
213730
222176
213778
220214
213822
213870
218642
213918
217162
213962
214014
219082
214137
218658
214178
214230
222711
214282
215978
214326
214378
219846
214426
220816
214470
214518
222802
214566
219522
214610
214662
224297
214578
219578
214622
214670
228558
214714
225939
214766
214822
230266
214814
216774
214858
214906
218774
214954
222706
214998
215050
219370
214995
217691
215039
214819
222631
214867
221861
214919
214995
218235
214847
238456
214891
214939
226435
214991
223490
215035
215087
223680
214983
219899
215027
215075
220791
215123
222591
215167
215219
224279
215267
230201
215311
215355
230571
215415
226942
215463
215511
220507
215559
216239
215603
215651
218747
215699
219919
215751
215795
228691
215847
221431
215891
215939
237896
215987
228892
216031
216083
223703
216131
219591
216179
216227
223271
216279
222582
216323
216375
223163
216423
217307
216467
216515
219303
216563
220859
216607
216663
221015
216715
218659
216759
216807
229643
216855
221739
216907
216995
223135
216999
223251
217043
217091
225568
217139
220827
217183
217111
221435
216879
223555
216919
216971
224747
216915
219563
216959
217011
225476
217043
218947
217087
217135
222593
217173
218717
217217
217269
223749
217109
217373
217153
217201
221393
217249
217809
217293
217345
226175
217397
219161
217441
216678
227692
215363
216543
215399
215454
222366
214962
217190
214426
214478
227438
214526
214798
214570
214622
220894
214151
214803
214195
214239
230616
214291
218119
214335
214387
222056
214435
214439
214167
214215
218271
214263
223780
214307
214359
221993
214129
224341
214173
214221
218225
214269
218353
214313
214369
218281
214417
228373
214461
214509
222145
213887
222119
213931
213983
218267
214031
216695
214075
214123
218067
214175
214443
214219
214271
232222
214319
217003
214359
214411
239097
214459
215599
214503
214555
217235
214603
215403
214647
214695
221575
214261
220993
214305
214357
227593
213911
219890
213955
214003
223582
214051
224887
214095
214147
218255
214199
217847
214243
214291
218143
214339
222218
214383
214435
218963
214487
216879
214531
214623
227531
214627
225618
214671
214723
227031
214771
218067
214823
214863
223867
214915
222241
214963
215195
230299
215059
224442
215103
215151
229323
215199
237399
215243
215295
224854
215347
223662
215391
215439
222388
215487
223851
215531
215611
221611
215635
222563
215679
215727
221851
215775
220191
215819
215871
229883
215919
219303
215963
215528
232968
215330
219730
215374
215426
223530
215250
220198
215294
215342
228308
215390
222946
215434
215518
233912
215534
221250
215578
215630
232769
215678
225128
215722
215862
221102
215611
223978
215659
215707
223410
215755
226371
215799
215899
229167
215855
224291
215903
215951
223610
215999
224231
216043
216095
223563
216143
219051
216187
216235
232831
216283
220595
216327
216383
220979
216431
220251
216475
216527
236695
216575
220947
216623
216855
224815
216719
229371
216767
216999
242989
216871
235136
216915
217151
225722
217015
234090
217067
217291
245147
217159
222091
217207
217439
250467
217303
228166
217355
217427
241239
217443
223163
217487
217539
223575
217583
219667
217635
217683
225230
217563
225963
217607
217659
226326
217707
220531
217751
217799
222547
217570
224477
217613
217652
221736
217431
219935
217479
217531
221791
217362
221126
217406
217458
222418
217506
220762
217550
217598
223926
217604
243659
217146
217154
222042
217134
221358
217178
217186
230262
217150
226310
217194
217246
223934
217294
222106
217338
217190
226150
217242
223778
217286
217338
220682
217338
223794
217382
217430
229879
217172
225838
217216
217456
224915
217256
217612
216736
216584
224649
215769
250643
215813
215429
220481
215477
216153
215521
215569
224948
215617
222182
215661
215713
222682
215765
218617
215809
215857
220361
215905
224094
215949
216005
223918
216053
218081
216097
216145
223262
216197
217461
216241
216293
224341
216341
218265
216385
216433
222289
216481
223425
216525
216577
224553
216625
218533
216673
216721
227196
216773
218849
216817
216869
228449
216917
219881
216961
217009
222105
217057
222245
217020
213805
223087
212594
214278
212638
210632
219496
210680
209844
209272
209324
217848
209372
210484
209416
209512
214016
209512
221812
209560
209796
216380
209060
216360
209104
209160
230584
208388
215424
208432
208484
213500
208526
219399
208567
208707
216215
208671
213695
208715
208767
212907
206771
212710
206815
206867
230047
206911
210411
206955
207191
213715
207063
207335
207107
207243
215847
207203
208751
207247
207483
216560
207347
209827
207391
207443
211595
207495
213159
207539
207775
215427
207639
215178
207683
207847
213639
207783
217152
207827
208063
225954
207923
208823
207971
208023
247273
208067
213091
208111
208347
224553
208205
223954
208249
208485
218325
208345
217730
207917
207881
226965
207745
210097
206449
206681
234611
206541
211989
206585
206733
224397
204765
213157
204809
205045
230972
204905
210681
204949
205065
219402
205049
210081
205093
205141
230480
205189
210053
205241
205285
216924
205333
213042
205381
205433
223199
205477
215249
205521
205573
213241
205621
211725
205665
205721
231225
205765
210013
205809
205865
225277
205913
212517
205957
206009
219821
206053
212089
206097
206149
216074
206193
217074
206241
206293
227269
204649
210337
204693
204745
213026
204793
210844
204837
204889
215481
204933
206969
204977
205029
229310
205077
226027
205125
205177
221401
204949
219025
204993
205045
215961
205093
209253
205145
205197
230413
205241
210397
205285
205337
209589
205353
212337
205397
205449
214629
205493
211745
205537
205653
216874
205637
210301
205681
205733
220757
205781
214508
205825
205877
219329
205925
210333
205969
206021
228121
206065
213989
206109
206161
223093
206209
210013
206253
206369
221076
206432
214904
206476
206600
226876
206584
211800
206636
206764
215493
206724
215861
206768
206820
211564
206872
213125
206916
206968
219196
207039
212528
207052
207108
220632
207160
210472
207204
207256
213392
207264
211056
207308
207360
216508
207408
212552
207452
207504
220782
207548
217032
207592
207644
211936
207692
211356
207736
207876
223184
207832
215392
207876
208112
217312
207984
220785
208032
208084
226808
208132
213164
208176
208236
221501
208276
213902
208320
208372
223072
208416
221880
208460
208696
228008
208560
216871
208612
208656
270294
208700
215912
208752
208980
224541
208653
217017
208661
208815
234889
208728
226950
208772
209006
229686
208870
240137
208914
208970
217350
209014
224015
209051
209147
219966
209151
214615
209203
209247
226925
209295
220991
209343
209575
220355
209439
213395
209487
209719
213019
209579
226261
209627
209859
237993
209723
226268
209771
209831
224259
209879
217303
209919
210063
237551
210027
220495
210079
210167
227995
210167
219845
210211
210371
216875
210275
221092
210319
210371
214211
210415
219506
210459
210511
218173
210559
213415
210603
210655
213959
210699
223217
210743
210791
234571
210843
214411
210887
210939
225947
210983
215523
211031
211263
236528
211311
215899
211183
211235
214939
211283
216511
211331
211523
233731
211427
215319
211471
211619
224087
211567
219300
211615
211847
225899
211711
219841
211763
211995
235047
211855
220983
211899
212035
235859
211999
217663
212043
212127
223023
212139
214967
212191
212323
238943
212259
216331
212311
212355
229703
212399
218739
212439
212495
233703
212543
217423
212595
212639
228483
212683
217535
212727
212779
227989
212827
220699
212871
212927
237657
212975
219807
213019
213071
228767
213119
223531
213163
213215
224565
213267
217335
213311
213547
225451
213391
217279
213443
213487
233476
213531
218095
213579
213743
224719
213679
222045
213731
213959
237767
213821
222599
213873
214101
233928
213965
220085
214013
214245
230901
214105
219705
214153
214385
232021
214249
234517
214301
214529
233868
214389
228169
214437
214669
237826
214533
219117
214581
214255
237481
214101
219297
214061
214291
240855
214155
226315
214199
214435
254268
214295
234209
214343
214575
220407
214439
228735
214487
214712
236900
214572
261576
214620
214852
241410
214716
221988
214540
214672
218432
214628
229484
214672
214576
222944
214624
226340
214668
214712
219324
214748
218712
214804
215036
239620
214890
222334
214946
214990
232265
215042
219690
215086
215135
231475
215175
225743
215219
215271
235934
215314
223934
215358
215414
226982
215462
228365
215506
215558
226330
215602
226022
215646
215698
233730
215746
227679
215790
215842
222914
215890
222318
215934
215986
219742
216038
231938
216082
216174
233726
216178
224014
216230
216370
220306
216322
222322
216374
216530
228890
216462
233744
216510
216558
235802
216606
221022
216658
216886
240317
216746
220710
216798
217030
227036
216894
224534
216938
216986
240018
217034
224770
217078
217162
230834
217178
222942
217222
217274
225854
217326
227149
217370
217506
224562
217470
227482
217522
217362
241745
217377
224373
217421
217473
221537
217521
226524
217565
217621
225861
217665
224225
217709
217793
226212
217817
225794
217861
217913
233533
217957
227061
218001
218053
221801
218101
221761
218153
218197
252419
218249
223601
218293
218345
226401
218393
224725
218437
218493
238357
218405
222849
218449
218501
222789
218545
231410
218589
218641
240526
218685
241223
218848
218900
225768
218948
221524
218992
219044
242108
219088
231281
219132
219184
223356
219232
223612
219276
219328
224612
219372
230444
219416
219468
224472
219524
224624
219568
219804
227928
219664
239631
219708
219848
224748
219808
223676
219852
219904
228548
219948
228769
219992
220044
224148
220096
225768
220140
220192
228944
220236
225004
220280
220332
229113
220380
223820
220424
220476
226880
220520
231828
220564
220616
224888
220660
225780
220708
220940
225532
220800
233697
220848
220904
229205
220952
225716
220996
221046
226726
221090
225010
221007
221141
225906
220997
