mem
19194
25907
30201
33789
30378
29990
27638
32366
45502
29687
30607
27751
32339
36636
32515
32591
27823
28393
31549
30167
33371
33515
32839
40548
28307
34131
32928
29837
31353
28433
32845
42259
31433
30593
28545
30289
34997
32452
30313
28653
30313
61984
32093
30451
28887
34951
37520
33311
30635
28963
35375
37582
29208
30780
29188
32665
36082
29397
32159
53485
30475
35999
29471
31121
36609
32033
33117
29685
34069
33985
29822
34426
29766
34278
40383
33782
35910
29994
32814
35722
34086
38510
30034
35018
37970
30209
31849
30161
31781
34125
30797
32821
30329
35413
50212
33549
34905
30405
34477
35333
32201
32157
30613
32833
34653
33533
32609
30689
32349
37173
32125
32909
30829
33037
52601
30997
33393
31041
37985
36217
36241
32961
31049
35605
67759
31421
33464
41279
33087
33863
31631
36131
35303
36719
37347
31771
34631
43253
39883
33605
33017
31987
38363
35319
35919
31883
34567
57436
32423
36511
31963
32275
37659
35227
33779
32171
32351
40586
32468
33984
32248
32560
41069
33708
34065
32457
33882
45094
37706
37602
32534
36078
45650
32915
34327
89615
34703
41622
33011
37175
38783
33867
34675
33083
38555
40552
36087
40251
33295
38439
44500
33323
39969
33365
35673
37153
36108
39696
33480
39384
38916
35393
42141
33625
38729
58564
33796
37748
33704
41336
42391
35960
35704
33912
35608
65006
35109
41033
51637
39001
38241
34181
40349
45644
34313
39785
34393
38737
39641
39317
38865
34301
36833
48731
40989
36141
34513
40081
42394
37141
36330
34594
40950
43009
37082
38002
34806
40021
39925
37581
38633
43521
36609
43651
35145
38713
53759
36861
43961
36581
39417
44116
39937
39997
35477
35653
45337
39777
39733
35545
38197
57353
38617
40161
53049
36353
43149
35949
40281
63442
36081
40397
36061
39665
42408
36289
39133
36133
39265
39829
36397
37949
43557
39797
38301
36469
43001
68718
36565
38449
49314
38537
44013
36545
38565
68136
37553
42513
36685
38497
42537
42133
41957
59828
39985
39245
37153
41297
41913
39557
42601
37077
39057
47345
37448
39492
37288
40228
62418
37492
42784
48702
40432
41672
37600
41604
65189
42760
41400
48246
43844
40692
37872
39576
74158
40112
40752
37916
42284
46968
45864
42020
37992
40240
41416
42456
41116
45584
43048
48978
38460
43504
45168
39996
41512
38500
40388
58852
38732
42760
38576
44648
53343
40012
42360
38695
42205
56039
39244
40368
46327
43688
43296
40220
39140
55219
43435
41611
39031
40715
65283
41171
40683
39139
42227
48119
42339
43099
39215
42919
73878
39383
41635
63269
41711
42791
39619
46123
47326
41523
42515
39531
45723
60756
40316
45204
39676
41240
48444
39936
44408
52725
41272
41608
40144
41980
47167
40240
44724
53701
40308
41904
40312
45404
52380
42048
44656
44992
40767
42791
61517
41731
45711
46523
41367
46183
65569
43164
45064
41088
46908
62777
43508
43260
63269
48508
41564
44524
47932
42224
46280
49977
44464
47076
41844
43736
62868
49068
46724
74304
47093
46601
42157
43813
53487
48593
43389
42401
42417
53249
43049
47425
49109
45817
46353
42633
45821
58126
48873
49945
42761
44346
57834
44018
48046
42894
51018
52538
49294
44882
42970
45274
51938
43202
46894
43110
43790
48910
43478
45454
43322
43726
68318
45898
48978
52958
43646
54107
43590
47562
46878
46035
48231
43799
45719
47091
49503
45467
43875
45703
47639
48139
45547
44083
46503
49043
44743
46959
44159
47127
56343
44879
46919
44299
46327
52647
50123
48863
44347
49855
69427
47615
46415
44419
46143
60747
46947
48311
44631
50729
55375
46501
48706
64323
52035
49303
44491
46139
50383
45011
48615
44603
49543
70075
49763
47335
44675
51487
55919
44907
46671
44887
46775
64439
45665
47901
74089
49398
53177
45202
49534
56095
49418
49862
45410
49714
59421
51662
49026
45386
48354
59471
50822
45970
45630
45710
50426
47834
49954
45670
47250
67358
45862
47402
68587
50646
53290
46074
50018
52074
46206
48027
45983
49879
79277
52451
51335
46191
46295
56874
49783
51935
46267
47111
52239
47771
48615
46479
49811
66754
47727
50559
53739
48455
59531
46811
51423
57888
47651
51495
47023
48571
53127
51341
50693
46993
50805
62125
47970
49094
47202
49974
56200
50742
49146
47274
51546
52782
53218
49030
60738
52446
53118
47678
49230
59538
52518
52154
47754
49514
56666
53363
49719
48015
49831
51959
48931
52331
48035
49891
54716
48156
51652
48200
54524
69574
49536
51196
48276
50844
55518
48440
52540
48484
55388
56276
49680
51340
48560
51128
75091
52264
50552
69600
52892
52996
48964
50516
55476
50504
52036
48872
50844
68856
51000
50712
49084
54708
57060
49620
51720
49156
50880
55492
52172
50991
49331
54767
53147
49591
51635
61221
55107
53731
49799
53303
54007
51667
54323
49811
53491
69338
51131
53919
49983
52707
60550
51443
55863
50059
52595
54023
52199
54003
50267
53131
73665
53135
53043
71783
54679
53435
50535
56007
58776
54175
52579
50647
53507
74016
51051
54899
50719
53167
73615
54459
53263
50931
52551
61077
51095
54103
50999
54271
77150
55211
56371
69899
55704
53280
51408
56032
68256
56730
56302
51318
53042
72548
54106
53114
51526
54914
58658
57834
59050
51602
53854
66699
54870
55670
51810
58558
75464
59062
57594
57274
53850
54346
52146
54750
59857
54003
56239
52299
53907
60493
56643
55643
52511
54299
58847
53587
60507
52483
54349
92275
55013
57897
52633
54285
61960
52797
57997
52841
54493
60137
54297
55537
52933
56285
66072
53109
58961
62488
58329
55373
54537
53337
59416
53449
55393
53393
58785
60749
56937
55069
53441
55585
81591
57565
58781
53513
57061
77905
60022
57906
53786
54130
69454
59750
59166
59986
56846
58890
54118
56646
60914
56682
61582
54326
56922
59434
54566
55994
54402
57854
57974
56650
56101
54593
59677
58389
61137
61873
54589
56245
60757
61113
58753
54797
58301
62467
55277
59597
54873
57581
60837
55813
56545
55337
56777
69193
55273
56825
64216
57193
57269
55349
57953
66427
55621
61313
55557
60401
71645
58757
57993
55633
61225
76337
59137
64981
55745
57321
60613
58285
63245
55833
61033
61949
56013
60705
63199
58009
60397
56225
59485
67105
58069
59697
56133
57857
67549
62837
60225
56345
61653
83333
59553
66989
56417
58749
64837
57281
63269
56629
62197
90127
60341
61449
80301
58933
63436
58485
56889
68012
57361
63109
57173
60753
62225
58429
63629
57245
61837
60513
62869
61565
57357
62337
89003
57793
60149
57429
59817
63549
57661
64857
57641
58877
71017
58001
59793
58445
57833
66819
57977
59769
82121
57961
62309
58049
62081
63937
58121
63617
58265
62029
63861
61221
61097
58237
59897
76410
61657
60101
58444
60096
64180
63180
63640
58516
61560
68223
59112
62404
58728
60380
67451
61644
61460
64612
63432
78298
59004
60564
76812
60912
67623
59212
61972
69807
61736
60880
59288
62640
64088
63312
60960
59496
61636
66324
64804
62572
59572
63304
123002
61296
63436
59616
65460
68110
60200
70610
72649
61336
61784
61476
60100
80112
65052
68404
62164
62420
64168
60312
61826
60170
66702
62738
62834
65674
60298
65906
80556
60434
62518
60374
64846
70137
64438
66922
60578
61002
92998
63966
62762
60658
60970
82684
64686
65386
87370
64954
63198
61126
65410
66950
63706
69199
61195
65367
64163
62533
63095
61383
63179
78079
61531
66295
61375
65887
93435
65699
65643
61587
65351
71922
62403
67083
61659
66411
69691
62131
63655
61867
64091
69683
64951
66527
61943
64211
77661
64427
64986
62154
63806
74932
65294
64866
94178
70249
69374
62353
64201
73536
62421
64353
62493
64077
69133
65013
68321
62705
64257
67993
66585
64369
62677
69569
85494
63437
64373
62889
67873
70917
66569
68565
62961
65769
71972
66957
66465
66589
68913
67881
63365
66905
80936
68773
66137
63437
65237
71962
65105
65113
63649
69749
88776
70337
69349
63657
64496
72545
64088
70544
63764
70612
68092
64100
73764
90000
70064
67296
64096
65576
89720
66796
71060
64204
66004
85936
68988
66640
64280
68948
76515
65356
71744
64488
66428
73217
67232
74872
64564
67704
94754
64712
71608
85736
64824
77361
64968
66520
72889
66660
67612
65052
67120
70395
67072
66968
65208
69968
109645
69304
71640
65236
69804
81265
68688
67192
65460
73904
77272
68320
67292
65532
71264
85860
66044
71020
89451
67508
67404
65940
71160
71460
66092
68432
65928
69060
90379
68896
68936
66060
69804
70984
70124
71560
66132
71928
71608
68016
70304
66344
74428
73884
68688
68152
66416
71052
91580
66676
70188
75566
68340
73800
66884
68108
77429
69392
72240
66904
68988
76576
73656
71380
67068
70028
88286
73200
68924
67188
71376
96363
71136
69196
67284
68944
74208
67516
71112
67496
71440
72828
69156
70896
67604
67756
80774
70092
70930
75861
67826
77126
67966
69758
75726
73498
71442
68110
76074
84722
72090
70982
68082
72074
80396
73142
70786
68294
68650
80956
71954
69754
73034
73062
80308
68630
72474
82494
70734
70606
68706
72514
79318
68834
70378
68914
75578
79415
72978
70582
68826
71834
90745
71010
70662
69034
73022
75058
70922
73898
69110
72394
95695
69950
71166
69318
71034
96502
73886
71130
95906
70074
78985
69650
71190
76286
70090
71434
69794
75706
81466
73374
75838
69902
72242
99381
76806
71670
69978
71634
74518
70534
71754
70186
74270
86288
71750
74210
70266
75418
84038
70538
72018
77987
76758
77326
70670
75454
80038
75342
74422
70742
72362
90444
76459
75487
70847
78219
103322
71015
76327
71055
74215
93338
71223
72803
71131
77223
96762
71327
78795
95242
73999
82422
71535
74659
86048
75227
74051
71611
76439
77091
79507
75803
71755
77087
93499
73339
74135
71731
73835
86838
73671
74555
71939
73327
80930
74047
73751
72015
77359
81381
76339
74079
78935
74375
78527
72483
76447
81214
72783
80230
72554
74382
79198
81218
75646
72566
76718
101886
75375
75175
72763
74779
81232
78587
75819
72839
76699
101974
76079
75279
104594
73507
84694
73243
76423
79034
77223
78375
73215
77747
92279
75555
76339
73427
80711
81271
78879
79943
73499
74839
101730
77207
77287
79819
76159
76319
73839
75395
81813
73967
75511
73927
78111
80163
74867
75951
74123
75679
88039
75699
79587
74167
75883
97044
79735
78311
74243
80695
96537
74499
77731
99084
76167
84358
74711
79335
81143
77411
79563
74763
78375
82200
76423
77107
74895
79819
105492
78415
76659
74967
80159
83491
77311
78191
75111
77839
87003
78631
76951
75319
79643
98587
75527
80479
82163
80587
78287
75587
77755
89770
77255
79771
75699
77591
105454
82671
82655
75771
83443
85350
77827
76275
75951
83759
85822
78191
78555
76123
81071
100795
76319
83323
86444
78603
78335
76395
78639
88115
79995
81535
76439
78155
87043
78907
80279
76515
79683
101819
76807
78531
76723
81091
85387
80331
82227
76799
82923
102038
80267
82007
108103
82038
84222
77266
81310
84574
80646
79258
77338
82670
109334
79722
79602
77450
84034
98144
77698
81266
77522
81274
87170
78062
79578
77666
83998
83850
78202
79418
82682
79094
92081
78070
85014
83210
79606
83382
78142
79702
110956
82522
80082
78254
83338
85582
80814
82706
78326
86158
116427
81966
82794
78538
84942
93198
78706
82394
78610
81858
115176
79446
80914
101578
81242
94374
79018
82978
88516
79386
84290
79090
85122
86422
83034
80766
79138
82338
99748
81945
83269
79181
81813
86257
79477
84313
79393
85337
85694
81113
82649
81173
82777
85757
79725
80773
91457
86141
85229
79933
83597
91073
81473
83049
80009
83017
90061
84425
82849
80117
84421
98173
84609
83077
80225
82193
97971
82069
87217
80401
80453
103722
82645
85221
102381
86857
99187
80669
85741
87577
83009
82405
80813
83101
89521
84293
82509
80921
85825
96521
81089
82697
81005
85517
104476
81461
86489
81213
83453
86897
83593
85773
81289
88817
90590
85169
88517
81445
81969
91506
81625
84513
98285
85269
85213
81837
83389
91583
83877
83706
81914
84182
87022
83998
91062
81962
86710
97738
83042
86598
82198
84526
109061
82330
86642
82246
84202
111149
88990
84542
82318
84278
90462
83962
84138
82530
85374
111311
82798
85986
91619
88182
85382
82930
88194
92115
84250
85522
82902
84562
98351
86446
85866
83114
89094
88110
83394
87270
83186
87338
92336
83658
86794
83398
88782
101977
83870
85062
104763
87082
88326
83666
90318
87850
85782
85450
83778
86554
94010
85582
86154
83886
88774
115001
86730
88778
83994
86454
93339
84406
87798
84202
85339
108563
84703
86123
87755
87023
105267
84611
87507
106003
84659
91227
84603
90555
95826
84731
87723
84811
93115
105751
89195
87663
84723
90819
92178
85015
91211
84927
87595
92084
88439
86743
91195
89155
91082
85263
87571
102544
88667
86999
85407
88335
93634
86827
91811
85515
89279
106915
88271
91855
85659
87551
101240
88383
90395
85731
90163
97035
90255
87455
111181
90627
94817
86139
93059
93714
89855
88271
86211
90023
100059
90211
90335
86327
91327
105199
89363
88259
86399
88687
94590
86807
88823
86611
88259
92730
90067
92167
86699
93335
99321
86879
88947
104955
92475
89535
87087
90711
99035
90015
91963
86999
90191
93851
90075
91423
87207
88923
92175
93283
87571
87383
91231
98076
94087
91591
87491
89523
93855
91679
93755
87567
90155
100759
87823
90911
109834
88015
92807
88095
94135
108105
92699
93187
88067
89727
110470
92811
90123
88279
92219
98541
90963
93115
88351
95463
102272
91311
93279
88563
88703
115519
88795
89735
107619
88755
95656
88831
91287
97139
93119
96479
88975
96483
106906
90971
93035
89083
94367
105651
93783
92019
89159
95027
93783
89323
94423
89299
90959
110866
89495
93327
111757
89911
93155
89703
92863
93955
90223
92999
89779
96071
101799
94007
92819
89755
92807
110966
90051
92223
89967
92611
95315
90259
94667
90039
98535
95767
93847
93991
90251
92675
95423
90543
97291
94203
95359
96951
90583
93491
117920
97343
92115
90791
90983
102034
92475
95827
90867
95119
99302
90839
94778
90962
92882
109546
92622
93618
91138
96426
109833
94302
97862
91246
92446
100044
94790
93902
91322
91510
105965
91554
93074
129002
91822
98742
91726
96850
112796
94806
97202
91802
94086
100558
92414
94962
91910
93562
120014
95462
96550
92054
93702
100341
95790
98370
92126
92618
114373
92402
94010
109678
95742
101495
92530
96194
100146
92902
95066
92442
98518
124993
92734
95766
92650
99518
101666
93098
94462
92726
94450
111853
97534
94870
115678
93094
97262
93174
97698
104215
94474
97566
93226
98358
101998
95070
97470
93358
95238
115231
95058
97730
93430
95086
111950
98454
97038
93642
96342
106640
94642
99438
93714
98506
115853
94614
95702
93942
98270
117983
94122
100862
101758
99426
96414
94138
95754
111894
96054
95870
94306
98686
103269
98034
96038
94446
101690
100766
96906
99586
94522
99029
117355
95453
101185
104209
97709
101909
94925
96477
107679
97709
97617
94997
96797
101607
99657
96921
95044
103212
116464
101036
100348
95216
98685
105650
96977
96981
95245
95561
122975
104657
97061
117802
99205
103405
95713
97265
114202
99777
104129
95765
97585
100329
101857
102929
95829
101521
114261
98773
102873
96037
100981
116825
96269
101757
96113
96669
104793
98397
98733
96224
97010
111774
96450
101834
103107
98450
102710
96526
98330
112042
97298
100786
96734
106598
102718
97430
98446
96710
100858
123191
97162
99030
96918
98810
102058
98366
99414
97062
98650
104946
98026
102858
98878
99661
104272
97329
100901
104946
101729
100989
97537
99817
106901
98477
106817
97529
103485
127278
97789
103113
97657
105005
116139
98281
103881
97733
103293
105621
104657
103961
97941
99657
104129
98201
101325
114309
104833
102313
98341
105505
107381
101993
102777
98361
100105
117618
101573
101397
98525
102829
128053
99065
106605
98601
101289
106427
103145
103645
98809
102213
120457
99085
100557
116013
100567
110887
100599
99515
105247
102819
102903
99311
102655
109830
101291
103127
99367
101131
119455
99451
101727
99495
104875
104487
104115
106815
99571
100487
110594
103647
101323
99779
100083
106829
101906
101526
107514
105126
101578
100114
103278
110053
100246
103466
100186
108418
123853
103294
105850
100226
102074
106558
104010
105034
100370
102026
118958
102630
102170
100578
101378
128307
100774
104778
107518
102445
106121
100841
106033
116351
103261
103185
101053
102605
106245
102629
103325
101125
105357
105281
101501
106129
101213
105181
120209
106049
107053
101377
108021
108897
103717
104393
101453
105525
111055
105273
106537
101661
107485
109437
103077
104237
101737
103637
127662
102701
105521
101885
104125
109715
102073
103633
125325
105747
104771
102279
106139
108155
106359
109195
102351
104159
106483
104161
104073
102317
108045
134208
105741
108345
102525
104241
111274
104029
105165
102601
106833
111900
102961
109329
123300
105912
105360
103068
104860
115948
107816
104732
103140
107932
110964
104832
107504
103252
108036
127378
104888
109868
103324
107232
112443
103884
106872
103536
105188
111100
105216
103832
103644
104724
113137
103804
107476
109568
110224
109808
104012
105564
108156
104728
105680
103988
106996
125494
109668
108472
104196
107524
113581
106971
114231
104267
108591
115115
105957
109705
105713
109717
110649
104645
106197
108665
106509
106313
104721
108269
114094
107769
110141
104763
110119
122539
110131
107647
104975
107415
113783
107819
109315
105047
109615
123276
106771
107155
135142
107247
114187
105515
107067
113185
105567
107107
105595
114063
112167
107391
107327
105635
112347
117159
108395
110619
105847
107739
134770
106703
114103
105919
113791
113195
109723
109467
117871
110475
114355
106323
110927
127281
108347
111459
106399
109367
114695
109899
115232
106527
108319
110403
109359
108403
106571
108411
128199
110851
112127
106643
109731
115241
110343
109847
106855
110075
112511
109627
112415
115123
113099
116857
107191
111495
116799
110219
111207
107267
115419
122816
110883
113271
107311
113499
123791
111927
109143
107387
112483
114728
110731
110915
107595
112003
116815
109279
109407
107683
110843
126976
108875
111519
123955
110099
113711
108071
109851
111875
108203
109743
108179
116683
121195
111923
114019
108255
108443
126077
111839
110655
108463
108943
123400
108695
118083
108539
115119
130195
108815
114563
117288
110227
111335
108943
113363
118410
108963
112539
109005
110653
128936
109557
113577
109077
113649
120770
109473
116101
109265
113665
114801
109477
114601
109337
114529
128470
115305
111641
127145
113081
121773
109673
112041
117267
109877
113441
109821
112129
118134
109949
112281
110029
113893
118005
111853
115345
109939
114475
140246
113963
112363
110147
113271
119735
111771
115031
110223
115819
115639
110775
112039
110431
114579
147897
110771
113995
134226
119083
113523
110763
114635
124641
116003
114847
110975
112775
115919
112515
112639
110947
112895
135187
114063
116631
111159
113559
135901
115791
114351
111231
115723
133421
114051
111583
111483
116951
118775
115071
116543
111519
116039
146590
111991
116407
121053
115155
114239
111927
116707
118523
113728
117064
112004
117096
121228
113420
113680
112116
120256
135046
115992
117192
112188
118200
141257
112684
117816
112400
117412
133171
112524
120796
130760
114084
114120
112736
114288
126260
113236
114892
112628
117784
134607
115196
117903
112843
117251
122613
118827
115919
112915
116158
137977
116246
115582
134559
113470
119874
113345
116729
123158
119187
117159
113399
121311
135238
114239
122563
113527
115179
120614
115187
120927
113603
119375
120455
115787
119547
113811
117415
140390
114087
115583
138987
116895
116943
114083
115907
118419
118039
116663
114291
119355
121132
117691
116567
114267
118055
150456
118063
119647
114475
116211
142874
114843
119575
114551
122459
121917
114715
118895
114759
118883
120095
115335
118419
114835
116491
119463
120151
117935
118307
118687
129629
115235
119283
120175
116775
117791
115311
118319
124774
116979
116987
115359
119187
126987
121531
116639
115531
117679
137359
117435
117251
115643
117895
125238
118567
117499
115715
117599
122819
115971
119059
140197
118755
124595
116179
119323
126127
116531
119835
116255
122507
119959
118619
121623
116291
119391
139643
118855
120811
116367
120819
122219
118371
118367
116575
118427
127603
117955
118563
116651
121731
139555
121635
118403
139824
121003
118519
117055
122759
125472
119275
118723
117031
118927
140067
120047
124515
117239
123543
139953
120139
122439
117315
119079
125363
118595
120135
117455
119243
131331
123519
123843
145177
119843
145146
117859
119939
125577
119703
120315
117935
124067
126538
118571
120935
118143
122667
121391
118275
119899
118055
124511
140814
119175
120979
118263
122831
127532
122491
123427
118335
120307
127180
118867
124963
127492
123398
128446
118730
123794
146101
126258
120394
118702
122574
142662
119802
120458
118914
123458
124286
124786
119122
119022
121842
121786
119214
124350
119194
119654
134501
121002
123630
147174
120462
127601
119462
121222
128815
122122
121266
119574
125094
127470
122710
122846
119642
126578
146098
123726
122270
119858
124934
123262
123234
124914
119930
121918
126786
120486
125238
120142
124142
128627
122398
125138
132318
120658
128238
120410
121970
129253
124550
122282
120618
122798
128760
122762
128078
120530
124506
139559
126174
131222
120738
129206
128824
122866
122550
120814
122746
129601
121894
122630
121022
126290
132261
121282
122922
137874
125790
126230
121354
125566
130365
123058
126198
121566
126610
128374
122906
125037
121697
126609
141777
122937
126625
121809
126813
150991
122041
125021
121881
123541
134496
123001
123637
122093
124713
130340
122289
123837
133230
124453
124361
122361
129273
127849
124269
128229
122473
124121
145671
124989
125905
122545
124205
129045
125685
126053
122757
128137
153043
122949
128213
155929
124489
128469
124545
129329
142032
124685
124697
123149
124783
131547
124411
128467
123143
126391
136545
131267
124959
123351
127783
134853
123735
125251
123427
127875
151271
123959
128695
135639
126347
132413
123895
129319
132485
124395
125667
123967
131519
135657
127651
130435
124179
128583
129307
124759
125843
124151
125811
139805
128715
129379
124363
126383
129991
129087
128959
124431
126095
132636
128399
129523
124647
125387
154741
124843
129243
130115
125215
130375
124915
128727
132827
125331
128219
125027
130787
154346
127695
127499
125167
127987
132711
125335
128667
125243
132391
135043
126755
128003
125583
129015
147839
125579
131011
135260
125731
133063
125787
129371
135880
130551
130623
125699
128251
204041
125991
131227
125839
128031
132163
126135
127579
126051
127967
138930
126851
129711
126123
127847
136245
128651
129575
126335
128759
140426
126591
131395
134015
128131
133231
126667
131779
133742
128303
129465
126773
131957
150619
132105
133497
126885
128345
146753
127369
130273
126989
129213
148917
127157
131557
127201
132649
133077
130401
132657
133561
127526
137956
127470
134762
136304
133654
134158
127682
130238
133806
127958
131754
127590
135566
150380
128126
130098
127802
135486
135378
129886
133982
127874
128190
147298
133986
130122
150198
129310
139750
128342
130134
134158
128722
134442
128418
135010
133318
128757
137513
128497
134061
145577
132301
133977
128573
130233
136377
131053
131793
128781
135145
141732
129253
132077
128857
130757
139877
132457
131674
139870
135086
133578
129165
130725
153393
131233
134065
129305
133717
141639
129593
130981
129517
131317
133217
132237
131181
129489
132901
133797
132369
136217
129701
134885
163325
132357
131441
129769
133641
139997
133029
131953
129981
131633
143773
130261
137110
129982
135254
160541
130178
136090
138440
132454
132142
130390
137170
139266
131926
133682
130378
135894
160863
132130
134222
130610
133798
138690
131950
132318
130582
130898
134898
131118
133110
134866
136602
136126
131046
135434
140212
134274
132886
131126
133234
137902
133266
132798
131234
138558
154555
131914
138234
131310
132970
135498
134970
136954
131518
136182
137686
131750
133814
131594
131750
134154
132070
135886
132066
136034
146383
132006
137230
145982
133122
133910
132078
138330
153011
133958
138406
132190
134042
139595
132358
133938
132266
137074
137790
132678
137778
132474
134126
145898
134814
134222
161703
135814
144817
132742
135870
147607
136977
137417
132985
137889
137317
134021
137417
132885
134609
155722
136533
135953
133097
137705
145352
136021
135145
133169
137825
140897
139117
138981
136685
140069
151748
133637
135993
140817
138345
136709
133709
136417
138189
135377
135381
133817
136017
169777
137121
137657
133893
137405
155737
137037
135261
134101
140865
145826
137085
138341
134177
135805
137825
136145
134521
134421
136125
161065
139549
136373
155977
136961
136249
134657
136133
141649
134945
136569
134865
139949
139997
139025
138521
134841
136497
156459
135005
137481
134981
138433
155006
135037
138929
135193
137536
144544
138172
137316
135484
139172
142232
135520
140484
160660
139420
139852
135592
137152
145787
138996
137468
135800
137504
159492
136260
141640
135712
141548
140300
136248
140464
135924
140832
146177
138988
137732
135996
140532
143173
136256
140468
143815
141976
141816
136464
141028
146789
141428
139640
136484
139148
146388
138684
139840
136580
143432
167742
136808
138900
136788
138888
145180
137808
142324
136860
139748
143308
137012
138616
137072
139052
150533
138452
142288
137144
138804
143164
137340
139148
142496
139012
142328
137556
141436
145731
139760
137604
137628
138528
163827
141468
140212
137740
138052
149695
142336
142776
137812
140596
148337
138088
143000
148322
139144
139920
138216
140216
146084
139816
141632
138128
140320
175532
144332
140468
138312
145760
157409
139436
140124
138456
138692
179512
143180
140272
162833
143896
141308
138924
141164
151345
140664
142336
138976
144228
142836
139636
141080
139108
144232
161314
139340
143400
139180
141828
144536
141664
144428
139392
146956
152292
140512
143028
139464
144236
146212
139936
141220
139676
141528
156664
139952
141420
162124
139936
142524
139944
147136
147977
143624
142888
140156
141964
161014
143224
141800
140128
143196
146068
141264
145476
140340
145300
145828
144936
142004
140408
142072
153382
140608
143556
148962
143380
142280
140816
144620
145664
146788
145072
140892
142452
146172
147244
143252
140868
146064
169528
141164
143076
141080
144244
149467
141372
148360
141152
148148
164238
142560
146524
162865
143320
148568
141620
144660
148965
146472
142944
141700
144916
154654
146520
145696
141804
145080
169748
143704
143852
141880
147160
150185
143420
147604
142088
146552
173885
142847
145039
159099
146639
151891
142335
145039
150940
144391
145515
142523
144963
148775
145903
144299
142519
147287
152611
145095
145839
142727
144379
149339
146179
146103
142803
144619
159987
142967
147647
177908
143635
147499
143207
145667
158858
146139
148159
143347
147291
164255
144747
145235
143259
147475
154871
147343
146443
143467
154239
170468
143727
145283
173001
146319
147363
143803
145451
158804
144263
150011
144015
146555
152051
144371
148627
143987
148075
151043
144219
145763
144199
148323
167231
149203
151875
144271
147179
148707
146555
147075
144483
149047
154470
144715
146755
144555
149887
147887
145887
148423
155235
146359
155439
144895
149183
158902
149511
150115
145003
148003
166732
150115
145863
145115
147799
155952
148735
146831
145287
146751
152467
148139
151487
145431
146251
152307
145635
149427
148979
145755
154979
145699
147807
158177
145827
149439
145907
151591
151055
155415
148183
145819
149575
172358
148470
151433
146013
147833
154816
146309
148853
146089
148117
172816
147777
153877
167505
146845
153113
146557
149077
151641
148601
153593
146609
148189
151153
151393
151393
146741
149341
167237
149905
150817
146813
150345
153809
147373
151121
147025
148877
153828
151906
149534
146950
153246
166825
153002
151442
156168
149706
151274
147358
150238
156118
149138
153578
147330
152426
152902
152374
151138
147642
150002
175309
149138
151622
147614
153410
164845
152058
154146
147758
153950
173692
150118
152386
167822
150390
155521
148162
151370
155146
150390
150198
148234
150166
157365
150094
151582
148214
151630
168276
154778
154638
148522
148606
170418
151304
155020
148488
151920
151396
150796
153500
148696
149968
174638
149040
151620
156960
151164
155256
149028
150832
153312
149552
151736
149140
153548
158580
149376
151696
149212
151924
161859
149448
152784
149424
153832
156620
149860
158924
149496
150496
183884
149788
156020
165968
150884
153804
149920
155640
157951
151292
152152
149988
151552
154556
151932
151996
150100
153564
179959
156140
151868
150172
152584
159603
154116
155064
150384
158528
171137
153084
154584
177291
154564
166193
150656
158468
160951
152232
155076
150860
153204
165571
155988
158224
150936
155732
154204
153100
152612
150980
156512
176238
153352
157648
151056
154656
159644
151960
156828
151264
153472
181017
154416
155612
158340
153496
159004
151600
154428
161024
153268
153276
151808
153592
158460
153352
156684
151780
156216
171390
154740
160752
151992
157380
167910
152228
155028
152064
157140
159336
152340
159196
164036
153932
160541
153780
154000
160292
157752
157948
152544
160156
187317
152616
159276
152656
158604
165901
152824
158396
152728
153352
182571
153008
154728
174132
153336
167967
153136
157200
166541
154696
157492
153208
154772
158536
156412
158852
153252
156420
172070
156804
158356
153328
156084
159576
158336
156596
153536
155256
161171
153804
158164
153612
155340
158644
153908
155780
153820
157076
172229
154084
160488
177276
154216
157816
154152
159148
163812
155896
155832
154364
156808
184877
154720
157740
154336
156608
170128
156080
161128
154548
159616
159584
157396
159968
154620
159516
159800
154820
159512
170164
157760
162768
155028
156580
158400
157368
162168
155000
162556
168108
155620
158208
155212
156864
159864
156668
157528
155284
156916
164546
155484
158836
181776
161100
158203
155747
158071
167496
161083
160007
155703
158875
173428
160283
160247
155867
163199
161943
157595
160315
155943
160903
169154
156207
158711
156151
161683
172799
157179
161999
156243
160391
164058
156487
159655
183239
159987
161187
156699
162743
165514
158239
156959
156899
157387
165470
157951
162559
156979
161007
165251
157083
162919
156951
163427
188805
158775
162399
157163
160567
167119
159511
160379
157235
157427
166368
161223
160627
157463
159995
161547
157963
162287
176831
161423
179675
157719
159279
167006
164279
160563
157907
165055
175855
158383
163023
157899
162375
166861
161843
164213
156633
158209
170098
159413
159449
183753
160473
162177
156825
159313
167372
160517
158805
156797
160773
182166
157445
158861
157009
159893
167686
163581
158821
157081
162341
176633
157589
158905
188242
163605
177282
157557
161537
169036
158913
164673
157625
159377
160777
158749
162253
157837
164781
182137
161861
162957
157809
162945
165262
160125
166201
157953
162925
188963
161605
160637
172907
160005
159805
158289
162265
163949
163149
161333
158397
161061
163145
164289
164597
158881
160329
167644
164825
164853
159053
161605
196779
159145
160805
178687
166897
170043
159325
161753
170321
162377
164409
159461
163201
173716
159601
161829
159509
165421
170880
159981
162253
159653
160285
168928
163585
164157
159737
160245
184576
159989
161549
183877
166153
165453
160197
168941
164669
163681
165293
160169
163965
166993
165737
161949
160481
162001
181112
161101
164857
160453
162337
175349
161437
163341
160665
166209
167961
164169
165045
160737
162909
181249
164565
162697
195367
162797
176590
161145
162697
170531
163425
167185
161117
167213
184924
162057
167225
161325
165353
172858
165529
166129
161401
167237
186136
161661
163217
170503
163313
166601
161737
167933
168899
163591
165269
161933
166821
176407
165929
163605
161909
166025
191641
165357
168337
162117
163773
189186
163101
163869
162193
169409
186399
165997
164044
205506
162724
164124
162528
164092
174058
165332
167116
162572
173048
177888
166872
164348
162780
166424
168187
168050
164914
162790
166494
171718
165990
168858
162930
165118
170701
167862
165478
167294
164686
165230
163334
168682
183516
165138
167854
163290
169006
179758
167254
168018
163454
165058
167566
166026
167682
169358
165078
172570
163790
168242
187657
163922
166994
163998
165554
184396
167266
165906
164070
170106
195403
169378
168738
164282
172390
187069
164418
173382
164254
170750
170330
165994
167886
164398
166062
171970
165622
167602
164606
167934
189360
166474
168130
185848
168418
168658
164882
167606
171106
169038
169082
165086
167730
186254
166630
168066
165062
168654
183974
169878
168206
165270
166926
176361
165442
168534
165346
167006
197376
170293
169893
169849
172405
170205
165701
167265
173607
169281
170505
165788
171636
171324
167700
166044
165920
167468
190724
166356
170072
166028
168024
178128
168620
167844
192460
170176
170584
166360
170496
172860
167084
168368
166572
170760
175984
168360
173152
166544
170180
214132
167068
175876
166756
169860
177376
166992
173136
166828
167388
171116
167112
169892
167048
170528
173776
167240
175980
176318
168364
176376
167376
168932
178218
169580
169048
167352
169212
193508
167572
172800
167492
171648
175694
168752
171684
167704
172608
189630
169608
169452
192284
168272
173142
167976
172428
188943
168104
172916
168180
177388
174196
168322
169678
168046
175198
189883
169750
172530
168238
170914
174090
168538
174994
168450
170150
199159
169514
174914
195262
170250
174550
168782
171774
184905
173426
172226
168890
170694
191655
169554
172690
168966
170630
177244
172834
176474
169174
177802
176434
172346
175142
184281
172654
175386
169450
171854
189810
172086
185781
169658
176082
179234
172130
171466
169698
174422
194168
169866
171446
169770
170394
181211
172254
172038
169982
173550
175242
174002
171754
180514
170310
175258
170254
172014
181474
174054
172126
170458
172014
179054
170594
172718
170370
172298
195560
170666
172190
170578
172298
179806
173010
174566
170654
176634
176282
173002
176186
170862
172822
192453
171126
175870
194190
176550
172790
171194
176190
177380
172226
174342
171338
179234
178706
173181
173941
171505
175333
175913
172749
178469
171581
176857
176633
174609
176869
174997
173365
176725
171989
178253
180589
174137
177245
172061
173621
183745
174437
176745
172269
175737
195232
175865
177369
172245
174053
193697
179885
174321
172385
175373
183647
174157
172737
172633
177705
176261
177497
177393
172849
172785
178317
172785
178741
184341
177429
175169
173073
178881
180201
178081
178997
172985
175201
182481
175613
175613
173193
174625
190841
173825
178161
182125
175561
176489
173525
176017
180001
175269
178453
173633
182805
189161
176265
177257
173709
177605
183001
176425
179281
174033
176797
184903
174053
178901
180889
176909
177553
174257
176053
184997
178761
175909
174333
181065
188053
178913
178737
174441
178349
197003
178029
176481
174517
176177
179941
181577
178665
174657
176321
176689
175117
179253
174829
182593
184716
175065
178929
185796
181657
183051
175141
177969
186934
177469
177053
175345
176901
184709
180405
178885
175325
184097
179193
178353
177137
175397
179337
196957
177493
181553
184867
183801
177901
175865
182573
184479
177657
185469
175941
177505
179177
177853
180765
176049
179093
202728
180249
178001
176165
179053
190285
178617
177853
176337
181425
189101
176573
178617
176569
176605
186054
176613
180101
195906
178649
178525
176817
180705
205976
180941
178877
176793
178449
187726
177669
182441
177001
182249
191292
180765
179121
178625
178689
184543
177341
182021
185152
177497
180637
177413
179505
185281
177785
182981
177621
179177
190785
181649
180361
177533
181553
206054
177749
180621
177741
179461
186113
180813
179557
177817
179605
182209
179925
182349
198284
180433
185762
178285
185173
191460
178669
181861
178256
180228
223818
182384
180304
178468
180364
188259
181536
182368
178540
183216
202836
182888
185192
204874
182140
187468
178948
183752
182556
186264
180856
179020
183956
206244
179100
185200
179140
183984
186888
181540
180936
179212
184208
196539
182056
180972
181004
187288
185700
179620
184764
190016
182588
184736
179528
181456
203906
181360
181608
179736
185008
194651
179948
181410
179750
188790
185442
184754
180078
201729
181674
181606
180218
187046
186225
184186
185594
180190
181854
209798
180426
184102
180402
182010
210226
182542
182738
180542
184190
189568
180778
184666
180618
182682
185610
182565
186265
180825
182289
199965
181025
187009
190012
181297
184733
181109
182909
188653
183589
185753
181217
184785
197641
181997
184917
181293
182921
206433
181545
188301
181501
184749
199416
183285
185045
181577
183861
213189
181773
184221
191975
186457
183689
181981
187849
195088
182117
186097
182053
186269
186197
190945
187341
182101
183821
193349
188435
185043
182175
186715
204992
185307
186687
182387
186347
190419
186911
186791
182522
185390
192828
186114
186006
188894
195842
189854
182862
186610
187598
188278
187842
183010
185170
207441
188706
188930
183110
184762
187470
185226
188270
183250
185034
208598
183530
187954
206096
184986
186502
183518
185330
189758
189662
191770
183558
187134
190190
185618
184538
183850
184090
200490
183942
185970
183846
189114
235596
185462
186950
184054
187906
201290
185978
189118
184130
186498
191126
184926
185886
184338
184458
193810
184470
191402
228505
187054
187370
184674
186230
196490
185034
192738
184586
187842
194538
185110
189454
184794
187478
213657
185434
186614
184938
187846
200772
187750
187218
185010
189410
189994
187502
190866
192474
188786
191046
185418
187442
198201
186214
189578
185622
188930
191858
187670
191346
185598
190410
201962
190282
188602
185806
188230
193618
186270
191374
185882
190534
192606
190366
187966
186246
192158
192749
186290
193674
194209
189030
188042
186358
189210
189694
190862
188278
186470
189014
206544
186962
189926
186542
192538
200689
186714
191794
186754
188410
212995
190442
188422
198435
191263
192848
186747
191439
213719
192327
189387
186951
191799
194330
191967
189711
186863
188651
219439
190451
194015
187003
190319
196870
192451
187595
187251
189751
192435
190347
192459
216866
189227
194915
187615
192883
210484
187751
193199
187691
189575
194791
189239
191063
187867
189443
209952
190155
192751
187863
189523
212739
191567
190667
188067
189727
196223
188701
191421
188213
191645
195985
190077
190157
194161
191509
193797
188621
193005
213207
191057
193833
188693
191301
198397
189989
193537
188801
194629
212306
190237
193017
188745
193632
193289
193045
191029
188493
190129
212824
189633
190240
211822
189084
190356
188760
191232
210124
189584
190676
188968
192376
205307
190832
190880
188924
191156
201676
190168
197852
189088
190752
197080
193840
193112
189164
194240
199001
192656
195636
189372
196824
194932
191400
193624
200040
194012
199221
189744
195684
199030
194092
191456
189812
191780
203604
193892
192276
190020
192320
215773
193172
197540
189992
195568
207194
191656
191752
190204
192344
198308
192588
191952
190276
195208
232105
191972
194816
215004
190536
194332
190676
196104
199176
191756
194836
190752
194028
217832
193712
195436
190860
198944
211743
191232
193680
190936
191192
193584
194536
195484
208516
194196
193548
191340
198208
200985
193580
198512
191384
192968
224149
191440
193064
191432
194884
217677
194244
193404
191400
192812
198336
198968
192948
191088
194940
197249
196100
195372
191160
196900
196236
192128
195476
191628
191804
212324
194960
196376
196912
195928
196548
191772
193536
198330
191956
193444
191748
196120
213020
196872
194832
191956
198084
201932
192192
193996
192032
194620
214417
194960
197564
204320
194468
200949
192424
201388
199156
194196
194112
192492
196708
198180
192564
196676
192604
201292
225493
193284
194572
192676
198072
219823
197240
196228
192888
194404
206753
193016
195744
200851
195712
201044
193224
195728
203429
197620
194892
193296
198196
200879
199456
197980
193320
199332
215885
198296
198464
193392
195808
202478
194120
195456
193604
195324
241558
193836
198908
217955
198416
197420
194008
199192
202000
199312
195132
194220
194548
231688
195012
196316
194260
195644
200296
196300
201284
194404
195424
201395
197388
202764
194476
197552
222978
197612
196296
196944
197940
217784
194816
196984
199520
199116
200080
194936
202692
204412
197676
201044
195064
201972
215817
197588
201508
195140
200692
198852
195644
201063
195275
197263
211116
200908
200116
227504
195984
214630
195688
197244
204087
196872
200328
195680
197248
224070
196428
200428
195808
201340
202895
201520
197824
195884
201504
202480
198676
200676
196092
198060
216275
196744
197996
200188
196484
203936
196432
203220
205375
201152
199072
196636
201324
199888
202704
198756
196612
203284
204225
197084
203280
196820
203508
202840
196976
202564
202424
198816
200960
197240
198692
226916
199848
198896
197300
204748
205684
200228
201016
197372
200508
207199
199220
199052
197584
203972
204028
202196
199560
197556
203972
203486
203780
200604
197768
199512
219303
203800
202748
197840
199740
206260
202544
201064
198088
200164
227679
203032
206252
220225
201992
205670
198324
200452
204816
199064
202724
198528
200084
204204
199892
200200
198440
201076
221868
199000
205312
198648
200812
204644
200236
203216
198724
201316
217144
201856
201632
204192
199356
204408
199196
201036
205520
200016
204572
199268
207160
206512
201192
201192
199376
202260
225829
202624
201696
199452
209768
207520
202416
204460
199660
202744
221520
205308
206524
221344
203156
202232
199928
202480
208830
205792
202636
200140
205388
214948
202640
205856
200112
201776
213247
200632
203804
200324
206952
212002
200492
202072
200396
203608
205256
205120
205748
200608
204236
208502
201372
208028
208842
209136
206420
200876
202928
209843
204276
205420
201084
202560
222661
202888
205728
200996
203652
210361
201336
203824
201204
203132
217203
201504
207192
207660
206100
207472
202968
204640
221025
203784
207448
201692
206196
242717
202124
203600
201724
206204
207848
206608
207852
201932
202956
221990
205400
209534
208428
204326
206662
202202
203962
211042
203802
204118
202410
207010
216192
202393
208481
202353
203902
208186
204126
204362
202574
204229
206917
203813
207713
202645
206241
226516
204609
209657
202857
205021
205273
207357
207537
203181
203149
221145
203125
206917
211498
209309
206025
203245
208717
206541
206157
205001
203241
209101
240237
209641
207789
203389
211169
225697
207761
207105
203601
206749
219807
206213
210785
203673
209913
212845
208205
206765
203897
206634
214901
204210
205998
209578
209830
208322
204278
207954
218726
209266
209866
204390
206242
207250
211686
206326
204530
206426
207310
205234
206282
204606
206266
243569
207354
206362
225208
206390
207126
205010
210318
220241
206838
210790
204982
206590
240342
210014
207062
204810
205230
236677
206570
208722
204982
205290
209494
206242
208506
205058
205562
213603
206354
209566
205266
209338
231545
205466
208682
211218
208710
209818
205530
211670
212330
207582
209082
205582
212194
221122
211754
210306
205658
212834
216942
207082
209970
205866
209114
215570
209958
208610
209394
207626
222592
206202
207970
232247
209686
212386
206346
208894
213967
206766
209486
206382
208106
233119
211198
210274
206526
208195
208731
214175
208231
206755
208619
214537
206939
212703
215957
208831
210471
207075
208631
214643
211219
209275
207051
209959
260394
211019
208750
207182
211546
216250
207845
210825
207277
209865
223030
207449
210089
209597
212813
222022
211013
210321
233306
207749
209293
207825
209297
219333
211089
214025
207897
209829
224034
213653
213909
208041
210169
236316
212053
214849
208085
213837
236044
208625
211529
208161
208477
212509
208457
213053
208369
208557
213449
208637
215561
214817
213857
211829
208705
210269
220568
211513
214877
208817
212665
226097
212121
213793
208957
212841
215265
212665
213941
209033
215437
211977
212597
211577
209321
212153
210993
209353
211029
246548
219234
212277
209493
214949
215173
211857
211861
209705
213593
215913
210945
213621
209697
212389
233802
213621
212585
209909
212173
214385
214453
212045
209981
213013
235070
210181
211741
231285
212297
212485
210389
216353
216617
211929
214885
210461
212085
215765
212273
214229
210605
216717
230977
217913
218613
210581
217921
221907
212657
212785
210829
210973
216853
214941
213433
210865
215037
215149
211129
213717
217693
211545
216913
211333
216581
215489
211469
217777
211409
215025
240205
218333
216497
211517
216201
218885
214765
217621
211593
212253
231602
211825
213349
234201
215049
213465
211997
213801
221967
219041
217373
211969
213921
229050
212163
214579
212203
216971
227861
214847
215279
212275
213939
223112
214579
216287
212487
214143
246750
215715
217607
242767
215227
220523
212755
215607
219397
216543
216583
212803
215507
231435
217891
218283
212875
215811
220167
216127
215427
213087
216395
217763
214731
214899
213159
215595
233831
213931
218495
240861
217663
220471
213631
217599
220279
214555
217551
213607
221043
251334
214775
220515
213747
219043
219711
216375
215507
213959
215983
217611
215475
216295
216223
217987
222735
214231
219583
223079
215819
216631
214435
216239
225350
220631
214571
214447
215335
235137
215695
217235
214619
222771
217339
218163
219663
214695
219583
220539
216679
217579
214903
215263
236643
215183
219707
232869
217167
219679
215175
220687
223795
218859
220079
215219
219451
242803
217531
220227
215295
219631
223297
219023
217203
215503
220155
217619
221055
217319
215579
218827
237547
215839
220411
224852
219503
219463
216047
218231
225806
216179
221827
216019
218251
227616
216255
219711
216231
221199
221499
221715
218927
216303
220739
236563
216571
220475
221587
216879
218863
216639
221375
224777
216711
219327
216831
221559
232077
217075
218519
216923
219795
237811
219427
221075
217035
218687
225135
221931
218723
217175
221703
224792
219035
219035
217251
223127
254562
222975
223239
242166
219315
225115
217655
223563
229565
219407
220675
217731
221443
222307
223791
223659
217775
220843
238862
218075
223183
217851
223087
222035
219555
222723
218059
219955
246036
219771
223671
239374
218455
227801
218399
223491
228886
221263
223543
218607
223315
225247
221731
224547
218579
221351
235087
221014
220478
216698
219318
227864
220302
218374
216290
220054
225898
217694
218050
221130
218490
233570
215958
223922
221226
217698
222438
216030
217594
227279
219974
220334
216138
222886
236261
220362
220382
216214
221426
223978
216386
217970
216422
218466
233569
219446
221386
239803
217462
225638
216698
219062
225294
220718
219638
216902
218458
240078
220990
219662
216814
220350
222746
218638
226806
217022
219550
228570
217322
219078
245534
219062
229967
217358
220670
225541
220122
219389
217633
221841
234246
220257
220329
217705
220941
244641
220413
221637
217817
219473
223293
218797
219805
217889
222385
222141
219193
226901
231629
226349
224685
218297
221337
238298
223749
222813
218269
220173
252308
219669
222097
218477
223165
224301
221661
220149
225585
221465
244384
218753
221797
222673
224129
221133
218889
220453
236911
221989
220129
219101
220345
227353
222185
222017
219009
224389
240047
219549
223961
219221
219489
223561
219497
223737
218705
224257
225453
222037
224521
218849
221757
239687
219813
220669
244363
225053
220361
218893
220957
225483
219913
220649
218965
223921
240811
219189
223413
219077
223285
238975
223333
222373
219053
222821
227193
221601
223697
219129
219321
244677
219325
225197
237971
219961
221001
219533
224881
232011
224237
224829
219585
221409
245107
223289
223617
219717
224165
228480
222725
222933
219789
224985
226289
222273
222357
220001
225629
243688
223933
222077
237575
223617
224012
218164
221188
228552
222465
221429
214885
217365
235701
217597
218749
214297
216025
219641
218189
216209
214509
216225
223907
216213
219893
214581
218081
222269
216906
217569
253334
214253
213265
209805
211249
216523
212741
210637
209041
213077
212729
213861
213485
209249
211153
213189
214025
210581
208885
214281
232721
213445
213105
209129
215101
218785
212105
210829
209189
214257
246647
209369
213861
218373
208957
210805
209097
213905
229590
212141
215297
209169
211509
214997
211233
213757
209281
213809
232152
213669
213401
208993
210897
217989
210937
212405
209205
210097
214389
210993
210797
209121
209377
231811
209293
210881
230946
210741
219776
209533
212649
216984
209173
213093
209169
210733
237921
211093
212393
209209
211493
214385
210348
210696
208956
214528
230820
209072
212020
217320
212784
213444
208748
212836
217220
209972
210664
208728
214024
230798
211988
212876
208936
210592
218461
211264
211276
209012
211808
215700
208812
214968
228480
212276
220472
208988
212228
216804
213044
213816
208972
210556
218512
208848
212264
208888
212876
240503
210152
211804
208960
210932
216463
215330
214338
209278
213986
212202
210498
211266
214234
213666
216090
209550
211658
216373
212978
211234
209762
217114
215766
214242
215474
209778
213390
242814
213690
211522
209890
210070
215158
213418
215954
209962
215194
217574
214054
211784
210172
214624
218239
213884
211984
228795
213116
216188
210508
215940
226908
212144
215568
210712
218060
223920
213680
213432
210688
212352
229908
211608
212468
210896
214324
216692
211372
212648
210972
211592
222617
210766
213614
234176
213086
214550
210974
216362
221324
214238
216874
210946
213225
228499
212525
212041
208777
215869
216351
212397
213225
208385
210365
214769
208581
215485
219528
212325
212917
208674
211365
215983
208585
213917
208577
212969
240159
212089
213781
208653
215178
227574
212646
209786
208046
214078
215165
212154
214290
207378
209654
210238
210346
213270
207878
210858
216852
207854
209654
218649
212306
215910
207922
212758
211894
212446
212150
208034
210478
232903
210586
210650
208106
212642
213218
208470
214278
210310
211986
220410
209818
212402
217481
211493
210444
207640
210764
212960
207624
209232
207664
209556
213032
207832
209432
207736
211184
220514
208080
211716
207888
209848
212668
212988
214096
208096
210368
230508
208376
211720
229768
208424
217792
208368
210416
214924
210846
211518
208082
209878
235154
208922
211962
208058
212690
238011
211960
210092
207424
211284
217220
212980
213436
207564
212896
238085
207828
212380
214564
208988
209500
208032
209896
211948
208536
209704
208008
213524
217128
210076
209984
208216
212224
213244
208452
209968
208292
210104
218224
211320
210048
208680
211244
216596
208700
217464
216497
212120
211796
208772
215904
213504
209080
210448
208880
215624
237527
208051
211420
207872
212604
215616
209408
213360
208080
212028
213712
212564
213704
223629
212148
212908
208352
212444
220541
211732
214036
208396
210036
230452
212012
212960
208468
210176
233201
213376
210800
208680
210988
214907
213036
212024
208788
212244
228812
212644
212124
242565
210496
225712
209224
211016
216316
211788
213380
209296
213212
216146
210820
213120
209484
213212
231696
210108
212144
209480
211872
234627
209804
216048
209620
215336
216885
215468
216932
209832
211116
220620
211116
214932
210064
213388
231235
210104
216076
223493
211764
211780
210312
212352
215288
211748
212528
210284
214380
229716
212852
213052
210496
217720
230210
210664
217016
210648
213700
233456
212696
212192
241043
212044
213992
210836
214584
216876
213724
218800
210632
217028
214000
212609
211005
209129
211089
229437
210817
215017
209205
214225
220087
210829
213797
209413
212453
215844
210677
210517
235540
213716
214560
208172
214768
216593
210084
210900
208316
214492
255124
211580
210256
208424
210128
224844
213700
214868
208500
213288
221273
214292
215840
208620
210276
230222
211696
208964
208732
210016
214828
208976
210692
229158
211272
216572
209104
213068
217458
209172
212700
209176
210960
214839
213176
212140
209284
216672
227361
210176
213928
209428
211080
221954
211104
212024
209500
212688
215708
211284
211500
209712
210576
218665
209908
212828
220816
210268
214380
209988
211788
222487
215268
215672
210028
215381
239975
212281
216017
210145
213201
217251
213573
217917
210353
212281
212445
210653
214841
210429
215669
216774
210689
212697
233201
213933
218769
210901
212453
215953
211381
216597
210869
212821
235171
216317
214461
211077
213725
226334
212245
214901
211153
214589
225279
211353
215145
233493
217253
213137
211561
214241
216393
215333
213481
211645
219821
220305
215249
217233
211757
215161
218591
214505
216905
211397
216693
219610
214361
218029
211609
215653
215857
217545
215217
224381
211741
219673
211685
217237
221505
214465
216585
211821
216597
217869
215281
215161
211881
215005
237497
214409
216125
211953
214105
223675
213181
215085
215389
213617
221281
212425
218069
216293
215249
215001
212497
219473
223447
214081
214741
212605
216333
237304
218781
214344
212448
218931
219029
218443
216003
234622
217171
218447
212763
214235
220435
216075
214771
212727
214287
217639
214003
214491
212879
217699
238385
214491
214543
212847
216415
223777
215403
217331
212771
217687
220114
212571
214739
224815
214509
221125
212771
218883
218595
212903
214535
212979
216907
231423
213839
214627
212887
215083
218019
218519
216703
213099
214739
230076
217227
215959
232667
215139
217719
213435
215663
221639
216171
215107
213639
216301
221835
218702
219410
213622
217178
227026
216262
215398
213830
221458
230016
219286
217638
213941
219429
225850
218253
217653
214113
214165
219161
214549
219697
219809
214581
222909
214389
215945
223084
215081
217229
214593
219761
224620
216717
219353
214569
216837
238896
215685
222217
214777
216673
238386
217561
222761
214853
216757
221117
218453
218401
221109
218693
222444
215261
217053
225196
215937
220693
215329
217141
220989
215709
222505
215539
217703
234081
219323
220499
215447
217175
221923
219719
219423
215659
217299
258772
216867
219235
231011
217087
221891
215391
219839
223110
218719
219047
215363
218899
248620
215599
217911
215575
219903
236175
217503
217343
215647
223223
222287
219795
217407
215859
217515
223247
222607
220619
219543
217029
221693
215457
219789
228189
223897
217181
215473
219097
218857
216897
218229
215469
217604
243916
220556
216380
214704
217180
221560
220436
216544
214812
216480
221936
214868
217024
215116
215344
235801
215184
219028
237239
217688
219840
215256
217808
221220
217180
217920
215300
220212
232168
218252
220184
215376
220132
230032
217844
221988
215584
216256
229108
217476
221392
238571
216004
217432
215916
219548
226572
216948
218392
215796
217352
226911
219964
223436
215768
220144
222733
216752
220040
215980
217632
224158
216212
217968
216052
219708
221352
220640
221104
222900
218212
224129
216464
221264
223208
219220
223260
216532
220248
223620
217192
221680
216644
220288
222676
217052
217764
215032
214245
219173
216145
213853
212157
217489
220133
212733
215721
212370
215014
230901
212850
215670
212446
215214
237198
218686
214530
212594
218082
218914
215758
216254
212666
214414
222140
216806
214664
219140
214708
222867
213076
214868
219356
216844
218652
213144
218660
217832
216888
216212
213356
218004
234130
214896
215172
213264
218524
223448
216048
217556
213556
218308
226520
222044
219052
213016
217996
221592
213524
215008
213196
213380
220806
215960
218436
213264
215936
234788
213570
221526
213650
213666
216898
215446
215234
237013
215678
221781
213886
215438
219798
214506
218678
213954
219510
220086
221102
218642
214110
217230
231215
217394
215834
214138
217994
222692
214374
218270
214350
216154
228675
219118
217746
214422
214614
233655
219334
218494
221438
216038
216538
214830
216382
225813
220072
222572
214224
215888
239159
214480
221012
214032
215972
240808
213836
218620
213552
219228
221737
215616
219820
213300
218368
220327
213392
218576
223511
216872
217508
213464
216436
230822
213600
216688
213508
218920
222605
214456
215544
213584
216440
219430
214932
217072
213792
219304
222529
214056
219540
225052
216692
221096
214096
217956
222946
218436
218752
213444
215716
231262
217756
215204
240446
223520
220848
213848
220776
220224
215592
220812
213924
219363
234784
215055
215043
213495
215147
220560
217591
219319
213571
221587
219111
220711
216823
213763
219559
221897
212957
218809
218009
213089
214917
213161
214717
220294
215429
218661
213073
215725
233837
217545
216341
213281
217137
222515
216733
217349
213357
216649
227103
215389
215965
213565
214177
239670
214105
221293
240410
216013
221812
213905
215429
238689
217905
216545
214041
215044
217824
215800
215020
212544
218808
236568
214988
214452
212516
215364
233020
216424
217744
212728
215988
216996
214088
221128
212800
214792
242133
216828
217752
219464
216348
229402
212820
218844
221159
215180
216236
212892
214456
241146
215012
219220
213000
218128
234917
213924
215300
213076
216772
218576
213484
214832
213284
216268
228500
216868
217708
213360
218192
220908
213528
215384
213568
215224
235623
213628
218952
213644
219040
221136
213896
219012
213852
218820
241726
214052
220256
236528
217208
218168
214072
219510
219429
219597
221377
215665
216921
222160
214369
218057
214441
217125
218957
215285
216621
