mem
19771
24539
29328
26143
22310
30378
17949
21097
18001
18053
48474
18104
29821
18144
18196
37172
18260
22100
18312
18360
39688
18414
34706
18458
18506
25906
18556
25409
18604
18652
33863
18700
33877
18744
18900
25908
18846
34874
18910
19066
25962
19006
25330
19091
19247
19147
19187
35559
19238
19394
23286
19335
21611
19386
19538
19430
19482
26146
19530
19682
19570
19626
21178
19670
19822
19710
19766
32034
19810
19966
19854
19906
28464
20030
20126
19998
20050
38338
20098
20294
20142
20194
22106
20241
23225
20285
20345
29554
20407
20851
20451
20511
25985
20514
31970
20558
20610
29232
20662
26786
20714
20874
31334
20810
27433
20858
21014
42332
20954
29406
20950
20993
25753
21042
33270
21086
21138
44554
21186
25658
21238
21286
34178
21334
26814
21382
21538
28562
21478
35520
21526
21682
21578
21618
37286
21666
21826
21738
21762
39506
21810
21970
21854
21902
26398
21946
22108
21992
22044
26769
22092
24356
22136
22268
44743
22232
23312
22276
22326
26038
22383
24243
22427
22587
29580
22523
28870
22513
22557
27552
22609
24165
22653
22701
28953
22749
30338
22793
22845
27885
22893
30331
22941
22985
37901
23033
31065
23081
23129
26673
23177
28409
23225
23273
28169
23325
27369
23369
23509
39747
23469
37725
23517
23677
32109
23609
32857
23657
23813
23701
23753
30837
23801
23961
23841
23893
34683
23941
24781
23985
24037
41253
24085
24457
24125
24177
28675
24225
25789
24269
24321
46469
24369
32873
24413
24577
41589
24509
32271
24557
24721
39578
24653
45219
24699
24863
24743
24795
54872
24843
25007
24887
24939
36555
24983
25147
25027
25087
35359
25140
26892
25184
25236
32848
25280
27620
25324
25376
29152
25424
29108
25468
25520
34420
25564
30288
25608
25776
34572
25708
39920
25756
25920
25800
25848
32116
25892
26060
25968
25992
29444
26040
26204
26212
26260
31836
26308
26464
26352
26404
33328
26452
30404
26496
26544
40052
26592
27516
26636
26688
31780
26737
37596
26781
26829
40969
26877
36695
26925
26973
52044
27021
32781
27065
27229
41885
27161
42452
27209
27373
27433
27305
38233
27353
27513
32417
27445
45163
27501
27665
49403
27597
41805
27645
27805
37029
27737
43653
27785
27949
27837
27881
45540
27923
28083
36223
28015
39919
28063
28227
28107
28159
29011
28207
28367
28247
28299
34976
28347
28511
28391
28443
35279
28491
30243
28531
28583
33571
28627
29147
28675
28727
45515
28775
29331
28815
28867
39391
28915
30583
28959
29011
32759
29059
33919
29099
29151
34835
29199
30667
29243
29295
39419
29352
31044
29392
29444
37964
29492
36676
29536
29588
44980
29636
38765
29680
29728
53933
29776
42481
29824
29872
42372
29920
35604
29960
30012
35573
30060
34081
30104
30156
51937
30200
37497
30244
30296
47924
30344
34948
30388
30440
47764
30488
34124
30532
30696
46344
30628
38204
30672
30724
55208
30772
35064
30812
30980
57187
30912
37652
30960
31124
40496
31056
54104
31100
31264
38904
31196
37880
31244
31408
33436
31340
40648
31384
31548
31428
31480
34572
31528
31692
31572
31624
35976
31668
35620
31712
31764
48019
31812
33336
31856
31908
41272
31952
32572
31996
32048
38676
32092
37412
32140
32188
39665
32236
37980
32280
32448
61595
32380
40020
32424
32476
53856
32520
39400
32568
32616
49804
32664
43768
32712
32876
51186
32804
40691
32852
33016
73421
32948
39704
32996
33160
42408
33084
42232
33136
33300
33180
33232
41600
33280
33444
33324
33372
39456
33420
33584
33464
33516
48960
33564
34984
33608
33656
46860
33704
35088
33748
33800
39406
33750
34770
33794
33842
40726
33890
39089
33934
33986
39826
34034
39286
34078
34123
39611
34173
43816
34221
34269
48877
34317
39009
34365
34539
48586
34587
41767
34635
34683
71331
34731
41171
34779
34947
67872
34879
53950
34793
34957
41357
34889
42289
34937
35097
60639
35029
41334
35073
35125
59765
35173
42429
35217
35381
49601
35313
42029
35355
35407
44499
35455
35931
35499
35547
41524
35595
40220
35639
35691
40191
35739
38795
35783
35831
48120
35879
45322
35923
35975
52087
36023
44175
36067
36115
58390
36163
45555
36207
36375
41255
36307
42939
36351
36399
53703
36447
44159
36495
36631
50690
36591
49959
36639
36771
36695
36731
43815
36779
36935
36819
36875
39219
36923
37075
36963
37015
43436
37063
37199
37107
37155
47067
37207
40427
37247
37295
41851
37347
37663
37391
37443
44127
37491
41811
37594
37646
41450
37694
40162
37738
37790
43344
37838
42958
37878
37930
42434
37980
41840
38024
38076
52175
38123
44719
38163
38331
46022
38263
47603
38307
38359
44693
38407
58899
38451
38499
43047
38547
43055
38591
38643
61520
38691
45535
38739
38783
55428
38831
46963
38879
39043
62674
38975
43119
39023
39131
49779
39115
57110
39163
39327
39235
39259
43547
39303
39467
39347
39399
43202
39447
39611
39491
39543
46755
39591
39851
39631
39683
54330
39731
41331
39775
39826
47573
39874
40066
39914
39966
42898
40014
40498
40058
40110
47762
40158
46772
40198
40250
49206
40298
44774
40342
40394
49702
40442
44950
40486
40650
59926
40582
63161
40630
40794
50302
40726
58735
40770
40934
40822
40866
42002
40914
41078
43106
41010
71923
41054
41218
41098
41150
47714
41198
41362
41242
41294
44890
41338
41502
41382
41434
47542
41482
41674
41526
41578
50270
41618
43402
41666
41718
47234
41766
42306
41810
41862
48014
41906
43890
41950
42002
45114
42050
43170
42094
42146
57806
42190
42458
42234
42286
51859
42334
43822
42460
42512
55576
42556
47068
42600
42652
57715
42699
48399
42743
42795
63631
42839
52419
42883
42935
62149
42983
48484
43031
43195
58952
43123
54368
43171
43335
56992
43267
66938
43315
43479
49935
43407
57979
43455
43619
43508
43405
49233
43453
43617
43497
43503
45928
43449
43613
44493
43545
49513
43593
43757
43637
43685
46377
43733
43897
43777
43829
57036
43877
44229
43921
43969
56219
44017
45097
44061
44113
45709
44161
44985
44205
44253
48797
44301
49810
44345
44513
60037
44445
55949
44489
44537
47593
44581
49369
44629
44681
68923
44729
49005
44777
44937
62929
44865
48133
44917
45081
63357
45013
49950
45061
45105
67437
45152
51736
45200
45248
49408
45296
50997
45344
45388
53081
45436
50576
45480
45532
66027
45580
49952
45628
45788
63336
45720
51008
45768
45932
49152
45864
66187
45912
46072
45952
46004
48520
46048
46216
46096
46144
53480
46200
46332
46240
46288
50992
46340
46924
46388
46440
56830
46488
48284
46528
46580
51514
46628
48548
46672
46724
49568
46772
52633
46812
46864
53432
46912
57780
46960
47128
66912
47060
61040
47104
47152
66576
47200
55064
47248
47412
67717
47344
59295
47388
47552
53180
47484
52080
47528
47696
68584
47628
54076
47672
47720
57327
47768
53973
47816
47864
66082
47912
55496
47956
48120
67160
48052
67510
48097
48261
72426
48193
60732
48237
48285
68226
48333
55584
48324
48436
72612
48420
64416
48464
48512
53484
48560
54408
48608
48772
62293
48704
56560
48748
48912
57716
48844
57200
48892
49056
55136
48988
62137
49032
49196
49084
49128
51548
49176
49340
49220
49272
53855
49316
51092
49360
49412
56152
49404
49908
49448
49500
55120
49544
50900
49588
49640
64030
49688
49980
49732
49784
61177
49824
50348
49872
49924
53160
49972
51152
50016
50068
53896
50112
53792
50156
50208
55874
50256
60408
50300
50468
59964
50396
59315
50436
50600
64568
50532
56452
50580
50744
72388
50672
58676
50720
50880
63880
50820
55736
50868
51032
67321
50960
57132
51008
51172
58624
51104
65788
51152
51316
51196
51244
51788
51292
51456
51336
51388
58437
51436
51600
51480
51528
63759
51618
52658
51662
51714
64613
51762
53162
51806
51854
56582
51902
53258
51946
51998
59295
52188
55236
52232
52280
62625
52339
59087
52383
52435
58319
52483
63702
52531
52691
61803
52623
57351
52667
52827
52735
52767
54439
52815
52975
52855
52907
60175
52955
53119
52999
53051
64510
53099
53607
53139
53191
59351
53239
53559
53283
53335
61090
53383
62554
53423
53475
67083
53523
62827
53576
53624
79179
53672
57992
53716
53764
67560
53812
58648
53860
54024
72138
53956
67789
54000
54164
59392
54092
65324
54144
54308
54188
54240
56356
54284
54448
54328
54380
58204
54428
54592
54472
54524
61649
54568
55668
54612
54664
67880
54712
54900
54756
54808
56928
54852
55124
54896
54948
59408
54996
60026
55040
55092
68369
55136
62948
55180
55232
74031
55280
61655
55328
55492
83435
55420
63576
55468
55632
59012
55564
69036
55612
55776
59572
55704
70968
55752
55916
55796
55848
64512
55896
56060
55940
55988
57688
56036
56200
56080
56132
69212
56180
58964
56224
56272
70928
56320
58204
56364
56416
62936
56464
58928
56508
56556
62156
56604
56768
56648
56700
74552
56748
59336
56792
56836
61769
56888
58388
56932
56980
60892
57032
64860
57076
57124
70864
57172
67478
57216
57268
77368
57316
65317
57364
57524
75191
57452
72312
57504
57668
57576
57600
58332
57648
57808
57688
57740
64096
57788
57952
57832
57884
63028
57932
58064
57972
58024
62636
58072
59672
58116
58168
66716
58216
60176
58256
58308
67053
58356
66557
58399
58451
65115
58499
75643
58539
58707
71274
58639
64695
58687
58735
85968
58783
63479
58827
58991
71347
58923
68043
58971
59135
61163
59067
78437
59111
59275
67151
59207
78420
59255
59419
59327
59351
80192
59395
59559
59439
59491
60787
59535
59703
59583
59635
63807
59679
59843
59723
59775
64031
59823
60007
59867
59919
76650
59963
61123
60007
60059
63959
60107
63715
60151
60203
66587
60247
65844
60291
60378
87312
60426
68740
60474
60522
66034
60566
64674
60614
60726
82971
60710
68062
60758
60922
83903
60850
71674
60898
61062
62606
60994
69566
61042
61206
61086
61134
68084
61178
62494
61226
61278
82451
61326
62142
61370
61418
64634
61466
65871
61510
61562
67340
61610
66082
61658
61702
67286
61750
68706
61798
61910
71434
61894
74005
61942
62098
88145
62034
71658
62082
62246
83873
62178
70170
62222
62390
62278
62318
64562
62366
62530
62410
62462
66858
62510
64030
62554
62602
65850
62650
63950
62694
62746
68486
62794
64974
62838
62886
68845
62934
65554
62978
63030
85206
63078
69682
63126
63170
73162
63218
70863
63266
63422
81220
63362
68830
63410
63570
68758
63502
67526
63550
63598
70220
63642
65026
63690
63738
71275
63786
69936
63830
63882
76642
63930
76818
63974
64022
69942
64066
69834
64114
64166
75530
64214
66131
64259
64423
69651
64355
71344
64399
64451
78115
64499
70451
64543
64591
77075
64639
75953
64687
64851
97521
64783
71703
64831
64991
95224
64923
71207
64971
65019
85991
65067
86087
65111
65159
79890
65207
72225
65251
65303
80555
65351
75114
65399
65443
86599
65491
71403
65539
65703
90011
65635
71911
65684
65844
87436
65776
71880
65820
65872
84968
65920
70088
65968
66128
71928
66060
77554
66108
66272
72892
66204
71660
66252
66412
66292
66344
71196
66392
66556
66436
66488
74752
66696
66576
66628
73176
66676
66840
66720
66772
72763
66820
67352
66860
66912
72791
66956
68460
67004
67056
74277
67104
67364
67144
67196
70316
67244
68388
67288
67340
71436
67388
73972
67428
67480
83304
67528
73848
67576
67740
91160
67672
75568
67712
67764
87989
67408
77753
67404
67431
81568
67551
78455
67595
67759
89479
67674
80484
67135
67299
86081
67231
73703
67275
67439
67319
67371
69895
67419
67583
67463
67515
72391
67559
67723
67603
67655
83096
67703
67891
67747
67799
81169
68136
70665
68209
68261
72305
68309
70293
68353
68405
72194
68449
68725
68501
68553
74770
68601
71669
68645
68697
73521
68741
75173
68789
68837
79846
68885
71937
68933
68981
90997
69025
82550
69073
69237
85386
69169
80702
69217
69381
69261
69309
74045
69357
69521
69401
69453
74085
69501
69665
69545
69593
79123
69641
70133
69689
69741
81242
69789
71485
69837
69881
75697
69929
76453
69973
70025
76053
70073
77677
70117
70165
79765
70213
75293
70257
70305
99051
70353
74837
70397
70445
98273
70493
75221
70541
70589
92090
70637
73181
70685
70845
92032
70781
75237
70825
70877
74104
70918
77455
70966
71118
99171
71058
84755
71087
71199
84055
71183
91671
71231
71391
84015
71324
85737
71372
71536
75620
71468
83931
71516
71676
71556
71608
74848
71656
71820
71700
71752
74912
71800
71960
71840
71892
77524
71940
72104
95923
72036
78402
72080
72244
85404
72176
78173
72220
72272
85448
72320
78160
72364
72412
77244
72442
78270
72486
72538
76474
72586
80414
72630
72678
87087
72726
79075
72770
72822
90137
72870
76478
72918
72962
93002
73010
82275
73058
73106
116795
73153
77669
73201
73361
116933
73293
81165
73341
73505
91397
73437
83038
73485
73645
81945
73587
95205
73635
73799
73895
73731
76507
73779
73939
73819
73871
77099
73919
74083
73963
74015
80579
74063
74223
74102
74154
82766
74202
74366
74246
74298
77446
74346
74506
74386
74438
83579
74486
74638
74530
74582
83279
74630
75762
74670
74722
84015
74770
75546
74814
74866
81042
74910
76426
74954
75006
93232
75054
76598
75098
75150
80266
75194
76534
75237
75289
80149
75337
80390
75381
75433
93438
75481
82565
75521
75573
106771
75621
83495
75669
75825
96688
75765
83189
75809
75973
80165
75905
81969
75953
76232
86872
76164
87344
76208
76372
87032
76304
89156
76352
76516
84488
76448
82665
76492
76656
79352
76588
86827
76636
76800
76676
76728
79012
76772
76936
76816
76905
83687
76953
77361
76997
77049
89344
77093
77353
77137
77189
89623
77237
77501
77281
77333
83885
77377
78673
77421
77561
96721
77521
78241
77565
77617
82593
77661
78177
77705
77757
87149
77805
78069
77849
77901
83385
77945
79165
77989
78041
95593
78089
86759
78133
78301
84906
78229
85051
78273
78441
88061
78373
84033
78417
78469
89525
78513
90124
78557
78609
96289
78657
84756
78705
78869
98213
78797
84545
78845
79009
91766
78941
94925
78989
79153
90149
79081
91970
79129
79293
81717
79233
89887
79281
79445
80301
79373
92706
79421
79585
79473
79513
81453
79565
79729
79609
79657
87133
79705
79869
79749
79801
83513
79849
80013
79893
79941
93645
79989
81949
80033
80085
81549
80133
81637
80177
80225
84593
80273
82169
80317
80369
101748
80417
81037
80461
80509
86761
80529
83825
80573
80629
85429
80677
85009
80721
80769
86428
80817
84305
80865
80913
107731
80961
87789
81005
81161
100361
81101
87313
81149
81313
106386
81245
94890
81293
81453
84869
81385
99623
81433
81481
81529
88165
81577
81737
87841
81669
91537
81717
81881
106248
81813
89977
81861
82021
94405
81949
86925
82001
82049
93805
82097
95425
82145
82305
90773
82237
90149
82285
82449
91309
82377
100318
82429
82589
82469
82521
96190
82569
82733
85765
82669
97012
82717
82877
82757
82805
85039
82763
82927
82807
82859
89995
82907
83067
82947
82999
95376
83047
83211
83099
83139
88111
83191
83323
83231
83283
87391
83331
83467
83379
83427
88271
83475
83715
83515
83567
89679
83615
84395
83659
83711
86191
83759
84739
83803
83851
102413
83899
91835
83947
83995
100143
84043
90004
84087
84135
107246
84171
94367
84219
84267
107668
84315
88923
84359
84407
110792
84455
91341
84503
84551
106939
84599
89419
84647
84691
111666
84739
97257
84787
84951
90199
84883
102530
84931
85091
91275
85023
100417
85071
85235
87107
85167
86819
85131
85295
85175
85227
99975
85275
85439
85319
85371
90089
85419
85579
85459
85507
89819
85559
86615
85603
85655
94858
85703
86855
85743
85795
107811
85843
87583
85891
85939
89675
85987
87411
86031
86079
90695
86127
90691
86175
86339
106411
86271
97103
86315
86479
121165
86411
104096
86459
86623
95655
86555
99757
86599
86763
86643
86695
91421
86743
86879
86787
86839
98251
86883
87131
86931
86979
99975
87027
87643
87075
87123
93487
87167
88251
87215
87263
91615
87311
92669
87359
87407
107615
87451
92331
87499
87547
113151
87595
96792
87643
87799
95523
87735
91947
87783
87947
88333
87886
100592
87864
87883
87763
87820
93763
87867
88031
87911
87963
91559
88011
88175
88055
88103
94811
88151
88315
88195
88247
99182
88295
88453
88337
88381
99421
88425
88593
94653
88525
106694
88573
88737
88625
88665
95124
88713
88877
100513
88811
98939
88859
89023
108547
88951
96283
88999
89163
93815
89095
98595
89143
89307
89187
89235
90891
89283
88016
87822
87870
93864
87918
88138
87962
88010
92850
88058
90162
88102
88150
96950
88202
88562
88250
88294
94980
88342
92530
88390
88554
97067
88486
93122
88534
88642
112658
88626
93306
88674
88838
106074
88766
100490
88818
88926
103845
88910
97334
88958
89122
91826
89054
98584
89102
89255
89143
89187
92031
89235
89399
89279
89331
95711
89379
89539
89419
89471
96241
89519
91823
89563
89615
104423
89663
89971
89703
89755
94871
89803
91943
89851
89899
104963
89947
92975
89991
90039
104611
90087
96287
90135
90299
99713
90231
100793
90275
90439
90327
90371
95110
90450
90613
90493
90545
94885
90589
90753
90633
90685
99581
90733
93257
90777
90829
100181
90873
91141
90921
90969
100065
91017
91529
91065
91113
97945
91157
95785
91205
91253
108621
91301
95549
91349
91397
115017
91441
96717
91489
91537
117604
91585
105273
91633
91681
117951
91725
97381
91773
91881
114973
91865
96185
91913
91961
116404
92005
99957
92053
92101
116921
92149
95149
92197
92245
106762
92289
106525
92337
92501
106989
92433
100401
92481
92645
105822
92573
96137
92621
92785
99313
92717
106293
92765
92929
115496
92857
104681
92905
93069
115389
93002
95726
93050
93214
100098
93142
99578
93190
93354
102158
93286
107766
93334
93498
110500
93426
101886
93474
93630
115114
93570
108458
93618
93782
104470
93710
97958
93758
93720
119948
93768
102585
93816
93980
104824
93908
100374
93960
94124
114732
94056
100908
94104
94260
100132
94196
100736
94244
94408
104600
94340
110185
94388
94552
97456
94480
100880
94528
94689
101801
94621
99141
94669
94919
102063
94847
100055
94952
95116
115645
95048
109536
95096
95260
99668
95196
103560
95244
95408
100680
95340
105040
95388
95552
95432
95480
104736
95528
95692
95580
95624
103716
95672
95836
95716
95764
98448
95812
95976
95856
95904
102751
95956
97432
96000
96048
113280
96096
98820
96140
96192
97532
96240
96820
96288
96332
112544
96380
100383
96428
96476
104975
96524
103000
96572
96616
113692
96664
107360
96712
96876
131801
96808
108967
96856
97016
115052
96948
107987
96996
97160
118863
97092
103283
97140
97300
118619
97232
109615
97280
97444
117112
97376
102548
97424
97584
105072
97516
105388
97564
97728
97616
97660
99884
97708
97879
97759
97807
107498
97855
98099
97899
97951
103984
97999
99251
98039
98087
125763
98139
99719
98183
98235
106773
98283
98995
98323
98375
104127
98423
105359
98471
98519
102387
98567
108923
98611
98659
110507
98707
102343
98755
98803
117227
98851
103611
98895
99059
107779
98991
112346
99039
99203
104611
99135
111936
99179
99343
99223
99271
111651
99323
99487
99367
99419
103760
99329
101131
99456
99534
105652
99580
99976
99624
99676
126801
99720
101360
99768
99816
105636
99864
101344
99912
99964
104132
100001
107717
100049
100097
119149
100145
107461
100193
100357
123298
100285
104013
100333
100381
123609
100429
104177
100477
100641
122242
100569
108855
100617
100665
121017
100713
110325
100761
100925
122513
100853
108821
100901
101065
105701
100997
108237
101045
101201
117783
101137
105393
101185
101233
119890
101281
113584
101329
101493
131244
101421
107202
101469
101517
112717
101565
107993
101613
101661
115622
101705
107632
101753
101801
119222
101848
111840
101896
102060
115828
101984
117432
102036
102200
105708
102132
114086
102180
102344
102224
102272
103584
102320
102484
102364
102416
106408
102464
102628
102508
102556
108488
102604
103724
102648
102700
105364
102748
103648
102796
102848
110136
102896
107204
102944
103108
129612
103038
107182
103090
103134
126658
103182
111294
103230
103385
118021
103317
110081
103365
103525
110813
103457
110173
103505
103669
125444
103601
109227
103649
103809
103689
103741
108685
103789
103953
103833
103885
108785
103933
104085
103973
104025
111349
104073
104237
104117
104169
109449
104217
106573
104257
104309
117173
104353
106901
104401
104453
107803
104501
105357
104545
104589
110432
104637
111757
104685
104733
111057
104781
108789
104825
104873
130109
104921
117010
105057
105101
113489
105153
105473
105217
105245
105157
105293
107557
107249
107041
105301
105437
111401
105393
106213
105441
105605
109309
105533
107937
105585
105633
111469
105677
106273
105725
105889
115753
105821
118030
105869
106005
113915
105961
111545
106009
106173
129794
106105
108897
106153
106317
120870
106245
115373
106293
106429
106341
106389
112349
106437
106593
106481
106529
110165
106577
106741
106625
106765
110589
106725
107241
106773
106909
110097
106953
108185
106993
107045
115180
107278
107334
107310
134736
137012
112212
109124
107240
107288
115384
107336
112040
107384
107428
112092
107476
114128
107524
107684
135732
107620
120648
107668
107824
128606
107760
114384
107808
107940
118420
107988
108452
108036
108080
107996
108076
111612
108124
110882
108282
108330
118081
108378
109854
108422
108470
110266
108518
110022
108566
108614
120062
108662
111278
108706
108866
115203
108802
114258
108850
109002
125938
108946
122954
108990
109150
118866
109086
119598
109134
109294
111306
109230
139663
109274
109434
115502
109370
120942
109418
109550
109466
109514
121665
109558
109718
109598
109654
110378
109702
109862
109742
109798
116836
109842
109982
109890
109938
118930
109986
110254
110034
110082
112322
110126
110650
110174
110222
116443
110270
114102
110318
110478
124350
110410
111110
110458
110506
117078
110554
118494
110602
110762
135531
110698
115674
110746
110906
114250
110842
116886
110890
111022
115622
110982
116454
111030
111190
126134
111238
129021
111174
111334
117102
111266
119636
111314
111474
112802
111410
114242
111450
111618
111498
111550
116446
111598
113770
111638
111694
125573
111742
113185
111785
111825
121553
111877
112929
111925
111973
124093
112021
113929
112069
112113
120259
112161
121113
112209
112257
137842
112305
120154
112353
112397
136177
112445
118541
112493
112653
136913
112589
126877
112637
112793
146106
112729
116925
112777
112937
131259
112873
119216
112921
113077
136869
113013
117169
113061
113221
122841
113157
117089
113205
113249
119339
113297
120945
113345
113505
132213
113441
120328
113489
113645
121165
113581
120501
113629
113789
113669
113725
117385
113773
113929
113809
113865
118123
113913
114073
113953
114009
121087
114057
116297
114093
114149
134388
114197
114737
114237
114293
122825
114341
114609
114385
114433
129033
114481
115965
114529
114577
123589
114625
117689
114669
114717
122312
114765
127836
114813
114861
133979
114909
118697
114953
115113
117957
115049
124001
115097
115257
115137
115193
121455
115237
115397
115277
115333
119517
115381
115513
115421
115477
135765
115521
120141
115561
115617
124201
115665
116265
115713
115761
123117
115805
116169
115853
115901
129828
115949
120317
115997
116045
138589
116089
122445
116137
116297
137517
116233
125409
116281
116441
137248
116373
121971
116421
116581
120849
116517
135578
116561
116725
131001
116657
125953
116705
116865
119697
116801
120745
116849
117009
123597
116941
133370
116989
117149
132539
117085
129553
117133
117293
121473
117225
127681
117273
117433
117313
117369
119457
117417
117577
117457
117509
133054
117557
118061
117597
117653
139467
117701
120989
117751
117795
122429
117843
118707
117891
117939
122231
117987
122195
118035
118079
143035
118123
126879
118171
118335
143861
118271
122787
118319
118363
143887
118411
125648
118459
118619
137298
118555
128719
118603
118759
118647
118695
124315
118727
118887
118767
118823
121603
118871
119027
118907
118963
120799
119011
119171
119051
119107
124090
119155
119915
119191
119247
135383
119295
122123
119343
119391
124799
119439
120923
119483
119531
125599
119579
123567
119627
119675
139466
119723
127238
119767
119927
124743
119863
120371
119911
120063
119951
120007
125451
120051
120211
120091
120147
124155
120195
120355
120235
120291
123911
120335
120859
120375
120431
135467
120479
120715
120527
120575
132343
120619
122663
120667
120715
124215
120763
125222
120811
120859
126946
120907
122931
120951
120999
130043
121034
125994
121082
121130
142154
121178
124438
121222
121270
135202
121318
131090
121366
121526
138466
121462
128190
121506
121666
128962
121602
135970
121650
121810
123834
121746
156898
121790
121950
121830
121886
125750
121934
122090
121978
122034
127066
122078
123342
122118
122174
136470
122222
122494
122270
122318
128849
122361
124629
122409
122457
138393
122505
128403
122553
122601
138720
122645
128283
122693
122765
140933
122789
127025
122837
122993
153187
122929
128357
122977
123137
142612
123073
130377
123121
123281
133633
123213
142277
123261
123421
145291
123357
130485
123405
123565
125289
123497
132391
123545
123705
123585
123641
126421
123689
123849
123729
123781
130233
123829
125133
123869
123925
139374
123973
124357
124021
124065
128793
124113
133999
124161
124209
131412
124257
131281
124305
124349
132365
124397
131489
124445
124605
131909
124541
144845
124589
124745
124633
124681
126833
124729
124889
124797
124825
135944
124873
125029
124909
124965
127553
125013
125173
125053
125109
127285
125157
125313
125193
125249
129053
125296
125456
125336
125392
138468
125440
126184
125476
125532
129838
125580
127968
125628
125676
130588
125730
127758
125774
125822
132902
125870
126390
125918
125966
131054
126014
129034
126058
126106
129846
126154
130350
126202
126250
139226
126298
134488
126342
126390
138058
126438
138110
126486
126646
143560
126582
141286
126626
126786
136390
126722
132446
126770
126930
126830
126862
129206
126910
127070
126950
127006
134718
127054
127214
127094
127256
129741
127285
127445
127325
127381
132081
127429
127561
127469
127525
142433
127569
129553
127609
127665
135480
127709
127985
127761
127809
141233
127853
130385
127901
127949
133633
127997
128261
128045
128093
145513
128137
132757
128185
128233
148585
128281
137973
128329
128377
148741
128421
142949
128469
128629
131673
128565
130113
144797
128661
131797
128705
128753
139862
128801
136413
128849
129009
141697
128945
139153
128989
129149
131193
129085
138558
129133
129293
129173
129229
132253
129273
129433
129313
129369
134760
129417
129669
129459
129515
146595
129559
129835
129607
129655
134539
129703
129971
129751
129799
133875
129843
136219
129891
129939
142227
129986
135238
130034
130082
155633
130126
137538
130174
130334
140746
130270
142122
130318
130478
130406
130410
133578
130458
130618
130498
130554
134202
130602
130762
130642
130694
135609
130742
130902
130782
130838
141846
130886
133570
130926
130978
146247
131026
131274
131074
131122
137378
131170
133029
131105
131149
134989
131197
135325
131245
131293
138026
131341
137652
131389
131433
160464
131481
136921
131529
131577
145937
131625
136517
131673
131829
154324
131765
143114
131813
131973
154224
131909
139217
131957
132113
131993
132049
133529
132097
132257
132137
132193
146709
132241
132397
134409
132329
137081
132017
132177
136753
132113
138497
132161
132317
136261
132253
132989
132301
132461
132341
132397
139065
132445
132601
132481
132537
136437
132585
132757
132637
132693
144997
132741
133137
132777
132833
147844
132881
136553
132929
132977
145253
133025
134661
133069
133117
138337
133165
133433
133213
133261
137261
133309
136661
133261
133111
140747
133159
137243
133207
133255
156047
133303
144107
133347
133507
169988
133443
150511
133491
133651
136891
133587
137439
133631
133791
162976
133727
138707
133775
133935
133815
133871
141471
133915
134068
133948
134004
146332
134052
134114
134017
134069
140241
134117
134277
134157
134213
140964
134261
134553
134301
134357
155109
134401
134701
134441
134497
141078
134545
136089
134593
134641
138669
134685
136013
134733
134781
141573
134797
138865
134845
134893
147833
134937
141393
134985
135145
157489
135081
143297
135129
135177
157909
135221
142269
135269
135429
153608
135365
143023
135415
135575
135455
135507
155954
135555
135715
135595
135651
138647
135693
135853
135733
135785
139017
135833
135893
135773
135829
140449
135877
138645
135917
135969
152761
136017
138865
136065
136113
145629
136161
136881
136197
136253
147465
136301
137949
136349
136396
140208
136444
136720
136492
136536
152592
136584
146415
136632
136680
144916
136728
140696
136776
136820
160124
136868
149335
136916
136964
143381
137012
148735
137060
137104
168656
137151
145218
137199
137247
166694
137295
146493
137343
137499
167627
137435
143558
137483
137643
152439
137579
159948
137627
137783
145755
137719
150156
137767
137927
154613
137863
145919
137911
138067
149331
138003
149262
138051
138211
146855
138147
152779
138195
138351
142291
138287
140231
138335
138495
138375
138431
139719
138479
138635
138515
138571
147572
138619
138779
138659
138715
147827
138763
139867
138799
138855
155559
138903
139175
138943
138999
152415
139047
139911
139091
139139
143611
139187
149835
139235
139283
146120
139331
150435
139375
139423
158943
139471
145335
139519
139679
146955
139615
149066
139667
139827
141851
139763
151142
139811
139971
139855
139907
146655
139951
140111
139991
140047
143355
140087
140247
140127
140183
147465
140224
142752
140264
140320
154508
140368
141208
140408
140464
146668
140508
142132
140548
140604
147552
140652
141438
140694
140742
148285
140786
147989
140834
140882
145114
140926
144914
140978
141026
164202
141070
155149
141118
141278
146534
141214
149194
141262
141422
141433
141485
149757
141533
141693
141573
141629
149301
141677
141837
141717
141769
149609
141817
141977
141881
141913
144749
141961
142121
142001
142053
147098
142101
143745
142141
142197
160909
142245
143489
142285
142337
146245
142385
143289
142433
142481
145821
142529
146688
142577
142621
150053
142669
149713
142717
142765
151527
142813
148713
142861
143017
178661
142953
150953
143001
143161
161677
143097
150397
143145
143301
156918
143237
153871
143285
143445
143325
143381
146125
143429
143585
143465
143521
149009
143569
143729
143609
143665
158351
143713
144085
143753
143805
149953
143853
145657
143893
143949
158292
143997
146065
144045
144089
148916
144137
147965
144185
144233
154681
144281
149329
144329
144373
156525
144421
155061
144469
144517
154533
144565
151493
144613
144657
169183
144705
147613
144753
144913
167493
144849
161694
144897
145053
148413
144989
149389
145037
145197
149173
145133
159633
145181
145337
145265
145273
152369
145321
145481
145361
145417
149082
145465
145613
145497
145553
152481
145605
145765
145645
145701
151584
145749
146869
145785
145841
156441
145889
146853
144929
144977
154167
145021
145285
145065
145117
148577
145165
147093
145213
145261
160841
145309
152837
145353
145485
157312
145449
152683
145497
145545
156771
145593
150663
145637
145685
160109
145733
149793
145781
145829
170865
145877
150437
145921
146081
157941
146017
158373
146065
146217
148237
146161
157093
146205
146365
146245
146301
149101
146349
146509
146389
146445
147399
146487
148615
146527
146583
151523
146631
146903
146671
146727
160739
146771
150375
146819
146867
149271
146915
149491
146963
147011
152586
147055
155251
147103
147151
166219
147199
151631
147247
147295
158475
147339
150951
147387
147435
168535
147483
151747
147531
147579
185036
147623
161383
147671
147831
168403
147767
154022
147815
147975
167106
147907
155091
147955
148115
155443
148051
160387
148099
148259
148139
148191
148391
148243
148403
148283
148339
153807
148387
148547
148427
148479
154153
148527
148687
148567
148627
157615
148675
148943
148723
148767
153402
148815
152685
148863
148911
157903
148959
155879
149007
149051
171175
149099
159000
149147
149195
173275
149243
153167
149291
149447
177926
149383
154189
149431
149591
159651
149527
164007
149575
149731
168308
149667
153607
149715
149875
159473
149807
157311
149859
150015
160759
149951
163417
149999
150159
152167
150095
157795
150143
150299
150179
150235
153888
150283
150443
150323
150379
155063
150427
150947
150463
150519
159623
150567
151131
150615
150663
162231
150711
154711
150755
150803
161655
150851
155769
150899
150947
156507
150995
155551
151039
151199
175766
151135
154803
151183
151231
162231
151279
154915
151323
151371
174815
151419
156039
151467
151627
181488
151563
157935
151607
151767
168700
151703
163725
151751
151911
151791
151847
155860
151891
152051
151931
151987
154295
152035
152195
152075
152131
158847
152175
153847
152215
152271
156831
152319
153659
152359
152415
160847
152459
153183
152507
152555
155395
152603
152931
152651
152699
156531
152743
158626
152791
152839
156467
152887
159887
152935
152983
172227
153027
168941
153075
153235
171638
153171
167143
153219
153379
161339
153311
159031
153359
153519
164295
153455
168721
153503
153663
168805
153595
166635
153643
153803
161227
153739
164972
153787
153947
153855
153879
157591
153927
154087
153967
154023
159489
154071
154231
176279
154163
168191
154211
154371
166486
154307
171735
154355
154515
157775
154447
159195
154495
154651
154531
154591
156083
154639
154799
154679
154731
160955
154779
154939
154819
154875
161013
154923
155083
154963
155015
168954
155063
156303
155103
155159
167555
155207
156835
155255
155299
160915
155347
155911
155395
155443
166785
155491
161784
155539
155583
160401
155631
160103
155679
155839
173127
155775
172099
155823
155979
174806
155915
162589
155963
156123
166747
156059
167310
156107
156263
156143
156199
159635
156247
156407
156287
156343
161425
156391
156927
156427
156483
161399
156531
157858
156578
156626
159714
156674
156942
156718
156766
162322
156814
160518
156862
156910
162874
156958
162672
157002
157162
179653
157098
160642
157146
157306
177440
157242
170254
157286
157446
161722
157382
170809
157430
157590
157470
157526
164498
157570
157730
157610
157666
160226
157714
157874
157754
157810
161542
157854
158782
157894
157950
163818
157998
160986
158038
158094
165170
158138
158378
158186
158234
162950
158282
162171
158330
158378
162466
158422
164390
158470
158518
163554
158566
164930
158614
158662
167314
158706
162726
158754
158802
172430
158850
165190
158898
159058
179013
158990
172954
159038
159198
172154
159134
169106
159182
159230
176834
159270
170968
159322
159482
178944
159418
165034
159466
159582
177506
159558
164346
159606
159654
178565
159702
167030
159750
159910
171038
159842
164006
159890
160006
184509
159986
173194
160034
160194
181426
160126
172938
160174
160334
178125
160270
176474
160318
160478
175496
160410
169942
160458
160618
163482
160554
171890
160602
160762
164410
160694
169574
160742
160902
162918
160838
167342
160886
161046
171262
160978
163030
161026
161186
161166
161122
183964
161170
161330
174950
161262
174883
161310
161470
161374
161406
173558
161454
161614
164238
161546
162390
161594
161754
161634
161690
164806
161738
161898
161778
161830
163418
161878
162038
161918
161974
166822
162022
162362
162062
162114
177756
162162
165010
162210
162258
168590
162306
163170
162354
162398
176846
162446
167711
162494
162542
177186
162590
166130
162638
162682
169118
162730
169586
162778
162938
162826
162874
173250
162922
163078
162958
163014
165474
163062
163222
163102
163158
166174
163206
163362
163242
163298
168765
163346
163506
163386
163442
176086
163490
163758
163526
163582
173686
163630
165614
163674
163726
164450
163774
169606
163818
163866
168510
163914
166438
163962
164006
171246
164058
171776
164102
164150
182702
164198
171546
164246
164406
185858
164342
168538
164386
164434
180930
164482
178932
164530
164690
174910
164626
172933
164670
164830
166854
164766
173098
164814
164974
164854
164910
172195
164954
165114
164994
165050
169286
165098
165518
165138
165194
175376
165238
168970
165286
165334
169382
165382
165658
165430
165478
168874
165522
173358
165570
165618
179934
165666
183438
165714
165762
175670
165806
169114
165854
165902
186736
165950
174090
165896
166011
190547
166072
172445
166117
166165
190911
166213
174649
166261
166309
184441
166353
170453
166401
166449
189759
166497
171814
166539
166587
171635
166635
172839
166679
166727
190015
166775
174787
166823
166871
178543
166919
175058
166963
167011
183421
166966
173098
167014
167062
190486
167110
171814
167154
167202
189587
167250
172566
167298
167346
176446
167394
173452
167438
167486
182882
167534
173351
167582
167630
171714
167678
172672
167722
167770
178314
167818
172462
167866
167914
174358
167962
174526
168006
168054
201734
168102
174078
168150
168198
171046
168246
172663
168290
168338
182540
168386
181417
168434
168482
183966
168530
176883
168574
168618
187282
168670
174810
168718
168766
196174
168814
175510
168858
168906
181140
168954
176338
169002
169050
183206
169098
177702
169142
169190
194001
169238
175214
169286
169334
185014
169382
174138
169426
169474
185666
169522
176066
169570
169618
193894
169666
176872
169761
169809
191628
169857
174824
169905
169953
193669
170001
177829
170045
170093
188405
170141
174821
170189
170237
178209
170285
175623
170329
170377
174582
170425
177600
170473
170521
189036
170569
185572
170613
170661
188875
170709
176112
170757
170805
189749
170853
176009
170897
170945
190993
170993
179322
171041
171089
178777
171137
175593
171181
171229
188049
171277
175485
171325
171373
192433
171421
182481
171465
171513
182430
171561
182293
171609
171657
176469
171705
179121
171749
171797
178161
171845
176573
171893
171941
176616
171989
176680
172033
172081
178153
172129
176897
172177
172225
180693
172273
175685
172317
172365
188905
172413
177637
172461
172509
178337
172557
178740
172601
172649
197037
172697
177145
172745
172793
182657
172841
186474
172885
172933
196309
172981
179215
173029
173077
196329
173125
181546
173169
173329
202921
173265
184569
173313
173473
178985
173405
180741
173453
173613
188053
173549
179329
173597
173645
194412
173693
177305
173737
173897
189818
173833
186305
173881
173929
195875
173977
178672
174019
174067
181002
174115
178679
174163
174211
191399
174259
178575
174303
174351
191219
174399
179887
174447
174495
195257
174543
188217
174617
174665
194678
174713
183353
174761
174809
197852
174857
182541
174901
174949
193813
174997
179361
175045
175093
179541
175141
188937
175185
175233
198017
175281
183065
175329
175377
199095
175425
179805
175469
175517
202267
175565
181896
175648
175696
180116
175744
181702
175788
175836
191524
175884
185966
175932
175980
182238
176028
179148
176072
176120
191452
176168
182148
176216
176264
193496
176312
181764
176356
176516
190264
176452
190628
176500
176660
182104
176596
187201
176640
176800
176692
176736
186430
176784
176944
176824
176880
179452
176924
177084
176964
177020
180920
177068
177220
177102
177158
181806
177202
177398
177242
177298
193078
177346
177550
177386
177442
179154
177486
179450
177534
177582
181850
177630
179902
177678
177726
182966
177770
182194
177818
177978
205409
177914
195244
177962
178122
178002
178054
185654
178102
178262
178142
178194
184464
178246
178518
178286
178338
194953
178386
179510
178426
178482
187686
178530
179194
178578
178622
183410
178670
179534
178718
178766
185350
178814
183942
178862
178906
201058
178954
184062
179002
179050
199150
179098
183586
179146
179302
197783
179238
193754
179286
179446
182770
179382
189947
179430
179586
189534
179522
194642
179570
179730
197284
179666
184070
179714
179870
202125
179806
184642
179854
179902
200426
179950
185790
179998
180042
189530
180090
193826
180138
180298
181930
180234
192986
180282
180438
180318
180374
193962
180422
180582
180462
180518
184258
180566
180722
180602
180658
184982
180706
180866
180746
180802
187462
180850
183974
180886
180942
195050
180990
181258
181038
181086
186604
181134
181638
181178
181226
185614
181274
183370
181322
181370
186368
181418
187500
181462
181510
189246
181558
185646
181606
181654
191446
181702
187282
181746
181794
193341
181842
191610
181890
181938
189470
181986
184410
182030
182078
191022
182126
182642
182174
182222
192955
182270
188178
182314
182362
187942
182410
182682
182458
182506
200510
182554
186449
182598
182646
189305
182694
189702
182742
182790
194260
182838
187302
182882
182930
186510
182982
186750
182997
183151
200074
183087
187227
183131
183291
194244
183227
189784
183275
183435
198015
183371
190615
183415
183463
198236
183511
200505
183559
183719
183599
183655
184539
183699
183859
183739
183795
187299
183843
184299
183883
183939
206115
183983
184259
184005
183969
190324
184039
190575
184087
184135
188971
184179
191139
184227
184275
210021
184323
188111
184371
184531
200107
184463
190245
184511
184671
204672
184607
192121
184655
184815
198041
184747
197601
184795
184955
189991
184887
196741
184939
185099
185003
185031
195205
185079
185239
185143
185175
194555
185223
185383
185263
185315
188331
185363
185495
185403
185459
197471
185507
186491
185547
185599
200242
185647
187711
185687
185743
194983
185791
186307
185839
185883
202299
185931
191329
185979
186022
197038
186070
196043
186118
186274
208045
186210
190873
186258
186418
209151
186354
203044
186398
186554
193342
186490
198906
186538
186662
186578
186634
191162
186658
186826
186706
186561
192685
186584
186744
186624
186680
202736
186728
188728
186772
186820
190760
186868
187356
186916
186964
189260
187012
187976
187056
187104
191612
187152
187488
187200
187244
191513
187296
192572
187340
187388
199104
187436
195580
187484
187532
202916
187580
192416
187624
187784
204272
187720
192524
187768
187816
209520
187864
201939
187908
188068
209540
188004
193276
188052
188100
207868
188148
193351
188192
188349
196941
188285
198754
188331
188483
188379
188427
190359
188471
188631
188511
188567
194591
188615
188775
188655
188711
195415
188755
189235
188795
188851
203222
188899
190263
188939
188995
193966
189039
191391
189087
189135
197970
189181
198389
189229
189277
194765
189321
196745
189365
189417
197267
189465
195973
189513
189673
212252
189605
206234
189653
189805
196701
189749
198101
189797
189957
189837
189889
196201
189937
190097
189977
190033
192629
190081
190241
190121
190167
196006
190211
190371
190251
190307
194531
190355
192887
190395
190451
194419
190495
192283
190535
190591
202616
190639
191779
190687
190735
200611
190779
193287
190827
190875
197002
190923
195932
190971
191019
197362
191063
194955
191111
191271
208511
191207
197491
191327
191487
199671
191419
201283
191467
191627
191531
191563
203600
191611
191771
191651
191703
196188
191751
191911
191791
191847
197028
191895
192055
191935
191987
197466
192035
192911
192075
192131
201027
192179
192447
192219
192271
202403
192355
193515
192403
192451
194483
192499
194163
192547
192591
206329
192639
197587
192687
192735
196863
192783
198753
192831
192875
209867
192923
197407
192971
193019
214861
193067
200062
193115
193271
213723
193207
199175
193255
193415
211873
193351
203843
193399
193555
212243
193491
207873
193539
193699
204447
193635
205477
193683
193839
193719
193775
200023
193823
193983
197943
193919
207002
193967
194123
194003
194059
197091
194107
194267
194147
194199
201171
194251
194967
194287
194343
200546
194391
195815
194431
194487
200479
194535
196459
194579
194627
198227
194675
195519
194723
194771
198323
194819
202776
194863
194911
212759
194959
201887
195007
195055
217187
195103
202311
195147
195307
202835
195243
208567
195291
195451
197295
195387
210199
195431
195591
195471
195527
197211
195575
195735
195615
195671
200909
195715
195875
195755
195811
207371
195859
198327
195899
195955
206314
195999
198803
196047
196095
201167
196143
197583
196191
196239
213431
196283
204441
196331
196379
218935
196427
202867
196475
196635
216565
196567
214612
196615
196775
206167
196711
208037
196759
196919
196799
196851
204635
196895
197055
196935
196995
202165
197043
199571
197083
197135
202391
197183
197847
197223
197279
208611
197327
199027
197367
197419
211455
197475
199739
197523
197571
203849
197619
200191
197667
197711
203471
197759
199459
197807
197855
221492
197903
202263
197951
197995
218831
198043
203431
198091
198139
214359
198187
211123
198235
198391
215276
198327
204048
198375
198535
204663
198471
205611
198519
198675
198555
198611
205215
198659
198819
198699
198755
202171
198803
199347
198839
198895
204707
198941
200161
198981
199037
206429
199085
201305
199129
199177
206321
199225
205495
199273
199321
219373
199369
212637
199413
199461
219833
199509
205787
199557
199605
221141
199653
213453
199697
199857
213337
199753
216919
199797
199957
204793
199893
208167
199937
200097
216012
200033
206225
200077
200225
206105
200173
209420
200217
200377
219153
200313
223117
200361
200521
215149
200457
211133
200501
200661
216845
200597
211911
200645
200805
207073
200741
208153
200785
200843
202872
200800
215290
200848
201006
200886
200935
203491
200979
201139
201019
201075
207303
201123
201283
201163
201219
206647
201263
201423
201303
201359
207578
201407
202351
201451
201503
206707
201543
202927
201595
201643
203111
201680
203948
201728
201776
206746
201820
207302
201868
201916
223241
201964
207876
202012
202172
225800
202104
209424
202152
202312
221489
202248
211057
202296
202456
203328
202388
204440
202436
202596
202476
202532
205744
202580
202740
202620
202672
205760
202720
202880
202760
202816
204544
202864
203024
202904
202956
213264
203004
205528
203044
203100
208821
203138
204302
203178
203230
216174
203275
203803
203315
203371
228722
203417
206404
203476
203520
210020
203568
203936
203616
203664
208992
203712
207794
203760
203804
209552
203852
218184
203900
204060
219548
203996
215244
204044
204200
209324
204136
217954
204184
204344
209804
204280
219029
204328
204481
208093
204417
212701
204465
204625
204505
204561
205933
204609
204765
204645
204701
213487
204749
204909
204789
204845
223242
204893
205161
204929
204985
220307
205033
206333
205073
205129
210317
205176
205780
205220
205268
215256
205316
209100
205364
205412
210244
205460
214708
205504
205552
217544
205600
211748
205648
205808
226612
205744
222251
205788
205948
217464
205884
210260
205932
206092
208116
206028
215924
206072
206232
206112
206168
210540
206216
206372
206252
206312
211449
206356
206604
206396
206452
223688
206500
206712
206548
206596
209352
206640
206844
206688
206736
223128
206784
208836
206832
206880
213552
206924
214688
206972
207132
220792
207068
211540
207116
207276
224311
207208
213792
207256
207304
223012
207352
213851
207400
207557
230878
207489
220262
207537
207697
244789
207633
217386
207681
207727
227171
207771
215347
207819
207867
218699
207915
211967
207963
208011
222025
208055
221219
208103
208151
229931
208199
215311
208340
208500
229028
208432
226465
208480
208640
215808
208576
214656
208624
208784
208664
208716
214260
208764
208924
208804
208860
210188
208908
209068
208948
209000
215132
209048
209208
209108
209144
220837
209192
209352
209232
209284
223857
209332
209528
209416
209464
211520
209512
209672
209552
209604
215028
209652
209812
209692
209740
217592
209796
209956
209836
209888
216404
209936
211204
209976
210032
223288
210079
212987
210127
210171
214743
210219
212399
210267
210315
214687
210363
214483
210411
210455
220445
210503
213615
210551
210599
233340
210647
224979
210695
210851
233120
210787
220039
210835
210995
225341
210931
221607
210979
211135
219839
211071
225980
211115
211279
211159
211215
217039
211263
211419
211299
211355
217607
211403
213571
211443
211499
225048
211547
214171
211591
211639
219447
211687
212047
211735
211783
215947
211831
216155
211875
211923
224269
211971
216195
212019
212179
222275
212115
226109
212159
212319
215091
212255
219239
212303
212463
212343
212399
217323
212443
212603
212483
212539
219646
212587
212911
212635
212683
215119
212727
212999
212775
212823
219775
212871
221618
212919
212967
220059
213011
217478
213059
213107
230907
213155
220667
213203
213363
233225
213295
219919
213343
213503
223899
213439
227610
213487
213647
213527
213579
217587
213627
213787
213667
213723
220471
213771
213931
213819
213867
225769
213911
214071
213975
214007
228190
214055
214215
214095
214151
218323
214195
214355
218019
214291
225353
214339
214499
214407
214435
225475
214479
214639
248102
214575
221185
214623
214783
214687
214711
217143
214763
214923
221623
214859
220867
214907
215067
214947
215003
219747
215047
215207
215087
215143
219243
215191
215351
215231
215287
222087
215331
215895
215371
215427
229688
215475
216739
215523
215571
221047
215615
219586
215663
215711
218827
215759
219703
215807
215963
236767
215899
218903
215947
216113
229083
216049
228919
216097
216257
222553
216189
227542
216237
216397
216277
216333
217477
216381
216541
216421
216473
218641
216521
216681
216561
216617
222880
216665
216825
216705
216757
219969
216772
217019
216807
216863
229767
216911
217435
216959
217003
225060
217051
219843
217099
217147
222188
217195
224003
217243
217287
222387
217335
220591
217383
217427
237400
217479
223192
217527
217683
232778
217619
233367
217666
217826
217750
217762
232544
217810
217865
223794
217822
231474
217870
218030
233327
217966
222322
218014
218170
234046
218106
231148
218154
218202
238773
218250
226757
218298
218454
223882
218390
231045
218438
218598
222890
218534
232162
218520
218673
218561
218597
226265
218645
218805
218685
218736
221400
218784
218940
218820
218876
222588
218924
219084
218964
219020
221964
219068
219224
219104
219160
223511
219204
219364
219244
219300
223788
219348
222756
219384
219440
227956
219488
222012
219536
219584
223184
219632
224828
219676
219724
225074
219772
227060
219820
219868
241173
219916
227876
219960
220008
226524
220056
229145
220104
220264
238236
220200
232780
220244
220404
240512
220340
224996
220395
220556
238196
220492
229640
220536
220696
233740
220632
234160
220680
220840
241028
220776
225816
220820
220980
238820
220916
225305
220964
221124
242510
221060
227799
221104
221264
241083
221200
228924
221248
221408
240176
221344
229531
221388
221548
247302
221484
233400
221532
221692
230932
221628
233335
221672
221832
234699
221768
232331
221816
221976
221856
221912
236544
221956
222116
242810
222052
235296
222100
222260
228624
222196
235545
222240
222400
230192
222336
231220
222384
222544
222468
222480
232935
222524
222684
240351
222620
231844
222668
222828
238459
222764
228412
222808
222968
243915
222904
227588
222952
223000
244321
223048
226868
223092
223140
240798
223188
226820
223236
223396
243590
223332
229120
223376
223424
228629
223472
228032
223520
223568
231516
223616
231450
223660
223820
229401
223756
228201
223804
223964
245595
223900
236610
223944
224104
233988
224040
228728
224088
224248
231348
224184
229848
224228
224276
228484
224324
229640
224372
224420
246250
224468
228488
224512
224672
240992
224608
231647
224656
224816
231064
224752
234759
224796
224955
245429
224891
230852
224939
225099
234535
225035
237251
225079
225235
246059
225175
235420
225294
225454
252788
225390
234374
225434
225594
239448
225530
236946
225578
225626
246047
225674
230478
225718
225766
245986
225814
229070
225862
225910
249910
225958
232345
226002
226050
237606
226098
230738
226146
226306
249750
226242
237935
226319
226479
249915
226415
232675
226463
226623
262897
226559
242231
226603
226763
246035
226699
234843
226747
226907
244283
226843
233687
226887
227047
250879
226983
231655
227031
227191
241554
227127
231939
227171
227331
227211
227267
231511
227315
227475
227355
227411
230395
227455
227615
227495
227551
238481
227599
227759
227639
227687
230391
227739
227899
227779
227835
231827
227883
229427
227923
227979
238349
228023
228295
228071
228119
233775
228167
232403
228215
228263
234458
228307
228947
228355
228403
236433
228451
235471
228499
228374
232555
221803
226415
221851
221739
241355
221407
228094
221455
221419
235359
220338
227637
220386
220434
234846
220272
226804
220320
220480
235676
220412
226856
220460
220448
231288
220384
223232
219848
219284
219172
218852
228256
217996
218156
218036
217744
221787
217792
217952
217832
217884
224012
217932
218168
217972
218028
228112
218076
218152
217940
217988
225996
218036
218308
218084
218132
221100
218180
222116
218228
218184
238618
218120
230676
218168
218212
235776
218148
224432
218196
218352
236844
218288
223173
218000
218116
234073
218096
228743
217816
217972
238545
217904
235052
217952
218116
224484
218052
229427
218080
218236
218116
218172
223655
218220
218380
218260
218316
221504
218364
218864
218400
218456
233979
218504
220508
218544
218600
224528
218648
221808
218692
218740
224248
218744
219032
218792
218840
223832
218844
224288
218888
218936
224008
218984
224904
219032
219080
235636
219128
224656
219172
219220
225443
219268
224631
219316
219364
242432
219412
227489
219456
219504
237084
219504
225492
219552
219600
224896
219648
224065
219692
219740
243653
219700
223284
219748
219908
228592
219844
228335
219888
220048
237694
219984
226412
220032
220192
229220
220128
233899
220172
220332
226976
220268
233324
220316
220476
220356
220412
222160
220332
220492
220314
218573
223960
218585
222941
218545
218601
223493
218645
218505
218273
217983
229323
218031
218395
217919
217827
223740
216491
225195
216539
216587
223290
216635
222059
216683
216731
235071
216775
222702
216823
216871
236283
216919
223720
216967
216895
229020
216876
226070
216924
217084
220904
217020
217392
217068
217228
217108
217164
220934
217212
217372
217252
217308
221392
217356
217536
217396
217448
221180
217496
217760
217536
217592
231164
217640
217908
217688
217728
224984
217780
222144
217712
217760
221944
217808
225010
217856
217900
224150
217948
228028
217996
218156
229584
218092
230064
218140
218296
222960
218232
223580
218280
218440
230822
218376
222748
218424
218580
235368
218516
229871
218564
218724
237154
218660
228572
218708
218864
227280
218800
229902
218848
219008
218888
218944
222516
218992
219148
219028
219084
221336
219132
219292
219172
219228
222920
219276
219868
219316
219376
225670
219424
221172
219452
219506
222190
219554
220070
219610
219654
223241
219702
221014
219750
219798
231650
219846
222842
219894
219938
238286
219986
223982
220034
220082
238478
220130
223162
220178
220222
244198
220254
229962
220302
220418
238530
220398
229632
220446
220602
226330
220538
237184
220586
220746
225730
220682
229754
220730
220886
220766
220822
225982
220874
221034
220914
220964
224004
221012
221140
221048
221104
232535
221152
221516
221192
221248
228908
221296
221564
221340
221388
226532
221436
229260
221484
221532
236752
221580
231002
221624
221672
225000
221720
230376
221768
221816
241633
221864
234788
221908
222068
224092
222004
241633
222052
222212
222116
222148
225800
222192
222352
222232
222288
227925
222332
222496
222376
222432
244599
222476
223656
222516
222570
230378
222618
222886
222666
222714
228290
222758
228385
222806
222854
230262
222902
228614
222950
222998
230046
223042
237278
223090
223138
244686
223186
228930
223234
223394
235169
223326
230758
223374
223534
239544
223470
229014
223518
223566
236274
223610
230534
223658
223818
237978
223754
237034
223802
223962
223850
223898
234058
223946
224106
223986
224042
230354
224090
224250
224130
224177
231269
224225
224484
224364
224420
234620
224468
225832
224516
224560
240237
224608
225068
224656
224704
230840
224752
229204
224800
224844
228624
224892
232048
224940
224988
239570
225036
230396
225084
225240
232444
225176
240048
225232
225392
229020
225328
231456
225376
225568
225568
225504
231564
225552
225712
225848
225648
228664
225696
225824
225732
225788
228454
225836
225968
225876
225932
231768
225980
226136
226016
226072
240380
226120
227604
226160
226216
248392
226264
228164
226308
226356
229940
226404
226736
226452
226500
232916
226548
228384
226592
226640
233664
226688
231108
226736
226784
240540
226832
233738
226876
226924
233206
226972
236320
227020
227068
245284
227116
231396
227160
227204
242029
227256
247969
227304
227464
265817
227400
238476
227444
227604
231048
227540
235992
227588
227748
231720
227684
242660
227728
227888
227768
227824
229684
227872
228032
227912
227968
236528
228012
228172
228052
228108
230508
228156
228316
228196
228252
233623
228296
230020
228336
228392
236232
228436
228708
228484
228532
231308
228576
228848
228624
228672
232820
228720
232804
228768
228816
249568
228860
232568
228908
229068
247853
229004
250316
229052
229212
251245
229144
237188
229192
229352
233276
229288
237468
229336
229496
229376
229428
235476
229476
229636
229511
228954
232890
228322
227810
227690
227742
232938
227790
228066
227830
227886
236888
227934
228674
227982
228026
232861
228074
229018
228122
228170
235406
228218
233391
228266
228422
251811
228358
232742
227574
227734
234622
227670
239622
227718
227874
229882
227802
240595
227850
228010
227890
227946
230962
227994
228150
228030
228090
235772
228134
229034
228174
228230
234746
228278
229762
228314
228370
254969
228418
229598
228466
228514
234856
228562
230194
228606
228654
243306
228706
231874
228754
228914
251241
228850
240950
228894
229054
242995
228990
245215
229038
229198
229106
229130
241893
229178
229338
229218
229273
233953
229321
229589
229361
229417
239913
229461
230825
229707
229505
238581
229553
229821
229601
229649
233685
229693
229965
229741
229789
233984
229837
231041
229885
229933
235710
229939
235108
229984
230027
233619
230067
237446
230114
230162
236430
230206
236362
230249
230409
249753
230345
238803
230393
230548
246728
230480
254469
230528
230688
230568
230620
235664
230668
230828
230708
230760
236417
230808
230968
230848
230904
236796
