mem
23117
45884
33069
29033
32101
34789
35231
40268
30636
29460
35712
35580
40072
29237
30917
32429
34793
35249
30437
32705
31877
36325
48256
29269
19666
21922
22074
25962
19811
19859
21030
22474
26612
20023
20071
20119
20744
22096
28452
24748
20315
20363
21207
25819
23631
25739
20552
20600
21612
23968
37660
35408
20796
20868
21092
24628
23253
25905
21041
21093
21325
24041
26581
30335
21281
21329
23877
25361
27261
21469
21517
21765
31065
44653
21661
21705
21941
23817
28607
42636
21897
22009
24505
31673
29169
22084
22132
23852
25114
42586
22274
22336
22572
24608
38112
41100
22532
22640
24168
26680
36532
22724
22772
23004
24808
28973
41856
22960
23008
25256
23110
25322
30348
40200
23250
23482
25418
25298
45507
23438
23486
23718
26122
30558
28934
23678
23722
24563
28587
28462
29278
23958
24006
24806
28990
26458
46293
24193
24245
24477
26665
29749
31152
24433
24481
26649
35301
37865
50133
24670
24718
26202
26750
29082
40238
24910
24958
26250
27522
28042
33186
25151
25191
25427
26507
28951
29975
40031
52882
25479
25523
26239
28883
34348
29256
25732
25776
27724
27148
30408
44625
25968
26016
26244
27888
33228
29472
26204
26252
26300
28168
30300
30156
26444
26492
26724
29780
31468
32208
26680
26728
26960
29980
29608
29488
38940
26964
27012
27856
28892
32819
27154
27202
28870
36274
41502
27346
27578
29470
34645
35414
27534
27582
29706
37742
45761
27722
27954
36046
34834
48702
27914
28146
30706
39913
49106
28286
28334
28474
33102
32966
28290
28338
28998
30838
42758
28482
28530
30370
30938
32458
28670
28718
30134
36458
38522
28858
29090
32750
34878
32222
29050
29282
32346
31306
39770
29238
29286
29930
32334
48120
29423
29471
29703
29751
31899
33291
52803
29707
29759
30387
31991
38283
36767
29951
29995
31379
34547
39963
39731
30187
30235
30607
32527
36427
30375
30423
30655
35227
37283
30563
30611
31147
34211
41627
30755
30803
31203
32771
35225
30947
30989
32837
33889
59940
31237
31285
31317
35653
43597
31405
31437
39753
37761
37605
36257
31601
33333
34129
39385
31761
31821
31861
34929
36742
31954
31998
32042
35354
42766
32134
32174
32222
35010
39387
32293
32341
32369
35861
39465
32453
32489
32669
35241
32605
32641
32677
34414
60897
60793
37180
37548
37227
48355
38688
33227
33275
39299
41307
37083
40507
33443
33411
33467
51491
45055
36759
36571
44559
43113
57269
36305
34053
34285
38405
83604
34213
34245
34473
39321
45601
34381
34617
35605
36665
41158
34573
34621
35485
36853
45633
34765
34813
36373
41585
40855
34953
35001
37413
45413
44170
35141
35189
37241
41149
43531
35333
35565
35945
41781
40689
35521
35569
35925
37501
45013
64645
35761
35809
37645
40025
40981
35953
35997
40881
40461
40897
36141
36189
37137
38153
53085
36329
36377
36701
39845
51486
36521
36565
38405
39905
41277
36813
39641
40165
39061
40597
36885
41261
40040
48905
48526
37010
39058
46478
40698
46918
39194
37330
37382
44830
46422
37486
37866
39878
40082
45698
37546
41670
40342
45158
45674
42442
44130
37950
55590
68809
41573
38121
42293
45733
42261
63667
38449
38497
45945
54076
62568
38457
38625
40905
43389
45785
38741
38873
41241
48769
42933
38833
38890
40138
50870
44878
40474
39154
41438
54514
42142
39318
39454
41078
44018
48442
39506
39554
39606
41486
42486
39770
39646
41566
43214
46283
41534
39838
40070
41698
44718
47090
40026
40074
41522
43338
46556
40214
40262
40842
41562
44954
40402
40546
43478
42594
45002
40722
40778
42742
77341
42722
40870
42626
49406
48838
59311
41018
41246
41330
45638
47266
41276
41420
44892
43420
48276
61120
41560
41588
53700
57344
45238
41918
43310
43778
50810
42078
42126
52278
49202
57586
42078
42314
48382
49465
69027
42270
42502
43442
46638
56383
42650
42514
42710
46646
48914
42822
42798
42946
46202
65629
42838
42890
43125
46717
50026
43065
43085
43313
45365
48469
46917
43461
43325
45729
48213
43601
43642
49150
53446
43554
44538
51655
43650
43694
44237
62741
43790
43838
47230
49982
43934
44162
45942
49314
44074
44306
46454
48530
52159
44390
44926
46282
60558
44502
44774
50650
44498
44551
44819
46787
44743
44823
46663
51455
44859
44915
46623
44923
44883
44939
52295
49747
61704
47108
53116
45224
45232
49388
45275
54631
72194
60289
51431
45511
46415
65263
45607
45839
45915
58911
45931
45795
48063
50375
45891
46123
49695
51259
46031
46079
48111
52064
46175
46407
54043
46267
46315
48323
50847
46411
46643
48491
65911
46551
46599
52831
50339
46695
46927
50507
59511
46835
47067
65991
46931
46979
49803
52751
47075
47303
51571
50707
47217
47488
54768
47312
47360
50904
52128
47453
47501
49265
71022
47693
47813
51933
49825
47737
48005
50177
47833
47881
51577
66394
48157
48117
50377
62194
48117
48349
54713
48225
48257
49669
55237
48353
48401
50355
55596
48477
48506
50566
53354
48590
48822
51454
65445
48734
48778
50890
53930
48874
48922
50778
72786
49018
49246
67538
49110
49158
49538
54590
49254
49302
51034
55933
49394
49626
57066
49486
49538
53858
56765
49626
49678
51490
69962
49770
49869
54145
67245
49933
50165
56338
50025
50077
51605
54173
50173
50217
50265
53613
56275
50361
50409
53933
66970
50502
50550
52414
58938
50646
50878
55206
52894
50786
52394
61446
50882
50930
55282
55678
51026
51254
63537
51114
51166
51830
55394
51262
51490
53786
58222
51402
51634
54198
61670
51546
51778
57876
72838
51686
51918
56578
55038
51830
55766
55578
51921
51969
53881
60289
52065
52297
57293
53849
52205
52529
56813
52301
52349
54121
69429
52445
52673
59057
52537
52585
57297
69387
52681
52913
56005
61949
52821
53053
52917
53293
59441
53013
53057
54765
57477
60796
78373
53249
53481
57485
74778
53389
53621
56913
74329
53533
53765
77082
53623
53671
53999
57863
53767
53815
57379
58403
53907
53955
56035
57407
54051
54099
56091
65628
54134
54182
56626
61882
54274
54330
56122
63190
54418
54650
57818
56698
58938
69230
54658
54702
59190
67918
54798
54842
55078
56950
59958
54986
55034
55266
56906
59966
65658
55226
55454
56946
61630
64026
55414
55462
57126
57686
57894
64046
76310
61634
60118
68339
62990
63090
55934
55982
56214
56866
58830
61338
78482
56218
56450
56598
58246
58918
70982
62559
71118
67066
64250
61894
81983
56739
56787
57019
57067
62467
56975
61103
58895
59019
57167
61195
59923
63315
59271
60523
59411
60303
64579
71927
57639
57871
61155
61423
64816
68343
57875
57923
59011
63015
66518
64667
58111
58159
60931
62139
65007
58303
58412
60428
63544
65377
72816
58600
58648
59276
64328
62172
58788
58836
60248
58932
61092
64748
66589
59068
59116
59352
61844
66502
63732
59304
59356
59588
62392
62020
64596
59548
59592
59824
63928
61700
65472
82753
59832
59876
61744
67024
79728
60020
60068
60300
62108
64296
67064
60256
60304
60536
60584
60628
61552
60536
62964
62512
68940
71716
60728
60776
61104
63344
70808
60920
60968
62692
66324
61060
61292
65836
61188
61204
61528
65484
61296
61344
66704
77125
61440
61668
63436
73087
61580
62688
81725
61676
61724
62128
77404
61820
61944
65468
93715
61960
62192
73937
62068
62104
63552
75040
62196
62244
65556
81760
62340
62572
82552
62432
62480
64588
74170
62576
62624
64448
70330
62716
62948
75284
62808
62860
63824
70887
62956
63000
65032
67508
63096
63328
79377
63188
63199
63519
70587
63291
63339
66171
71638
63435
63667
69091
68595
63567
64155
69227
63671
63719
64455
69051
63807
63859
66663
78995
63955
64187
80023
64051
64095
64611
78634
64191
64423
69111
64299
64335
64798
75066
64426
64474
67290
71166
64570
64802
71006
64662
64710
68394
72438
64806
65038
71428
67462
64946
65478
70511
65042
65090
68490
78494
65170
65210
73894
88302
65310
66954
82825
65406
65454
69418
83568
65542
65594
67386
88323
65690
68238
105321
65782
65830
71386
83169
65926
65974
68246
86398
66066
66998
84648
66162
66210
70666
78173
66306
66534
70474
89518
66446
66678
68646
75789
66590
66818
77602
66682
66730
68530
80549
66829
67061
74007
66917
66968
68660
73392
67064
67112
69168
86618
67204
67528
71128
67300
67344
73340
74224
67444
67488
71556
83808
67584
67712
70140
72988
67728
69916
74791
67820
67868
71408
74574
67964
68196
84216
68052
68104
68472
92720
68200
68312
75038
68292
68340
69244
75649
68436
68480
70808
86511
68580
68904
77644
68672
68720
70560
83151
68816
68864
84807
68904
68960
70508
75857
69056
69104
70756
75977
69196
69402
80586
69262
69314
71386
79092
69410
69454
72994
93858
69544
69672
71472
70196
69688
70972
73604
69780
69828
75548
78234
69924
70156
74872
70048
70064
72036
78496
70160
70208
72668
99531
70300
70348
74084
91904
70444
70676
84408
70540
70584
75160
81960
70680
70912
73972
75760
70824
71052
72808
113788
70964
71196
74896
74904
71034
71032
75914
77962
78761
71192
71424
74360
78804
71336
71384
74343
80892
70603
70650
72282
75410
76018
70790
70838
73362
76850
70934
71174
73006
77646
71082
71314
77078
94969
71226
71458
76054
71317
71365
71597
85261
71461
71501
72621
85969
71593
71825
78853
80777
71737
73765
77737
71829
71877
73945
78284
71955
72003
74395
85811
72099
72327
79984
72187
72235
74219
79627
72335
72571
77887
72431
72483
73007
77579
72579
72627
75771
79315
72719
72847
76339
77999
72863
73095
86359
72955
73003
73335
77799
73099
73147
75623
77607
73243
73471
78151
85055
73387
75919
79671
73483
73531
75551
77954
73618
73850
80510
73710
73762
74302
81747
73858
73906
74692
81180
74000
73856
77312
86600
73948
76276
78288
74044
74092
77052
78296
74192
74424
78080
74284
74336
74664
80212
74432
74480
77536
99301
74572
74804
88191
74668
74716
78528
79900
74808
75040
80580
74900
74952
75756
78920
75048
75092
78196
93468
75188
76736
79536
75228
75276
78724
80436
75368
75600
79100
79900
75512
77156
89512
75604
75652
79496
99592
75748
75980
85205
75844
75892
78644
81875
75988
76036
81660
93456
76136
76364
92647
76224
76276
77748
79880
76376
76424
78192
88740
76516
76564
77588
79956
76664
76896
95027
76748
76804
78056
82232
76900
76948
81664
84252
77044
76943
81643
89595
76959
78567
82455
77055
77095
78903
89457
77195
77427
93039
77303
77343
78087
82871
77439
77487
80071
82959
77583
77815
82271
77675
77723
79667
80859
77819
78051
83259
81311
77959
78867
82091
78055
78103
80827
83983
78199
78251
82915
78287
78347
79035
85967
78447
78495
82563
105202
78587
78819
92458
78683
78731
84238
95470
78882
78930
85531
78974
79030
80894
84662
79126
79170
82614
103166
79266
81186
88478
79362
79410
82810
83802
79506
79738
85050
86890
79650
79974
83654
79742
79790
83386
83830
79890
80122
84694
79982
80030
80410
96927
80126
80174
81370
105181
80270
82030
85558
80362
80414
82034
88202
80510
80742
86118
91666
80650
80978
88853
80746
80794
83682
96113
80890
81122
83586
80998
81030
81586
99405
81130
81174
83048
92095
81268
81439
83743
81311
81355
83259
87684
81447
81495
83367
95111
81591
81823
87718
81687
81731
83347
86731
81831
81879
84251
95795
81971
82203
100219
82067
82115
84627
87871
82211
82255
84587
99339
82351
82587
98572
82517
82544
86936
88400
82636
82868
89717
82728
82780
84344
90025
82872
82920
84788
89229
83020
83252
86764
83116
83160
83704
101532
83256
83308
94074
91766
83337
83565
92729
113149
83477
83709
85509
90661
83621
83665
87693
88217
83761
83809
87793
87413
83905
83941
85341
99701
84041
84097
86045
88993
97421
84237
84469
88845
101085
84385
84433
86249
120031
84525
84849
99278
84621
84669
88605
99925
84765
84949
87129
88877
84905
84953
87873
95753
85053
85280
88732
105352
85192
86016
95603
85312
85340
86404
92837
85432
85480
87580
103416
85576
85812
97304
85672
85724
89204
106823
85820
85868
90572
101624
85960
86192
92393
86052
86104
87824
93240
86200
86244
90392
97440
86340
86572
100729
86440
86488
90566
91658
86578
86810
92862
86670
86726
87874
95108
86778
86826
89754
103918
86922
87154
96918
87018
87062
88878
112767
87162
87394
94425
89410
87310
88110
90622
87402
87450
90534
102863
87546
87778
100478
87642
87690
91566
95546
87790
88022
93598
87882
87930
89198
90882
88026
88074
89774
112739
88266
91434
97278
88266
88314
90578
92918
88418
88650
94702
88506
88566
88950
95153
88662
88894
95894
105443
88810
89042
107813
88906
88954
92486
95774
89050
89278
94442
89138
89202
90166
94086
89294
89346
93658
113833
89438
90138
91498
89534
89582
92914
104226
89674
89906
96710
89770
89818
90410
100018
89914
89958
92162
115524
90054
90798
96604
90153
90201
92009
100257
90297
90529
98177
90393
90441
93981
95373
90533
90661
92957
107673
90621
91955
100270
90710
90754
92554
99082
90854
91086
96772
90962
90998
91326
104479
91090
91142
93230
114714
91238
91470
98366
91330
91378
93420
137032
91456
91688
98744
91552
91608
92212
95068
91704
91752
96552
107844
91848
92875
105059
91927
91975
94495
101743
92071
92123
95991
110432
92215
93223
97067
92311
92359
95459
99325
92451
92683
100062
92543
92599
94527
109578
92695
92739
95855
100311
92835
93067
98487
92951
92979
93567
98957
93079
93127
96399
97371
93223
93455
106603
93311
93363
95639
99967
93459
93511
96955
99287
93607
93839
97559
93707
93751
95119
97643
93846
93890
95710
104946
93986
94034
95854
114712
94134
94362
96706
114454
94274
94821
104865
94389
94417
96705
112246
94509
94557
97889
120033
94653
94885
99193
94745
94793
96947
102055
94891
95123
113122
95019
95031
95611
105340
95127
95175
97465
101963
95269
95497
100709
95357
95401
95749
100165
95504
95560
97600
101708
95632
95864
124163
95728
95694
97750
99798
95786
96018
102214
95882
95938
96266
101234
96034
96078
98162
111278
96174
96406
113206
96270
96318
99030
99706
96414
96646
101314
96514
96558
97118
109282
96650
96878
101122
96742
96794
98302
104151
96889
96937
104233
101273
97033
97265
109689
97149
97177
97441
110631
97269
97421
102105
97361
97417
97741
103586
97509
97557
100144
100776
97640
97872
105418
97736
97784
98648
105972
97884
97976
99836
109528
98028
98352
114818
98120
98168
99980
115124
98264
98496
105867
98356
98408
100700
103160
98504
98584
107005
98596
98644
99224
103692
98736
98788
100581
122009
98885
100801
107521
98977
98871
100683
113683
99025
99287
105464
99147
99195
99799
118960
99291
99467
102966
99402
99410
99986
109278
99506
99554
102978
108086
99650
99878
114232
99742
99790
102206
103858
99890
100122
108166
99175
99204
101485
105954
99297
99529
101489
99401
99441
100921
105556
99537
99585
106277
128680
99681
100489
108705
99773
99821
103821
105589
99921
100157
113524
100017
100073
102221
112565
100169
100401
105337
106817
100309
101581
118196
100405
100453
102245
103913
100549
100777
107365
100637
100440
102932
112960
100536
100584
104136
103504
100676
101240
105512
100772
100820
103148
121896
100912
101144
113641
101008
101056
104576
105692
101156
101388
111178
101248
101300
102808
106368
101396
101444
106724
127024
101536
101768
113785
101628
101680
103520
117797
101772
101820
104568
108100
101916
102289
104537
102025
102069
103899
111200
102139
102371
104555
110399
102283
102603
111271
102371
102607
105815
107223
102523
102759
106982
103730
102638
102962
106614
102734
102966
107270
107878
102874
103106
113230
102974
103022
105590
118234
103118
103346
104994
138726
103258
105102
109802
103354
103388
105408
107916
103480
103712
119696
103576
103623
105367
121398
103715
103823
107375
108439
103863
104611
108155
103959
104003
107135
106903
104103
104335
130297
104215
104247
106295
117571
104339
104571
112195
104447
104487
105791
112007
104579
104627
107199
124109
104723
104955
107043
104819
104863
106675
115763
104959
105039
108631
117835
105103
107127
111879
105195
105243
106191
122875
105339
105571
120863
105431
105479
107587
111575
105575
105687
110479
105679
105719
108051
110791
105815
105863
108043
112900
105971
106199
123483
106059
106111
106495
118892
106207
106255
108879
113851
106347
107047
113719
106443
106499
108551
120758
106591
106823
120755
106683
106735
106963
122307
106831
106875
111927
108907
106983
107787
114067
107079
107127
108055
131183
107219
107451
114879
107315
107363
109479
114101
107459
107738
112870
107598
107650
108878
112442
107746
107790
111010
130082
107886
108116
127689
107996
108028
110640
116484
108120
108352
117052
108212
108264
108892
120048
108356
108404
109780
130012
108500
109208
126817
108604
108648
115120
138267
108744
108792
111296
118852
108888
110332
114328
108980
109028
111524
121096
109128
109360
117152
109220
109268
111100
116965
109364
109596
117872
109472
109508
110280
115893
109608
109656
111824
127184
109752
109980
127621
109844
109892
114080
114247
109991
110223
117960
110087
110131
110463
127519
110227
110275
114571
121115
110367
110691
117529
110467
110515
113939
121723
110611
110843
114980
110704
110752
113260
135003
110848
111080
118928
110936
110992
112296
118823
111088
111136
113308
131692
111228
111596
117244
111360
111408
113116
116360
111504
111736
118752
111600
111648
116772
132337
111744
111872
122327
112600
111884
114316
114760
111984
112032
114280
134988
112124
112360
117740
112220
112268
115028
121815
112368
112596
123792
112464
112516
112844
121288
112612
112660
115396
120212
112752
112984
128032
112848
112896
116656
121212
112996
113228
119371
113088
113140
113464
116676
113236
113280
117892
133924
113372
113700
118660
113476
113520
117088
120702
113612
113844
131263
113708
113756
114704
116424
113848
114080
128380
113940
113996
114544
121520
114100
114148
124584
124824
114244
114628
121647
114340
114388
116180
120576
114480
114712
124256
114576
114624
119588
117780
114716
114948
125330
114808
114860
115784
122037
114956
115076
122900
115044
115100
116168
120540
115196
115244
120072
122404
115336
115572
133777
115436
115484
119051
119847
115571
115807
121887
115667
115719
117147
126479
115815
115859
121399
136356
115955
117543
120479
116067
116099
118991
120983
116195
116427
129475
116291
116339
118355
122959
116431
116663
130471
116523
116579
117611
125266
116675
116719
119863
152752
116815
117047
136686
116927
116963
119459
130343
117067
117299
123960
117167
117211
118323
127027
117303
117351
131943
139009
117451
119075
131338
117551
117595
123139
126170
117683
117923
123957
117799
117835
118171
128903
117931
117979
122555
119447
118075
118347
124339
118163
118215
122619
143306
118311
118543
121863
118407
118455
118959
138587
118551
118783
122123
122311
118699
120643
124539
118791
118839
121091
139466
118935
119167
136607
119027
119075
124895
122903
119179
119411
129722
119299
119319
120687
122987
119415
119463
121239
143781
119559
119787
123167
119643
119787
121623
125835
119803
119835
120411
135308
124799
119979
122695
130199
145633
120127
120351
124559
125071
120267
120499
126515
120379
120415
122923
136979
120511
120559
123779
144263
120655
120887
128519
120751
120795
121943
126838
120895
120943
125303
127595
121009
121233
128033
143825
121145
121373
130948
140897
121285
121516
131192
155807
121428
122680
127964
121524
121568
126108
130198
121668
121796
125596
138194
121812
122132
128308
121904
121952
123996
125588
122048
122096
125360
128880
122192
122424
130900
122292
122344
124168
129260
122436
122484
124376
152689
122580
125376
132148
122676
122720
124724
127060
122816
122864
126180
126888
122964
123192
137188
123056
123104
128544
127644
123200
123248
125164
127268
123344
123836
131108
123440
123488
125548
128176
123580
123812
131536
123688
123724
125232
133163
123824
123868
125640
127668
123964
124196
129368
124072
124108
124432
139075
124200
124248
126800
140411
124343
124595
127767
124435
124483
128999
138630
124583
124631
127031
145395
124723
125955
140770
124818
124866
126714
134934
124962
125190
139829
125050
125106
125534
132314
125214
125262
128558
146091
125354
125722
129302
125450
125498
127206
131798
125590
125822
130682
125682
125734
126254
133326
125830
125874
128606
131090
125970
126202
130038
126078
126114
128262
130058
126206
126254
129798
132146
126354
126402
128126
146814
126494
126730
130654
151205
126642
128506
134270
126734
126782
131274
132250
126878
127110
132374
134746
127018
127250
148287
127112
127160
129228
133107
127255
127483
130095
148463
127395
127623
139798
127507
127547
129539
138319
127635
127683
131979
129107
127787
129499
133627
127883
127931
129955
135278
128027
128259
133703
168675
128167
128399
133775
134635
128315
128547
135934
128419
128455
131627
137184
128551
128599
130439
139691
128695
128923
142931
128787
128835
129171
132791
128935
128983
131659
157148
129071
130263
171379
129167
129215
132855
139983
129307
129547
132623
129407
129459
131171
143662
129555
129599
131359
149077
129695
129927
138502
129799
129831
131619
154295
129927
130159
140114
130019
130071
130435
140915
130163
130395
138526
132395
130311
133163
140439
130407
130451
132351
138347
130547
130779
136779
130659
130691
132615
141907
130783
131015
142671
130907
130931
132259
144891
131027
131071
133363
142477
131171
131403
138967
131267
131315
133183
137764
131411
131643
139454
131519
131555
133807
172481
131647
131695
137089
131731
131587
132775
138631
131683
131727
133523
157650
131823
132411
136159
131919
131967
133619
137427
132063
132295
136027
132175
132207
134279
147575
132303
132351
140140
133779
132447
133471
145135
132543
132591
137891
150720
132687
132919
145959
132779
132831
136819
139679
132923
133155
162385
133035
133071
135227
136511
133163
133395
145057
133271
133307
135219
138715
133411
133455
135511
153784
133555
134131
140787
133651
133699
135775
142035
133791
134023
142527
133903
133935
138523
142107
134027
134263
141602
134123
134175
136967
140307
134271
134315
139203
135547
134411
137063
140955
134511
134559
149079
158516
134651
134883
150236
134763
134795
137243
141963
134887
135119
141651
134987
135043
136667
149506
135139
135183
137451
144139
135279
135611
138471
135375
135423
137139
141779
135519
135751
151682
135635
135663
137575
140099
135755
135987
143442
135863
135899
137127
142864
135995
136039
137835
158471
136135
136463
141395
136231
136279
138351
139911
136375
136607
147011
136487
136519
141979
141091
136615
136847
144803
136706
136752
139824
141456
136703
136747
138955
146595
136835
137067
144151
136935
136983
138707
142563
137079
137311
141727
137175
136787
138587
140755
136879
137111
141399
136971
137023
138311
149642
137119
137163
140303
158931
137259
137587
144358
137359
137407
143707
140915
137503
137735
159900
137614
137646
140466
147150
137738
137970
143178
137834
137890
138222
147178
137986
138030
142070
169170
138126
138358
148898
138222
138270
140094
144786
138366
138598
148731
138474
138510
140678
145358
138602
138650
140594
177970
138746
141058
148634
138842
138890
143730
153622
138690
138922
156427
138786
138834
139546
145094
138926
139006
142518
149146
139070
139306
145926
139166
139214
140426
143330
139314
139546
152938
139410
139454
141238
145637
139554
161179
139786
147235
139654
139694
140026
145330
139790
139838
142682
162618
139934
140262
152297
139122
139170
141498
146995
139266
139498
144442
139362
139406
141238
143618
139386
139618
144974
140506
139534
139854
144362
139626
139674
143742
146763
139775
140067
148152
139863
139911
141935
146051
140015
140247
156485
140111
140155
141951
155919
140251
140483
145423
140359
140395
140715
157383
139917
139965
144893
157637
140061
140289
158100
140157
140205
143601
145089
139863
140095
181498
139963
140007
140683
156040
140103
140335
147179
140239
140251
140791
155580
140343
140391
142203
155355
140487
141979
145791
140579
140627
143431
145983
140731
140963
160023
140827
140870
143031
161307
140979
141211
142363
158887
141123
142763
147894
141215
141263
143547
145711
141359
141591
152687
141451
141499
144915
143723
141595
141827
149754
141695
141735
142063
146095
141831
141879
145759
167802
141979
142303
144623
142071
142119
144251
145591
142219
142451
153631
142311
142359
144555
149223
142459
142691
149535
142551
142599
143875
149211
142695
142743
145127
164007
142839
143067
165204
142935
142983
148495
146239
143083
143315
149551
143175
143219
146599
161447
143319
143556
151135
143416
143464
143788
147120
143560
143612
145728
174059
143704
143936
163089
143800
143848
145456
146816
143948
144180
151336
144032
144088
144732
151832
144184
144234
146058
168455
144326
144650
149593
144422
144470
146862
148574
144570
144798
163008
144666
144710
146410
153242
144806
144854
152573
144894
144954
155369
150266
146082
146126
148902
176614
146218
146798
148282
146314
146362
149702
150438
146462
146690
155474
146558
146602
147890
157710
146698
146746
148870
157634
146838
147806
153174
146954
146986
153134
155046
147078
147310
166796
147176
147224
150408
153964
147320
147548
162308
147408
147464
147736
156316
147560
147724
155820
161180
147700
148364
156031
147812
147844
151552
151728
147936
148176
169580
148040
148088
149468
153332
148184
148412
153288
148272
148324
150496
153476
148420
148468
150280
174701
148560
148884
167467
148672
148704
151160
154200
148796
149028
154688
148892
148944
149712
152296
149040
149088
152220
181346
149184
150708
163360
149280
149328
152900
155036
149420
149652
156536
149528
149564
153852
155467
149656
149888
164336
149748
149796
150124
157996
149898
149946
154278
167262
150042
150274
176410
150138
150186
151994
157642
150278
150510
157933
150386
150426
151722
156470
150522
150570
153990
163162
150670
150994
158121
150766
150810
152634
161163
150906
151142
162586
151006
151054
156154
159131
151146
151374
155554
151262
151286
155858
164914
151386
151618
157386
153602
151530
153502
156306
151626
151670
153982
155146
151758
151998
167832
151862
151910
154642
187141
152002
152234
168759
152134
152150
152730
162772
152242
152282
153038
156090
152390
153758
156530
152486
152530
155414
162239
152626
152858
169708
152722
152770
154602
158258
152870
153102
159969
152982
153014
156178
166355
153106
153338
157542
153234
153250
153830
158010
153346
153390
156882
160021
153490
153722
185570
153588
153636
155720
161388
153732
153964
165615
153848
153880
156196
162804
153972
154204
161587
154760
154120
154448
165090
154216
154260
156012
162085
154353
154589
170803
154453
154501
157573
158933
154597
154829
167785
154705
154741
157361
162609
154833
154885
163404
159789
154981
158441
164482
155077
155121
156873
162620
155221
155449
159785
155317
155365
156085
166583
155457
155689
163384
155601
155601
156093
162009
155693
155741
157853
166433
155841
156177
162624
155937
155981
159185
163984
156081
156313
171833
156177
156225
160593
162952
156317
156549
169317
156433
156461
157605
160977
156553
156601
158705
190066
156723
157463
161147
156819
156863
161351
164718
156967
157199
164919
157063
157107
159663
167007
157207
157359
161179
177717
157351
158999
164007
157443
157491
159499
164687
157587
157819
173376
157683
157727
160543
162007
157823
158059
177854
164075
157971
160139
162651
158063
158111
161387
172351
158207
158439
174936
158299
158347
159303
165951
158451
158683
174442
158543
158591
164759
163619
158687
158779
162967
194723
158835
159779
166619
158931
158979
160191
165594
159071
159307
166042
159171
159215
162087
180453
159311
159543
174326
161663
159455
160483
164087
159551
159599
161411
165199
159694
159922
174734
159786
159834
162638
165970
159934
160166
172462
160022
160070
162650
176426
160186
160218
163230
175349
160310
162418
167714
160410
160458
162286
167710
160554
160782
166879
160650
160694
161018
171706
160790
160942
163410
163018
160934
161510
169210
161046
161078
163794
169710
161170
161402
176586
161266
161318
165610
166962
161414
161562
166486
168654
161558
164210
170178
161654
161702
165102
171506
161794
163438
173833
161902
161934
165386
169949
162034
162266
172878
163878
162178
163446
169298
162274
162318
164166
178722
162418
162650
179126
162514
162562
164102
170126
162654
162886
167182
162762
162802
164638
170102
162894
162942
165454
188998
163038
164486
164918
163134
163178
166282
167790
163278
163510
177647
163374
163422
165846
166794
163518
163750
179061
163626
163662
164614
167822
163754
163802
168726
185285
163898
164602
171826
163994
164038
166218
166990
164138
164370
173447
164234
164282
165230
170954
164378
164610
176901
164486
164522
165102
168766
164614
164662
166482
190305
164758
164990
177770
164864
164908
167220
167904
165008
165173
172836
165044
165080
166284
168880
165172
165228
168004
190100
165350
165582
172738
165442
165490
169558
170174
165586
165818
180026
165686
165730
166262
181398
165826
165938
169986
191688
165970
169622
169766
166062
166110
167382
185133
166210
166442
185810
166302
166350
168234
179646
166446
166598
172278
166538
166590
166918
174519
166682
166734
169242
176198
166834
167062
172778
166926
166974
173414
174542
167070
167302
173916
167158
167214
167638
170670
167326
167358
169146
192999
167450
167682
177802
167546
167594
169454
173598
167698
167926
177678
167786
167834
168766
184282
167934
167982
171382
192214
168074
168958
184366
168186
168218
174490
184358
168310
168542
187911
168406
168454
168826
184681
168550
168590
170446
168638
168694
170426
176206
168794
168842
172666
187128
168960
169192
174604
169068
169104
172348
178584
169196
169428
175156
169296
169340
170352
179505
169388
169434
174974
175958
169530
169866
180537
169626
169678
173146
173394
169786
170018
174562
169898
169930
173014
178583
170022
170254
181006
170114
170166
173962
176090
170262
170306
173770
201745
170402
170786
179806
170498
170546
172766
178583
170642
170878
192033
170758
170790
172826
174170
170882
171114
179855
170974
171026
172570
180114
171126
171170
177014
176542
171266
172674
175686
171362
171406
174786
188562
171502
171734
205586
171618
171650
173098
179587
171742
171974
208738
171838
171886
174514
179426
171982
172022
177034
185398
172126
172714
177790
172218
172270
174082
179629
172362
172594
180402
172474
172506
177198
188638
172602
172834
186518
172698
172746
174662
189958
172842
172886
174886
175054
172986
176142
177370
173082
173130
177758
218640
173222
173926
175170
173334
173366
175750
185610
173462
173694
181478
173562
173674
175538
196406
173774
173818
178282
193701
173914
174498
181477
174010
174058
178534
177802
174158
174390
185575
174270
174302
176362
183041
174394
174626
193585
174490
174546
177606
184786
174642
174686
177918
174758
174782
177954
182617
174878
174926
179982
185229
175022
176374
190464
175134
175166
178514
181929
175258
175490
185310
175358
175402
175986
181466
175498
175542
180206
195381
175638
175870
189935
175734
175782
177842
195329
175874
176062
184569
175982
176022
180302
195678
176114
176162
179106
179922
176258
177782
179414
176354
176398
183022
180694
176498
176734
206110
176602
176646
176970
187390
176738
176854
178898
196499
176882
178794
180762
176978
177022
179714
187650
177122
177354
189318
177214
177262
182002
195778
177358
177406
180354
196226
177502
178146
182550
177594
177642
181394
196670
177738
177970
182666
177830
177878
179694
184298
177978
178210
181750
178070
178118
179566
200847
178214
178262
180482
195958
178358
178902
184514
178454
178502
181150
182758
178598
178830
182734
178690
178738
184562
182622
178838
179070
186225
178930
178978
182070
185042
179074
179122
183142
206161
179218
180778
187474
179314
179362
181190
186790
179457
179689
192739
179553
179601
185621
201371
179697
179849
187528
179793
179845
180933
186225
179941
179989
184133
203749
180085
180313
202377
180177
180225
180865
215381
180325
180557
184737
180413
180469
183297
184149
180581
180613
183133
187552
180705
180937
196616
180801
180849
183489
201596
180945
180989
188672
181033
181089
182333
185429
181185
181233
183289
201878
181329
182909
198185
181441
181473
183297
188829
181565
181797
197592
181661
181713
182333
196025
181805
181849
188598
181897
181949
182277
190045
182045
182093
184693
207838
182185
182705
200849
182288
182317
184353
187333
182409
182641
195593
182505
182553
183885
191993
182649
182693
186269
192221
182797
185349
186585
182893
182941
185817
186397
183033
183265
187397
183151
183187
186931
190943
183279
183511
189966
183371
183423
184011
188731
183519
183563
185295
208263
183663
183895
200747
183759
183799
185639
187559
183899
184131
188475
184015
184043
184387
206735
184135
184183
188527
188691
184283
185811
189363
184379
184423
187263
191247
184518
184750
197541
184614
184662
188094
192226
184758
184990
191994
184866
184902
186526
194430
184994
185046
188934
193930
185142
185986
207176
185238
185282
189930
197870
185382
185618
189918
185478
185530
185834
190202
185622
185670
188334
209066
185766
185998
245030
185858
185906
187330
190682
186010
186242
190366
186114
186150
188198
190446
186248
186292
188548
212609
186392
186716
201207
186484
186532
189152
193541
186565
186801
193845
186657
186709
187037
196233
186821
186853
190053
202787
186945
187573
191197
187045
187093
189809
204897
187189
187417
196297
187281
187329
188709
194949
187429
187661
195409
187525
187569
188993
198780
187681
187713
190677
216225
187805
188361
199469
187913
187961
189701
195569
188053
188285
193073
188145
188197
189029
191949
188292
188344
194028
223900
188436
188992
194092
188548
188584
191068
201608
188676
188908
201040
188772
188820
193980
209652
188916
188960
193248
189004
189060
189388
197246
189156
189204
190908
201824
189296
189532
198780
189412
189444
195576
198396
189536
189768
198064
189636
189680
191104
195024
189780
189824
192284
211588
189920
190152
205660
190016
190064
193412
194744
190160
190392
202076
190268
190304
192048
198915
190388
190444
194335
200239
190535
191358
193878
190630
190674
195586
199942
190769
191001
211490
190935
190983
191991
203911
191075
191307
193879
212745
191215
192623
196218
191310
191354
196102
211103
191454
191686
198234
191550
191594
195602
215049
191690
191922
203952
191782
191842
194530
206346
191934
191982
194546
192042
192078
192862
198214
192170
192218
194926
222484
192322
192554
207962
192418
192462
195802
197642
192558
192790
204654
192654
192706
196130
209026
192810
192858
194958
196514
192954
194018
200051
193046
193094
194846
220714
193190
193978
201278
193290
193334
196322
198198
193430
193662
205488
193526
193574
196182
198010
193678
193910
202419
193786
193822
194146
198078
193914
193962
196062
204158
194058
194638
199594
194154
194198
196406
209982
194294
194526
213438
194390
194438
196942
213570
194530
194578
197658
237171
194678
195058
209134
194770
194818
195766
199690
194918
195146
198322
195014
195058
197018
211818
195158
195206
198186
204566
195302
195922
203189
195394
195442
198486
200318
195538
195766
201250
195634
195682
197490
201262
195794
196010
200678
195870
195918
196850
202318
196014
196058
199462
196122
196154
199066
201966
196250
196298
198130
216786
196394
196646
202502
196486
196538
200602
206867
196633
196865
201617
196725
196773
198601
201673
196869
196917
199777
216261
197013
201085
204221
197105
197153
200669
203865
197253
197485
206661
197345
197393
199309
210495
197505
197721
199453
205417
197633
199721
204844
197729
197777
199617
202785
197873
198109
204887
197973
198021
200197
225651
198117
198209
202765
198205
198257
200649
204349
198369
198401
201701
223618
198489
199397
201769
198589
198637
202257
202873
198733
198961
202481
198821
198873
201229
202329
198969
199205
205053
199065
199116
201269
207793
199229
199261
202085
222705
199353
200437
203613
199449
199489
203649
205325
199581
199809
207550
199669
199721
200229
211263
199817
199869
204505
221457
199961
200589
207037
200073
200109
204921
207421
200205
200437
207554
200301
200353
202213
233276
200449
200681
204253
200541
200593
202521
206041
200689
200737
202305
215621
200825
201101
214750
200937
200973
202845
205213
201073
201305
206285
201164
201216
201748
208869
201312
201356
205040
232959
201452
203724
222578
201548
201596
207616
216768
201680
201920
210505
201804
201836
202428
208769
201932
201980
203064
210828
202076
204380
221683
202172
202216
203948
208784
202316
202552
217131
202420
202464
202844
220347
202556
202604
203992
224380
202700
204168
210517
202792
202840
205172
225498
202936
203168
214120
203032
203076
207928
206992
203172
203400
208344
203264
203320
204964
217983
203412
203460
208584
227614
203556
203788
215309
203648
203696
206760
208976
203796
204028
209472
203892
203936
206844
209612
204032
204264
211833
204124
204180
205164
209912
204272
204320
207292
225448
204416
204740
217191
204508
204556
206680
208804
204668
204896
212540
204756
204804
207876
214621
204900
204944
208180
224952
205044
207256
217176
205136
205184
209708
210924
205280
205512
211264
205376
205416
207908
223649
205532
205748
209428
205612
205664
206524
214000
205756
205808
209172
231373
205904
206548
218544
205996
206044
208720
211332
206140
206372
210856
206228
206280
206572
213218
206392
206424
211028
227941
206516
206840
210356
206620
206668
208444
211332
206764
206992
212120
206852
206904
207236
212744
207000
207052
214653
209172
207144
213776
214844
207260
207292
209124
215963
207384
207616
213760
207482
207530
207906
211346
207626
207670
220253
207714
207770
208694
211958
207866
207914
209814
221786
208010
210202
211838
208158
208190
210670
211490
208282
208514
220069
208378
208422
208794
216753
208526
208570
211250
214354
208666
210046
213434
208762
208810
210426
224875
208902
209134
222346
209014
209046
213282
213654
209142
209374
219083
209258
209286
210814
214066
231088
209378
209426
213086
216538
209526
209758
219265
209622
209670
213150
214914
209766
209998
213310
209874
209910
212962
214578
210006
210058
213766
228201
210154
211722
222626
210250
210290
216110
214930
210390
210622
216154
210486
210538
213386
227502
210630
210678
216342
210738
210774
212458
216670
210866
210914
212994
237323
211010
211314
225123
211106
211150
216758
220597
211246
211478
215990
211338
211394
211858
215454
211486
211534
214062
242208
211630
212274
219586
211722
211770
213942
217286
211870
212102
222127
211966
212014
212338
232401
212110
212158
215262
215094
212254
213218
217190
212346
212386
214462
222734
212490
212722
237286
212586
212634
214434
217606
212746
212962
220354
212822
212874
217022
250107
212966
213018
219082
213062
213114
213434
218770
213206
213254
215942
233603
213350
213582
234356
213442
213490
215274
234512
213602
213714
216150
213694
213730
216406
218386
213830
213878
218270
239551
213978
214206
227527
214070
214118
217566
222953
214214
214450
222026
214314
214362
214614
223886
214474
214646
217510
234462
214598
215526
228814
214694
214742
217790
218394
214838
215067
222287
214927
214983
216491
221599
215079
215127
219499
215167
215223
215555
223075
215335
215367
217203
220867
215459
215691
219475
215555
215603
220019
219363
215703
215931
220295
215799
215843
218411
220275
215939
215987
218079
221747
216079
218575
220539
216191
216227
218311
241687
216319
216551
223263
216415
216463
224015
224792
216559
216787
221739
216655
216699
218291
233104
216799
216927
221919
216887
216955
218667
225710
217067
217095
219283
227043
217187
217419
238797
217287
217335
219187
230594
217431
217659
221539
217519
217571
219295
221975
217667
217715
220411
254465
217807
219539
232198
217919
217951
220327
226704
218043
218275
223359
218143
218191
218519
224735
218287
218331
220351
225315
218427
219391
222967
218523
218571
219999
222819
218659
218895
232231
218771
218807
222379
226983
218899
219131
230606
218991
219047
219383
222943
219147
219191
221439
241007
219287
219519
221339
219383
219395
224606
230189
219469
219701
227209
219585
219613
222345
237752
219705
219753
224605
226205
219853
220441
250968
219953
219997
221777
226429
220093
220325
225413
220185
220232
222880
232389
220324
220476
222184
228624
220468
223196
227480
220560
220608
221788
243195
220704
222252
224448
220800
220844
224180
248825
220944
221180
233186
222315
220946
221766
231755
220182
220230
223810
231935
220326
220650
238105
220418
220466
223602
229114
220578
220794
223802
220654
220706
222034
233521
220802
220358
225886
237874
220450
220954
238437
220550
220394
222174
237615
220294
219546
244892
219414
219462
221674
233923
219574
219606
220962
228374
219306
222198
223870
219402
219450
221114
226754
219350
219218
234778
219082
219130
220942
223014
219234
219466
227242
219330
219374
220078
224158
218286
218326
220662
228046
218418
218102
225212
217570
217618
220646
238302
217714
217942
235586
217806
217190
219686
221614
217286
217518
221766
217374
217522
220810
225863
217538
217566
220130
237365
217486
217722
262666
217586
217634
219450
226246
217730
217958
228817
217818
217870
219942
225599
217966
218014
220198
242694
218106
218850
252568
218218
218250
221342
222854
218342
218534
221346
218438
218526
219570
223362
218622
218666
221402
239196
218762
218818
222574
238669
218910
219242
226817
219006
219054
223782
232185
219150
219382
234794
219242
219294
222418
235341
219410
219626
222550
219486
219538
223134
225178
219634
219682
221958
246146
219778
220098
224430
219870
219914
222942
228125
220014
220246
224910
220106
220154
221958
227902
220262
220482
225926
220358
220394
222102
227637
220494
220542
222966
232982
220634
221738
233905
220730
220778
222582
240210
220878
221110
245651
220970
221018
222806
226578
220442
220554
228621
220518
220566
223002
227822
220666
220714
223506
243774
220810
223638
242422
220902
220950
225398
224658
221046
221278
228730
221134
221190
221434
231927
221302
221334
223162
234781
221426
221658
233022
221522
221570
226898
226774
221670
221898
228750
221758
221814
224250
228953
221910
221958
225622
226438
222054
225266
233834
222062
222094
229906
229406
221710
221710
239441
221574
221622
222426
230653
221434
221478
223286
245530
221574
222642
231086
221670
221718
227074
234494
221814
222046
234102
221934
221962
222970
232558
222054
222102
225998
242174
222198
223630
232018
222294
222338
225898
231070
222434
222666
226098
222526
222582
222846
235915
222674
222718
226174
248974
222818
223054
236654
222910
222958
226646
227894
223074
223290
228822
223158
223198
224450
242730
223294
223342
226430
241630
223438
223666
241006
222690
222738
226658
231625
222834
222826
231533
222690
222738
225086
233346
222850
222882
225106
246054
222973
223213
229425
223069
223117
229981
230129
223221
223449
227973
223309
223357
223689
230341
222989
223037
226509
227377
223129
223361
227518
223285
223321
223917
245264
223413
223493
227213
229777
223557
227513
242105
223653
223697
225509
235592
223797
224000
230496
223856
223908
225172
236928
224000
224048
227948
244744
224140
224380
237820
224240
224280
227472
229920
224404
224620
228536
232344
224528
226228
227816
224624
224672
227628
229364
224012
224240
231088
224104
224152
226208
239128
224248
224296
227724
229508
224392
224792
230420
224504
224536
226456
232232
224632
224864
230632
224740
224776
226264
230572
224872
224920
229144
231036
225016
225248
235232
225108
225160
226004
229836
225252
225300
227912
254564
225392
225624
242872
225492
225540
228832
229396
225652
225868
229228
225744
225776
229032
243492
225872
225920
227728
241008
225436
225664
234550
225528
225576
226384
248319
225672
225720
228928
253542
225812
226064
233504
225932
225964
228900
232864
226056
226288
230332
226160
226204
226536
231308
226300
226344
229404
230224
226440
226672
242648
226536
226584
228972
243935
226676
226864
227652
245812
226800
226162
240386
226022
226070
227858
235110
225166
225382
227578
227382
225294
226442
230822
225390
225318
227794
230342
225414
225642
257597
225506
225554
227402
234254
225654
225702
229258
255775
225330
225562
234978
225442
225474
227382
246499
225566
225802
234862
252930
225714
226950
231674
225814
225706
226034
238276
225802
225850
229302
294443
225950
229398
229846
226042
226090
233686
232958
226082
226318
229998
226174
226226
229318
230002
225922
225958
231970
248138
226050
228606
229370
226146
226190
228986
231450
226290
226518
234989
226378
226430
229906
231834
226530
226578
228662
233598
226670
226902
233290
226782
226814
230106
242737
226906
227138
238477
231182
227054
229062
253981
227150
227194
229122
239578
227294
227342
231126
244358
227438
229038
236958
227442
227490
229290
230582
227586
227818
235434
228942
227734
232634
232042
227904
227936
229968
232096
228028
228260
237423
233780
228172
229800
233192
228268
228312
230404
233820
228412
228644
236627
228504
228556
228876
242152
228648
228696
233208
233516
228796
229028
259612
228888
228936
232316
267860
229052
229092
231540
235248
229176
229708
232784
229280
229328
231384
237076
229424
229652
244388
229512
229564
230972
233540
229660
229708
232696
253003
229800
230824
270943
229912
229944
232336
244533
230036
230116
235272
232344
230184
231968
235216
230284
230328
232368
234768
230424
230656
240505
230516
230564
233456
255292
230660
230708
234388
243927
226239
226471
234661
226111
225495
226823
231971
225607
225639
228707
230487
225727
225775
227947
229603
225051
225271
232801
225135
223547
224135
275665
223643
223695
225731
247728
223791
224019
247680
223883
223931
228175
229171
224027
224259
229214
225159
224171
224799
238035
224159
224191
226007
229053
224321
224553
237476
224413
224465
224849
229493
224561
224609
230833
229041
224701
224937
229893
224801
224849
229773
239009
224941
225173
229417
229701
225089
226277
228157
225181
225229
227477
238052
225341
225569
233096
225437
225477
226965
244529
225573
225621
227701
249612
225725
225953
246884
225817
225865
227697
233433
225961
226193
236837
226049
226101
226509
232881
226213
226245
228061
241093
226337
226569
241113
226433
226481
230577
240465
226577
226621
228309
245925
226717
228269
241029
226813
226861
228745
231281
226961
227193
235744
227069
226857
228261
235730
226949
226997
231201
248477
227093
227845
242925
227193
227237
229401
241796
227333
227413
235616
231217
227481
228057
232469
227573
227621
231705
232529
227713
227945
235445
227813
227857
228441
232201
227969
228001
233945
249633
228093
228337
251854
228193
228164
231418
237842
228282
228406
233110
228370
228422
228754
237058
228118
228166
229974
241677
227394
227626
234434
227506
227538
228174
237362
227630
227678
231598
232978
227046
227370
234554
226101
226145
226679
232562
223923
223587
249641
223347
223339
223335
226939
222647
222695
224787
238621
222791
222614
240662
222474
222522
225178
231221
222634
222850
228198
224850
222762
223310
228918
222858
222906
226598
240946
223002
222821
232509
222685
222733
223077
235393
222833
222885
224749
231073
222977
225125
230197
223089
223121
225867
228419
223211
223447
228063
223315
223363
225735
232775
223459
223503
227847
228955
223599
223839
229363
223699
223755
224799
228235
223839
223895
225827
237191
223991
224223
232723
224083
224131
224715
227963
224247
224279
226107
246367
224371
224575
247235
224439
224487
227275
