mem
25840
99786
44727
37189
51628
39579
38610
64393
46664
31852
60710
63969
35044
65093
34693
32813
53279
36589
43269
33949
31961
68326
37285
47666
41363
31089
39981
42262
30534
46807
39494
32006
33514
35082
48066
48314
66077
39406
31886
31490
54543
31310
49121
69785
32966
67320
39730
34194
49866
39138
36573
61021
26897
46254
42430
29343
29620
29899
28069
37701
38862
61386
56876
32522
64939
41950
37261
74993
51439
35211
44782
36998
45749
40538
47549
53172
37425
42793
59943
39157
85794
45074
38018
53137
55332
54830
50634
43162
56489
60744
67215
64932
37362
57250
61474
40470
60836
50396
41114
83889
44398
71078
65101
37230
66210
58861
74122
67566
40030
67654
59432
35698
64506
52415
36614
74526
40590
46226
50246
37602
56863
61781
57972
74692
38794
51514
48213
39754
70179
46858
71034
84952
39322
44262
71352
37194
44366
69718
41650
45386
40074
45886
64272
47069
78503
61752
71588
68616
38660
72632
118806
38196
53916
66198
48760
46272
43984
69220
91034
39004
69304
69900
70808
66300
49660
70396
51388
44068
59708
57072
61132
72065
39364
60984
64220
57354
97930
75028
69634
78624
74212
65034
82566
70574
47142
60324
47826
55483
45914
44230
65716
41258
54966
60570
47562
82602
69734
40894
93958
42522
52630
88704
49159
73654
65598
83433
75976
49655
72287
71618
45911
105725
68600
47867
85381
60127
43595
56875
53359
55079
81751
46695
50727
44687
48775
63710
45811
57807
68593
46651
46603
55155
51051
94931
47819
46271
81662
47423
85766
46499
85990
103487
47691
61623
53955
45395
70219
53107
48835
85610
48559
64247
79972
48007
60939
64363
50067
84659
44651
64919
51227
46075
88056
65964
46899
60983
57007
79767
94942
51875
52127
78888
61447
81784
70284
76860
82235
46748
53380
74857
54732
86487
55703
51940
63258
47052
70504
75062
75920
71960
46668
72504
90328
50496
50828
70533
51772
80850
62744
48196
58332
54720
67032
67413
71416
73119
68622
80918
79767
66780
51248
74231
48264
95626
61252
48248
87032
56596
48576
78365
49600
53380
63459
71520
79909
67508
69418
78497
53584
53604
100962
56132
52440
71053
51156
59800
60896
54072
98598
77223
50244
94999
73697
54684
95678
90153
54770
64619
51722
51682
84543
54371
94870
81313
70197
102482
51503
65947
60919
56271
75279
59804
51751
79809
52877
56589
60729
54125
67799
72469
79975
81359
56853
57169
57305
56381
75788
64701
53961
82002
53449
59761
64021
55065
53741
62515
72593
67120
60291
70047
62631
55355
85931
58299
54475
101763
56964
59816
62480
56000
64568
62320
74007
88256
54136
84392
67688
55912
89536
95788
59776
114548
56644
55440
63737
57320
77980
78284
57172
90876
59176
56192
62556
59208
61960
59800
57616
83479
61204
61776
59240
82928
88712
62645
72292
83768
56676
82850
79829
70604
110914
79305
76650
64931
71718
74198
104401
60746
59090
78659
56798
82808
75676
73142
99090
60750
81658
95904
57706
90196
90636
60190
88026
84491
58460
79408
70644
92614
78908
105884
129422
60344
74868
81855
60426
82974
105264
59418
98614
73078
72818
107040
58938
95846
68398
66910
100099
64322
75050
85095
73614
74111
59263
78171
87661
63539
75683
82202
60275
89078
88866
59756
104293
59920
78912
115568
60256
94172
63852
75196
108854
60940
80277
98137
60636
79584
60832
75276
84844
60916
76560
75964
77563
84185
66055
78435
82591
61403
75631
81851
80951
82295
63387
76211
86496
61727
104324
89543
76455
86156
68063
81123
82390
78731
92004
75145
78865
85160
62561
76845
86909
81057
89177
69853
77525
113573
65817
80149
94976
78025
113052
89999
77917
108725
64569
81481
93439
81765
78005
86489
87552
83556
66048
64072
92250
65748
148921
105999
64552
94012
96360
66964
90744
82972
80496
89182
81616
83176
77072
81481
103664
66564
80240
103198
69928
105922
104588
65428
99424
85696
84724
83136
76788
85676
78804
73192
103468
71208
84980
85502
70372
85028
82488
87608
108050
69284
84760
83720
69316
110326
70740
82784
120929
70388
81304
94098
67584
87068
67240
84224
107550
68280
88919
110262
73431
81979
79423
87187
102777
68259
85539
101574
70799
92435
72199
83875
87227
68703
98129
95142
72495
105922
94287
91099
106495
74275
88383
96035
73339
86627
103126
93482
98245
71839
83671
93549
89755
94579
90387
92107
128571
70195
84139
89051
84263
96885
94870
92827
93715
75215
90887
89455
84707
121414
98438
105951
144956
119952
87959
118689
74399
85275
100829
88479
85499
71211
89211
97508
88483
93947
102760
93575
89331
89962
88799
152686
86823
86483
111252
88827
88667
96159
72491
99345
72359
99110
102285
73179
93051
90787
76951
110614
87043
91263
94935
92407
99705
77827
73259
92287
78879
123514
90263
73507
108491
90634
76026
93550
93998
90062
92594
96070
99146
74074
94238
93355
77278
117998
92070
77486
107970
86198
92622
95907
92758
98162
98201
113291
95554
81238
92798
109852
82230
100056
95448
78864
103368
98904
95248
128149
97016
96209
95020
85174
111998
77932
91792
101308
76164
97360
95676
78200
94568
81016
90792
95193
81081
93201
99313
84438
105266
80178
92790
118072
80182
114566
104486
82598
97218
91214
94938
128869
79898
104474
94378
92090
134540
80618
93862
108208
78122
102613
105239
97530
107762
102050
92714
104138
81874
98514
107014
96286
114116
88374
99534
125455
82654
107009
114506
97154
98550
89290
93690
113335
83310
95030
141052
98506
106248
79834
94162
116804
101634
133313
98218
100482
97154
88390
101374
110995
101282
97018
106215
98974
99310
100370
81342
101893
83594
105098
109657
84424
114673
114456
82528
125368
96992
96464
118787
101124
110712
87260
88724
127181
81932
103100
100888
91376
108924
111800
85980
116528
102384
98248
106196
104628
108468
82728
130674
129775
84996
102607
115988
88152
114892
119273
85388
134713
99987
98323
111943
92955
114291
88579
99039
124038
86675
104722
114340
90107
122723
105971
104175
127955
92111
100943
126432
86703
102143
88263
99651
138312
84627
104743
101531
86631
116922
120506
99275
133318
87311
107751
101955
104967
107091
93879
100295
124060
85487
106647
110463
109839
100263
96647
104311
105911
86519
106155
105463
106535
114867
88338
100690
114822
107850
133738
108802
103274
108506
91286
107130
137830
87122
106574
113142
110358
109138
88946
102906
113468
108798
111799
119398
105026
113792
114293
103794
117050
102494
107042
112026
107342
127591
102690
108367
131546
90510
91702
109878
92518
141416
110765
92137
132823
107865
92477
129087
106001
106297
112154
110417
112909
89389
90309
107985
89565
144940
114293
89749
119845
106281
94689
117885
102165
111989
110155
104349
130321
91697
105489
106909
95073
118332
112829
95541
131338
112037
105133
121318
107697
120169
116533
118929
133124
94617
110261
108165
95641
155492
116940
99269
126192
122310
92089
141623
102669
115065
119788
92433
142584
98977
113657
137043
98413
112221
118844
94561
108457
101545
107029
134196
97173
112965
118577
95369
124513
94141
127637
131141
97229
116991
122720
93653
114813
128362
114110
136404
95697
112633
131042
98109
120308
99837
139772
137328
95705
114057
124347
97481
143505
116865
109373
121993
100197
110397
115585
95245
117657
129128
135614
138066
102521
113601
113853
117277
133955
112237
114777
126028
128065
112369
162400
97309
112973
120678
114253
131784
97457
110549
138947
116797
122961
122144
112581
123930
112969
110965
139265
118057
118109
116217
113913
124625
131840
126910
128813
101525
104017
120115
97477
138490
140605
102293
127625
111969
100709
122369
113421
113797
113675
133293
134562
99721
103385
117273
98417
150393
118157
99017
127033
114405
102053
133280
115405
118461
115653
121465
123893
101033
114793
130530
99365
151871
120075
99557
129935
117017
116341
126468
118945
125161
119005
141025
134657
105585
121721
122879
102405
126158
134054
100973
139857
106481
114941
129509
101341
116857
126031
147030
131139
104381
119413
119885
104970
127330
125283
101466
131398
103686
120566
120102
102510
135232
121698
127976
128914
102070
119002
124338
102734
129406
128949
126873
134531
106607
118259
130532
120738
122566
102742
128098
123938
107178
144949
130989
124150
135650
166182
118044
140540
103632
117736
133343
120256
127876
103616
118540
124060
110608
141508
139450
121184
119536
136305
121136
132892
108292
118876
122064
123036
137601
136801
128003
137615
108820
125864
123756
123988
157970
122696
125124
122444
105284
125996
124519
122548
122576
131419
123021
133664
107144
109596
139584
108296
134648
124864
106296
127784
119220
106548
125204
120912
128165
127357
133424
144240
113352
124052
134192
107616
157796
128676
109732
134140
123776
125568
133111
124876
130419
136244
132182
135849
107596
127232
132541
107784
136855
131571
121032
134007
126320
124112
130280
121448
129833
132408
144845
140882
108628
129192
124224
108732
152585
128772
108864
139472
115104
126460
125900
127280
129312
130392
129617
135040
112088
126300
126588
109680
144184
126552
114320
140505
126022
124250
150862
110666
128870
132814
112776
132896
115920
130916
137925
113384
135550
143060
116656
125636
130136
125404
162248
113678
128462
133968
127342
128406
143115
137875
139258
114810
129778
138614
129234
145381
133014
125734
145241
115430
129110
132973
126038
133431
136686
132062
136130
112366
128150
133910
135366
205520
142480
126678
150790
112874
126850
158154
114286
128766
146541
133906
127250
134358
141846
138502
155337
143154
147764
138571
133146
144982
116898
154903
151247
115982
133738
158326
132866
114358
128602
118554
141938
134921
117222
144234
139051
119118
170630
136518
144245
150387
115287
117655
133315
125991
134247
136225
129799
137967
143315
150326
153107
115963
133363
145523
119259
155287
138115
120211
141219
131415
132995
130759
130667
130899
138011
149183
150107
117247
134095
135275
116667
170834
143909
124747
157235
120783
139687
158393
138423
131735
140815
134403
144182
117435
164195
138117
121099
172533
140652
121195
134191
119671
138470
147150
120265
137533
132661
120753
137950
124733
139825
154515
123685
141149
146231
119833
136737
204580
140133
161985
122701
142205
138329
121089
140363
167609
136157
159949
124445
138137
142913
135625
160054
143255
134213
148119
120089
136417
148288
120473
142601
138781
140173
147920
120713
137609
138769
136993
173130
143584
135725
151806
121233
139873
136957
135377
138961
191552
143823
170153
126289
137545
144674
135836
145204
153973
138612
148368
136140
139312
139232
133324
145503
149380
158399
158220
124563
129775
143771
126067
139847
145104
127451
161995
137439
139611
148239
135591
155091
145343
143540
146092
125112
144143
149355
123703
167911
153025
126811
143395
135667
142191
141739
141055
143847
152890
145823
175698
125591
144975
145663
125247
179612
152219
126199
147994
137387
142891
161794
124971
140327
161052
125183
145711
130315
144803
171394
130563
147431
156783
125871
146643
147607
143427
162753
127895
143915
153043
127547
154416
139990
157642
188028
131647
142291
150688
140971
154999
147585
142455
160840
126879
144959
149176
131883
149122
148419
150774
159643
131479
141567
149035
146271
170572
150732
142111
153346
128051
145591
146171
142155
148148
179989
160953
153523
128187
147087
152411
148703
160646
150491
145287
153579
159014
172847
172823
146811
145767
149243
145399
158414
143347
139083
171304
134395
152468
157441
129499
145871
146831
130279
162542
148763
146751
167432
145463
160347
134567
130635
162970
133803
149351
158935
133511
167451
149095
131603
169676
145511
151283
147559
149083
152767
202596
167444
159766
132735
149739
156928
132663
162681
152934
137699
159091
142735
146283
150363
151525
147605
147817
135701
148849
132177
146517
161157
134389
172109
166025
133277
154917
138401
148073
177592
141157
151689
153549
135633
175790
139305
168321
168404
133317
155867
155969
133525
178804
164252
149989
184054
133837
153321
158933
140758
158616
158547
159400
171072
139210
153518
181350
136418
160404
159568
148890
158514
158934
151622
171691
134974
153094
173349
151710
169572
159135
170015
161542
137966
152114
158781
152342
201350
161663
157274
163040
135976
153181
161087
152172
150276
150372
153794
160716
140034
154822
154174
153298
189527
156093
152533
168793
136785
156725
152221
151497
158132
167586
176771
173549
158369
139478
166426
143662
169879
160015
137938
160038
153502
140198
175749
151906
165250
166847
147922
165717
142490
142798
159589
139998
165457
167272
138406
152890
153066
147894
183886
153250
153154
167215
158454
160714
142662
140486
186859
145290
154575
184924
146723
185521
155595
149595
165523
162115
155379
160259
151631
170147
159055
165553
186593
140659
173423
163763
142007
193263
155131
140539
161698
148663
155011
180922
142487
159767
173419
142555
162131
141403
156351
162807
141871
165367
168966
145203
159595
146479
174507
185968
146015
179671
165710
149155
167426
142595
164896
175695
143580
166007
169383
161156
172376
161692
156892
173443
143004
160072
172738
161988
171865
170639
182259
167980
146756
161304
164630
157878
190857
169764
162898
161386
163137
165140
190819
158496
161728
165788
163624
162900
158388
146788
179324
144336
164476
174670
148096
164856
185258
154468
171512
161644
162540
168996
160716
181738
154344
171714
190927
147104
160368
174719
145476
171711
162864
148208
180348
160660
167852
178746
160368
176775
147768
195156
185156
149736
167191
176339
147584
177495
166019
147636
172708
156148
164108
173354
146872
177311
157776
161712
197728
147096
175544
175571
147596
180640
175899
161720
174730
148828
162344
165944
148968
172835
154984
168312
195675
148028
172864
170360
153088
162652
155916
163832
174802
151376
169440
179799
168360
168264
149036
168808
175363
152536
172096
168140
163412
163864
152676
163916
184092
150628
170136
187148
178216
194595
153404
185047
205932
153028
169148
176091
169212
194244
189695
169784
191908
167804
167520
204866
166540
177470
167862
170841
182715
155681
152509
172971
163741
186874
171401
166873
175381
153005
151605
172290
156293
185547
168865
157589
196902
167029
156337
166173
169205
166337
174525
178852
168753
155985
167997
176133
152753
183188
183411
152925
185586
171381
174113
177021
172915
167339
181027
191191
179383
158219
171915
185441
159415
178691
181187
154119
195230
166943
168119
182830
168227
180814
179457
167846
197091
154491
174523
170355
156375
210683
194723
158691
173247
170091
171955
194208
159111
173759
175271
161631
172371
158651
169927
212114
162623
174663
179593
157523
173171
167247
174195
180018
160911
172067
187404
191711
196924
157039
195241
197647
159319
178031
206232
172199
199493
172627
174807
202385
159747
171123
184843
174975
177143
175987
172035
190457
158979
174207
176131
175423
183221
186930
172951
185687
188779
173579
182083
173339
175131
175655
179991
179487
190422
179503
190491
164027
159291
201839
161515
202691
193984
162167
182255
178227
164511
202286
174999
178843
177895
175215
184277
163491
201086
178111
158397
190178
183679
160009
176329
180953
161581
199199
172741
173493
179146
181817
184046
198046
201511
226562
160041
180981
172809
159697
211765
175197
162537
196620
172677
172815
184875
173989
176640
187094
174311
183125
159416
174612
180357
163584
191010
177332
159256
185660
160228
173756
187072
162932
173952
196136
164688
176620
160196
175296
177984
166464
191760
174564
163732
196458
162000
174636
182568
166812
176376
189432
185836
180332
161052
177540
176480
162320
191600
179604
180620
216368
164344
179256
200911
163224
177944
196180
175896
187976
172728
176560
223845
161916
176252
192092
180592
201234
197310
179720
197159
167308
176980
186809
180744
177556
183328
189582
183180
168044
182204
199242
180076
184614
184893
189560
178348
199223
182716
201860
180656
177856
193550
178208
194900
190543
183977
188038
170576
164496
204940
167676
191454
188702
165816
200668
176176
165380
187211
180168
193500
188090
177288
210336
164936
185796
207576
181276
181434
189320
179562
207749
168158
165578
218325
170042
184326
188024
180522
188194
182078
167042
191649
181894
181610
191911
179726
200057
172210
169158
198841
168558
186230
196517
172130
189741
213503
171218
202176
181230
183174
185562
180306
181538
189205
179184
200394
167712
184616
198420
169344
190838
193904
176360
194994
180076
189224
208964
169532
190607
221375
174740
196806
194634
186420
205576
168748
189620
208608
174800
204558
177556
189757
194395
170076
186836
191580
188208
188576
180832
191276
201847
170680
183892
211177
185468
191464
172096
214401
212352
172392
189040
208353
184460
201168
200264
185060
214852
170556
187384
191068
190828
191912
198395
198286
206900
172148
188400
187780
188132
229543
189876
185596
199049
176640
187832
311554
188712
185972
198480
188256
189164
175972
188668
196939
186612
203678
208540
186688
180476
187136
173872
212527
188832
176664
203377
191476
199062
185244
220923
219913
174352
173132
197920
174080
231024
192296
177304
195415
189536
177292
219669
189556
192404
199405
189328
194196
181560
179444
214077
174188
194176
196194
176748
204322
198980
175360
204563
193044
189004
200893
193080
189192
196692
192590
194004
184216
189476
194540
179688
194916
198944
175516
189928
187348
191300
219003
175888
194037
194901
182349
220129
187693
203045
236834
176353
193605
201798
176537
201905
196369
190989
212652
176933
191197
202189
182117
203762
198505
204584
220829
178269
194457
200480
179145
201627
192057
193937
195089
221617
195293
215584
179345
195637
209914
195213
204997
184057
207532
220588
178781
196477
202697
199453
204941
203343
193253
210730
179345
197985
199449
193437
211886
200612
225809
210971
187825
193717
205290
199681
230538
194061
194365
212992
194397
183753
225152
201249
183173
204188
196989
200989
192597
192585
233286
183945
180853
202679
184397
232094
202896
184849
208485
198177
181089
241172
201653
202169
220128
214365
218616
181557
209506
217821
182949
212537
221070
187017
213934
215668
181949
209913
196621
196461
202799
204225
200257
223674
200781
237086
182605
201469
209783
191561
239272
212519
188445
205177
188759
202703
212253
183407
197603
202419
183511
222911
188843
213796
225608
187943
199043
203403
187831
234678
221180
188119
230263
188355
198547
199011
187615
204227
199100
202883
204407
187663
200711
201827
188483
210051
220787
200631
210927
185543
200379
211370
201915
214240
203886
211792
215503
190135
206431
214647
204347
208239
209799
205443
218371
188547
205011
212481
204695
204791
243764
219415
207771
191995
207416
205823
204419
212465
207936
201179
215475
190931
205175
204507
201499
215759
248398
227273
210203
190251
202075
231452
204607
238618
211402
202591
211914
189163
202331
209183
202691
208823
218128
211250
218391
191887
192683
205211
190691
225751
209771
191319
211716
205219
194551
213151
205443
208535
214249
205195
211056
192359
193803
218430
192483
214363
227702
190287
212798
215523
198759
236665
201811
208347
212874
204475
215414
213699
212686
219783
192259
210659
210831
195645
234368
210488
190844
222279
205264
205204
211766
209168
205472
209600
197660
216203
195584
205800
212321
191984
218296
216632
196568
222382
220819
196372
221429
192136
209128
217575
198784
211268
214772
218860
223207
195556
212742
225349
195902
250723
226310
199513
209825
199701
206966
225392
197954
209458
219580
195630
215258
203338
243955
239068
192918
212233
214667
196317
260522
216192
209030
223804
195994
210467
235750
192263
206280
216872
211780
206738
194810
209514
225710
192822
215228
222852
207862
212294
199842
212894
229918
194513
213217
216833
207237
215344
202193
221188
238629
193541
213837
216456
207957
212942
232332
212457
219977
198441
208601
211853
208429
223109
208357
194161
243508
201633
199105
223187
194389
215289
216406
199177
212053
203955
197731
216131
209087
214143
224968
216324
247290
195191
222035
225927
195363
242971
214647
201375
214665
225087
196239
242099
212447
211695
219037
215239
215131
226127
234355
251313
200661
212237
212267
210737
206981
225217
199077
218518
210962
201802
219038
212942
217750
214526
218790
217818
200674
200258
214602
197422
247130
212782
205702
221281
212818
197814
235342
216615
218290
227392
219630
213078
202806
202314
234182
199442
231073
223153
198391
228810
227788
202783
224077
210787
214607
213783
209523
223514
227210
218666
221089
197999
212411
214902
198943
222640
212275
197847
219860
194603
210715
217777
198303
216431
214987
197951
222519
201395
209535
217090
199959
215115
214514
200007
232867
223658
210079
224177
197187
216779
217859
195263
215558
210783
214559
222943
196695
211615
218148
197007
216234
216679
209386
225297
194174
215074
219490
197206
210146
216334
211662
214358
199182
213342
221314
194094
218638
229864
209802
215805
199026
208942
223613
201366
213126
222957
208890
216572
206954
229771
234432
198414
228830
222058
223570
229820
211026
209930
232131
196654
211318
227470
211210
211066
222317
216502
226797
219227
214944
231158
197690
202182
215850
202770
258376
223500
197642
231636
228722
199582
242564
209074
215894
219455
215206
220406
207418
213988
241038
201414
213018
215978
204062
235319
216952
197850
220058
220021
198278
241057
215986
216750
217297
214530
216742
220021
214850
222422
197402
212486
231749
206982
236326
219052
207502
220582
224861
213381
215477
202317
219377
219649
229791
223597
198273
220105
237582
198377
219556
219655
202165
236708
229914
219633
224398
202729
218197
222294
205847
220949
221583
222344
236796
203163
213759
229597
205783
227899
220091
215971
226459
199959
214755
225012
200403
220435
221777
218147
230187
205791
217395
240216
206687
222179
223723
218539
218283
206751
215175
233576
208943
226179
222267
234979
230740
203755
239121
237040
209915
221755
247175
216679
245296
221443
216395
245528
203487
222487
222312
222063
217107
223124
216799
232960
206823
204279
220359
208471
251415
224371
210623
236889
219519
203015
231602
216543
227135
234244
227387
227343
211459
213515
239964
207795
217943
228863
206603
229599
247365
207671
229774
224155
219267
250724
224703
227529
225843
232036
238559
205859
219111
231472
209579
239335
234833
210867
237695
223675
205115
245090
224911
223779
223335
226403
226126
228715
218975
241467
207051
220007
234592
206219
239563
229639
214215
227398
206279
226507
245086
210763
224515
228711
206883
252948
206615
227251
238776
210991
233215
241745
207003
226363
212967
226591
228309
208187
224583
266660
223643
228221
209203
225239
224979
209427
234583
235781
222131
265490
232571
222363
264724
211455
231115
229908
225531
228819
240017
234111
232593
209311
224415
229835
223983
266066
241940
224587
240887
212655
223495
262736
226739
228651
231877
229355
238153
209647
225835
233817
225191
229215
234921
227123
234269
214611
229465
282779
214351
225067
241064
224751
246880
236097
227255
240114
226227
218743
238961
226275
229951
234818
230127
230515
233557
226503
237719
212003
233147
233712
215575
238767
243070
216947
244082
224227
216055
234540
220911
228303
232861
234148
242940
212443
233787
232581
216231
252915
234371
213091
236395
230123
218403
232788
229147
230535
230003
227867
238019
214247
232471
240148
218023
242512
235801
217143
229167
216599
228751
254098
214143
233263
246732
218411
240470
232985
237491
250055
220719
231247
234900
215217
271910
236371
217140
266713
215420
230676
230076
215400
238514
243532
244784
237358
221116
229984
245098
218612
237388
244117
233096
235376
237585
238064
260235
218560
235208
233612
237076
241455
235231
239993
240311
218052
231704
239156
233716
246343
239541
231184
239724
222460
236436
247522
232852
233064
236176
231656
239087
219412
234256
235860
236728
245843
249173
232108
243103
219624
239572
242640
232412
232492
238984
239216
252085
239160
221320
237715
218620
272504
237500
220232
245849
235024
223084
233592
237152
238848
239564
245642
276072
220345
219493
245233
222179
258591
237779
221771
256733
234731
222611
242734
229835
235587
239811
242089
247962
221823
239627
248479
226447
253460
244774
223291
240451
241109
223735
297254
237987
241779
241403
236899
247844
241694
243699
266413
221867
241011
244244
221911
254387
246015
225211
247279
226131
237299
245799
223635
243075
245724
252003
247074
226375
236611
239043
227143
273756
267776
222739
246011
227903
237159
245258
226959
242679
249229
239507
259048
225932
239043
243975
223655
250243
256367
238115
253931
242483
243567
253849
229766
241346
244872
238354
244686
245741
253894
262114
225666
239874
253563
240066
267857
246082
242974
256987
225116
239148
252627
230712
249072
251776
239380
242640
229220
239628
252494
241214
247640
256051
241310
252145
247849
245166
264558
241938
247814
242066
245066
247130
245778
245999
252453
229986
227782
244018
227994
269654
241810
227102
247589
245310
231898
252096
244942
245010
250047
245734
252466
232882
230550
266376
227818
265474
246862
230194
265706
250565
227918
279223
240670
249926
255744
244242
251177
267104
269670
255464
233118
251782
247338
229346
272618
268848
233750
250446
245426
243842
256708
243450
243930
248798
237110
251562
231378
246378
259754
230986
251476
253394
235381
262599
251212
231433
261221
234745
266017
258443
234049
252521
249509
231609
263704
232429
244917
254875
235933
271687
251382
247325
262701
233257
246757
253181
238513
249385
262437
254152
269635
233697
247989
249956
231986
295635
253407
246202
252311
261575
250238
274874
232502
250858
252047
248366
247602
232658
252226
282003
237578
266283
252793
247150
262070
251522
248574
257738
236058
247530
255058
250814
252114
261124
254042
258944
248754
251678
255395
251586
255157
260724
234950
256918
252054
238142
252559
253066
250730
255399
248802
262458
236838
237798
255526
240062
288399
269307
242574
253862
254662
239050
267051
252550
251418
258119
249806
249962
237586
254135
271938
242025
268501
270902
237541
285729
252913
241105
270020
250061
254425
257756
253417
267347
259973
257977
273561
238069
268781
266379
236893
289676
267609
237081
274587
238073
274061
254125
246077
256897
258982
253911
263291
240805
255669
255897
237825
289071
286128
239409
252369
272603
255641
286011
246401
254621
263449
238629
280096
259429
270718
282204
245729
255801
258881
238981
280013
251781
256381
264833
242945
256785
256917
239505
261304
293702
259537
268004
239741
259865
271384
239957
270405
259017
255985
261670
248017
258292
264813
245940
257400
262723
262876
265351
242520
255220
260152
251436
262080
283962
256080
267573
260648
256000
270596
245676
256092
260224
258204
280112
265103
259340
279732
245468
262588
261433
264708
282187
276807
259872
273966
267520
257116
279392
259864
261212
265269
258712
274423
287118
261951
273668
247180
248416
264340
245496
265849
263805
243632
271104
256332
244228
269694
262764
263200
257872
257964
277672
244804
247048
272714
245552
283194
287806
248060
272072
277545
252032
268308
260176
267108
265179
263741
263485
267566
266441
272612
245057
260013
267821
245429
272054
273609
245365
279587
276456
245921
292089
262241
259985
266565
247377
269017
255501
293980
290223
248609
260481
273423
247685
284800
266314
248437
269268
251529
265149
264201
249385
261869
268503
250781
274228
251625
263353
273816
253225
286725
264665
261689
266309
250957
266245
279037
250121
267477
268549
269278
273060
248025
265101
271395
266137
306577
268761
262369
289445
248285
262517
275721
249547
283682
276086
270407
266187
274899
269259
275158
249035
263191
272657
263535
266963
269805
281903
278642
249667
263943
269620
272435
287602
272236
269899
275965
278772
252723
288286
259771
250131
279060
269927
303213
271773
268479
277703
250875
274715
275305
257039
270667
276845
255667
271275
262074
252586
273486
270542
269506
273111
273882
290788
250990
266794
268186
259702
278694
280040
257874
280211
278680
258966
301729
258282
266630
274172
253746
271956
277108
272424
275072
252262
266858
275730
252882
302437
275987
258225
275236
255841
269729
275991
252957
271641
280508
253435
270767
255719
271411
267545
253333
273229
285321
260073
275149
281285
271281
291169
257564
269236
297108
255260
277276
254311
286467
294679
254987
276435
280667
269151
283363
273831
272723
277711
259067
268979
278041
269619
294088
278860
279675
297127
257647
271947
281398
271799
330808
295629
272003
277132
261699
270271
272739
271171
278063
278351
290544
281155
258507
274875
278463
277011
302339
276511
274391
280679
263643
272663
269091
277147
276499
282159
279295
286287
259751
278169
301926
257235
258579
283377
262207
293965
277486
263847
281833
276537
259781
280578
269357
276877
278758
281659
284313
263053
258561
272793
259661
306026
288834
259069
278957
272853
258661
287728
278129
274757
290668
270545
277085
261981
275065
274445
262073
296966
284135
262985
281541
279212
280060
283143
280736
281228
280582
266225
281799
260044
276916
278880
262860
304923
300672
265376
288708
294735
261264
297178
260760
279668
282437
265108
281119
283626
288045
291923
262928
279876
286346
270764
291628
291734
265316
277324
262012
281864
276256
264008
278260
289255
287209
286556
265808
276472
289287
263656
297566
277036
278160
283268
263892
282712
281904
262916
280876
294563
286581
306171
268140
280424
297594
281376
294840
318757
280584
283404
264284
280976
289796
282856
278076
279584
284643
304012
268556
285620
299152
281868
302645
286165
284656
285621
285807
264592
288808
286028
265312
283906
279712
289342
286691
297709
293889
266297
267969
283273
265393
310682
292799
267437
301133
279881
270229
285885
282169
280877
285117
283797
305379
268089
291329
283373
273417
304935
299790
269381
287840
280837
280965
288334
279897
289345
288090
285393
291677
267609
285893
281597
271321
314206
295815
273973
281965
282209
275017
298739
284253
283053
291741
282209
296582
268341
282673
330335
269901
290137
286225
268437
299090
293357
271425
338522
275393
285173
288173
272425
290028
289505
311228
300353
275441
290981
288197
274157
290781
291000
277177
301063
271273
286641
298556
272333
284201
285537
287605
291639
275941
287257
298769
274149
290866
299834
291225
300559
291913
285205
300629
270925
288157
357973
273389
285537
307217
288117
292383
282225
299659
313025
271821
289669
292306
286337
307248
292262
288709
296269
273117
289613
313711
272413
290781
292592
286657
300235
272849
286885
319132
274781
290838
306711
292165
363536
299501
288661
298228
300421
292513
291235
289529
307340
310411
295827
307229
273821
274917
314584
278141
315382
294634
276765
297602
291329
278193
297329
293865
292093
292658
297672
302194
283181
279505
304679
279557
349219
294690
276705
292529
329366
289795
311551
287139
305475
308363
293456
332569
311929
291088
329872
301508
307384
309460
302828
303556
309835
292272
312705
293697
305702
308238
291095
335158
302707
293239
331715
290007
303802
308394
293946
308246
320681
315023
314494
294222
318787
307872
288820
330854
306836
308640
332024
292260
310797
315785
293907
304043
304283
308883
310061
290575
304872
309644
296252
315488
313702
309352
324614
294817
308445
328554
294521
304245
310629
304301
323452
290493
305133
337533
296993
309017
314781
307682
315864
311977
311002
325498
294826
305250
313507
305314
306482
316931
306970
318326
294894
305673
308565
308089
341949
310548
307017
341989
306073
305105
311409
310821
303685
309849
303929
319503
294245
297233
324609
291332
309325
312861
296361
319201
318911
294733
335167
307589
306805
314173
305537
317356
305798
310093
318555
295007
304111
310631
297315
343699
310100
292919
312433
313897
290351
315574
314851
312631
319069
309543
314835
312567
299963
333467
290915
318675
319197
291471
402459
313149
291487
310939
297763
310759
312443
290872
314364
319910
309844
321014
293480
306700
320808
295922
340628
319013
298698
327567
301110
319826
352631
291750
308762
317481
291642
317644
298838
324086
326630
293670
315290
320976
317594
327043
315662
310665
311239
290237
306073
308825
306401
310141
312857
327915
345413
291561
311521
318846
304881
333441
309593
310161
319338
295229
305969
306761
309661
307337
315045
313588
317450
291365
308875
311439
309287
323969
309455
313739
310415
295291
306475
325862
295867
307591
348058
311487
309135
291799
315845
329337
311271
312631
310419
306151
321517
318596
308375
346626
307207
312583
313751
314951
322047
298167
316691
328460
287479
290063
312079
292943
304331
304079
289691
312596
306231
290711
309107
302067
305331
310264
316055
323696
291071
302667
307615
294335
331204
306491
293126
307916
304493
292575
308778
303035
300123
304335
302933
326616
286173
305773
313526
289718
305990
310197
284301
310457
325329
283317
318165
283821
300777
302462
287310
305477
286394
301784
314254
286802
298946
310768
286990
305991
308827
283510
331988
283646
296702
302026
286562
320502
307450
320898
311882
286186
301686
314625
287840
309477
299868
297241
314640
288785
297577
330227
285355
301823
304616
296475
312299
303191
298995
309495
287303
296855
301604
284139
313343
296692
315415
316647
287119
299239
304909
300367
324679
302632
315670
309418
292940
310892
310092
312104
310052
295916
312271
321418
286569
317033
312385
309173
331694
304921
312917
313237
284497
305137
307011
308579
310864
356642
296624
310232
289488
281760
318862
282756
319959
315344
282432
314517
311042
290584
326044
296236
285761
305664
299837
309785
302027
295865
314605
282297
283453
319313
287497
316538
319480
283065
316686
311978
281029
317447
309749
309189
318750
296176
312700
308075
319176
315533
289524
311884
310311
287552
332269
308124
286188
313792
301672
306144
303681
295936
305772
301555
284620
316389
279128
294752
292561
272368
314876
291364
272068
286716
271484
289269
309065
272777
285713
288037
271741
291148
271001
284381
302685
272325
288953
307554
277145
311268
293328
269569
294689
273237
287081
284645
271869
291176
292097
291342
291170
274557
290961
291167
275403
305664
292919
291463
288359
276855
284875
305519
276919
288751
289559
286043
298804
273847
285815
305461
272220
306717
302716
287192
299434
292084
290064
311060
280220
290680
286380
286116
300345
289907
313515
300862
274340
286812
292810
287720
322353
285108
295076
304588
274984
291200
287128
290956
292112
309490
287196
335939
283780
294235
302324
279476
275904
300581
273456
315531
293692
283188
293912
285836
290636
305239
295300
293336
288368
286328
305090
281553
278129
291609
281285
324692
309605
275353
297914
314396
278616
319316
283068
292316
303392
291308
295748
281892
303160
314892
282624
297459
305603
278972
309228
300613
276777
312561
287479
290967
296047
290359
299746
302883
300931
298810
280855
290803
299829
279639
313527
306136
276827
291571
298399
296899
330220
283779
291723
308052
277499
297711
284303
300508
306315
280395
293183
298644
279731
317114
298769
298571
308287
281019
292351
298103
292703
302715
284543
311390
322867
279291
294211
304096
295235
316912
293835
292787
301417
281543
295107
299607
286235
293191
302550
293295
295019
279137
296625
346225
286013
303345
296869
297405
297265
303978
293785
325861
286749
297145
299821
297673
300493
288257
294729
323163
285709
298985
302245
299765
325975
307661
294733
309397
287009
295885
299191
298769
295093
305661
299273
307849
289569
284537
305783
281025
303767
299866
285533
298589
303029
282269
312497
295401
295033
302010
295237
312841
297995
305661
305427
285239
295539
301066
281807
312769
302755
282392
308964
297528
298044
305098
297076
308552
307441
303372
327458
286198
297530
304090
287850
301342
299286
282930
308846
294350
299903
297727
291019
308239
297077
284259
305211
279867
294110
298710
280226
300023
297862
277658
295486
270414
289510
292803
273854
295267
284733
330500
307723
265851
280167
286229
268787
287351
290646
280240
315713
266320
281260
293002
272992
281348
288749
297776
298916
271356
291268
301765
267064
287996
291494
284609
299238
289788
285421
300053
271285
281541
285741
286421
292053
291351
285289
288069
269825
282033
286514
282133
285809
288973
308003
311003
268173
300761
293094
277489
288533
291433
299045
328770
287625
282841
325272
271655
287575
283467
290579
289544
298539
288293
305336
269135
269499
289563
269615
316525
295535
276781
293074
291466
269717
296766
285745
270301
290047
287313
284353
296978
290245
296325
270977
289149
288105
275657
328542
291938
270489
294854
300785
270629
296346
288539
287526
309983
288874
290294
292066
291434
294442
275150
288634
300107
279130
288386
280488
270552
276286
275875
277791
298383
269155
258249
278985
264246
297661
266283
252280
298877
250107
270780
262290
245334
250308
240317
242516
246180
246048
266460
263132
234269
260262
234169
238702
240230
234395
241857
242757
234481
258409
236461
240545
240749
248643
270211
234907
235227
252329
235082
245600
272627
234106
264258
247726
238845
238653
250321
267601
233873
231326
246314
230946
251096
264834
231146
271473
235558
245706
237424
238191
269966
231530
235094
237526
231718
250601
243458
234114
275438
232002
252226
252988
232190
239718
232498
229683
237459
234015
258455
254311
229724
236224
229564
241108
235804
232424
237640
229848
232552
237844
230040
243752
244300
230536
265016
230336
235469
243508
230760
242732
230620
232000
237636
230844
244800
238516
231032
253840
231420
244656
250849
233800
240136
232932
232472
279033
231644
246972
249668
232132
242628
231880
233296
278077
232076
261297
238016
233196
251928
232360
232696
238092
232552
235459
232811
235003
247191
232803
265060
259005
234531
249607
233086
235126
252529
233174
275140
240067
232604
245849
237717
274287
289325
238761
232035
247336
232053
241483
236413
232241
242507
235429
247477
239022
249105
262079
236329
236505
261958
232825
281840
252430
235295
250739
235131
233335
260227
233223
271219
258758
233983
253795
233515
233743
238763
233724
252280
240816
233904
268029
237640
238965
250393
241938
247617
234225
234537
241169
234413
253483
245669
234893
277449
235840
236603
242201
233731
244187
256487
233887
265199
238619
242683
255304
241481
247036
234257
236396
238880
234368
240677
245273
234569
276709
236468
236657
240261
262221
250923
234935
235265
242181
235129
241453
241724
235321
260693
237149
237449
257183
238521
256666
235694
238313
243091
235887
280537
241966
236075
252134
236460
241460
256095
241688
249324
240728
236756
276970
236682
247330
254178
236878
249112
237170
237058
251427
239370
261578
259086
247514
267266
237434
243738
260178
237622
246506
259615
237812
264472
239892
253352
254160
258256
257603
238163
238719
244747
238399
258922
260040
238584
269206
241188
242280
241548
252642
262284
239004
239556
250846
239176
244852
239364
239260
264080
243088
263299
256980
261947
269840
239644
242780
254019
239832
249606
240124
240024
252760
242068
250734
258752
248579
253126
240410
241050
257105
240602
253070
259251
240790
272617
242494
242858
245610
260337
256838
241186
241722
255538
241358
247682
241650
241546
249370
247750
249506
260130
261570
274386
241935
247482
249414
242123
244523
242467
242315
261175
244755
249654
252166
258679
260071
242691
246403
256995
242883
262371
262123
243071
286967
246407
264751
248547
250345
258440
243465
248884
269022
243637
256677
270115
243829
279061
245645
246688
247992
296738
253724
244192
245700
252159
246332
257036
250924
248684
274579
244664
269653
264849
244856
259359
245144
245044
252875
254064
259203
260047
245840
291025
245420
259444
264106
245612
249324
245920
245796
261550
247800
262615
269184
265068
266512
246172
251020
266164
246360
263544
274903
246551
289711
248463
248735
251095
269511
257767
246927
249555
259686
247119
252007
247397
247297
269773
250433
253957
254793
263439
280917
247701
250969
252201
247881
255514
251198
248062
271008
249992
253280
259812
250068
281428
248420
253720
264108
248616
254716
248910
248810
252586
252090
261534
266518
253918
273034
249186
253958
288931
249378
260286
249666
249566
257718
252562
256118
254750
294141
292217
249936
258604
261527
250124
255532
253768
250264
288623
253835
252600
256488
277562
272245
250570
251690
267034
250766
276766
257345
250986
275197
258428
273623
262823
269808
273716
259064
255772
290505
260309
261985
294591
262357
297725
297382
261945
307814
281778
262991
285503
274055
263547
315454
281567
308687
297767
282799
299013
285782
280197
296039
262503
283051
289445
261499
298942
290822
260974
285029
285944
266670
315080
274318
285850
283506
309750
280750
281234
263338
295158
266006
286814
297068
268106
286718
289282
264202
289840
286996
281178
316738
266678
281370
290221
262630
291117
290066
292468
323210
262858
283874
286123
263071
303919
289129
288454
291331
263507
284679
307308
263665
283425
288354
285429
288604
267959
283055
314594
269443
289671
293877
285419
295122
284304
283703
298854
265063
283815
293449
286815
283675
283343
288363
299083
264959
286583
306450
284591
294195
286259
298435
303625
308665
289237
308617
265945
288671
281739
286083
293276
297002
285915
310827
268059
266125
286785
271529
310858
298533
274265
297540
285396
267096
350098
289454
298194
292077
288898
291190
267019
271127
315666
268623
293063
294485
269573
331369
295089
268037
303053
268065
286881
286581
267629
295754
291022
298299
297873
270481
294385
294631
268439
317390
296529
268431
291293
276355
288467
313370
274017
290405
303415
268712
299038
295777
304910
307809
271455
293482
295980
269315
311587
298926
269353
299693
270377
296040
296525
269710
294314
292590
296213
303785
274765
293705
287933
271741
311930
289653
293973
304453
276137
300001
295577
278957
291709
294566
294833
303609
270825
294261
290085
275729
314459
306709
293985
327704
274565
290621
330122
275385
290645
309460
293033
315823
299217
299133
309409
272265
308545
292483
314059
359574
293699
304419
310458
277459
293331
295719
292582
298674
293482
304567
326933
279835
293735
314169
296347
298467
309234
273319
312919
305663
275107
320243
286871
279191
294703
291055
304943
307949
298267
313679
275907
295703
319633
280639
308251
307367
278287
317075
290959
274955
293191
284491
298607
300343
300174
325107
284235
294091
302139
276607
320199
298509
284497
323832
298157
303325
310839
300125
294745
312968
280081
305265
279316
322332
322230
277104
310424
296953
282272
309636
296176
283380
317028
281564
303296
297294
281252
305368
291940
285537
320740
277140
307912
299475
279408
322556
302204
279876
320328
283184
306660
322769
278772
304804
311487
278181
309362
298410
314726
324543
278526
307886
305860
281334
321990
311273
305166
308900
286954
308078
330690
280414
305122
303418
313526
318943
311591
319722
317030
287590
316749
306805
313181
338328
302609
308273
308221
283021
311445
323510
287829
306133
336635
314377
307540
280813
306593
305310
306397
318401
310668
312341
310321
287205
302153
319205
308833
306729
312917
306131
323370
300649
303167
320258
283251
284703
309043
290014
323606
306882
284910
320318
313262
283994
327086
287810
303314
312297
283730
311211
310831
286142
321617
302894
282566
306281
295570
304362
319584
304559
318905
284153
310925
325529
289489
321150
316866
283633
314521
313845
283593
311425
319421
314329
311869
305601
316127
314473
285013
337462
285197
318209
313390
291049
332777
308237
284737
320913
308709
316569
333085
284709
309185
307373
290253
314309
320979
288557
319092
289468
313244
344777
292740
308908
303828
310508
320360
306268
320608
313933
286368
304940
309860
306908
324144
305316
305236
318904
286760
305663
313195
314619
314699
308574
318663
328707
287547
325095
319612
326702
329408
312358
315942
316898
314867
321202
329782
289382
310530
310369
312342
318550
310663
321479
328226
292730
319870
321207
312604
311792
317551
311976
326168
310989
311577
303779
319221
291471
309086
307140
317998
307078
310390
312186
293575
290255
312723
289003
330128
324669
290119
312435
300015
292499
316667
303919
316188
313400
309632
329707
294483
294987
326603
290011
337455
328699
293167
325027
301979
292075
337939
309539
312867
314203
310303
321107
291163
322775
336955
295615
313699
320996
291565
316645
328054
291471
329963
295271
316451
311547
295007
342428
320445
296347
317715
299687
314033
332004
297811
315853
316169
295391
322482
327487
318825
328647
299551
311831
345660
293041
313185
316413
301677
320425
339834
318317
331858
293881
314089
322829
297917
316825
318445
321798
331620
297862
321226
315458
298754
324985
339943
313158
318270
300210
320322
335345
297018
317918
323430
314994
327757
332105
320242
361415
298449
321253
318429
314400
347406
311612
314248
329260
301070
315078
320509
314542
323830
317582
316602
330024
297234
319010
331602
319506
315110
321637
328858
323759
328670
301031
335561
315622
297636
321020
313912
320988
321156
336595
330383
301455
297319
327256
297487
342822
325488
303407
341167
316779
302671
328380
318847
320419
324836
316887
317763
298455
304671
356216
303367
322552
347677
302763
341508
318553
302577
328377
316025
334777
343970
312693
335821
318311
337961
339519
302661
326906
352530
299825
326825
318908
305653
339526
317441
300617
352849
304749
324373
343685
304845
323289
326576
304432
327319
323085
332953
334740
300508
326868
328944
301604
342095
322984
306424
334188
300952
322496
322184
305540
323212
317141
334031
344881
301459
330939
330003
301667
340407
327955
326627
336979
325062
326883
338011
305611
322359
331170
321259
337507
312103
328305
352819
307287
322943
326843
328383
331014
337749
324923
347740
303203
324707
342111
326955
329690
327964
335343
336421
305825
325281
338118
328301
346608
323385
325421
315549
327069
308053
351177
314133
304325
334473
322413
370661
307885
322913
362790
306337
305133
330129
308313
361985
330157
306745
368944
328517
309981
326917
322057
329373
325085
323529
338748
305410
308946
352464
307030
329142
334474
306050
333239
329178
307478
356136
325250
326198
333906
320282
332498
330284
344506
337658
311162
328210
359130
307766
352239
338126
313398
332945
309894
329722
346576
313458
326710
327904
356150
337994
328066
339866
348808
313990
343334
339062
311290
354346
326998
312762
338010
308282
328122
338889
309678
333198
339342
342184
359015
308973
339161
342918
313485
345669
342054
312947
344575
337489
340307
348111
311223
333695
333705
311947
331987
343255
348299
357013
309839
345599
337379
312771
348197
343368
330367
345495
310427
329321
339669
310565
330573
332073
337612
350625
312701
330853
330485
330341
356394
332440
337359
335275
311995
330279
344796
335035
330467
328931
336151
345411
317359
331183
352055
332299
369977
369506
315050
354065
350066
313922
360555
331674
318006
334502
331190
338577
336128
329360
339358
315190
316367
338991
315406
348733
340594
316642
349370
334774
335144
335783
331224
338600
338346
330132
343129
316621
333161
334108
317957
412421
336010
319108
345520
331956
316448
357661
333596
333735
344690
331747
340591
341469
331915
353588
321213
342441
360209
318257
337593
340097
333801
349711
324625
340613
357245
323441
343801
340936
316754
368455
343594
355448
361357
319401
335973
364307
319977
335589
343541
323029
354556
343397
318581
351781
322873
336905
351887
322533
343185
338472
346702
352405
322201
338627
339602
318058
362612
339254
338150
356034
319982
338318
345470
318274
339446
358918
342970
353146
323006
338171
361438
320319
342711
359190
337339
340588
340040
337516
349251
319832
340076
347804
340604
342984
345294
338268
344864
341628
349753
355463
324548
322536
345821
320108
367318
354562
320056
354932
338788
320828
342687
346784
349420
337514
351887
351816
323456
323712
357155
323608
343360
353913
324880
351893
350938
327884
356752
342828
341304
346677
340221
340830
359438
336874
356004
321998
349946
347058
323658
377098
338758
322999
359514
338776
350270
350234
328454
347630
345818
348594
353858
322614
346914
345762
322743
347278
352082
322799
357342
328854
342754
362878
323950
345772
348393
327300
350576
342621
352616
361364
323724
350808
358873
324164
365360
341472
344892
375196
325020
346148
363485
327896
345728
347417
346464
352395
333378
343482
379766
328184
353448
344504
352548
372426
354332
354044
350560
325396
348040
353870
350480
345984
350217
345694
358162
329682
350772
366294
330630
351500
347366
351030
355813
366865
350518
380518
330946
348194
353650
346442
365130
341243
355131
364469
327343
351214
349008
347346
370420
363909
349906
355304
350082
332538
354275
344582
354998
349615
363989
369709
333885
337061
369419
328981
333117
354252
334225
355447
348493
347697
362351
330443
349316
369955
330239
353063
351459
330723
354127
346866
330363
365939
350659
351505
359849
350405
371346
355465
355320
364590
330185
350330
355930
335164
359894
360173
331153
362567
361216
335201
382652
350714
354890
361148
353317
354534
379988
336658
368990
335274
353022
357027
336182
373873
349245
335950
359996
331429
357599
385084
335759
350440
358977
332228
354623
355423
358955
358787
334113
356533
361410
336409
363177
359638
339958
367123
337656
362353
366468
335056
361440
357060
337424
371907
356021
361711
370551
338907
354759
382470
333295
352535
361110
352775
358055
354033
370881
370104
341349
357685
366010
356297
359533
353994
353162
372170
337062
358639
353535
359403
358819
359810
357331
363987
335495
354583
379849
360915
365959
361219
355192
372898
363149
357390
379961
337425
357717
385751
358329
357057
365369
359589
379102
363297
369212
402617
339341
343993
365353
337545
377329
364737
336895
361435
354175
338171
393609
357364
362260
364401
355336
367468
370243
356870
393490
337386
368758
368456
337585
423271
364749
343353
364057
371109
338744
389238
358840
361460
362747
356924
373923
358406
379677
379419
346732
365728
362569
345724
365460
358668
347528
382086
339276
358984
372940
341604
383172
363810
343953
377077
345082
367706
384773
341794
374978
362838
339766
373849
359345
342177
378246
340028
368800
369504
340964
360900
359628
363516
384887
346380
374593
391450
345416
370768
367871
373700
370383
362466
364290
388800
353233
363169
385058
344077
360313
379149
369985
366821
362155
368787
389447
342319
362827
367841
367667
396822
372192
361787
370835
349095
361619
371819
364255
364615
369428
358493
380832
361643
363950
379834
343242
343970
377574
343950
370961
371610
343434
365965
361150
366862
380067
362698
366770
371190
346440
389149
344132
353644
385787
349648
388084
382008
348130
379039
370891
351010
379569
352364
349684
374178
359980
376296
363720
367168
379152
349344
364928
379914
346036
369628
371513
346997
374884
381947
354145
387667
352742
372366
370782
346696
365196
366216
355272
386384
351218
371974
393008
350078
373042
381870
350793
378185
367158
350029
395042
350005
367241
368553
348100
372411
369591
378911
379888
351987
366631
373303
347579
372299
365807
369079
370829
349729
368561
395728
351001
369092
383900
368729
382710
367315
396828
413867
348793
382797
375793
356441
375235
387977
368961
382241
351865
370797
385633
353121
381705
410974
384341
388724
357105
384295
376257
354677
372393
373065
368832
372945
377895
369205
392725
355921
369385
401056
390440
381280
393377
369261
410655
362422
350653
395916
355065
353426
389909
351083
406843
376451
352114
375523
366480
354308
379441
369264
368556
376962
369716
374200
356356
373326
398593
353229
372106
396071
352321
387484
375209
359773
386327
371933
355281
401420
368029
374425
378377
374173
382113
359853
370237
405909
354541
371763
380264
359340
392039
392318
354077
386377
360083
386571
400529
372147
385176
377776
361107
389251
379262
363270
388171
353964
377548
406314
354158
375858
380950
356058
381527
392607
371957
393629
355649
379573
372449
360172
383152
381631
394387
410637
355688
371082
382753
362431
396355
386603
372649
377057
376909
378557
387091
356385
382377
384170
374797
393520
357370
371906
407507
359713
391173
389433
382654
374236
372272
371873
386951
360208
371517
372206
393266
389360
380167
393086
389871
357191
387505
397685
372711
361831
391551
360121
388487
380611
357728
397289
373817
361489
380107
372773
394328
381870
384372
387276
359074
388409
396851
358406
382990
389832
358908
385658
384802
359978
394826
374981
376182
381448
380838
374238
376561
380683
401538
359666
359274
405950
366131
389194
398931
359591
418512
396061
364559
381851
374659
363306
399844
374024
387540
392105
367112
380256
382901
391825
404197
360640
381584
382004
366904
384321
391253
368216
385791
366982
388338
388394
361511
398571
380315
370210
411487
365395
380923
405469
361802
385374
388363
362476
381863
384611
377458
404614
366254
382566
410469
368340
381035
381723
395938
403758
366999
394229
388891
368138
392645
391430
383028
384781
390433
400757
416698
366315
379459
385587
379736
399212
383748
386096
403748
367092
381492
406080
365145
380865
391767
403689
405010
380334
404885
420929
366265
406036
406451
401408
411110
404454
399204
397553
401119
400958
401490
401130
400187
403947
386573
365662
388020
391927
426775
409362
416186
412867
367750
366482
399710
369264
402328
404295
378668
409510
397000
367024
420063
389444
372383
422649
396367
394655
387631
389847
421110
371221
394781
408234
368990
401099
399042
369442
418707
409831
369603
409187
395896
399736
425174
393858
397914
389281
378840
400124
374079
390630
416535
371386
397032
404642
371727
416392
408307
374142
400520
372229
411939
415522
374729
400889
393513
369128
417404
389041
372193
402417
373231
389182
416379
373614
401946
394042
374621
400590
379336
388109
408517
371805
400673
403197
376261
417571
411542
377765
402397
408423
392702
416407
371462
394677
392089
373855
406298
396767
391767
409171
373245
392113
395680
372612
411328
438553
390744
400691
392983
387738
419690
374122
392994
397575
374559
410516
393320
424501
413629
374717
388577
426202
374493
389299
394668
387451
396690
411559
396233
414765
376135
388477
389917
396941
388661
399098
406903
413848
381908
390984
397768
391973
429720
406042
418773
393384
402120
377996
420800
401032
375528
404500
391962
407690
398911
395542
416982
378738
430649
421573
384925
381369
413211
380385
420701
405500
379530
413571
436824
376809
419583
390663
408455
403788
390999
401691
398623
382962
428627
376673
395741
425083
377535
417654
411257
381449
415893
397305
378414
415502
380238
405542
426814
380714
407986
412817
378696
454942
400648
378036
413876
384706
405798
425206
382913
409137
408031
381343
421085
394813
411292
414120
379657
410245
432951
385290
406758
412839
385238
410104
401015
415241
422840
382335
408119
435106
382634
413002
405867
424366
423644
416239
396695
411825
382943
403027
426274
418215
432035
397517
402521
422709
387208
414736
418576
415506
414043
414460
404430
433612
420363
407077
423030
423894
408897
387174
422098
384108
390429
400746
385036
424257
410033
390410
413589
388991
384399
428987
388098
401101
404755
387149
406299
405293
385796
410743
400893
384384
416202
405969
399789
399174
400718
413082
390414
383558
430898
386136
413900
402417
382943
423957
413094
393172
412234
388657
408775
428503
384585
412243
415275
384395
424590
415050
383835
423762
413613
387058
476416
390859
406327
406321
389495
424395
413477
391107
428516
397771
407469
446436
407225
409673
421605
386789
407084
406747
408043
409187
398432
425613
423535
388122
408470
403446
385646
408990
410236
384681
435556
411142
389234
407063
392319
420450
418968
392516
409802
439328
452328
434308
443856
407495
426417
429842
421513
428605
434343
392370
410514
430631
390890
411798
412626
412758
424332
413136
408403
422515
395623
419827
431077
399935
415832
421791
416888
437660
404114
419829
426173
394697
419379
426795
398607
412462
415704
411320
427339
412973
410761
419633
395769
407941
432276
411181
408145
427286
425749
413654
411368
414347
397190
409100
398212
441801
415662
423961
430251
397907
398283
432203
398354
427895
419859
392098
429720
423362
399384
427973
414123
396643
427867
406098
406664
414849
404082
432779
432662
415179
437288
403247
425533
444187
395160
429728
441856
397144
435162
422838
422699
473223
415692
434195
455305
424282
407375
427331
399093
410413
430922
395084
421548
424915
394003
428316
416990
404782
434967
399806
420837
422144
399190
417099
423398
399865
420065
426061
423199
435831
399764
414946
417662
401465
422033
419234
437427
437769
397991
430969
425438
399856
442867
419053
416418
419519
398610
422501
427233
399773
414818
433997
427419
416035
421235
409798
421152
417483
415574
427689
395611
417851
413779
411235
413603
413350
410190
439486
397011
423967
427438
424104
419996
425716
437120
431251
424685
432746
434355
402653
427177
444337
398621
413361
421680
424861
461901
418442
410615
421007
418526
418213
439170
398966
405015
421657
401071
439208
420608
410553
399260
416773
409906
412695
410511
418302
426630
396407
394571
437745
393592
413924
427308
393803
448953
410063
399866
424734
406854
412533
416678
409353
415933
416405
415655
444955
400678
394279
439336
396871
423316
415096
394996
434644
431426
394094
433222
434245
401684
425468
395476
414915
411815
401755
423867
417311
416466
427944
400307
438666
438746
401605
411733
