time
2.63
1.59
1.59
1.60
1.60
1.63
1.66
1.60
1.62
2.49
1.62
1.61
1.67
1.65
1.66
5.27
2.55
2.07
1.16
1.60
1.62
1.35
1.65
1.61
1.56
1.60
1.52
1.34
1.84
1.66
1.38
1.65
135
1.30
1.61
2.04
1.89
1.28
3.70
18.8
1.67
1.58
1.68
1.64
28.7
1.57
4.82
1.59
1.72
1.65
1.65
2.37
1.68
1.23
1.64
3.25
1.59
1.56
1.64
38.5
8.46
2.53
1.60
3.21
1.63
1.54
1.57
2.20
1.55
1.58
1.59
1.64
1.70
1.39
1.33
1.64
1.64
1.32
1.63
5.47
1.68
1.65
1.76
1.58
1.67
1.70
3.82
1.63
1.71
1.51
1.68
1.70
458
1.75
1.70
1.72
1.98
1.75
1.67
1.68
1.67
1.66
5.08
1.69
1.64
1.64
1.70
1.75
1.63
3.46
2.82
1.61
2.43
1.65
1.67
1.69
1.73
1.68
1.76
1.65
1.72
2.91
1.70
1.69
1.69
3.37
1.64
2.06
1.58
1.67
1.70
1.67
1.70
1.76
3.53
1.62
1.72
1.98
1.64
1.71
1.64
1.66
6.44
1.63
1.61
1.71
1.70
1.63
1.69
1.67
1.66
2.04
1.69
1.62
1.68
1.62
1.61
1.70
1.63
1.61
1.71
1.39
1.39
1.67
1.64
1.65
1.72
1.70
1.64
4.03
1.83
1.66
77.7
1.70
1.69
1.67
1.68
1.34
1.67
1.63
1.67
1.71
1.66
1.63
1.63
3.60
1.64
2.09
2.11
1.63
1.69
1.66
3.23
1.96
1.71
1.65
2.15
1.70
1.62
1.72
1.66
1.65
2.30
1.63
1.66
7.03
12.3
1.74
4.33
1.68
1.58
1.71
1.64
2.14
2.15
3.28
1.62
4.38
1.64
1.71
1.74
1.66
1.66
1.69
1.65
1.67
1.72
1.67
1.65
1.69
1.70
1.88
1.77
1.68
5.39
1.76
346
1.68
1.75
1.72
1.43
1.37
1.71
1.64
1.84
8.86
84.1
1.86
1.68
7.49
2.21
2.15
3.65
1.37
1.72
1.68
2.16
1.65
1.67
2.17
1.70
1.65
1.40
1.68
1.64
1.37
1.70
1.81
1.38
1.67
1.71
1.36
1.69
14.7
1.40
1.36
1.69
1.35
1.70
1.98
1.39
1.73
1.63
1.40
1.70
1.68
1.40
1.68
1.71
1.47
1.71
1.60
1.41
1.72
1.68
1.39
1.72
1.33
1.39
1.68
1.73
1.36
1.76
1.69
2.11
2.92
1.65
1.47
1.41
1.89
1.72
1.70
3.69
2.10
1.73
1.66
11.9
1.68
2.02
1.71
1.69
1.69
1.66
2.21
1.65
1.64
1.72
1.88
1.83
1.67
1.67
1.63
1.68
1.63
2.17
2.59
1.67
1.69
1.72
1.64
1.66
1.98
1.66
1.68
1.69
1.63
1.65
1.87
4.21
114
2.82
4.31
1.72
1.64
20.8
1.66
1.72
1.70
1.70
1.70
1.65
1.63
1.69
1.66
1.65
2.14
1.68
2.12
1.75
1.68
1.67
1.71
3.94
1.69
2.03
2.06
1.63
1.69
1.75
66.7
88.2
1.67
1.70
1.68
1.65
1.64
1.70
1.65
1.67
1.81
1.68
2.49
16.3
1.62
1.68
2.30
1.64
1.74
1.72
1.69
1.76
1.73
3.85
1.73
1.76
1.80
1.72
1.80
1.75
3.47
3.16
6.45
1.73
3.56
1.73
1.81
1.78
1.43
1.80
1.81
1.78
1.65
1.68
3.73
1.66
2.18
1.65
1.61
1.71
1.64
1.68
1.74
1.72
1.72
1.74
1.65
1.58
1.67
1.63
1.70
1.66
1.65
1.64
1.71
2.08
1.63
1.74
1.65
1.64
1.43
99.5
2.76
2.51
1.66
1.74
4.28
1.80
1.70
2.68
1.73
1.68
1.71
1.68
1.68
1.81
1.65
1.65
1.70
2.61
2.16
1.73
1.70
1.73
1.73
1.67
2.14
1.74
1.66
1.61
20.5
1.72
1.75
1.65
1.73
2.02
1.60
84.2
2.11
1.68
1.74
1.65
1.63
3.44
1.73
1.60
1.65
1.60
1.66
1.65
1.70
81.5
1.69
12.2
1.64
1.70
1.75
1.68
1.99
1.64
1.72
1.72
1.75
1.69
3.67
1.74
3.80
1.74
1.68
1.70
2.08
1.69
1.68
1.81
4.38
1.66
1.69
1.65
1.64
1.71
2.75
1.68
2.98
1.66
7.57
7.50
784
1.64
106
1.67
1.69
2.30
1.76
105
2.09
1.75
7.41
92.7
2.39
1.53
1.66
3.32
203
1.71
1.74
1.69
7.53
1.67
7.51
11.8
7.47
11.4
116
7.51
15.2
1.73
12.3
5.56
2.93
73.1
97.5
7.74
136
784
1.67
1.64
1.67
7.55
784
1.65
1.70
1.71
2.13
1.69
7.52
1.67
7.53
783
1.77
4.31
1.99
1.64
2.11
1.68
1.63
1.68
1.67
91.8
3.63
1.66
1.66
793
14.4
1.68
1.75
1.67
89.8
1.70
1.69
1.82
7.44
1.63
120
1.70
1.76
8.33
7.54
7.31
1.68
1.67
7.50
1.66
1.81
1.70
1.65
1.74
7.46
1.63
72.6
95.2
10.9
783
7.39
1.89
1.77
2.50
47.0
1.41
785
9.84
1.41
1.65
1.48
1.72
1.73
1.67
1.65
783
7.40
135
49.9
75.9
98.3
120
36.1
59.1
89.0
108
132
7.48
1.67
97.4
7.65
778
62.9
1.72
7.64
231
783
7.59
21.2
787
38.0
1.61
1.68
1.61
9.85
39.8
68.3
91.5
113
24.7
51.6
79.2
100
124
39.1
65.6
94.7
111
133
48.4
74.1
97.7
121
35.9
57.6
84.5
107
129
45.1
71.9
96.2
117
32.1
54.9
82.8
104
132
43.0
81.8
7.14
115
137
52.6
79.6
101
124
39.9
66.8
88.9
110
29.4
48.7
75.2
97.6
119
35.5
61.5
84.9
106
26.3
48.8
71.7
92.8
114
30.5
56.9
78.9
100
124
39.3
65.7
88.3
111
25.7
53.5
75.3
99.7
119
35.3
1.35
1.61
106
24.2
45.1
73.5
96.3
122
32.6
58.2
81.7
103
126
62.3
68.3
90.9
117
28.4
47.5
77.5
99.4
122
42.6
64.2
189
108
28.4
50.6
73.0
95.3
110
140
61.3
83.9
105
47.4
47.8
69.4
92.6
115
34.0
57.1
79.7
101
123
45.4
66.8
88.6
110
33.5
52.5
74.7
96.6
118
38.6
60.3
83.9
105
25.5
48.6
69.9
91.6
114
34.0
57.2
79.3
102
125
44.4
67.1
89.9
112
31.5
54.2
76.5
98.9
1.75
1.59
63.8
85.8
108
27.3
50.3
72.4
94.5
117
38.2
60.1
82.7
104
24.5
660
71.0
93.8
3.62
35.5
60.7
80.2
102
2.00
45.6
68.6
94.3
111
31.3
53.6
75.6
97.7
121
40.1
62.5
85.3
107
27.1
52.1
72.3
95.7
117
37.4
59.9
80.4
103
124
44.5
66.7
88.3
110
31.6
54.4
75.6
98.1
120
40.3
62.5
84.8
106
26.4
48.6
70.4
93.4
116
37.3
58.7
80.7
102
125
45.4
67.6
89.9
111
