time
607
307
307
308
307
307
307
307
12.7
12.6
12.8
12.6
12.6
12.7
12.6
12.5
12.7
12.6
12.1
13.2
12.7
12.6
12.8
12.8
15.4
12.8
12.6
12.7
13.4
12.7
12.7
12.8
12.6
12.8
12.8
12.6
13.4
12.7
12.7
1.74
13.5
1.64
12.7
13.1
12.7
12.6
12.3
12.7
13.0
13.0
12.6
15.0
13.1
12.8
12.6
12.0
12.8
12.8
1.50
1.66
13.1
12.8
12.6
12.7
34.3
12.7
13.0
12.7
12.7
13.0
13.1
12.7
12.8
13.4
12.5
12.9
14.1
13.9
12.1
13.0
12.6
12.5
12.7
13.1
12.6
12.6
12.6
12.9
12.9
12.6
12.6
13.6
12.6
13.0
12.1
12.8
12.8
12.4
13.1
12.8
14.9
12.7
12.7
12.8
12.7
12.7
15.9
12.8
12.7
6.85
12.7
12.6
12.9
13.0
11.8
12.6
12.7
12.6
12.6
16.6
12.6
12.6
12.7
34.0
12.6
12.7
12.5
10.6
15.1
17.0
12.9
13.1
15.3
12.9
12.9
12.7
12.6
13.3
12.0
14.2
14.0
12.9
12.6
12.8
21.4
12.6
14.5
13.0
12.6
12.7
12.6
12.8
12.7
12.6
12.9
15.2
13.7
52.9
1.73
1.68
12.8
13.0
1.77
12.7
12.7
16.7
12.7
10.0
13.3
12.6
12.9
12.7
12.4
12.9
12.6
12.7
12.8
535
12.8
13.1
12.6
12.6
12.2
12.8
12.8
12.7
13.1
13.3
12.8
12.8
12.5
12.9
12.6
12.7
12.9
20.2
12.5
24.0
13.0
12.8
12.9
14.7
14.6
12.8
11.9
12.8
12.7
12.7
12.6
15.3
12.6
12.7
12.7
13.8
13.0
12.7
12.6
13.0
14.4
13.4
15.2
12.8
13.5
1.57
12.8
12.6
12.7
13.4
13.2
12.9
17.6
12.5
12.6
13.6
12.6
12.6
12.8
12.3
12.5
12.7
12.5
12.6
13.2
12.8
12.5
12.9
12.7
13.2
13.0
12.8
12.7
12.7
12.7
21.5
14.2
12.8
12.6
12.7
12.8
14.5
13.1
12.8
13.8
13.1
12.6
12.9
23.2
12.6
13.2
12.7
12.7
1.59
12.9
12.9
12.8
15.3
12.6
12.1
13.6
12.8
12.7
12.8
12.9
12.8
12.7
12.7
12.9
12.9
12.6
12.6
12.7
12.6
13.4
13.1
12.6
12.0
13.0
12.7
13.2
12.7
14.9
12.8
12.8
12.8
14.0
12.8
12.7
12.6
12.7
14.7
12.5
13.7
12.6
12.5
12.6
12.6
12.8
12.1
14.2
12.8
13.2
469
13.0
13.2
13.3
12.5
12.7
12.7
12.6
7.63
12.7
9.50
12.9
12.7
1.75
12.7
12.7
12.7
12.8
12.6
12.6
12.5
12.8
1.59
12.6
12.6
12.6
12.6
12.6
13.0
12.8
12.7
12.5
12.8
11.4
12.8
12.9
12.7
13.0
16.5
12.6
13.7
12.9
13.6
12.6
12.5
12.9
12.7
13.5
15.5
12.7
12.6
12.1
12.6
12.6
13.9
12.6
13.2
12.9
13.2
12.7
13.0
2.02
1.33
12.7
12.9
12.3
12.8
11.9
12.9
12.8
22.2
12.6
12.0
1.44
13.9
12.8
13.1
12.8
12.9
12.7
12.6
13.6
12.8
14.5
12.7
13.0
12.8
12.7
15.1
12.7
13.2
12.6
12.7
12.7
12.6
12.8
12.8
13.8
12.7
12.8
17.5
12.4
13.0
12.7
12.7
12.8
13.1
12.9
12.9
12.8
12.5
12.9
12.6
1.54
12.7
12.6
12.8
12.7
1.57
12.6
12.8
12.7
12.7
12.7
13.0
12.8
12.8
12.8
12.9
12.7
12.6
12.6
12.8
11.9
12.8
12.7
12.7
13.2
15.1
12.6
12.7
12.7
13.9
1.53
2.52
12.9
12.6
13.7
12.9
12.9
13.0
12.2
12.6
12.8
12.6
12.6
13.2
13.0
12.7
12.7
12.6
12.7
13.0
12.8
12.7
16.9
12.9
13.1
12.8
12.6
12.5
12.7
12.6
12.6
13.1
13.0
12.8
12.8
26.0
12.8
12.7
12.2
12.7
14.6
12.7
12.6
12.7
12.6
15.2
12.8
12.8
12.8
14.0
12.6
12.7
12.7
12.7
16.0
13.1
12.7
13.2
12.7
12.6
12.6
12.7
13.2
13.4
12.8
12.7
12.6
12.9
12.7
12.6
12.2
1.66
13.3
16.8
12.9
12.1
12.7
13.2
12.6
13.1
12.6
12.9
17.0
12.7
12.7
12.7
12.6
12.6
17.6
12.6
12.7
12.8
20.4
12.7
12.8
13.0
12.9
13.4
12.9
13.1
233
12.8
9.90
12.9
12.9
12.8
12.6
2.35
11.8
12.8
12.8
12.6
12.7
15.3
12.8
12.6
12.7
13.6
12.8
12.9
12.4
1.60
14.1
12.6
12.6
13.0
11.8
12.6
12.8
12.6
13.2
13.3
9.89
12.9
12.9
12.7
12.6
12.8
12.6
12.7
13.1
13.8
12.6
12.9
12.6
12.6
13.1
12.9
12.8
12.8
12.6
12.7
14.0
12.6
12.7
12.7
12.5
12.6
7.14
12.6
12.7
12.8
13.1
1.61
13.2
18.6
12.6
12.4
13.2
12.5
12.7
12.6
15.1
13.0
13.3
12.7
12.4
12.8
12.7
12.9
25.9
12.8
12.7
12.6
12.5
12.8
13.3
13.1
19.5
12.8
13.1
12.8
12.8
12.5
12.6
12.9
12.7
12.7
12.8
12.9
12.7
12.6
12.6
15.7
13.0
12.8
12.7
12.6
13.3
13.0
12.9
12.5
12.9
13.0
12.8
17.9
12.6
11.4
12.9
12.7
12.7
12.9
24.1
12.8
13.1
12.9
1.62
13.0
12.8
12.6
12.8
13.2
12.8
12.8
12.8
12.6
12.8
12.8
12.8
12.7
13.6
13.1
15.2
12.8
12.7
12.7
12.6
12.6
12.8
12.7
12.8
12.8
12.6
12.8
14.5
14.5
1.41
13.0
11.8
12.6
15.1
7.09
2.58
5.64
1.50
1.37
3.24
13.2
12.9
12.4
12.7
12.7
13.5
14.5
14.6
12.6
12.3
12.8
12.5
12.7
13.5
11.3
12.8
13.2
6.98
12.6
12.9
12.9
12.7
12.7
13.1
12.2
15.3
12.8
12.7
12.6
12.6
12.6
12.7
12.6
13.5
13.0
12.3
12.9
12.6
12.7
16.0
12.9
14.7
13.1
21.2
12.6
12.7
15.0
12.9
12.9
12.6
12.3
12.6
12.7
13.4
12.9
12.8
12.7
12.6
12.7
12.5
12.8
12.6
12.5
12.6
27.7
12.5
12.8
12.9
12.6
12.6
12.6
12.6
12.7
12.6
12.6
12.4
12.3
6.73
12.7
12.6
12.6
12.8
12.7
12.6
1.63
12.6
12.6
12.6
12.6
12.5
13.0
13.8
12.5
12.0
12.7
3.17
1.62
12.6
12.5
12.8
14.4
12.5
12.7
12.6
12.5
65.8
12.6
12.7
12.7
12.3
13.9
13.5
12.6
12.6
14.8
12.8
12.6
12.7
13.5
12.5
12.7
12.5
12.6
12.7
12.8
12.6
14.8
13.1
12.6
12.6
12.8
11.5
12.9
12.6
12.8
14.6
12.8
12.8
12.6
12.7
13.6
13.0
12.6
19.9
13.6
39.8
12.6
12.8
12.6
13.8
12.3
12.6
12.9
12.0
12.6
9.82
1.73
12.6
13.5
12.8
15.2
12.8
13.0
12.8
12.8
11.2
12.6
13.1
13.0
