1449777067471
1449777068179
1449777068922
1449777069750
1449777070537
1449777071250
1449777072045
1449777072879
1449777073695
1449777074453
1449777075235
1449777076051
1449777076871
1449777077623
1449777078410
1449777079222
1449777080050
1449777080873
1449777081681
1449777082502
1449777083322
1449777084141
1449777084877
1449777085684
1449777086486
1449777087315
1449777088132
1449777088955
1449777089771
1449777090603
1449777091293
1449777092129
1449777092862
1449777093662
1449777094412
1449777095292
1449777096020
1449777096841
1449777097659
1449777098620
1449777099387
1449777100141
1449777100937
1449777101752
1449777102576
1449777103394
1449777104175
1449777105030
1449777105782
1449777106574
1449777107389
1449777108207
1449777109022
1449777109842
1449777110654
1449777111482
1449777112401
1449777113222
1449777114050
1449777114772
1449777115590
1449777116407
1449777117221
1449777118042
1449777118757
1449777119591
1449777120434
1449777121210
1449777122030
1449777122844
1449777123675
1449777124400
1449777125111
1449777125924
1449777126740
1449777127560
1449777128389
1449777129173
1449777129912
1449777130739
1449777131453
1449777132125
1449777133007
1449777133799
1449777134622
1449777135449
1449777136275
1449777137081
1449777137901
1449777138717
1449777139441
1449777140187
1449777140971
1449777141801
1449777142611
1449777143431
1449777144251
1449777144962
1449777145784
1449777146609
1449777147421
1449777148248
1449777149060
1449777149881
1449777150708
1449777151523
1449777152341
1449777153160
1449777153984
1449777154712
1449777155514
1449777156332
1449777157152
1449777157976
1449777158799
1449777159809
1449777160550
1449777161353
1449777162177
1449777162991
1449777163810
1449777164632
1449777165441
1449777166277
1449777167083
1449777167900
1449777168722
1449777169540
1449777170364
1449777171183
1449777171948
1449777172823
1449777173640
1449777174462
1449777175278
1449777176100
1449777176949
1449777177738
1449777178551
1449777179461
1449777180292
1449777181112
1449777181947
1449777182752
1449777183577
1449777184269
1449777185011
1449777185823
1449777186645
1449777187464
1449777188280
1449777189208
1449777190193
1449777191051
1449777191866
1449777192681
1449777193507
1449777194324
1449777195142
1449777195962
1449777196781
1449777197612
1449777198428
1449777199543
1449777200362
1449777201188
1449777202001
1449777202829
1449777203645
1449777204467
1449777205171
1449777205904
1449777206713
1449777207545
1449777208297
1449777209068
1449777209889
1449777210732
1449777211449
1449777212241
1449777213059
1449777213888
1449777214604
1449777215327
1449777216163
1449777216957
1449777217775
1449777218591
1449777219375
1449777220232
1449777221057
1449777221869
1449777222676
1449777223510
1449777224339
1449777225458
1449777226279
1449777227095
1449777227910
1449777228733
1449777229550
1449777230372
1449777231199
1449777232008
1449777232830
1449777233650
1449777234461
1449777235200
1449777236109
1449777236926
1449777237740
1449777238560
1449777239475
1449777240338
1449777241120
1449777241939
1449777242760
1449777243581
1449777244388
1449777245114
1449777245932
1449777246762
1449777247569
1449777248389
1449777249216
1449777250031
1449777250772
1449777251677
1449777252413
1449777253194
1449777254026
1449777254799
1449777255662
1449777256489
1449777257300
1449777258118
1449777258940
1449777259760
1449777260581
1449777261416
1449777262211
1449777263035
1449777263852
1449777264677
1449777265495
1449777266319
1449777267130
1449777267954
1449777268770
1449777269589
1449777270411
1449777271237
1449777272041
1449777272868
1449777273681
1449777274504
1449777275224
1449777276048
1449777276854
1449777277693
1449777278504
1449777279329
1449777280137
1449777280863
1449777281872
1449777282701
1449777283513
1449777284340
1449777285081
1449777285882
1449777286606
1449777287347
1449777288121
1449777288841
1449777289659
1449777290489
1449777291299
1449777292123
1449777292938
1449777293757
1449777294570
1449777295320
1449777296109
1449777296930
1449777297735
1449777298574
1449777299487
1449777300313
1449777301129
1449777301948
1449777302767
1449777303582
1449777304393
1449777305094
1449777305814
1449777306552
1449777307373
1449777308191
1449777309015
1449777309821
1449777310661
1449777311372
1449777312189
1449777313006
1449777313826
1449777314643
1449777315346
1449777316180
1449777316999
1449777317829
1449777318643
1449777319460
1449777320276
1449777321095
1449777321917
1449777322747
1449777323551
1449777324376
1449777325191
1449777326018
1449777326830
1449777327666
1449777328446
1449777329280
1449777330108
1449777330929
1449777331744
1449777332481
1449777333280
1449777334097
1449777334808
1449777335561
1449777336344
1449777337173
1449777337997
1449777338815
1449777339634
1449777340454
1449777341220
1449777342097
1449777343108
1449777343932
1449777344750
1449777345498
1449777346373
1449777347525
1449777348331
1449777349151
1449777349981
1449777350802
1449777351615
1449777352428
1449777353250
1449777354075
1449777354889
1449777355711
1449777356529
1449777357352
1449777358161
1449777358981
1449777359801
1449777360623
1449777361456
1449777362293
1449777363079
1449777363897
1449777364717
1449777365452
1449777366206
1449777366972
1449777367798
1449777368608
1449777369442
1449777370159
1449777370969
1449777371782
1449777372602
1449777373524
1449777374337
1449777375157
1449777375877
1449777376685
1449777377516
1449777378341
1449777379155
1449777379975
1449777380698
1449777381509
1449777382330
1449777383153
1449777383971
1449777384786
1449777385603
1449777386339
1449777387142
1449777387957
1449777388777
1449777389601
1449777390420
1449777391236
1449777392055
1449777392877
1449777393701
1449777394514
1449777395248
1449777396046
1449777396871
1449777397680
1449777398507
1449777399343
1449777400092
1449777400867
1449777401678
1449777402498
1449777403318
1449777404238
1449777405059
1449777405760
1449777406467
1449777407208
1449777408039
1449777408856
1449777409677
1449777410494
1449777411307
1449777412131
1449777412950
1449777413768
1449777414585
1449777415410
1449777416231
1449777417038
1449777417867
1449777418679
1449777419492
1449777420628
1449777421445
1449777422298
1449777423091
1449777423852
1449777424737
1449777425479
1449777426275
1449777427078
1449777427912
1449777428717
1449777429535
1449777430280
1449777431176
1449777432001
1449777432808
1449777433539
1449777434655
1449777435419
1449777436297
1449777437122
1449777437928
1449777438749
1449777439568
1449777440392
1449777441209
1449777442032
1449777442879
1449777443666
1449777444479
1449777445307
1449777446125
1449777446938
1449777447751
1449777448488
1449777449290
1449777450116
1449777450943
1449777451758
1449777452469
1449777453288
1449777454109
1449777455030
1449777455786
1449777456567
1449777457391
1449777458207
1449777459029
1449777459846
1449777460670
1449777461393
1449777462202
1449777463021
1449777463827
1449777464628
1449777465487
1449777466300
1449777467109
1449777467947
1449777468755
1449777469578
1449777470391
1449777471213
1449777472028
1449777472852
1449777473668
1449777474496
1449777475307
1449777476041
1449777476845
1449777477660
1449777478478
1449777479306
1449777480114
1449777480941
1449777481758
1449777482608
1449777483302
1449777484339
1449777485132
1449777485879
1449777486680
1449777487496
1449777488309
1449777489138
1449777489948
1449777490771
1449777491476
1449777492306
1449777493125
1449777493936
1449777495678
1449777496498
1449777497312
1449777498140
1449777498965
1449777499780
1449777500617
1449777501424
1449777502248
1449777503062
1449777504185
1449777505006
1449777505840
1449777506640
1449777507460
1449777508278
1449777509097
1449777509917
1449777510748
1449777511510
1449777512378
1449777513200
1449777514020
1449777514836
1449777515586
1449777516312
1449777517191
1449777518008
1449777518836
1449777519646
1449777520461
1449777521386
1449777522212
1449777523026
1449777523846
1449777524677
1449777525488
1449777526275
1449777527018
1449777527838
1449777528658
1449777529480
1449777530319
1449777531122
1449777531936
1449777532754
1449777533575
1449777534389
1449777535208
1449777536034
1449777536746
1449777537567
1449777538385
1449777539206
1449777540044
1449777540848
1449777541651
1449777542513
1449777543300
1449777544124
1449777544941
1449777545704
1449777546484
1449777547297
1449777548115
1449777548934
1449777549747
1449777550579
1449777551415
1449777552110
1449777552939
1449777553735
1449777554558
1449777555385
1449777556096
1449777557026
1449777557836
1449777558665
1449777559473
1449777560311
1449777561117
1449777561940
1449777562767
1449777563563
1449777564384
1449777565220
1449777565938
1449777566692
1449777567467
1449777568295
1449777569105
1449777569927
1449777570746
1449777571466
1449777572288
1449777573098
1449777573921
1449777574684
1449777575397
1449777576143
1449777576894
1449777577707
1449777578540
1449777579366
1449777580136
1449777580888
1449777581705
1449777582526
1449777583351
1449777584146
1449777584981
1449777585802
1449777586512
1449777587440
1449777588154
1449777588979
1449777589793
1449777590630
1449777591438
1449777592248
1449777593067
1449777593886
1449777594706
1449777595528
1449777596345
1449777597166
1449777597984
1449777598798
1449777599625
1449777600459
1449777601258
1449777602082
1449777602901
1449777603716
1449777604540
1449777605357
1449777606087
1449777606877
1449777607713
1449777608528
1449777609347
1449777610165
1449777610966
1449777611796
1449777612635
1449777613445
1449777614369
1449777615189
1449777616013
1449777616740
1449777617646
1449777618466
1449777619591
1449777620405
1449777621235
1449777622048
1449777622866
1449777623686
1449777624499
1449777625327
1449777626147
1449777626958
1449777627777
1449777628602
1449777629419
1449777630249
1449777631064
1449777631878
1449777632701
1449777633522
1449777634339
1449777635163
1449777635961
1449777636708
1449777637507
1449777638327
1449777639147
1449777639977
1449777640789
1449777641520
1449777642284
1449777643136
1449777643965
1449777644784
1449777645642
1449777646390
1449777647136
1449777649081
1449777649896
1449777650741
1449777651536
1449777652361
1449777653175
1449777653999
1449777654820
1449777655530
1449777656361
1449777657047
1449777657885
1449777658707
1449777659528
1449777660334
1449777661165
1449777661979
1449777662805
1449777663618
1449777664438
1449777665282
1449777666069
1449777666910
1449777667716
1449777668542
1449777669355
1449777670186
1449777671002
1449777671829
1449777672736
1449777673555
1449777674360
1449777675207
1449777676016
1449777676736
1449777677546
1449777678368
1449777679190
1449777680019
1449777680827
1449777681646
1449777682465
1449777683285
1449777684119
1449777684918
1449777685739
1449777686557
1449777687290
1449777688070
1449777688925
1449777689734
1449777690477
1449777691268
1449777692089
1449777692906
1449777693636
1449777694407
1449777695162
1449777695971
1449777696699
1449777697449
1449777698233
1449777699060
1449777699868
1449777700700
1449777701414
1449777702225
1449777703046
1449777703871
1449777704697
1449777705507
1449777706325
1449777707031
1449777707866
1449777708690
1449777709601
1449777710427
1449777711261
1449777712058
1449777712978
1449777713798
1449777714616
1449777715443
1449777716255
1449777717024
1449777717906
1449777718715
1449777719433
1449777720171
1449777721230
1449777722095
1449777722878
1449777723729
1449777724547
1449777725358
1449777726187
1449777726949
1449777727718
1449777728545
1449777729450
1449777730286
1449777731105
1449777731848
1449777732609
1449777733357
1449777734077
1449777734806
1449777735529
1449777736338
1449777737152
1449777737971
1449777738793
1449777739708
1449777740528
1449777741352
1449777742166
1449777742988
1449777743807
1449777744617
1449777745444
1449777746258
1449777747076
1449777747905
1449777748658
1449777749436
1449777750256
1449777751068
1449777751892
1449777752717
1449777753533
1449777754347
1449777755167
1449777756000
1449777756709
1449777757499
1449777758338
1449777759158
1449777759978
1449777760801
1449777761618
1449777762446
1449777763177
1449777763977
1449777764787
1449777765608
1449777766428
1449777767163
1449777768007
1449777768811
1449777769606
1449777770435
1449777771147
1449777771959
1449777772778
1449777773602
1449777774417
1449777775238
1449777776046
1449777776877
1449777777658
1449777778377
1449777779133
1449777779947
1449777780774
1449777781588
1449777782425
1449777783226
1449777784050
1449777784866
1449777785691
1449777786505
1449777787244
1449777787979
1449777788857
1449777789691
1449777790498
1449777791316
1449777792137
1449777792838
1449777793566
1449777794392
1449777795207
1449777796022
1449777796845
1449777797666
1449777798485
1449777799327
1449777800118
1449777801249
1449777802066
1449777802887
1449777803706
1449777804531
1449777805346
1449777806467
1449777807197
1449777807914
1449777808736
1449777809451
1449777810264
1449777811078
1449777811901
1449777812719
1449777813444
1449777814255
1449777815067
1449777815898
1449777816627
1449777817372
1449777818143
1449777818961
1449777819789
1449777820609
1449777821414
1449777822349
1449777823106
1449777823883
1449777824709
1449777825515
1449777826339
1449777827168
1449777827992
1449777828801
1449777829631
1449777830451
1449777831262
1449777832073
1449777832884
1449777833717
1449777834530
1449777835351
1449777836170
1449777836990
1449777837819
1449777838629
1449777839439
1449777840262
1449777841088
1449777841901
1449777843058
1449777843850
1449777844669
1449777845490
1449777846309
1449777847016
1449777847752
1449777848560
1449777849384
1449777850203
1449777851022
1449777851832
1449777852667
1449777853378
1449777854190
1449777855011
1449777855724
1449777856560
1449777857392
1449777858188
1449777859000
1449777860122
1449777860952
1449777861771
1449777862588
1449777863416
1449777864233
1449777865072
1449777865871
1449777866690
1449777867516
1449777868230
1449777869040
1449777869860
1449777870684
1449777871499
1449777872326
1449777873142
1449777873958
1449777874778
1449777875595
1449777876412
1449777877157
1449777877896
1449777878671
1449777879478
1449777880301
1449777881121
1449777881950