1449847225759
1449847226434
1449847227251
1449847228071
1449847228895
1449847229710
1449847230523
1449847231352
1449847232171
1449847232983
1449847233803
1449847234626
1449847235545
1449847236363
1449847237187
1449847238012
1449847238833
1449847239641
1449847240461
1449847241277
1449847242200
1449847243044
1449847243842
1449847244672
1449847245479
1449847246293
1449847247120
1449847247932
1449847248778
1449847249577
1449847250382
1449847251213
1449847251950
1449847252754
1449847253576
1449847254394
1449847255202
1449847256023
1449847256853
1449847257666
1449847258481
1449847259326
1449847260151
1449847260941
1449847261761
1449847262581
1449847263400
1449847264215
1449847265037
1449847265852
1449847266673
1449847267491
1449847268318
1449847269135
1449847269957
1449847270777
1449847271589
1449847272414
1449847273141
1449847273950
1449847274760
1449847275498
1449847276302
1449847277119
1449847277940
1449847278761
1449847279597
1449847280392
1449847281216
1449847282034
1449847282852
1449847283683
1449847284489
1449847285311
1449847286137
1449847286950
1449847287781
1449847288692
1449847289538
1449847290331
1449847291150
1449847291970
1449847292784
1449847293602
1449847294424
1449847295242
1449847296271
1449847297101
1449847297910
1449847298833
1449847299648
1449847300462
1449847301282
1449847302102
1449847302951
1449847303743
1449847304562
1449847305386
1449847306201
1449847307031
1449847307840
1449847308662
1449847309483
1449847310292
1449847311112
1449847311934
1449847312754
1449847313574
1449847314391
1449847315215
1449847316031
1449847316851
1449847317670
1449847318490
1449847319311
1449847320235
1449847321052
1449847321870
1449847322694
1449847323509
1449847324327
1449847325142
1449847325976
1449847326882
1449847327705
1449847328522
1449847329347
1449847330072
1449847330885
1449847331700
1449847332522
1449847333332
1449847334153
1449847334982
1449847335794
1449847336612
1449847337432
1449847338256
1449847338983
1449847339794
1449847340609
1449847341427
1449847342243
1449847343078
1449847343901
1449847344706
1449847345522
1449847346341
1449847347171
1449847347980
1449847348804
1449847349623
1449847350440
1449847351263
1449847352081
1449847352905
1449847353704
1449847354531
1449847355353
1449847356176
1449847357104
1449847357911
1449847358747
1449847359551
1449847360371
1449847361191
1449847362000
1449847362828
1449847363652
1449847364469
1449847365283
1449847366111
1449847366922
1449847367734
1449847368562
1449847369395
1449847370194
1449847371122
1449847371943
1449847372769
1449847373581
1449847374403
1449847375221
1449847376359
1449847377154
1449847377981
1449847378804
1449847380244
1449847381063
1449847381873
1449847382693
1449847383512
1449847384331
1449847385151
1449847385984
1449847386794
1449847387711
1449847388530
1449847389351
1449847390170
1449847390991
1449847391818
1449847392628
1449847393443
1449847394276
1449847395392
1449847396212
1449847397038
1449847397850
1449847398665
1449847399493
1449847400303
1449847401122
1449847401956
1449847402774
1449847403582
1449847404402
1449847405224
1449847406050
1449847406867
1449847407680
1449847408504
1449847409323
1449847410152
1449847410953
1449847411783
1449847412593
1449847413401
1449847414233
1449847415051
1449847415873
1449847416691
1449847417515
1449847418636
1449847419445
1449847420272
1449847421108
1449847421911
1449847422775
1449847423542
1449847424376
1449847425197
1449847426013
1449847426836
1449847427647
1449847428463
1449847429308
1449847430102
1449847430926
1449847431743
1449847432562
1449847433382
1449847434203
1449847435021
1449847435841
1449847436670
1449847437507
1449847438306
1449847439115
1449847439940
1449847440752
1449847441572
1449847442394
1449847443211
1449847444033
1449847444859
1449847445671
1449847446509
1449847447310
1449847448129
1449847449153
1449847449981
1449847450793
1449847451610
1449847452442
1449847453249
1449847454073
1449847454890
1449847455704
1449847456522
1449847457354
1449847458161
1449847458984
1449847459811
1449847460621
1449847461451
1449847462253
1449847463085
1449847463889
1449847464708
1449847465537
1449847466355
1449847467177
1449847467995
1449847468830
1449847469638
1449847470455
1449847471278
1449847472095
1449847472912
1449847473728
1449847474546
1449847475368
1449847476186
1449847477005
1449847477825
1449847478649
1449847479767
1449847480593
1449847481423
1449847482235
1449847483121
1449847483864
1449847484691
1449847485512
1449847486326
1449847487146
1449847487966
1449847488884
1449847489715
1449847490521
1449847491341
1449847492162
1449847492979
1449847493801
1449847494613
1449847495433
1449847496251
1449847497080
1449847497881
1449847498721
1449847499470
1449847500251
1449847501069
1449847501890
1449847502724
1449847503515
1449847504354
1449847505162
1449847505981
1449847506811
1449847507630
1449847508442
1449847509262
1449847510181
1449847511009
1449847511821
1449847512640
1449847513454
1449847514293
1449847515100
1449847516022
1449847516840
1449847517675
1449847518482
1449847519295
1449847520117
1449847520937
1449847521753
1449847522679
1449847523492
1449847524316
1449847525443
1449847526260
1449847527079
1449847527899
1449847528730
1449847529534
1449847530352
1449847531171
1449847531906
1449847532723
1449847533546
1449847534357
1449847535171
1449847535989
1449847536802
1449847537623
1449847538460
1449847539262
1449847540070
1449847541618
1449847542366
1449847543074
1449847543895
1449847544691
1449847545826
1449847546632
1449847547452
1449847548277
1449847549131
1449847549912
1449847550737
1449847551552
1449847552377
1449847553190
1449847554113
1449847554931
1449847555756
1449847556572
1449847557390
1449847558200
1449847559033
1449847559843
1449847560666
1449847561482
1449847562306
1449847563121
1449847563855
1449847564661
1449847565481
1449847566300
1449847567112
1449847567932
1449847568756
1449847569572
1449847570393
1449847571211
1449847572234
1449847573014
1449847573880
1449847574693
1449847575513
1449847576323
1449847577158
1449847577975
1449847578794
1449847579610
1449847580430
1449847581250
1449847582179
1449847582991
1449847583812
1449847584630
1449847585446
1449847586263
1449847587082
1449847587902
1449847588744
1449847589552
1449847590368
1449847591181
1449847592003
1449847592822
1449847593647
1449847594445
1449847595281
1449847596101
1449847596913
1449847597739
1449847598665
1449847599480
1449847600291
1449847601112
1449847601932
1449847602962
1449847603783
1449847604593
1449847605417
1449847606230
1449847607052
1449847607876
1449847608703
1449847609509
1449847610330
1449847611155
1449847612071
1449847612890
1449847613725
1449847614631
1449847615465
1449847616270
1449847617089
1449847617912
1449847618733
1449847619546
1449847620363
1449847621181
1449847622003
1449847622825
1449847623745
1449847624560
1449847625390
1449847626206
1449847627021
1449847627850
1449847628665
1449847629480
1449847630302
1449847631119
1449847631932
1449847632758
1449847633884
1449847634701
1449847635525
1449847636340
1449847637160
1449847637981
1449847638802
1449847639617
1449847640441
1449847641260
1449847642077
1449847642887
1449847643712
1449847644531
1449847645351
1449847646171
1449847646990
1449847647810
1449847648637
1449847649448
1449847650274
1449847651097
1449847651903
1449847652722
1449847653543
1449847654361
1449847655495
1449847656320
1449847657130
1449847657939
1449847658776
1449847659586
1449847660403
1449847661231
1449847662042
1449847662883
1449847663686
1449847664703
1449847665523
1449847666349
1449847667165
1449847667980
1449847668798
1449847669622
1449847670439
1449847671263
1449847672080
1449847673202
1449847674024
1449847674841
1449847675672
1449847676480
1449847677300
1449847678125
1449847678969
1449847679763
1449847680680
1449847681500
1449847682320
1449847683451
1449847684272
1449847685077
1449847685904
1449847686732
1449847687545
1449847688361
1449847689182
1449847689998
1449847690813
1449847691650
1449847692453
1449847693272
1449847694089
1449847695119
1449847695847
1449847696663
1449847697472
1449847698291
1449847699113
1449847699933
1449847700751
1449847701583
1449847702392
1449847703213
1449847704024
1449847704842
1449847705663
1449847706482
1449847707300
1449847708121
1449847708944
1449847709761
1449847710589
1449847711404
1449847712211
1449847713045
1449847713856
1449847714671
1449847715504
1449847716312
1449847717132
1449847717958
1449847718779
1449847719592
1449847720422
1449847721224
1449847722050
1449847722948
1449847723694
1449847724502
1449847725531
1449847726353
1449847727169
1449847727990
1449847728821
1449847729623
1449847730447
1449847731263
1449847732083
1449847732906
1449847733733
1449847734542
1449847735365
1449847736182
1449847737000
1449847737819
1449847738643
1449847739468
1449847740272
1449847741202
1449847742019
1449847742839
1449847743656
1449847744472
1449847745330
1449847746116
1449847746938
1449847747761
1449847748513
1449847749390
1449847750210
1449847751029
1449847751853
1449847752663
1449847753489
1449847754302
1449847755128
1449847756150
1449847756863
1449847757582
1449847758411
1449847759224
1449847760041
1449847760866
1449847761681
1449847762605
1449847763444
1449847764174
1449847764953
1449847765776
1449847766591
1449847767413
1449847768243
1449847769053
1449847769871
1449847770691
1449847771514
1449847772330
1449847773150
1449847773964
1449847774785
1449847775595
1449847776430
1449847777246
1449847778062
1449847778896
1449847779702
1449847780522
1449847781341
1449847782160
1449847782994
1449847783712
1449847784535
1449847785331
1449847786159
1449847787072
1449847787893
1449847788714
1449847789531
1449847790352
1449847791172
1449847791994
1449847792810
1449847793624
1449847794458
1449847795262
1449847796095
1449847796902
1449847797830
1449847798644
1449847799474
1449847800283
1449847801103
1449847801921
1449847802730
1449847803561
1449847804392
1449847805201
1449847805937
1449847806733
1449847807557
1449847808372
1449847809203
1449847810011
1449847810833
1449847811651
1449847812492
1449847813259
1449847814114
1449847814927
1449847815743
1449847816575
1449847817600
1449847818421
1449847819237
1449847820042
1449847820864
1449847821684
1449847822502
1449847823329
1449847824063
1449847824883
1449847825687
1449847826496
1449847827311
1449847828138
1449847828952
1449847829799
1449847830593
1449847831425
1449847832236
1449847833053
1449847833891
1449847834690
1449847835518
1449847836323
1449847837146
1449847837963
1449847838796
1449847839611
1449847840431
1449847841246
1449847842066
1449847842881
1449847843704
1449847844520
1449847845341
1449847846160
1449847846980
1449847848002
1449847848821
1449847849640
1449847850463
1449847851280
1449847852100
1449847852913
1449847853744
1449847854565
1449847855373
1449847856194
1449847857001
1449847857844
1449847858646
1449847859471
1449847860292
1449847861111
1449847861931
1449847862750
1449847863559
1449847864384
1449847865202
1449847865939
1449847866747
1449847867562
1449847868394
1449847869200
1449847870027
1449847870833
1449847871656
1449847872473
1449847873308
1449847874116
1449847874932
1449847875753
1449847876572
1449847877391
1449847878438
1449847879233
1449847880053
1449847880864
1449847881691
1449847882519
1449847883343
1449847884137
1449847884963
1449847885792
1449847886607
1449847887425
1449847888251
1449847889062
1449847889886
1449847890702
1449847891521
1449847892353
1449847893266
1449847894081
1449847894903
1449847895822
1449847896642
1449847897466
1449847898288
1449847899101
1449847899923
1449847900740
1449847901557
1449847902373
1449847903342
1449847904120
1449847904962
1449847905753
1449847906683
1449847907805
1449847908724
1449847909542
1449847910363
1449847911187
1449847912002
1449847912821
1449847913644
1449847914464
1449847915280
1449847916102
1449847916914
1449847917747
1449847918655
1449847919478
1449847920312
1449847921422
1449847922250
1449847923066
1449847923882
1449847924706
1449847925521
1449847926230
1449847926967
1449847927777
1449847928518
1449847929327
1449847930130
1449847930943
1449847931765
1449847932582
1449847933414
1449847934222
1449847935042
1449847935861
1449847936721
1449847937502
1449847938338
1449847939241
1449847940066
1449847940880
1449847941700
1449847942519
1449847943343
1449847944160
1449847944973
1449847945800
1449847946627
1449847947461
1449847948262
1449847949072
1449847949892
1449847950711
1449847951530
1449847952350
1449847953175
1449847953988
1449847954804
1449847955622
1449847956449
1449847957261
1449847958092
1449847958902
1449847959723
1449847960542
1449847961374
1449847962180
1449847963078
1449847963813
1449847964639
1449847965452
1449847966274
1449847967092
1449847967920
1449847968737
1449847969966
1449847970781
1449847971707
1449847972521
1449847973343
1449847974160
1449847974980
1449847975800
1449847976614
1449847977443
1449847978571
1449847979389
1449847980082
1449847980919
1449847981740
1449847982553
1449847983385
1449847984197
1449847985321
1449847986140
1449847986961
1449847987780
1449847988613
1449847989423
1449847990239
1449847991057
1449847991874
1449847992705
1449847993521
1449847994332
1449847995151
1449847995971
1449847996693
1449847997502
1449847998334
1449847999142
1449847999963
1449848000990
1449848001797
1449848002536
1449848003457
1449848004266
1449848005086
1449848005918
1449848006726
1449848007477
1449848008279
1449848009086
1449848009908
1449848010721
1449848011536
1449848012358
1449848013133
1449848013989
1449848014796
1449848015635
1449848016457
1449848017276
1449848018103
1449848018825
1449848019633
1449848020450
1449848021267
1449848022087
1449848022979
1449848023721
1449848024455
1449848025227
1449848025995
1449848026777
1449848027624
1449848028397
1449848029122
1449848029876
1449848030688
1449848031709
1449848032541
1449848033345
1449848034167
1449848034989
1449848035693
1449848036469
1449848037350
1449848038181
1449848038976
1449848039803
1449848040622
1449848041433
1449848042264
1449848043078
1449848043892
1449848044713
1449848045534
1449848046351
1449848047071
1449848047885
1449848048705
1449848049539
1449848050343
1449848051162
1449848051984
1449848052803
1449848053628