1449775711850
1449775712487
1449775713303
1449775714024
1449775714855
1449775715695
1449775716471
1449775717306
1449775718125
1449775718940
1449775719761
1449775720679
1449775721423
1449775722244
1449775723031
1449775723851
1449775724676
1449775725491
1449775726310
1449775727132
1449775727952
1449775728690
1449775729589
1449775730412
1449775731221
1449775731985
1449775732861
1449775733690
1449775734500
1449775735328
1449775736145
1449775736959
1449775737781
1449775738531
1449775739320
1449775740140
1449775740951
1449775741771
1449775742590
1449775743398
1449775744172
1449775744953
1449775745764
1449775746574
1449775747402
1449775748222
1449775749047
1449775749869
1449775750881
1449775751703
1449775752514
1449775753341
1449775754196
1449775754986
1449775755800
1449775756620
1449775757440
1449775758260
1449775759080
1449775759902
1449775760711
1449775761532
1449775762343
1449775763185
1449775763991
1449775764816
1449775765633
1449775766451
1449775767279
1449775767986
1449775768721
1449775769551
1449775770343
1449775771079
1449775771881
1449775772699
1449775773543
1449775774283
1449775775043
1449775775874
1449775776685
1449775777504
1449775778334
1449775779150
1449775779971
1449775780791
1449775781709
1449775782547
1449775783356
1449775784183
1449775784985
1449775785711
1449775786521
1449775787344
1449775788160
1449775788860
1449775789699
1449775790519
1449775791331
1449775792155
1449775792979
1449775793792
1449775794635
1449775795425
1449775796258
1449775797070
1449775797811
1449775798599
1449775799530
1449775800349
1449775801153
1449775801982
1449775802729
1449775803502
1449775804241
1449775804984
1449775805773
1449775806582
1449775807415
1449775808230
1449775808941
1449775809757
1449775810591
1449775811407
1449775812328
1449775813143
1449775813962
1449775814786
1449775815608
1449775816422
1449775817246
1449775818060
1449775818784
1449775819595
1449775820419
1449775821239
1449775822051
1449775822877
1449775823692
1449775824513
1449775825340
1449775826152
1449775826969
1449775827814
1449775828544
1449775829323
1449775830151
1449775830961
1449775831781
1449775832609
1449775833424
1449775834240
1449775835054
1449775835880
1449775836689
1449775837620
1449775838440
1449775839272
1449775840074
1449775840891
1449775841712
1449775842639
1449775843451
1449775844272
1449775845093
1449775845913
1449775846737
1449775847556
1449775848376
1449775849202
1449775850015
1449775850834
1449775851651
1449775852470
1449775853282
1449775854107
1449775854936
1449775855744
1449775856561
1449775857382
1449775858204
1449775858987
1449775859841
1449775860648
1449775861479
1449775862427
1449775863157
1449775863934
1449775864659
1449775865471
1449775866293
1449775867101
1449775867927
1449775868758
1449775869566
1449775870387
1449775871206
1449775872032
1449775872838
1449775873658
1449775874475
1449775875299
1449775876109
1449775876936
1449775878121
1449775878881
1449775879652
1449775880528
1449775881342
1449775882161
1449775882982
1449775883800
1449775884612
1449775885455
1449775886258
1449775887091
1449775887883
1449775888661
1449775889426
1449775890187
1449775891022
1449775891782
1449775892620
1449775893379
1449775894126
1449775894923
1449775895778
1449775896585
1449775897374
1449775898250
1449775898985
1449775899772
1449775900601
1449775901410
1449775902231
1449775903187
1449775903972
1449775904789
1449775905523
1449775906320
1449775907149
1449775907966
1449775908696
1449775909812
1449775910626
1449775911450
1449775912468
1449775913303
1449775914113
1449775914930
1449775915748
1449775916569
1449775917385
1449775918211
1449775918959
1449775919689
1449775920460
1449775921294
1449775922099
1449775922929
1449775923682
1449775924456
1449775925285
1449775926087
1449775926913
1449775927728
1449775928547
1449775929279
1449775930087
1449775930899
1449775931619
1449775932437
1449775933282
1449775934077
1449775934900
1449775935716
1449775936535
1449775937356
1449775938168
1449775938988
1449775939815
1449775940629
1449775941448
1449775942272
1449775943089
1449775943916
1449775944732
1449775945535
1449775946366
1449775947192
1449775948005
1449775948719
1449775949470
1449775950359
1449775951177
1449775952004
1449775952816
1449775953638
1449775954456
1449775955206
1449775955988
1449775956800
1449775957622
1449775958450
1449775959170
1449775959984
1449775960822
1449775961618
1449775962443
1449775963266
1449775964285
1449775965101
1449775965919
1449775966732
1449775967559
1449775968378
1449775969201
1449775970120
1449775970947
1449775971757
1449775972699
1449775973499
1449775974217
1449775975053
1449775975861
1449775976687
1449775977496
1449775978316
1449775979019
1449775979851
1449775980562
1449775981388
1449775982232
1449775983027
1449775983772
1449775984565
1449775985402
1449775986105
1449775986878
1449775987620
1449775988454
1449775989167
1449775989992
1449775990811
1449775991629
1449775992451
1449775993274
1449775994085
1449775996137
1449775996949
1449775997773
1449775998588
1449775999509
1449776000330
1449776001156
1449776001968
1449776002789
1449776003608
1449776004424
1449776005248
1449776006060
1449776006887
1449776007694
1449776008531
1449776009202
1449776009990
1449776010786
1449776011601
1449776012409
1449776013182
1449776013948
1449776014771
1449776015586
1449776016342
1449776017128
1449776017941
1449776018776
1449776019551
1449776020400
1449776021217
1449776022040
1449776022858
1449776023689
1449776024490
1449776025545
1449776027260
1449776028097
1449776028898
1449776029730
1449776030538
1449776031357
1449776032176
1449776033011
1449776033817
1449776034647
1449776035458
1449776036265
1449776037096
1449776037908
1449776039595
1449776040359
1449776041189
1449776042055
1449776042826
1449776043651
1449776044467
1449776045189
1449776045895
1449776046723
1449776047541
1449776048356
1449776049186
1449776049913
1449776050709
1449776051527
1449776052347
1449776053169
1449776053988
1449776054811
1449776055627
1449776056446
1449776057369
1449776058186
1449776059006
1449776059825
1449776060646
1449776061482
1449776062290
1449776063100
1449776063919
1449776064742
1449776065557
1449776066379
1449776067206
1449776068017
1449776069177
1449776069913
1449776070779
1449776071604
1449776072524
1449776073338
1449776074167
1449776074974
1449776075797
1449776076625
1449776077427
1449776078260
1449776079076
1449776079817
1449776080613
1449776081428
1449776082249
1449776083068
1449776083889
1449776084711
1449776085533
1449776086350
1449776087175
1449776088087
1449776088906
1449776089726
1449776090546
1449776091367
1449776092193
1449776092998
1449776093824
1449776094638
1449776095466
1449776096299
1449776097012
1449776097821
1449776098640
1449776099437
1449776100209
1449776101088
1449776101919
1449776102729
1449776103548
1449776104285
1449776105089
1449776105851
1449776106627
1449776107545
1449776108377
1449776109183
1449776109939
1449776110718
1449776111530
1449776112362
1449776113182
1449776114000
1449776114815
1449776115645
1449776116450
1449776117269
1449776118397
1449776119216
1449776119941
1449776120755
1449776121575
1449776122388
1449776123209
1449776124027
1449776124852
1449776125667
1449776126583
1449776127407
1449776128211
1449776129047
1449776129778
1449776130493
1449776131227
1449776132021
1449776132841
1449776133656
1449776134476
1449776135231
1449776135948
1449776136845
1449776137739
1449776138583
1449776139379
1449776140147
1449776140926
1449776141750
1449776142566
1449776143384
1449776144218
1449776145020
1449776145837
1449776146649
1449776147486
1449776148226
1449776149327
1449776150141
1449776150958
1449776151778
1449776152602
1449776153433
1449776154237
1449776155058
1449776155883
1449776156683
1449776157520
1449776158343
1449776159155
1449776159881
1449776160683
1449776161508
1449776162363
1449776163159
1449776163971
1449776164725
1449776165610
1449776166431
1449776167238
1449776168059
1449776168879
1449776169697
1449776170438
1449776171246
1449776172369
1449776173191
1449776174280
1449776175128
1449776175947
1449776176754
1449776177585
1449776178407
1449776179226
1449776180148
1449776180966
1449776181772
1449776182619
1449776183419
1449776184188
1449776185268
1449776186089
1449776186906
1449776187726
1449776188847
1449776189672
1449776190389
1449776191208
1449776192025
1449776192947
1449776193765
1449776194585
1449776195410
1449776196159
1449776196941
1449776197757
1449776198570
1449776199386
1449776200191
1449776201036
1449776201858
1449776202676
1449776203501
1449776204308
1449776205129
1449776205948
1449776206767
1449776207592
1449776208327
1449776209126
1449776209949
1449776210746
1449776211587
1449776212399
1449776213325
1449776214138
1449776214961
1449776215786
1449776216597
1449776217428
1449776218237
1449776219075
1449776219877
1449776220603
1449776221408
1449776222267
1449776223038
1449776223867
1449776224687
1449776225510
1449776226282
1449776227147
1449776227966
1449776228784
1449776229606
1449776230428
1449776231244
1449776232083
1449776232880
1449776233699
1449776234526
1449776235349
1449776236170
1449776236977
1449776237796
1449776238621
1449776239439
1449776240264
1449776242096
1449776242919
1449776243736
1449776244556
1449776245366
1449776246198
1449776247019
1449776247753
1449776248652
1449776249403
1449776250153
1449776250891
1449776251737
1449776252545
1449776253465
1449776254201
1449776255001
1449776255818
1449776256558
1449776257359
1449776258175
1449776258999
1449776259803
1449776260550
1449776261358
1449776262170
1449776262999
1449776263806
1449776264630
1449776265448
1449776266268
1449776267085
1449776267910
1449776268719
1449776269542
1449776270367
1449776271190
1449776272003
1449776273516
1449776274348
1449776275178
1449776275988
1449776276808
1449776277630
1449776278447
1449776279271
1449776280082
1449776280859
1449776281730
1449776282547
1449776283367
1449776284190
1449776285061
1449776285824
1449776286580
1449776287365
1449776288188
1449776288996
1449776289812
1449776290639
1449776291455
1449776292281
1449776293097
1449776293915
1449776294735
1449776295550
1449776296368
1449776297197
1449776298006
1449776298828
1449776299656
1449776300470
1449776301285
1449776302106
1449776302931
1449776303738
1449776304563
1449776305273
1449776306097
1449776306928
1449776307736
1449776308561
1449776309376
1449776310205
1449776310990
1449776311736
1449776312548
1449776313384
1449776314187
1449776315018
1449776315820
1449776316517
1449776317350
1449776318290
1449776319103
1449776319923
1449776320752
1449776321565
1449776322371
1449776323202
1449776324021
1449776324839
1449776325656
1449776326477
1449776327296
1449776328027
1449776328843
1449776329649
1449776330469
1449776331187
1449776331905
1449776332719
1449776333548
1449776334483
1449776335298
1449776336101
1449776337236
1449776338052
1449776338877
1449776339686
1449776340537
1449776341213
1449776342101
1449776342855
1449776343670
1449776344498
1449776345320
1449776346138
1449776346857
1449776347678
1449776348488
1449776349299
1449776350120
1449776350941
1449776351768
1449776352590
1449776353410
1449776354231
1449776355047
1449776355865
1449776356691
1449776357516
1449776358318
1449776359139
1449776359957
1449776360778
1449776361614
1449776362425
1449776363237
1449776364057
1449776364977
1449776365800
1449776366617
1449776367437
1449776368145
1449776368967
1449776369779
1449776370609
1449776371336
1449776372047
1449776372870
1449776373700
1449776374498
1449776375232
1449776375987
1449776376744
1449776377566
1449776378387
1449776379200
1449776380035
1449776380854
1449776381567
1449776382390
1449776383160
1449776384026
1449776384845
1449776385633
1449776386485
1449776387305
1449776388060
1449776388825
1449776389663
1449776390478
1449776391295
1449776392015
1449776392827
1449776393648
1449776394469
1449776395390
1449776396213
1449776397027
1449776397879
1449776398667
1449776399474
1449776400315
1449776401002
1449776401765
1449776402661
1449776403482
1449776404297
1449776405120
1449776405912
1449776406655
1449776407484
1449776408295
1449776409117
1449776409954
1449776410748
1449776411492
1449776412292
1449776413110
1449776413925
1449776414757
1449776415568
1449776416386
1449776417204
1449776418026
1449776418843
1449776419663
1449776420479
1449776421297
1449776422119
1449776422943
1449776423763
1449776424506
1449776425292
1449776426108
1449776426928
1449776427749
1449776428577
1449776429387
1449776430207
1449776430999
1449776431757
1449776432564
1449776433388
1449776434207
1449776435017
1449776435839
1449776436662
1449776437404
1449776438209
1449776439021
1449776439831
1449776440650
1449776441386
1449776442197
1449776443016
1449776443827
1449776444647
1449776445468
1449776446285
1449776447102
1449776447848
1449776448637
1449776449457
1449776450283
1449776451104
1449776451865
1449776452639
1449776453448
1449776454269
1449776455091
1449776455908
1449776457037
1449776457862
1449776458777
1449776459599
1449776460402
1449776461154
1449776461934
1449776462772
1449776463899
1449776464717
1449776465556
1449776466287
1449776467072
1449776467888
1449776468716
1449776469528
1449776470354
1449776471172
1449776471887
1449776472705
1449776473519
1449776474340
1449776475160
1449776475978
1449776476797
1449776477618
1449776478437
1449776479264
1449776480079
1449776480907
1449776481709
1449776482542
1449776483358
1449776484186
1449776484887
1449776485719
1449776486531
1449776487638
1449776488363
1449776489141
1449776489907
1449776490732
1449776491470
1449776492261
1449776493346
1449776494157
1449776495027
1449776495846
1449776496581
1449776497385
1449776498211
1449776499026
1449776499829
1449776500660
1449776501788
1449776502498
1449776503327
1449776504156
1449776504962
1449776505680
1449776506484
1449776507316
1449776508138
1449776508959
1449776509775
1449776510592
1449776511409
1449776512131
1449776513149
1449776513976
1449776514788
1449776515610
1449776516427
1449776517254
1449776518785
1449776519610
1449776520420
1449776521239
1449776521987
1449776522731
1449776523505
1449776524315
1449776525124
1449776525948
1449776526693
1449776527500
1449776528311
1449776529118
1449776529947
1449776530791
1449776531579
1449776532406
1449776533223