1449849597686
1449849598207
1449849599050
1449849599969
1449849600788
1449849601622
1449849602432
1449849603254
1449849604069
1449849604881
1449849605700
1449849606533
1449849607340
1449849608159
1449849609081
1449849609899
1449849610722
1449849611552
1449849612359
1449849613185
1449849613997
1449849614817
1449849615638
1449849616468
1449849617277
1449849618090
1449849618915
1449849619736
1449849620555
1449849621376
1449849622192
1449849623011
1449849623833
1449849624652
1449849625481
1449849626290
1449849627109
1449849627925
1449849628753
1449849629553
1449849630382
1449849631202
1449849632032
1449849632841
1449849633667
1449849634497
1449849635308
1449849636123
1449849636940
1449849637760
1449849638609
1449849639810
1449849640622
1449849641442
1449849642263
1449849643002
1449849643802
1449849644612
1449849645439
1449849646253
1449849647087
1449849647892
1449849648729
1449849649532
1449849650352
1449849651173
1449849651991
1449849652815
1449849653648
1449849654454
1449849655270
1449849656093
1449849656902
1449849657722
1449849658545
1449849659362
1449849660182
1449849661006
1449849661893
1449849662675
1449849663462
1449849664281
1449849665103
1449849665863
1449849666739
1449849667552
1449849668380
1449849669199
1449849670220
1449849671042
1449849671854
1449849672672
1449849673494
1449849674312
1449849675145
1449849675960
1449849676775
1449849677596
1449849678423
1449849679230
1449849679956
1449849680723
1449849681482
1449849682306
1449849683121
1449849683941
1449849684761
1449849685590
1449849686399
1449849687219
1449849688033
1449849688852
1449849689673
1449849690502
1449849691312
1449849692131
1449849692938
1449849693780
1449849694586
1449849695417
1449849696238
1449849697049
1449849697863
1449849698691
1449849699511
1449849700430
1449849701243
1449849702067
1449849702904
1449849703700
1449849704519
1449849705339
1449849706158
1449849706982
1449849707798
1449849708631
1449849709437
1449849710256
1449849711081
1449849711890
1449849712721
1449849713530
1449849714350
1449849715168
1449849715988
1449849716816
1449849717633
1449849718449
1449849719271
1449849720089
1449849720912
1449849721722
1449849722534
1449849723361
1449849724180
1449849725005
1449849725717
1449849726537
1449849727358
1449849728180
1449849728997
1449849729811
1449849730635
1449849731449
1449849732269
1449849733089
1449849733910
1449849734729
1449849735555
1449849736368
1449849737199
1449849738007
1449849739143
1449849739953
1449849740779
1449849741588
1449849742409
1449849743233
1449849744050
1449849744867
1449849745687
1449849746505
1449849747333
1449849748139
1449849748960
1449849749779
1449849750605
1449849751424
1449849752247
1449849753060
1449849753886
1449849754701
1449849755524
1449849756331
1449849757162
1449849757980
1449849758793
1449849759613
1449849760432
1449849761352
1449849762173
1449849762992
1449849763826
1449849764635
1449849765455
1449849766280
1449849767093
1449849767910
1449849768739
1449849769549
1449849770364
1449849771187
1449849772002
1449849772821
1449849773953
1449849774774
1449849775600
1449849776409
1449849777230
1449849778051
1449849778862
1449849779697
1449849780505
1449849781321
1449849782559
1449849783393
1449849784200
1449849785016
1449849785728
1449849786543
1449849787363
1449849788201
1449849789002
1449849789823
1449849790651
1449849791662
1449849792484
1449849793303
1449849794122
1449849794941
1449849795763
1449849796580
1449849797420
1449849798222
1449849799044
1449849799855
1449849800592
1449849801396
1449849802205
1449849803031
1449849803852
1449849804659
1449849805492
1449849806311
1449849807138
1449849807958
1449849808781
1449849809582
1449849810407
1449849811225
1449849812051
1449849812872
1449849813675
1449849814503
1449849815320
1449849816140
1449849816971
1449849817779
1449849818702
1449849819520
1449849820340
1449849821160
1449849821980
1449849822723
1449849823508
1449849824331
1449849825153
1449849825979
1449849826795
1449849827610
1449849828433
1449849829243
1449849830063
1449849830888
1449849831718
1449849832521
1449849833345
1449849834171
1449849834981
1449849835800
1449849836621
1449849837440
1449849838263
1449849839073
1449849839900
1449849840724
1449849841532
1449849842359
1449849843176
1449849843997
1449849844812
1449849845532
1449849846262
1449849847065
1449849847881
1449849848703
1449849849522
1449849850341
1449849851164
1449849851980
1449849852800
1449849853622
1449849854453
1449849855259
1449849856084
1449849856893
1449849857721
1449849858634
1449849859465
1449849860272
1449849861092
1449849861924
1449849862731
1449849863561
1449849864370
1449849865190
1449849866010
1449849866829
1449849867643
1449849868464
1449849869283
1449849870103
1449849870922
1449849871751
1449849872462
1449849873291
1449849874100
1449849874923
1449849875743
1449849876553
1449849877373
1449849878207
1449849879012
1449849879831
1449849880655
1449849881471
1449849882292
1449849883243
1449849884032
1449849884850
1449849885673
1449849886491
1449849887314
1449849888129
1449849888943
1449849889765
1449849890595
1449849891402
1449849892236
1449849893042
1449849893866
1449849894681
1449849895502
1449849896320
1449849897140
1449849897959
1449849898781
1449849899594
1449849900417
1449849901227
1449849902075
1449849902877
1449849903693
1449849904511
1449849905331
1449849906155
1449849906978
1449849907789
1449849908606
1449849909436
1449849910233
1449849911062
1449849911883
1449849912701
1449849913724
1449849914543
1449849915364
1449849916197
1449849917008
1449849917821
1449849918646
1449849919492
1449849920381
1449849921210
1449849921989
1449849923149
1449849923963
1449849924782
1449849925611
1449849926421
1449849927246
1449849928061
1449849928895
1449849929702
1449849930521
1449849931326
1449849932165
1449849932987
1449849933802
1449849934614
1449849935433
1449849936253
1449849937374
1449849938209
1449849939130
1449849939941
1449849940761
1449849941594
1449849942408
1449849943251
1449849944241
1449849945065
1449849945894
1449849946704
1449849947526
1449849948341
1449849949167
1449849949973
1449849950792
1449849951612
1449849952462
1449849953277
1449849954071
1449849954891
1449849955712
1449849956541
1449849957356
1449849958169
1449849958991
1449849959809
1449849960627
1449849961461
1449849962263
1449849963093
1449849963902
1449849964723
1449849965462
1449849966270
1449849967079
1449849967893
1449849968716
1449849969537
1449849970352
1449849971180
1449849971992
1449849972811
1449849973621
1449849974653
1449849975472
1449849976303
1449849977113
1449849977936
1449849978759
1449849979594
1449849980401
1449849981210
1449849981946
1449849982748
1449849983556
1449849984381
1449849985233
1449849986021
1449849986841
1449849987660
1449849988482
1449849989299
1449849990119
1449849990933
1449849991753
1449849992576
1449849993393
1449849994211
1449849995037
1449849995854
1449849996671
1449849997496
1449849998313
1449849999130
1449849999955
1449850000759
1449850001583
1449850002421
1449850003278
1449850004041
1449850005071
1449850005891
1449850006722
1449850007522
1449850008252
1449850009070
1449850010194
1449850011003
1449850011831
1449850012964
1449850013782
1449850014596
1449850015411
1449850016230
1449850017058
1449850017870
1449850018692
1449850019503
1449850020329
1449850021142
1449850021963
1449850022781
1449850023603
1449850024432
1449850025242
1449850026064
1449850026881
1449850027700
1449850028522
1449850029339
1449850030152
1449850030964
1449850031798
1449850032618
1449850033433
1449850034226
1449850034959
1449850036007
1449850036820
1449850037647
1449850038462
1449850039282
1449850040086
1449850040915
1449850041735
1449850042546
1449850043266
1449850044084
1449850044912
1449850045725
1449850046545
1449850047370
1449850048186
1449850049113
1449850049924
1449850050745
1449850051565
1449850052385
1449850053200
1449850054030
1449850054837
1449850055657
1449850056476
1449850057295
1449850058105
1449850058950
1449850060064
1449850060881
1449850061697
1449850062516
1449850063375
1449850064140
1449850064983
1449850065791
1449850066711
1449850067531
1449850068565
1449850069383
1449850070195
1449850071011
1449850071837
1449850072651
1449850073473
1449850074310
1449850075111
1449850075931
1449850076756
1449850077570
1449850078393
1449850079214
1449850080043
1449850081156
1449850081971
1449850082798
1449850083617
1449850084448
1449850085212
1449850085966
1449850086792
1449850087601
1449850088424
1449850089143
1449850089960
1449850090780
1449850091594
1449850092418
1449850093233
1449850094052
1449850094897
1449850095683
1449850096511
1449850098267
1449850099079
1449850099892
1449850100731
1449850101530
1449850102358
1449850103163
1449850103983
1449850104808
1449850105635
1449850106443
1449850107262
1449850108081
1449850108902
1449850109721
1449850110541
1449850111373
1449850112181
1449850113000
1449850113820
1449850114641
1449850115448
1449850116285
1449850117092
1449850117917
1449850118749
1449850119551
1449850120371
1449850121194
1449850122012
1449850122830
1449850123651
1449850124460
1449850125283
1449850126102
1449850126931
1449850127745
1449850128667
1449850129482
1449850130306
1449850131122
1449850131957
1449850132764
1449850133589
1449850134400
1449850135221
1449850136041
1449850136871
1449850137673
1449850138495
1449850139312
1449850140038
1449850140851
1449850141671
1449850142512
1449850143311
1449850144135
1449850144951
1449850145767
1449850146581
1449850147411
1449850148225
1449850149048
1449850149861
1449850150690
1449850151502
1449850152244
1449850153040
1449850153852
1449850154673
1449850155493
1449850156315
1449850157144
1449850157955
1449850158975
1449850159797
1449850160643
1449850161433
1449850162264
1449850163071
1449850163891
1449850164711
1449850165531
1449850166350
1449850167169
1449850167995
1449850168820
1449850169639
1449850170442
1449850171268
1449850172081
1449850172911
1449850173729
1449850174542
1449850175364
1449850176180
1449850177000
1449850177831
1449850178643
1449850179452
1449850180273
1449850181093
1449850181917
1449850182742
1449850183558
1449850184377
1449850185185
1449850186010
1449850186830
1449850187663
1449850188472
1449850189287
1449850190102
1449850190924
1449850191746
1449850192562
1449850193384
1449850194241
1449850195122
1449850195942
1449850196771
1449850197588
1449850198410
1449850199225
1449850200062
1449850200860
1449850201681
1449850202493
1449850203318
1449850204139
1449850204956
1449850205776
1449850206592
1449850207412
1449850208240
1449850209044
1449850209870
1449850210693
1449850211509
1449850212323
1449850213149
1449850213963
1449850214786
1449850215602
1449850216421
1449850217244
1449850218051
1449850218886
1449850219902
1449850220725
1449850221542
1449850222361
1449850223190
1449850224121
1449850224924
1449850225745
1449850226560
1449850227381
1449850228211
1449850229034
1449850229843
1449850230966
1449850231789
1449850232508
1449850233338
1449850234147
1449850234952
1449850235787
1449850236601
1449850237417
1449850238246
1449850239082
1449850239875
1449850240699
1449850241516
1449850242334
1449850243189
1449850243971
1449850244791
1449850245502
1449850246322
1449850247146
1449850247961
1449850248770
1449850249603
1449850250524
1449850251342
1449850252165
1449850253000
1449850253803
1449850254624
1449850255442
1449850256259
1449850257074
1449850257892
1449850258714
1449850259538
1449850260354
1449850261172
1449850261992
1449850262818
1449850263632
1449850264450
1449850265272
1449850266090
1449850266903
1449850267744
1449850268544
1449850269363
1449850270187
1449850271001
1449850272022
1449850272850
1449850273665
1449850274482
1449850275293
1449850276127
1449850276942
1449850277761
1449850278583
1449850279401
1449850280223
1449850282162
1449850282986
1449850283813
1449850284622
1449850285441
1449850286261
1449850287079
1449850287900
1449850288729
1449850289539
1449850290375
1449850291173
1449850291993
1449850292818
1449850293643
1449850294453
1449850295274
1449850296085
1449850296915
1449850297732
1449850298566
1449850299388
1449850300183
1449850300995
1449850301822
1449850302642
1449850303538
1449850304387
1449850305207
1449850306045
1449850306841
1449850307666
1449850308487
1449850309300
1449850310120
1449850310941
1449850311759
1449850312984
1449850313815
1449850314632
1449850315441
1449850316265
1449850317081
1449850317907
1449850318730
1449850319534
1449850320364
1449850321186
1449850322000
1449850322813
1449850323638
1449850324453
1449850325277
1449850326092
1449850326917
1449850327732
1449850328567
1449850329371
1449850330092
1449850330903
1449850331724
1449850332543
1449850333373
1449850334183
1449850335094
1449850335922
1449850336751
1449850337563
1449850338383
1449850339206
1449850340010
1449850340848
1449850341669
1449850342488
1449850343411
1449850344226
1449850345040
1449850345863
1449850346672
1449850347493
1449850348322
1449850349132
1449850349951
1449850350763
1449850351592
1449850352418
1449850353243
1449850353953
1449850354768
1449850356639
1449850357433
1449850358246
1449850359080
1449850359888
1449850360734
1449850361523
1449850362341
1449850363213
1449850363989
1449850364802
1449850365637
1449850367023
1449850367872
1449850368695
1449850369511
1449850370330
1449850371151
1449850371972
1449850372790
1449850373815
1449850374640
1449850375444
1449850376270
1449850377094
1449850377898
1449850378737
1449850379558
1449850380369
1449850381182
1449850382317
1449850383023
1449850383868
1449850384672
1449850385490
1449850386611
1449850387431
1449850388257
1449850389071
1449850389934
1449850390703
1449850391533
1449850392343
1449850393162
1449850393982
1449850394815
1449850395629
1449850396443
1449850397261
1449850398081
1449850398943
1449850399721
1449850400540
1449850401360
1449850402179
1449850402999
1449850403815
1449850404633
1449850405466
1449850406272
1449850407091
1449850407911
1449850408738
1449850409550
1449850410383
1449850411190
1449850412010
1449850412833
1449850413644
1449850414462
1449850415294
1449850416128
1449850416914
1449850417746
1449850418564
1449850419483
1449850420313
1449850421135
1449850421942
1449850422812
1449850423683
1449850424500
1449850425324
1449850426138
1449850426960