1449850533224
1449850534057
1449850534884
1449850535710
1449850536530
1449850537343
1449850538163
1449850538991
1449850539802
1449850540627
1449850541442
1449850542276
1449850543080
1449850543922
1449850544712
1449850545540
1449850546365
1449850547172
1449850547998
1449850548820
1449850549650
1449850550452
1449850551285
1449850552091
1449850552922
1449850553732
1449850554552
1449850555370
1449850556190
1449850557013
1449850557823
1449850558650
1449850559462
1449850560276
1449850561110
1449850561924
1449850562753
1449850563567
1449850564671
1449850565502
1449850566322
1449850567147
1449850567962
1449850568694
1449850569500
1449850570320
1449850571132
1449850572062
1449850572881
1449850573702
1449850574521
1449850575358
1449850576161
1449850576972
1449850577796
1449850578618
1449850579434
1449850580245
1449850581077
1449850581890
1449850582711
1449850583533
1449850584351
1449850585163
1449850585882
1449850586701
1449850587522
1449850588343
1449850589177
1449850589981
1449850590802
1449850591623
1449850592439
1449850593285
1449850594082
1449850594896
1449850595718
1449850596531
1449850597357
1449850598176
1449850599001
1449850599711
1449850600531
1449850601336
1449850602170
1449850602983
1449850603751
1449850604622
1449850605446
1449850606263
1449850607088
1449850607912
1449850608732
1449850609540
1449850610344
1449850611173
1449850611992
1449850612817
1449850613635
1449850614451
1449850615271
1449850616092
1449850616912
1449850617730
1449850618555
1449850619356
1449850620191
1449850621012
1449850621829
1449850622646
1449850623465
1449850624292
1449850625203
1449850626023
1449850626843
1449850627663
1449850628483
1449850629301
1449850630126
1449850630941
1449850631765
1449850632580
1449850633402
1449850634213
1449850635040
1449850635853
1449850636683
1449850637480
1449850638318
1449850639131
1449850639960
1449850640774
1449850641591
1449850642411
1449850643238
1449850644060
1449850644970
1449850645795
1449850646610
1449850647427
1449850648246
1449850649062
1449850649883
1449850650703
1449850651522
1449850652346
1449850653162
1449850653989
1449850654801
1449850655822
1449850656843
1449850657609
1449850658392
1449850659204
1449850660022
1449850660849
1449850661649
1449850662446
1449850663200
1449850664021
1449850665142
1449850665961
1449850666786
1449850667622
1449850668406
1449850669243
1449850670069
1449850670840
1449850671698
1449850672516
1449850673336
1449850674157
1449850674961
1449850675800
1449850676633
1449850677430
1449850678260
1449850678989
1449850679689
1449850680459
1449850681220
1449850681941
1449850682750
1449850683575
1449850684290
1449850685108
1449850686138
1449850686952
1449850687776
1449850688605
1449850689419
1449850690156
1449850690943
1449850691753
1449850692574
1449850693411
1449850694222
1449850695147
1449850695962
1449850696782
1449850697602
1449850698425
1449850699242
1449850700162
1449850700854
1449850701701
1449850702525
1449850703239
1449850704054
1449850705180
1449850705897
1449850706633
1449850707456
1449850708257
1449850708981
1449850709819
1449850710613
1449850711424
1449850712248
1449850713066
1449850713782
1449850714616
1449850715430
1449850716457
1449850717267
1449850718075
1449850718915
1449850719723
1449850720541
1449850721361
1449850722181
1449850722869
1449850723615
1449850724431
1449850725252
1449850726011
1449850726793
1449850727603
1449850728429
1449850729159
1449850730067
1449850730895
1449850731626
1449850732414
1449850733246
1449850734055
1449850734805
1449850735705
1449850736517
1449850737337
1449850738152
1449850738972
1449850739792
1449850740611
1449850741431
1449850742251
1449850743063
1449850743889
1449850744715
1449850745409
1449850746161
1449850746930
1449850747673
1449850748496
1449850749320
1449850750138
1449850750953
1449850751786
1449850752586
1449850753430
1449850754231
1449850755046
1449850755869
1449850756587
1449850757412
1449850758128
1449850758877
1449850759695
1449850760473
1449850761293
1449850762111
1449850762932
1449850763757
1449850764572
1449850765399
1449850766211
1449850767031
1449850767867
1449850768564
1449850769383
1449850770136
1449850770835
1449850771570
1449850772311
1449850773047
1449850773753
1449850774497
1449850775233
1449850775959
1449850776699
1449850777513
1449850778198
1449850779013
1449850779832
1449850780650
1449850781471
1449850782304
1449850783113
1449850783928
1449850784850
1449850785670
1449850786493
1449850787312
1449850788127
1449850788945
1449850789862
1449850790688
1449850791502
1449850792331
1449850793141
1449850793961
1449850794781
1449850795601
1449850796420
1449850797253
1449850798063
1449850798876
1449850799692
1449850800511
1449850801341
1449850802154
1449850802971
1449850803797
1449850804612
1449850805441
1449850806255
1449850807070
1449850807990
1449850808813
1449850809630
1449850810451
1449850811263
1449850812083
1449850812903
1449850813725
1449850814542
1449850815464
1449850816282
1449850817101
1449850818235
1449850819054
1449850819870
1449850820699
1449850821509
1449850822324
1449850823149
1449850823970
1449850824782
1449850825603
1449850826427
1449850827241
1449850828072
1449850828883
1449850829700
1449850830506
1449850831339
1449850832166
1449850832980
1449850833793
1449850834618
1449850835436
1449850836199
1449850836975
1449850837706
1449850838719
1449850839523
1449850840365
1449850841169
1449850841992
1449850842821
1449850843645
1449850844442
1449850845264
1449850846083
1449850846901
1449850847741
1449850848553
1449850849361
1449850850182
1449850851005
1449850851825
1449850852639
1449850853454
1449850854272
1449850855081
1449850855919
1449850856732
1449850857571
1449850858374
1449850859192
1449850859998
1449850860723
1449850861543
1449850862366
1449850863192
1449850864008
1449850864829
1449850865647
1449850866460
1449850867300
1449850868101
1449850869021
1449850869840
1449850870660
1449850871481
1449850872309
1449850873124
1449850873939
1449850874758
1449850875572
1449850876395
1449850877220
1449850878032
1449850878853
1449850879672
1449850880490
1449850881315
1449850882133
1449850882949
1449850883771
1449850884597
1449850885510
1449850886336
1449850887142
1449850887903
1449850888783
1449850889601
1449850890426
1449850891242
1449850892065
1449850892880
1449850893704
1449850894521
1449850895344
1449850896161
1449850896973
1449850897798
1449850898620
1449850899640
1449850900460
1449850901280
1449850902093
1449850902902
1449850903735
1449850904862
1449850905680
1449850906500
1449850907321
1449850908146
1449850908947
1449850909784
1449850910592
1449850911431
1449850912232
1449850913056
1449850913873
1449850914697
1449850915510
1449850916331
1449850917154
1449850917955
1449850918799
1449850919525
1449850920321
1449850921143
1449850921961
1449850922781
1449850923602
1449850924422
1449850925247
1449850926169
1449850927006
1449850927802
1449850928625
1449850929340
1449850930156
1449850930973
1449850931792
1449850932613
1449850933438
1449850934252
1449850935171
1449850935990
1449850936811
1449850937631
1449850938452
1449850939271
1449850940091
1449850940917
1449850941721
1449850942546
1449850943370
1449850944182
1449850945011
1449850945828
1449850946640
1449850947462
1449850948171
1449850948993
1449850949831
1449850950634
1449850951451
1449850952279
1449850953091
1449850953915
1449850954742
1449850955550
1449850956374
1449850957596
1449850958422
1449850959255
1449850960056
1449850960883
1449850961692
1449850962524
1449850963451
1449850964263
1449850965071
1449850965891
1449850966711
1449850967532
1449850968358
1449850969170
1449850969990
1449850970812
1449850971629
1449850972443
1449850973263
1449850974083
1449850974901
1449850975721
1449850976542
1449850977362
1449850978181
1449850979005
1449850980115
1449850980946
1449850981769
1449850982581
1449850983407
1449850984222
1449850985051
1449850985863
1449850986687
1449850987491
1449850988325
1449850989133
1449850989959
1449850990779
1449850991699
1449850992512
1449850993342
1449850994153
1449850995066
1449850995892
1449850996712
1449850997533
1449850998353
1449850999171
1449850999988
1449851000821
1449851001631
1449851002455
1449851003574
1449851004397
1449851005212
1449851006031
1449851006857
1449851007673
1449851008492
1449851009311
1449851010130
1449851010956
1449851011773
1449851012582
1449851013404
1449851014223
1449851015150
1449851015971
1449851016786
1449851017611
1449851018369
1449851019242
1449851020061
1449851020882
1449851021909
1449851022722
1449851023561
1449851024366
1449851025181
1449851026007
1449851026828
1449851027641
1449851028467
1449851029279
1449851030099
1449851030922
1449851031749
1449851032556
1449851033389
1449851034201
1449851035011
1449851035836
1449851036662
1449851037472
1449851038298
1449851039110
1449851039943
1449851040750
1449851041572
1449851042382
1449851043204
1449851043933
1449851044743
1449851045563
1449851046392
1449851047201
1449851048025
1449851048846
1449851049561
1449851050372
1449851051191
1449851052213
1449851053032
1449851053868
1449851054680
1449851055509
1449851056311
1449851057132
1449851057950
1449851058775
1449851059590
1449851060410
1449851061231
1449851062043
1449851062874
1449851063693
1449851064816
1449851065630
1449851066450
1449851067273
1449851068098
1449851068927
1449851069729
1449851070551
1449851071371
1449851072190
1449851073006
1449851073824
1449851074641
1449851075460
1449851076282
1449851077101
1449851077925
1449851078748
1449851079570
1449851080386
1449851081196
1449851082012
1449851083042
1449851083862
1449851084679
1449851085492
1449851086311
1449851087142
1449851087956
1449851088782
1449851089592
1449851090415
1449851091540
1449851092362
1449851093173
1449851094013
1449851094813
1449851095727
1449851096555
1449851097381
1449851098206
1449851099013
1449851099832
1449851100641
1449851101471
1449851102291
1449851103111
1449851103930
1449851104749
1449851105569
1449851106384
1449851107207
1449851108035
1449851108843
1449851109670
1449851110483
1449851111300
1449851112121
1449851112950
1449851113969
1449851114790
1449851115605
1449851116421
1449851117232
1449851118070
1449851118881
1449851119700
1449851120510
1449851121342
1449851122468
1449851123288
1449851124107
1449851124924
1449851125841
1449851126661
1449851127487
1449851128302
1449851129120
1449851129851
1449851130653
1449851131477
1449851132305
1449851133122
1449851133932
1449851134751
1449851135571
1449851136395
1449851137115
1449851137933
1449851138744
1449851139567
1449851140384
1449851141203
1449851141938
1449851142717
1449851143564
1449851144480
1449851145300
1449851146120
1449851146945
1449851147772
1449851148594
1449851149392
1449851150213
1449851151038
1449851151850
1449851152586
1449851153409
1449851154225
1449851155038
1449851155834
1449851156665
1449851157484
1449851158310
1449851159122
1449851159946
1449851160762
1449851161585
1449851162401
1449851163244
1449851164039
1449851164857
1449851165679
1449851166493
1449851167312
1449851168142
1449851168952
1449851169777
1449851170602
1449851171411
1449851172231
1449851173061
1449851173869
1449851174790
1449851175615
1449851176430
1449851177249
1449851178071
1449851178888
1449851179702
1449851180553
1449851181341
1449851182162
1449851182983
1449851183803
1449851184625
1449851185441
1449851186262
1449851187090
1449851187892
1449851188722
1449851189534
1449851190353
1449851191172
1449851191991
1449851192813
1449851193632
1449851194460
1449851195271
1449851196103
1449851196909
1449851197734
1449851198543
1449851199371
1449851200182
1449851201022
1449851201836
1449851202643
1449851203481
1449851204281
1449851205719
1449851206642
1449851207459
1449851208273
1449851209102
1449851209913
1449851210738
1449851211557
1449851212375
1449851213193
1449851214019
1449851214830
1449851215654
1449851216482
1449851217289
1449851218107
1449851218926
1449851219771
1449851220557
1449851221381
1449851222202
1449851223022
1449851223841
1449851224662
1449851225491
1449851226305
1449851227119
1449851227939
1449851228753
1449851229573
1449851230403
1449851231215
1449851232031
1449851232856
1449851233672
1449851234490
1449851235319
1449851236332
1449851237151
1449851237958
1449851238793
1449851239611
1449851240442
1449851241243
1449851242565
1449851243405
1449851244221
1449851245032
1449851245862
1449851246686
1449851247492
1449851248314
1449851249135
1449851250053
1449851250876
1449851251691
1449851252511
1449851253332
1449851254151
1449851255037
1449851255783
1449851256614
1449851257428
1449851258244
1449851259051
1449851259883
1449851260702
1449851261521
1449851262340
1449851263171
1449851263982
1449851264800
1449851265720
1449851266646
1449851267461
1449851268283
1449851269108
1449851269920
1449851270749
1449851271559
1449851272383
1449851273193
1449851274011
1449851274832
1449851275651
1449851276472
1449851277295
1449851278110
1449851278933
1449851279750
1449851280573
1449851281392
1449851282511
1449851283340
1449851284157
1449851284972
1449851285791
1449851286615
1449851287430
1449851288253
1449851289072
1449851289890
1449851290710
1449851291522
1449851292651
1449851293473
1449851294290
1449851295110
1449851295940
1449851296852
1449851297684
1449851298491
1449851299204
1449851300028
1449851300861
1449851301666
1449851302488
1449851303303
1449851304121
1449851304940
1449851305773
1449851306580
1449851307399
1449851308212
1449851309032
1449851309859
1449851310671
1449851311394
1449851312210
1449851313031
1449851313854
1449851314671
1449851315498
1449851316335
1449851317133
1449851317943
1449851318768
1449851319582
1449851320408
1449851321221
1449851322040
1449851322862
1449851323682
1449851324500
1449851325333
1449851326140
1449851327163
1449851327980
1449851328803
1449851329624
1449851330458
1449851331245
1449851332089
1449851332912
1449851333715
1449851334529
1449851335351
1449851336176
1449851336991
1449851337810
1449851338643
1449851339450
1449851340270
1449851341098
1449851341902
1449851342723
1449851343490
1449851344363
1449851345185
1449851346016
1449851346821
1449851347647
1449851348462
1449851349281
1449851350105
1449851350920
1449851351737
1449851352545
1449851353373
1449851354192
1449851355011
1449851355832
1449851356659
1449851357781