1449852512618
1449852513476
1449852514289
1449852515110
1449852515931
1449852516760
1449852517574
1449852518375
1449852519209
1449852519922
1449852520658
1449852521463
1449852522280
1449852523099
1449852523913
1449852524731
1449852525552
1449852526378
1449852527203
1449852528010
1449852528854
1449852529650
1449852530471
1449852531289
1449852532119
1449852532923
1449852533762
1449852534563
1449852535382
1449852536205
1449852537031
1449852537842
1449852538666
1449852539483
1449852540299
1449852541109
1449852541938
1449852542760
1449852543595
1449852544385
1449852545219
1449852546036
1449852546852
1449852547681
1449852548492
1449852549311
1449852550132
1449852550978
1449852551769
1449852552590
1449852553404
1449852554223
1449852555150
1449852555969
1449852556783
1449852557603
1449852558431
1449852559253
1449852560073
1449852560881
1449852561706
1449852562520
1449852563365
1449852564161
1449852564980
1449852565797
1449852566621
1449852567435
1449852568254
1449852569074
1449852569893
1449852570712
1449852571550
1449852572350
1449852573171
1449852574191
1449852575113
1449852575932
1449852576759
1449852577571
1449852578392
1449852579220
1449852579954
1449852580755
1449852581569
1449852582395
1449852583230
1449852584023
1449852584842
1449852585664
1449852586482
1449852587295
1449852588122
1449852588941
1449852589761
1449852590580
1449852591401
1449852592219
1449852593033
1449852593858
1449852594672
1449852595493
1449852596312
1449852597137
1449852597970
1449852598780
1449852599604
1449852600410
1449852601226
1449852602047
1449852602864
1449852603685
1449852604610
1449852605429
1449852606243
1449852607062
1449852607889
1449852608704
1449852609528
1449852610241
1449852611060
1449852611782
1449852612604
1449852613341
1449852614339
1449852615154
1449852615974
1449852616796
1449852617611
1449852618440
1449852619560
1449852620481
1449852621294
1449852622119
1449852622940
1449852623761
1449852624582
1449852625397
1449852626220
1449852627034
1449852627851
1449852628678
1449852629480
1449852630318
1449852631130
1449852631951
1449852632774
1449852633583
1449852634415
1449852635443
1449852636259
1449852637071
1449852637899
1449852638704
1449852639638
1449852640402
1449852641199
1449852641982
1449852642815
1449852643622
1449852644451
1449852645269
1449852646082
1449852646901
1449852647733
1449852648567
1449852649354
1449852650184
1449852650999
1449852651818
1449852652640
1449852653459
1449852654278
1449852655090
1449852655910
1449852656726
1449852657468
1449852658282
1449852659087
1449852659819
1449852660633
1449852661367
1449852662165
1449852662988
1449852663800
1449852664621
1449852665847
1449852666598
1449852667365
1449852668103
1449852668922
1449852669672
1449852670388
1449852671167
1449852671988
1449852672797
1449852673640
1449852674491
1449852675217
1449852676083
1449852676906
1449852677739
1449852678554
1449852679358
1449852680191
1449852681014
1449852681826
1449852682643
1449852683462
1449852684276
1449852685009
1449852685838
1449852686634
1449852687455
1449852688279
1449852689092
1449852689909
1449852690726
1449852691547
1449852692371
1449852693176
1449852694009
1449852694839
1449852695650
1449852696677
1449852697492
1449852698318
1449852699129
1449852699938
1449852700765
1449852701599
1449852702410
1449852703249
1449852704051
1449852704961
1449852705969
1449852706802
1449852707622
1449852708456
1449852709261
1449852710080
1449852711003
1449852711822
1449852712650
1449852713469
1449852714281
1449852715109
1449852715919
1449852716753
1449852717552
1449852718374
1449852719196
1449852720011
1449852720836
1449852721656
1449852722370
1449852723183
1449852724003
1449852724824
1449852725651
1449852726463
1449852727485
1449852728313
1449852729135
1449852729943
1449852730791
1449852731583
1449852732406
1449852733222
1449852734041
1449852734865
1449852735692
1449852736501
1449852737220
1449852738058
1449852738854
1449852739672
1449852740503
1449852741306
1449852742132
1449852742957
1449852743775
1449852744595
1449852745421
1449852746230
1449852747044
1449852747868
1449852748685
1449852749507
1449852750322
1449852751163
1449852751961
1449852752781
1449852753602
1449852754432
1449852755246
1449852756059
1449852756881
1449852757902
1449852758726
1449852759543
1449852760360
1449852761102
1449852761892
1449852762712
1449852763593
1449852764352
1449852765190
1449852765991
1449852766812
1449852767631
1449852768452
1449852769270
1449852770083
1449852770908
1449852771729
1449852772547
1449852773364
1449852774204
1449852775003
1449852775836
1449852776641
1449852777461
1449852778283
1449852779101
1449852779920
1449852780746
1449852781561
1449852782380
1449852783201
1449852784012
1449852784832
1449852785961
1449852786780
1449852787607
1449852788525
1449852789355
1449852790163
1449852790991
1449852791802
1449852792613
1449852793434
1449852794261
1449852795173
1449852795992
1449852796811
1449852797633
1449852798452
1449852799273
1449852800100
1449852800911
1449852801733
1449852802556
1449852803372
1449852804196
1449852805012
1449852805831
1449852806642
1449852807460
1449852808284
1449852809103
1449852809921
1449852810745
1449852811561
1449852812380
1449852813199
1449852814028
1449852814832
1449852815966
1449852816783
1449852817602
1449852818433
1449852819441
1449852820274
1449852821087
1449852821901
1449852822726
1449852823575
1449852824362
1449852825168
1449852826010
1449852826814
1449852827633
1449852828470
1449852829272
1449852830092
1449852830921
1449852831736
1449852832551
1449852833380
1449852834217
1449852835116
1449852835946
1449852836752
1449852837587
1449852838391
1449852839210
1449852840037
1449852840851
1449852841662
1449852842482
1449852843320
1449852844123
1449852844941
1449852845764
1449852846581
1449852847402
1449852848229
1449852849040
1449852850066
1449852850887
1449852851701
1449852852521
1449852853356
1449852854160
1449852854982
1449852855784
1449852856607
1449852857435
1449852858263
1449852859072
1449852859891
1449852860712
1449852861532
1449852862352
1449852863181
1449852863993
1449852864803
1449852865635
1449852866442
1449852867263
1449852868087
1449852868912
1449852869726
1449852870542
1449852871363
1449852872191
1449852873000
1449852873832
1449852874641
1449852875452
1449852876280
1449852877101
1449852877914
1449852878732
1449852879556
1449852880472
1449852881292
1449852882021
1449852882844
1449852883657
1449852884479
1449852885295
1449852886110
1449852886934
1449852887755
1449852888572
1449852889382
1449852890202
1449852891021
1449852891843
1449852892670
1449852893494
1449852894310
1449852895116
1449852895939
1449852896760
1449852897580
1449852898394
1449852899218
1449852900070
1449852900853
1449852901672
1449852902496
1449852903314
1449852904131
1449852904950
1449852905773
1449852906595
1449852907354
1449852908121
1449852908846
1449852909963
1449852910792
1449852911603
1449852912423
1449852913244
1449852913990
1449852914895
1449852915618
1449852916463
1449852917241
1449852918057
1449852918902
1449852919692
1449852920512
1449852921333
1449852922153
1449852922876
1449852923702
1449852924510
1449852925323
1449852926150
1449852926970
1449852927781
1449852928613
1449852929424
1449852930243
1449852931061
1449852931880
1449852932704
1449852933527
1449852934225
1449852935048
1449852935873
1449852936698
1449852937530
1449852938338
1449852939152
1449852939972
1449852940790
1449852941811
1449852942522
1449852943385
1449852944170
1449852944983
1449852945812
1449852946623
1449852947455
1449852948265
1449852949083
1449852949910
1449852950723
1449852951540
1449852952363
1449852953181
1449852954015
1449852954822
1449852955642
1449852956464
1449852957281
1449852958093
1449852958914
1449852959731
1449852960547
1449852961280
1449852962091
1449852962910
1449852963726
1449852964548
1449852965371
1449852966184
1449852967002
1449852967831
1449852968652
1449852969461
1449852970281
1449852971101
1449852972031
1449852972841
1449852973663
1449852974480
1449852975305
1449852976031
1449852976842
1449852977608
1449852978692
1449852979488
1449852980631
1449852981343
1449852982172
1449852982981
1449852983806
1449852984619
1449852985458
1449852986253
1449852987086
1449852987893
1449852988715
1449852989547
1449852990352
1449852991170
1449852991992
1449852992811
1449852993632
1449852994465
1449852995575
1449852996703
1449852997536
1449852998345
1449852999162
1449852999989
1449853000907
1449853001724
1449853002642
1449853003471
1449853004273
1449853005111
1449853005923
1449853006743
1449853007551
1449853008390
1449853009192
1449853010011
1449853010831
1449853011653
1449853012473
1449853013284
1449853014124
1449853014955
1449853015750
1449853016562
1449853017390
1449853018206
1449853019028
1449853019847
1449853020666
1449853021481
1449853022303
1449853023139
1449853023933
1449853024748
1449853025583
1449853026401
1449853027213
1449853028037
1449853028854
1449853029671
1449853030492
1449853031311
1449853032132
1449853033042
1449853033867
1449853034688
1449853035512
1449853036323
1449853037150
1449853037963
1449853038791
1449853039602
1449853040424
1449853041242
1449853042066
1449853042881
1449853043708
1449853044522
1449853045341
1449853046161
1449853046982
1449853047800
1449853048622
1449853049433
1449853050272
1449853051072
1449853051890
1449853052719
1449853053533
1449853054358
1449853055381
1449853056195
1449853057014
1449853057850
1449853058655
1449853059482
1449853060293
1449853061110
1449853061931
1449853062751
1449853063810
1449853064599
1449853065413
1449853066231
1449853067050
1449853067869
1449853068694
1449853069514
1449853070330
1449853071148
1449853071965
1449853072785
1449853073610
1449853074433
1449853075248
1449853076050
1449853076882
1449853077700
1449853078528
1449853079354
1449853080153
1449853080892
1449853081618
1449853082412
1449853083229
1449853084051
1449853084871
1449853085691
1449853086510
1449853087325
1449853088156
1449853088989
1449853089789
1449853090603
1449853091422
1449853092240
1449853093061
1449853093990
1449853094803
1449853095621
1449853096433
1449853097261
1449853098081
1449853098903
1449853099820
1449853100640
1449853101463
1449853102281
1449853103115
1449853103922
1449853104738
1449853105556
1449853106371
1449853107191
1449853108013
1449853108842
1449853109651
1449853110471
1449853111284
1449853112103
1449853112929
1449853113755
1449853114563
1449853115383
1449853116202
1449853117024
1449853117851
1449853118665
1449853119482
1449853120401
1449853121423
1449853122242
1449853123134
1449853123881
1449853124909
1449853125722
1449853126549
1449853127363
1449853128183
1449853129002
1449853129821
1449853130650
1449853131465
1449853132274
1449853133103
1449853133914
1449853134763
1449853135552
1449853136366
1449853137192
1449853138003
1449853138837
1449853139643
1449853140477
1449853141293
1449853142104
1449853142923
1449853143755
1449853144563
1449853145483
1449853146303
1449853147142
1449853147943
1449853148773
1449853149582
1449853150407
1449853151222
1449853152049
1449853152861
1449853153691
1449853154484
1449853155523
1449853156345
1449853157164
1449853157983
1449853158812
1449853159620
1449853160453
1449853161267
1449853162080
1449853162895
1449853163730
1449853164551
1449853165353
1449853166172
1449853166991
1449853167813
1449853168633
1449853169464
1449853170263
1449853171084
1449853171912
1449853172731
1449853173556
1449853174370
1449853175183
1449853175996
1449853176823
1449853177643
1449853178478
1449853179282
1449853180106
1449853180915
1449853181745
1449853182560
1449853183438
1449853184504
1449853185327
1449853186853
1449853187666
1449853188495
1449853189322
1449853190133
1449853190952
1449853191779
1449853192592
1449853193413
1449853194262
1449853195045
1449853195863
1449853196682
1449853197503
1449853198326
1449853199143
1449853199975
1449853200693
1449853201509
1449853202321
1449853203151
1449853203954
1449853204679
1449853205493
1449853206312
1449853207133
1449853207953
1449853208881
1449853209693
1449853210524
1449853211333
1449853212160
1449853212970
1449853213693
1449853214510
1449853215331
1449853216143
1449853217070
1449853217875
1449853218705
1449853219531
1449853220342
1449853221162
1449853221981
1449853222801
1449853223632
1449853224444
1449853225261
1449853226090
1449853226888
1449853227719
1449853228534
1449853229360
1449853230173
1449853230993
1449853231818
1449853232642
1449853233454
1449853234272
1449853235084
1449853235903
1449853236723
1449853237553
1449853238367
1449853239182
1449853239999
1449853240823
1449853241642
1449853242472
1449853243352
1449853244104
1449853244939
1449853245745
1449853246560
1449853247694
1449853248505
1449853249321
1449853250141
1449853250979
1449853251782
1449853252612
1449853253422
1449853254243
1449853255041
1449853255884
1449853256693
1449853257514
1449853258334
1449853259151
1449853259991
1449853260698
1449853261503
1449853262338
1449853263143
1449853263964
1449853264788
1449853265601
1449853266429
1449853267248
1449853268063
1449853268883
1449853269707
1449853270522
1449853271345
1449853272171
1449853272973
1449853273803
1449853274618
1449853275432
1449853276253
1449853277083
1449853277996
1449853278814
1449853280039
1449853280772
1449853281563
1449853282291
1449853283104
1449853283944
1449853284751
1449853285486
1449853286283
1449853287010
1449853287740
1449853288543
1449853289367
1449853290173
1449853291005
1449853291821
1449853292632
1449853293454
1449853294272
1449853295087
1449853295912
1449853296738
1449853297552
1449853298373
1449853299201
1449853300012
1449853300834
1449853301649
1449853302454
1449853303293
1449853304106
1449853304923
1449853305642
1449853306462
1449853307293
1449853308350
1449853309121
1449853309949
1449853310761
1449853311590
1449853312405
1449853313222
1449853314055
1449853314855
1449853315684
1449853316417
1449853317219
1449853318031
1449853318853
1449853319673
1449853320496
1449853321274
1449853322140
1449853322952
1449853323774
1449853324891
1449853325712
1449853326537
1449853327367
1449853328171
1449853328992
1449853329809
1449853330628
1449853331449
1449853332273
1449853333089
1449853333901
1449853334719
1449853335643
1449853336463
1449853337290
1449853338102