1450112590599
1450112591237
1450112592007
1450112592851
1450112593645
1450112594495
1450112595412
1450112596216
1450112596984
1450112597858
1450112598666
1450112599495
1450112600304
1450112601244
1450112602060
1450112602879
1450112603702
1450112604518
1450112605344
1450112606153
1450112607081
1450112607894
1450112608722
1450112609534
1450112610346
1450112611174
1450112612135
1450112613014
1450112613937
1450112614755
1450112615574
1450112616394
1450112617204
1450112618030
1450112618847
1450112619672
1450112620487
1450112621314
1450112622125
1450112622949
1450112623764
1450112624591
1450112625505
1450112626329
1450112627144
1450112627973
1450112628810
1450112629606
1450112630525
1450112631343
1450112632264
1450112633094
1450112633903
1450112634683
1450112635542
1450112636356
1450112637189
1450112638106
1450112638921
1450112639738
1450112640557
1450112641375
1450112642196
1450112643025
1450112643849
1450112644656
1450112645475
1450112646293
1450112647113
1450112647933
1450112648756
1450112649573
1450112650386
1450112651204
1450112652135
1450112652933
1450112653772
1450112654593
1450112655506
1450112656334
1450112657246
1450112658066
1450112658886
1450112659707
1450112660525
1450112661345
1450112662273
1450112663086
1450112663924
1450112664727
1450112665646
1450112666464
1450112667385
1450112668213
1450112669032
1450112669847
1450112670769
1450112671585
1450112672409
1450112673224
1450112674052
1450112674865
1450112675785
1450112676604
1450112677423
1450112678243
1450112679057
1450112679883
1450112680701
1450112681524
1450112682336
1450112683145
1450112683975
1450112684801
1450112685615
1450112686441
1450112687355
1450112688174
1450112689003
1450112689821
1450112690633
1450112691452
1450112692267
1450112693086
1450112693906
1450112694727
1450112695546
1450112696371
1450112697184
1450112698005
1450112698827
1450112699656
1450112700474
1450112701277
1450112702097
1450112702917
1450112703740
1450112704566
1450112705481
1450112706296
1450112707120
1450112708036
1450112708859
1450112709694
1450112710509
1450112711318
1450112712135
1450112712956
1450112713775
1450112714613
1450112715415
1450112716270
1450112717053
1450112717866
1450112718687
1450112719507
1450112720418
1450112721246
1450112722066
1450112722890
1450112723714
1450112724526
1450112725337
1450112726165
1450112726992
1450112727807
1450112728614
1450112729447
1450112730256
1450112731076
1450112731903
1450112732716
1450112733540
1450112734370
1450112735166
1450112735995
1450112736818
1450112737635
1450112738454
1450112739273
1450112740099
1450112740916
1450112741731
1450112742546
1450112743378
1450112744192
1450112745006
1450112745927
1450112747054
1450112747886
1450112748697
1450112749506
1450112750333
1450112751146
1450112751966
1450112752794
1450112753605
1450112754527
1450112755346
1450112756165
1450112756915
1450112757805
1450112758625
1450112759451
1450112760266
1450112761084
1450112761935
1450112762723
1450112763536
1450112764358
1450112765181
1450112765995
1450112766827
1450112767636
1450112768469
1450112769275
1450112770094
1450112770915
1450112771734
1450112772553
1450112773469
1450112774294
1450112775116
1450112776034
1450112776860
1450112777689
1450112778499
1450112779316
1450112780126
1450112780946
1450112781766
1450112782594
1450112783405
1450112784225
1450112785045
1450112785851
1450112786630
1450112787506
1450112788311
1450112789136
1450112789958
1450112790775
1450112791603
1450112792415
1450112793249
1450112794064
1450112794875
1450112796008
1450112796924
1450112797743
1450112798574
1450112799385
1450112800196
1450112801016
1450112801837
1450112802655
1450112803586
1450112804398
1450112805216
1450112806035
1450112806863
1450112807777
1450112808603
1450112809421
1450112810235
1450112811054
1450112811879
1450112812698
1450112813513
1450112814335
1450112815153
1450112815968
1450112816786
1450112817614
1450112818426
1450112819245
1450112820069
1450112820885
1450112821707
1450112822524
1450112823348
1450112824164
1450112824997
1450112825796
1450112826621
1450112827435
1450112828260
1450112829080
1450112829897
1450112830820
1450112831641
1450112832455
1450112833275
1450112834085
1450112834917
1450112835734
1450112836654
1450112837476
1450112838294
1450112839219
1450112840047
1450112840955
1450112841775
1450112842599
1450112843414
1450112844233
1450112845021
1450112845873
1450112846704
1450112847506
1450112848324
1450112849148
1450112849966
1450112850886
1450112851707
1450112852525
1450112853349
1450112854165
1450112854986
1450112855915
1450112856724
1450112857645
1450112858471
1450112859285
1450112860104
1450112860932
1450112861758
1450112862567
1450112863382
1450112864215
1450112865016
1450112865845
1450112866655
1450112867477
1450112868300
1450112869069
1450112869935
1450112870764
1450112871675
1450112872494
1450112873318
1450112874137
1450112874957
1450112875775
1450112876586
1450112877405
1450112878227
1450112879078
1450112879979
1450112880786
1450112881607
1450112882420
1450112883250
1450112884054
1450112884887
1450112885706
1450112886524
1450112887344
1450112888157
1450112888993
1450112889798
1450112890616
1450112891456
1450112892256
1450112893085
1450112893900
1450112894721
1450112895541
1450112896354
1450112897181
1450112898000
1450112898818
1450112899634
1450112900539
1450112901677
1450112902495
1450112903315
1450112904146
1450112904960
1450112905774
1450112906581
1450112907414
1450112908224
1450112909060
1450112909975
1450112910794
1450112911615
1450112912432
1450112913261
1450112914076
1450112914892
1450112915705
1450112916527
1450112917350
1450112918266
1450112919197
1450112920007
1450112920825
1450112921638
1450112922465
1450112923285
1450112924105
1450112924926
1450112925746
1450112926564
1450112927387
1450112928199
1450112928951
1450112929837
1450112930675
1450112931476
1450112932294
1450112933116
1450112933934
1450112934759
1450112935573
1450112936399
1450112937213
1450112938033
1450112938846
1450112939679
1450112940490
1450112941311
1450112942125
1450112942842
1450112943663
1450112944486
1450112945297
1450112946120
1450112946936
1450112947756
1450112948589
1450112949396
1450112950215
1450112951036
1450112951849
1450112952674
1450112953487
1450112954329
1450112955133
1450112955954
1450112956767
1450112957587
1450112958406
1450112959233
1450112960045
1450112960858
1450112961684
1450112962504
1450112963324
1450112964155
1450112964968
1450112965835
1450112966703
1450112967451
1450112968339
1450112969173
1450112969977
1450112971105
1450112971927
1450112972643
1450112973463
1450112974286
1450112975103
1450112975917
1450112976740
1450112977556
1450112978385
1450112979184
1450112980014
1450112980838
1450112981654
1450112982478
1450112983298
1450112984111
1450112984940
1450112985746
1450112986565
1450112987503
1450112988307
1450112989126
1450112990053
1450112990867
1450112991697
1450112992505
1450112993325
1450112994146
1450112994966
1450112995786
1450112996604
1450112997425
1450112998243
1450112999163
1450113000007
1450113000804
1450113001628
1450113002451
1450113003256
1450113004073
1450113004897
1450113005720
1450113006535
1450113007365
1450113008175
1450113008996
1450113009815
1450113010634
1450113011454
1450113012283
1450113013079
1450113013907
1450113014727
1450113015645
1450113016466
1450113017299
1450113018205
1450113019116
1450113019959
1450113020766
1450113021590
1450113022513
1450113023326
1450113024161
1450113024965
1450113025785
1450113026615
1450113027426
1450113028257
1450113029066
1450113029885
1450113030705
1450113031523
1450113032343
1450113033156
1450113033978
1450113034909
1450113035838
1450113036745
1450113037559
1450113038384
1450113039717
1450113040535
1450113041354
1450113042173
1450113042993
1450113043806
1450113044629
1450113045459
1450113046575
1450113047394
1450113048214
1450113049033
1450113049855
1450113050668
1450113051495
1450113052311
1450113053130
1450113053945
1450113054759
1450113055589
1450113056515
1450113057330
1450113058146
1450113058978
1450113059785
1450113060604
1450113061429
1450113062243
1450113062956
1450113063791
1450113064606
1450113065516
1450113066348
1450113067155
1450113067977
1450113068813
1450113069607
1450113070439
1450113071255
1450113072074
1450113072880
1450113073712
1450113074528
1450113075362
1450113076582
1450113077395
1450113078216
1450113079134
1450113079957
1450113080777
1450113081604
1450113082419
1450113083234
1450113084042
1450113084945
1450113085693
1450113086513
1450113087317
1450113088111
1450113088981
1450113089793
1450113090596
1450113091426
1450113092234
1450113093065
1450113093893
1450113094706
1450113095523
1450113096446
1450113097264
1450113098089
1450113098903
1450113099841
1450113100644
1450113101569
1450113102384
1450113103203
1450113104026
1450113104963
1450113105763
1450113106685
1450113107513
1450113108324
1450113109135
1450113109965
1450113110783
1450113111598
1450113112418
1450113113235
1450113114059
1450113114882
1450113115904
1450113116615
1450113117334
1450113118078
1450113118867
1450113119687
1450113120515
1450113121426
1450113122246
1450113123074
1450113123890
1450113124707
1450113125532
1450113126350
1450113127153
1450113127888
1450113128596
1450113129315
1450113130231
1450113130955
1450113131666
1450113132385
1450113133193
1450113134025
1450113134855
1450113135566
1450113136485
1450113137304
1450113138123
1450113139975
1450113140688
1450113141397
1450113142123
1450113142939
1450113143650
1450113144375
1450113145203
1450113146009
1450113146824
1450113147514
1450113148357
1450113149176
1450113149997
1450113150924
1450113151736
1450113152556
1450113153376
1450113154096
1450113154916
1450113155635
1450113156346
1450113157076
1450113157789
1450113158608
1450113159424
1450113160161
1450113160807
1450113161565
1450113162247
1450113163005
1450113163818
1450113164658
1450113165463
1450113166178
1450113167010
1450113167815
1450113168628
1450113169462
1450113170276
1450113171090
1450113171902
1450113172742
1450113173549
1450113174373
1450113175177
1450113176150
1450113176928
1450113177758
1450113178565
1450113179403
1450113180205
1450113181032
1450113181840
1450113182642
1450113183454
1450113184312
1450113185072
1450113186221
1450113186921
1450113187724
1450113188504
1450113189249
1450113190005
1450113190799
1450113191501
1450113192275
1450113193041
1450113193831
1450113194642
1450113195466
1450113196284
1450113197005
1450113197830
1450113198637
1450113199457
1450113200278
1450113201213
1450113202017
1450113202837
1450113203756
1450113204578
1450113205402
1450113206216
1450113207031
1450113207826
1450113208681
1450113209496
1450113210335
1450113211133
1450113211847
1450113212668
1450113213489
1450113214313
1450113215135
1450113216046
1450113216870
1450113217687
1450113218507
1450113219417
1450113220238
1450113221055
1450113221885
1450113222703
1450113223538
1450113224352
1450113225163
1450113225981
1450113226797
1450113227622
1450113228372
1450113229255
1450113230075
1450113230902
1450113231715
1450113232535
1450113233457
1450113234275
1450113235105
1450113235919
1450113236835
1450113237595
1450113238476
1450113239294
1450113240102
1450113240946
1450113241751
1450113242578
1450113243495
1450113244306
1450113245127
1450113245947
1450113246767
1450113247721
1450113248511
1450113249326
1450113250145
1450113250966
1450113251798
1450113252504
1450113253431
1450113254250
1450113255069
1450113255887
1450113256716
1450113257520
1450113258339
1450113259150
1450113259978
1450113260797
1450113261626
1450113262435
1450113263261
1450113264067
1450113264998
1450113265804
1450113266635
1450113267454
1450113268379
1450113269295
1450113270116
1450113270940
1450113271760
1450113272583
1450113273392
1450113274213
1450113275027
1450113275847
1450113276774
1450113277597
1450113278312
1450113279131
1450113279944
1450113280652
1450113281586
1450113282304
1450113283122
1450113283857
1450113284658
1450113285476
1450113286296
1450113287020
1450113287939
1450113288755
1450113289576
1450113290393
1450113291321
1450113292127
1450113292937
1450113293768
1450113294594
1450113295405
1450113296235
1450113297055
1450113297866
1450113298677
1450113299508
1450113300324
1450113301155
1450113302066
1450113302889
1450113303713
1450113304419
1450113305145
1450113305956
1450113307076
1450113307898
1450113308712
1450113309548
1450113310255
1450113311063
1450113311897
1450113312715
1450113313535
1450113314372
1450113315169
1450113315986
1450113316814
1450113317627
1450113318445
1450113319272
1450113319996
1450113320809
1450113321727
1450113322544
1450113323367
1450113324597
1450113325425
1450113326232
1450113327047
1450113327867
1450113328686
1450113329508
1450113330336
1450113331046
1450113331766
1450113332580
1450113333295
1450113334121
1450113334946
1450113335657
1450113336370
1450113337194
1450113338011
1450113338825
1450113339533
1450113340663
1450113341485
1450113342307
1450113343125
1450113343955
1450113344769
1450113345483
1450113346411
1450113347227
1450113348052
1450113348857
1450113349577
1450113350396
1450113351215
1450113352035
1450113352865
1450113353679
1450113354495
1450113355319
1450113356026
1450113356854
1450113357766
1450113358695
1450113359501
1450113360341
1450113361146
1450113361964
1450113362791
1450113363606
1450113364427
1450113365258
1450113366064
1450113366886
1450113367715
1450113368523
1450113369337
1450113370157
1450113370981
1450113371796
1450113372624
1450113373437
1450113374257
1450113375176
1450113375998
1450113377227
1450113378054
1450113378980
1450113379787
1450113380605
1450113381425
1450113382244
1450113383063
1450113383914
1450113384705
1450113385516
1450113386348
1450113387157
1450113387969
1450113389077
1450113389926
1450113390750
1450113391569
1450113392395
1450113393196
1450113394032
1450113394839
1450113395656
1450113396476
1450113397296
1450113398115
1450113398946
1450113399656
1450113400476
1450113401286
1450113402045
1450113402926
1450113403759
1450113404567
1450113405385
1450113406210
1450113407025
1450113407859
1450113408664
1450113409590
1450113410405
1450113411225
1450113412043
1450113412967
1450113413785
1450113414610
1450113415423
1450113416236
1450113417066
1450113417883
1450113418700