1449848566743
1449848567561
1449848568395
1449848569203
1449848569933
1449848570743
1449848571551
1449848572393
1449848573145
1449848573934
1449848574741
1449848575568
1449848576384
1449848577207
1449848578011
1449848579134
1449848579842
1449848580680
1449848581499
1449848582318
1449848583121
1449848583960
1449848584778
1449848585595
1449848586411
1449848587229
1449848588050
1449848588867
1449848589699
1449848590509
1449848591221
1449848592047
1449848592860
1449848593681
1449848594501
1449848595324
1449848596148
1449848596959
1449848597980
1449848598811
1449848599630
1449848600441
1449848601268
1449848602080
1449848602907
1449848603732
1449848604541
1449848605352
1449848606173
1449848606993
1449848607814
1449848608641
1449848609451
1449848610271
1449848611091
1449848611910
1449848612743
1449848613551
1449848614375
1449848615189
1449848616004
1449848616828
1449848617634
1449848618468
1449848619271
1449848620104
1449848620927
1449848621748
1449848622562
1449848623408
1449848624200
1449848625012
1449848625843
1449848626659
1449848627464
1449848628401
1449848629212
1449848630042
1449848630853
1449848631672
1449848632495
1449848633306
1449848634141
1449848634953
1449848635782
1449848636590
1449848637415
1449848638225
1449848639044
1449848639864
1449848640683
1449848641511
1449848642326
1449848643141
1449848643962
1449848644780
1449848645603
1449848646428
1449848647161
1449848647952
1449848648802
1449848649593
1449848650412
1449848651236
1449848652059
1449848652870
1449848653693
1449848654536
1449848655331
1449848656142
1449848656970
1449848657790
1449848658824
1449848659633
1449848660451
1449848661270
1449848662090
1449848662902
1449848663726
1449848664543
1449848665368
1449848666181
1449848667018
1449848667827
1449848668642
1449848669460
1449848670289
1449848671402
1449848672222
1449848673046
1449848673862
1449848674681
1449848675500
1449848676322
1449848677148
1449848677961
1449848678767
1449848679601
1449848680414
1449848681237
1449848682063
1449848682877
1449848683700
1449848684511
1449848685331
1449848686156
1449848686983
1449848687781
1449848688627
1449848689530
1449848690350
1449848691170
1449848691984
1449848692803
1449848693625
1449848694442
1449848695268
1449848696091
1449848696907
1449848697721
1449848698542
1449848699360
1449848700186
1449848701014
1449848701826
1449848702632
1449848703463
1449848704276
1449848705102
1449848705904
1449848706736
1449848707551
1449848708372
1449848709201
1449848710011
1449848710834
1449848711656
1449848712463
1449848713314
1449848714103
1449848715024
1449848715842
1449848716663
1449848717493
1449848718303
1449848719131
1449848720150
1449848720972
1449848721782
1449848722602
1449848723425
1449848724243
1449848725076
1449848725881
1449848726701
1449848727520
1449848728341
1449848729159
1449848730004
1449848730793
1449848731612
1449848732441
1449848733255
1449848734072
1449848735009
1449848735820
1449848736637
1449848737451
1449848738273
1449848739089
1449848739911
1449848740737
1449848741550
1449848742379
1449848743192
1449848744014
1449848744823
1449848745651
1449848746463
1449848747283
1449848748422
1449848749230
1449848750053
1449848751079
1449848751891
1449848752715
1449848753533
1449848754367
1449848755176
1449848755988
1449848756807
1449848757623
1449848758451
1449848759262
1449848760081
1449848760902
1449848761722
1449848762541
1449848763364
1449848764188
1449848765000
1449848765819
1449848766640
1449848767454
1449848768285
1449848769103
1449848769913
1449848770740
1449848771556
1449848772375
1449848773193
1449848774019
1449848774830
1449848775650
1449848776471
1449848777290
1449848778102
1449848778922
1449848779772
1449848780562
1449848781589
1449848782410
1449848783234
1449848784047
1449848784864
1449848785681
1449848786406
1449848787225
1449848788040
1449848788860
1449848789679
1449848790493
1449848791312
1449848792133
1449848792952
1449848793779
1449848794591
1449848795415
1449848796231
1449848797050
1449848797870
1449848798692
1449848799554
1449848800328
1449848801143
1449848801963
1449848802812
1449848803613
1449848804422
1449848805245
1449848805962
1449848806701
1449848807494
1449848808323
1449848809123
1449848809955
1449848810775
1449848811598
1449848812613
1449848813435
1449848814257
1449848815073
1449848815896
1449848816611
1449848817439
1449848818244
1449848819072
1449848819883
1449848820705
1449848821522
1449848822351
1449848823165
1449848823989
1449848824902
1449848825734
1449848826555
1449848827361
1449848828184
1449848829009
1449848829820
1449848830639
1449848831772
1449848832623
1449848833407
1449848834221
1449848835045
1449848835861
1449848836685
1449848837500
1449848838314
1449848839134
1449848839954
1449848840788
1449848841596
1449848842414
1449848843334
1449848844152
1449848844971
1449848845803
1449848846612
1449848847431
1449848848252
1449848849071
1449848849890
1449848850821
1449848851630
1449848852455
1449848853271
1449848854394
1449848855212
1449848856044
1449848856852
1449848857671
1449848858489
1449848859311
1449848860132
1449848860987
1449848861768
1449848862583
1449848863405
1449848864222
1449848865041
1449848865853
1449848866683
1449848867505
1449848868322
1449848869142
1449848869976
1449848870780
1449848871597
1449848872420
1449848873233
1449848874361
1449848875181
1449848876001
1449848876821
1449848877645
1449848878462
1449848879280
1449848880394
1449848881220
1449848882041
1449848882871
1449848883686
1449848884494
1449848885321
1449848886152
1449848886916
1449848887681
1449848888494
1449848889312
1449848890137
1449848890962
1449848891712
1449848892484
1449848893304
1449848894146
1449848894941
1449848895762
1449848896583
1449848897402
1449848898223
1449848899030
1449848899861
1449848900986
1449848901816
1449848902634
1449848903448
1449848904262
1449848905210
1449848906008
1449848906832
1449848907641
1449848908465
1449848909281
1449848910100
1449848910920
1449848911751
1449848912554
1449848913380
1449848914189
1449848915022
1449848915836
1449848916661
1449848917471
1449848918293
1449848919117
1449848919931
1449848920756
1449848921570
1449848922390
1449848923234
1449848924022
1449848924842
1449848925673
1449848926482
1449848927302
1449848928121
1449848928941
1449848929764
1449848930581
1449848931407
1449848932206
1449848933040
1449848933853
1449848934673
1449848935702
1449848936520
1449848937340
1449848938181
1449848938974
1449848939797
1449848940618
1449848941432
1449848942265
1449848943073
1449848943895
1449848944711
1449848945533
1449848946351
1449848947176
1449848947990
1449848948804
1449848949623
1449848950442
1449848951263
1449848952083
1449848952901
1449848953724
1449848954472
1449848955367
1449848956186
1449848957001
1449848957820
1449848958643
1449848959449
1449848960273
1449848961097
1449848961926
1449848962738
1449848963561
1449848964372
1449848965195
1449848966112
1449848966932
1449848967752
1449848968580
1449848969391
1449848970213
1449848971035
1449848971844
1449848972667
1449848973490
1449848974302
1449848975124
1449848975951
1449848976766
1449848977581
1449848978396
1449848979221
1449848980040
1449848980870
1449848981674
1449848982493
1449848983315
1449848984132
1449848984953
1449848985785
1449848986584
1449848987421
1449848988250
1449848989051
1449848989871
1449848990703
1449848991511
1449848992334
1449848993150
1449848993963
1449848994783
1449848995591
1449848996422
1449848997246
1449848998062
1449848998881
1449848999711
1449849000522
1449849001346
1449849002161
1449849002978
1449849003801
1449849004640
1449849005437
1449849006256
1449849007071
1449849007892
1449849008717
1449849009530
1449849010351
1449849011172
1449849011990
1449849012804
1449849013643
1449849014444
1449849015263
1449849016083
1449849016906
1449849017722
1449849018651
1449849019465
1449849020288
1449849021102
1449849021926
1449849022742
1449849023563
1449849024390
1449849025214
1449849026013
1449849027143
1449849027962
1449849028782
1449849029601
1449849030422
1449849031242
1449849032070
1449849032880
1449849033700
1449849034515
1449849035333
1449849036157
1449849036972
1449849037830
1449849038619
1449849039444
1449849040256
1449849041072
1449849041892
1449849042711
1449849043518
1449849044351
1449849045181
1449849045982
1449849046803
1449849047524
1449849048343
1449849049161
1449849049981
1449849050801
1449849051615
1449849052434
1449849053270
1449849054073
1449849054903
1449849055712
1449849056533
1449849057553
1449849058384
1449849059198
1449849060328
1449849061145
1449849062263
1449849063088
1449849063914
1449849064724
1449849065545
1449849066364
1449849067181
1449849068000
1449849068836
1449849069640
1449849070460
1449849071205
1449849072088
1449849072923
1449849073735
1449849074554
1449849075283
1449849076054
1449849076804
1449849077641
1449849078462
1449849079264
1449849080081
1449849080908
1449849081722
1449849082542
1449849083363
1449849084182
1449849085002
1449849085820
1449849086648
1449849087455
1449849088484
1449849089301
1449849090120
1449849090946
1449849091760
1449849092579
1449849093395
1449849094213
1449849094945
1449849095752
1449849096572
1449849097397
1449849098194
1449849099036
1449849099851
1449849100665
1449849101483
1449849102307
1449849103146
1449849103948
1449849104762
1449849105583
1449849106305
1449849107151
1449849107941
1449849108768
1449849109573
1449849110394
1449849111205
1449849112033
1449849112852
1449849113675
1449849114491
1449849115312
1449849116137
1449849116933
1449849117773
1449849118693
1449849119513
1449849120354
1449849121151
1449849121993
1449849122782
1449849123614
1449849124426
1449849125275
1449849126072
1449849126893
1449849127706
1449849128523
1449849129340
1449849130163
1449849130981
1449849131801
1449849132614
1449849133442
1449849134267
1449849135072
1449849135893
1449849136713
1449849137534
1449849138364
1449849139171
1449849139997
1449849140820
1449849141633
1449849142451
1449849143270
1449849144085
1449849144902
1449849145723
1449849146543
1449849147362
1449849148183
1449849149102
1449849149927
1449849150744
1449849151561
1449849152387
1449849153205
1449849154023
1449849154834
1449849155657
1449849156474
1449849157313
1449849158113
1449849158936
1449849159752
1449849160576
1449849161410
1449849162210
1449849163111
1449849163850
1449849164670
1449849165499
1449849166309
1449849167123
1449849167943
1449849168764
1449849169585
1449849170403
1449849171226
1449849172047
1449849172870
1449849173682
1449849174494
1449849175320
1449849176139
1449849176953
1449849177777
1449849178604
1449849179609
1449849180451
1449849181260
1449849182076
1449849182885
1449849183724
1449849184532
1449849185353
1449849186174
1449849186997
1449849187810
1449849188630
1449849189453
1449849190269
1449849191001
1449849191801
1449849192622
1449849193443
1449849194270
1449849195080
1449849195806
1449849196618
1449849197433
1449849198260
1449849199083
1449849199892
1449849200707
1449849201532
1449849202356
1449849203171
1449849204001
1449849204810
1449849205647
1449849206442
1449849207264
1449849208082
1449849208911
1449849209930
1449849210750
1449849211562
1449849212388
1449849213206
1449849214022
1449849214843
1449849215663
1449849216796
1449849217610
1449849218454
1449849219244
1449849220063
1449849221293
1449849222112
1449849222933
1449849223754
1449849224572
1449849225391
1449849226211
1449849227030
1449849227866
1449849228687
1449849229484
1449849230308
1449849231123
1449849231942
1449849232768
1449849233591
1449849234402
1449849235222
1449849236046
1449849236875
1449849237680
1449849238507
1449849239314
1449849240142
1449849241062
1449849241875
1449849242694
1449849243530
1449849244340
1449849245153
1449849245958
1449849246794
1449849247616
1449849248450
1449849249252
1449849250070
1449849250890
1449849251713
1449849252524
1449849253344
1449849254162
1449849254986
1449849255808
1449849256622
1449849257443
1449849258273
1449849259397
1449849260203
1449849261046
1449849261847
1449849262666
1449849263490
1449849264302
1449849265125
1449849265942
1449849266761
1449849267581
1449849268415
1449849269221
1449849270052
1449849270961
1449849271780
1449849272601
1449849273425
1449849274233
1449849275054
1449849275873
1449849276698
1449849277512
1449849278352
1449849279148
1449849279971
1449849280795
1449849281610
1449849282433
1449849283260
1449849284074
1449849284891
1449849285703
1449849286522
1449849287351
1449849288191
1449849288983
1449849289801
1449849290626
1449849291440
1449849292267
1449849293082
1449849293901
1449849294713
1449849295538
1449849296353
1449849297172
1449849298001
1449849298814
1449849299621
1449849300453
1449849301276
1449849302102
1449849302927
1449849303726
1449849304549
1449849305363
1449849306182
1449849307002
1449849307831
1449849308645
1449849309464
1449849310285
1449849311105
1449849312224
1449849313043
1449849313863
1449849314633
1449849315509
1449849316323
1449849317083
1449849317860
1449849318688
1449849319493
1449849320327
1449849321133
1449849321958
1449849322776
1449849323594
1449849324414
1449849325247
1449849326051
1449849326870
1449849327690
1449849328524
1449849329330
1449849330150
1449849330976
1449849331783
1449849332602
1449849333446
1449849334242
1449849335062
1449849335885
1449849336705
1449849337528
1449849338342
1449849339164
1449849339973
1449849340900
1449849341720
1449849342523
1449849343387
1449849344172
1449849344994
1449849345812
1449849346631
1449849347451
1449849348282
1449849349091
1449849349915
1449849350730
1449849351582
1449849352370
1449849353207
1449849354003
1449849354834
1449849355643
1449849356470
1449849357183
1449849358023
1449849358820
1449849359636
1449849360453
1449849361278
1449849362275
1449849363131
1449849364280
1449849365583
1449849366320
1449849367212
1449849368032
1449849369779
1449849370593
1449849371412
1449849372240
1449849373053
1449849373816
1449849374701
1449849375514
1449849376331
1449849377149
1449849377872
1449849378695
1449849379510
1449849380322
1449849381141
1449849381961
1449849382782
1449849383595
1449849384431
1449849385239
1449849386064
1449849386881
1449849387711
1449849388513
1449849389346
1449849390151
1449849390971
1449849391792
1449849392713
1449849393533
1449849394363