1449853526241
1449853527134
1449853527953
1449853528814
1449853529592
1449853530416
1449853531239
1449853532060
1449853532871
1449853533685
1449853534504
1449853535323
1449853536148
1449853536963
1449853537793
1449853538612
1449853539422
1449853540241
1449853541062
1449853541879
1449853542701
1449853543550
1449853544345
1449853545170
1449853545977
1449853546803
1449853547563
1449853548437
1449853549251
1449853550075
1449853550891
1449853551704
1449853552530
1449853553353
1449853554185
1449853554995
1449853555802
1449853556622
1449853557763
1449853558574
1449853559392
1449853560124
1449853560924
1449853561759
1449853562563
1449853563384
1449853564207
1449853565023
1449853565842
1449853566661
1449853567487
1449853568293
1449853569112
1449853569933
1449853570753
1449853571572
1449853572393
1449853573212
1449853574048
1449853574851
1449853575686
1449853576490
1449853577311
1449853578137
1449853578943
1449853579763
1449853580587
1449853581519
1449853582330
1449853583134
1449853583963
1449853584786
1449853585616
1449853586434
1449853587243
1449853589104
1449853589910
1449853590725
1449853591528
1449853592366
1449853593185
1449853594002
1449853594821
1449853595640
1449853596460
1449853597279
1449853598102
1449853598912
1449853599743
1449853600554
1449853601373
1449853602193
1449853603017
1449853603832
1449853604655
1449853605471
1449853606294
1449853607303
1449853608061
1449853608868
1449853609669
1449853610489
1449853611204
1449853612024
1449853612842
1449853613661
1449853614484
1449853615301
1449853616120
1449853616942
1449853617760
1449853618575
1449853619600
1449853620429
1449853621241
1449853622065
1449853622873
1449853623705
1449853624513
1449853625357
1449853626152
1449853626972
1449853627806
1449853628611
1449853629431
1449853630250
1449853631072
1449853632192
1449853633012
1449853633833
1449853634653
1449853635471
1449853636299
1449853637124
1449853637946
1449853638751
1449853639571
1449853640395
1449853641204
1449853642031
1449853642843
1449853643663
1449853644490
1449853645301
1449853646121
1449853646941
1449853647763
1449853648580
1449853649416
1449853650533
1449853651344
1449853652174
1449853652982
1449853653817
1449853654623
1449853655469
1449853656260
1449853657097
1449853657911
1449853658714
1449853659545
1449853660364
1449853661175
1449853662003
1449853662822
1449853663638
1449853664461
1449853665280
1449853666092
1449853666910
1449853667736
1449853668481
1449853669273
1449853670092
1449853670910
1449853671730
1449853672556
1449853673364
1449853674194
1449853675000
1449853675830
1449853676624
1449853677462
1449853678274
1449853679106
1449853679905
1449853680836
1449853681656
1449853682480
1449853683298
1449853684114
1449853684931
1449853685751
1449853686685
1449853687492
1449853688330
1449853689133
1449853689951
1449853690771
1449853691589
1449853692410
1449853693223
1449853694051
1449853694863
1449853695682
1449853696509
1449853697320
1449853698141
1449853698973
1449853699783
1449853700601
1449853701426
1449853702250
1449853703052
1449853703891
1449853704693
1449853705518
1449853706341
1449853707157
1449853707971
1449853708792
1449853709610
1449853710441
1449853711254
1449853712070
1449853712889
1449853713713
1449853714541
1449853715342
1449853716162
1449853716994
1449853717801
1449853718623
1449853719441
1449853720277
1449853721082
1449853721898
1449853722725
1449853723572
1449853724357
1449853725173
1449853726018
1449853726914
1449853727737
1449853728556
1449853729372
1449853730198
1449853731019
1449853731831
1449853732653
1449853733481
1449853734292
1449853735110
1449853735937
1449853736753
1449853737563
1449853738392
1449853739204
1449853740035
1449853740843
1449853741667
1449853742483
1449853743300
1449853744128
1449853744941
1449853745764
1449853746582
1449853747503
1449853748343
1449853749148
1449853749954
1449853750782
1449853751592
1449853752412
1449853753233
1449853754069
1449853754871
1449853755692
1449853756513
1449853757335
1449853758152
1449853758991
1449853759803
1449853760620
1449853761423
1449853762251
1449853763063
1449853763893
1449853764702
1449853765521
1449853766343
1449853767150
1449853767980
1449853768813
1449853769621
1449853770440
1449853771260
1449853773003
1449853773815
1449853774638
1449853775451
1449853776270
1449853777097
1449853777911
1449853778742
1449853779554
1449853780374
1449853781211
1449853782013
1449853782822
1449853783714
1449853784473
1449853785274
1449853786101
1449853786923
1449853787745
1449853788565
1449853789381
1449853790204
1449853791030
1449853791838
1449853792661
1449853793476
1449853794285
1449853795122
1449853795938
1449853796963
1449853797783
1449853798607
1449853799431
1449853800247
1449853801054
1449853801862
1449853802692
1449853808635
1449853809452
1449853810172
1449853810993
1449853811813
1449853812623
1449853813444
1449853814262
1449853815082
1449853815917
1449853816726
1449853817541
1449853818381
1449853819205
1449853820000
1449853820819
1449853821633
1449853822462
1449853823277
1449853824092
1449853824918
1449853825743
1449853826556
1449853827400
1449853828193
1449853829019
1449853829831
1449853830651
1449853831572
1449853832390
1449853833211
1449853834034
1449853834861
1449853835668
1449853836480
1449853837303
1449853838136
1449853839145
1449853839963
1449853840803
1449853841609
1449853842421
1449853843278
1449853844061
1449853844882
1449853845708
1449853846520
1449853847341
1449853848168
1449853848973
1449853849797
1449853850620
1449853851549
1449853852362
1449853853195
1449853853992
1449853854832
1449853855633
1449853856447
1449853857280
1449853858092
1449853858910
1449853859731
1449853860569
1449853861378
1449853862183
1449853863013
1449853863825
1449853864660
1449853865463
1449853866282
1449853867102
1449853867927
1449853868753
1449853869762
1449853870588
1449853871466
1449853872219
1449853873032
1449853873878
1449853874689
1449853875506
1449853876212
1449853877032
1449853877852
1449853878698
1449853879493
1449853880311
1449853881123
1449853881951
1449853882770
1449853883603
1449853884410
1449853885230
1449853886051
1449853886863
1449853887703
1449853888495
1449853889324
1449853890143
1449853890967
1449853891786
1449853892600
1449853893421
1449853894144
1449853894955
1449853895786
1449853896600
1449853897414
1449853898232
1449853899061
1449853900693
1449853901429
1449853902338
1449853903213
1449853903980
1449853904800
1449853905602
1449853906427
1449853907241
1449853908062
1449853908872
1449853909641
1449853910412
1449853911234
1449853912053
1449853912872
1449853913694
1449853914515
1449853915331
1449853916153
1449853916971
1449853917796
1449853918622
1449853919437
1449853920250
1449853921071
1449853921892
1449853922709
1449853923524
1449853924343
1449853925167
1449853925985
1449853926721
1449853927632
1449853928443
1449853929259
1449853930080
1449853931304
1449853932131
1449853932985
1449853933768
1449853934588
1449853935402
1449853936232
1449853937042
1449853937867
1449853938687
1449853939504
1449853940334
1449853941246
1449853942061
1449853942889
1449853943703
1449853944520
1449853945332
1449853946153
1449853946972
1449853947806
1449853948923
1449853949747
1449853950565
1449853951391
1449853952193
1449853953020
1449853953842
1449853954657
1449853955480
1449853956296
1449853957133
1449853957933
1449853958761
1449853959572
1449853960390
1449853961211
1449853963429
1449853964182
1449853965007
1449853966139
1449853966950
1449853967761
1449853968601
1449853969402
1449853970170
1449853970925
1449853971753
1449853972579
1449853973399
1449853974212
1449853975048
1449853975852
1449853976671
1449853977491
1449853978308
1449853979133
1449853979975
1449853980786
1449853981590
1449853982403
1449853983229
1449853984052
1449853984862
1449853985683
1449853986501
1449853987314
1449853988150
1449853988963
1449853989783
1449853990605
1449853991412
1449853992232
1449853993072
1449853995827
1449853996951
1449853997770
1449853998595
1449853999392
1449854000232
1449854001042
1449854001861
1449854002681
1449854003506
1449854004326
1449854005140
1449854005960
1449854006772
1449854007593
1449854008441
1449854009240
1449854010056
1449854010874
1449854011710
1449854012515
1449854013332
1449854014151
1449854014970
1449854015789
1449854016609
1449854017423
1449854018243
1449854019062
1449854019881
1449854020703
1449854021532
1449854022340
1449854023160
1449854023975
1449854024801
1449854025624
1449854026748
1449854027668
1449854028501
1449854029302
1449854030121
1449854030873
1449854031663
1449854032498
1449854033302
1449854034185
1449854035039
1449854035853
1449854036674
1449854037523
1449854038314
1449854039137
1449854039952
1449854040795
1449854041591
1449854042426
1449854043235
1449854044059
1449854044870
1449854045689
1449854046450
1449854047222
1449854048042
1449854048863
1449854049683
1449854050502
1449854051324
1449854052144
1449854052962
1449854053773
1449854054607
1449854055421
1449854056243
1449854057569
1449854058388
1449854059207
1449854060022
1449854060861
1449854061663
1449854062481
1449854063303
1449854064122
1449854064947
1449854065773
1449854066581
1449854067400
1449854068213
1449854069041
1449854069852
1449854070674
1449854071491
1449854072318
1449854073241
1449854074062
1449854074972
1449854075791
1449854076617
1449854077433
1449854078251
1449854079071
1449854079891
1449854080718
1449854081530
1449854082350
1449854083156
1449854083973
1449854084803
1449854085622
1449854086443
1449854088082
1449854088946
1449854089726
1449854090551
1449854091301
1449854092081
1449854092893
1449854093721
1449854094539
1449854095352
1449854096171
1449854096999
1449854097812
1449854098625
1449854099455
1449854100276
1449854101081
1449854101906
1449854102738
1449854103548
1449854104371
1449854105187
1449854106006
1449854106826
1449854107658
1449854108464
1449854109284
1449854110119
1449854110929
1449854111741
1449854112565
1449854113686
1449854114506
1449854115325
1449854116147
1449854116967
1449854117804
1449854118814
1449854119626
1449854120450
1449854121271
1449854122084
1449854122906
1449854123726
1449854124538
1449854125364
1449854126179
1449854127054
1449854127822
1449854128639
1449854129460
1449854130276
1449854131095
1449854131920
1449854132738
1449854133555
1449854134380
1449854135210
1449854136015
1449854136827
1449854137648
1449854138466
1449854139286
1449854140106
1449854140925
1449854141644
1449854142457
1449854143308
1449854144094
1449854144913
1449854145733
1449854146555
1449854147473
1449854148301
1449854149522
1449854150335
1449854151154
1449854151983
1449854152807
1449854153633
1449854154443
1449854155254
1449854156073
1449854157299
1449854158217
1449854159051
1449854159862
1449854160682
1449854161515
1449854162343
1449854163130
1449854163970
1449854164787
1449854165600
1449854166322
1449854167133
1449854167953
1449854168783
1449854169591
1449854170418
1449854171236
1449854172051
1449854172770
1449854173602
1449854174422
1449854175222
1449854176042
1449854176861
1449854177682
1449854178504
1449854179321
1449854180480
1449854181263
1449854182087
1449854182910
1449854183738
1449854184543
1449854185365
1449854186187
1449854187001
1449854187822
1449854188649
1449854189468
1449854190294
1449854191100
1449854191920
1449854192731
1449854193571
1449854194394
1449854195110
1449854195915
1449854196730
1449854197559
1449854198332
1449854199194
1449854200002
1449854200755
1449854201554
1449854202361
1449854203213
1449854204004
1449854204823
1449854205652
1449854206463
1449854207281
1449854208092
1449854208929
1449854209738
1449854211063
1449854211886
1449854212712
1449854213523
1449854214342
1449854215165
1449854215980
1449854216792
1449854217622
1449854218442
1449854219253
1449854220075
1449854220898
1449854221712
1449854222533
1449854223366
1449854224175
1449854224991
1449854225803
1449854226631
1449854227450
1449854228282
1449854229089
1449854229902
1449854230723
1449854231574
1449854232468
1449854233298
1449854234113
1449854235032
1449854235850
1449854236663
1449854237591
1449854238422
1449854239229
1449854240043
1449854240854
1449854241897
1449854242710
1449854243523
1449854244351
1449854245163
1449854245982
1449854246810
1449854247631
1449854248443
1449854249261
1449854250084
1449854250900
1449854251721
1449854252539
1449854253354
1449854254175
1449854254992
1449854255823
1449854256632
1449854257453
1449854258272
1449854259096
1449854259911
1449854260746
1449854261550
1449854262370
1449854263255
1449854264010
1449854264823
1449854265654
1449854266461
1449854267282
1449854268094
1449854268922
1449854269747
1449854270574
1449854271374
1449854272610
1449854273433
1449854274264
1449854275067
1449854275881
1449854276823
1449854277631
1449854278444
1449854279280
1449854280076
1449854280902
1449854281713
1449854282541
1449854283365
1449854284182
1449854285006
1449854285822
1449854286633
1449854287483
1449854288267
1449854289117
1449854289913
1449854290731
1449854291549
1449854292382
1449854293191
1449854294012
1449854294841
1449854295650
1449854296458
1449854297294
1449854298145
1449854298922
1449854299745
1449854300565
1449854301385
1449854302216
1449854303223
1449854304043
1449854304862
1449854305681
1449854306506
1449854307322
1449854308141
1449854308961
1449854309783
1449854310600
1449854311512
1449854312340
1449854313159
1449854313983
1449854314792
1449854315623
1449854316432
1449854317257
1449854318076
1449854318893
1449854319724
1449854320532
1449854321351
1449854322170
1449854322990
1449854323820
1449854324630
1449854325455
1449854326263
1449854327083
1449854328019
1449854328823
1449854329642
1449854330474
1449854331309
1449854332094
1449854332840
1449854333944
1449854334768
1449854335582
1449854336402
1449854337233
1449854338047
1449854338862
1449854339680
1449854340507
1449854341325
1449854342133
1449854342963
1449854343776
1449854344592
1449854345412
1449854346153
1449854346960
1449854347758
1449854348594
1449854349501
1449854350337
1449854351150
1449854351980
1449854352789
1449854353605
1449854354423
1449854355246
1449854356066
1449854356897
1449854357701
1449854358510
1449854359341
1449854360161
1449854360979
1449854361800
1449854362924
1449854363751
1449854367227
1449854368042