1449851519107
1449851519669
1449851520501
1449851521312
1449851522136
1449851522952
1449851523774
1449851524590
1449851525411
1449851526230
1449851527047
1449851527871
1449851528683
1449851529406
1449851530221
1449851531042
1449851531861
1449851532690
1449851533503
1449851534324
1449851535132
1449851535952
1449851536778
1449851537715
1449851538514
1449851539288
1449851540161
1449851540979
1449851541792
1449851542625
1449851543433
1449851544244
1449851545075
1449851545878
1449851546711
1449851547523
1449851548659
1449851549473
1449851550296
1449851551115
1449851551931
1449851552754
1449851553579
1449851554394
1449851555213
1449851556026
1449851556852
1449851557672
1449851558491
1449851559406
1449851560228
1449851561056
1449851561865
1449851562685
1449851563527
1449851564320
1449851565151
1449851565960
1449851566785
1449851567599
1449851568415
1449851569240
1449851570054
1449851570872
1449851571692
1449851572517
1449851573355
1449851574160
1449851575042
1449851575791
1449851576610
1449851577431
1449851578244
1449851579056
1449851579883
1449851580712
1449851581522
1449851582342
1449851583063
1449851583881
1449851584700
1449851585520
1449851586335
1449851587152
1449851587994
1449851588794
1449851594434
1449851595243
1449851596070
1449851596888
1449851597703
1449851598523
1449851599350
1449851600149
1449851600982
1449851601800
1449851602629
1449851603433
1449851604253
1449851605180
1449851606015
1449851606814
1449851607633
1449851608458
1449851609273
1449851610092
1449851610912
1449851611744
1449851612551
1449851613289
1449851614091
1449851614909
1449851615730
1449851616543
1449851617362
1449851618216
1449851619005
1449851619832
1449851620641
1449851621465
1449851622294
1449851623107
1449851623929
1449851624953
1449851625765
1449851626585
1449851627419
1449851628236
1449851629044
1449851629853
1449851630673
1449851631491
1449851632312
1449851633132
1449851633943
1449851634774
1449851635604
1449851636400
1449851637231
1449851638057
1449851638870
1449851639694
1449851640510
1449851641322
1449851642150
1449851642962
1449851643784
1449851644601
1449851645412
1449851646261
1449851647061
1449851647880
1449851648701
1449851649524
1449851650333
1449851651163
1449851651974
1449851652792
1449851653624
1449851654434
1449851655251
1449851656082
1449851656892
1449851657710
1449851658524
1449851659350
1449851660171
1449851660993
1449851661807
1449851662622
1449851663477
1449851664266
1449851665082
1449851665902
1449851666722
1449851667545
1449851668361
1449851669180
1449851670010
1449851670813
1449851671633
1449851672476
1449851673274
1449851674091
1449851674921
1449851675731
1449851676552
1449851677376
1449851678191
1449851679026
1449851679831
1449851680653
1449851681475
1449851682289
1449851683116
1449851683942
1449851684747
1449851685774
1449851686584
1449851687411
1449851688224
1449851689041
1449851689863
1449851690685
1449851691510
1449851692333
1449851693145
1449851693961
1449851694785
1449851695604
1449851696420
1449851697240
1449851698053
1449851698886
1449851699704
1449851700504
1449851701332
1449851702151
1449851702893
1449851703691
1449851704511
1449851705322
1449851706153
1449851706963
1449851707782
1449851708608
1449851709431
1449851710241
1449851711083
1449851711885
1449851712717
1449851713526
1449851714344
1449851715164
1449851716198
1449851717412
1449851718232
1449851719051
1449851719881
1449851720683
1449851721503
1449851722323
1449851723454
1449851724275
1449851725091
1449851725919
1449851726731
1449851727653
1449851728471
1449851729285
1449851730109
1449851730929
1449851731763
1449851732580
1449851733385
1449851734123
1449851734932
1449851735749
1449851736554
1449851737383
1449851738200
1449851739013
1449851739834
1449851740653
1449851741474
1449851742291
1449851743143
1449851743932
1449851744765
1449851745572
1449851746492
1449851747310
1449851748132
1449851748957
1449851749675
1449851750485
1449851751304
1449851752114
1449851752956
1449851753772
1449851754581
1449851755314
1449851756035
1449851756811
1449851757653
1449851758476
1449851759303
1449851760111
1449851760933
1449851761755
1449851762573
1449851763386
1449851764210
1449851765028
1449851765843
1449851766662
1449851767493
1449851768312
1449851769114
1449851769941
1449851770761
1449851771580
1449851772404
1449851773220
1449851774035
1449851774853
1449851775677
1449851776802
1449851777631
1449851778442
1449851779263
1449851780080
1449851780899
1449851781721
1449851782533
1449851783468
1449851784274
1449851785098
1449851785923
1449851786732
1449851787553
1449851788379
1449851789192
1449851790025
1449851790832
1449851791650
1449851792471
1449851793293
1449851794109
1449851794831
1449851795643
1449851796463
1449851797289
1449851798102
1449851798921
1449851799744
1449851800565
1449851801379
1449851802221
1449851803015
1449851803840
1449851804661
1449851805485
1449851806292
1449851807325
1449851808149
1449851808953
1449851809776
1449851810592
1449851811424
1449851812232
1449851813051
1449851813873
1449851814708
1449851815511
1449851816337
1449851817150
1449851817977
1449851818786
1449851819607
1449851820423
1449851821242
1449851822075
1449851822791
1449851823592
1449851824421
1449851825260
1449851826059
1449851826872
1449851828004
1449851828824
1449851829641
1449851830472
1449851831282
1449851832101
1449851832922
1449851833740
1449851834553
1449851835702
1449851836495
1449851837530
1449851838447
1449851839263
1449851840082
1449851840922
1449851841712
1449851842543
1449851843365
1449851844188
1449851845001
1449851845822
1449851846644
1449851847460
1449851848276
1449851849094
1449851849919
1449851850732
1449851851560
1449851852372
1449851853197
1449851854012
1449851854831
1449851855652
1449851856470
1449851857290
1449851858110
1449851858923
1449851859850
1449851860673
1449851861483
1449851862304
1449851863150
1449851863944
1449851864762
1449851865596
1449851866401
1449851867233
1449851868142
1449851868967
1449851869790
1449851870926
1449851871722
1449851872543
1449851873364
1449851874191
1449851875102
1449851875924
1449851876746
1449851877561
1449851878384
1449851879202
1449851880034
1449851880859
1449851881664
1449851882481
1449851883307
1449851884120
1449851884933
1449851885763
1449851886576
1449851887392
1449851888227
1449851889033
1449851889868
1449851890672
1449851891491
1449851892311
1449851893130
1449851893953
1449851894783
1449851895588
1449851896402
1449851897228
1449851898043
1449851899080
1449851899889
1449851900710
1449851901522
1449851902343
1449851903161
1449851903986
1449851904802
1449851905635
1449851906441
1449851907562
1449851908593
1449851910746
1449851912584
1449851913722
1449851915556
1449851916373
1449851917192
1449851918013
1449851918833
1449851919662
1449851920474
1449851921291
1449851922115
1449851922930
1449851923755
1449851924571
1449851925387
1449851926195
1449851927023
1449851927843
1449851928670
1449851929690
1449851930502
1449851931331
1449851932168
1449851932962
1449851933792
1449851934601
1449851935420
1449851936235
1449851937065
1449851937885
1449851938702
1449851939514
1449851940333
1449851941190
1449851941973
1449851942691
1449851943513
1449851944332
1449851945154
1449851945970
1449851946791
1449851947521
1449851948323
1449851949143
1449851949961
1449851950781
1449851951601
1449851952422
1449851953268
1449851954061
1449851954873
1449851955696
1449851956512
1449851957336
1449851958163
1449851958974
1449851960100
1449851960929
1449851961733
1449851962554
1449851963381
1449851964197
1449851965020
1449851965841
1449851966652
1449851967471
1449851968318
1449851969112
1449851969936
1449851970764
1449851971572
1449851972391
1449851973215
1449851974027
1449851974847
1449851975668
1449851976483
1449851977303
1449851978121
1449851978942
1449851979761
1449851980580
1449851981401
1449851982213
1449851983072
1449851983879
1449851984673
1449851985496
1449851986313
1449851987132
1449851987951
1449851988792
1449851989592
1449851990622
1449851991433
1449851992254
1449851993077
1449851993902
1449851994712
1449851995522
1449851996358
1449851997171
1449851997989
1449851998815
1449851999630
1449852000442
1449852001264
1449852002083
1449852002904
1449852003723
1449852004448
1449852005260
1449852006084
1449852007000
1449852007822
1449852008643
1449852009453
1449852010278
1449852011107
1449852011913
1449852012732
1449852013563
1449852014371
1449852015191
1449852016012
1449852016834
1449852017650
1449852018474
1449852019283
1449852020115
1449852021131
1449852021955
1449852022764
1449852023585
1449852024412
1449852025233
1449852026047
1449852027171
1449852027996
1449852028823
1449852029631
1449852030452
1449852031263
1449852032084
1449852032915
1449852033723
1449852034552
1449852035362
1449852036103
1449852036901
1449852037755
1449852038542
1449852039360
1449852040173
1449852040986
1449852041812
1449852042639
1449852043495
1449852044271
1449852045101
1449852045911
1449852046760
1449852047571
1449852048379
1449852049193
1449852050006
1449852050834
1449852051856
1449852052683
1449852053493
1449852054304
1449852055124
1449852055944
1449852056757
1449852057476
1449852058292
1449852059121
1449852059936
1449852060760
1449852061582
1449852062316
1449852063113
1449852063875
1449852064645
1449852065475
1449852066297
1449852067103
1449852067921
1449852068751
1449852069563
1449852070382
1449852071207
1449852072021
1449852072841
1449852073664
1449852074482
1449852075312
1449852076121
1449852077033
1449852077864
1449852078693
1449852079502
1449852080322
1449852081143
1449852082161
1449852083082
1449852083904
1449852084723
1449852085546
1449852086361
1449852087180
1449852088101
1449852088920
1449852089754
1449852090560
1449852091380
1449852092198
1449852093012
1449852093836
1449852094662
1449852095477
1449852096293
1449852097116
1449852097931
1449852098758
1449852099572
1449852100391
1449852101211
1449852102022
1449852102842
1449852103700
1449852104483
1449852105318
1449852106122
1449852106941
1449852107768
1449852108583
1449852109404
1449852110531
1449852111354
1449852112173
1449852113183
1449852114009
1449852114822
1449852115643
1449852116467
1449852117282
1449852118107
1449852118920
1449852119734
1449852120563
1449852121390
1449852122204
1449852123020
1449852123839
1449852124654
1449852125474
1449852126302
1449852127116
1449852127933
1449852128752
1449852129572
1449852130390
1449852131228
1449852132030
1449852132849
1449852133676
1449852134485
1449852135303
1449852136073
1449852136841
1449852137661
1449852138484
1449852139302
1449852140121
1449852140947
1449852141760
1449852142584
1449852143603
1449852144431
1449852145241
1449852146059
1449852146880
1449852147693
1449852148515
1449852149362
1449852150153
1449852150980
1449852151802
1449852152612
1449852153433
1449852154240
1449852155178
1449852155991
1449852156829
1449852157542
1449852158255
1449852159063
1449852159887
1449852160702
1449852161522
1449852162346
1449852163198
1449852163980
1449852164792
1449852165612
1449852166446
1449852167261
1449852168077
1449852168893
1449852169713
1449852170530
1449852171352
1449852172185
1449852172990
1449852173914
1449852174731
1449852175551
1449852176363
1449852177192
1449852178003
1449852178825
1449852179642
1449852180462
1449852181591
1449852182410
1449852183244
1449852184051
1449852184873
1449852185688
1449852186513
1449852187323
1449852188156
1449852188974
1449852189782
1449852190608
1449852191422
1449852192241
1449852193060
1449852193884
1449852194801
1449852195620
1449852196439
1449852197262
1449852198080
1449852198900
1449852199719
1449852200535
1449852201357
1449852202176
1449852202991
1449852203825
1449852204733
1449852205551
1449852206371
1449852207192
1449852208015
1449852208843
1449852209673
1449852210471
1449852211289
1449852212111
1449852212922
1449852213770
1449852214581
1449852215382
1449852216206
1449852217026
1449852217841
1449852218689
1449852219481
1449852220302
1449852221126
1449852221942
1449852222771
1449852223721
1449852224501
1449852225313
1449852226133
1449852226953
1449852227790
1449852228593
1449852229294
1449852230121
1449852230950
1449852231775
1449852232585
1449852233417
1449852234523
1449852235566
1449852236380
1449852237193
1449852238019
1449852238834
1449852239665
1449852240476
1449852241296
1449852242110
1449852242921
1449852243763
1449852244570
1449852245400
1449852246202
1449852247023
1449852247845
1449852248664
1449852249492
1449852250309
1449852251121
1449852251937
1449852252771
1449852253582
1449852254400
1449852255217
1449852256042
1449852256858
1449852257679
1449852258500
1449852259311
1449852260132
1449852261058
1449852261873
1449852262702
1449852263518
1449852264321
1449852265150
1449852266172
1449852267095
1449852267922
1449852268739
1449852269551
1449852270373
1449852271192
1449852272012
1449852272844
1449852273653
1449852274475
1449852275292
1449852276099
1449852276923
1449852277755
1449852278571
1449852279316
1449852280202
1449852281024
1449852281840
1449852282672
1449852283628
1449852284402
1449852285221
1449852286036
1449852286861
1449852287687
1449852288503
1449852289319
1449852290145
1449852290952
1449852291781
1449852292599
1449852293419
1449852294220
1449852295048
1449852295870
1449852296792
1449852297621
1449852298425
1449852299250
1449852300069
1449852300898
1449852301705
1449852302538
1449852303353
1449852304080
1449852304882
1449852305693
1449852306522
1449852307340
1449852308162
1449852308983
1449852309793
1449852310624
1449852311432
1449852312361
1449852313173
1449852313992
1449852314812
1449852315637
1449852316452
1449852317279
1449852318092
1449852318911
1449852319732
1449852320551
1449852321356
1449852322193
1449852323011
1449852323824
1449852324651
1449852325462
1449852326287
1449852327344
1449852328123
1449852328942
1449852329763
1449852330594
1449852331402
1449852332233
1449852333041
1449852333865
1449852335078
1449852335910
1449852336732
1449852337854
1449852338614
1449852339486
1449852340313
1449852341131
1449852341954
1449852342778
1449852343705
1449852344510
1449852345319
1449852346150
1449852346970
1449852347789
1449852348620
1449852349423
1449852350243
1449852351062
1449852351882
1449852352701
1449852353535
1449852354342
1449852355164