1448053513361
1448053515393
1448053515881
1448053516345
1448053516834
1448053517305
1448053517761
1448053518257
1448053518738
1448053519202
1448053519648
1448053520129
1448053520567
1448053521031
1448053521510
1448053521941
1448053522430
1448053522893
1448053523348
1448053523837
1448053524275
1448053524756
1448053525245
1448053525692
1448053526172
1448053526644
1448053527083
1448053527554
1448053528027
1448053528465
1448053528937
1448053529393
1448053529864
1448053530337
1448053530784
1448053531256
1448053531711
1448053532174
1448053532630
1448053533202
1448053533690
1448053534179
1448053534634
1448053535106
1448053535562
1448053536009
1448053536464
1448053536919
1448053537383
1448053537872
1448053538360
1448053538791
1448053539270
1448053539768
1448053540242
1448053540664
1448053541119
1448053541574
1448053542046
1448053542535
1448053543015
1448053543513
1448053544018
1448053544465
1448053544929
1448053545384
1448053545873
1448053546345
1448053546800
1448053547297
1448053547752
1448053548233
1448053548713
1448053549201
1448053549649
1448053550121
1448053550584
1448053551090
1448053551561
1448053552026
1448053552514
1448053553003
1448053553492
1448053553980
1448053554469
1448053554965
1448053555438
1448053555918
1448053556423
1448053556895
1448053557359
1448053557873
1448053558320
1448053558783
1448053559264
1448053559702
1448053560191
1448053560655
1448053561109
1448053561598
1448053562053
1448053562509
1448053563006
1448053563544
1448053564000
1448053564496
1448053564968
1448053565475
1448053566005
1448053566486
1448053566966
1448053567480
1448053567960
1448053568448
1448053568954
1448053569409
1448053569914
1448053570378
1448053570841
1448053571339
1448053571818
1448053572307
1448053572813
1448053573276
1448053573749
1448053574286
1448053574784
1448053575273
1448053575819
1448053576283
1448053576763
1448053577302
1448053577766
1448053578262
1448053578768
1448053579223
1448053579720
1448053580226
1448053580697
1448053581195
1448053581691
1448053582146
1448053582644
1448053583132
1448053583638
1448053584143
1448053584623
1448053585112
1448053585609
1448053586114
1448053586629
1448053587108
1448053587597
1448053588144
1448053588650
1448053589155
1448053589652
1448053590132
1448053590604
1448053591118
1448053591600
1448053592046
1448053592552
1448053593040
1448053593529
1448053594059
1448053594547
1448053595003
1448053595542
1448053596014
1448053596528
1448053597074
1448053597580
1448053598093
1448053598615
1448053599096
1448053599600
1448053600106
1448053600594
1448053601050
1448053601547
1448053602027
1448053602482
1448053603004
1448053603510
1448053603999
1448053604504
1448053605017
1448053605472
1448053606003
1448053606484
1448053606955
1448053607452
1448053607924
1448053608379
1448053608893
1448053609381
1448053609879
1448053610392
1448053610881
1448053611378
1448053611908
1448053612389
1448053612868
1448053613407
1448053613879
1448053614384
1448053614890
1448053615370
1448053615859
1448053616348
1448053616811
1448053617325
1448053617805
1448053618287
1448053618800
1448053619280
1448053619761
1448053620265
1448053620729
1448053621227
1448053621706
1448053622187
1448053622708
1448053623266
1448053623753
1448053624257
1448053624722
1448053625226
1448053625665
1448053626154
1448053626642
1448053627106
1448053627544
1448053628017
1448053628489
1448053628961
1448053629433
1448053629938
1448053630402
1448053630890
1448053631387
1448053631842
1448053632347
1448053632795
1448053633267
1448053633788
1448053634244
1448053634691
1448053635180
1448053635643
1448053636090
1448053636612
1448053637092
1448053637581
1448053638053
1448053638541
1448053639013
1448053639493
1448053639990
1448053640454
1448053640976
1448053641448
1448053641919
1448053642417
1448053642889
1448053643344
1448053643834
1448053644314
1448053644770
1448053645267
1448053645739
1448053646202
1448053646724
1448053647180
1448053647652
1448053648157
1448053648629
1448053649084
1448053649606
1448053650045
1448053650550
1448053651022
1448053651526
1448053651999
1448053652496
1448053652934
1448053653465
1448053653953
1448053654408
1448053654897
1448053655335
1448053655807
1448053656287
1448053656759
1448053657256
1448053657728
1448053658225
1448053658713
1448053659169
1448053659674
1448053660146
1448053660601
1448053661123
1448053661586
1448053662066
1448053662572
1448053663044
1448053663557
1448053664063
1448053664517
1448053665023
1448053665487
1448053665958
1448053666439
1448053666927
1448053667391
1448053667855
1448053668351
1448053668798
1448053669295
1448053669793
1448053670232
1448053670720
1448053671209
1448053671705
1448053672169
1448053672683
1448053673188
1448053673660
1448053674165
1448053674637
1448053675134
1448053675639
1448053676086
1448053676583
1448053677047
1448053677501
1448053678007
1448053678496
1448053678934
1448053679423
1448053679894
1448053680366
1448053680855
1448053681327
1448053681816
1448053682270
1448053682742
1448053683262
1448053683786
1448053684267
1448053684738
1448053685194
1448053685699
1448053686171
1448053686643
1448053687131
1448053687586
1448053688016
1448053688530
1448053688994
1448053689440
1448053689946
1448053690384
1448053690848
1448053691345
1448053691800
1448053692297
1448053692810
1448053693266
1448053693746
1448053694251
1448053694723
1448053695203
1448053695702
1448053696175
1448053696663
1448053697168
1448053697648
1448053698145
1448053698618
1448053699089
1448053699570
1448053700108
1448053700588
1448053701102
1448053701615
1448053702121
1448053702625
1448053703139
1448053703653
1448053704124
1448053704647
1448053705118
1448053705607
1448053706112
1448053706634
1448053707098
1448053707619
1448053708116
1448053708588
1448053709127
1448053709599
1448053710078
1448053710601
1448053711064
1448053711569
1448053712075
1448053712538
1448053713052
1448053713531
1448053714020
1448053714517
1448053714997
1448053715503
1448053715983
1448053716488
1448053716994
1448053717457
1448053717971
1448053718475
1448053718964
1448053719486
1448053719941
1448053720455
1448053720968
1448053721432
1448053721978
1448053722519
1448053722982
1448053723521
1448053724035
1448053724498
1448053725011
1448053725500
1448053726005
1448053726502
1448053726999
1448053727504
1448053727977
1448053728490
1448053728970
1448053729441
1448053729964
1448053730428
1448053730916
1448053731421
1448053731868
1448053732381
1448053732862
1448053733317
1448053733831
1448053734294
1448053734774
1448053735287
1448053735760
1448053736265
1448053736745
1448053737242
1448053737738
1448053738211
1448053738725
1448053739196
1448053739685
1448053740190
1448053740662
1448053741184
1448053741672
1448053742152
1448053742674
1448053743146
1448053743652
1448053744165
1448053744654
1448053745175
1448053745664
1448053746144
1448053746666
1448053747138
1448053747634
1448053748156
1448053748735
1448053749258
1448053749757
1448053750245
1448053750759
1448053751214
1448053751719
1448053752242
1448053752705
1448053753210
1448053753698
1448053754188
1448053754693
1448053755148
1448053755612
1448053756125
1448053756589
1448053757087
1448053757642
1448053758106
1448053758578
1448053759124
1448053759605
1448053760077
1448053760591
1448053761055
1448053761551
1448053762057
1448053762528
1448053763017
1448053763531
1448053763994
1448053764500
1448053764996
1448053765485
1448053765991
1448053766479
1448053766968
1448053767473
1448053767962
1448053768468
1448053768956
1448053769445
1448053769941
1448053770455
1448053770944
1448053771457
1448053771946
1448053772425
1448053772939
1448053773420
1448053773916
1448053774430
1448053774901
1448053775399
1448053775889
1448053776385
1448053776883
1448053777412
1448053777893
1448053778490
1448053779011
1448053779492
1448053780013
1448053780519
1448053780990
1448053781512
1448053781993
1448053782473
1448053782987
1448053783483
1448053783955
1448053784486
1448053784949
1448053785446
1448053785959
1448053786415
1448053786929
1448053787425
1448053787897
1448053788410
1448053788899
1448053789363
1448053789843
1448053790298
1448053790795
1448053791309
1448053791797
1448053792302
1448053792783
1448053793262
1448053793768
1448053794239
1448053794753
1448053795242
1448053795739
1448053796244
1448053796732
1448053797254
1448053797743
1448053798231
1448053798720
1448053799191
1448053799656
1448053800161
1448053800666
1448053801121
1448053801609
1448053802115
1448053802580
1448053803118
1448053803649
1448053804137
1448053804634
1448053805098
1448053805603
1448053806141
1448053806654
1448053807102
1448053807607
1448053808112
1448053808668
1448053809172
1448053809661
1448053810182
1448053810730
1448053811194
1448053811690
1448053812195
1448053812692
1448053813181
1448053813728
1448053814208
1448053814714
1448053815244
1448053815699
1448053816205
1448053816718
1448053817190
1448053817695
1448053818176
1448053818648
1448053819153
1448053819625
1448053820096
1448053820602
1448053821108
1448053821613
1448053822110
1448053822616
1448053823095
1448053823585
1448053824106
1448053824603
1448053825092
1448053825572
1448053826077
1448053826540
1448053827029
1448053827542
1448053827998
1448053828520
1448053828992
1448053829465
1448053829988
1448053830467
1448053830957
1448053831486
1448053832009
1448053832523
1448053833010
1448053833491
1448053833963
1448053834460
1448053834974
1448053835429
1448053835918
1448053836414
1448053836861
1448053837392
1448053837880
1448053838369
1448053838965
1448053839454
1448053839950
1448053840448
1448053840912
1448053841416
1448053841872
1448053842368
1448053842882
1448053843388
1448053843868
1448053844349
1448053844821
1448053845292
1448053845790
1448053846261
1448053846750
1448053847256
1448053847677
1448053848166
1448053848654
1448053849118
1448053849607
1448053850070
1448053850551
1448053851056
1448053851528
1448053851992
1448053852480
1448053852936
1448053853399
1448053853879
1448053854318
1448053854798
1448053855263
1448053855710
1448053856190
1448053856662
1448053857118
1448053857606
1448053858061
1448053858525
1448053859013
1448053859452
1448053859933
1448053860404
1448053860910
1448053861356
1448053861845
1448053862301
1448053862814
1448053863278
1448053863733
1448053864247
1448053864686
1448053865165
1448053865637
1448053866075
1448053866573
1448053867053
1448053867483
1448053867955
1448053868427
1448053868999
1448053869455
1448053869934
1448053870407
1448053870861
1448053871350
1448053871781
1448053872260
1448053872733
1448053873171
1448053873685
1448053874149
1448053874604
1448053875109
1448053875539
1448053876011
1448053876492
1448053876921
1448053877410
1448053877865
1448053878321
1448053878808
1448053879247
1448053879736
1448053880191
1448053880665
1448053881161
1448053881625
1448053882089
1448053882602
1448053883058
1448053883545
1448053884018
1448053884473
1448053884978
1448053885434
1448053885905
1448053886394
1448053886858
1448053887346
1448053887801
1448053888264
1448053888762
1448053889201
1448053889672
1448053890136
1448053890591
1448053891079
1448053891517
1448053891973
1448053892487
1448053892942
1448053893414
1448053893911
1448053894349
1448053894847
1448053895301
1448053895773
1448053896253
1448053896709
1448053897206
1448053897661
1448053898133
1448053898654
1448053899110
1448053899641
1448053900120
1448053900576
1448053901097
1448053901553
1448053902025
1448053902521
1448053902977
1448053903473
1448053903987
1448053904443
1448053904947
1448053905436
1448053905908
1448053906391
1448053906838
1448053907309
1448053907790
1448053908270
1448053908758
1448053909213
1448053909669
1448053910166
1448053910604
1448053911085
1448053911556
1448053912003
1448053912534
1448053912988
1448053913452
1448053913949
1448053914396
1448053914885
1448053915381
1448053915845
1448053916342
1448053916797
1448053917294
1448053917749
1448053918222
1448053918718
1448053919173
1448053919662
1448053920134
1448053920589
1448053921094
1448053921550
1448053922021
1448053922510
1448053922974
1448053923453
1448053923926
1448053924430
1448053924861
1448053925317
1448053925771
1448053926219
1448053926723
1448053927170
1448053927618
1448053928106
1448053928561
1448053929083
1448053929571
1448053930019
1448053930532
1448053930971
1448053931425
1448053931916
1448053932380
1448053932834
1448053933306
1448053933770
1448053934259
1448053934713
1448053935202
1448053935658
1448053936129
1448053936585
1448053937073
1448053937512
1448053938001
1448053938455
1448053938911
1448053939399
1448053939846
1448053940335
1448053940815
1448053941271
1448053941775
1448053942206
1448053942678
1448053943149
1448053943605
1448053944093
1448053944549
1448053945004
1448053945509
1448053945964
1448053946436
1448053946925
1448053947371
1448053947843
1448053948316
1448053948770
1448053949259
1448053949714
1448053950161
1448053950650
1448053951105
1448053951561
1448053952040
1448053952471
1448053952960
1448053953431
1448053953895
1448053954383
1448053954864
1448053955320
1448053955824
1448053956279
1448053956734
1448053957215
1448053957664
1448053958119
1448053958608
1448053959162
1448053959601
1448053960082
1448053960520
1448053960976
1448053961456
1448053961928
1448053962409
1448053962872
1448053963344
1448053963849
1448053964355
1448053964819
1448053965290
1448053965762
1448053966217
1448053966706
1448053967170
1448053967617
1448053968106
1448053968543
1448053968999
1448053969488
1448053969935
1448053970382
1448053970870
1448053971309
1448053971798
1448053972286
1448053972742
1448053973214
1448053973711
1448053974167
1448053974647
1448053975102
1448053975558
1448053976054
1448053976510
1448053976965
1448053977454
1448053977884
1448053978356
1448053978853
1448053979283
1448053979755
1448053980219
1448053980682
1448053981146
1448053981609
1448053982048
1448053982538
1448053983035
1448053983482
1448053983970
1448053984443
1448053984931
1448053985411
1448053985892
1448053986330
1448053986827
1448053987300
1448053987755
1448053988252
1448053988692
1448053989229
1448053989743
1448053990206
1448053990687
1448053991175
1448053991614
1448053992111
1448053992632
1448053993097
1448053993593
1448053994132
1448053994605
1448053995093
1448053995573
1448053996045
1448053996542
1448053997015
1448053997470
1448053997967
