1448050830837
1448050832917
1448050833423
1448050833919
1448050834400
1448050834914
1448050835377
1448050835891
1448050836373
1448050836851
1448050837365
1448050837853
1448050838350
1448050838855
1448050839356
1448050839866
1448050840365
1448050840878
1448050841385
1448050841897
1448050842371
1448050842891
1448050843404
1448050843868
1448050844390
1448050844888
1448050845359
1448050845881
1448050846373
1448050846850
1448050847389
1448050847843
1448050848344
1448050848879
1448050849376
1448050849902
1448050850420
1448050850909
1448050851422
1448050851944
1448050852459
1448050852930
1448050853444
1448050853965
1448050854475
1448050854985
1448050855440
1448050855937
1448050856408
1448050856872
1448050857390
1448050857858
1448050858339
1448050858785
1448050859274
1448050859763
1448050860209
1448050860690
1448050861133
1448050861638
1448050862140
1448050862611
1448050863108
1448050863556
1448050864188
1448050864666
1448050865113
1448050865602
1448050866058
1448050866529
1448050867002
1448050867440
1448050867913
1448050868393
1448050868840
1448050869328
1448050869758
1448050870247
1448050870702
1448050871199
1448050871647
1448050872134
1448050872607
1448050873045
1448050873550
1448050874001
1448050874474
1448050874952
1448050875416
1448050875912
1448050876362
1448050876832
1448050877312
1448050877758
1448050878238
1448050878704
1448050879159
1448050879664
1448050880100
1448050880580
1448050881055
1448050881491
1448050881991
1448050882451
1448050882907
1448050883406
1448050883852
1448050884333
1448050884822
1448050885283
1448050885772
1448050886238
1448050886733
1448050887213
1448050887678
1448050888188
1448050888644
1448050889144
1448050889639
1448050890085
1448050890584
1448050891055
1448050891520
1448050892015
1448050892490
1448050892951
1448050893451
1448050893912
1448050894395
1448050894882
1448050895318
1448050895817
1448050896297
1448050896768
1448050897233
1448050897688
1448050898178
1448050898624
1448050899163
1448050899644
1448050900080
1448050900560
1448050901015
1448050901466
1448050901976
1448050902416
1448050902896
1448050903386
1448050903842
1448050904347
1448050904817
1448050905288
1448050905767
1448050906243
1448050906738
1448050907203
1448050907683
1448050908187
1448050908649
1448050909148
1448050909638
1448050910109
1448050910623
1448050911093
1448050911573
1448050912078
1448050912544
1448050913004
1448050913504
1448050913949
1448050914439
1448050914901
1448050915350
1448050915855
1448050916316
1448050916781
1448050917286
1448050917732
1448050918189
1448050918687
1448050919149
1448050919624
1448050920128
1448050920593
1448050921098
1448050921584
1448050922049
1448050922563
1448050923034
1448050923514
1448050924019
1448050924465
1448050924964
1448050925425
1448050925890
1448050926385
1448050926835
1448050927321
1448050927801
1448050928251
1448050928756
1448050929276
1448050929741
1448050930212
1448050930657
1448050931157
1448050931617
1448050932083
1448050932582
1448050933028
1448050933508
1448050933988
1448050934434
1448050934924
1448050935385
1448050935860
1448050936345
1448050936801
1448050937310
1448050937780
1448050938261
1448050938790
1448050939255
1448050939785
1448050940270
1448050940770
1448050941299
1448050941798
1448050942333
1448050942823
1448050943328
1448050943842
1448050944367
1448050944877
1448050945411
1448050945892
1448050946411
1448050946916
1448050947381
1448050947910
1448050948391
1448050948871
1448050949395
1448050949856
1448050950361
1448050950860
1448050951330
1448050951845
1448050952325
1448050952830
1448050953344
1448050953834
1448050954373
1448050954849
1448050955354
1448050955844
1448050956299
1448050956823
1448050957309
1448050957823
1448050958328
1448050958803
1448050959372
1448050959861
1448050960382
1448050960895
1448050961385
1448050961915
1448050962405
1448050962919
1448050963424
1448050963910
1448050964434
1448050964914
1448050965428
1448050965957
1448050966447
1448050966986
1448050967496
1448050967977
1448050968536
1448050969030
1448050969526
1448050970084
1448050970569
1448050971093
1448050971599
1448050972079
1448050972603
1448050973098
1448050973603
1448050974108
1448050974597
1448050975127
1448050975617
1448050976131
1448050976636
1448050977140
1448050977630
1448050978151
1448050978631
1448050979145
1448050979664
1448050980154
1448050980684
1448050981183
1448050981669
1448050982217
1448050982713
1448050983237
1448050983756
1448050984256
1448050984800
1448050985290
1448050985794
1448050986309
1448050986799
1448050987319
1448050987824
1448050988323
1448050988862
1448050989392
1448050989902
1448050990416
1448050990896
1448050991420
1448050991906
1448050992415
1448050992935
1448050993390
1448050993910
1448050994400
1448050994870
1448050995404
1448050995865
1448050996379
1448050996879
1448050997359
1448050997893
1448050998368
1448050998878
1448050999383
1448050999884
1448051000389
1448051000893
1448051001398
1448051001931
1448051002402
1448051002907
1448051003436
1448051003902
1448051004431
1448051004926
1448051005401
1448051005940
1448051006411
1448051006905
1448051007430
1448051007876
1448051008380
1448051008861
1448051009335
1448051009840
1448051010320
1448051010834
1448051011296
1448051011761
1448051012265
1448051012727
1448051013216
1448051013691
1448051014152
1448051014657
1448051015113
1448051015583
1448051016082
1448051016518
1448051016993
1448051017479
1448051017919
1448051018415
1448051018870
1448051019428
1448051019913
1448051020369
1448051020859
1448051021314
1448051021810
1448051022299
1448051022746
1448051023245
1448051023716
1448051024183
1448051024700
1448051025156
1448051025647
1448051026170
1448051026617
1448051027111
1448051027601
1448051028063
1448051028571
1448051029042
1448051029522
1448051030012
1448051030473
1448051030962
1448051031424
1448051031888
1448051032393
1448051032839
1448051033323
1448051033804
1448051034255
1448051034754
1448051035215
1448051035680
1448051036195
1448051036650
1448051037165
1448051037650
1448051038125
1448051038622
1448051039091
1448051039590
1448051040070
1448051040541
1448051041055
1448051041520
1448051042025
1448051042520
1448051042985
1448051043525
1448051044004
1448051044490
1448051045014
1448051045485
1448051045989
1448051046504
1448051046975
1448051047489
1448051047979
1448051048483
1448051048973
1448051049512
1448051050032
1448051050503
1448051050992
1448051051497
1448051051973
1448051052468
1448051052958
1448051053413
1448051053928
1448051054398
1448051054869
1448051055408
1448051055863
1448051056353
1448051056839
1448051057294
1448051057794
1448051058264
1448051058735
1448051059239
1448051059689
1448051060194
1448051060655
1448051061120
1448051061625
1448051062080
1448051062586
1448051063065
1448051063540
1448051064084
1448051064555
1448051065055
1448051065525
1448051066005
1448051066510
1448051066985
1448051067490
1448051067979
1448051068484
1448051069004
1448051069475
1448051069955
1448051070459
1448051070925
1448051071454
1448051071944
1448051072425
1448051072938
1448051073394
1448051073908
1448051074428
1448051074908
1448051075423
1448051075903
1448051076398
1448051076888
1448051077353
1448051077873
1448051078339
1448051078794
1448051079299
1448051079769
1448051080244
1448051080755
1448051081210
1448051081700
1448051082189
1448051082645
1448051083156
1448051083620
1448051084150
1448051084664
1448051085120
1448051085640
1448051086095
1448051086585
1448051087080
1448051087530
1448051088050
1448051088530
1448051089011
1448051089525
1448051090005
1448051090519
1448051090975
1448051091470
1448051091950
1448051092425
1448051092935
1448051093410
1448051093905
1448051094404
1448051094865
1448051095379
1448051095850
1448051096331
1448051096835
1448051097285
1448051097805
1448051098276
1448051098766
1448051099270
1448051099745
1448051100249
1448051100735
1448051101210
1448051101730
1448051102211
1448051102685
1448051103180
1448051103636
1448051104131
1448051104616
1448051105067
1448051105557
1448051106047
1448051106503
1448051106998
1448051107463
1448051107934
1448051108433
1448051108879
1448051109384
1448051109839
1448051110310
1448051110799
1448051111236
1448051111745
1448051112225
1448051112695
1448051113210
1448051113671
1448051114235
1448051114724
1448051115189
1448051115694
1448051116165
1448051116636
1448051117140
1448051117590
1448051118075
1448051118565
1448051119021
1448051119526
1448051119996
1448051120476
1448051120976
1448051121436
1448051121945
1448051122407
1448051122896
1448051123392
1448051123872
1448051124386
1448051124851
1448051125331
1448051125836
1448051126291
1448051126787
1448051127286
1448051127741
1448051128262
1448051128732
1448051129212
1448051129727
1448051130182
1448051130688
1448051131153
1448051131682
1448051132148
1448051132618
1448051133123
1448051133578
1448051134108
1448051134642
1448051135127
1448051135651
1448051136137
1448051136636
1448051137156
1448051137631
1448051138161
1448051138640
1448051139155
1448051139674
1448051140149
1448051140669
1448051141164
1448051141673
1448051142217
1448051142707
1448051143222
1448051143751
1448051144306
1448051144829
1448051145309
1448051145830
1448051146319
1448051146834
1448051147328
1448051147818
1448051148329
1448051148803
1448051149318
1448051149828
1448051150303
1448051150842
1448051151327
1448051151817
1448051152366
1448051152852
1448051153385
1448051153915
1448051154410
1448051154939
1448051155439
1448051155943
1448051156458
1448051156953
1448051157482
1448051157989
1448051158488
1448051159027
1448051159541
1448051160027
1448051160576
1448051161046
1448051161570
1448051162100
1448051162570
1448051163109
1448051163611
1448051164084
1448051164618
1448051165113
1448051165628
1448051166166
1448051166662
1448051167186
1448051167691
1448051168196
1448051168710
1448051169205
1448051169744
1448051170234
1448051170764
1448051171283
1448051171773
1448051172317
1448051172802
1448051173336
1448051173857
1448051174404
1448051174892
1448051175432
1448051175895
1448051176375
1448051176922
1448051177419
1448051177900
1448051178405
1448051178902
1448051179407
1448051179962
1448051180476
1448051181023
1448051181536
1448051181992
1448051182481
1448051182969
1448051183475
1448051183988
1448051184485
1448051185006
1448051185481
1448051186015
1448051186535
1448051187040
1448051187544
1448051188098
1448051188574
1448051189050
1448051189589
1448051190123
1448051190633
1448051191132
1448051191627
1448051192128
1448051192651
1448051193161
1448051193695
1448051194199
1448051194715
1448051195234
1448051195729
1448051196244
1448051196767
1448051197253
1448051197792
1448051198297
1448051198812
1448051199335
1448051199821
1448051200369
1448051200859
1448051201374
1448051201903
1448051202389
1448051202928
1448051203442
1448051203932
1448051204533
1448051205063
1448051205585
1448051206107
1448051206642
1448051207137
1448051207643
1448051208145
1448051208625
1448051209131
1448051209672
1448051210176
1448051210714
1448051211268
1448051211740
1448051212262
1448051212767
1448051213279
1448051213790
1448051214328
1448051214852
1448051215354
1448051215867
1448051216372
1448051216856
1448051217399
1448051217916
1448051218410
1448051218932
1448051219396
1448051219934
1448051220456
1448051220929
1448051221458
1448051221964
1448051222468
1448051223012
1448051223497
1448051224002
1448051224507
1448051224995
1448051225533
1448051226038
1448051226535
1448051227057
1448051227546
1448051228043
1448051228564
1448051229073
1448051229612
1448051230096
1448051230619
1448051231149
1448051231637
1448051232175
1448051232685
1448051233220
1448051233751
1448051234247
1448051234778
1448051235307
1448051235796
1448051236301
1448051236848
1448051237336
1448051237885
1448051238414
1448051238897
1448051239391
1448051239904
1448051240418
1448051240929
1448051241421
1448051241929
1448051242417
1448051242912
1448051243447
1448051243939
1448051244453
1448051244974
1448051245471
1448051245996
1448051246523
1448051247025
1448051247567
1448051248083
1448051248585
1448051249141
1448051249621
1448051250126
1448051250641
1448051251103
1448051251621
1448051252131
1448051252602
1448051253133
1448051253633
1448051254118
1448051254657
1448051255153
1448051255684
1448051256193
1448051256736
1448051257216
1448051257713
1448051258202
1448051258723
1448051259220
1448051259733
1448051260272
1448051260777
1448051261304
1448051261780
1448051262276
1448051262781
1448051263279
1448051263817
1448051264370
1448051264921
1448051265470
1448051265950
1448051266479
1448051266984
1448051267464
1448051267994
1448051268479
1448051268974
1448051269504
1448051270018
1448051270532
1448051271053
1448051271557
1448051272096
1448051272595
1448051273115
1448051273635
1448051274119
1448051274654
1448051275144
1448051275659
1448051276148
1448051276658
1448051277159
1448051277662
1448051278192
1448051278681
1448051279202
1448051279707
1448051280206
1448051280735
1448051281225
1448051281730
1448051282259
1448051282730
1448051283254
1448051283768
1448051284229
1448051284787
1448051285267
1448051285778
1448051286317
1448051286797
1448051287336
1448051287841
1448051288346
1448051288875
1448051289389
1448051289919
1448051290418
1448051290933
1448051291452
1448051291957
1448051292486
1448051292986
1448051293491
1448051294020
1448051294575
1448051295079
1448051295613
1448051296075
1448051296555
1448051297088
1448051297544
1448051298054
1448051298554
1448051299049
1448051299539
1448051300083
1448051300573
1448051301063
1448051301577
1448051302038
1448051302542
1448051303032
1448051303510
1448051303999
1448051304471
1448051304934
1448051305433
1448051305883
1448051306367
1448051306856
1448051307324
1448051307794
1448051308264
1448051308760
1448051309241
1448051309750
1448051310226
1448051310723
1448051311211
1448051311692
1448051312197
1448051312686
1448051313146
1448051313638
1448051314110
1448051314625
1448051315154
1448051315627
1448051316065
1448051316549
1448051317042
1448051317536
1448051318012
1448051318467
1448051318964
1448051319435
1448051319907
1448051320413
1448051320868
1448051321357
1448051321845
1448051322335
1448051322832
1448051323323
1448051323794
1448051324318
1448051324823
1448051325309
1448051325823
1448051326288
1448051326783
1448051327273
1448051327738
