1448050339557
1448050342473
1448050342946
1448050343417
1448050343906
1448050344370
1448050344850
1448050345307
1448050345753
1448050346225
1448050346681
1448050347127
1448050347608
1448050348120
1448050348618
1448050349090
1448050349561
1448050350025
1448050350463
1448050350952
1448050351433
1448050351888
1448050352368
1448050352798
1448050353287
1448050353759
1448050354206
1448050354678
1448050355133
1448050355580
1448050356087
1448050356533
1448050357006
1448050357485
1448050357932
1448050358421
1448050358926
1448050359390
1448050359844
1448050360333
1448050360772
1448050361235
1448050361708
1448050362154
1448050362635
1448050363074
1448050363545
1448050364051
1448050364523
1448050364995
1448050365484
1448050365914
1448050366395
1448050366883
1448050367355
1448050367794
1448050368265
1448050368713
1448050369217
1448050369672
1448050370161
1448050370633
1448050371091
1448050371562
1448050372051
1448050372498
1448050372954
1448050373410
1448050373881
1448050374337
1448050374801
1448050375272
1448050375744
1448050376224
1448050376689
1448050377144
1448050377640
1448050378187
1448050378660
1448050379157
1448050379613
1448050380067
1448050380540
1448050380960
1448050381433
1448050381905
1448050382351
1448050382825
1448050383304
1448050383760
1448050384233
1448050384686
1448050385125
1448050385632
1448050386086
1448050386542
1448050387031
1448050387469
1448050387940
1448050388412
1448050388852
1448050389315
1448050389788
1448050390243
1448050390756
1448050391245
1448050391716
1448050392205
1448050392645
1448050393107
1448050393555
1448050394051
1448050394498
1448050394980
1448050395468
1448050395950
1448050396404
1448050396885
1448050397315
1448050397770
1448050398259
1448050398698
1448050399161
1448050399634
1448050400080
1448050400562
1448050401058
1448050401505
1448050401994
1448050402483
1448050402921
1448050403418
1448050403898
1448050404362
1448050404850
1448050405348
1448050405827
1448050406326
1448050406823
1448050407319
1448050407809
1448050408304
1448050408785
1448050409299
1448050409787
1448050410284
1448050410798
1448050411261
1448050411784
1448050412273
1448050412752
1448050413276
1448050413763
1448050414277
1448050414816
1448050415313
1448050415802
1448050416289
1448050416788
1448050417301
1448050417823
1448050418296
1448050418783
1448050419272
1448050419727
1448050420191
1448050420713
1448050421185
1448050421684
1448050422213
1448050422719
1448050423216
1448050423755
1448050424227
1448050424748
1448050425280
1448050425759
1448050426247
1448050426729
1448050427250
1448050427732
1448050428220
1448050428708
1448050429198
1448050429659
1448050430182
1448050430679
1448050431175
1448050431690
1448050432187
1448050432700
1448050433206
1448050433719
1448050434217
1448050434722
1448050435168
1448050435675
1448050436146
1448050436659
1448050437148
1448050437670
1448050438227
1448050438755
1448050439244
1448050439750
1448050440271
1448050440744
1448050441248
1448050441721
1448050442236
1448050442723
1448050443229
1448050443701
1448050444199
1448050444679
1448050445150
1448050445648
1448050446111
1448050446575
1448050447064
1448050447510
1448050447992
1448050448497
1448050448952
1448050449466
1448050449929
1448050450408
1448050450906
1448050451378
1448050451866
1448050452347
1448050452803
1448050453333
1448050453788
1448050454260
1448050454757
1448050455213
1448050455701
1448050456173
1448050456627
1448050457133
1448050457564
1448050458035
1448050458499
1448050458929
1448050459418
1448050459865
1448050460310
1448050460800
1448050461247
1448050461735
1448050462191
1448050462646
1448050463118
1448050463573
1448050464062
1448050464517
1448050464972
1448050465453
1448050465891
1448050466380
1448050466834
1448050467281
1448050467770
1448050468300
1448050468754
1448050469226
1448050469716
1448050470187
1448050470659
1448050471123
1448050471570
1448050472050
1448050472530
1448050472985
1448050473434
1448050473922
1448050474377
1448050474859
1448050475338
1448050475793
1448050476323
1448050476779
1448050477269
1448050477764
1448050478245
1448050478701
1448050479205
1448050479661
1448050480157
1448050480622
1448050481060
1448050481540
1448050482054
1448050482509
1448050483006
1448050483519
1448050483975
1448050484497
1448050484960
1448050485442
1448050485972
1448050486485
1448050486957
1448050487470
1448050487942
1448050488438
1448050488945
1448050489433
1448050489956
1448050490428
1448050490915
1448050491429
1448050491893
1448050492406
1448050492903
1448050493374
1448050493880
1448050494371
1448050494866
1448050495371
1448050495826
1448050496290
1448050496812
1448050497302
1448050497798
1448050498386
1448050498833
1448050499348
1448050499854
1448050500368
1448050500839
1448050501346
1448050501859
1448050502357
1448050502819
1448050503334
1448050503790
1448050504287
1448050504792
1448050505264
1448050505802
1448050506282
1448050506780
1448050507301
1448050507781
1448050508286
1448050508792
1448050509281
1448050509802
1448050510308
1448050510813
1448050511318
1448050511824
1448050512353
1448050512817
1448050513347
1448050513861
1448050514341
1448050514879
1448050515352
1448050515848
1448050516368
1448050516826
1448050517339
1448050517828
1448050518299
1448050518813
1448050519284
1448050519773
1448050520271
1448050520742
1448050521256
1448050521736
1448050522233
1448050522738
1448050523226
1448050523724
1448050524212
1448050524676
1448050525206
1448050525661
1448050526144
1448050526690
1448050527171
1448050527668
1448050528281
1448050528787
1448050529250
1448050529745
1448050530234
1448050530708
1448050531230
1448050531708
1448050532182
1448050532702
1448050533207
1448050533672
1448050534184
1448050534684
1448050535189
1448050535709
1448050536208
1448050536719
1448050537202
1448050537699
1448050538202
1448050538716
1448050539189
1448050539652
1448050540140
1448050540647
1448050541120
1448050541647
1448050542120
1448050542602
1448050543088
1448050543563
1448050544076
1448050544547
1448050545012
1448050545523
1448050545987
1448050546510
1448050546981
1448050547470
1448050547975
1448050548456
1448050548955
1448050549435
1448050549958
1448050550444
1448050550943
1448050551380
1448050551885
1448050552375
1448050552855
1448050553344
1448050553825
1448050554321
1448050554779
1448050555275
1448050555746
1448050556219
1448050556732
1448050557255
1448050557744
1448050558281
1448050558788
1448050559291
1448050559747
1448050560227
1448050560718
1448050561171
1448050561667
1448050562166
1448050562636
1448050563125
1448050563623
1448050564094
1448050564591
1448050565082
1448050565560
1448050566085
1448050566531
1448050567026
1448050567533
1448050567989
1448050568487
1448050568991
1448050569447
1448050569969
1448050570464
1448050570928
1448050571457
1448050571946
1448050572435
1448050572959
1448050573471
1448050573927
1448050574415
1448050574887
1448050575369
1448050575882
1448050576360
1448050576833
1448050577316
1448050577811
1448050578326
1448050578803
1448050579294
1448050579783
1448050580288
1448050580778
1448050581298
1448050581787
1448050582276
1448050582806
1448050583288
1448050583809
1448050584339
1448050584803
1448050585283
1448050585780
1448050586285
1448050586766
1448050587280
1448050587718
1448050588190
1448050588713
1448050589184
1448050589698
1448050590219
1448050590700
1448050591181
1448050591711
1448050592211
1448050592747
1448050593270
1448050593751
1448050594237
1448050594751
1448050595223
1448050595728
1448050596211
1448050596714
1448050597161
1448050597666
1448050598147
1448050598627
1448050599174
1448050599696
1448050600193
1448050600682
1448050601131
1448050601586
1448050602109
1448050602580
1448050603100
1448050603605
1448050604085
1448050604607
1448050605089
1448050605538
1448050606044
1448050606548
1448050607027
1448050607500
1448050607999
1448050608504
1448050608990
1448050609479
1448050609975
1448050610431
1448050610871
1448050611391
1448050611847
1448050612343
1448050612807
1448050613265
1448050613784
1448050614240
1448050614694
1448050615192
1448050615681
1448050616127
1448050616609
1448050617063
1448050617536
1448050618019
1448050618565
1448050619036
1448050619499
1448050619956
1448050620412
1448050620876
1448050621370
1448050621845
1448050622325
1448050622795
1448050623291
1448050623766
1448050624247
1448050624743
1448050625224
1448050625701
1448050626182
1448050626663
1448050627145
1448050627614
1448050628069
1448050628567
1448050629022
1448050629485
1448050629974
1448050630412
1448050630847
1448050631350
1448050631821
1448050632277
1448050632782
1448050633238
1448050633719
1448050634215
1448050634687
1448050635175
1448050635639
1448050636095
1448050636558
1448050637033
1448050637477
1448050637933
1448050638398
1448050638862
1448050639368
1448050639828
1448050640300
1448050640765
1448050641244
1448050641711
1448050642180
1448050642652
1448050643107
1448050643579
1448050644046
1448050644523
1448050644987
1448050645420
1448050645925
1448050646403
1448050646850
1448050647339
1448050647822
1448050648249
1448050648797
1448050649235
1448050649718
1448050650189
1448050650644
1448050651141
1448050651604
1448050652053
1448050652575
1448050653019
1448050653500
1448050654008
1448050654502
1448050654951
1448050655448
1448050655944
1448050656433
1448050656905
1448050657360
1448050657857
1448050658329
1448050658776
1448050659267
1448050659695
1448050660167
1448050660647
1448050661104
1448050661608
1448050662115
1448050662577
1448050663051
1448050663558
1448050664043
1448050664533
1448050665023
1448050665526
1448050665973
1448050666445
1448050666903
1448050667380
1448050667861
1448050668325
1448050668823
1448050669285
1448050669790
1448050670290
1448050670794
1448050671290
1448050671764
1448050672251
1448050672740
1448050673203
1448050673691
1448050674180
1448050674653
1448050675124
1448050675615
1448050676076
1448050676574
1448050677021
1448050677492
1448050677981
1448050678444
1448050678908
1448050679414
1448050679854
1448050680342
1448050680846
1448050681320
1448050681784
1448050682297
1448050682744
1448050683216
1448050683713
1448050684169
1448050684635
1448050685131
1448050685585
1448050686076
1448050686572
1448050687017
1448050687506
1448050687997
1448050688441
1448050688949
1448050689402
1448050689874
1448050690370
1448050690819
1448050691315
1448050691787
1448050692309
1448050692814
1448050693323
1448050693850
1448050694313
1448050694802
1448050695276
1448050695746
1448050696220
1448050696698
1448050697207
1448050697651
1448050698114
1448050698615
1448050699061
1448050699547
1448050700027
1448050700492
1448050700980
1448050701443
1448050701874
1448050702354
1448050702854
1448050703315
1448050703823
1448050704287
1448050704768
1448050705264
1448050705753
1448050706199
1448050706715
1448050707212
1448050707639
1448050708106
1448050708611
1448050709089
1448050709553
1448050710051
1448050710548
1448050711053
1448050711490
1448050711983
1448050712467
1448050712934
1448050713419
1448050713892
1448050714341
1448050714786
1448050715250
1448050715680
1448050716102
1448050716600
1448050717054
1448050717535
1448050717999
1448050718487
1448050718993
1448050719464
1448050719937
1448050720400
1448050720855
1448050721336
1448050721808
1448050722280
1448050722736
1448050723243
1448050723705
1448050724163
1448050724610
1448050725090
1448050725560
1448050726065
1448050726495
1448050726971
1448050727426
1448050727881
1448050728325
1448050728821
1448050729261
1448050729766
1448050730206
1448050730662
1448050731127
1448050731556
1448050732037
1448050732536
1448050732981
1448050733440
1448050733876
1448050734372
1448050734818
1448050735299
1448050735788
1448050736268
1448050736727
1448050737204
1448050737703
1448050738181
1448050738744
1448050739233
1448050739717
1448050740194
1448050740691
1448050741171
1448050741685
1448050742123
1448050742554
1448050743026
1448050743539
1448050744020
1448050744500
1448050744956
1448050745431
1448050745891
1448050746388
1448050746843
1448050747357
1448050747850
1448050748304
1448050748810
1448050749272
1448050749777
1448050750276
1448050750736
1448050751216
1448050751682
1448050752143
1448050752668
1448050753147
1448050753643
1448050754157
1448050754637
1448050755120
1448050755617
1448050756094
1448050756602
1448050757118
1448050757579
1448050758067
1448050758581
1448050759078
1448050759591
1448050760097
1448050760577
1448050761093
1448050761588
1448050762080
1448050762574
1448050763072
1448050763576
1448050764098
1448050764628
1448050765136
1448050765640
1448050766144
1448050766641
1448050767171
1448050767668
1448050768156
1448050768729
1448050769204
1448050769708
1448050770245
1448050770708
1448050771199
1448050771711
1448050772174
1448050772696
1448050773192
1448050773681
1448050774212
1448050774719
1448050775190
1448050775710
1448050776191
1448050776705
1448050777202
1448050777699
1448050778195
1448050778684
1448050779198
1448050779703
1448050780225
1448050780763
1448050781261
1448050781766
1448050782304
1448050782796
1448050783322
1448050783865
1448050784347
1448050784817
1448050785321
1448050785812
1448050786298
1448050786821
1448050787292
1448050787781
1448050788311
1448050788792
1448050789306
1448050789827
1448050790316
1448050790830
1448050791335
1448050791841
1448050792321
1448050792843
1448050793339
1448050793874
1448050794379
1448050794892
1448050795388
1448050795902
1448050796438
1448050796935
1448050797426
1448050797966
1448050798417
1448050798973
1448050799495
1448050799970
1448050800472
1448050800960
1448050801440
1448050801963
1448050802468
1448050802957
1448050803454
1448050803984
1448050804448
1448050804971
1448050805469
1448050805933
1448050806469
1448050806991
1448050807487
1448050807993
1448050808448
1448050808937
1448050809409
1448050809889
1448050810353
1448050810882
1448050811381
1448050811887
1448050812384
1448050812901
1448050813432
1448050813924
1448050814422
1448050814902
1448050815415
1448050815892
1448050816387
1448050816881
1448050817378
1448050817900
1448050818372
1448050818881
1448050819391
1448050819866
1448050820385
1448050820860
1448050821370
1448050821917
1448050822389
1448050822870
1448050823395
1448050823859
1448050824380
1448050824893
1448050825382
1448050825913
1448050826389
1448050826913
