1448046591466
1448046593595
1448046594074
1448046594572
1448046595036
1448046595557
1448046596021
1448046596543
1448046597040
1448046597571
1448046598067
1448046598540
1448046599028
1448046599492
1448046599955
1448046600469
1448046600966
1448046601429
1448046601960
1448046602449
1448046602920
1448046603426
1448046603881
1448046604387
1448046604869
1448046605357
1448046605845
1448046606350
1448046606822
1448046607395
1448046607900
1448046608372
1448046608877
1448046609383
1448046609863
1448046610367
1448046610873
1448046611354
1448046611876
1448046612348
1448046612819
1448046613325
1448046613814
1448046614294
1448046614808
1448046615280
1448046615760
1448046616241
1448046616720
1448046617226
1448046617740
1448046618204
1448046618726
1448046619197
1448046619636
1448046620157
1448046620680
1448046621152
1448046621665
1448046622238
1448046622727
1448046623232
1448046623729
1448046624192
1448046624715
1448046625196
1448046625642
1448046626181
1448046626661
1448046627150
1448046627673
1448046628127
1448046628641
1448046629121
1448046629585
1448046630082
1448046630562
1448046631044
1448046631566
1448046632047
1448046632510
1448046632998
1448046633454
1448046633975
1448046634481
1448046634978
1448046635474
1448046635948
1448046636427
1448046637041
1448046637513
1448046637968
1448046638482
1448046638970
1448046639476
1448046639964
1448046640478
1448046640925
1448046641430
1448046641936
1448046642408
1448046642921
1448046643402
1448046643891
1448046644370
1448046644851
1448046645372
1448046645845
1448046646343
1448046646781
1448046647269
1448046647766
1448046648263
1448046648752
1448046649282
1448046649770
1448046650267
1448046650765
1448046651254
1448046651766
1448046652264
1448046652710
1448046653208
1448046653680
1448046654160
1448046654616
1448046655113
1448046655535
1448046656041
1448046656537
1448046657052
1448046657532
1448046658063
1448046658535
1448046659056
1448046659579
1448046660050
1448046660548
1448046661046
1448046661509
1448046662005
1448046662494
1448046662966
1448046663472
1448046663968
1448046664457
1448046664962
1448046665434
1448046665906
1448046666394
1448046666901
1448046667497
1448046667994
1448046668483
1448046668963
1448046669452
1448046669949
1448046670437
1448046670926
1448046671423
1448046671920
1448046672384
1448046672881
1448046673353
1448046673824
1448046674271
1448046674777
1448046675290
1448046675771
1448046676260
1448046676765
1448046677246
1448046677743
1448046678240
1448046678745
1448046679266
1448046679730
1448046680244
1448046680750
1448046681263
1448046681777
1448046682275
1448046682804
1448046683328
1448046683792
1448046684313
1448046684819
1448046685306
1448046685812
1448046686318
1448046686790
1448046687286
1448046687759
1448046688264
1448046688728
1448046689216
1448046689688
1448046690160
1448046690641
1448046691130
1448046691610
1448046692098
1448046692587
1448046693042
1448046693549
1448046694045
1448046694526
1448046695072
1448046695586
1448046696058
1448046696587
1448046697119
1448046697590
1448046698128
1448046698592
1448046699064
1448046699586
1448046700041
1448046700530
1448046701036
1448046701507
1448046702021
1448046702509
1448046703023
1448046703504
1448046704000
1448046704506
1448046704960
1448046705466
1448046705938
1448046706409
1448046706941
1448046707412
1448046707884
1448046708407
1448046708878
1448046709394
1448046709898
1448046710421
1448046710902
1448046711406
1448046711903
1448046712376
1448046712881
1448046713362
1448046713817
1448046714314
1448046714811
1448046715291
1448046715780
1448046716243
1448046716716
1448046717255
1448046717726
1448046718231
1448046718728
1448046719200
1448046719723
1448046720252
1448046720733
1448046721238
1448046721727
1448046722249
1448046722771
1448046723259
1448046723781
1448046724270
1448046724775
1448046725297
1448046725770
1448046726291
1448046726813
1448046727327
1448046727856
1448046728337
1448046728792
1448046729314
1448046729794
1448046730282
1448046730805
1448046731285
1448046731757
1448046732263
1448046732752
1448046733249
1448046733745
1448046734226
1448046734732
1448046735245
1448046735735
1448046736214
1448046736720
1448046737209
1448046737697
1448046738187
1448046738682
1448046739196
1448046739669
1448046740157
1448046740671
1448046741117
1448046741647
1448046742120
1448046742591
1448046743097
1448046743568
1448046744074
1448046744596
1448046745034
1448046745523
1448046746036
1448046746542
1448046747022
1448046747569
1448046748058
1448046748538
1448046749060
1448046749525
1448046749996
1448046750518
1448046750981
1448046751487
1448046751975
1448046752463
1448046752952
1448046753433
1448046753913
1448046754436
1448046754915
1448046755404
1448046755893
1448046756373
1448046756870
1448046757400
1448046757872
1448046758368
1448046758866
1448046759339
1448046759843
1448046760349
1448046760845
1448046761292
1448046761790
1448046762311
1448046762827
1448046763307
1448046763820
1448046764301
1448046764773
1448046765286
1448046765749
1448046766264
1448046766778
1448046767249
1448046767763
1448046768284
1448046768757
1448046769271
1448046769792
1448046770282
1448046770803
1448046771292
1448046771789
1448046772311
1448046772816
1448046773315
1448046773852
1448046774332
1448046774837
1448046775343
1448046775823
1448046776328
1448046776851
1448046777306
1448046777811
1448046778300
1448046778780
1448046779293
1448046779782
1448046780271
1448046780785
1448046781256
1448046781770
1448046782291
1448046782797
1448046783310
1448046783807
1448046784313
1448046784834
1448046785323
1448046785836
1448046786350
1448046786822
1448046787427
1448046787907
1448046788362
1448046788884
1448046789366
1448046789829
1448046790326
1448046790781
1448046791253
1448046791734
1448046792213
1448046792694
1448046793216
1448046793671
1448046794193
1448046794706
1448046795170
1448046795675
1448046796180
1448046796653
1448046797182
1448046797663
1448046798151
1448046798673
1448046799161
1448046799659
1448046800155
1448046800653
1448046801157
1448046801645
1448046802143
1448046802657
1448046803137
1448046803634
1448046804122
1448046804603
1448046805133
1448046805605
1448046806094
1448046806624
1448046807079
1448046807601
1448046808098
1448046808578
1448046809108
1448046809605
1448046810111
1448046810624
1448046811113
1448046811634
1448046812123
1448046812628
1448046813066
1448046813589
1448046814077
1448046814549
1448046815070
1448046815543
1448046816049
1448046816571
1448046817068
1448046817615
1448046818111
1448046818633
1448046819088
1448046819593
1448046820082
1448046820588
1448046821110
1448046821623
1448046822128
1448046822633
1448046823155
1448046823677
1448046824199
1448046824705
1448046825225
1448046825698
1448046826179
1448046826699
1448046827188
1448046827727
1448046828240
1448046828713
1448046829217
1448046829698
1448046830202
1448046830733
1448046831222
1448046831727
1448046832300
1448046832771
1448046833277
1448046833781
1448046834245
1448046834759
1448046835264
1448046835744
1448046836257
1448046836721
1448046837235
1448046837723
1448046838195
1448046838708
1448046839197
1448046839686
1448046840149
1448046840621
1448046841126
1448046841632
1448046842096
1448046842592
1448046843049
1448046843537
1448046844042
1448046844514
1448046845011
1448046845509
1448046845988
1448046846502
1448046846991
1448046847538
1448046848051
1448046848531
1448046849019
1448046849532
1448046849988
1448046850493
1448046850990
1448046851470
1448046852008
1448046852489
1448046852970
1448046853491
1448046853971
1448046854434
1448046854948
1448046855470
1448046855993
1448046856498
1448046856985
1448046857483
1448046857980
1448046858493
1448046858974
1448046859478
1448046859975
1448046860448
1448046860994
1448046861516
1448046862029
1448046862568
1448046863040
1448046863562
1448046864034
1448046864489
1448046864995
1448046865500
1448046865963
1448046866460
1448046866949
1448046867438
1448046867943
1448046868423
1448046868896
1448046869425
1448046869931
1448046870403
1448046870909
1448046871381
1448046871902
1448046872382
1448046872904
1448046873409
1448046873891
1448046874404
1448046874908
1448046875405
1448046875936
1448046876399
1448046876896
1448046877476
1448046877972
1448046878461
1448046878999
1448046879447
1448046879961
1448046880482
1448046880954
1448046881442
1448046881965
1448046882438
1448046882950
1448046883447
1448046883902
1448046884408
1448046884939
1448046885402
1448046885882
1448046886420
1448046886884
1448046887382
1448046887870
1448046888335
1448046888832
1448046889312
1448046889776
1448046890281
1448046890770
1448046891267
1448046891772
1448046892285
1448046892783
1448046893272
1448046893776
1448046894281
1448046894796
1448046895275
1448046895781
1448046896297
1448046896776
1448046897265
1448046897761
1448046898292
1448046898814
1448046899302
1448046899766
1448046900287
1448046900786
1448046901241
1448046901771
1448046902285
1448046902783
1448046903279
1448046903744
1448046904247
1448046904753
1448046905267
1448046905764
1448046906286
1448046906766
1448046907246
1448046907768
1448046908307
1448046908779
1448046909317
1448046909814
1448046910329
1448046910808
1448046911306
1448046911810
1448046912336
1448046912897
1448046913418
1448046913907
1448046914404
1448046914901
1448046915380
1448046915903
1448046916383
1448046916880
1448046917394
1448046917856
1448046918370
1448046918868
1448046919331
1448046919853
1448046920316
1448046920813
1448046921319
1448046921840
1448046922329
1448046922859
1448046923358
1448046923839
1448046924327
1448046924858
1448046925312
1448046925818
1448046926323
1448046926778
1448046927308
1448046927788
1448046928277
1448046928774
1448046929246
1448046929751
1448046930248
1448046930753
1448046931241
1448046931764
1448046932236
1448046932741
1448046933246
1448046933692
1448046934198
1448046934687
1448046935158
1448046935664
1448046936135
1448046936616
1448046937113
1448046937584
1448046938090
1448046938570
1448046939059
1448046939556
1448046940019
1448046940516
1448046941004
1448046941468
1448046941982
1448046942521
1448046943025
1448046943538
1448046944044
1448046944549
1448046945063
1448046945585
1448046946074
1448046946562
1448046947018
1448046947489
1448046948003
1448046948458
1448046948956
1448046949445
1448046949951
1448046950423
1448046950970
1448046951466
1448046951955
1448046952485
1448046952950
1448046953437
1448046953926
1448046954424
1448046954945
1448046955451
1448046955923
1448046956429
1448046956917
1448046957405
1448046957894
1448046958390
1448046958863
1448046959369
1448046959856
1448046960337
1448046960808
1448046961305
1448046961787
1448046962258
1448046962747
1448046963270
1448046963733
1448046964256
1448046964776
1448046965241
1448046965754
1448046966276
1448046966774
1448046967294
1448046967809
1448046968290
1448046968803
1448046969308
1448046969787
1448046970318
1448046970815
1448046971271
1448046971801
1448046972306
1448046972778
1448046973301
1448046973814
1448046974319
1448046974816
1448046975304
1448046975794
1448046976315
1448046976831
1448046977302
1448046977849
1448046978355
1448046978818
1448046979315
1448046979829
1448046980326
1448046980823
1448046981328
1448046981818
1448046982316
1448046982803
1448046983283
1448046983796
1448046984286
1448046984775
1448046985288
1448046985794
1448046986307
1448046986796
1448046987294
1448046987807
1448046988286
1448046988774
1448046989298
1448046989753
1448046990257
1448046990771
1448046991227
1448046991741
1448046992237
1448046992700
1448046993198
1448046993694
1448046994166
1448046994723
1448046995227
1448046995707
1448046996229
1448046996718
1448046997190
1448046997704
1448046998184
1448046998672
1448046999228
1448046999717
1448047000213
1448047000727
1448047001208
1448047001712
1448047002260
1448047002773
1448047003263
1448047003759
1448047004240
1448047004712
1448047005217
1448047005731
1448047006211
1448047006674
1448047007162
1448047007694
1448047008199
1448047008662
1448047009168
1448047009656
1448047010136
1448047010642
1448047011113
1448047011611
1448047012099
1448047012596
1448047013102
1448047013565
1448047014053
1448047014550
1448047014988
1448047015503
1448047015983
1448047016463
1448047017001
1448047017473
1448047017962
1448047018475
1448047018948
1448047019452
1448047019950
1448047020430
1448047020935
1448047021424
1448047021912
1448047022401
1448047022882
1448047023395
1448047023867
1448047024363
1448047024869
1448047025316
1448047025829
1448047026301
1448047026789
1448047027303
1448047027741
1448047028247
1448047028736
1448047029191
1448047029664
1448047030177
1448047030641
1448047031163
1448047031660
1448047032148
1448047032661
1448047033142
1448047033648
1448047034136
1448047034633
1448047035129
1448047035610
1448047036132
1448047036620
1448047037101
1448047037647
1448047038119
1448047038591
1448047039121
1448047039610
1448047040090
1448047040620
1448047041067
1448047041589
1448047042086
1448047042587
1448047043171
1448047043676
1448047044156
1448047044636
1448047045125
1448047045598
1448047046144
1448047046615
1448047047096
1448047047635
1448047048132
1448047048637
1448047049151
1448047049640
1448047050136
1448047050633
1448047051113
1448047051618
1448047052090
1448047052595
1448047053100
1448047053580
1448047054094
1448047054574
1448047055071
1448047055585
1448047056081
1448047056563
1448047057086
1448047057574
1448047058063
1448047058600
1448047059073
1448047059577
1448047060107
1448047060596
1448047061109
1448047061599
1448047062062
1448047062601
1448047063073
1448047063536
1448047064059
1448047064505
1448047064985
1448047065507
1448047065979
1448047066485
1448047066981
1448047067477
1448047068000
1448047068488
1448047068977
1448047069499
1448047069988
1448047070493
1448047071015
1448047071478
1448047071991
1448047072471
1448047072951
1448047073449
1448047073913
1448047074393
1448047074890
1448047075360
1448047075858
1448047076363
1448047076876
1448047077365
1448047077954
1448047078392
1448047078882
1448047079377
1448047079900
1448047080388
1448047080843
1448047081325
1448047081820
1448047082301
1448047082765
1448047083254
1448047083743
1448047084256
1448047084738
1448047085251
1448047085748
1448047086237
1448047086734
1448047087214
1448047087677
1448047088200
1448047088672
