1448049762166
1448049764308
1448049764800
1448049765306
1448049765836
1448049766316
1448049766842
1448049767351
1448049767848
1448049768395
1448049768884
1448049769389
1448049769947
1448049770449
1448049770947
1448049771486
1448049771949
1448049772453
1448049773009
1448049773476
1448049774014
1448049774520
1448049775006
1448049775520
1448049776035
1448049776534
1448049777123
1448049777627
1448049778141
1448049778621
1448049779143
1448049779640
1448049780127
1448049780676
1448049781189
1448049781710
1448049782216
1448049782744
1448049783243
1448049783763
1448049784262
1448049784767
1448049785322
1448049785793
1448049786316
1448049786836
1448049787316
1448049787846
1448049788336
1448049788816
1448049789321
1448049789785
1448049790300
1448049790796
1448049791260
1448049791774
1448049792319
1448049792800
1448049793305
1448049793769
1448049794283
1448049794763
1448049795219
1448049795749
1448049796195
1448049796693
1448049797189
1448049797651
1448049798184
1448049798663
1448049799150
1448049799649
1448049800144
1448049800658
1448049801156
1448049801653
1448049802173
1448049802647
1448049803158
1448049803683
1448049804154
1448049804677
1448049805166
1448049805628
1448049806158
1448049806638
1448049807242
1448049807739
1448049808260
1448049808760
1448049809280
1448049809794
1448049810290
1448049810813
1448049811317
1448049811798
1448049812336
1448049812808
1448049813307
1448049813831
1448049814292
1448049814796
1448049815311
1448049815773
1448049816270
1448049816792
1448049817314
1448049817778
1448049818308
1448049818796
1448049819306
1448049819807
1448049820312
1448049820817
1448049821298
1448049821837
1448049822333
1448049822839
1448049823335
1448049823866
1448049824363
1448049824884
1448049825407
1448049825928
1448049826387
1448049826856
1448049827381
1448049827869
1448049828396
1448049828893
1448049829399
1448049829924
1448049830436
1448049830924
1448049831413
1448049831930
1448049832440
1448049832915
1448049833444
1448049833931
1448049834445
1448049834941
1448049835430
1448049835947
1448049836459
1448049836967
1448049837552
1448049838061
1448049838561
1448049839069
1448049839589
1448049840128
1448049840609
1448049841129
1448049841678
1448049842158
1448049842678
1448049843175
1448049843656
1448049844188
1448049844666
1448049845181
1448049845710
1448049846206
1448049846695
1448049847210
1448049847722
1448049848219
1448049848774
1448049849248
1448049849787
1448049850290
1448049850754
1448049851291
1448049851797
1448049852296
1448049852835
1448049853363
1448049853834
1448049854306
1448049854795
1448049855308
1448049855855
1448049856352
1448049856874
1448049857362
1448049857848
1448049858388
1448049858871
1448049859385
1448049859906
1448049860404
1448049860942
1448049861460
1448049861928
1448049862474
1448049862988
1448049863468
1448049863998
1448049864533
1448049865046
1448049865567
1448049866044
1448049866574
1448049867165
1448049867643
1448049868190
1448049868703
1448049869187
1448049869664
1448049870186
1448049870699
1448049871179
1448049871660
1448049872199
1448049872687
1448049873184
1448049873689
1448049874177
1448049874707
1448049875188
1448049875693
1448049876206
1448049876715
1448049877216
1448049877749
1448049878253
1448049878791
1448049879280
1448049879809
1448049880348
1448049880829
1448049881370
1448049881890
1448049882361
1448049882866
1448049883397
1448049883860
1448049884382
1448049884895
1448049885396
1448049885892
1448049886438
1448049886927
1448049887423
1448049887939
1448049888402
1448049888940
1448049889429
1448049889924
1448049890447
1448049890951
1448049891415
1448049891954
1448049892442
1448049892966
1448049893461
1448049893933
1448049894464
1448049894952
1448049895457
1448049895962
1448049896476
1448049896956
1448049897528
1448049898008
1448049898521
1448049899019
1448049899487
1448049899983
1448049900459
1448049900952
1448049901472
1448049901959
1448049902476
1448049902953
1448049903449
1448049903963
1448049904496
1448049905006
1448049905520
1448049906035
1448049906515
1448049907045
1448049907532
1448049908021
1448049908568
1448049909057
1448049909570
1448049910100
1448049910597
1448049911140
1448049911611
1448049912104
1448049912586
1448049913083
1448049913580
1448049914087
1448049914565
1448049915082
1448049915606
1448049916103
1448049916612
1448049917093
1448049917601
1448049918095
1448049918567
1448049919056
1448049919569
1448049920016
1448049920560
1448049921018
1448049921501
1448049922015
1448049922534
1448049923040
1448049923555
1448049924025
1448049924556
1448049925060
1448049925558
1448049926071
1448049926560
1448049927098
1448049927678
1448049928176
1448049928672
1448049929153
1448049929675
1448049930190
1448049930694
1448049931207
1448049931721
1448049932193
1448049932723
1448049933220
1448049933716
1448049934222
1448049934661
1448049935166
1448049935693
1448049936159
1448049936632
1448049937154
1448049937617
1448049938130
1448049938610
1448049939099
1448049939607
1448049940137
1448049940609
1448049941164
1448049941673
1448049942159
1448049942726
1448049943240
1448049943701
1448049944238
1448049944712
1448049945219
1448049945728
1448049946203
1448049946714
1448049947219
1448049947732
1448049948246
1448049948734
1448049949244
1448049949737
1448049950251
1448049950783
1448049951263
1448049951763
1448049952264
1448049952757
1448049953266
1448049953775
1448049954262
1448049954799
1448049955305
1448049955802
1448049956358
1448049956861
1448049957413
1448049957967
1448049958461
1448049958952
1448049959501
1448049959985
1448049960490
1448049961000
1448049961452
1448049961966
1448049962487
1448049962958
1448049963472
1448049963985
1448049964457
1448049964979
1448049965501
1448049965990
1448049966531
1448049967043
1448049967535
1448049968054
1448049968559
1448049969047
1448049969561
1448049970050
1448049970563
1448049971052
1448049971557
1448049972062
1448049972593
1448049973123
1448049973625
1448049974125
1448049974625
1448049975169
1448049975666
1448049976183
1448049976718
1448049977215
1448049977748
1448049978267
1448049978773
1448049979303
1448049979834
1448049980314
1448049980852
1448049981358
1448049981824
1448049982369
1448049982866
1448049983321
1448049983884
1448049984364
1448049984870
1448049985417
1448049985930
1448049986419
1448049986974
1448049987554
1448049988068
1448049988598
1448049989078
1448049989596
1448049990106
1448049990597
1448049991132
1448049991630
1448049992143
1448049992657
1448049993146
1448049993689
1448049994210
1448049994704
1448049995194
1448049995699
1448049996212
1448049996754
1448049997283
1448049997745
1448049998242
1448049998772
1448049999261
1448049999807
1448050000312
1448050000827
1448050001381
1448050001895
1448050002417
1448050002922
1448050003419
1448050003966
1448050004471
1448050004962
1448050005473
1448050005999
1448050006526
1448050007048
1448050007561
1448050008079
1448050008593
1448050009156
1448050009641
1448050010162
1448050010718
1448050011215
1448050011720
1448050012259
1448050012730
1448050013221
1448050013758
1448050014205
1448050014727
1448050015267
1448050015754
1448050016262
1448050016789
1448050017278
1448050017833
1448050018342
1448050018853
1448050019370
1448050019863
1448050020385
1448050020874
1448050021397
1448050021894
1448050022374
1448050022862
1448050023393
1448050023932
1448050024429
1448050024951
1448050025448
1448050025986
1448050026525
1448050027005
1448050027510
1448050027998
1448050028487
1448050028968
1448050029473
1448050029970
1448050030458
1448050030989
1448050031512
1448050032050
1448050032522
1448050033045
1448050033574
1448050034071
1448050034585
1448050035074
1448050035553
1448050036067
1448050036573
1448050037082
1448050037600
1448050038097
1448050038627
1448050039141
1448050039613
1448050040127
1448050040642
1448050041087
1448050041618
1448050042131
1448050042625
1448050043159
1448050043665
1448050044144
1448050044703
1448050045205
1448050045695
1448050046251
1448050046742
1448050047237
1448050047840
1448050048322
1448050048793
1448050049324
1448050049840
1448050050320
1448050050857
1448050051356
1448050051855
1448050052365
1448050052902
1448050053428
1448050053963
1448050054460
1448050054991
1448050055482
1448050055981
1448050056516
1448050057028
1448050057566
1448050058080
1448050058603
1448050059124
1448050059638
1448050060111
1448050060662
1448050061179
1448050061667
1448050062173
1448050062737
1448050063217
1448050063756
1448050064227
1448050064708
1448050065222
1448050065710
1448050066232
1448050066737
1448050067251
1448050067755
1448050068269
1448050068775
1448050069288
1448050069831
1448050070370
1448050070845
1448050071386
1448050071922
1448050072386
1448050072936
1448050073414
1448050073913
1448050074433
1448050074912
1448050075446
1448050075987
1448050076521
1448050077001
1448050077615
1448050078086
1448050078567
1448050079073
1448050079552
1448050080033
1448050080571
1448050081085
1448050081574
1448050082104
1448050082593
1448050083108
1448050083630
1448050084112
1448050084616
1448050085147
1448050085625
1448050086138
1448050086627
1448050087123
1448050087612
1448050088117
1448050088631
1448050089095
1448050089616
1448050090130
1448050090593
1448050091123
1448050091596
1448050092067
1448050092631
1448050093098
1448050093604
1448050094131
1448050094594
1448050095119
1448050095633
1448050096118
1448050096631
1448050097148
1448050097643
1448050098147
1448050098672
1448050099191
1448050099671
1448050100177
1448050100690
1448050101175
1448050101739
1448050102256
1448050102772
1448050103260
1448050103794
1448050104274
1448050104759
1448050105257
1448050105712
1448050106226
1448050106759
1448050107228
1448050107769
1448050108308
1448050108788
1448050109352
1448050109866
1448050110361
1448050110895
1448050111390
1448050111895
1448050112409
1448050112924
1448050113403
1448050113943
1448050114428
1448050114927
1448050115442
1448050115918
1448050116408
1448050116912
1448050117412
1448050117917
1448050118406
1448050118936
1448050119406
1448050119921
1448050120426
1448050120881
1448050121420
1448050121915
1448050122386
1448050122944
1448050123415
1448050123914
1448050124449
1448050124929
1448050125463
1448050125973
1448050126488
1448050127011
1448050127522
1448050128002
1448050128541
1448050129065
1448050129569
1448050130075
1448050130574
1448050131085
1448050131599
1448050132098
1448050132618
1448050133108
1448050133628
1448050134143
1448050134613
1448050135137
1448050135641
1448050136112
1448050136652
1448050137122
1448050137720
1448050138268
1448050138748
1448050139293
1448050139807
1448050140307
1448050140841
1448050141341
1448050141861
1448050142375
1448050142890
1448050143419
1448050143924
1448050144453
1448050144943
1448050145442
1448050145947
1448050146458
1448050146947
1448050147501
1448050147991
1448050148505
1448050149035
1448050149490
1448050150029
1448050150525
1448050151005
1448050151534
1448050152014
1448050152504
1448050153043
1448050153523
1448050154023
1448050154527
1448050155013
1448050155537
1448050156027
1448050156531
1448050157051
1448050157550
1448050158081
1448050158601
1448050159100
1448050159639
1448050160144
1448050160674
1448050161213
1448050161703
1448050162247
1448050162742
1448050163232
1448050163786
1448050164276
1448050164790
1448050165310
1448050165819
1448050166354
1448050166834
1448050167333
1448050167878
1448050168358
1448050168867
1448050169372
1448050169876
1448050170406
1448050170895
1448050171416
1448050171915
1448050172400
1448050172940
1448050173395
1448050173919
1448050174430
1448050174919
1448050175449
1448050175923
1448050176403
1448050176942
1448050177403
1448050177884
1448050178432
1448050178927
1448050179506
1448050180030
1448050180535
1448050181039
1448050181539
1448050182059
1448050182590
1448050183093
1448050183622
1448050184122
1448050184641
1448050185175
1448050185681
1448050186195
1448050186715
1448050187205
1448050187744
1448050188224
1448050188735
1448050189249
1448050189723
1448050190243
1448050190749
1448050191228
1448050191758
1448050192238
1448050192743
1448050193251
1448050193737
1448050194252
1448050194747
1448050195237
1448050195760
1448050196246
1448050196770
1448050197275
1448050197906
1448050198451
1448050198941
1448050199481
1448050199991
1448050200490
1448050201044
1448050201538
1448050202044
1448050202577
1448050203082
1448050203612
1448050204136
1448050204641
1448050205180
1448050205685
1448050206204
1448050206709
1448050207208
1448050207753
1448050208243
1448050208772
1448050209277
1448050209757
1448050210296
1448050210786
1448050211281
1448050211820
1448050212266
1448050212824
1448050213340
1448050213820
1448050214325
1448050214835
1448050215310
1448050215830
1448050216334
1448050216839
1448050217353
1448050217858
1448050218373
1448050218877
1448050219382
1448050219915
1448050220377
1448050220906
1448050221420
1448050221920
1448050222474
1448050222979
1448050223474
1448050224023
1448050224503
1448050225042
1448050225556
1448050226061
1448050226566
1448050227071
1448050227609
1448050228130
1448050228619
1448050229124
1448050229614
1448050230143
1448050230648
1448050231118
1448050231627
1448050232132
1448050232603
1448050233142
1448050233603
1448050234092
1448050234622
1448050235096
1448050235607
1448050236097
1448050236586
1448050237100
1448050237571
1448050238095
1448050238600
1448050239105
1448050239634
1448050240114
1448050240655
1448050241193
1448050241689
1448050242203
1448050242723
1448050243198
1448050243742
1448050244266
1448050244756
1448050245285
1448050245790
1448050246310
1448050246815
1448050247314
1448050247834
1448050248314
1448050248838
1448050249352
1448050249838
1448050250387
1448050250867
1448050251371
1448050251901
1448050252375
1448050252911
1448050253400
1448050253880
1448050254429
1448050254909
1448050255429
1448050255953
1448050256433
1448050256963
1448050257478
1448050258105
1448050258585
1448050259140
1448050259624
1448050260119
1448050260668
1448050261147
1448050261658
1448050262182
1448050262652
1448050263177
1448050263662
1448050264192
1448050264676
1448050265196
1448050265701
1448050266180
1448050266735
1448050267209
1448050267705
1448050268210
1448050268715
1448050269195
1448050269744
1448050270233
1448050270754
1448050271292
1448050271782
