1448055637101
1448055639171
1448055639644
1448055640082
1448055640563
1448055641026
1448055641481
1448055641970
1448055642408
1448055642889
1448055643369
1448055643816
1448055644305
1448055644777
1448055645207
1448055645696
1448055646142
1448055646598
1448055647079
1448055647550
1448055648023
1448055648502
1448055648975
1448055649455
1448055649943
1448055650432
1448055650937
1448055651393
1448055651874
1448055652362
1448055652834
1448055653281
1448055653769
1448055654209
1448055654663
1448055655136
1448055655582
1448055656055
1448055656510
1448055656973
1448055657446
1448055657909
1448055658356
1448055658828
1448055659291
1448055659739
1448055660244
1448055660690
1448055661171
1448055661651
1448055662142
1448055662597
1448055663086
1448055663533
1448055663996
1448055664485
1448055664940
1448055665387
1448055665851
1448055666298
1448055666820
1448055667301
1448055667731
1448055668220
1448055668699
1448055669155
1448055669643
1448055670099
1448055670554
1448055671026
1448055671549
1448055672013
1448055672492
1448055672931
1448055673411
1448055673892
1448055674347
1448055674844
1448055675316
1448055675787
1448055676276
1448055676723
1448055677211
1448055677659
1448055678122
1448055678602
1448055679023
1448055679513
1448055679968
1448055680406
1448055680887
1448055681325
1448055681772
1448055682244
1448055682691
1448055683180
1448055683626
1448055684090
1448055684562
1448055685009
1448055685497
1448055685952
1448055686408
1448055686890
1448055687344
1448055687808
1448055688305
1448055688752
1448055689249
1448055689721
1448055690176
1448055690681
1448055691136
1448055691608
1448055692105
1448055692561
1448055693049
1448055693512
1448055693984
1448055694473
1448055694937
1448055695425
1448055695889
1448055696352
1448055696857
1448055697288
1448055697776
1448055698240
1448055698678
1448055699184
1448055699639
1448055700094
1448055700599
1448055701037
1448055701568
1448055702065
1448055702537
1448055703042
1448055703522
1448055703994
1448055704458
1448055704971
1448055705460
1448055705973
1448055706463
1448055706918
1448055707381
1448055707879
1448055708400
1448055708847
1448055709320
1448055709783
1448055710247
1448055710777
1448055711274
1448055711763
1448055712252
1448055712734
1448055713255
1448055713735
1448055714241
1448055714746
1448055715218
1448055715739
1448055716253
1448055716717
1448055717255
1448055717736
1448055718215
1448055718738
1448055719201
1448055719681
1448055720145
1448055720608
1448055721097
1448055721593
1448055722032
1448055722546
1448055723026
1448055723506
1448055724019
1448055724517
1448055724997
1448055725502
1448055725982
1448055726504
1448055727060
1448055727523
1448055728011
1448055728501
1448055729013
1448055729527
1448055730016
1448055730496
1448055730985
1448055731473
1448055732037
1448055732501
1448055733030
1448055733502
1448055733982
1448055734471
1448055734960
1448055735448
1448055735954
1448055736408
1448055736897
1448055737394
1448055737882
1448055738396
1448055738884
1448055739383
1448055739904
1448055740393
1448055740865
1448055741387
1448055741892
1448055742397
1448055742894
1448055743392
1448055743871
1448055744344
1448055744798
1448055745304
1448055745768
1448055746239
1448055746736
1448055747174
1448055747638
1448055748110
1448055748565
1448055749046
1448055749467
1448055749956
1448055750427
1448055750866
1448055751355
1448055751818
1448055752282
1448055752754
1448055753201
1448055753690
1448055754153
1448055754609
1448055755097
1448055755586
1448055756041
1448055756546
1448055757043
1448055757507
1448055757996
1448055758443
1448055758948
1448055759420
1448055759858
1448055760356
1448055760828
1448055761266
1448055761847
1448055762311
1448055762765
1448055763263
1448055763709
1448055764181
1448055764680
1448055765168
1448055765641
1448055766162
1448055766618
1448055767090
1448055767578
1448055768034
1448055768514
1448055769011
1448055769467
1448055769955
1448055770469
1448055770907
1448055771362
1448055771852
1448055772331
1448055772762
1448055773233
1448055773739
1448055774211
1448055774691
1448055775138
1448055775618
1448055776107
1448055776588
1448055777043
1448055777515
1448055778020
1448055778475
1448055778964
1448055779411
1448055779875
1448055780388
1448055780877
1448055781332
1448055781795
1448055782251
1448055782722
1448055783228
1448055783667
1448055784163
1448055784635
1448055785107
1448055785587
1448055786060
1448055786531
1448055787037
1448055787492
1448055787964
1448055788428
1448055788883
1448055789372
1448055789818
1448055790284
1448055790748
1448055791253
1448055791809
1448055792280
1448055792769
1448055793216
1448055793704
1448055794168
1448055794607
1448055795071
1448055795526
1448055795981
1448055796478
1448055796950
1448055797389
1448055797886
1448055798358
1448055798822
1448055799301
1448055799740
1448055800213
1448055800693
1448055801157
1448055801662
1448055802142
1448055802623
1448055803136
1448055803600
1448055804046
1448055804560
1448055805008
1448055805462
1448055805976
1448055806415
1448055806887
1448055807384
1448055807822
1448055808303
1448055808817
1448055809264
1448055809736
1448055810232
1448055810680
1448055811177
1448055811665
1448055812129
1448055812617
1448055813115
1448055813579
1448055814083
1448055814581
1448055815036
1448055815477
1448055815982
1448055816412
1448055816901
1448055817423
1448055817853
1448055818342
1448055818864
1448055819311
1448055819791
1448055820297
1448055820719
1448055821207
1448055821763
1448055822211
1448055822699
1448055823179
1448055823634
1448055824115
1448055824596
1448055825042
1448055825514
1448055825994
1448055826450
1448055826922
1448055827435
1448055827883
1448055828354
1448055828818
1448055829282
1448055829728
1448055830217
1448055830705
1448055831153
1448055831650
1448055832096
1448055832552
1448055833041
1448055833496
1448055834010
1448055834473
1448055834946
1448055835434
1448055835923
1448055836437
1448055836933
1448055837456
1448055837985
1448055838441
1448055838955
1448055839451
1448055839932
1448055840428
1448055840927
1448055841416
1448055841896
1448055842418
1448055842881
1448055843354
1448055843876
1448055844347
1448055844836
1448055845374
1448055845830
1448055846336
1448055846857
1448055847321
1448055847834
1448055848365
1448055848837
1448055849367
1448055849872
1448055850344
1448055850858
1448055851355
1448055851943
1448055852449
1448055852921
1448055853409
1448055853932
1448055854403
1448055854901
1448055855415
1448055855886
1448055856417
1448055856913
1448055857394
1448055857899
1448055858371
1448055858868
1448055859365
1448055859854
1448055860368
1448055860864
1448055861370
1448055861891
1448055862389
1448055862869
1448055863382
1448055863880
1448055864360
1448055864899
1448055865362
1448055865842
1448055866397
1448055866860
1448055867341
1448055867815
1448055868320
1448055868793
1448055869289
1448055869786
1448055870309
1448055870797
1448055871277
1448055871750
1448055872238
1448055872744
1448055873282
1448055873754
1448055874267
1448055874789
1448055875262
1448055875783
1448055876280
1448055876743
1448055877299
1448055877788
1448055878251
1448055878774
1448055879228
1448055879717
1448055880223
1448055880686
1448055881158
1448055881639
1448055882102
1448055882583
1448055883054
1448055883543
1448055884016
1448055884470
1448055884943
1448055885406
1448055885870
1448055886359
1448055886855
1448055887319
1448055887816
1448055888271
1448055888735
1448055889232
1448055889679
1448055890175
1448055890664
1448055891112
1448055891616
1448055892089
1448055892535
1448055892991
1448055893440
1448055893878
1448055894375
1448055894863
1448055895302
1448055895783
1448055896246
1448055896702
1448055897173
1448055897637
1448055898109
1448055898572
1448055899070
1448055899558
1448055899997
1448055900478
1448055900949
1448055901388
1448055901902
1448055902366
1448055902821
1448055903309
1448055903798
1448055904245
1448055904767
1448055905247
1448055905652
1448055906125
1448055906579
1448055907060
1448055907566
1448055908004
1448055908451
1448055908955
1448055909394
1448055909875
1448055910363
1448055910819
1448055911323
1448055911812
1448055912268
1448055912772
1448055913236
1448055913699
1448055914188
1448055914619
1448055915099
1448055915554
1448055916034
1448055916531
1448055917061
1448055917542
1448055918022
1448055918493
1448055918967
1448055919438
1448055919894
1448055920383
1448055920846
1448055921285
1448055921731
1448055922170
1448055922676
1448055923155
1448055923603
1448055924091
1448055924571
1448055925027
1448055925531
1448055925987
1448055926450
1448055926939
1448055927378
1448055927866
1448055928321
1448055928776
1448055929257
1448055929686
1448055930159
1448055930606
1448055931061
1448055931558
1448055932013
1448055932477
1448055932957
1448055933379
1448055933851
1448055934306
1448055934769
1448055935242
1448055935680
1448055936160
1448055936615
1448055937096
1448055937585
1448055938023
1448055938487
1448055938975
1448055939414
1448055939894
1448055940357
1448055940830
1448055941318
1448055941773
1448055942262
1448055942725
1448055943173
1448055943677
1448055944167
1448055944614
1448055945103
1448055945575
1448055946013
1448055946460
1448055946965
1448055947404
1448055947909
1448055948372
1448055948820
1448055949274
1448055949705
1448055950161
1448055950632
1448055951113
1448055951601
1448055952048
1448055952504
1448055953008
1448055953489
1448055953985
1448055954457
1448055954904
1448055955351
1448055955807
1448055956261
1448055956700
1448055957146
1448055957602
1448055958083
1448055958579
1448055959035
1448055959506
1448055959945
1448055960392
1448055960914
1448055961419
1448055961890
1448055962371
1448055962818
1448055963306
1448055963795
1448055964266
1448055964739
1448055965236
1448055965724
1448055966180
1448055966651
1448055967165
1448055967604
1448055968067
1448055968556
1448055968986
1448055969459
1448055969940
1448055970378
1448055970884
1448055971355
1448055971811
1448055972317
1448055972738
1448055973194
1448055973690
1448055974146
1448055974635
1448055975115
1448055975570
1448055976058
1448055976539
1448055977094
1448055977591
1448055978055
1448055978526
1448055979024
1448055979479
1448055979934
1448055980406
1448055980853
1448055981325
1448055981806
1448055982261
1448055982741
1448055983213
1448055983660
1448055984166
1448055984637
1448055985109
1448055985598
1448055986053
1448055986542
1448055987055
1448055987511
1448055987974
1448055988446
1448055988902
1448055989415
1448055989870
1448055990342
1448055990839
1448055991295
1448055991783
1448055992272
1448055992718
1448055993182
1448055993672
1448055994134
1448055994608
1448055995071
1448055995544
1448055996033
1448055996487
1448055996960
1448055997431
1448055997912
1448055998384
1448055998847
1448055999353
1448055999858
1448056000313
1448056000769
1448056001274
1448056001729
1448056002201
1448056002690
1448056003146
1448056003633
1448056004106
1448056004577
1448056005075
1448056005530
1448056005968
1448056006457
1448056006895
1448056007451
1448056007923
1448056008361
1448056008859
1448056009330
1448056009827
1448056010325
1448056010804
1448056011285
1448056011757
1448056012262
1448056012751
1448056013231
1448056013686
1448056014141
1448056014613
1448056015069
1448056015557
1448056016013
1448056016534
1448056017023
1448056017504
1448056017992
1448056018465
1448056018936
1448056019425
1448056019925
1448056020396
1448056020869
1448056021307
1448056021754
1448056022276
1448056022764
1448056023236
1448056023725
1448056024214
1448056024678
1448056025183
1448056025630
1448056026068
1448056026574
1448056027038
1448056027484
1448056027973
1448056028404
1448056028875
1448056029381
1448056029819
1448056030291
1448056030789
1448056031285
1448056031740
1448056032220
1448056032659
1448056033098
1448056033603
1448056034109
1448056034580
1448056035019
1448056035491
1448056035930
1448056036385
1448056036865
1448056037379
1448056037885
1448056038323
1448056038778
1448056039267
1448056039714
1448056040203
1448056040691
1448056041155
1448056041660
1448056042141
1448056042596
1448056043068
1448056043549
1448056044012
1448056044484
1448056044941
1448056045388
1448056045860
1448056046348
1448056046762
1448056047226
1448056047681
1448056048128
1448056048633
1448056049106
1448056049578
1448056050083
1448056050555
1448056051026
1448056051507
1448056051946
1448056052393
1448056052898
1448056053354
1448056053792
1448056054231
1448056054670
1448056055158
1448056055589
1448056056069
1448056056524
1448056056970
1448056057468
1448056057906
1448056058370
1448056058842
1448056059280
1448056059761
1448056060224
1448056060671
1448056061160
1448056061606
1448056062070
1448056062542
1448056062981
1448056063469
1448056063924
1448056064380
1448056064860
1448056065298
1448056065779
1448056066225
1448056066698
1448056067236
1448056067675
1448056068147
1448056068635
1448056069082
1448056069578
1448056070025
1448056070500
1448056070996
1448056071452
1448056071956
1448056072412
1448056072883
1448056073355
1448056073794
1448056074283
1448056074738
1448056075218
1448056075698
1448056076137
1448056076625
1448056077089
1448056077552
1448056078041
1448056078489
1448056078960
1448056079424
1448056079870
1448056080367
1448056080798
1448056081269
1448056081742
1448056082221
1448056082669
1448056083166
1448056083629
1448056084093
1448056084597
1448056085053
1448056085525
1448056086013
1448056086460
1448056086949
1448056087429
1448056087875
1448056088390
1448056088837
1448056089316
1448056089780
1448056090235
1448056090724
1448056091155
1448056091626
1448056092098
1448056092528
1448056092983
1448056093447
1448056093869
1448056094358
1448056094796
1448056095260
1448056095725
1448056096180
1448056096644
1448056097215
1448056097671
1448056098159
1448056098631
1448056099095
1448056099591
1448056100055
1448056100535
1448056101015
1448056101488
1448056101992
1448056102448
1448056102936
1448056103425
1448056103897
1448056104393
1448056104857
1448056105329
1448056105817
1448056106273
1448056106761
1448056107233
1448056107680
1448056108169
1448056108599
1448056109054
1448056109526
1448056109956
1448056110445
1448056110901
1448056111347
1448056111836
1448056112282
1448056112763
1448056113217
1448056113673
1448056114145
