1448054576429
1448054578599
1448054579096
1448054579585
1448054580048
1448054580554
1448054581034
1448054581498
1448054582012
1448054582483
1448054582963
1448054583476
1448054583941
1448054584446
1448054584959
1448054585423
1448054585961
1448054586442
1448054586914
1448054587452
1448054587933
1448054588413
1448054588952
1448054589449
1448054589912
1448054590434
1448054590914
1448054591369
1448054591892
1448054592354
1448054592852
1448054593365
1448054593845
1448054594351
1448054594856
1448054595344
1448054595857
1448054596346
1448054596843
1448054597323
1448054597796
1448054598292
1448054598756
1448054599260
1448054599741
1448054600205
1448054600726
1448054601223
1448054601727
1448054602218
1448054602724
1448054603204
1448054603693
1448054604197
1448054604670
1448054605167
1448054605647
1448054606077
1448054606615
1448054607112
1448054607601
1448054608131
1448054608612
1448054609091
1448054609597
1448054610228
1448054610724
1448054611213
1448054611693
1448054612165
1448054612686
1448054613175
1448054613672
1448054614152
1448054614633
1448054615096
1448054615593
1448054616107
1448054616603
1448054617109
1448054617597
1448054618061
1448054618591
1448054619079
1448054619593
1448054620089
1448054620562
1448054621101
1448054621580
1448054622069
1448054622566
1448054623063
1448054623535
1448054624090
1448054624570
1448054625067
1448054625572
1448054626044
1448054626541
1448054627046
1448054627509
1448054627998
1448054628486
1448054628960
1448054629482
1448054629970
1448054630459
1448054630964
1448054631419
1448054631925
1448054632405
1448054632935
1448054633465
1448054633987
1448054634493
1448054634997
1448054635469
1448054635974
1448054636471
1448054636952
1448054637465
1448054637996
1448054638509
1448054639014
1448054639503
1448054640066
1448054640563
1448054641068
1448054641549
1448054642078
1448054642567
1448054643056
1448054643577
1448054644041
1448054644563
1448054645052
1448054645541
1448054646054
1448054646534
1448054647031
1448054647544
1448054648017
1448054648538
1448054649027
1448054649515
1448054650046
1448054650510
1448054650981
1448054651503
1448054651958
1448054652488
1448054652969
1448054653449
1448054653979
1448054654451
1448054654956
1448054655444
1448054655918
1448054656407
1448054656895
1448054657384
1448054657897
1448054658369
1448054658883
1448054659379
1448054659868
1448054660406
1448054660878
1448054661376
1448054661914
1448054662394
1448054662907
1448054663421
1448054663901
1448054664431
1448054664912
1448054665416
1448054665922
1448054666403
1448054666916
1448054667396
1448054667893
1448054668390
1448054668869
1448054669400
1448054669956
1448054670510
1448054671041
1448054671554
1448054672043
1448054672548
1448054673036
1448054673542
1448054674063
1448054674510
1448054675016
1448054675504
1448054675985
1448054676531
1448054677003
1448054677500
1448054678030
1448054678519
1448054679032
1448054679538
1448054680010
1448054680539
1448054681028
1448054681500
1448054681997
1448054682454
1448054682934
1448054683439
1448054683969
1448054684466
1448054684971
1448054685476
1448054685974
1448054686453
1448054686959
1448054687497
1448054687977
1448054688458
1448054688996
1448054689502
1448054689973
1448054690512
1448054691009
1448054691505
1448054692003
1448054692482
1448054692996
1448054693494
1448054693990
1448054694504
1448054694983
1448054695472
1448054695986
1448054696458
1448054696963
1448054697476
1448054697990
1448054698503
1448054699000
1448054699506
1448054700077
1448054700583
1448054701088
1448054701627
1448054702141
1448054702638
1448054703160
1448054703657
1448054704187
1448054704692
1448054705197
1448054705695
1448054706159
1448054706622
1448054707127
1448054707615
1448054708154
1448054708652
1448054709148
1448054709672
1448054710152
1448054710657
1448054711188
1448054711668
1448054712140
1448054712636
1448054713142
1448054713639
1448054714186
1448054714666
1448054715179
1448054715710
1448054716182
1448054716712
1448054717217
1448054717680
1448054718219
1448054718700
1448054719221
1448054719718
1448054720248
1448054720745
1448054721233
1448054721764
1448054722244
1448054722749
1448054723271
1448054723734
1448054724256
1448054724729
1448054725233
1448054725730
1448054726210
1448054726724
1448054727188
1448054727693
1448054728190
1448054728661
1448054729184
1448054729673
1448054730252
1448054730758
1448054731229
1448054731735
1448054732232
1448054732720
1448054733234
1448054733714
1448054734236
1448054734716
1448054735222
1448054735744
1448054736215
1448054736722
1448054737195
1448054737708
1448054738180
1448054738643
1448054739191
1448054739680
1448054740209
1448054740732
1448054741195
1448054741667
1448054742189
1448054742652
1448054743125
1448054743605
1448054744094
1448054744591
1448054745112
1448054745618
1448054746148
1448054746628
1448054747142
1448054747605
1448054748078
1448054748557
1448054749013
1448054749485
1448054750015
1448054750479
1448054750967
1448054751439
1448054751912
1448054752400
1448054752939
1448054753419
1448054753899
1448054754389
1448054754918
1448054755416
1448054755937
1448054756451
1448054756923
1448054757436
1448054757925
1448054758388
1448054758927
1448054759433
1448054759896
1448054760435
1448054760965
1448054761429
1448054761943
1448054762447
1448054762955
1448054763451
1448054763990
1448054764446
1448054764959
1448054765481
1448054765978
1448054766508
1448054766980
1448054767477
1448054767991
1448054768479
1448054768984
1448054769507
1448054770012
1448054770500
1448054770980
1448054771486
1448054771941
1448054772438
1448054772943
1448054773390
1448054773887
1448054774401
1448054774889
1448054775394
1448054775924
1448054776405
1448054776918
1448054777440
1448054777912
1448054778450
1448054778972
1448054779452
1448054779982
1448054780480
1448054780976
1448054781490
1448054781978
1448054782492
1448054782981
1448054783485
1448054783983
1448054784471
1448054784993
1448054785465
1448054785987
1448054786500
1448054786972
1448054787519
1448054788008
1448054788479
1448054789043
1448054789498
1448054789963
1448054790594
1448054791073
1448054791579
1448054792100
1448054792572
1448054793094
1448054793591
1448054794088
1448054794576
1448054795115
1448054795645
1448054796134
1448054796640
1448054797169
1448054797650
1448054798188
1448054798693
1448054799174
1448054799729
1448054800226
1448054800722
1448054801253
1448054801733
1448054802238
1448054802752
1448054803223
1448054803729
1448054804209
1448054804731
1448054805203
1448054805716
1448054806230
1448054806702
1448054807223
1448054807712
1448054808175
1448054808714
1448054809202
1448054809733
1448054810222
1448054810710
1448054811215
1448054811687
1448054812192
1448054812664
1448054813161
1448054813658
1448054814129
1448054814677
1448054815157
1448054815653
1448054816175
1448054816646
1448054817177
1448054817668
1448054818131
1448054818637
1448054819200
1448054819664
1448054820269
1448054820757
1448054821254
1448054821751
1448054822265
1448054822787
1448054823267
1448054823764
1448054824268
1448054824757
1448054825297
1448054825776
1448054826265
1448054826786
1448054827284
1448054827805
1448054828319
1448054828791
1448054829329
1448054829810
1448054830290
1448054830812
1448054831301
1448054831797
1448054832311
1448054832791
1448054833305
1448054833785
1448054834290
1448054834779
1448054835267
1448054835797
1448054836270
1448054836783
1448054837305
1448054837776
1448054838298
1448054838787
1448054839267
1448054839823
1448054840294
1448054840783
1448054841305
1448054841776
1448054842274
1448054842795
1448054843276
1448054843789
1448054844302
1448054844793
1448054845297
1448054845811
1448054846316
1448054846813
1448054847319
1448054847798
1448054848312
1448054848809
1448054849306
1448054849820
1448054850391
1448054850897
1448054851418
1448054851915
1448054852438
1448054852909
1448054853431
1448054853936
1448054854433
1448054854930
1448054855460
1448054855949
1448054856470
1448054856976
1448054857472
1448054858003
1448054858483
1448054858988
1448054859502
1448054859982
1448054860520
1448054861001
1448054861497
1448054862003
1448054862466
1448054862971
1448054863460
1448054863940
1448054864454
1448054864925
1448054865431
1448054865936
1448054866441
1448054866947
1448054867418
1448054867915
1448054868421
1448054868892
1448054869398
1448054869886
1448054870375
1448054870921
1448054871410
1448054871933
1448054872471
1448054872969
1448054873465
1448054873946
1448054874460
1448054874948
1448054875445
1448054875975
1448054876447
1448054876969
1448054877474
1448054877963
1448054878509
1448054878998
1448054879487
1448054880016
1448054880522
1448054881043
1448054881532
1448054882021
1448054882526
1448054883023
1448054883536
1448054884033
1448054884521
1448054885043
1448054885566
1448054886079
1448054886584
1448054887047
1448054887586
1448054888067
1448054888547
1448054889069
1448054889540
1448054890037
1448054890543
1448054891006
1448054891503
1448054892016
1448054892489
1448054893027
1448054893490
1448054893979
1448054894484
1448054894956
1448054895470
1448054895958
1448054896464
1448054896968
1448054897457
1448054897971
1448054898459
1448054898958
1448054899479
1448054899968
1448054900456
1448054900995
1448054901467
1448054901964
1448054902469
1448054902924
1448054903438
1448054903918
1448054904415
1448054904912
1448054905392
1448054905897
1448054906369
1448054906866
1448054907355
1448054907826
1448054908340
1448054908812
1448054909317
1448054909831
1448054910319
1448054910833
1448054911322
1448054911785
1448054912307
1448054912770
1448054913267
1448054913772
1448054914236
1448054914758
1448054915246
1448054915743
1448054916240
1448054916720
1448054917234
1448054917714
1448054918253
1448054918766
1448054919238
1448054919760
1448054920248
1448054920729
1448054921267
1448054921731
1448054922253
1448054922758
1448054923247
1448054923751
1448054924223
1448054924746
1448054925234
1448054925749
1448054926254
1448054926734
1448054927255
1448054927753
1448054928233
1448054928763
1448054929252
1448054929740
1448054930287
1448054930743
1448054931247
1448054931753
1448054932208
1448054932730
1448054933219
1448054933682
1448054934204
1448054934684
1448054935164
1448054935670
1448054936175
1448054936680
1448054937160
1448054937665
1448054938154
1448054938642
1448054939148
1448054939619
1448054940116
1448054940714
1448054941160
1448054941666
1448054942179
1448054942643
1448054943182
1448054943670
1448054944167
1448054944722
1448054945211
1448054945708
1448054946246
1448054946736
1448054947232
1448054947754
1448054948243
1448054948731
1448054949237
1448054949734
1448054950239
1448054950745
1448054951233
1448054951739
1448054952235
1448054952742
1448054953248
1448054953761
1448054954283
1448054954788
1448054955285
1448054955799
1448054956320
1448054956801
1448054957314
1448054957803
1448054958300
1448054958797
1448054959294
1448054959741
1448054960263
1448054960760
1448054961240
1448054961737
1448054962267
1448054962748
1448054963279
1448054963742
1448054964222
1448054964727
1448054965191
1448054965705
1448054966201
1448054966673
1448054967195
1448054967692
1448054968190
1448054968644
1448054969167
1448054969671
1448054970152
1448054970708
1448054971229
1448054971726
1448054972231
1448054972753
1448054973226
1448054973764
1448054974253
1448054974724
1448054975254
1448054975744
1448054976215
1448054976746
1448054977217
1448054977698
1448054978228
1448054978683
1448054979166
1448054979712
1448054980210
1448054980699
1448054981220
1448054981701
1448054982197
1448054982728
1448054983233
1448054983746
1448054984252
1448054984773
1448054985237
1448054985734
1448054986264
1448054986736
1448054987274
1448054987763
1448054988252
1448054988799
1448054989279
1448054989734
1448054990306
1448054990787
1448054991258
1448054991780
1448054992252
1448054992757
1448054993271
1448054993734
1448054994240
1448054994744
1448054995225
1448054995754
1448054996235
1448054996732
1448054997245
1448054997743
1448054998264
1448054998753
1448054999250
1448054999771
1448055000244
1448055000840
1448055001321
1448055001826
1448055002339
1448055002828
1448055003349
1448055003847
1448055004327
1448055004865
1448055005346
1448055005850
1448055006357
1448055006838
1448055007309
1448055007807
1448055008286
1448055008792
1448055009281
1448055009769
1448055010291
1448055010771
1448055011276
1448055011756
1448055012228
1448055012759
1448055013205
1448055013711
1448055014207
1448055014671
1448055015193
1448055015673
1448055016154
1448055016683
1448055017164
1448055017669
1448055018182
1448055018655
1448055019176
1448055019665
1448055020154
1448055020658
1448055021147
1448055021660
1448055022149
1448055022646
1448055023168
1448055023665
1448055024178
1448055024675
1448055025164
1448055025702
1448055026175
1448055026696
1448055027201
1448055027673
1448055028203
1448055028676
1448055029164
1448055029669
1448055030132
1448055030738
1448055031202
1448055031715
1448055032219
1448055032716
1448055033205
1448055033696
1448055034167
1448055034673
1448055035178
1448055035683
1448055036189
1448055036685
1448055037174
1448055037670
1448055038184
1448055038648
1448055039161
1448055039633
1448055040105
1448055040610
1448055041083
1448055041579
1448055042059
1448055042539
1448055043053
1448055043516
1448055044013
1448055044477
1448055044965
1448055045487
1448055045959
1448055046448
1448055046928
1448055047416
1448055047905
1448055048393
1448055048899
1448055049379
1448055049926
1448055050431
1448055050919
1448055051442
1448055051889
1448055052394
1448055052891
1448055053362
1448055053859
1448055054340
1448055054820
1448055055342
1448055055830
1448055056319
1448055056832
1448055057304
1448055057818
1448055058306
1448055058795
1448055059308
1448055059780
1448055060287
1448055060875
1448055061355
1448055061885
1448055062357
1448055062871
1448055063393
1448055063873
1448055064378
1448055064900
1448055065364
1448055065894
1448055066408
1448055066879
1448055067393
1448055067890
1448055068378
1448055068892
1448055069372
1448055069861
1448055070375
1448055070847
1448055071344
1448055071874
1448055072363
1448055072868
1448055073381
1448055073878
1448055074391
1448055074889
1448055075395
1448055075916
1448055076397
1448055076885
1448055077399
