1448051977018
1448051979850
1448051980288
1448051980744
1448051981225
1448051981663
1448051982152
1448051982615
1448051983054
1448051983534
1448051984006
1448051984445
1448051984941
1448051985405
1448051985894
1448051986340
1448051986829
1448051987317
1448051987814
1448051988287
1448051988742
1448051989205
1448051989635
1448051990116
1448051990555
1448051990976
1448051991465
1448051991886
1448051992334
1448051992798
1448051993244
1448051993683
1448051994155
1448051994635
1448051995116
1448051995571
1448051996043
1448051996490
1448051996962
1448051997426
1448051997864
1448051998328
1448051998791
1448051999248
1448051999720
1448052000183
1448052000722
1448052001177
1448052001641
1448052002114
1448052002569
1448052003049
1448052003487
1448052003951
1448052004423
1448052004861
1448052005350
1448052005797
1448052006252
1448052006741
1448052007171
1448052007651
1448052008123
1448052008570
1448052009066
1448052009514
1448052009994
1448052010474
1448052010938
1448052011451
1448052011898
1448052012371
1448052012867
1448052013322
1448052013835
1448052014308
1448052014771
1448052015268
1448052015740
1448052016228
1448052016692
1448052017148
1448052017569
1448052018041
1448052018513
1448052018960
1448052019457
1448052019920
1448052020384
1448052020864
1448052021311
1448052021799
1448052022238
1448052022719
1448052023181
1448052023621
1448052024142
1448052024658
1448052025105
1448052025601
1448052026065
1448052026512
1448052027026
1448052027490
1448052027961
1448052028458
1448052028896
1448052029394
1448052029882
1448052030362
1448052030935
1448052031431
1448052031920
1448052032417
1448052032905
1448052033402
1448052033882
1448052034346
1448052034844
1448052035332
1448052035812
1448052036334
1448052036840
1448052037362
1448052037858
1448052038347
1448052038844
1448052039349
1448052039872
1448052040368
1448052040882
1448052041337
1448052041851
1448052042365
1448052042828
1448052043342
1448052043839
1448052044311
1448052044808
1448052045288
1448052045794
1448052046325
1448052046821
1448052047310
1448052047806
1448052048295
1448052048801
1448052049264
1448052049753
1448052050225
1448052050715
1448052051195
1448052051675
1448052052206
1448052052661
1448052053150
1448052053639
1448052054127
1448052054624
1448052055113
1448052055577
1448052056057
1448052056529
1448052057026
1448052057498
1448052057986
1448052058476
1448052058955
1448052059461
1448052059957
1448052060438
1448052061035
1448052061515
1448052062004
1448052062501
1448052062990
1448052063495
1448052064000
1448052064472
1448052064978
1448052065500
1448052065981
1448052066494
1448052066999
1448052067472
1448052067993
1448052068499
1448052068970
1448052069476
1448052069948
1448052070420
1448052070950
1448052071430
1448052071919
1448052072441
1448052072904
1448052073393
1448052073906
1448052074387
1448052074892
1448052075414
1448052075886
1448052076416
1448052076930
1448052077421
1448052077900
1448052078406
1448052078886
1448052079367
1448052079872
1448052080344
1448052080841
1448052081304
1448052081751
1448052082232
1448052082695
1448052083167
1448052083638
1448052084111
1448052084608
1448052085079
1448052085543
1448052086048
1448052086503
1448052086976
1448052087447
1448052087894
1448052088382
1448052088863
1448052089293
1448052089781
1448052090254
1448052090692
1448052091172
1448052091619
1448052092058
1448052092572
1448052093018
1448052093490
1448052093987
1448052094442
1448052094923
1448052095402
1448052095958
1448052096446
1448052096910
1448052097374
1448052097870
1448052098318
1448052098781
1448052099253
1448052099708
1448052100180
1448052100652
1448052101090
1448052101562
1448052102009
1448052102464
1448052102896
1448052103359
1448052103823
1448052104328
1448052104775
1448052105247
1448052105735
1448052106199
1448052106704
1448052107176
1448052107640
1448052108162
1448052108617
1448052109088
1448052109594
1448052110058
1448052110554
1448052111027
1448052111506
1448052112012
1448052112476
1448052112980
1448052113453
1448052113932
1448052114421
1448052114884
1448052115398
1448052115896
1448052116375
1448052116897
1448052117352
1448052117858
1448052118347
1448052118801
1448052119323
1448052119803
1448052120275
1448052120789
1448052121261
1448052121758
1448052122254
1448052122718
1448052123249
1448052123737
1448052124259
1448052124722
1448052125227
1448052125736
1448052126330
1448052126844
1448052127373
1448052127837
1448052128351
1448052128881
1448052129371
1448052129851
1448052130373
1448052130829
1448052131309
1448052131798
1448052132278
1448052132792
1448052133297
1448052133777
1448052134291
1448052134796
1448052135276
1448052135790
1448052136312
1448052136809
1448052137305
1448052137836
1448052138283
1448052138780
1448052139310
1448052139782
1448052140271
1448052140785
1448052141298
1448052141770
1448052142275
1448052142730
1448052143203
1448052143691
1448052144197
1448052144726
1448052145274
1448052145738
1448052146259
1448052146764
1448052147253
1448052147725
1448052148231
1448052148727
1448052149183
1448052149671
1448052150160
1448052150624
1448052151162
1448052151668
1448052152164
1448052152645
1448052153109
1448052153597
1448052154102
1448052154565
1448052155079
1448052155545
1448052156008
1448052156513
1448052157010
1448052157490
1448052157987
1448052158475
1448052158981
1448052159469
1448052159950
1448052160455
1448052161010
1448052161516
1448052162012
1448052162467
1448052162998
1448052163478
1448052163975
1448052164505
1448052164985
1448052165498
1448052166004
1448052166501
1448052167022
1448052167519
1448052168024
1448052168530
1448052169035
1448052169532
1448052170012
1448052170542
1448052171014
1448052171512
1448052172033
1448052172497
1448052172993
1448052173491
1448052173946
1448052174459
1448052174931
1448052175394
1448052175875
1448052176356
1448052176852
1448052177308
1448052177796
1448052178268
1448052178698
1448052179195
1448052179642
1448052180105
1448052180611
1448052181057
1448052181513
1448052181986
1448052182449
1448052182905
1448052183409
1448052183848
1448052184329
1448052184800
1448052185264
1448052185777
1448052186233
1448052186714
1448052187185
1448052187649
1448052188162
1448052188617
1448052189090
1448052189569
1448052190033
1448052190521
1448052191085
1448052191574
1448052192054
1448052192493
1448052192981
1448052193453
1448052193892
1448052194389
1448052194844
1448052195282
1448052195771
1448052196227
1448052196681
1448052197154
1448052197592
1448052198056
1448052198510
1448052198974
1448052199447
1448052199885
1448052200373
1448052200828
1448052201275
1448052201798
1448052202244
1448052202708
1448052203188
1448052203627
1448052204107
1448052204587
1448052205076
1448052205556
1448052206045
1448052206509
1448052207014
1448052207504
1448052207950
1448052208448
1448052208920
1448052209384
1448052209873
1448052210344
1448052210816
1448052211305
1448052211752
1448052212216
1448052212704
1448052213159
1448052213640
1448052214095
1448052214600
1448052215047
1448052215511
1448052215942
1448052216405
1448052216844
1448052217308
1448052217788
1448052218251
1448052218723
1448052219195
1448052219659
1448052220172
1448052220628
1448052221183
1448052221672
1448052222119
1448052222615
1448052223071
1448052223517
1448052223998
1448052224437
1448052224900
1448052225372
1448052225810
1448052226291
1448052226746
1448052227201
1448052227649
1448052228137
1448052228618
1448052229097
1448052229545
1448052230008
1448052230505
1448052230969
1448052231440
1448052231938
1448052232387
1448052232834
1448052233306
1448052233752
1448052234216
1448052234689
1448052235118
1448052235590
1448052236062
1448052236501
1448052236998
1448052237470
1448052237925
1448052238397
1448052238852
1448052239341
1448052239796
1448052240293
1448052240798
1448052241237
1448052241693
1448052242189
1448052242662
1448052243116
1448052243622
1448052244094
1448052244582
1448052245046
1448052245568
1448052246007
1448052246471
1448052246926
1448052247390
1448052247844
1448052248308
1448052248764
1448052249235
1448052249691
1448052250162
1448052250618
1448052251166
1448052251670
1448052252159
1448052252665
1448052253153
1448052253592
1448052254047
1448052254469
1448052254959
1448052255446
1448052255885
1448052256390
1448052256871
1448052257369
1448052257841
1448052258330
1448052258834
1448052259298
1448052259763
1448052260267
1448052260731
1448052261228
1448052261683
1448052262189
1448052262660
1448052263149
1448052263646
1448052264135
1448052264607
1448052265079
1448052265526
1448052266014
1448052266486
1448052266967
1448052267455
1448052267911
1448052268382
1448052268871
1448052269310
1448052269798
1448052270287
1448052270708
1448052271198
1448052271670
1448052272108
1448052272605
1448052273068
1448052273524
1448052274030
1448052274484
1448052274957
1448052275478
1448052275934
1448052276406
1448052276911
1448052277383
1448052277854
1448052278360
1448052278807
1448052279295
1448052279768
1448052280214
1448052280703
1448052281267
1448052281722
1448052282235
1448052282690
1448052283162
1448052283645
1448052284125
1448052284572
1448052285060
1448052285541
1448052285996
1448052286501
1448052286990
1448052287462
1448052287950
1448052288406
1448052288894
1448052289350
1448052289830
1448052290302
1448052290758
1448052291254
1448052291726
1448052292181
1448052292670
1448052293118
1448052293580
1448052294078
1448052294566
1448052294997
1448052295502
1448052295957
1448052296413
1448052296893
1448052297348
1448052297804
1448052298300
1448052298764
1448052299211
1448052299708
1448052300155
1448052300602
1448052301107
1448052301554
1448052302010
1448052302491
1448052302937
1448052303393
1448052303873
1448052304320
1448052304784
1448052305280
1448052305711
1448052306199
1448052306688
1448052307136
1448052307640
1448052308129
1448052308609
1448052309091
1448052309564
1448052310060
1448052310532
1448052311121
1448052311584
1448052312057
1448052312520
1448052313017
1448052313464
1448052313953
1448052314408
1448052314905
1448052315360
1448052315866
1448052316354
1448052316785
1448052317281
1448052317770
1448052318209
1448052318689
1448052319144
1448052319608
1448052320080
1448052320528
1448052320991
1448052321480
1448052321951
1448052322415
1448052322879
1448052323325
1448052323789
1448052324261
1448052324708
1448052325198
1448052325677
1448052326125
1448052326613
1448052327085
1448052327549
1448052328029
1448052328510
1448052328948
1448052329437
1448052329884
1448052330339
1448052330828
1448052331308
1448052331763
1448052332244
1448052332682
1448052333154
1448052333659
1448052334099
1448052334563
1448052335060
1448052335524
1448052336012
1448052336543
1448052337015
1448052337512
1448052338017
1448052338490
1448052339011
1448052339492
1448052340005
1448052340502
1448052340958
1448052341554
1448052342035
1448052342514
1448052343037
1448052343491
1448052343972
1448052344478
1448052344932
1448052345405
1448052345869
1448052346365
1448052346863
1448052347351
1448052347840
1448052348354
1448052348834
1448052349323
1448052349819
1448052350291
1448052350805
1448052351285
1448052351774
1448052352287
1448052352759
1448052353298
1448052353769
1448052354267
1448052354788
1448052355268
1448052355781
1448052356287
1448052356768
1448052357297
1448052357778
1448052358266
1448052358780
1448052359260
1448052359765
1448052360255
1448052360735
1448052361241
1448052361721
1448052362218
1448052362723
1448052363186
1448052363692
1448052364181
1448052364644
1448052365166
1448052365620
1448052366101
1448052366590
1448052367053
1448052367550
1448052368072
1448052368560
1448052369082
1448052369579
1448052370060
1448052370589
1448052371079
1448052371658
1448052372164
1448052372644
1448052373149
1448052373646
1448052374142
1448052374656
1448052375120
1448052375625
1448052376122
1448052376618
1448052377132
1448052377605
1448052378118
1448052378632
1448052379086
1448052379617
1448052380106
1448052380560
1448052381083
1448052381562
1448052382051
1448052382590
1448052383053
1448052383550
1448052384072
1448052384561
1448052385065
1448052385579
1448052386085
1448052386614
1448052387105
1448052387584
1448052388057
1448052388571
1448052389059
1448052389547
1448052390027
1448052390558
1448052391030
1448052391543
1448052392057
1448052392495
1448052393000
1448052393489
1448052393952
1448052394466
1448052394929
1448052395393
1448052395916
1448052396362
1448052396826
1448052397330
1448052397794
1448052398307
1448052398830
1448052399302
1448052399831
1448052400312
1448052400808
1448052401372
1448052401870
1448052402374
1448052402880
1448052403368
1448052403874
1448052404362
1448052404851
1448052405364
1448052405844
1448052406350
1448052406839
1448052407318
1448052407832
1448052408320
1448052408792
1448052409290
1448052409761
1448052410267
1448052410771
1448052411243
1448052411749
1448052412254
1448052412734
1448052413256
1448052413763
1448052414217
1448052414739
1448052415245
1448052415716
1448052416239
1448052416743
1448052417216
1448052417730
1448052418251
1448052418724
1448052419262
1448052419767
1448052420256
1448052420794
1448052421292
1448052421763
1448052422302
1448052422791
1448052423263
1448052423793
1448052424273
1448052424762
1448052425284
1448052425756
1448052426236
1448052426750
1448052427255
1448052427786
1448052428315
1448052428821
1448052429318
1448052429790
1448052430287
1448052430809
1448052431398
1448052431920
1448052432416
1448052432930
1448052433435
1448052433924
1448052434405
1448052434943
1448052435432
1448052435928
1448052436434
1448052436906
1448052437411
1448052437916
1448052438388
1448052438893
1448052439399
1448052439846
1448052440328
1448052440825
1448052441339
1448052441811
1448052442324
1448052442772
1448052443293
1448052443832
1448052444288
1448052444742
1448052445223
1448052445719
1448052446217
1448052446739
1448052447194
1448052447691
1448052448188
1448052448660
1448052449132
1448052449629
1448052450109
1448052450614
1448052451103
1448052451575
1448052452063
1448052452561
1448052453066
1448052453505
1448052454027
1448052454506
1448052454971
1448052455492
1448052455989
1448052456445
1448052456925
1448052457397
1448052457827
1448052458332
1448052458780
1448052459210
1448052459715
1448052460170
1448052460617
1448052461107
1448052461661
1448052462109
