1448058278892
1448058281758
1448058282255
1448058282727
1448058283182
1448058283679
1448058284143
1448058284598
1448058285112
1448058285542
1448058285980
1448058286494
1448058286974
1448058287430
1448058287927
1448058288382
1448058288854
1448058289359
1448058289823
1448058290295
1448058290834
1448058291281
1448058291777
1448058292276
1448058292731
1448058293219
1448058293700
1448058294155
1448058294660
1448058295124
1448058295587
1448058296043
1448058296523
1448058296995
1448058297451
1448058297931
1448058298403
1448058298866
1448058299313
1448058299811
1448058300282
1448058300738
1448058301227
1448058301665
1448058302129
1448058302617
1448058303073
1448058303587
1448058304042
1448058304472
1448058304969
1448058305441
1448058305913
1448058306410
1448058306857
1448058307362
1448058307826
1448058308273
1448058308778
1448058309259
1448058309714
1448058310202
1448058310667
1448058311121
1448058311594
1448058312065
1448058312529
1448058312968
1448058313415
1448058313887
1448058314317
1448058314781
1448058315237
1448058315691
1448058316164
1448058316618
1448058317109
1448058317565
1448058318053
1448058318526
1448058318980
1448058319436
1448058319883
1448058320322
1448058320877
1448058321340
1448058321779
1448058322268
1448058322706
1448058323162
1448058323667
1448058324122
1448058324595
1448058325083
1448058325522
1448058325993
1448058326482
1448058326921
1448058327409
1448058327873
1448058328328
1448058328834
1448058329273
1448058329727
1448058330192
1448058330613
1448058331069
1448058331524
1448058332004
1448058332468
1448058332923
1448058333362
1448058333842
1448058334289
1448058334761
1448058335224
1448058335663
1448058336161
1448058336624
1448058337080
1448058337584
1448058338057
1448058338512
1448058339000
1448058339464
1448058339937
1448058340408
1448058340847
1448058341344
1448058341809
1448058342240
1448058342720
1448058343192
1448058343613
1448058344111
1448058344558
1448058345013
1448058345519
1448058345982
1448058346438
1448058346918
1448058347373
1448058347845
1448058348342
1448058348806
1448058349295
1448058349758
1448058350189
1448058350685
1448058351249
1448058351729
1448058352193
1448058352665
1448058353136
1448058353609
1448058354081
1448058354561
1448058355016
1448058355496
1448058355985
1448058356424
1448058356904
1448058357376
1448058357814
1448058358312
1448058358776
1448058359247
1448058359744
1448058360208
1448058360722
1448058361194
1448058361632
1448058362138
1448058362634
1448058363107
1448058363629
1448058364117
1448058364589
1448058365119
1448058365608
1448058366105
1448058366609
1448058367073
1448058367570
1448058368078
1448058368608
1448058369063
1448058369594
1448058370065
1448058370554
1448058371052
1448058371548
1448058372012
1448058372483
1448058373014
1448058373528
1448058373991
1448058374505
1448058374994
1448058375491
1448058376013
1448058376484
1448058376998
1448058377504
1448058378000
1448058378481
1448058379002
1448058379491
1448058380014
1448058380527
1448058381057
1448058381554
1448058382076
1448058382598
1448058383061
1448058383584
1448058384038
1448058384527
1448058385016
1448058385487
1448058385985
1448058386448
1448058386920
1448058387400
1448058387855
1448058388344
1448058388799
1448058389271
1448058389759
1448058390206
1448058390712
1448058391192
1448058391656
1448058392169
1448058392616
1448058393097
1448058393593
1448058394058
1448058394546
1448058395010
1448058395499
1448058395945
1448058396435
1448058396906
1448058397353
1448058397867
1448058398313
1448058398786
1448058399274
1448058399721
1448058400225
1448058400698
1448058401162
1448058401650
1448058402114
1448058402593
1448058403057
1448058403530
1448058404026
1448058404473
1448058404953
1448058405433
1448058405889
1448058406402
1448058406866
1448058407337
1448058407834
1448058408290
1448058408778
1448058409250
1448058409697
1448058410177
1448058410625
1448058411179
1448058411635
1448058412090
1448058412578
1448058413025
1448058413497
1448058413986
1448058414482
1448058414955
1448058415434
1448058415906
1448058416387
1448058416875
1448058417331
1448058417835
1448058418299
1448058418755
1448058419276
1448058419750
1448058420205
1448058420702
1448058421149
1448058421637
1448058422135
1448058422556
1448058423053
1448058423525
1448058423980
1448058424477
1448058424924
1448058425388
1448058425868
1448058426315
1448058426812
1448058427275
1448058427739
1448058428218
1448058428691
1448058429180
1448058429668
1448058430140
1448058430653
1448058431117
1448058431589
1448058432094
1448058432574
1448058433046
1448058433568
1448058434032
1448058434520
1448058435025
1448058435472
1448058435986
1448058436458
1448058436929
1448058437435
1448058437865
1448058438378
1448058438851
1448058439322
1448058439844
1448058440324
1448058440813
1448058441367
1448058441840
1448058442345
1448058442833
1448058443339
1448058443819
1448058444308
1448058444805
1448058445276
1448058445750
1448058446279
1448058446760
1448058447257
1448058447779
1448058448276
1448058448797
1448058449286
1448058449775
1448058450313
1448058450794
1448058451298
1448058451812
1448058452284
1448058452806
1448058453295
1448058453774
1448058454288
1448058454769
1448058455290
1448058455779
1448058456284
1448058456789
1448058457253
1448058457775
1448058458247
1448058458727
1448058459249
1448058459703
1448058460192
1448058460681
1448058461153
1448058461642
1448058462163
1448058462627
1448058463149
1448058463654
1448058464134
1448058464672
1448058465161
1448058465683
1448058466155
1448058466669
1448058467140
1448058467637
1448058468151
1448058468606
1448058469112
1448058469608
1448058470063
1448058470611
1448058471132
1448058471630
1448058472151
1448058472666
1448058473146
1448058473676
1448058474174
1448058474678
1448058475175
1448058475663
1448058476177
1448058476650
1448058477154
1448058477660
1448058478131
1448058478662
1448058479117
1448058479622
1448058480128
1448058480582
1448058481113
1448058481594
1448058482065
1448058482579
1448058483042
1448058483539
1448058484020
1448058484508
1448058485013
1448058485485
1448058485999
1448058486479
1448058486967
1448058487464
1448058487919
1448058488425
1448058488921
1448058489385
1448058489907
1448058490362
1448058490851
1448058491364
1448058491819
1448058492333
1448058492830
1448058493302
1448058493815
1448058494312
1448058494809
1448058495306
1448058495803
1448058496307
1448058496780
1448058497302
1448058497773
1448058498287
1448058498800
1448058499316
1448058499763
1448058500276
1448058500765
1448058501311
1448058501833
1448058502288
1448058502760
1448058503291
1448058503729
1448058504218
1448058504697
1448058505178
1448058505684
1448058506147
1448058506644
1448058507132
1448058507613
1448058508110
1448058508573
1448058509078
1448058509558
1448058510022
1448058510553
1448058511049
1448058511538
1448058512067
1448058512531
1448058513054
1448058513567
1448058514047
1448058514585
1448058515074
1448058515571
1448058516101
1448058516582
1448058517103
1448058517592
1448058518088
1448058518594
1448058519083
1448058519596
1448058520076
1448058520573
1448058521095
1448058521567
1448058522080
1448058522569
1448058523066
1448058523530
1448058524035
1448058524515
1448058525004
1448058525508
1448058526008
1448058526488
1448058527010
1448058527490
1448058527978
1448058528501
1448058528948
1448058529461
1448058529941
1448058530413
1448058530927
1448058531382
1448058531879
1448058532367
1448058532847
1448058533353
1448058533832
1448058534321
1448058534810
1448058535290
1448058535804
1448058536375
1448058536872
1448058537378
1448058537833
1448058538338
1448058538826
1448058539290
1448058539812
1448058540275
1448058540764
1448058541286
1448058541758
1448058542280
1448058542751
1448058543240
1448058543762
1448058544242
1448058544740
1448058545219
1448058545691
1448058546196
1448058546677
1448058547181
1448058547670
1448058548126
1448058548639
1448058549103
1448058549566
1448058550063
1448058550519
1448058551015
1448058551487
1448058551942
1448058552407
1448058552880
1448058553318
1448058553815
1448058554236
1448058554700
1448058555156
1448058555594
1448058556083
1448058556521
1448058556993
1448058557457
1448058557887
1448058558367
1448058558830
1448058559278
1448058559757
1448058560196
1448058560677
1448058561148
1448058561604
1448058562108
1448058562556
1448058563028
1448058563516
1448058563963
1448058564460
1448058564932
1448058565379
1448058565867
1448058566406
1448058566902
1448058567375
1448058567830
1448058568326
1448058568774
1448058569245
1448058569726
1448058570173
1448058570669
1448058571158
1448058571630
1448058572085
1448058572549
1448058573054
1448058573518
1448058573997
1448058574486
1448058574941
1448058575438
1448058575902
1448058576374
1448058576845
1448058577317
1448058577822
1448058578272
1448058578726
1448058579215
1448058579653
1448058580109
1448058580598
1448058581036
1448058581525
1448058581979
1448058582418
1448058582924
1448058583362
1448058583834
1448058584331
1448058584770
1448058585267
1448058585738
1448058586210
1448058586698
1448058587171
1448058587659
1448058588131
1448058588603
1448058589108
1448058589563
1448058590076
1448058590549
1448058591004
1448058591526
1448058591981
1448058592453
1448058592958
1448058593405
1448058593893
1448058594382
1448058594837
1448058595326
1448058595781
1448058596344
1448058596833
1448058597313
1448058597769
1448058598266
1448058598729
1448058599201
1448058599673
1448058600137
1448058600650
1448058601105
1448058601619
1448058602116
1448058602571
1448058603093
1448058603548
1448058604030
1448058604535
1448058605007
1448058605478
1448058605984
1448058606465
1448058606944
1448058607433
1448058607905
1448058608394
1448058608866
1448058609354
1448058609826
1448058610306
1448058610795
1448058611234
1448058611722
1448058612194
1448058612632
1448058613137
1448058613593
1448058614048
1448058614528
1448058614966
1448058615439
1448058615903
1448058616374
1448058616854
1448058617301
1448058617781
1448058618244
1448058618708
1448058619189
1448058619635
1448058620116
1448058620596
1448058621026
1448058621523
1448058621978
1448058622434
1448058622930
1448058623377
1448058623866
1448058624346
1448058624802
1448058625306
1448058625753
1448058626334
1448058626805
1448058627270
1448058627724
1448058628188
1448058628652
1448058629140
1448058629605
1448058630077
1448058630533
1448058630963
1448058631476
1448058631940
1448058632387
1448058632892
1448058633348
1448058633853
1448058634342
1448058634780
1448058635269
1448058635733
1448058636238
1448058636727
1448058637223
1448058637712
1448058638168
1448058638639
1448058639128
1448058639583
1448058640055
1448058640494
1448058640966
1448058641430
1448058641851
1448058642290
1448058642796
1448058643251
1448058643715
1448058644245
1448058644700
1448058645189
1448058645711
1448058646166
1448058646621
1448058647127
1448058647591
1448058648046
1448058648535
1448058648956
1448058649412
1448058649901
1448058650389
1448058650886
1448058651374
1448058651796
1448058652269
1448058652732
1448058653204
1448058653667
1448058654131
1448058654613
1448058655051
1448058655540
1448058655986
1448058656592
1448058657048
1448058657536
1448058658008
1448058658463
1448058658952
1448058659391
1448058659862
1448058660334
1448058660789
1448058661286
1448058661742
1448058662205
1448058662694
1448058663148
1448058663637
1448058664101
1448058664556
1448058665053
1448058665508
1448058665972
1448058666451
1448058666882
1448058667371
1448058667826
1448058668298
1448058668769
1448058669217
1448058669697
1448058670160
1448058670616
1448058671104
1448058671551
1448058672040
1448058672511
1448058672959
1448058673463
1448058673919
1448058674383
1448058674871
1448058675326
1448058675814
1448058676287
1448058676742
1448058677247
1448058677711
1448058678190
1448058678663
1448058679101
1448058679606
1448058680055
1448058680501
1448058680982
1448058681420
1448058681884
1448058682356
1448058682794
1448058683258
1448058683713
1448058684152
1448058684600
1448058685046
1448058685510
1448058685981
1448058686562
1448058687034
1448058687489
1448058687953
1448058688441
1448058688921
1448058689385
1448058689849
1448058690313
1448058690801
1448058691290
1448058691729
1448058692208
1448058692681
1448058693127
1448058693600
1448058694089
1448058694577
1448058695066
1448058695529
1448058695993
1448058696457
1448058696903
1448058697375
1448058697864
1448058698319
1448058698792
1448058699280
1448058699744
1448058700249
1448058700713
1448058701193
1448058701681
1448058702162
1448058702643
1448058703147
1448058703628
1448058704133
1448058704630
1448058705062
1448058705517
1448058706031
1448058706494
1448058706991
1448058707489
1448058707952
1448058708457
1448058708929
1448058709410
1448058709907
1448058710387
1448058710842
1448058711364
1448058711828
1448058712292
1448058712805
1448058713302
1448058713807
1448058714313
1448058714768
1448058715240
1448058715704
1448058716192
1448058716781
1448058717253
1448058717741
1448058718222
1448058718710
1448058719215
1448058719696
1448058720192
1448058720681
1448058721136
1448058721658
1448058722122
1448058722593
1448058723107
1448058723554
1448058724043
1448058724547
1448058724986
1448058725500
1448058725988
1448058726460
1448058726982
1448058727454
1448058727960
1448058728448
1448058728928
1448058729424
1448058729905
1448058730419
1448058730899
1448058731406
1448058731920
1448058732433
1448058732906
1448058733435
1448058733916
1448058734387
1448058734909
1448058735365
1448058735861
1448058736367
1448058736813
1448058737319
1448058737808
1448058738279
1448058738793
1448058739264
1448058739753
1448058740233
1448058740722
1448058741219
1448058741674
1448058742171
1448058742651
1448058743115
1448058743620
1448058744067
1448058744547
1448058745052
1448058745516
1448058746063
1448058746543
1448058747015
1448058747536
1448058748034
1448058748506
1448058749044
1448058749516
1448058750004
1448058750526
1448058750982
1448058751562
1448058752059
1448058752563
1448058753036
1448058753557
1448058754046
1448058754527
1448058755073
1448058755545
1448058756041
1448058756572
1448058757053
1448058757566
1448058758064
1448058758519
1448058759000
1448058759497
1448058759968
1448058760474
1448058760953
1448058761442
1448058761931
