1448046090280
1448046093154
1448046093643
1448046094090
1448046094612
1448046095086
1448046095532
1448046096013
1448046096509
1448046096973
1448046097454
1448046097925
1448046098423
1448046098869
1448046099375
1448046099897
1448046100352
1448046100841
1448046101321
1448046101809
1448046102332
1448046102820
1448046103292
1448046103789
1448046104303
1448046104791
1448046105288
1448046105802
1448046106290
1448046106779
1448046107243
1448046107706
1448046108229
1448046108742
1448046109206
1448046109720
1448046110216
1448046110697
1448046111226
1448046111724
1448046112254
1448046112742
1448046113214
1448046113727
1448046114241
1448046114722
1448046115210
1448046115732
1448046116328
1448046116834
1448046117323
1448046117778
1448046118250
1448046118738
1448046119218
1448046119699
1448046120245
1448046120750
1448046121255
1448046121777
1448046122257
1448046122723
1448046123229
1448046123708
1448046124189
1448046124710
1448046125216
1448046125704
1448046126201
1448046126698
1448046127186
1448046127717
1448046128206
1448046128685
1448046129208
1448046129662
1448046130184
1448046130657
1448046131120
1448046131625
1448046132138
1448046132669
1448046133183
1448046133654
1448046134151
1448046134648
1448046135128
1448046135641
1448046136122
1448046136627
1448046137124
1448046137588
1448046138117
1448046138598
1448046139087
1448046139608
1448046140080
1448046140585
1448046141091
1448046141588
1448046142117
1448046142607
1448046143111
1448046143592
1448046144106
1448046144594
1448046145116
1448046145596
1448046146102
1448046146657
1448046147162
1448046147684
1448046148147
1448046148653
1448046149135
1448046149581
1448046150070
1448046150542
1448046151039
1448046151569
1448046152083
1448046152563
1448046153085
1448046153590
1448046154079
1448046154584
1448046155098
1448046155586
1448046156100
1448046156581
1448046157052
1448046157567
1448046158055
1448046158544
1448046159049
1448046159537
1448046160009
1448046160531
1448046161012
1448046161526
1448046162039
1448046162536
1448046163057
1448046163572
1448046164077
1448046164607
1448046165104
1448046165559
1448046166073
1448046166579
1448046167075
1448046167564
1448046168028
1448046168524
1448046169038
1448046169551
1448046170065
1448046170553
1448046171026
1448046171565
1448046172070
1448046172550
1448046173064
1448046173536
1448046174042
1448046174571
1448046175069
1448046175567
1448046176097
1448046176636
1448046177116
1448046177655
1448046178144
1448046178632
1448046179163
1448046179651
1448046180123
1448046180637
1448046181108
1448046181589
1448046182119
1448046182591
1448046183097
1448046183626
1448046184115
1448046184587
1448046185118
1448046185590
1448046186111
1448046186617
1448046187088
1448046187594
1448046188100
1448046188571
1448046189077
1448046189573
1448046190054
1448046190543
1448046190998
1448046191512
1448046192010
1448046192464
1448046192962
1448046193441
1448046193897
1448046194394
1448046194899
1448046195388
1448046195901
1448046196365
1448046196879
1448046197375
1448046197898
1448046198386
1448046198858
1448046199372
1448046199835
1448046200350
1448046200854
1448046201410
1448046201925
1448046202439
1448046202928
1448046203424
1448046203905
1448046204419
1448046204915
1448046205421
1448046205901
1448046206490
1448046207012
1448046207483
1448046207997
1448046208502
1448046208999
1448046209522
1448046210018
1448046210499
1448046211036
1448046211517
1448046212014
1448046212536
1448046213025
1448046213529
1448046214035
1448046214515
1448046215037
1448046215534
1448046216030
1448046216536
1448046217008
1448046217529
1448046218010
1448046218523
1448046219020
1448046219500
1448046220022
1448046220503
1448046220991
1448046221496
1448046221959
1448046222465
1448046222954
1448046223433
1448046223947
1448046224419
1448046224916
1448046225430
1448046225901
1448046226415
1448046226903
1448046227392
1448046227906
1448046228377
1448046228876
1448046229406
1448046229886
1448046230408
1448046230921
1448046231444
1448046231982
1448046232471
1448046232976
1448046233498
1448046233978
1448046234508
1448046235005
1448046235485
1448046236007
1448046236587
1448046237092
1448046237598
1448046238094
1448046238616
1448046239080
1448046239585
1448046240082
1448046240554
1448046241076
1448046241556
1448046242044
1448046242558
1448046243030
1448046243535
1448046244032
1448046244487
1448046245026
1448046245489
1448046245978
1448046246492
1448046246955
1448046247444
1448046247982
1448046248479
1448046248984
1448046249498
1448046249986
1448046250500
1448046250980
1448046251493
1448046251982
1448046252471
1448046252951
1448046253448
1448046253928
1448046254425
1448046254914
1448046255402
1448046255900
1448046256389
1448046256869
1448046257375
1448046257846
1448046258343
1448046258848
1448046259320
1448046259842
1448046260322
1448046260794
1448046261349
1448046261830
1448046262327
1448046262848
1448046263329
1448046263842
1448046264347
1448046264844
1448046265308
1448046265830
1448046266294
1448046266840
1448046267345
1448046267850
1448046268331
1448046268869
1448046269341
1448046269838
1448046270360
1448046270824
1448046271345
1448046271834
1448046272305
1448046272819
1448046273292
1448046273779
1448046274260
1448046274723
1448046275212
1448046275693
1448046276189
1448046276678
1448046277149
1448046277655
1448046278127
1448046278623
1448046279129
1448046279584
1448046280114
1448046280586
1448046281058
1448046281588
1448046282043
1448046282534
1448046283064
1448046283553
1448046284042
1448046284555
1448046285035
1448046285540
1448046286054
1448046286534
1448046287056
1448046287536
1448046288033
1448046288538
1448046289036
1448046289549
1448046290029
1448046290526
1448046291048
1448046291528
1448046292033
1448046292505
1448046292977
1448046293516
1448046293971
1448046294459
1448046294965
1448046295428
1448046295933
1448046296471
1448046296944
1448046297457
1448046297946
1448046298443
1448046298939
1448046299420
1448046299942
1448046300422
1448046300919
1448046301415
1448046301880
1448046302402
1448046302890
1448046303362
1448046303908
1448046304381
1448046304903
1448046305416
1448046305896
1448046306426
1448046306923
1448046307412
1448046307925
1448046308439
1448046308952
1448046309459
1448046309948
1448046310453
1448046310933
1448046311430
1448046311944
1448046312407
1448046312920
1448046313418
1448046313889
1448046314411
1448046314883
1448046315363
1448046315885
1448046316365
1448046316846
1448046317384
1448046317839
1448046318337
1448046318850
1448046319322
1448046319860
1448046320357
1448046320846
1448046321367
1448046321873
1448046322369
1448046322875
1448046323347
1448046323860
1448046324357
1448046324871
1448046325334
1448046325857
1448046326353
1448046326908
1448046327446
1448046327927
1448046328416
1448046328929
1448046329418
1448046329923
1448046330412
1448046330916
1448046331405
1448046331894
1448046332415
1448046332888
1448046333409
1448046333898
1448046334378
1448046334908
1448046335380
1448046335901
1448046336398
1448046336914
1448046337402
1448046337916
1448046338388
1448046338885
1448046339382
1448046339870
1448046340368
1448046340856
1448046341353
1448046341850
1448046342330
1448046342844
1448046343323
1448046343812
1448046344318
1448046344781
1448046345295
1448046345766
1448046346247
1448046346768
1448046347224
1448046347729
1448046348225
1448046348698
1448046349227
1448046349700
1448046350197
1448046350701
1448046351199
1448046351704
1448046352226
1448046352698
1448046353195
1448046353700
1448046354180
1448046354677
1448046355149
1448046355646
1448046356134
1448046356648
1448046357178
1448046357634
1448046358147
1448046358636
1448046359090
1448046359613
1448046360093
1448046360564
1448046361087
1448046361541
1448046362030
1448046362518
1448046362974
1448046363472
1448046363960
1448046364441
1448046364954
1448046365426
1448046365915
1448046366420
1448046366892
1448046367389
1448046367877
1448046368366
1448046368871
1448046369352
1448046369873
1448046370337
1448046370817
1448046371355
1448046371803
1448046372307
1448046372830
1448046373285
1448046373806
1448046374279
1448046374767
1448046375289
1448046375735
1448046376233
1448046376722
1448046377176
1448046377682
1448046378145
1448046378642
1448046379148
1448046379652
1448046380133
1448046380646
1448046381127
1448046381640
1448046382137
1448046382626
1448046383139
1448046383628
1448046384108
1448046384621
1448046385102
1448046385623
1448046386129
1448046386693
1448046387222
1448046387694
1448046388191
1448046388705
1448046389210
1448046389740
1448046390222
1448046390685
1448046391199
1448046391687
1448046392167
1448046392681
1448046393153
1448046393650
1448046394155
1448046394627
1448046395157
1448046395629
1448046396118
1448046396639
1448046397120
1448046397642
1448046398121
1448046398619
1448046399124
1448046399587
1448046400093
1448046400573
1448046401070
1448046401583
1448046402055
1448046402586
1448046403040
1448046403529
1448046404034
1448046404531
1448046404986
1448046405533
1448046406005
1448046406502
1448046407007
1448046407454
1448046407968
1448046408448
1448046408920
1448046409434
1448046409897
1448046410385
1448046410891
1448046411371
1448046411893
1448046412381
1448046412862
1448046413375
1448046413847
1448046414352
1448046414832
1448046415313
1448046415843
1448046416306
1448046416813
1448046417351
1448046417832
1448046418354
1448046418859
1448046419331
1448046419861
1448046420350
1448046420829
1448046421351
1448046421899
1448046422403
1448046422901
1448046423380
1448046423886
1448046424358
1448046424863
1448046425360
1448046425840
1448046426362
1448046426834
1448046427331
1448046427844
1448046428307
1448046428813
1448046429285
1448046429807
1448046430296
1448046430784
1448046431289
1448046431770
1448046432283
1448046432763
1448046433276
1448046433782
1448046434245
1448046434759
1448046435248
1448046435719
1448046436250
1448046436704
1448046437193
1448046437707
1448046438162
1448046438667
1448046439172
1448046439644
1448046440167
1448046440655
1448046441160
1448046441623
1448046442145
1448046442609
1448046443131
1448046443613
1448046444067
1448046444556
1448046445054
1448046445508
1448046446030
1448046446527
1448046446999
1448046447513
1448046447993
1448046448490
1448046448986
1448046449467
1448046449980
1448046450452
1448046450958
1448046451454
1448046451926
1448046452473
1448046452928
1448046453442
1448046453939
1448046454419
1448046454940
1448046455421
1448046455927
1448046456431
1448046457020
1448046457500
1448046457989
1448046458503
1448046458958
1448046459463
1448046459960
1448046460449
1448046460946
1448046461459
1448046461982
1448046462520
1448046463034
1448046463497
1448046463994
1448046464500
1448046464963
1448046465460
1448046465932
1448046466379
1448046466910
1448046467423
1448046467903
1448046468434
1448046468922
1448046469403
1448046469899
1448046470423
1448046470920
1448046471383
1448046471939
1448046472411
1448046472891
1448046473389
1448046473852
1448046474365
1448046474863
1448046475384
1448046475865
1448046476361
1448046476867
1448046477330
1448046477860
1448046478366
1448046478871
1448046479401
1448046479940
1448046480412
1448046480917
1448046481414
1448046481886
1448046482392
1448046482888
1448046483377
1448046483882
1448046484379
1448046484877
1448046485398
1448046485912
1448046486375
1448046486964
1448046487445
1448046487908
1448046488439
1448046488918
1448046489399
1448046489897
1448046490368
1448046490840
1448046491362
1448046491834
1448046492340
1448046492836
1448046493284
1448046493797
1448046494302
1448046494808
1448046495304
1448046495802
1448046496290
1448046496781
1448046497278
1448046497733
1448046498239
1448046498702
1448046499157
1448046499671
1448046500160
1448046500657
1448046501153
1448046501634
1448046502123
1448046502653
1448046503150
1448046503688
1448046504227
1448046504733
1448046505254
1448046505752
1448046506190
1448046506720
1448046507226
1448046507714
1448046508194
1448046508699
1448046509163
1448046509627
1448046510165
1448046510638
1448046511151
1448046511623
1448046512104
1448046512592
1448046513089
1448046513594
1448046514074
1448046514555
1448046515060
1448046515540
1448046516045
1448046516534
1448046517098
1448046517611
1448046518083
1448046518596
1448046519102
1448046519591
1448046520062
1448046520543
1448046521031
1448046521520
1448046522018
1448046522531
1448046522988
1448046523451
1448046523940
1448046524462
1448046524984
1448046525498
1448046525953
1448046526416
1448046526930
1448046527385
1448046527882
1448046528338
1448046528801
1448046529332
1448046529845
1448046530309
1448046530798
1448046531278
1448046531792
1448046532271
1448046532769
1448046533283
1448046533771
1448046534251
1448046534739
1448046535262
1448046535726
1448046536230
1448046536719
1448046537199
1448046537704
1448046538184
1448046538673
1448046539170
1448046539650
1448046540155
1448046540635
1448046541132
1448046541638
1448046542101
1448046542615
1448046543086
1448046543558
1448046544081
1448046544536
1448046545024
1448046545529
1448046546010
1448046546499
1448046547103
1448046547576
1448046548088
1448046548602
1448046549066
1448046549612
1448046550095
1448046550549
1448046551055
1448046551544
1448046552015
1448046552521
1448046552992
1448046553481
1448046553986
1448046554458
1448046554955
1448046555418
1448046555916
1448046556387
1448046556859
1448046557356
1448046557811
1448046558300
1448046558796
1448046559244
1448046559766
1448046560245
1448046560718
1448046561256
1448046561728
1448046562234
1448046562747
1448046563219
1448046563724
1448046564212
1448046564701
1448046565198
1448046565687
1448046566191
1448046566680
1448046567185
1448046567690
1448046568171
1448046568701
1448046569198
1448046569678
1448046570216
1448046570680
1448046571177
1448046571674
1448046572129
1448046572659
1448046573123
1448046573594
1448046574100
1448046574563
1448046575052
1448046575541
1448046576012
1448046576519
1448046577091
1448046577563
1448046578060
1448046578523
1448046579029
1448046579500
1448046579964
1448046580470
1448046580975
1448046581447
1448046581985
1448046582466
1448046582963
1448046583492
1448046583973
1448046584470
1448046584975
1448046585431
1448046585936
1448046586450
1448046586888
1448046587377
1448046587849
1448046588320
