1448052468227
1448052470205
1448052470634
1448052471108
1448052471571
1448052472018
1448052472540
1448052472987
1448052473451
1448052473955
1448052474394
1448052474882
1448052475363
1448052475827
1448052476298
1448052476754
1448052477242
1448052477697
1448052478178
1448052478674
1448052479113
1448052479601
1448052480082
1448052480513
1448052481001
1448052481465
1448052481902
1448052482400
1448052482847
1448052483302
1448052483799
1448052484229
1448052484709
1448052485190
1448052485620
1448052486084
1448052486597
1448052487044
1448052487515
1448052488012
1448052488460
1448052488948
1448052489420
1448052489866
1448052490355
1448052490803
1448052491268
1448052491813
1448052492259
1448052492740
1448052493204
1448052493651
1448052494140
1448052494578
1448052495025
1448052495489
1448052495935
1448052496416
1448052496904
1448052497395
1448052497859
1448052498355
1448052498811
1448052499291
1448052499755
1448052500202
1448052500657
1448052501146
1448052501644
1448052502115
1448052502563
1448052502976
1448052503490
1448052503929
1448052504392
1448052504856
1448052505319
1448052505775
1448052506281
1448052506719
1448052507191
1448052507671
1448052508176
1448052508640
1448052509112
1448052509584
1448052510022
1448052510512
1448052510984
1448052511430
1448052511928
1448052512383
1448052512822
1448052513294
1448052513749
1448052514238
1448052514710
1448052515148
1448052515620
1448052516084
1448052516573
1448052517077
1448052517550
1448052518030
1448052518485
1448052518949
1448052519421
1448052519876
1448052520382
1448052520820
1448052521309
1448052521905
1448052522337
1448052522776
1448052523248
1448052523753
1448052524226
1448052524689
1448052525144
1448052525632
1448052526105
1448052526552
1448052527040
1448052527504
1448052527959
1448052528448
1448052528904
1448052529392
1448052529847
1448052530319
1448052530808
1448052531247
1448052531752
1448052532224
1448052532712
1448052533176
1448052533640
1448052534128
1448052534625
1448052535122
1448052535577
1448052536066
1448052536538
1448052536993
1448052537498
1448052537995
1448052538468
1448052538931
1448052539395
1448052539883
1448052540364
1448052540861
1448052541315
1448052541780
1448052542268
1448052542706
1448052543187
1448052543642
1448052544148
1448052544619
1448052545075
1448052545522
1448052546010
1448052546449
1448052546954
1448052547453
1448052547942
1448052548371
1448052548835
1448052549315
1448052549754
1448052550218
1448052550689
1448052551195
1448052551700
1448052552180
1448052552628
1448052553091
1448052553563
1448052554018
1448052554507
1448052554945
1448052555417
1448052555889
1448052556327
1448052556808
1448052557296
1448052557776
1448052558232
1448052558728
1448052559192
1448052559664
1448052560152
1448052560608
1448052561096
1448052561585
1448052562032
1448052562529
1448052562968
1448052563439
1448052563911
1448052564349
1448052564822
1448052565311
1448052565749
1448052566221
1448052566692
1448052567131
1448052567629
1448052568092
1448052568556
1448052569052
1448052569507
1448052569988
1448052570459
1448052570907
1448052571411
1448052571875
1448052572363
1448052572879
1448052573342
1448052573830
1448052574319
1448052574782
1448052575280
1448052575752
1448052576248
1448052576745
1448052577209
1448052577731
1448052578220
1448052578683
1448052579213
1448052579676
1448052580165
1448052580679
1448052581134
1448052581714
1448052582236
1448052582708
1448052583222
1448052583726
1448052584207
1448052584728
1448052585217
1448052585705
1448052586228
1448052586708
1448052587213
1448052587718
1448052588215
1448052588720
1448052589201
1448052589714
1448052590211
1448052590707
1448052591221
1448052591710
1448052592207
1448052592704
1448052593150
1448052593664
1448052594136
1448052594633
1448052595105
1448052595618
1448052596074
1448052596571
1448052597042
1448052597506
1448052598028
1448052598492
1448052598965
1448052599470
1448052599942
1448052600413
1448052600911
1448052601365
1448052601838
1448052602310
1448052602773
1448052603279
1448052603733
1448052604205
1448052604678
1448052605116
1448052605605
1448052606051
1448052606523
1448052606996
1448052607434
1448052607923
1448052608377
1448052608833
1448052609330
1448052609760
1448052610232
1448052610703
1448052611142
1448052611681
1448052612136
1448052612600
1448052613088
1448052613560
1448052614007
1448052614512
1448052614985
1448052615464
1448052615936
1448052616391
1448052616888
1448052617327
1448052617815
1448052618296
1448052618726
1448052619240
1448052619670
1448052620141
1448052620622
1448052621060
1448052621566
1448052622030
1448052622485
1448052622965
1448052623420
1448052623892
1448052624366
1448052624820
1448052625293
1448052625772
1448052626220
1448052626725
1448052627171
1448052627660
1448052628157
1448052628612
1448052629100
1448052629581
1448052630028
1448052630533
1448052630988
1448052631476
1448052631949
1448052632404
1448052632909
1448052633381
1448052633844
1448052634333
1448052634805
1448052635293
1448052635766
1448052636254
1448052636743
1448052637190
1448052637670
1448052638142
1448052638588
1448052639102
1448052639549
1448052640021
1448052640526
1448052640956
1448052641437
1448052641967
1448052642455
1448052642911
1448052643416
1448052643888
1448052644342
1448052644865
1448052645320
1448052645759
1448052646272
1448052646727
1448052647183
1448052647680
1448052648110
1448052648582
1448052649070
1448052649509
1448052649983
1448052650480
1448052650935
1448052651423
1448052651921
1448052652393
1448052652881
1448052653353
1448052653825
1448052654339
1448052654803
1448052655257
1448052655738
1448052656168
1448052656640
1448052657129
1448052657575
1448052658048
1448052658519
1448052658966
1448052659472
1448052659926
1448052660415
1448052660903
1448052661359
1448052661863
1448052662336
1448052662791
1448052663313
1448052663768
1448052664240
1448052664745
1448052665209
1448052665705
1448052666186
1448052666674
1448052667155
1448052667644
1448052668140
1448052668604
1448052669100
1448052669589
1448052670036
1448052670541
1448052671005
1448052671451
1448052671990
1448052672429
1448052672909
1448052673406
1448052673844
1448052674325
1448052674796
1448052675252
1448052675725
1448052676205
1448052676652
1448052677132
1448052677596
1448052678077
1448052678506
1448052678995
1448052679450
1448052679897
1448052680386
1448052680824
1448052681280
1448052681793
1448052682232
1448052682721
1448052683200
1448052683656
1448052684152
1448052684608
1448052685088
1448052685568
1448052686049
1448052686545
1448052687001
1448052687465
1448052687928
1448052688383
1448052688888
1448052689335
1448052689806
1448052690296
1448052690751
1448052691239
1448052691711
1448052692158
1448052692663
1448052693102
1448052693565
1448052694037
1448052694492
1448052694964
1448052695403
1448052695858
1448052696322
1448052696760
1448052697249
1448052697704
1448052698159
1448052698681
1448052699111
1448052699600
1448052700056
1448052700518
1448052700990
1448052701445
1448052701970
1448052702467
1448052702913
1448052703385
1448052703857
1448052704304
1448052704800
1448052705264
1448052705720
1448052706200
1448052706655
1448052707118
1448052707582
1448052708038
1448052708534
1448052708990
1448052709461
1448052709942
1448052710397
1448052710910
1448052711374
1448052711846
1448052712335
1448052712798
1448052713278
1448052713750
1448052714197
1448052714694
1448052715133
1448052715613
1448052716085
1448052716523
1448052716970
1448052717476
1448052717939
1448052718420
1448052718941
1448052719380
1448052719876
1448052720382
1448052720871
1448052721375
1448052721856
1448052722319
1448052722833
1448052723288
1448052723776
1448052724265
1448052724728
1448052725226
1448052725698
1448052726186
1448052726683
1448052727130
1448052727603
1448052728100
1448052728547
1448052729061
1448052729524
1448052729996
1448052730518
1448052730956
1448052731454
1448052731958
1448052732422
1448052732935
1448052733416
1448052733904
1448052734393
1448052734873
1448052735378
1448052735858
1448052736364
1448052736893
1448052737374
1448052737895
1448052738376
1448052738865
1448052739403
1448052739875
1448052740397
1448052740902
1448052741374
1448052741929
1448052742410
1448052742889
1448052743412
1448052743884
1448052744388
1448052744869
1448052745349
1448052745854
1448052746327
1448052746823
1448052747312
1448052747783
1448052748297
1448052748768
1448052749257
1448052749755
1448052750209
1448052750723
1448052751203
1448052751667
1448052752189
1448052752627
1448052753124
1448052753621
1448052754111
1448052754625
1448052755130
1448052755610
1448052756131
1448052756629
1448052757134
1448052757630
1448052758128
1448052758649
1448052759130
1448052759635
1448052760148
1448052760637
1448052761167
1448052761664
1448052762144
1448052762691
1448052763155
1448052763643
1448052764149
1448052764611
1448052765134
1448052765614
1448052766111
1448052766608
1448052767179
1448052767702
1448052768216
1448052768712
1448052769201
1448052769672
1448052770178
1448052770634
1448052771130
1448052771619
1448052772116
1448052772629
1448052773118
1448052773590
1448052774103
1448052774575
1448052775072
1448052775578
1448052776066
1448052776563
1448052777060
1448052777557
1448052778063
1448052778559
1448052779065
1448052779570
1448052780059
1448052780533
1448052781046
1448052781535
1448052782015
1448052782537
1448052783009
1448052783481
1448052784003
1448052784491
1448052784980
1448052785477
1448052785949
1448052786438
1448052786967
1448052787423
1448052787912
1448052788417
1448052788889
1448052789387
1448052789883
1448052790405
1448052790935
1448052791408
1448052791871
1448052792385
1448052792874
1448052793370
1448052793851
1448052794373
1448052794819
1448052795325
1448052795846
1448052796343
1448052796857
1448052797395
1448052797868
1448052798372
1448052798878
1448052799324
1448052799846
1448052800327
1448052800798
1448052801320
1448052801783
1448052802289
1448052802778
1448052803258
1448052803772
1448052804251
1448052804757
1448052805237
1448052805717
1448052806231
1448052806694
1448052807151
1448052807665
1448052808128
1448052808625
1448052809138
1448052809610
1448052810133
1448052810612
1448052811093
1448052811614
1448052812087
1448052812575
1448052813080
1448052813544
1448052814049
1448052814521
1448052815009
1448052815506
1448052815987
1448052816492
1448052816964
1448052817460
1448052817966
1448052818438
1448052818959
1448052819448
1448052819920
1448052820425
1448052820881
1448052821369
1448052821874
1448052822321
1448052822843
1448052823332
1448052823787
1448052824292
1448052824763
1448052825252
1448052825749
1448052826221
1448052826743
1448052827331
1448052827828
1448052828341
1448052828839
1448052829361
1448052829882
1448052830371
1448052830868
1448052831382
1448052831871
1448052832425
1448052832914
1448052833410
1448052833909
1448052834398
1448052834861
1448052835375
1448052835846
1448052836327
1448052836841
1448052837295
1448052837801
1448052838297
1448052838745
1448052839283
1448052839763
1448052840260
1448052840765
1448052841254
1448052841742
1448052842231
1448052842728
1448052843241
1448052843730
1448052844235
1448052844724
1448052845221
1448052845726
1448052846198
1448052846694
1448052847208
1448052847672
1448052848185
1448052848682
1448052849145
1448052849667
1448052850148
1448052850619
1448052851125
1448052851580
1448052852060
1448052852574
1448052853046
1448052853543
1448052854056
1448052854520
1448052855058
1448052855538
1448052856035
1448052856523
1448052857012
1448052857509
1448052857981
1448052858487
1448052858975
1448052859463
1448052859976
1448052860493
1448052860982
1448052861495
1448052862058
1448052862513
1448052863044
1448052863541
1448052864021
1448052864543
1448052864997
1448052865495
1448052866000
1448052866472
1448052866977
1448052867457
1448052867929
1448052868435
1448052868898
1448052869387
1448052869875
1448052870347
1448052870844
1448052871316
1448052871813
1448052872284
1448052872765
1448052873286
1448052873742
1448052874231
1448052874719
1448052875183
1448052875696
1448052876160
1448052876640
1448052877128
1448052877592
1448052878063
1448052878552
1448052878991
1448052879496
1448052879968
1448052880415
1448052880920
1448052881367
1448052881839
1448052882319
1448052882757
1448052883246
1448052883719
1448052884173
1448052884654
1448052885084
1448052885581
1448052886035
1448052886476
1448052886973
1448052887428
1448052887892
1448052888388
1448052888819
1448052889316
1448052889787
1448052890251
1448052890764
1448052891220
1448052891684
1448052892255
1448052892719
1448052893199
1448052893679
1448052894135
1448052894640
1448052895112
1448052895583
1448052896072
1448052896536
1448052897041
1448052897496
1448052897976
1448052898465
1448052898904
1448052899400
1448052899856
1448052900311
1448052900808
1448052901246
1448052901735
1448052902216
1448052902662
1448052903135
1448052903624
1448052904078
1448052904559
1448052905005
1448052905477
1448052905940
1448052906396
1448052906893
1448052907348
1448052907820
1448052908308
1448052908739
1448052909228
1448052909683
1448052910138
1448052910643
1448052911089
1448052911578
1448052912050
1448052912541
1448052913029
1448052913534
1448052913998
1448052914503
1448052914975
1448052915447
1448052915935
1448052916391
1448052916871
1448052917326
1448052917839
1448052918295
1448052918766
1448052919263
1448052919711
1448052920199
1448052920679
1448052921134
1448052921631
1448052922187
1448052922642
1448052923114
1448052923594
1448052924066
1448052924538
1448052924993
1448052925465
1448052925970
1448052926425
1448052926914
1448052927369
1448052927866
1448052928371
1448052928860
1448052929332
1448052929820
1448052930276
1448052930747
1448052931236
1448052931675
1448052932171
1448052932652
1448052933107
1448052933604
1448052934075
1448052934514
1448052934995
1448052935458
1448052935913
1448052936409
1448052936840
1448052937329
1448052937792
1448052938266
1448052938754
1448052939243
1448052939731
1448052940186
1448052940675
1448052941130
1448052941635
1448052942099
1448052942554
1448052942993
1448052943473
1448052943928
1448052944400
1448052944847
1448052945328
1448052945766
1448052946229
1448052946701
1448052947181
1448052947620
1448052948092
1448052948531
1448052948977
1448052949449
