1448059316259
1448059319252
1448059319757
1448059320253
1448059320716
1448059321247
1448059321711
1448059322207
1448059322721
1448059323184
1448059323706
1448059324187
1448059324667
1448059325180
1448059325652
1448059326157
1448059326654
1448059327143
1448059327682
1448059328161
1448059328667
1448059329155
1448059329635
1448059330142
1448059330630
1448059331119
1448059331641
1448059332113
1448059332618
1448059333115
1448059333587
1448059334117
1448059334614
1448059335094
1448059335624
1448059336138
1448059336609
1448059337123
1448059337612
1448059338075
1448059338614
1448059339102
1448059339600
1448059340146
1448059340635
1448059341107
1448059341587
1448059342067
1448059342547
1448059343069
1448059343567
1448059344096
1448059344610
1448059345106
1448059345612
1448059346092
1448059346581
1448059347078
1448059347541
1448059348030
1448059348502
1448059348990
1448059349487
1448059349959
1448059350472
1448059350953
1448059351449
1448059351938
1448059352418
1448059352915
1448059353436
1448059353934
1448059354439
1448059354961
1448059355450
1448059355979
1448059356468
1448059356993
1448059357530
1448059358053
1448059358516
1448059358996
1448059359527
1448059359998
1448059360495
1448059360983
1448059361464
1448059361978
1448059362441
1448059362947
1448059363426
1448059363890
1448059364387
1448059364900
1448059365398
1448059365902
1448059366358
1448059366871
1448059367351
1448059367857
1448059368370
1448059368876
1448059369330
1448059369836
1448059370308
1448059370780
1448059371244
1448059371707
1448059372204
1448059372651
1448059373131
1448059373620
1448059374049
1448059374538
1448059375011
1448059375440
1448059375954
1448059376392
1448059376864
1448059377362
1448059377800
1448059378280
1448059378752
1448059379207
1448059379688
1448059380151
1448059380623
1448059381086
1448059381550
1448059382055
1448059382502
1448059382992
1448059383497
1448059383953
1448059384457
1448059384955
1448059385435
1448059385932
1448059386404
1448059386875
1448059387381
1448059387895
1448059388400
1448059388855
1448059389343
1448059389782
1448059390255
1448059390676
1448059391157
1448059391636
1448059392125
1448059392589
1448059393061
1448059393508
1448059394013
1448059394510
1448059394983
1448059395471
1448059395935
1448059396356
1448059396862
1448059397343
1448059397789
1448059398286
1448059398751
1448059399214
1448059399694
1448059400141
1448059400605
1448059401103
1448059401565
1448059402054
1448059402492
1448059402973
1448059403437
1448059403875
1448059404372
1448059404810
1448059405282
1448059405779
1448059406210
1448059406690
1448059407161
1448059407625
1448059408113
1448059408577
1448059409076
1448059409556
1448059410011
1448059410499
1448059410972
1448059411444
1448059411899
1448059412396
1448059412851
1448059413340
1448059413778
1448059414250
1448059414722
1448059415160
1448059415657
1448059416121
1448059416576
1448059417073
1448059417561
1448059418050
1448059418506
1448059419010
1448059419483
1448059419979
1448059420468
1448059420923
1448059421437
1448059421892
1448059422380
1448059422869
1448059423332
1448059423838
1448059424293
1448059424773
1448059425254
1448059425767
1448059426239
1448059426744
1448059427224
1448059427730
1448059428251
1448059428740
1448059429237
1448059429742
1448059430223
1448059430744
1448059431224
1448059431722
1448059432243
1448059432724
1448059433245
1448059433759
1448059434256
1448059434778
1448059435259
1448059435706
1448059436220
1448059436667
1448059437138
1448059437627
1448059438090
1448059438587
1448059439067
1448059439540
1448059439995
1448059440467
1448059440964
1448059441377
1448059441882
1448059442346
1448059442784
1448059443282
1448059443728
1448059444184
1448059444673
1448059445111
1448059445599
1448059446079
1448059446543
1448059447032
1448059447592
1448059448059
1448059448522
1448059448986
1448059449491
1448059449938
1448059450435
1448059450915
1448059451379
1448059451883
1448059452356
1448059452811
1448059453316
1448059453771
1448059454259
1448059454748
1448059455204
1448059455692
1448059456164
1448059456644
1448059457124
1448059457588
1448059458093
1448059458549
1448059459012
1448059459509
1448059459956
1448059460453
1448059460901
1448059461339
1448059461820
1448059462284
1448059462722
1448059463236
1448059463699
1448059464163
1448059464667
1448059465115
1448059465603
1448059466067
1448059466531
1448059467018
1448059467466
1448059467955
1448059468418
1448059468882
1448059469386
1448059469825
1448059470322
1448059470777
1448059471241
1448059471738
1448059472201
1448059472690
1448059473178
1448059473634
1448059474138
1448059474594
1448059475058
1448059475546
1448059476010
1448059476506
1448059476962
1448059477433
1448059477956
1448059478428
1448059478916
1448059479363
1448059479835
1448059480307
1448059480754
1448059481242
1448059481715
1448059482178
1448059482675
1448059483131
1448059483602
1448059484074
1448059484529
1448059485035
1448059485482
1448059485953
1448059486402
1448059486857
1448059487321
1448059487826
1448059488256
1448059488737
1448059489208
1448059489647
1448059490144
1448059490590
1448059491054
1448059491543
1448059491998
1448059492495
1448059492975
1448059493439
1448059493927
1448059494383
1448059494871
1448059495351
1448059495815
1448059496311
1448059496767
1448059497255
1448059497727
1448059498200
1448059498696
1448059499168
1448059499631
1448059500128
1448059500584
1448059501064
1448059501553
1448059502026
1448059502497
1448059502994
1448059503466
1448059503954
1448059504426
1448059504848
1448059505345
1448059505800
1448059506264
1448059506752
1448059507199
1448059507805
1448059508259
1448059508724
1448059509203
1448059509642
1448059510131
1448059510603
1448059511058
1448059511563
1448059512053
1448059512509
1448059513005
1448059513461
1448059513915
1448059514404
1448059514860
1448059515331
1448059515787
1448059516241
1448059516714
1448059517194
1448059517649
1448059518138
1448059518593
1448059519040
1448059519528
1448059519967
1448059520447
1448059520910
1448059521366
1448059521838
1448059522326
1448059522782
1448059523270
1448059523742
1448059524205
1448059524703
1448059525158
1448059525646
1448059526110
1448059526565
1448059527054
1448059527493
1448059527964
1448059528436
1448059528874
1448059529355
1448059529802
1448059530265
1448059530746
1448059531184
1448059531664
1448059532127
1448059532583
1448059533088
1448059533526
1448059533999
1448059534470
1448059534926
1448059535398
1448059535894
1448059536358
1448059536838
1448059537345
1448059537867
1448059538339
1448059538811
1448059539249
1448059539738
1448059540194
1448059540648
1448059541137
1448059541584
1448059542056
1448059542528
1448059542974
1448059543480
1448059543935
1448059544415
1448059544888
1448059545342
1448059545831
1448059546269
1448059546733
1448059547213
1448059547660
1448059548149
1448059548604
1448059549059
1448059549556
1448059549995
1448059550492
1448059550963
1448059551427
1448059551932
1448059552387
1448059552860
1448059553348
1448059553812
1448059554300
1448059554772
1448059555227
1448059555715
1448059556171
1448059556659
1448059557140
1448059557595
1448059558100
1448059558564
1448059559035
1448059559524
1448059559963
1448059560459
1448059560907
1448059561361
1448059561834
1448059562297
1448059562763
1448059563235
1448059563723
1448059564170
1448059564658
1448059565131
1448059565586
1448059566083
1448059566555
1448059567051
1448059567532
1448059568087
1448059568584
1448059569039
1448059569519
1448059569999
1448059570447
1448059570943
1448059571390
1448059571845
1448059572334
1448059572781
1448059573261
1448059573742
1448059574196
1448059574685
1448059575165
1448059575662
1448059576151
1448059576589
1448059577103
1448059577574
1448059578030
1448059578544
1448059579007
1448059579496
1448059580000
1448059580456
1448059580970
1448059581449
1448059581938
1448059582443
1448059582915
1448059583421
1448059583909
1448059584398
1448059584911
1448059585375
1448059585880
1448059586377
1448059586866
1448059587395
1448059587876
1448059588381
1448059588937
1448059589401
1448059589889
1448059590403
1448059590858
1448059591372
1448059591852
1448059592349
1448059592854
1448059593326
1448059593831
1448059594304
1448059594850
1448059595322
1448059595819
1448059596341
1448059596813
1448059597343
1448059597923
1448059598436
1448059598900
1448059599414
1448059599936
1448059600408
1448059600921
1448059601394
1448059601883
1448059602429
1448059602885
1448059603381
1448059603879
1448059604384
1448059604822
1448059605336
1448059605783
1448059606280
1448059606786
1448059607240
1448059607742
1448059608243
1448059608715
1448059609212
1448059609700
1448059610189
1448059610686
1448059611166
1448059611655
1448059612127
1448059612616
1448059613104
1448059613559
1448059614073
1448059614536
1448059615017
1448059615538
1448059616046
1448059616551
1448059617073
1448059617570
1448059618041
1448059618564
1448059619061
1448059619508
1448059620022
1448059620518
1448059620965
1448059621488
1448059621976
1448059622465
1448059623002
1448059623491
1448059623981
1448059624477
1448059624974
1448059625495
1448059626009
1448059626490
1448059626987
1448059627467
1448059627922
1448059628444
1448059628933
1448059629430
1448059629902
1448059630365
1448059630887
1448059631376
1448059631856
1448059632378
1448059632858
1448059633305
1448059633786
1448059634233
1448059634746
1448059635226
1448059635715
1448059636187
1448059636692
1448059637148
1448059637652
1448059638183
1448059638639
1448059639160
1448059639649
1448059640162
1448059640685
1448059641215
1448059641737
1448059642261
1448059642716
1448059643213
1448059643718
1448059644214
1448059644745
1448059645250
1448059645764
1448059646269
1448059646716
1448059647238
1448059647744
1448059648215
1448059648721
1448059649217
1448059649690
1448059650236
1448059650725
1448059651206
1448059651752
1448059652216
1448059652704
1448059653243
1448059653724
1448059654237
1448059654750
1448059655222
1448059655719
1448059656208
1448059656705
1448059657210
1448059657690
1448059658171
1448059658651
1448059659156
1448059659662
1448059660191
1448059660655
1448059661153
1448059661624
1448059662097
1448059662611
1448059663157
1448059663663
1448059664167
1448059664640
1448059665161
1448059665650
1448059666164
1448059666652
1448059667132
1448059667645
1448059668143
1448059668642
1448059669163
1448059669643
1448059670156
1448059670654
1448059671143
1448059671672
1448059672144
1448059672657
1448059673171
1448059673652
1448059674182
1448059674670
1448059675150
1448059675672
1448059676128
1448059676624
1448059677130
1448059677601
1448059678115
1448059678587
1448059679075
1448059679573
1448059680052
1448059680558
1448059681038
1448059681535
1448059682040
1448059682512
1448059683034
1448059683514
1448059684002
1448059684516
1448059684980
1448059685485
1448059685990
1448059686445
1448059686976
1448059687464
1448059687944
1448059688474
1448059688955
1448059689460
1448059689957
1448059690446
1448059690967
1448059691456
1448059691970
1448059692458
1448059693047
1448059693568
1448059694049
1448059694562
1448059695050
1448059695574
1448059696087
1448059696584
1448059697039
1448059697570
1448059698050
1448059698522
1448059699044
1448059699507
1448059699996
1448059700485
1448059700948
1448059701470
1448059701941
1448059702439
1448059702944
1448059703407
1448059703896
1448059704368
1448059704848
1448059705320
1448059705784
1448059706256
1448059706727
1448059707183
1448059707680
1448059708126
1448059708599
1448059709087
1448059709525
1448059710039
1448059710502
1448059710966
1448059711471
1448059711952
1448059712423
1448059712937
1448059713401
1448059713889
1448059714369
1448059714832
1448059715338
1448059715802
1448059716290
1448059716762
1448059717233
1448059717731
1448059718170
1448059718658
1448059719130
1448059719568
1448059720073
1448059720521
1448059720975
1448059721466
1448059721937
1448059722393
1448059722916
1448059723428
1448059723892
1448059724364
1448059724836
1448059725283
1448059725746
1448059726227
1448059726673
1448059727137
1448059727626
1448059728081
1448059728553
1448059729041
1448059729522
1448059730019
1448059730491
1448059730938
1448059731426
1448059731882
1448059732329
1448059732834
1448059733306
1448059733786
1448059734258
1448059734722
1448059735194
1448059735683
1448059736171
1448059736643
1448059737149
1448059737587
1448059738076
1448059738555
1448059739003
1448059739467
1448059739938
1448059740410
1448059740882
1448059741346
1448059741843
1448059742298
1448059742787
1448059743292
1448059743756
1448059744245
1448059744733
1448059745172
1448059745676
1448059746149
1448059746572
1448059747036
1448059747533
1448059747971
1448059748468
1448059748924
1448059749362
1448059749868
1448059750372
1448059750845
1448059751342
1448059751788
1448059752261
1448059752715
1448059753271
1448059753743
1448059754215
1448059754687
1448059755150
1448059755623
1448059756112
1448059756558
1448059757047
1448059757519
1448059757958
1448059758463
1448059758935
1448059759390
1448059759912
1448059760359
1448059760831
1448059761328
1448059761767
1448059762205
1448059762694
1448059763166
1448059763654
1448059764127
1448059764582
1448059765070
1448059765559
1448059766039
1448059766511
1448059766983
1448059767455
1448059767911
1448059768383
1448059768847
1448059769301
1448059769774
1448059770246
1448059770668
1448059771165
1448059771640
1448059772078
1448059772550
1448059773055
1448059773511
1448059773975
1448059774479
1448059774935
1448059775415
1448059775895
1448059776334
1448059776789
1448059777262
1448059777708
1448059778172
1448059778627
1448059779115
1448059779596
1448059780034
1448059780507
1448059780979
1448059781417
1448059781890
1448059782361
1448059782817
1448059783306
1448059783752
1448059784208
1448059784688
1448059785193
1448059785649
1448059786112
1448059786568
1448059787039
1448059787503
1448059787976
1448059788531
1448059789003
1448059789458
1448059789947
1448059790394
1448059790857
1448059791346
1448059791793
1448059792257
1448059792746
1448059793192
1448059793648
1448059794127
1448059794600
1448059795089
1448059795560
1448059795999
1448059796471
1448059796969
1448059797442
1448059797913
1448059798369
1448059798790
1448059799279
1448059799769
1448059800223
