1448048700233
1448048702270
1448048702761
1448048703273
1448048703747
1448048704210
1448048704696
1448048705168
1448048705656
1448048706129
1448048706629
1448048707089
1448048707553
1448048708044
1448048708533
1448048709029
1448048709524
1448048709990
1448048710486
1448048710948
1448048711423
1448048711920
1448048712381
1448048712878
1448048713385
1448048713856
1448048714327
1448048714791
1448048715231
1448048715738
1448048716201
1448048716639
1448048717103
1448048717566
1448048718007
1448048718510
1448048718965
1448048719421
1448048719917
1448048720473
1448048720937
1448048721425
1448048721906
1448048722396
1448048722883
1448048723348
1448048723828
1448048724291
1448048724739
1448048725229
1448048725673
1448048726130
1448048726617
1448048727074
1448048727561
1448048727993
1448048728433
1448048728920
1448048729358
1448048729788
1448048730336
1448048730774
1448048731205
1448048731685
1448048732165
1448048732613
1448048733101
1448048733576
1448048734048
1448048734518
1448048735009
1448048735502
1448048736000
1448048736464
1448048736927
1448048737385
1448048737823
1448048738311
1448048738752
1448048739240
1448048739718
1448048740225
1448048740736
1448048741169
1448048741616
1448048742079
1448048742567
1448048743073
1448048743545
1448048744017
1448048744497
1448048744970
1448048745458
1448048745922
1448048746378
1448048746807
1448048747271
1448048747751
1448048748217
1448048748689
1448048749194
1448048749664
1448048750171
1448048750711
1448048751188
1448048751685
1448048752124
1448048752595
1448048753087
1448048753550
1448048754023
1448048754526
1448048754950
1448048755446
1448048755924
1448048756366
1448048756847
1448048757335
1448048757798
1448048758284
1448048758768
1448048759249
1448048759737
1448048760217
1448048760722
1448048761194
1448048761647
1448048762095
1448048762566
1448048763031
1448048763471
1448048763958
1448048764462
1448048764946
1448048765439
1448048765931
1448048766430
1448048766893
1448048767354
1448048767852
1448048768356
1448048768829
1448048769283
1448048769797
1448048770286
1448048770775
1448048771247
1448048771702
1448048772207
1448048772681
1448048773194
1448048773690
1448048774153
1448048774645
1448048775148
1448048775628
1448048776117
1448048776608
1448048777094
1448048777602
1448048778099
1448048778602
1448048779123
1448048779596
1448048780109
1448048780675
1448048781156
1448048781710
1448048782216
1448048782746
1448048783268
1448048783765
1448048784228
1448048784759
1448048785248
1448048785735
1448048786264
1448048786729
1448048787226
1448048787739
1448048788212
1448048788734
1448048789230
1448048789736
1448048790240
1448048790728
1448048791260
1448048791747
1448048792237
1448048792750
1448048793232
1448048793738
1448048794242
1448048794723
1448048795245
1448048795765
1448048796278
1448048796769
1448048797256
1448048797770
1448048798299
1448048798797
1448048799243
1448048799757
1448048800246
1448048800751
1448048801216
1448048801711
1448048802210
1448048802696
1448048803177
1448048803699
1448048804221
1448048804710
1448048805210
1448048805703
1448048806226
1448048806690
1448048807236
1448048807742
1448048808213
1448048808694
1448048809157
1448048809637
1448048810101
1448048810598
1448048811053
1448048811558
1448048812031
1448048812519
1448048812991
1448048813473
1448048813960
1448048814415
1448048814888
1448048815380
1448048815906
1448048816361
1448048816859
1448048817296
1448048817769
1448048818241
1448048818687
1448048819145
1448048819633
1448048820072
1448048820578
1448048821041
1448048821496
1448048822018
1448048822465
1448048822937
1448048823459
1448048823898
1448048824394
1448048824875
1448048825333
1448048825843
1448048826340
1448048826812
1448048827301
1448048827765
1448048828253
1448048828709
1448048829173
1448048829655
1448048830116
1448048830579
1448048831070
1448048831532
1448048832004
1448048832485
1448048832923
1448048833423
1448048833868
1448048834358
1448048834848
1448048835284
1448048835783
1448048836254
1448048836725
1448048837224
1448048837685
1448048838175
1448048838655
1448048839135
1448048839632
1448048840104
1448048840568
1448048841080
1448048841545
1448048842025
1448048842514
1448048842969
1448048843466
1448048843936
1448048844401
1448048844900
1448048845356
1448048845882
1448048846363
1448048846813
1448048847277
1448048847771
1448048848242
1448048848684
1448048849195
1448048849650
1448048850123
1448048850622
1448048851077
1448048851564
1448048852064
1448048852519
1448048853024
1448048853521
1448048853986
1448048854490
1448048854993
1448048855464
1448048855956
1448048856467
1448048856942
1448048857419
1448048857874
1448048858363
1448048858810
1448048859293
1448048859789
1448048860227
1448048860700
1448048861162
1448048861611
1448048862080
1448048862569
1448048863019
1448048863497
1448048863943
1448048864399
1448048864898
1448048865326
1448048865807
1448048866312
1448048866770
1448048867255
1448048867744
1448048868208
1448048868708
1448048869188
1448048869668
1448048870156
1448048870662
1448048871111
1448048871600
1448048872094
1448048872541
1448048873022
1448048873520
1448048873974
1448048874479
1448048874944
1448048875425
1448048875994
1448048876475
1448048876959
1448048877461
1448048877952
1448048878441
1448048878928
1448048879417
1448048879904
1448048880368
1448048880873
1448048881354
1448048881843
1448048882331
1448048882823
1448048883278
1448048883747
1448048884203
1448048884658
1448048885155
1448048885610
1448048886049
1448048886571
1448048887021
1448048887484
1448048887981
1448048888443
1448048888924
1448048889404
1448048889878
1448048890390
1448048890872
1448048891344
1448048891854
1448048892326
1448048892774
1448048893270
1448048893751
1448048894201
1448048894714
1448048895177
1448048895650
1448048896132
1448048896612
1448048897073
1448048897553
1448048898027
1448048898523
1448048898987
1448048899484
1448048899980
1448048900453
1448048900967
1448048901438
1448048901936
1448048902457
1448048902927
1448048903443
1448048903946
1448048904419
1448048904950
1448048905456
1448048906020
1448048906538
1448048907043
1448048907515
1448048908045
1448048908534
1448048909014
1448048909528
1448048910025
1448048910505
1448048911046
1448048911542
1448048912023
1448048912553
1448048913057
1448048913554
1448048914084
1448048914591
1448048915095
1448048915634
1448048916134
1448048916639
1448048917153
1448048917658
1448048918163
1448048918658
1448048919164
1448048919660
1448048920156
1448048920653
1448048921151
1448048921630
1448048922161
1448048922674
1448048923181
1448048923689
1448048924211
1448048924700
1448048925237
1448048925736
1448048926256
1448048926761
1448048927241
1448048927773
1448048928270
1448048928793
1448048929297
1448048929785
1448048930298
1448048930796
1448048931343
1448048931847
1448048932345
1448048932891
1448048933362
1448048933876
1448048934415
1448048934895
1448048935449
1448048936072
1448048936577
1448048937125
1448048937606
1448048938119
1448048938633
1448048939155
1448048939684
1448048940182
1448048940687
1448048941192
1448048941680
1448048942202
1448048942691
1448048943196
1448048943717
1448048944206
1448048944729
1448048945234
1448048945714
1448048946235
1448048946715
1448048947195
1448048947700
1448048948173
1448048948685
1448048949159
1448048949648
1448048950137
1448048950626
1448048951140
1448048951626
1448048952100
1448048952606
1448048953069
1448048953541
1448048954046
1448048954501
1448048954990
1448048955477
1448048955926
1448048956437
1448048956917
1448048957390
1448048957896
1448048958367
1448048958856
1448048959327
1448048959807
1448048960306
1448048960761
1448048961266
1448048961747
1448048962208
1448048962713
1448048963162
1448048963634
1448048964123
1448048964569
1448048965065
1448048965530
1448048966074
1448048966574
1448048967028
1448048967509
1448048967980
1448048968460
1448048968958
1448048969413
1448048969885
1448048970380
1448048970830
1448048971335
1448048971796
1448048972262
1448048972756
1448048973212
1448048973702
1448048974181
1448048974646
1448048975151
1448048975613
1448048976113
1448048976618
1448048977113
1448048977612
1448048978098
1448048978588
1448048979102
1448048979558
1448048980053
1448048980552
1448048981007
1448048981534
1448048981998
1448048982478
1448048982993
1448048983448
1448048983938
1448048984427
1448048984888
1448048985378
1448048985849
1448048986329
1448048986803
1448048987264
1448048987763
1448048988234
1448048988715
1448048989210
1448048989659
1448048990155
1448048990635
1448048991081
1448048991605
1448048992066
1448048992556
1448048993054
1448048993501
1448048994006
1448048994486
1448048994957
1448048995446
1448048995960
1448048996474
1448048996936
1448048997435
1448048997930
1448048998386
1448048998899
1448048999371
1448048999836
1448049000374
1448049000861
1448049001334
1448049001846
1448049002302
1448049002767
1448049003290
1448049003737
1448049004242
1448049004713
1448049005202
1448049005673
1448049006153
1448049006652
1448049007089
1448049007587
1448049008059
1448049008497
1448049008978
1448049009465
1448049009938
1448049010419
1448049010930
1448049011385
1448049011899
1448049012389
1448049012860
1448049013383
1448049013855
1448049014318
1448049014839
1448049015295
1448049015784
1448049016280
1448049016750
1448049017250
1448049017721
1448049018210
1448049018681
1448049019154
1448049019650
1448049020090
1448049020586
1448049021066
1448049021513
1448049022017
1448049022482
1448049022946
1448049023443
1448049023888
1448049024387
1448049024858
1448049025322
1448049025917
1448049026382
1448049026862
1448049027357
1448049027822
1448049028314
1448049028818
1448049029314
1448049029803
1448049030293
1448049030789
1448049031293
1448049031749
1448049032288
1448049032768
1448049033224
1448049033753
1448049034218
1448049034698
1448049035203
1448049035659
1448049036153
1448049036628
1448049037089
1448049037588
1448049038044
1448049038515
1448049038992
1448049039446
1448049039946
1448049040410
1448049040900
1448049041362
1448049041860
1448049042322
1448049042811
1448049043291
1448049043747
1448049044252
1448049044717
1448049045187
1448049045683
1448049046148
1448049046646
1448049047126
1448049047588
1448049048093
1448049048542
1448049049022
1448049049502
1448049049964
1448049050463
1448049050910
1448049051389
1448049051861
1448049052306
1448049052787
1448049053241
1448049053707
1448049054173
1448049054634
1448049055114
1448049055613
1448049056152
1448049056613
1448049057092
1448049057576
1448049058010
1448049058474
1448049058926
1448049059393
1448049059866
1448049060380
1448049060885
1448049061386
1448049061845
1448049062326
1448049062824
1448049063341
1448049063802
1448049064282
1448049064782
1448049065243
1448049065722
1448049066202
1448049066682
1448049067187
1448049067643
1448049068164
1448049068645
1448049069100
1448049069605
1448049070061
1448049070524
1448049071030
1448049071476
1448049071940
1448049072412
1448049072861
1448049073348
1448049073836
1448049074283
1448049074755
1448049075268
1448049075741
1448049076254
1448049076760
1448049077241
1448049077741
1448049078235
1448049078735
1448049079202
1448049079696
1448049080157
1448049080633
1448049081119
1448049081618
1448049082095
1448049082567
1448049083081
1448049083535
1448049084016
1448049084513
1448049084960
1448049085507
1448049085970
1448049086435
1448049086950
1448049087405
1448049087884
1448049088383
1448049088830
1448049089335
1448049089815
1448049090292
1448049090790
1448049091336
1448049091835
1448049092314
1448049092795
1448049093282
1448049093740
1448049094288
1448049094743
1448049095224
1448049095729
1448049096191
1448049096702
1448049097190
1448049097675
1448049098110
1448049098635
1448049099094
1448049099562
1448049100066
1448049100512
1448049100995
1448049101500
1448049101962
1448049102460
1448049102897
1448049103376
1448049103857
1448049104306
1448049104803
1448049105258
1448049105738
1448049106222
1448049106709
1448049107189
1448049107684
1448049108154
1448049108654
1448049109135
1448049109595
1448049110110
1448049110571
1448049111055
1448049111544
1448049111990
1448049112479
1448049112935
1448049113397
1448049113869
1448049114317
1448049114803
1448049115253
1448049115724
1448049116209
1448049116634
1448049117124
1448049117595
1448049118041
1448049118531
1448049118976
1448049119447
1448049119929
1448049120377
1448049120883
1448049121426
1448049121892
1448049122382
1448049122827
1448049123288
1448049123784
1448049124257
1448049124729
1448049125226
1448049125690
1448049126161
1448049126650
1448049127110
1448049127614
1448049128075
1448049128572
1448049129040
1448049129501
1448049130012
1448049130509
1448049131006
1448049131495
1448049131969
1448049132415
1448049132896
1448049133359
1448049133798
1448049134262
1448049134750
1448049135216
1448049135694
1448049136136
1448049136647
1448049137135
1448049137601
1448049138062
1448049138497
1448049138990
1448049139478
1448049139977
1448049140456
1448049140948
1448049141417
1448049141892
1448049142394
1448049142888
1448049143349
1448049143835
1448049144273
1448049144750
1448049145235
1448049145710
1448049146191
1448049146686
1448049147148
1448049147653
1448049148116
1448049148588
1448049149096
1448049149557
1448049150030
1448049150509
1448049151065
1448049151553
1448049152034
1448049152506
1448049153007
1448049153469
1448049153921
1448049154402
1448049154869
1448049155337
1448049155801
1448049156239
1448049156720
1448049157182
1448049157649
1448049158113
1448049158603
1448049159090
1448049159554
1448049160050
1448049160509
1448049161023
1448049161541
1448049161989
1448049162477
1448049162969
1448049163404
1448049163880
1448049164332
1448049164779
1448049165259
1448049165731
1448049166228
1448049166692
1448049167138
1448049167628
1448049168074
1448049168579
1448049169043
1448049169531
1448049170029
1448049170525
1448049170989
1448049171450
1448049171892
1448049172397
1448049172889
1448049173385
1448049173850
1448049174301
1448049174740
1448049175241
1448049175692
1448049176178
1448049176682
1448049177163
1448049177608
1448049178045
1448049178516
1448049178979
1448049179427
1448049179933
1448049180412
1448049180893
1448049181398
1448049181881
1448049182319
1448049182815
1448049183279
1448049183751
1448049184240
1448049184704
