1448057229066
1448057231945
1448057232425
1448057232864
1448057233360
1448057233824
1448057234280
1448057234776
1448057235215
1448057235720
1448057236209
1448057236698
1448057237203
1448057237658
1448057238147
1448057238635
1448057239091
1448057239579
1448057240035
1448057240506
1448057240988
1448057241444
1448057241898
1448057242379
1448057242800
1448057243306
1448057243778
1448057244216
1448057244714
1448057245160
1448057245616
1448057246088
1448057246535
1448057247007
1448057247495
1448057247951
1448057248423
1448057248894
1448057249342
1448057249838
1448057250319
1448057250800
1448057251304
1448057251760
1448057252223
1448057252729
1448057253184
1448057253664
1448057254178
1448057254608
1448057255105
1448057255561
1448057256016
1448057256504
1448057256993
1448057257490
1448057257929
1448057258392
1448057258865
1448057259404
1448057259900
1448057260355
1448057260819
1448057261307
1448057261754
1448057262234
1448057262715
1448057263161
1448057263659
1448057264113
1448057264569
1448057265066
1448057265504
1448057265962
1448057266458
1448057266906
1448057267394
1448057267866
1448057268321
1448057268826
1448057269290
1448057269762
1448057270250
1448057270706
1448057271194
1448057271658
1448057272113
1448057272610
1448057273057
1448057273545
1448057274009
1448057274489
1448057274927
1448057275416
1448057275871
1448057276327
1448057276823
1448057277262
1448057277751
1448057278222
1448057278678
1448057279191
1448057279646
1448057280135
1448057280607
1448057281062
1448057281567
1448057282023
1448057282495
1448057282983
1448057283447
1448057283943
1448057284432
1448057284905
1448057285384
1448057285848
1448057286295
1448057286776
1448057287231
1448057287687
1448057288184
1448057288630
1448057289161
1448057289650
1448057290087
1448057290552
1448057291040
1448057291505
1448057291969
1448057292465
1448057292913
1448057293409
1448057293873
1448057294354
1448057294817
1448057295264
1448057295727
1448057296233
1448057296680
1448057297168
1448057297641
1448057298120
1448057298576
1448057299032
1448057299511
1448057299958
1448057300455
1448057300894
1448057301349
1448057301837
1448057302285
1448057302773
1448057303262
1448057303709
1448057304213
1448057304669
1448057305115
1448057305604
1448057306042
1448057306506
1448057306979
1448057307417
1448057307905
1448057308360
1448057308816
1448057309305
1448057309743
1448057310215
1448057310695
1448057311159
1448057311656
1448057312136
1448057312591
1448057313079
1448057313551
1448057314007
1448057314528
1448057314976
1448057315430
1448057315935
1448057316391
1448057316879
1448057317337
1448057317808
1448057318255
1448057318761
1448057319249
1448057319713
1448057320209
1448057320657
1448057321145
1448057321642
1448057322114
1448057322602
1448057323074
1448057323521
1448057324026
1448057324507
1448057324970
1448057325459
1448057325913
1448057326402
1448057326875
1448057327338
1448057327827
1448057328290
1448057328779
1448057329292
1448057329755
1448057330253
1448057330749
1448057331205
1448057331719
1448057332190
1448057332670
1448057333192
1448057333664
1448057334144
1448057334658
1448057335121
1448057335626
1448057336115
1448057336570
1448057337075
1448057337523
1448057338002
1448057338474
1448057338921
1448057339418
1448057339882
1448057340337
1448057340826
1448057341264
1448057341744
1448057342217
1448057342655
1448057343137
1448057343616
1448057344055
1448057344561
1448057345007
1448057345479
1448057345976
1448057346423
1448057346929
1448057347400
1448057347872
1448057348369
1448057348841
1448057349421
1448057349901
1448057350365
1448057350870
1448057351325
1448057351805
1448057352294
1448057352749
1448057353246
1448057353718
1448057354173
1448057354670
1448057355109
1448057355580
1448057356061
1448057356516
1448057357005
1448057357468
1448057357923
1448057358412
1448057358858
1448057359331
1448057359803
1448057360258
1448057360755
1448057361201
1448057361665
1448057362153
1448057362592
1448057363081
1448057363544
1448057364008
1448057364496
1448057364943
1448057365432
1448057365904
1448057366359
1448057366847
1448057367303
1448057367792
1448057368271
1448057368770
1448057369250
1448057369739
1448057370202
1448057370657
1448057371146
1448057371593
1448057372065
1448057372537
1448057372983
1448057373481
1448057373935
1448057374416
1448057374904
1448057375343
1448057375815
1448057376287
1448057376734
1448057377238
1448057377686
1448057378166
1448057378646
1448057379093
1448057379656
1448057380120
1448057380593
1448057381047
1448057381511
1448057381966
1448057382422
1448057382886
1448057383374
1448057383812
1448057384292
1448057384765
1448057385237
1448057385733
1448057386189
1448057386644
1448057387116
1448057387572
1448057388026
1448057388491
1448057388945
1448057389443
1448057389915
1448057390353
1448057390859
1448057391330
1448057391769
1448057392258
1448057392730
1448057393194
1448057393682
1448057394172
1448057394611
1448057395099
1448057395580
1448057396076
1448057396565
1448057397029
1448057397534
1448057398031
1448057398536
1448057399009
1448057399448
1448057399952
1448057400466
1448057400904
1448057401385
1448057401874
1448057402362
1448057402860
1448057403373
1448057403845
1448057404359
1448057404855
1448057405344
1448057405850
1448057406330
1448057406819
1448057407307
1448057407796
1448057408317
1448057408815
1448057409387
1448057409916
1448057410405
1448057410943
1448057411432
1448057411921
1448057412468
1448057412940
1448057413453
1448057413983
1448057414489
1448057415027
1448057415533
1448057416038
1448057416568
1448057417024
1448057417495
1448057418009
1448057418489
1448057418986
1448057419484
1448057419963
1448057420421
1448057420901
1448057421381
1448057421878
1448057422350
1448057422830
1448057423344
1448057423816
1448057424321
1448057424801
1448057425299
1448057425838
1448057426359
1448057426856
1448057427369
1448057427841
1448057428306
1448057428785
1448057429274
1448057429796
1448057430277
1448057430799
1448057431295
1448057431793
1448057432331
1448057432853
1448057433309
1448057433805
1448057434294
1448057434774
1448057435288
1448057435752
1448057436265
1448057436771
1448057437276
1448057437748
1448057438270
1448057438725
1448057439206
1448057439769
1448057440225
1448057440697
1448057441193
1448057441674
1448057442162
1448057442676
1448057443182
1448057443703
1448057444184
1448057444688
1448057445194
1448057445683
1448057446204
1448057446711
1448057447166
1448057447663
1448057448127
1448057448615
1448057449104
1448057449609
1448057450089
1448057450612
1448057451091
1448057451580
1448057452085
1448057452549
1448057453046
1448057453567
1448057454031
1448057454569
1448057455050
1448057455539
1448057456068
1448057456549
1448057457054
1448057457559
1448057458039
1448057458561
1448057459050
1448057459546
1448057460035
1448057460507
1448057461021
1448057461501
1448057461989
1448057462503
1448057462966
1448057463472
1448057463969
1448057464466
1448057464955
1448057465459
1448057465923
1448057466445
1448057466942
1448057467422
1448057467961
1448057468433
1448057468947
1448057469501
1448057469999
1448057470537
1448057471042
1448057471523
1448057472069
1448057472558
1448057473054
1448057473537
1448057474026
1448057474514
1448057475020
1448057475549
1448057476038
1448057476560
1448057477065
1448057477562
1448057478075
1448057478556
1448057479085
1448057479558
1448057480063
1448057480576
1448057481057
1448057481578
1448057482075
1448057482556
1448057483094
1448057483575
1448057484071
1448057484593
1448057485057
1448057485570
1448057486050
1448057486522
1448057487036
1448057487500
1448057487988
1448057488485
1448057488948
1448057489462
1448057489951
1448057490439
1448057490928
1448057491416
1448057491938
1448057492401
1448057492898
1448057493387
1448057493842
1448057494372
1448057494827
1448057495333
1448057495797
1448057496285
1448057496774
1448057497245
1448057497742
1448057498198
1448057498686
1448057499200
1448057499738
1448057500211
1448057500725
1448057501172
1448057501677
1448057502174
1448057502621
1448057503168
1448057503631
1448057504103
1448057504633
1448057505114
1448057505610
1448057506132
1448057506613
1448057507118
1448057507623
1448057508094
1448057508617
1448057509089
1448057509577
1448057510082
1448057510545
1448057511051
1448057511532
1448057512011
1448057512509
1448057512980
1448057513494
1448057513974
1448057514471
1448057514985
1448057515431
1448057515945
1448057516434
1448057516897
1448057517419
1448057517890
1448057518379
1448057518892
1448057519365
1448057519870
1448057520366
1448057520839
1448057521352
1448057521841
1448057522338
1448057522834
1448057523331
1448057523844
1448057524317
1448057524856
1448057525344
1448057525832
1448057526362
1448057526834
1448057527375
1448057527913
1448057528402
1448057528881
1448057529434
1448057530001
1448057530489
1448057530978
1448057531500
1448057531972
1448057532477
1448057532982
1448057533455
1448057533984
1448057534482
1448057534970
1448057535517
1448057535998
1448057536486
1448057537016
1448057537489
1448057537927
1448057538449
1448057538921
1448057539426
1448057539932
1448057540403
1448057540875
1448057541405
1448057541844
1448057542325
1448057542805
1448057543285
1448057543749
1448057544238
1448057544685
1448057545123
1448057545645
1448057546100
1448057546572
1448057547070
1448057547524
1448057548038
1448057548535
1448057549041
1448057549480
1448057549951
1448057550407
1448057550903
1448057551359
1448057551848
1448057552336
1448057552800
1448057553246
1448057553737
1448057554234
1448057554731
1448057555161
1448057555626
1448057556089
1448057556602
1448057557091
1448057557546
1448057558019
1448057558490
1448057559004
1448057559476
1448057559956
1448057560437
1448057560933
1448057561389
1448057561827
1448057562283
1448057562755
1448057563226
1448057563690
1448057564178
1448057564709
1448057565164
1448057565636
1448057566108
1448057566563
1448057567019
1448057567491
1448057567913
1448057568393
1448057568881
1448057569345
1448057569834
1448057570289
1448057570745
1448057571241
1448057571705
1448057572177
1448057572657
1448057573113
1448057573584
1448057574082
1448057574537
1448057575017
1448057575464
1448057575902
1448057576375
1448057576830
1448057577302
1448057577774
1448057578246
1448057578719
1448057579208
1448057579679
1448057580143
1448057580598
1448057581087
1448057581526
1448057581997
1448057582469
1448057582933
1448057583422
1448057583893
1448057584348
1448057584854
1448057585317
1448057585789
1448057586261
1448057586716
1448057587205
1448057587677
1448057588132
1448057588629
1448057589084
1448057589540
1448057590028
1448057590500
1448057590980
1448057591469
1448057591924
1448057592412
1448057592876
1448057593331
1448057593836
1448057594275
1448057594780
1448057595294
1448057595732
1448057596221
1448057596684
1448057597115
1448057597603
1448057598058
1448057598530
1448057599018
1448057599482
1448057599971
1448057600434
1448057600915
1448057601361
1448057601825
1448057602339
1448057602844
1448057603308
1448057603829
1448057604311
1448057604816
1448057605346
1448057605835
1448057606281
1448057606779
1448057607201
1448057607656
1448057608128
1448057608583
1448057609055
1448057609494
1448057609949
1448057610438
1448057610876
1448057611348
1448057611819
1448057612266
1448057612755
1448057613210
1448057613666
1448057614154
1448057614618
1448057615098
1448057615561
1448057616017
1448057616513
1448057616969
1448057617458
1448057617921
1448057618376
1448057618873
1448057619337
1448057619817
1448057620297
1448057620761
1448057621265
1448057621721
1448057622193
1448057622690
1448057623154
1448057623642
1448057624114
1448057624635
1448057625141
1448057625605
1448057626076
1448057626548
1448057626995
1448057627484
1448057627939
1448057628394
1448057628891
1448057629329
1448057629803
1448057630284
1448057630722
1448057631210
1448057631665
1448057632121
1448057632610
1448057633048
1448057633520
1448057633991
1448057634430
1448057634928
1448057635382
1448057635854
1448057636342
1448057636798
1448057637294
1448057637767
1448057638231
1448057638735
1448057639191
1448057639670
1448057640151
1448057640590
1448057641086
1448057641542
1448057642013
1448057642502
1448057642958
1448057643462
1448057643918
1448057644389
1448057644887
1448057645334
1448057645830
1448057646328
1448057646782
1448057647288
1448057647743
1448057648215
1448057648712
1448057649192
1448057649697
1448057650178
1448057650674
1448057651180
1448057651643
1448057652148
1448057652611
1448057653092
1448057653614
1448057654061
1448057654558
1448057655104
1448057655578
1448057656083
1448057656605
1448057657077
1448057657606
1448057658104
1448057658593
1448057659097
1448057659586
1448057660083
1448057660580
1448057661069
1448057661598
1448057662079
1448057662584
1448057663098
1448057663595
1448057664083
1448057664597
1448057665060
1448057665565
1448057666053
1448057666517
1448057667031
1448057667502
1448057667983
1448057668496
1448057668952
1448057669466
1448057669962
1448057670443
1448057670981
1448057671461
1448057671967
1448057672488
1448057672969
1448057673490
1448057673987
1448057674493
1448057675006
1448057675495
1448057676025
1448057676472
1448057676994
1448057677474
1448057677963
1448057678492
1448057678973
1448057679487
1448057680000
1448057680489
1448057681010
1448057681499
1448057682004
1448057682520
1448057682992
1448057683513
1448057684002
1448057684482
1448057685087
1448057685543
1448057686048
1448057686545
1448057686991
1448057687505
1448057687986
1448057688449
1448057688963
1448057689426
1448057689906
1448057690404
1448057690866
1448057691389
1448057691852
1448057692349
1448057692830
1448057693301
1448057693798
1448057694261
1448057694750
1448057695246
1448057695685
1448057696191
1448057696671
1448057697143
1448057697673
1448057698161
1448057698675
1448057699180
1448057699652
1448057700182
1448057700679
1448057701160
1448057701673
1448057702154
1448057702642
1448057703131
1448057703620
1448057704116
1448057704580
1448057705109
1448057705599
1448057706071
1448057706600
1448057707081
1448057707577
1448057708099
1448057708565
1448057709036
1448057709550
1448057709997
1448057710485
1448057710974
1448057711429
1448057711935
1448057712414
1448057712887
1448057713383
1448057713855
