1448056671575
1448056673734
1448056674206
1448056674696
1448056675225
1448056675705
1448056676218
1448056676749
1448056677205
1448056677701
1448056678190
1448056678628
1448056679151
1448056679623
1448056680069
1448056680567
1448056681038
1448056681502
1448056682024
1448056682488
1448056682960
1448056683582
1448056684046
1448056684551
1448056685073
1448056685595
1448056686091
1448056686564
1448056687061
1448056687574
1448056688072
1448056688551
1448056689007
1448056689496
1448056689976
1448056690456
1448056690962
1448056691475
1448056691974
1448056692462
1448056692934
1448056693457
1448056693954
1448056694459
1448056694922
1448056695386
1448056695908
1448056696430
1448056696927
1448056697423
1448056697912
1448056698385
1448056698931
1448056699420
1448056699942
1448056700464
1448056700920
1448056701416
1448056701905
1448056702401
1448056702874
1448056703455
1448056703976
1448056704457
1448056704979
1448056705468
1448056705956
1448056706461
1448056706958
1448056707447
1448056707894
1448056708375
1448056708879
1448056709352
1448056709881
1448056710337
1448056710818
1448056711339
1448056711812
1448056712333
1448056712839
1448056713403
1448056713899
1448056714355
1448056714811
1448056715274
1448056715779
1448056716259
1448056716723
1448056717253
1448056717700
1448056718207
1448056718753
1448056719218
1448056719740
1448056720211
1448056720709
1448056721230
1448056721719
1448056722183
1448056722663
1448056723185
1448056723698
1448056724162
1448056724651
1448056725131
1448056725629
1448056726133
1448056726631
1448056727111
1448056727616
1448056728113
1448056728576
1448056729099
1448056729562
1448056730059
1448056730556
1448056731019
1448056731533
1448056732022
1448056732510
1448056733016
1448056733537
1448056734034
1448056734523
1448056735003
1448056735508
1448056735980
1448056736469
1448056736974
1448056737429
1448056737943
1448056738414
1448056738903
1448056739408
1448056739863
1448056740377
1448056740865
1448056741346
1448056741867
1448056742348
1448056742853
1448056743441
1448056743922
1448056744410
1448056744925
1448056745406
1448056745919
1448056746425
1448056746913
1448056747444
1448056747933
1448056748412
1448056748910
1448056749381
1448056749862
1448056750368
1448056750873
1448056751370
1448056751859
1448056752322
1448056752778
1448056753291
1448056753788
1448056754277
1448056754790
1448056755271
1448056755759
1448056756265
1448056756737
1448056757225
1448056757706
1448056758161
1448056758650
1448056759164
1448056759618
1448056760099
1448056760637
1448056761118
1448056761565
1448056762062
1448056762584
1448056763055
1448056763578
1448056764092
1448056764563
1448056765061
1448056765549
1448056765987
1448056766501
1448056766956
1448056767420
1448056767950
1448056768414
1448056768903
1448056769407
1448056769880
1448056770368
1448056770875
1448056771322
1448056771760
1448056772249
1448056772687
1448056773204
1448056773740
1448056774203
1448056774684
1448056775155
1448056775619
1448056776099
1448056776571
1448056777052
1448056777515
1448056777970
1448056778467
1448056778931
1448056779403
1448056779874
1448056780355
1448056780818
1448056781315
1448056781787
1448056782284
1448056782748
1448056783194
1448056783708
1448056784189
1448056784643
1448056785141
1448056785645
1448056786093
1448056786615
1448056787094
1448056787583
1448056788096
1448056788552
1448056789041
1448056789579
1448056790059
1448056790589
1448056791103
1448056791567
1448056792089
1448056792578
1448056793049
1448056793538
1448056794027
1448056794507
1448056795021
1448056795501
1448056795998
1448056796488
1448056796969
1448056797457
1448056797970
1448056798468
1448056798957
1448056799470
1448056799959
1448056800455
1448056800977
1448056801458
1448056801963
1448056802460
1448056802931
1448056803512
1448056803984
1448056804514
1448056804994
1448056805516
1448056805988
1448056806510
1448056806965
1448056807454
1448056807967
1448056808431
1448056808953
1448056809441
1448056809938
1448056810468
1448056810957
1448056811471
1448056811976
1448056812456
1448056812977
1448056813475
1448056813963
1448056814468
1448056814957
1448056815462
1448056815934
1448056816439
1448056816911
1448056817425
1448056817913
1448056818402
1448056818898
1448056819379
1448056819901
1448056820364
1448056820870
1448056821349
1448056821813
1448056822335
1448056822798
1448056823289
1448056823827
1448056824307
1448056824796
1448056825326
1448056825798
1448056826303
1448056826825
1448056827297
1448056827818
1448056828316
1448056828804
1448056829301
1448056829781
1448056830286
1448056830767
1448056831263
1448056831777
1448056832240
1448056832771
1448056833251
1448056833764
1448056834295
1448056834750
1448056835247
1448056835761
1448056836216
1448056836729
1448056837209
1448056837715
1448056838204
1448056838709
1448056839198
1448056839677
1448056840199
1448056840663
1448056841168
1448056841665
1448056842112
1448056842650
1448056843123
1448056843611
1448056844116
1448056844596
1448056845102
1448056845598
1448056846095
1448056846601
1448056847072
1448056847603
1448056848091
1448056848588
1448056849127
1448056849607
1448056850098
1448056850627
1448056851099
1448056851588
1448056852126
1448056852599
1448056853103
1448056853626
1448056854098
1448056854619
1448056855125
1448056855588
1448056856093
1448056856574
1448056857070
1448056857559
1448056858056
1448056858553
1448056859017
1448056859538
1448056860010
1448056860498
1448056861029
1448056861492
1448056862014
1448056862520
1448056862966
1448056863538
1448056864027
1448056864490
1448056865013
1448056865484
1448056865973
1448056866477
1448056866950
1448056867464
1448056867952
1448056868466
1448056868962
1448056869434
1448056869948
1448056870428
1448056870925
1448056871438
1448056871910
1448056872424
1448056872920
1448056873401
1448056873922
1448056874395
1448056874899
1448056875396
1448056875860
1448056876373
1448056876864
1448056877310
1448056877791
1448056878255
1448056878709
1448056879190
1448056879628
1448056880142
1448056880572
1448056881035
1448056881524
1448056881946
1448056882418
1448056882882
1448056883328
1448056883834
1448056884280
1448056884744
1448056885217
1448056885646
1448056886127
1448056886573
1448056887029
1448056887510
1448056887939
1448056888428
1448056888899
1448056889347
1448056889852
1448056890315
1448056890779
1448056891276
1448056891739
1448056892236
1448056892700
1448056893172
1448056893685
1448056894157
1448056894645
1448056895118
1448056895590
1448056896094
1448056896550
1448056897063
1448056897535
1448056897991
1448056898504
1448056898968
1448056899447
1448056899937
1448056900392
1448056900888
1448056901368
1448056901840
1448056902320
1448056902795
1448056903266
1448056903738
1448056904193
1448056904682
1448056905136
1448056905634
1448056906123
1448056906569
1448056907075
1448056907538
1448056907993
1448056908507
1448056908954
1448056909426
1448056909939
1448056910378
1448056910867
1448056911338
1448056911810
1448056912298
1448056912779
1448056913243
1448056913748
1448056914212
1448056914683
1448056915172
1448056915619
1448056916124
1448056916579
1448056917051
1448056917540
1448056917979
1448056918467
1448056918923
1448056919377
1448056919866
1448056920304
1448056920785
1448056921257
1448056921695
1448056922192
1448056922647
1448056923111
1448056923633
1448056924080
1448056924568
1448056925023
1448056925479
1448056925976
1448056926431
1448056926903
1448056927383
1448056927838
1448056928312
1448056928783
1448056929239
1448056929735
1448056930182
1448056930663
1448056931143
1448056931598
1448056932095
1448056932567
1448056933038
1448056933535
1448056933999
1448056934479
1448056934951
1448056935406
1448056935911
1448056936350
1448056936822
1448056937302
1448056937749
1448056938238
1448056938702
1448056939156
1448056939629
1448056940067
1448056940555
1448056941011
1448056941466
1448056941955
1448056942393
1448056942865
1448056943337
1448056943792
1448056944281
1448056944736
1448056945191
1448056945680
1448056946152
1448056946607
1448056947112
1448056947567
1448056948039
1448056948528
1448056948983
1448056949471
1448056949944
1448056950398
1448056950904
1448056951351
1448056951823
1448056952295
1448056952733
1448056953222
1448056953746
1448056954234
1448056954673
1448056955144
1448056955633
1448056956105
1448056956577
1448056957057
1448056957545
1448056958034
1448056958457
1448056958962
1448056959417
1448056959888
1448056960361
1448056960850
1448056961346
1448056961835
1448056962273
1448056962779
1448056963260
1448056963714
1448056964203
1448056964625
1448056965114
1448056965586
1448056966041
1448056966547
1448056966985
1448056967457
1448056967912
1448056968342
1448056968815
1448056969303
1448056969767
1448056970239
1448056970727
1448056971200
1448056971688
1448056972177
1448056972632
1448056973120
1448056973618
1448056974064
1448056974553
1448056975009
1448056975464
1448056975961
1448056976417
1448056976872
1448056977352
1448056977807
1448056978279
1448056978770
1448056979225
1448056979697
1448056980185
1448056980649
1448056981096
1448056981601
1448056982073
1448056982528
1448056983017
1448056983456
1448056983994
1448056984450
1448056984896
1448056985385
1448056985832
1448056986287
1448056986726
1448056987164
1448056987653
1448056988101
1448056988555
1448056988986
1448056989433
1448056989880
1448056990361
1448056990849
1448056991321
1448056991742
1448056992181
1448056992620
1448056993067
1448056993514
1448056993986
1448056994475
1448056994955
1448056995377
1448056995866
1448056996304
1448056996776
1448056997273
1448056997711
1448056998184
1448056998672
1448056999111
1448056999616
1448057000071
1448057000543
1448057001031
1448057001470
1448057001958
1448057002414
1448057002936
1448057003433
1448057003931
1448057004386
1448057004892
1448057005339
1448057005810
1448057006283
1448057006721
1448057007210
1448057007657
1448057008111
1448057008600
1448057009038
1448057009511
1448057009975
1448057010413
1448057010901
1448057011340
1448057011804
1448057012276
1448057012705
1448057013211
1448057013791
1448057014230
1448057014686
1448057015124
1448057015596
1448057016034
1448057016540
1448057017037
1448057017517
1448057017964
1448057018436
1448057018950
1448057019397
1448057019902
1448057020382
1448057020845
1448057021351
1448057021840
1448057022328
1448057022809
1448057023322
1448057023811
1448057024291
1448057024837
1448057025310
1448057025789
1448057026312
1448057026767
1448057027272
1448057027761
1448057028232
1448057028738
1448057029209
1448057029683
1448057030205
1448057030685
1448057031182
1448057031662
1448057032142
1448057032648
1448057033102
1448057033616
1448057034104
1448057034560
1448057035082
1448057035553
1448057036026
1448057036555
1448057037028
1448057037542
1448057038055
1448057038527
1448057039065
1448057039554
1448057040034
1448057040547
1448057041044
1448057041549
1448057042047
1448057042535
1448057043048
1448057043521
1448057044134
1448057044606
1448057045111
1448057045641
1448057046114
1448057046610
1448057047116
1448057047563
1448057048093
1448057048582
1448057049053
1448057049526
1448057050048
1448057050553
1448057051017
1448057051547
1448057052044
1448057052525
1448057053038
1448057053568
1448057054031
1448057054537
1448057055026
1448057055522
1448057056047
1448057056551
1448057057074
1448057057579
1448057058067
1448057058556
1448057059036
1448057059559
1448057060040
1448057060503
1448057061000
1448057061488
1448057061952
1448057062482
1448057062945
1448057063426
1448057063981
1448057064453
1448057064959
1448057065472
1448057065961
1448057066474
1448057066971
1448057067452
1448057067973
1448057068437
1448057068950
1448057069447
1448057069935
1448057070466
1448057070946
1448057071451
1448057071940
1448057072428
1448057072958
1448057073431
1448057073977
1448057074474
1448057074929
1448057075435
1448057075932
1448057076395
1448057076909
1448057077380
1448057077844
1448057078366
1448057078837
1448057079326
1448057079848
1448057080303
1448057080784
1448057081280
1448057081786
1448057082241
1448057082714
1448057083228
1448057083674
1448057084180
1448057084676
1448057085132
1448057085678
1448057086159
1448057086648
1448057087177
1448057087658
1448057088163
1448057088677
1448057089149
1448057089670
1448057090159
1448057090647
1448057091153
1448057091642
1448057092146
1448057092627
1448057093140
1448057093654
1448057094159
1448057094681
1448057095161
1448057095641
1448057096163
1448057096610
1448057097107
1448057097596
1448057098050
1448057098548
1448057099027
1448057099500
1448057100005
1448057100485
1448057100991
1448057101478
1448057101960
1448057102465
1448057102945
1448057103434
1448057104055
1448057104536
1448057105033
1448057105529
1448057106010
1448057106532
1448057107020
1448057107501
1448057108039
1448057108486
1448057108992
1448057109505
1448057110021
1448057110476
1448057110998
1448057111495
1448057111942
1448057112464
1448057112961
1448057113441
1448057113964
1448057114435
1448057114907
1448057115420
1448057115918
1448057116424
1448057116962
1448057117442
1448057117905
1448057118411
1448057118875
1448057119388
1448057119885
1448057120340
1448057120829
1448057121318
1448057121823
1448057122312
1448057122825
1448057123306
1448057123811
1448057124308
1448057124830
1448057125293
1448057125791
1448057126313
1448057126768
1448057127257
1448057127770
1448057128225
1448057128740
1448057129227
1448057129700
1448057130221
1448057130693
1448057131182
1448057131687
1448057132193
1448057132691
1448057133187
1448057133684
1448057134272
1448057134770
1448057135259
1448057135772
1448057136262
1448057136758
1448057137272
1448057137778
1448057138274
1448057138763
1448057139276
1448057139765
1448057140270
1448057140759
1448057141231
1448057141752
1448057142224
1448057142729
1448057143235
1448057143715
1448057144220
1448057144709
1448057145188
1448057145711
1448057146191
1448057146688
1448057147193
1448057147656
1448057148145
1448057148626
1448057149139
1448057149644
1448057150107
1448057150596
1448057151060
1448057151523
1448057152020
1448057152517
1448057152997
1448057153494
1448057153991
1448057154497
1448057154976
1448057155465
1448057155987
1448057156425
1448057156939
1448057157444
1448057157916
1448057158446
1448057158952
1448057159432
1448057159945
