1448051399281
1448051402153
1448051402635
1448051403099
1448051403578
1448051404067
1448051404530
1448051405028
1448051405492
1448051405979
1448051406477
1448051406940
1448051407445
1448051407943
1448051408398
1448051408920
1448051409391
1448051409872
1448051410393
1448051410848
1448051411346
1448051411851
1448051412331
1448051412861
1448051413333
1448051413838
1448051414335
1448051414899
1448051415353
1448051415867
1448051416348
1448051416819
1448051417342
1448051417813
1448051418302
1448051418808
1448051419279
1448051419784
1448051420281
1448051420770
1448051421284
1448051421772
1448051422277
1448051422765
1448051423254
1448051423784
1448051424248
1448051424787
1448051425283
1448051425755
1448051426294
1448051426774
1448051427271
1448051427801
1448051428281
1448051428811
1448051429308
1448051429807
1448051430312
1448051430809
1448051431306
1448051431819
1448051432309
1448051432830
1448051433319
1448051433807
1448051434329
1448051434801
1448051435323
1448051435820
1448051436275
1448051436805
1448051437285
1448051437799
1448051438304
1448051438817
1448051439315
1448051439811
1448051440342
1448051440822
1448051441335
1448051441857
1448051442345
1448051442893
1448051443357
1448051443861
1448051444367
1448051444888
1448051445402
1448051445883
1448051446396
1448051446876
1448051447364
1448051447878
1448051448350
1448051448855
1448051449361
1448051449824
1448051450354
1448051450835
1448051451331
1448051451854
1448051452333
1448051452847
1448051453344
1448051453799
1448051454313
1448051454826
1448051455315
1448051455845
1448051456317
1448051456832
1448051457354
1448051457843
1448051458339
1448051458836
1448051459342
1448051459846
1448051460335
1448051460857
1448051461346
1448051461843
1448051462381
1448051462862
1448051463391
1448051463880
1448051464386
1448051464899
1448051465388
1448051465909
1448051466398
1448051466920
1448051467408
1448051467914
1448051468460
1448051468974
1448051469487
1448051470018
1448051470515
1448051471045
1448051471559
1448051472047
1448051472586
1448051473074
1448051473579
1448051474101
1448051474589
1448051475187
1448051475667
1448051476172
1448051476669
1448051477157
1448051477679
1448051478160
1448051478656
1448051479195
1448051479658
1448051480164
1448051480678
1448051481141
1448051481663
1448051482143
1448051482632
1448051483153
1448051483634
1448051484132
1448051484654
1448051485159
1448051485689
1448051486203
1448051486700
1448051487213
1448051487702
1448051488215
1448051488712
1448051489210
1448051489739
1448051490211
1448051490724
1448051491247
1448051491727
1448051492265
1448051492763
1448051493276
1448051493798
1448051494295
1448051494825
1448051495314
1448051495818
1448051496332
1448051496796
1448051497318
1448051497807
1448051498303
1448051498817
1448051499297
1448051499802
1448051500299
1448051500787
1448051501301
1448051501773
1448051502270
1448051502792
1448051503255
1448051503761
1448051504257
1448051504804
1448051505352
1448051505815
1448051506304
1448051506816
1448051507281
1448051507794
1448051508291
1448051508788
1448051509301
1448051509790
1448051510304
1448051510800
1448051511315
1448051511837
1448051512334
1448051512823
1448051513353
1448051513833
1448051514346
1448051514860
1448051515323
1448051515846
1448051516309
1448051516806
1448051517311
1448051517783
1448051518288
1448051518769
1448051519265
1448051519754
1448051520242
1448051520748
1448051521212
1448051521725
1448051522214
1448051522669
1448051523191
1448051523663
1448051524143
1448051524665
1448051525120
1448051525617
1448051526148
1448051526611
1448051527108
1448051527637
1448051528126
1448051528639
1448051529145
1448051529617
1448051530155
1448051530636
1448051531132
1448051531638
1448051532127
1448051532590
1448051533129
1448051533592
1448051534081
1448051534586
1448051535149
1448051535654
1448051536143
1448051536623
1448051537137
1448051537609
1448051538099
1448051538603
1448051539085
1448051539614
1448051540094
1448051540625
1448051541105
1448051541610
1448051542123
1448051542646
1448051543134
1448051543656
1448051544161
1448051544624
1448051545188
1448051545677
1448051546174
1448051546679
1448051547209
1448051547689
1448051548195
1448051548716
1448051549189
1448051549710
1448051550224
1448051550705
1448051551251
1448051551732
1448051552236
1448051552766
1448051553231
1448051553735
1448051554225
1448051554679
1448051555185
1448051555674
1448051556145
1448051556667
1448051557146
1448051557644
1448051558141
1448051558613
1448051559135
1448051559623
1448051560146
1448051560642
1448051561130
1448051561661
1448051562124
1448051562613
1448051563143
1448051563598
1448051564096
1448051564609
1448051565191
1448051565678
1448051566209
1448051566690
1448051567211
1448051567700
1448051568172
1448051568686
1448051569158
1448051569646
1448051570151
1448051570631
1448051571162
1448051571642
1448051572139
1448051572661
1448051573149
1448051573680
1448051574150
1448051574648
1448051575179
1448051575633
1448051576139
1448051576635
1448051577099
1448051577638
1448051578118
1448051578615
1448051579137
1448051579617
1448051580131
1448051580636
1448051581133
1448051581654
1448051582160
1448051582674
1448051583178
1448051583692
1448051584239
1448051584735
1448051585208
1448051585713
1448051586218
1448051586723
1448051587246
1448051587733
1448051588256
1448051588778
1448051589241
1448051589772
1448051590277
1448051590765
1448051591287
1448051591767
1448051592250
1448051592796
1448051593302
1448051593816
1448051594354
1448051594851
1448051595431
1448051595945
1448051596450
1448051596980
1448051597494
1448051598015
1448051598521
1448051599026
1448051599555
1448051600028
1448051600550
1448051601072
1448051601544
1448051602090
1448051602571
1448051603051
1448051603573
1448051604036
1448051604542
1448051605072
1448051605543
1448051606058
1448051606546
1448051607042
1448051607582
1448051608079
1448051608584
1448051609080
1448051609578
1448051610108
1448051610595
1448051611102
1448051611607
1448051612087
1448051612618
1448051613080
1448051613578
1448051614083
1448051614538
1448051615069
1448051615565
1448051616054
1448051616592
1448051617089
1448051617603
1448051618116
1448051618605
1448051619126
1448051619634
1448051620131
1448051620651
1448051621141
1448051621654
1448051622168
1448051622639
1448051623170
1448051623659
1448051624147
1448051624669
1448051625223
1448051625754
1448051626243
1448051626722
1448051627245
1448051627717
1448051628214
1448051628727
1448051629199
1448051629730
1448051630234
1448051630740
1448051631262
1448051631750
1448051632255
1448051632752
1448051633233
1448051633763
1448051634243
1448051634757
1448051635278
1448051635758
1448051636297
1448051636761
1448051637266
1448051637787
1448051638277
1448051638815
1448051639320
1448051639834
1448051640339
1448051640828
1448051641357
1448051641863
1448051642369
1448051642881
1448051643371
1448051643892
1448051644388
1448051644886
1448051645424
1448051645921
1448051646459
1448051646965
1448051647456
1448051647960
1448051648482
1448051648954
1448051649475
1448051649964
1448051650494
1448051650975
1448051651489
1448051651994
1448051652474
1448051653003
1448051653484
1448051654015
1448051654503
1448051655032
1448051655546
1448051656044
1448051656565
1448051657071
1448051657593
1448051658080
1448051658595
1448051659133
1448051659622
1448051660161
1448051660682
1448051661155
1448051661692
1448051662172
1448051662662
1448051663200
1448051663663
1448051664176
1448051664700
1448051665188
1448051665710
1448051666214
1448051666712
1448051667224
1448051667722
1448051668253
1448051668748
1448051669254
1448051669767
1448051670256
1448051670795
1448051671283
1448051671821
1448051672320
1448051672840
1448051673347
1448051673851
1448051674373
1448051674864
1448051675368
1448051675907
1448051676395
1448051676926
1448051677440
1448051677919
1448051678457
1448051678955
1448051679451
1448051679990
1448051680454
1448051680975
1448051681498
1448051681978
1448051682533
1448051683038
1448051683536
1448051684072
1448051684579
1448051685189
1448051685703
1448051686217
1448051686723
1448051687222
1448051687742
1448051688212
1448051688728
1448051689242
1448051689732
1448051690258
1448051690772
1448051691252
1448051691774
1448051692263
1448051692742
1448051693248
1448051693719
1448051694258
1448051694739
1448051695235
1448051695741
1448051696212
1448051696729
1448051697225
1448051697714
1448051698236
1448051698708
1448051699204
1448051699719
1448051700188
1448051700713
1448051701182
1448051701698
1448051702186
1448051702677
1448051703150
1448051703687
1448051704184
1448051704673
1448051705187
1448051705683
1448051706187
1448051706692
1448051707180
1448051707705
1448051708192
1448051708715
1448051709229
1448051709741
1448051710261
1448051710728
1448051711224
1448051711754
1448051712207
1448051712714
1448051713209
1448051713692
1448051714204
1448051714668
1448051715291
1448051715772
1448051716243
1448051716772
1448051717226
1448051717732
1448051718240
1448051718702
1448051719230
1448051719705
1448051720177
1448051720691
1448051721162
1448051721667
1448051722189
1448051722645
1448051723175
1448051723680
1448051724169
1448051724680
1448051725194
1448051725710
1448051726203
1448051726719
1448051727248
1448051727738
1448051728277
1448051728781
1448051729280
1448051729817
1448051730331
1448051730820
1448051731375
1448051731849
1448051732360
1448051732900
1448051733370
1448051733903
1448051734417
1448051734896
1448051735433
1448051735931
1448051736428
1448051736942
1448051737437
1448051737952
1448051738441
1448051738955
1448051739460
1448051739956
1448051740475
1448051740959
1448051741455
1448051741969
1448051742448
1448051742970
1448051743477
1448051743949
1448051744491
1448051744983
1448051745590
1448051746116
1448051746631
1448051747162
1448051747706
1448051748179
1448051748683
1448051749206
1448051749660
1448051750174
1448051750680
1448051751143
1448051751674
1448051752161
1448051752643
1448051753176
1448051753647
1448051754145
1448051754666
1448051755146
1448051755669
1448051756165
1448051756681
1448051757200
1448051757690
1448051758185
1448051758710
1448051759199
1448051759719
1448051760217
1448051760713
1448051761252
1448051761733
1448051762246
1448051762752
1448051763247
1448051763786
1448051764251
1448051764743
1448051765259
1448051765722
1448051766212
1448051766706
1448051767171
1448051767683
1448051768196
1448051768677
1448051769191
1448051769696
1448051770193
1448051770722
1448051771220
1448051771724
1448051772222
1448051772753
1448051773268
1448051773765
1448051774267
1448051774756
1448051775356
1448051775854
1448051776375
1448051776855
1448051777394
1448051777883
1448051778388
1448051778909
1448051779382
1448051779894
1448051780408
1448051780873
1448051781412
1448051781897
1448051782397
1448051782917
1448051783406
1448051783906
1448051784426
1448051784931
1448051785461
1448051785960
1448051786456
1448051786985
1448051787484
1448051788004
1448051788528
1448051789024
1448051789571
1448051790058
1448051790566
1448051791095
1448051791582
1448051792114
1448051792626
1448051793105
1448051793645
1448051794135
1448051794648
1448051795154
1448051795634
1448051796154
1448051796644
1448051797148
1448051797653
1448051798152
1448051798672
1448051799162
1448051799675
1448051800181
1448051800651
1448051801191
1448051801680
1448051802160
1448051802699
1448051803160
1448051803650
1448051804165
1448051804626
1448051805150
1448051805654
1448051806135
1448051806654
1448051807144
1448051807649
1448051808147
1448051808644
1448051809173
1448051809653
1448051810178
1448051810722
1448051811262
1448051811761
1448051812300
1448051812771
1448051813301
1448051813799
1448051814270
1448051814800
1448051815299
1448051815785
1448051816300
1448051816770
1448051817284
1448051817783
1448051818279
1448051818774
1448051819254
1448051819769
1448051820249
1448051820747
1448051821253
1448051821714
1448051822213
1448051822708
1448051823164
1448051823693
1448051824173
1448051824673
1448051825192
1448051825648
1448051826172
1448051826667
1448051827157
1448051827677
1448051828172
1448051828687
1448051829191
1448051829691
1448051830210
1448051830700
1448051831224
1448051831734
1448051832224
1448051832763
1448051833253
1448051833749
1448051834296
1448051834783
1448051835297
1448051835851
1448051836385
1448051836880
1448051837404
1448051837899
1448051838405
1448051838934
1448051839439
1448051839929
1448051840477
1448051840982
1448051841496
1448051842016
1448051842506
1448051843051
1448051843565
1448051844064
1448051844584
1448051845083
1448051845667
1448051846176
1448051846694
1448051847175
1448051847672
1448051848143
1448051848649
1448051849203
1448051849701
1448051850207
1448051850703
1448051851209
1448051851730
1448051852219
1448051852725
1448051853246
1448051853735
1448051854253
1448051854754
1448051855235
1448051855765
1448051856279
1448051856753
1448051857289
1448051857773
1448051858249
1448051858747
1448051859210
1448051859710
1448051860242
1448051860722
1448051861198
1448051861729
1448051862242
1448051862742
1448051863253
1448051863767
1448051864247
1448051864776
1448051865300
1448051865787
1448051866278
1448051866809
1448051867305
1448051867802
1448051868340
1448051868824
1448051869339
1448051869868
1448051870362
1448051870892
1448051871414
1448051871894
1448051872441
1448051872930
1448051873418
1448051873948
1448051874421
1448051874934
1448051875523
1448051876028
1448051876550
1448051877057
1448051877572
1448051878067
1448051878566
1448051879101
1448051879590
1448051880103
1448051880626
1448051881072
1448051881586
1448051882067
1448051882538
1448051883069
1448051883590
1448051884062
1448051884602
1448051885089
1448051885595
1448051886094
1448051886581
1448051887074
1448051887603
1448051888105
1448051888601
1448051889152
1448051889633
1448051890109
1448051890640
1448051891095
1448051891575
1448051892098
1448051892594
1448051893103
1448051893632
1448051894120
1448051894627
1448051895147
1448051895637
1448051896133
1448051896646
1448051897146
1448051897670
1448051898162
1448051898670
1448051899181
1448051899662
1448051900175
1448051900681
1448051901174
1448051901703
1448051902197
1448051902679
1448051903193
1448051903687
1448051904168
1448051904684
1448051905188
