1448053022170
1448053025053
1448053025532
1448053026030
1448053026476
1448053026973
1448053027454
1448053027900
1448053028414
1448053028877
1448053029358
1448053029887
1448053030360
1448053030865
1448053031378
1448053031859
1448053032380
1448053032870
1448053033366
1448053033854
1448053034343
1448053034856
1448053035329
1448053035867
1448053036314
1448053036828
1448053037316
1448053037796
1448053038319
1448053038790
1448053039287
1448053039775
1448053040256
1448053040771
1448053041226
1448053041740
1448053042194
1448053042700
1448053043196
1448053043668
1448053044182
1448053044662
1448053045159
1448053045656
1448053046136
1448053046650
1448053047130
1448053047744
1448053048199
1448053048696
1448053049168
1448053049623
1448053050145
1448053050642
1448053051106
1448053051637
1448053052141
1448053052622
1448053053135
1448053053624
1448053054138
1448053054617
1448053055115
1448053055619
1448053056083
1448053056605
1448053057119
1448053057599
1448053058096
1448053058585
1448053059057
1448053059570
1448053060068
1448053060522
1448053061070
1448053061542
1448053062038
1448053062536
1448053062990
1448053063471
1448053063993
1448053064465
1448053064962
1448053065484
1448053065931
1448053066411
1448053066941
1448053067474
1448053067954
1448053068484
1448053068982
1448053069470
1448053069992
1448053070498
1448053070978
1448053071475
1448053071971
1448053072477
1448053072948
1448053073437
1448053073959
1448053074464
1448053074987
1448053075466
1448053075947
1448053076444
1448053076932
1448053077522
1448053078019
1448053078523
1448053079004
1448053079517
1448053080006
1448053080494
1448053081024
1448053081497
1448053082001
1448053082499
1448053082970
1448053083509
1448053083965
1448053084453
1448053084958
1448053085421
1448053085935
1448053086407
1448053086904
1448053087393
1448053087872
1448053088378
1448053088850
1448053089347
1448053089844
1448053090290
1448053090812
1448053091293
1448053091764
1448053092295
1448053092725
1448053093238
1448053093729
1448053094192
1448053094681
1448053095185
1448053095666
1448053096171
1448053096651
1448053097140
1448053097636
1448053098125
1448053098630
1448053099111
1448053099608
1448053100113
1448053100576
1448053101114
1448053101587
1448053102109
1448053102597
1448053103094
1448053103590
1448053104071
1448053104585
1448053105065
1448053105570
1448053106067
1448053106539
1448053107069
1448053107649
1448053108130
1448053108635
1448053109082
1448053109580
1448053110084
1448053110582
1448053111045
1448053111517
1448053111973
1448053112419
1448053112908
1448053113388
1448053113869
1448053114324
1448053114804
1448053115259
1448053115756
1448053116228
1448053116675
1448053117196
1448053117644
1448053118115
1448053118612
1448053119042
1448053119555
1448053120019
1448053120482
1448053120932
1448053121411
1448053121842
1448053122323
1448053122777
1448053123233
1448053123704
1448053124152
1448053124640
1448053125095
1448053125559
1448053126047
1448053126486
1448053126983
1448053127455
1448053127919
1448053128448
1448053128929
1448053129434
1448053129947
1448053130436
1448053130958
1448053131438
1448053131918
1448053132423
1448053132912
1448053133409
1448053133898
1448053134369
1448053134891
1448053135347
1448053135843
1448053136332
1448053136795
1448053137301
1448053137856
1448053138352
1448053138841
1448053139296
1448053139827
1448053140299
1448053140770
1448053141284
1448053141747
1448053142236
1448053142733
1448053143205
1448053143702
1448053144182
1448053144671
1448053145135
1448053145648
1448053146153
1448053146625
1448053147107
1448053147620
1448053148050
1448053148572
1448053149052
1448053149516
1448053150046
1448053150518
1448053151023
1448053151528
1448053152009
1448053152522
1448053153019
1448053153524
1448053154013
1448053154501
1448053154989
1448053155478
1448053155976
1448053156455
1448053156978
1448053157474
1448053157963
1448053158485
1448053158956
1448053159479
1448053159950
1448053160472
1448053160985
1448053161457
1448053161971
1448053162468
1448053162957
1448053163486
1448053163975
1448053164439
1448053164960
1448053165441
1448053165971
1448053166493
1448053166965
1448053167570
1448053168084
1448053168530
1448053169044
1448053169533
1448053169988
1448053170527
1448053170981
1448053171487
1448053172001
1448053172497
1448053172953
1448053173491
1448053174014
1448053174478
1448053175016
1448053175497
1448053175976
1448053176490
1448053176953
1448053177442
1448053177931
1448053178419
1448053178916
1448053179396
1448053179910
1448053180391
1448053180854
1448053181359
1448053181805
1448053182286
1448053182758
1448053183196
1448053183694
1448053184157
1448053184621
1448053185118
1448053185547
1448053186028
1448053186516
1448053186955
1448053187477
1448053187924
1448053188388
1448053188867
1448053189323
1448053189819
1448053190283
1448053190755
1448053191235
1448053191691
1448053192187
1448053192643
1448053193098
1448053193603
1448053194058
1448053194546
1448053195019
1448053195466
1448053195971
1448053196418
1448053196881
1448053197378
1448053197926
1448053198397
1448053198878
1448053199316
1448053199764
1448053200253
1448053200691
1448053201189
1448053201651
1448053202149
1448053202579
1448053203051
1448053203531
1448053203969
1448053204467
1448053204921
1448053205368
1448053205858
1448053206296
1448053206768
1448053207248
1448053207687
1448053208175
1448053208622
1448053209086
1448053209549
1448053209996
1448053210477
1448053210923
1448053211387
1448053211866
1448053212322
1448053212819
1448053213282
1448053213738
1448053214243
1448053214698
1448053215179
1448053215675
1448053216114
1448053216610
1448053217083
1448053217538
1448053218026
1448053218490
1448053218978
1448053219451
1448053219914
1448053220394
1448053220842
1448053221330
1448053221802
1448053222256
1448053222762
1448053223201
1448053223672
1448053224145
1448053224574
1448053225023
1448053225504
1448053225925
1448053226397
1448053226852
1448053227291
1448053227846
1448053228285
1448053228749
1448053229228
1448053229667
1448053230164
1448053230619
1448053231091
1448053231563
1448053232002
1448053232499
1448053232962
1448053233426
1448053233914
1448053234378
1448053234866
1448053235338
1448053235785
1448053236290
1448053236746
1448053237217
1448053237706
1448053238162
1448053238650
1448053239122
1448053239576
1448053240065
1448053240504
1448053240976
1448053241448
1448053241886
1448053242358
1448053242797
1448053243269
1448053243732
1448053244170
1448053244651
1448053245099
1448053245553
1448053246034
1448053246455
1448053246927
1448053247382
1448053247829
1448053248318
1448053248756
1448053249220
1448053249692
1448053250182
1448053250637
1448053251092
1448053251581
1448053252019
1448053252491
1448053252964
1448053253402
1448053253899
1448053254353
1448053254809
1448053255298
1448053255744
1448053256225
1448053256705
1448053257160
1448053257733
1448053258187
1448053258676
1448053259147
1448053259603
1448053260091
1448053260530
1448053261002
1448053261482
1448053261946
1448053262450
1448053262906
1448053263379
1448053263867
1448053264322
1448053264810
1448053265291
1448053265755
1448053266259
1448053266715
1448053267186
1448053267675
1448053268131
1448053268619
1448053269083
1448053269554
1448053270043
1448053270499
1448053270987
1448053271442
1448053271897
1448053272386
1448053272833
1448053273305
1448053273785
1448053274231
1448053274729
1448053275183
1448053275625
1448053276097
1448053276568
1448053277024
1448053277528
1448053278001
1448053278448
1448053278928
1448053279400
1448053279846
1448053280335
1448053280791
1448053281295
1448053281751
1448053282231
1448053282720
1448053283175
1448053283663
1448053284119
1448053284574
1448053285063
1448053285501
1448053285973
1448053286428
1448053286866
1448053287364
1448053287878
1448053288366
1448053288821
1448053289317
1448053289798
1448053290270
1448053290767
1448053291247
1448053291710
1448053292208
1448053292654
1448053293151
1448053293657
1448053294153
1448053294625
1448053295122
1448053295611
1448053296108
1448053296629
1448053297110
1448053297607
1448053298104
1448053298584
1448053299097
1448053299578
1448053300074
1448053300572
1448053301054
1448053301550
1448053302064
1448053302536
1448053303025
1448053303514
1448053303985
1448053304474
1448053304979
1448053305434
1448053305940
1448053306453
1448053306925
1448053307447
1448053307969
1448053308450
1448053308971
1448053309477
1448053309940
1448053310463
1448053310943
1448053311390
1448053311904
1448053312368
1448053312881
1448053313395
1448053313867
1448053314339
1448053314836
1448053315316
1448053315813
1448053316301
1448053316790
1448053317246
1448053317817
1448053318332
1448053318811
1448053319275
1448053319798
1448053320286
1448053320783
1448053321288
1448053321777
1448053322257
1448053322770
1448053323218
1448053323714
1448053324237
1448053324684
1448053325180
1448053325669
1448053326116
1448053326654
1448053327143
1448053327648
1448053328130
1448053328635
1448053329124
1448053329630
1448053330110
1448053330590
1448053331078
1448053331584
1448053332098
1448053332578
1448053333050
1448053333580
1448053334043
1448053334524
1448053335054
1448053335543
1448053336023
1448053336537
1448053337034
1448053337539
1448053338070
1448053338508
1448053339013
1448053339486
1448053339974
1448053340488
1448053340976
1448053341498
1448053341995
1448053342475
1448053342956
1448053343477
1448053343949
1448053344438
1448053344960
1448053345457
1448053345929
1448053346426
1448053346923
1448053347419
1448053348034
1448053348547
1448053349036
1448053349550
1448053350079
1448053350551
1448053351040
1448053351562
1448053352034
1448053352531
1448053353028
1448053353475
1448053353972
1448053354454
1448053354909
1448053355373
1448053355887
1448053356342
1448053356839
1448053357335
1448053357816
1448053358329
1448053358818
1448053359307
1448053359811
1448053360300
1448053360805
1448053361269
1448053361783
1448053362287
1448053362777
1448053363298
1448053363803
1448053364267
1448053364755
1448053365252
1448053365732
1448053366229
1448053366702
1448053367181
1448053367695
1448053368183
1448053368689
1448053369186
1448053369657
1448053370146
1448053370634
1448053371098
1448053371637
1448053372100
1448053372589
1448053373135
1448053373624
1448053374129
1448053374643
1448053375132
1448053375653
1448053376134
1448053376622
1448053377127
1448053377633
1448053378154
1448053378626
1448053379156
1448053379645
1448053380126
1448053380680
1448053381162
1448053381617
1448053382139
1448053382603
1448053383166
1448053383680
1448053384210
1448053384682
1448053385188
1448053385701
1448053386190
1448053386728
1448053387216
1448053387721
1448053388243
1448053388716
1448053389237
1448053389734
1448053390214
1448053390728
1448053391233
1448053391738
1448053392227
1448053392732
1448053393262
1448053393726
1448053394239
1448053394745
1448053395208
1448053395738
1448053396219
1448053396699
1448053397221
1448053397684
1448053398189
1448053398703
1448053399175
1448053399689
1448053400160
1448053400657
1448053401154
1448053401651
1448053402173
1448053402644
1448053403150
1448053403631
1448053404169
1448053404649
1448053405137
1448053405643
1448053406106
1448053406611
1448053407100
1448053407580
1448053408079
1448053408567
1448053409055
1448053409561
1448053410032
1448053410521
1448053411018
1448053411498
1448053412012
1448053412484
1448053413089
1448053413552
1448053414041
1448053414547
1448053415018
1448053415532
1448053416028
1448053416509
1448053417014
1448053417486
1448053418000
1448053418471
1448053418968
1448053419473
1448053419929
1448053420434
1448053420922
1448053421394
1448053421932
1448053422396
1448053422902
1448053423406
1448053423879
1448053424400
1448053424906
1448053425386
1448053425908
1448053426388
1448053426885
1448053427390
1448053427871
1448053428392
1448053428873
1448053429369
1448053429875
1448053430363
1448053430893
1448053431374
1448053431878
1448053432384
1448053432847
1448053433353
1448053433858
1448053434304
1448053434778
1448053435299
1448053435763
1448053436277
1448053436765
1448053437246
1448053437767
1448053438239
1448053438745
1448053439241
1448053439722
1448053440227
1448053440690
1448053441196
1448053441676
1448053442148
1448053442653
1448053443225
1448053443697
1448053444202
1448053444658
1448053445137
1448053445609
1448053446074
1448053446570
1448053447025
1448053447513
1448053447986
1448053448449
1448053448946
1448053449402
1448053449873
1448053450345
1448053450791
1448053451280
1448053451744
1448053452199
1448053452688
1448053453143
1448053453615
1448053454087
1448053454534
1448053455022
1448053455477
1448053455941
1448053456430
1448053456868
1448053457349
1448053457820
1448053458259
1448053458764
1448053459203
1448053459675
1448053460146
1448053460603
1448053461091
1448053461580
1448053462036
1448053462540
1448053463012
1448053463484
1448053463973
1448053464445
1448053464941
1448053465414
1448053465885
1448053466382
1448053466829
1448053467326
1448053467806
1448053468253
1448053468759
1448053469214
1448053469677
1448053470183
1448053470612
1448053471109
1448053471574
1448053472045
1448053472484
1448053473080
1448053473519
1448053474025
1448053474504
1448053474985
1448053475473
1448053475945
1448053476426
1448053476914
1448053477370
1448053477874
1448053478330
1448053478818
1448053479323
1448053479779
1448053480242
1448053480731
1448053481169
1448053481625
1448053482130
1448053482601
1448053483124
1448053483587
1448053484059
1448053484565
1448053485011
1448053485500
1448053485954
1448053486429
1448053486901
1448053487389
1448053487845
1448053488349
1448053488822
1448053489293
1448053489790
1448053490271
1448053490784
1448053491239
1448053491711
1448053492191
1448053492647
1448053493127
1448053493599
1448053494070
1448053494551
1448053495040
1448053495511
1448053496000
1448053496471
1448053496927
1448053497416
1448053497871
1448053498343
1448053498847
1448053499311
1448053499800
1448053500305
1448053500769
1448053501257
1448053501763
1448053502227
1448053502698
1448053503329
1448053503784
1448053504273
1448053504728
1448053505200
1448053505647
1448053506102
1448053506607
1448053507080
1448053507585
1448053508074
1448053508528
1448053508992
1448053509481
1448053509936
