1448055150906
1448055153836
1448055154333
1448055154796
1448055155277
1448055155783
1448055156229
1448055156726
1448055157214
1448055157661
1448055158184
1448055158680
1448055159177
1448055159682
1448055160146
1448055160676
1448055161172
1448055161670
1448055162174
1448055162663
1448055163176
1448055163649
1448055164179
1448055164667
1448055165189
1448055165661
1448055166167
1448055166631
1448055167152
1448055167683
1448055168163
1448055168702
1448055169175
1448055169647
1448055170127
1448055170642
1448055171130
1448055171619
1448055172148
1448055172629
1448055173126
1448055173656
1448055174137
1448055174666
1448055175163
1448055175652
1448055176149
1448055176663
1448055177126
1448055177640
1448055178129
1448055178575
1448055179097
1448055179577
1448055180083
1448055180571
1448055181135
1448055181640
1448055182128
1448055182609
1448055183113
1448055183586
1448055184091
1448055184579
1448055185068
1448055185598
1448055186070
1448055186576
1448055187089
1448055187561
1448055188041
1448055188538
1448055189027
1448055189573
1448055190087
1448055190567
1448055191097
1448055191570
1448055192041
1448055192547
1448055193018
1448055193490
1448055194021
1448055194476
1448055194965
1448055195478
1448055195985
1448055196466
1448055196929
1448055197393
1448055197831
1448055198329
1448055198876
1448055199339
1448055199811
1448055200275
1448055200780
1448055201244
1448055201740
1448055202238
1448055202701
1448055203215
1448055203704
1448055204175
1448055204689
1448055205144
1448055205616
1448055206147
1448055206593
1448055207090
1448055207587
1448055208042
1448055208547
1448055209019
1448055209525
1448055210013
1448055210485
1448055211040
1448055211545
1448055212009
1448055212472
1448055212953
1448055213391
1448055213871
1448055214344
1448055214790
1448055215271
1448055215734
1448055216206
1448055216695
1448055217149
1448055217630
1448055218085
1448055218532
1448055219021
1448055219451
1448055219931
1448055220403
1448055220850
1448055221340
1448055221812
1448055222276
1448055222789
1448055223236
1448055223699
1448055224171
1448055224610
1448055225090
1448055225554
1448055226033
1448055226514
1448055226961
1448055227441
1448055227905
1448055228359
1448055228848
1448055229296
1448055229767
1448055230248
1448055230677
1448055231166
1448055231630
1448055232076
1448055232549
1448055232995
1448055233476
1448055233931
1448055234394
1448055234875
1448055235313
1448055235827
1448055236291
1448055236729
1448055237226
1448055237689
1448055238145
1448055238658
1448055239105
1448055239577
1448055240074
1448055240538
1448055241084
1448055241532
1448055242020
1448055242475
1448055242939
1448055243377
1448055243833
1448055244339
1448055244768
1448055245241
1448055245721
1448055246217
1448055246690
1448055247186
1448055247619
1448055248115
1448055248588
1448055249093
1448055249531
1448055250021
1448055250443
1448055250889
1448055251370
1448055251825
1448055252305
1448055252770
1448055253274
1448055253763
1448055254210
1448055254699
1448055255196
1448055255701
1448055256165
1448055256636
1448055257100
1448055257614
1448055258077
1448055258558
1448055259063
1448055259527
1448055260033
1448055260521
1448055261010
1448055261465
1448055261937
1448055262426
1448055262931
1448055263428
1448055263950
1448055264472
1448055264953
1448055265441
1448055265955
1448055266486
1448055266990
1448055267454
1448055267909
1448055268406
1448055268870
1448055269325
1448055269814
1448055270327
1448055270830
1448055271372
1448055271877
1448055272391
1448055272895
1448055273369
1448055273883
1448055274354
1448055274835
1448055275356
1448055275812
1448055276318
1448055276822
1448055277294
1448055277832
1448055278313
1448055278809
1448055279315
1448055279796
1448055280308
1448055280806
1448055281286
1448055281783
1448055282255
1448055282751
1448055283224
1448055283703
1448055284201
1448055284639
1448055285136
1448055285600
1448055286038
1448055286552
1448055286999
1448055287462
1448055287984
1448055288422
1448055288886
1448055289375
1448055289805
1448055290285
1448055290732
1448055291204
1448055291667
1448055292114
1448055292603
1448055293049
1448055293522
1448055293985
1448055294415
1448055294913
1448055295367
1448055295831
1448055296328
1448055296775
1448055297255
1448055297735
1448055298199
1448055298704
1448055299202
1448055299650
1448055300146
1448055300618
1448055301065
1448055301554
1448055302018
1448055302506
1448055302961
1448055303408
1448055303872
1448055304344
1448055304791
1448055305255
1448055305701
1448055306257
1448055306738
1448055307176
1448055307631
1448055308103
1448055308558
1448055309048
1448055309519
1448055309966
1448055310479
1448055310951
1448055311432
1448055311929
1448055312384
1448055312864
1448055313353
1448055313826
1448055314305
1448055314786
1448055315241
1448055315738
1448055316219
1448055316674
1448055317163
1448055317617
1448055318073
1448055318562
1448055319034
1448055319506
1448055319978
1448055320442
1448055320897
1448055321369
1448055321825
1448055322297
1448055322768
1448055323224
1448055323687
1448055324178
1448055324667
1448055325146
1448055325644
1448055326099
1448055326571
1448055327043
1448055327473
1448055327929
1448055328425
1448055328873
1448055329353
1448055329858
1448055330322
1448055330827
1448055331283
1448055331747
1448055332251
1448055332715
1448055333188
1448055333693
1448055334140
1448055334628
1448055335084
1448055335556
1448055336111
1448055336550
1448055336988
1448055337485
1448055337983
1448055338404
1448055338902
1448055339373
1448055339862
1448055340343
1448055340856
1448055341311
1448055341808
1448055342264
1448055342753
1448055343249
1448055343722
1448055344177
1448055344632
1448055345071
1448055345568
1448055346040
1448055346503
1448055347001
1448055347473
1448055347953
1448055348425
1448055348880
1448055349370
1448055349851
1448055350305
1448055350794
1448055351249
1448055351705
1448055352185
1448055352624
1448055353113
1448055353576
1448055354031
1448055354512
1448055354992
1448055355456
1448055355943
1448055356449
1448055356922
1448055357410
1448055357874
1448055358362
1448055358851
1448055359315
1448055359761
1448055360242
1448055360696
1448055361152
1448055361616
1448055362088
1448055362577
1448055363048
1448055363504
1448055364009
1448055364447
1448055364936
1448055365433
1448055365880
1448055366436
1448055366874
1448055367379
1448055367867
1448055368306
1448055368804
1448055369258
1448055369681
1448055370135
1448055370608
1448055371063
1448055371560
1448055372015
1448055372512
1448055372959
1448055373431
1448055373936
1448055374410
1448055374848
1448055375304
1448055375768
1448055376198
1448055376678
1448055377166
1448055377647
1448055378103
1448055378582
1448055379038
1448055379526
1448055379998
1448055380454
1448055380950
1448055381440
1448055381894
1448055382392
1448055382831
1448055383335
1448055383791
1448055384254
1448055384760
1448055385207
1448055385637
1448055386126
1448055386564
1448055387020
1448055387500
1448055387930
1448055388394
1448055388865
1448055389313
1448055389785
1448055390257
1448055390712
1448055391217
1448055391690
1448055392137
1448055392625
1448055393081
1448055393545
1448055394016
1448055394472
1448055394943
1448055395424
1448055395855
1448055396351
1448055396832
1448055397270
1448055397726
1448055398206
1448055398644
1448055399127
1448055399599
1448055400071
1448055400502
1448055401007
1448055401479
1448055401967
1448055402440
1448055402895
1448055403400
1448055403856
1448055404310
1448055404816
1448055405255
1448055405693
1448055406157
1448055406628
1448055407084
1448055407581
1448055408019
1448055408492
1448055408997
1448055409494
1448055409949
1448055410421
1448055410902
1448055411406
1448055411879
1448055412334
1448055412848
1448055413336
1448055413825
1448055414322
1448055414794
1448055415266
1448055415713
1448055416218
1448055416723
1448055417171
1448055417659
1448055418164
1448055418611
1448055419083
1448055419589
1448055420077
1448055420566
1448055421054
1448055421518
1448055422049
1448055422545
1448055423026
1448055423564
1448055424045
1448055424560
1448055425073
1448055425571
1448055426059
1448055426589
1448055427103
1448055427575
1448055428055
1448055428569
1448055428999
1448055429504
1448055430001
1448055430473
1448055430994
1448055431466
1448055431972
1448055432460
1448055432941
1448055433454
1448055433926
1448055434448
1448055434936
1448055435417
1448055435955
1448055436410
1448055436916
1448055437379
1448055437893
1448055438373
1448055438853
1448055439375
1448055439847
1448055440344
1448055440824
1448055441304
1448055441826
1448055442281
1448055442795
1448055443292
1448055443747
1448055444277
1448055444766
1448055445246
1448055445776
1448055446265
1448055446761
1448055447275
1448055447739
1448055448252
1448055448741
1448055449229
1448055449726
1448055450207
1448055450736
1448055451216
1448055451713
1448055452212
1448055452684
1448055453181
1448055453695
1448055454149
1448055454663
1448055455144
1448055455615
1448055456187
1448055456659
1448055457131
1448055457653
1448055458100
1448055458597
1448055459093
1448055459565
1448055460087
1448055460559
1448055461056
1448055461536
1448055462017
1448055462505
1448055462968
1448055463507
1448055463962
1448055464459
1448055464956
1448055465411
1448055465933
1448055466421
1448055466894
1448055467415
1448055467896
1448055468409
1448055468914
1448055469395
1448055469908
1448055470405
1448055470911
1448055471399
1448055471904
1448055472434
1448055472906
1448055473419
1448055473941
1448055474422
1448055474952
1448055475449
1448055475937
1448055476484
1448055476965
1448055477461
1448055477959
1448055478421
1448055478912
1448055479409
1448055479872
1448055480386
1448055480874
1448055481355
1448055481869
1448055482340
1448055482846
1448055483342
1448055483822
1448055484328
1448055484799
1448055485305
1448055485810
1448055486323
1448055486854
1448055487334
1448055487814
1448055488352
1448055488816
1448055489347
1448055489851
1448055490340
1448055490862
1448055491367
1448055491863
1448055492369
1448055492858
1448055493371
1448055493852
1448055494356
1448055494853
1448055495334
1448055495856
1448055496344
1448055496832
1448055497355
1448055497810
1448055498323
1448055498820
1448055499267
1448055499797
1448055500261
1448055500749
1448055501255
1448055501726
1448055502232
1448055502729
1448055503225
1448055503722
1448055504219
1448055504741
1448055505229
1448055505695
1448055506208
1448055506696
1448055507194
1448055507715
1448055508171
1448055508676
1448055509189
1448055509661
1448055510191
1448055510672
1448055511161
1448055511690
1448055512171
1448055512676
1448055513189
1448055513662
1448055514183
1448055514680
1448055515168
1448055515674
1448055516155
1448055516693
1448055517173
1448055517669
1448055518183
1448055518646
1448055519160
1448055519658
1448055520121
1448055520643
1448055521106
1448055521611
1448055522117
1448055522580
1448055523102
1448055523573
1448055524062
1448055524585
1448055525048
1448055525562
1448055526050
1448055526530
1448055527044
1448055527507
1448055528013
1448055528501
1448055528965
1448055529479
1448055529933
1448055530439
1448055530944
1448055531407
1448055531939
1448055532444
1448055532900
1448055533413
1448055533885
1448055534356
1448055534853
1448055535309
1448055535797
1448055536303
1448055536766
1448055537288
1448055537719
1448055538190
1448055538654
1448055539092
1448055539581
1448055540028
1448055540483
1448055540964
1448055541402
1448055541882
1448055542346
1448055542776
1448055543265
1448055543711
1448055544183
1448055544656
1448055545085
1448055545566
1448055546012
1448055546543
1448055547040
1448055547486
1448055547975
1448055548438
1448055548894
1448055549390
1448055549838
1448055550318
1448055550790
1448055551229
1448055551733
1448055552197
1448055552669
1448055553157
1448055553630
1448055554109
1448055554581
1448055555054
1448055555542
1448055555989
1448055556494
1448055556974
1448055557440
1448055557919
1448055558392
1448055558838
1448055559344
1448055559799
1448055560237
1448055560718
1448055561181
1448055561628
1448055562141
1448055562588
1448055563061
1448055563557
1448055564004
1448055564492
1448055564948
1448055565428
1448055565883
1448055566364
1448055566860
1448055567307
1448055567805
1448055568284
1448055568740
1448055569261
1448055569717
1448055570206
1448055570694
1448055571149
1448055571654
1448055572126
1448055572598
1448055573086
1448055573559
1448055574047
1448055574519
1448055574990
1448055575504
1448055575960
1448055576540
1448055577012
1448055577466
1448055577989
1448055578436
1448055578907
1448055579405
1448055579859
1448055580348
1448055580812
1448055581267
1448055581756
1448055582210
1448055582683
1448055583156
1448055583619
1448055584108
1448055584588
1448055585060
1448055585557
1448055586020
1448055586510
1448055587006
1448055587461
1448055587967
1448055588438
1448055588910
1448055589415
1448055589871
1448055590359
1448055590848
1448055591303
1448055591808
1448055592280
1448055592752
1448055593241
1448055593721
1448055594209
1448055594681
1448055595161
1448055595658
1448055596106
1448055596585
1448055597058
1448055597504
1448055598026
1448055598482
1448055598945
1448055599434
1448055599880
1448055600369
1448055600841
1448055601313
1448055601802
1448055602273
1448055602762
1448055603225
1448055603697
1448055604203
1448055604649
1448055605138
1448055605609
1448055606056
1448055606612
1448055607075
1448055607531
1448055608035
1448055608483
1448055608990
1448055609487
1448055609959
1448055610405
1448055610911
1448055611350
1448055611821
1448055612310
1448055612748
1448055613237
1448055613709
1448055614164
1448055614653
1448055615108
1448055615588
1448055616061
1448055616515
1448055617004
1448055617459
1448055617939
1448055618411
1448055618850
1448055619364
1448055619818
1448055620274
1448055620754
1448055621184
1448055621673
1448055622145
1448055622600
1448055623088
1448055623552
1448055624033
1448055624504
1448055624960
1448055625456
1448055625911
1448055626400
1448055626889
1448055627336
1448055627824
1448055628296
1448055628752
1448055629265
1448055629720
1448055630208
1448055630639
1448055631135
1448055631591
1448055632055
1448055632551
1448055633007
1448055633495
1448055633967
1448055634440
