1448057715260
1448057717375
1448057717848
1448057718368
1448057718832
1448057719329
1448057719843
1448057720323
1448057720844
1448057721350
1448057721822
1448057722360
1448057722841
1448057723320
1448057723842
1448057724323
1448057724819
1448057725317
1448057725788
1448057726285
1448057726757
1448057727254
1448057727734
1448057728214
1448057728711
1448057729175
1448057729672
1448057730161
1448057730615
1448057731137
1448057731593
1448057732064
1448057732578
1448057733025
1448057733522
1448057734010
1448057734482
1448057735021
1448057735500
1448057736014
1448057736510
1448057737001
1448057737490
1448057737995
1448057738476
1448057738980
1448057739452
1448057739933
1448057740446
1448057740910
1448057741415
1448057741903
1448057742392
1448057742922
1448057743403
1448057743907
1448057744413
1448057744986
1448057745491
1448057745988
1448057746492
1448057746981
1448057747487
1448057747992
1448057748464
1448057748985
1448057749474
1448057750030
1448057750559
1448057751040
1448057751536
1448057752000
1448057752513
1448057752977
1448057753483
1448057753971
1448057754443
1448057754973
1448057755445
1448057755934
1448057756447
1448057756927
1448057757449
1448057757946
1448057758427
1448057758964
1448057759445
1448057759933
1448057760464
1448057760919
1448057761424
1448057761913
1448057762384
1448057762890
1448057763372
1448057763868
1448057764357
1448057764828
1448057765342
1448057765806
1448057766294
1448057766825
1448057767279
1448057767785
1448057768281
1448057768737
1448057769259
1448057769739
1448057770219
1448057770732
1448057771196
1448057771710
1448057772215
1448057772704
1448057773208
1448057773689
1448057774178
1448057774666
1448057775172
1448057775685
1448057776149
1448057776654
1448057777159
1448057777631
1448057778161
1448057778641
1448057779122
1448057779643
1448057780174
1448057780687
1448057781192
1448057781655
1448057782194
1448057782675
1448057783171
1448057783677
1448057784140
1448057784637
1448057785118
1448057785597
1448057786111
1448057786574
1448057787071
1448057787536
1448057788048
1448057788554
1448057789000
1448057789506
1448057789988
1448057790443
1448057790965
1448057791445
1448057791950
1448057792431
1448057792927
1448057793424
1448057793904
1448057794418
1448057794890
1448057795378
1448057795884
1448057796339
1448057796844
1448057797332
1448057797788
1448057798310
1448057798790
1448057799262
1448057799792
1448057800247
1448057800761
1448057801274
1448057801755
1448057802284
1448057802773
1448057803279
1448057803767
1448057804264
1448057804777
1448057805274
1448057805788
1448057806276
1448057806757
1448057807295
1448057807767
1448057808273
1448057808794
1448057809300
1448057809813
1448057810368
1448057810831
1448057811370
1448057811851
1448057812339
1448057812853
1448057813315
1448057813821
1448057814310
1448057814790
1448057815295
1448057815775
1448057816289
1448057816771
1448057817242
1448057817764
1448057818219
1448057818733
1448057819239
1448057819693
1448057820215
1448057820704
1448057821176
1448057821690
1448057822170
1448057822659
1448057823172
1448057823652
1448057824158
1448057824646
1448057825160
1448057825648
1448057826112
1448057826659
1448057827114
1448057827619
1448057828149
1448057828605
1448057829084
1448057829615
1448057830087
1448057830567
1448057831089
1448057831535
1448057832032
1448057832538
1448057832985
1448057833498
1448057833986
1448057834450
1448057834998
1448057835478
1448057835975
1448057836446
1448057836968
1448057837440
1448057837970
1448057838459
1448057838930
1448057839419
1448057840044
1448057840538
1448057841027
1448057841556
1448057842037
1448057842543
1448057843064
1448057843571
1448057844051
1448057844573
1448057845036
1448057845541
1448057846047
1448057846510
1448057847032
1448057847520
1448057848001
1448057848498
1448057848978
1448057849483
1448057849971
1448057850460
1448057850966
1448057851437
1448057851951
1448057852414
1448057852903
1448057853417
1448057853863
1448057854369
1448057854865
1448057855346
1448057855885
1448057856364
1448057856853
1448057857383
1448057857872
1448057858385
1448057858899
1448057859371
1448057859892
1448057860390
1448057860886
1448057861391
1448057861864
1448057862352
1448057862841
1448057863320
1448057863818
1448057864298
1448057864794
1448057865308
1448057865771
1448057866302
1448057866766
1448057867254
1448057867751
1448057868198
1448057868711
1448057869192
1448057869672
1448057870229
1448057870733
1448057871206
1448057871735
1448057872216
1448057872721
1448057873226
1448057873715
1448057874236
1448057874717
1448057875206
1448057875727
1448057876199
1448057876712
1448057877218
1448057877682
1448057878187
1448057878684
1448057879155
1448057879677
1448057880166
1448057880654
1448057881168
1448057881623
1448057882128
1448057882626
1448057883089
1448057883611
1448057884091
1448057884580
1448057885102
1448057885573
1448057886087
1448057886600
1448057887072
1448057887627
1448057888099
1448057888605
1448057889109
1448057889598
1448057890111
1448057890584
1448057891106
1448057891594
1448057892083
1448057892621
1448057893093
1448057893607
1448057894128
1448057894609
1448057895155
1448057895661
1448057896133
1448057896680
1448057897154
1448057897600
1448057898114
1448057898603
1448057899066
1448057899588
1448057900093
1448057900599
1448057901096
1448057901576
1448057902081
1448057902552
1448057903058
1448057903546
1448057904018
1448057904541
1448057905012
1448057905509
1448057906039
1448057906494
1448057907008
1448057907530
1448057908002
1448057908540
1448057909037
1448057909518
1448057910039
1448057910528
1448057911033
1448057911538
1448057912027
1448057912532
1448057913012
1448057913525
1448057914006
1448057914512
1448057915033
1448057915505
1448057916026
1448057916524
1448057916987
1448057917534
1448057918014
1448057918494
1448057919016
1448057919471
1448057919976
1448057920474
1448057920954
1448057921459
1448057921947
1448057922444
1448057922942
1448057923430
1448057923912
1448057924400
1448057924905
1448057925419
1448057925857
1448057926363
1448057926859
1448057927306
1448057927845
1448057928317
1448057928789
1448057929327
1448057929807
1448057930346
1448057930851
1448057931323
1448057931820
1448057932309
1448057932798
1448057933269
1448057933758
1448057934262
1448057934718
1448057935215
1448057935703
1448057936159
1448057936672
1448057937144
1448057937615
1448057938129
1448057938577
1448057939081
1448057939562
1448057940017
1448057940506
1448057940953
1448057941424
1448057941888
1448057942360
1448057942857
1448057943287
1448057943767
1448057944239
1448057944677
1448057945175
1448057945655
1448057946127
1448057946590
1448057947095
1448057947526
1448057948014
1448057948461
1448057948942
1448057949412
1448057949868
1448057950331
1448057950822
1448057951286
1448057951766
1448057952254
1448057952692
1448057953131
1448057953620
1448057954067
1448057954539
1448057955085
1448057955558
1448057956047
1448057956535
1448057956990
1448057957495
1448057957976
1448057958448
1448057958936
1448057959392
1448057959880
1448057960402
1448057960874
1448057961345
1448057961818
1448057962273
1448057962762
1448057963275
1448057963714
1448057964161
1448057964599
1448057965071
1448057965544
1448057965982
1448057966446
1448057966901
1448057967373
1448057967854
1448057968342
1448057968814
1448057969286
1448057969749
1448057970238
1448057970677
1448057971133
1448057971637
1448057972085
1448057972574
1448057973037
1448057973476
1448057973964
1448057974470
1448057974917
1448057975422
1448057975870
1448057976350
1448057976789
1448057977287
1448057977758
1448057978247
1448057978752
1448057979233
1448057979705
1448057980209
1448057980640
1448057981145
1448057981634
1448057982106
1448057982611
1448057983083
1448057983555
1448057984043
1448057984499
1448057984979
1448057985460
1448057985898
1448057986354
1448057986843
1448057987281
1448057987737
1448057988242
1448057988680
1448057989170
1448057989624
1448057990072
1448057990594
1448057991032
1448057991496
1448057991984
1448057992440
1448057992879
1448057993334
1448057993806
1448057994244
1448057994725
1448057995189
1448057995627
1448057996116
1448057996579
1448057997026
1448057997490
1448057997920
1448057998393
1448057998881
1448057999328
1448057999817
1448058000297
1448058000770
1448058001258
1448058001739
1448058002203
1448058002691
1448058003164
1448058003610
1448058004099
1448058004555
1448058004993
1448058005490
1448058005954
1448058006409
1448058006898
1448058007345
1448058007800
1448058008289
1448058008728
1448058009200
1448058009680
1448058010135
1448058010607
1448058011096
1448058011552
1448058012023
1448058012495
1448058012933
1448058013439
1448058013911
1448058014366
1448058014822
1448058015286
1448058015758
1448058016230
1448058016651
1448058017107
1448058017555
1448058017984
1448058018490
1448058018928
1448058019400
1448058019889
1448058020361
1448058020850
1448058021355
1448058021794
1448058022233
1448058022721
1448058023176
1448058023664
1448058024129
1448058024601
1448058025080
1448058025563
1448058026051
1448058026540
1448058026995
1448058027484
1448058027956
1448058028402
1448058028892
1448058029372
1448058029810
1448058030299
1448058030754
1448058031201
1448058031690
1448058032128
1448058032592
1448058033097
1448058033528
1448058034017
1448058034471
1448058034935
1448058035423
1448058035862
1448058036343
1448058036831
1448058037286
1448058037791
1448058038255
1448058038736
1448058039224
1448058039679
1448058040151
1448058040639
1448058041095
1448058041567
1448058042022
1448058042493
1448058042982
1448058043438
1448058043943
1448058044398
1448058044828
1448058045334
1448058045780
1448058046252
1448058046725
1448058047163
1448058047643
1448058048148
1448058048612
1448058049092
1448058049547
1448058050011
1448058050566
1448058051056
1448058051520
1448058052016
1448058052488
1448058052935
1448058053424
1448058053871
1448058054334
1448058054823
1448058055269
1448058055750
1448058056222
1448058056685
1448058057166
1448058057637
1448058058109
1448058058597
1448058059078
1448058059567
1448058060047
1448058060527
1448058061015
1448058061512
1448058062018
1448058062523
1448058062995
1448058063508
1448058064014
1448058064494
1448058065024
1448058065521
1448058066001
1448058066531
1448058067003
1448058067500
1448058068005
1448058068477
1448058068991
1448058069480
1448058069968
1448058070473
1448058070970
1448058071484
1448058071964
1448058072460
1448058072966
1448058073421
1448058073934
1448058074407
1448058074870
1448058075401
1448058075864
1448058076344
1448058076865
1448058077356
1448058077845
1448058078374
1448058078863
1448058079368
1448058079882
1448058080429
1448058080917
1448058081423
1448058081894
1448058082383
1448058082880
1448058083385
1448058083857
1448058084370
1448058084926
1448058085440
1448058085936
1448058086433
1448058086913
1448058087418
1448058087924
1448058088445
1448058088968
1448058089422
1448058089953
1448058090482
1448058090996
1448058091469
1448058091990
1448058092445
1448058092934
1448058093439
1448058093920
1448058094383
1448058094863
1448058095351
1448058095840
1448058096329
1448058096842
1448058097348
1448058097827
1448058098291
1448058098772
1448058099268
1448058099765
1448058100245
1448058100759
1448058101240
1448058101786
1448058102258
1448058102755
1448058103277
1448058103751
1448058104223
1448058104736
1448058105233
1448058105730
1448058106260
1448058106732
1448058107229
1448058107742
1448058108206
1448058108728
1448058109208
1448058109705
1448058110193
1448058110716
1448058111220
1448058111759
1448058112256
1448058112736
1448058113258
1448058113746
1448058114235
1448058114741
1448058115229
1448058115734
1448058116223
1448058116703
1448058117209
1448058117680
1448058118210
1448058118682
1448058119162
1448058119692
1448058120148
1448058120637
1448058121158
1448058121630
1448058122152
1448058122649
1448058123138
1448058123642
1448058124131
1448058124636
1448058125125
1448058125622
1448058126135
1448058126616
1448058127129
1448058127626
1448058128115
1448058128645
1448058129117
1448058129621
1448058130144
1448058130592
1448058131064
1448058131578
1448058132032
1448058132521
1448058133001
1448058133523
1448058134004
1448058134508
1448058134997
1448058135477
1448058136008
1448058136480
1448058136959
1448058137473
1448058137920
1448058138417
1448058138923
1448058139369
1448058139883
1448058140364
1448058140926
1448058141390
1448058141862
1448058142351
1448058142831
1448058143353
1448058143825
1448058144322
1448058144835
1448058145282
1448058145796
1448058146252
1448058146723
1448058147204
1448058147683
1448058148164
1448058148612
1448058149125
1448058149597
1448058150093
1448058150574
1448058151079
1448058151543
1448058152015
1448058152511
1448058152975
1448058153489
1448058153986
1448058154492
1448058155013
1448058155494
1448058155991
1448058156495
1448058156992
1448058157480
1448058157988
1448058158510
1448058158965
1448058159471
1448058159959
1448058160440
1448058160962
1448058161442
1448058161889
1448058162419
1448058162924
1448058163439
1448058163977
1448058164491
1448058164946
1448058165434
1448058165923
1448058166412
1448058166951
1448058167465
1448058167928
1448058168450
1448058168946
1448058169444
1448058169933
1448058170512
1448058170993
1448058171514
1448058171987
1448058172476
1448058172997
1448058173478
1448058173999
1448058174513
1448058175002
1448058175515
1448058175979
1448058176467
1448058176973
1448058177470
1448058177983
1448058178489
1448058178977
1448058179466
1448058179955
1448058180427
1448058180932
1448058181412
1448058181893
1448058182407
1448058182870
1448058183351
1448058183872
1448058184387
1448058184859
1448058185406
1448058185887
1448058186358
1448058186872
1448058187344
1448058187832
1448058188338
1448058188818
1448058189290
1448058189779
1448058190251
1448058190740
1448058191286
1448058191759
1448058192264
1448058192752
1448058193258
1448058193696
1448058194193
1448058194699
1448058195170
1448058195692
1448058196164
1448058196653
1448058197175
1448058197638
1448058198135
1448058198640
1448058199129
1448058199618
1448058200140
1448058200654
1448058201158
1448058201639
1448058202136
1448058202641
1448058203147
1448058203669
1448058204141
1448058204596
1448058205118
1448058205632
