1448048213990
1448048216898
1448048217378
1448048217825
1448048218330
1448048218785
1448048219249
1448048219754
1448048220201
1448048220690
1448048221178
1448048221685
1448048222189
1448048222687
1448048223192
1448048223630
1448048224136
1448048224607
1448048225063
1448048225568
1448048226031
1448048226504
1448048227008
1448048227456
1448048227970
1448048228458
1448048228938
1448048229462
1448048229998
1448048230479
1448048231000
1448048231481
1448048231986
1448048232483
1448048232964
1448048233477
1448048233958
1448048234479
1448048234935
1448048235398
1448048235887
1448048236401
1448048236880
1448048237361
1448048237841
1448048238346
1448048238869
1448048239324
1448048239813
1448048240326
1448048240823
1448048241287
1448048241792
1448048242239
1448048242761
1448048243232
1448048243714
1448048244235
1448048244715
1448048245213
1448048245717
1448048246198
1448048246687
1448048247200
1448048247680
1448048248185
1448048248676
1448048249147
1448048249661
1448048250142
1448048250622
1448048251119
1448048251592
1448048252072
1448048252569
1448048253049
1448048253538
1448048254061
1448048254532
1448048255029
1448048255550
1448048256022
1448048256528
1448048257033
1448048257547
1448048258085
1448048258565
1448048259038
1448048259584
1448048260073
1448048260553
1448048261059
1448048261548
1448048262036
1448048262508
1448048263013
1448048263494
1448048263991
1448048264521
1448048265001
1448048265523
1448048265996
1448048266485
1448048266981
1448048267486
1448048267958
1448048268413
1448048268861
1448048269315
1448048269838
1448048270309
1448048270781
1448048271270
1448048271742
1448048272256
1448048272761
1448048273250
1448048273673
1448048274144
1448048274618
1448048275106
1448048275561
1448048276058
1448048276555
1448048276994
1448048277482
1448048277971
1448048278402
1448048278865
1448048279313
1448048279817
1448048280340
1448048280804
1448048281258
1448048281764
1448048282278
1448048282733
1448048283247
1448048283710
1448048284158
1448048284613
1448048285060
1448048285532
1448048286004
1448048286459
1448048286931
1448048287378
1448048287867
1448048288347
1448048288811
1448048289266
1448048289771
1448048290260
1448048290765
1448048291229
1448048291734
1448048292201
1448048292653
1448048293150
1448048293639
1448048294078
1448048294600
1448048295072
1448048295510
1448048296032
1448048296488
1448048296926
1448048297432
1448048297895
1448048298351
1448048298857
1448048299312
1448048299810
1448048300291
1448048300754
1448048301201
1448048301715
1448048302162
1448048302666
1448048303163
1448048303636
1448048304065
1448048304546
1448048305009
1448048305481
1448048305987
1448048306475
1448048306964
1448048307402
1448048307857
1448048308313
1448048308802
1448048309282
1448048309745
1448048310201
1448048310656
1448048311136
1448048311617
1448048312104
1448048312543
1448048313024
1448048313521
1448048313943
1448048314447
1448048314869
1448048315315
1448048315804
1448048316260
1448048316748
1448048317237
1448048317667
1448048318164
1448048318662
1448048319116
1448048319573
1448048320126
1448048320590
1448048321038
1448048321509
1448048322039
1448048322552
1448048323025
1448048323497
1448048323960
1448048324424
1448048324878
1448048325394
1448048325866
1448048326404
1448048326868
1448048327356
1448048327853
1448048328317
1448048328813
1448048329352
1448048329833
1448048330330
1448048330835
1448048331306
1448048331762
1448048332258
1448048332739
1448048333252
1448048333757
1448048334280
1448048334801
1448048335298
1448048335769
1448048336250
1448048336731
1448048337244
1448048337766
1448048338262
1448048338743
1448048339215
1448048339729
1448048340201
1448048340730
1448048341260
1448048341716
1448048342229
1448048342668
1448048343114
1448048343612
1448048344059
1448048344580
1448048345094
1448048345549
1448048346013
1448048346484
1448048346966
1448048347479
1448048347951
1448048348398
1448048348852
1448048349341
1448048349922
1448048350419
1448048350924
1448048351370
1448048351844
1448048352333
1448048352796
1448048353285
1448048353740
1448048354237
1448048354709
1448048355181
1448048355678
1448048356116
1448048356605
1448048357069
1448048357499
1448048358004
1448048358459
1448048358914
1448048359419
1448048359866
1448048360347
1448048360835
1448048361307
1448048361803
1448048362276
1448048362748
1448048363228
1448048363700
1448048364205
1448048364660
1448048365158
1448048365646
1448048366093
1448048366589
1448048367062
1448048367517
1448048368030
1448048368494
1448048368974
1448048369454
1448048369893
1448048370390
1448048370845
1448048371317
1448048371797
1448048372244
1448048372716
1448048373188
1448048373643
1448048374132
1448048374595
1448048375067
1448048375548
1448048376011
1448048376483
1448048376929
1448048377403
1448048377884
1448048378321
1448048378810
1448048379274
1448048379815
1448048380310
1448048380756
1448048381212
1448048381700
1448048382172
1448048382619
1448048383132
1448048383588
1448048384059
1448048384540
1448048384978
1448048385467
1448048385922
1448048386377
1448048386858
1448048387287
1448048387776
1448048388215
1448048388670
1448048389167
1448048389597
1448048390077
1448048390550
1448048390988
1448048391477
1448048391923
1448048392379
1448048392859
1448048393297
1448048393778
1448048394233
1448048394680
1448048395161
1448048395599
1448048396079
1448048396550
1448048396998
1448048397503
1448048397958
1448048398422
1448048398918
1448048399374
1448048399878
1448048400343
1448048400815
1448048401303
1448048401775
1448048402263
1448048402771
1448048403226
1448048403698
1448048404178
1448048404625
1448048405114
1448048405569
1448048406032
1448048406521
1448048406959
1448048407432
1448048407904
1448048408342
1448048408831
1448048409294
1448048409800
1448048410289
1448048410726
1448048411199
1448048411654
1448048412101
1448048412590
1448048413028
1448048413500
1448048413980
1448048414435
1448048414940
1448048415396
1448048415868
1448048416356
1448048416811
1448048417299
1448048417780
1448048418236
1448048418740
1448048419187
1448048419659
1448048420165
1448048420620
1448048421108
1448048421572
1448048422027
1448048422516
1448048422955
1448048423451
1448048423907
1448048424412
1448048424859
1448048425339
1448048425811
1448048426316
1448048426754
1448048427227
1448048427706
1448048428155
1448048428627
1448048429098
1448048429570
1448048430042
1448048430481
1448048430970
1448048431416
1448048431872
1448048432360
1448048432816
1448048433305
1448048433768
1448048434223
1448048434719
1448048435167
1448048435639
1448048436110
1448048436549
1448048437037
1448048437493
1448048437965
1448048438437
1448048438884
1448048439380
1448048439844
1448048440299
1448048440796
1448048441243
1448048441723
1448048442195
1448048442642
1448048443139
1448048443578
1448048444049
1448048444522
1448048445043
1448048445532
1448048445987
1448048446442
1448048446931
1448048447369
1448048447841
1448048448314
1448048448751
1448048449249
1448048449695
1448048450184
1448048450657
1448048451111
1448048451583
1448048452055
1448048452493
1448048452999
1448048453445
1448048453936
1448048454433
1448048454913
1448048455369
1448048455874
1448048456329
1448048456801
1448048457281
1448048457719
1448048458216
1448048458672
1448048459135
1448048459607
1448048460054
1448048460526
1448048460998
1448048461436
1448048461917
1448048462355
1448048462811
1448048463274
1448048463762
1448048464218
1448048464698
1448048465170
1448048465626
1448048466130
1448048466586
1448048467057
1448048467546
1448048467985
1448048468473
1448048468920
1448048469375
1448048469864
1448048470294
1448048470766
1448048471247
1448048471676
1448048472174
1448048472628
1448048473092
1448048473589
1448048474027
1448048474541
1448048475029
1448048475485
1448048475966
1448048476420
1448048476918
1448048477380
1448048477845
1448048478325
1448048478755
1448048479220
1448048479708
1448048480181
1448048480678
1448048481166
1448048481630
1448048482151
1448048482632
1448048483104
1448048483609
1448048484081
1448048484577
1448048485066
1448048485529
1448048486043
1448048486532
1448048487028
1448048487534
1448048488030
1448048488561
1448048489033
1448048489546
1448048490043
1448048490506
1448048491037
1448048491509
1448048491989
1448048492520
1448048492991
1448048493488
1448048494002
1448048494465
1448048494995
1448048495484
1448048495973
1448048496478
1448048496958
1448048497472
1448048497951
1448048498449
1448048498946
1448048499417
1448048499923
1448048500402
1448048500883
1448048501421
1448048501893
1448048502391
1448048502904
1448048503376
1448048503897
1448048504386
1448048504858
1448048505421
1448048505937
1448048506408
1448048506914
1448048507386
1448048507891
1448048508371
1448048508859
1448048509373
1448048509837
1448048510350
1448048510847
1448048511319
1448048511833
1448048512297
1448048512776
1448048513282
1448048513720
1448048514234
1448048514722
1448048515186
1448048515700
1448048516188
1448048516677
1448048517198
1448048517670
1448048518192
1448048518697
1448048519178
1448048519682
1448048520155
1448048520660
1448048521140
1448048521645
1448048522158
1448048522639
1448048523160
1448048523674
1448048524129
1448048524609
1448048525097
1448048525578
1448048526092
1448048526580
1448048527052
1448048527524
1448048528022
1448048528468
1448048528991
1448048529462
1448048529942
1448048530448
1448048530911
1448048531401
1448048531913
1448048532396
1448048532900
1448048533389
1448048533877
1448048534407
1448048534913
1448048535443
1448048535915
1448048536387
1448048536893
1448048537349
1448048537828
1448048538350
1448048538822
1448048539343
1448048539849
1448048540330
1448048540859
1448048541340
1448048541828
1448048542350
1448048542864
1448048543302
1448048543816
1448048544296
1448048544801
1448048545325
1448048545787
1448048546301
1448048546805
1448048547269
1448048547799
1448048548288
1448048548768
1448048549273
1448048549754
1448048550250
1448048550757
1448048551262
1448048551792
1448048552288
1448048552768
1448048553266
1448048553763
1448048554252
1448048554783
1448048555246
1448048555750
1448048556248
1448048556702
1448048557191
1448048557705
1448048558168
1448048558650
1448048559155
1448048559628
1448048560149
1448048560638
1448048561127
1448048561650
1448048562137
1448048562634
1448048563157
1448048563638
1448048564135
1448048564632
1448048565111
1448048565634
1448048566114
1448048566611
1448048567108
1448048567579
1448048568110
1448048568574
1448048569078
1448048569584
1448048570109
1448048570628
1448048571108
1448048571580
1448048572102
1448048572573
1448048573062
1448048573568
1448048574031
1448048574528
1448048575016
1448048575505
1448048576002
1448048576465
1448048576954
1448048577434
1448048577906
1448048578412
1448048578875
1448048579380
1448048579860
1448048580324
1448048580845
1448048581301
1448048581806
1448048582303
1448048582783
1448048583329
1448048583818
1448048584316
1448048584837
1448048585336
1448048585824
1448048586329
1448048586818
1448048587331
1448048587812
1448048588300
1448048588822
1448048589278
1448048589782
1448048590288
1448048590726
1448048591257
1448048591712
1448048592200
1448048592698
1448048593152
1448048593658
1448048594137
1448048594593
1448048595090
1448048595578
1448048596041
1448048596547
1448048597044
1448048597525
1448048598030
1448048598485
1448048598957
1448048599462
1448048599909
1448048600473
1448048600936
1448048601383
1448048601880
1448048602319
1448048602782
1448048603263
1448048603717
1448048604206
1448048604662
1448048605125
1448048605597
1448048606060
1448048606541
1448048607005
1448048607476
1448048607973
1448048608403
1448048608875
1448048609356
1448048609802
1448048610300
1448048610763
1448048611229
1448048611725
1448048612189
1448048612653
1448048613149
1448048613613
1448048614101
1448048614574
1448048615029
1448048615534
1448048616006
1448048616469
1448048616966
1448048617422
1448048617910
1448048618366
1448048618829
1448048619326
1448048619773
1448048620245
1448048620717
1448048621146
1448048621635
1448048622099
1448048622562
1448048623043
1448048623489
1448048623978
1448048624450
1448048624905
1448048625394
1448048625840
1448048626329
1448048626784
1448048627273
1448048627720
1448048628183
1448048628664
1448048629110
1448048629599
1448048630074
1448048630600
1448048631064
1448048631562
1448048631992
1448048632463
1448048632953
1448048633408
1448048633896
1448048634352
1448048634822
1448048635294
1448048635766
1448048636254
1448048636744
1448048637208
1448048637688
1448048638144
1448048638598
1448048639081
1448048639535
1448048640006
1448048640495
1448048640924
1448048641430
1448048641885
1448048642324
1448048642829
1448048643301
1448048643756
1448048644236
1448048644708
1448048645189
1448048645693
1448048646124
1448048646622
1448048647111
1448048647565
1448048648061
1448048648558
1448048649030
1448048649503
1448048649991
1448048650464
1448048650935
1448048651423
1448048651862
1448048652333
1448048652805
1448048653302
1448048653782
1448048654263
1448048654769
1448048655208
1448048655714
1448048656183
1448048656655
1448048657127
1448048657607
1448048658081
1448048658586
1448048659042
1448048659495
1448048660001
1448048660531
1448048660988
1448048661474
1448048661948
1448048662436
1448048662876
1448048663314
1448048663787
1448048664266
1448048664714
1448048665172
1448048665649
1448048666122
1448048666620
1448048667141
1448048667613
1448048668086
1448048668565
1448048668996
1448048669502
1448048669967
1448048670436
1448048670892
1448048671372
1448048671835
1448048672301
1448048672788
1448048673245
1448048673716
1448048674187
1448048674651
1448048675089
1448048675578
1448048676052
1448048676549
1448048677036
1448048677474
1448048677947
1448048678444
1448048678884
1448048679372
1448048679827
1448048680282
1448048680779
1448048681259
1448048681714
1448048682202
1448048682666
1448048683139
1448048683619
1448048684091
1448048684579
1448048685060
1448048685540
1448048686045
1448048686485
1448048686974
1448048687454
1448048687910
1448048688381
1448048688870
1448048689325
1448048689805
1448048690361
1448048690835
1448048691305
1448048691743
1448048692190
1448048692680
1448048693177
1448048693648
1448048694103
1448048694609
1448048695064
1448048695554
1448048696033
1448048696488
