1448058765082
1448058767261
1448058767751
1448058768238
1448058768735
1448058769215
1448058769729
1448058770209
1448058770705
1448058771211
1448058771666
1448058772180
1448058772668
1448058773140
1448058773662
1448058774125
1448058774631
1448058775111
1448058775583
1448058776105
1448058776568
1448058777057
1448058777554
1448058778009
1448058778514
1448058778961
1448058779416
1448058779905
1448058780351
1448058780807
1448058781279
1448058781809
1448058782298
1448058782753
1448058783233
1448058783713
1448058784169
1448058784656
1448058785112
1448058785576
1448058786088
1448058786527
1448058787015
1448058787515
1448058787970
1448058788467
1448058788914
1448058789418
1448058789874
1448058790338
1448058790826
1448058791265
1448058791761
1448058792225
1448058792723
1448058793177
1448058793649
1448058794138
1448058794593
1448058795065
1448058795553
1448058796009
1448058796572
1448058797036
1448058797509
1448058797980
1448058798435
1448058798940
1448058799396
1448058799842
1448058800339
1448058800787
1448058801258
1448058801730
1448058802152
1448058802632
1448058803088
1448058803534
1448058804015
1448058804453
1448058804917
1448058805381
1448058805819
1448058806299
1448058806754
1448058807218
1448058807698
1448058808136
1448058808600
1448058809055
1448058809502
1448058809983
1448058810413
1448058810893
1448058811348
1448058811879
1448058812367
1448058812807
1448058813271
1448058813759
1448058814206
1448058814694
1448058815158
1448058815614
1448058816093
1448058816557
1448058817037
1448058817509
1448058817998
1448058818494
1448058818933
1448058819388
1448058819835
1448058820274
1448058820779
1448058821218
1448058821673
1448058822162
1448058822592
1448058823063
1448058823528
1448058823974
1448058824405
1448058824860
1448058825340
1448058825779
1448058826268
1448058826740
1448058827221
1448058827642
1448058828064
1448058828552
1448058829025
1448058829472
1448058829952
1448058830416
1448058830912
1448058831359
1448058831848
1448058832270
1448058832742
1448058833222
1448058833728
1448058834175
1448058834688
1448058835160
1448058835582
1448058836071
1448058836552
1448058836998
1448058837480
1448058837968
1448058838432
1448058838913
1448058839401
1448058839857
1448058840320
1448058840809
1448058841231
1448058841786
1448058842267
1448058842713
1448058843194
1448058843666
1448058844104
1448058844577
1448058845032
1448058845471
1448058845943
1448058846373
1448058846828
1448058847293
1448058847764
1448058848220
1448058848683
1448058849122
1448058849594
1448058850066
1448058850505
1448058851009
1448058851490
1448058851946
1448058852434
1448058852898
1448058853328
1448058853800
1448058854281
1448058854744
1448058855216
1448058855654
1448058856152
1448058856616
1448058857062
1448058857560
1448058858064
1448058858545
1448058859034
1448058859489
1448058859945
1448058860391
1448058860838
1448058861311
1448058861765
1448058862222
1448058862727
1448058863183
1448058863655
1448058864143
1448058864599
1448058865078
1448058865568
1448058866040
1448058866528
1448058867009
1448058867463
1448058867977
1448058868424
1448058868904
1448058869393
1448058869840
1448058870337
1448058870817
1448058871272
1448058871869
1448058872341
1448058872830
1448058873319
1448058873782
1448058874296
1448058874767
1448058875256
1448058875770
1448058876224
1448058876730
1448058877226
1448058877699
1448058878221
1448058878684
1448058879189
1448058879702
1448058880183
1448058880713
1448058881210
1448058881699
1448058882212
1448058882700
1448058883205
1448058883686
1448058884200
1448058884696
1448058885177
1448058885682
1448058886204
1448058886685
1448058887189
1448058887712
1448058888166
1448058888657
1448058889154
1448058889592
1448058890097
1448058890577
1448058891049
1448058891572
1448058892043
1448058892540
1448058893053
1448058893559
1448058894039
1448058894569
1448058895041
1448058895521
1448058896043
1448058896491
1448058896987
1448058897492
1448058897955
1448058898469
1448058898950
1448058899421
1448058899935
1448058900398
1448058900896
1448058901392
1448058901981
1448058902495
1448058902975
1448058903464
1448058903969
1448058904432
1448058904946
1448058905418
1448058905898
1448058906411
1448058906867
1448058907372
1448058907869
1448058908349
1448058908887
1448058909368
1448058909873
1448058910386
1448058910859
1448058911363
1448058911869
1448058912350
1448058912862
1448058913343
1448058913848
1448058914337
1448058914827
1448058915323
1448058915821
1448058916308
1448058916822
1448058917286
1448058917791
1448058918288
1448058918743
1448058919257
1448058919728
1448058920217
1448058920731
1448058921186
1448058921683
1448058922196
1448058922668
1448058923182
1448058923670
1448058924151
1448058924647
1448058925086
1448058925567
1448058926046
1448058926519
1448058927007
1448058927487
1448058927993
1448058928431
1448058928928
1448058929433
1448058929888
1448058930402
1448058930899
1448058931362
1448058931900
1448058932373
1448058932836
1448058933350
1448058933805
1448058934293
1448058934782
1448058935237
1448058935717
1448058936173
1448058936671
1448058937250
1448058937730
1448058938186
1448058938658
1448058939146
1448058939593
1448058940081
1448058940562
1448058941020
1448058941483
1448058941972
1448058942428
1448058942908
1448058943397
1448058943851
1448058944332
1448058944778
1448058945242
1448058945706
1448058946153
1448058946625
1448058947121
1448058947619
1448058948091
1448058948579
1448058949043
1448058949539
1448058949995
1448058950476
1448058950972
1448058951427
1448058951941
1448058952371
1448058952852
1448058953323
1448058953829
1448058954258
1448058954739
1448058955195
1448058955633
1448058956105
1448058956568
1448058956998
1448058957496
1448058957934
1448058958431
1448058958927
1448058959366
1448058959846
1448058960318
1448058960782
1448058961262
1448058961717
1448058962205
1448058962669
1448058963125
1448058963630
1448058964077
1448058964557
1448058965046
1448058965501
1448058966006
1448058966479
1448058966967
1448058967473
1448058967912
1448058968383
1448058968806
1448058969302
1448058969749
1448058970230
1448058970701
1448058971173
1448058971636
1448058972092
1448058972573
1448058973019
1448058973491
1448058973954
1448058974410
1448058974915
1448058975362
1448058975834
1448058976314
1448058976778
1448058977274
1448058977746
1448058978202
1448058978698
1448058979146
1448058979650
1448058980106
1448058980578
1448058981066
1448058981530
1448058982018
1448058982490
1448058982946
1448058983451
1448058983906
1448058984394
1448058984883
1448058985339
1448058985827
1448058986282
1448058986737
1448058987226
1448058987657
1448058988128
1448058988584
1448058989047
1448058989519
1448058989957
1448058990438
1448058990892
1448058991355
1448058991828
1448058992266
1448058992724
1448058993212
1448058993659
1448058994114
1448058994594
1448058995033
1448058995522
1448058995985
1448058996449
1448058997029
1448058997501
1448058997940
1448058998444
1448058998917
1448058999355
1448058999885
1448059000341
1448059000829
1448059001318
1448059001739
1448059002195
1448059002684
1448059003122
1448059003594
1448059004066
1448059004521
1448059005017
1448059005482
1448059005954
1448059006425
1448059006864
1448059007360
1448059007833
1448059008288
1448059008760
1448059009232
1448059009670
1448059010175
1448059010623
1448059011069
1448059011550
1448059011996
1448059012468
1448059012949
1448059013387
1448059013876
1448059014331
1448059014786
1448059015267
1448059015721
1448059016194
1448059016682
1448059017146
1448059017634
1448059018124
1448059018580
1448059019059
1448059019531
1448059019986
1448059020483
1448059020956
1448059021402
1448059021874
1448059022337
1448059022793
1448059023282
1448059023728
1448059024184
1448059024655
1448059025127
1448059025600
1448059026088
1448059026560
1448059027106
1448059027587
1448059028068
1448059028556
1448059029011
1448059029466
1448059029955
1448059030393
1448059030865
1448059031337
1448059031784
1448059032281
1448059032727
1448059033166
1448059033672
1448059034110
1448059034599
1448059035087
1448059035542
1448059035998
1448059036453
1448059036917
1448059037404
1448059037894
1448059038366
1448059038862
1448059039301
1448059039806
1448059040278
1448059040759
1448059041213
1448059041685
1448059042123
1448059042612
1448059043086
1448059043532
1448059044021
1448059044493
1448059044965
1448059045461
1448059045900
1448059046347
1448059046819
1448059047274
1448059047771
1448059048235
1448059048690
1448059049145
1448059049576
1448059050014
1448059050503
1448059050942
1448059051363
1448059051843
1448059052298
1448059052770
1448059053226
1448059053689
1448059054145
1448059054633
1448059055080
1448059055544
1448059056032
1448059056479
1448059057009
1448059057464
1448059057944
1448059058450
1448059058939
1448059059385
1448059059874
1448059060295
1448059060793
1448059061256
1448059061720
1448059062192
1448059062655
1448059063144
1448059063591
1448059064046
1448059064501
1448059064948
1448059065428
1448059065909
1448059066380
1448059066844
1448059067332
1448059067771
1448059068278
1448059068741
1448059069222
1448059069660
1448059070124
1448059070605
1448059071034
1448059071523
1448059071936
1448059072425
1448059072939
1448059073410
1448059073899
1448059074396
1448059074851
1448059075340
1448059075820
1448059076284
1448059076789
1448059077270
1448059077726
1448059078214
1448059078694
1448059079166
1448059079655
1448059080119
1448059080582
1448059081054
1448059081501
1448059081990
1448059082445
1448059082892
1448059083339
1448059083794
1448059084258
1448059084747
1448059085185
1448059085649
1448059086129
1448059086568
1448059087140
1448059087636
1448059088092
1448059088572
1448059089052
1448059089499
1448059090029
1448059090477
1448059090956
1448059091437
1448059091884
1448059092397
1448059092853
1448059093316
1448059093773
1448059094219
1448059094666
1448059095138
1448059095568
1448059096041
1448059096512
1448059096968
1448059097456
1448059097911
1448059098375
1448059098855
1448059099294
1448059099783
1448059100246
1448059100710
1448059101198
1448059101645
1448059102134
1448059102605
1448059103052
1448059103557
1448059104013
1448059104493
1448059104981
1448059105454
1448059105942
1448059106414
1448059106878
1448059107391
1448059107846
1448059108334
1448059108807
1448059109245
1448059109742
1448059110198
1448059110686
1448059111166
1448059111629
1448059112135
1448059112590
1448059113078
1448059113567
1448059114022
1448059114544
1448059115016
1448059115480
1448059116010
1448059116473
1448059117012
1448059117493
1448059117947
1448059118411
1448059118874
1448059119340
1448059119870
1448059120333
1448059120839
1448059121319
1448059121791
1448059122314
1448059122785
1448059123266
1448059123770
1448059124251
1448059124757
1448059125261
1448059125734
1448059126238
1448059126752
1448059127233
1448059127738
1448059128235
1448059128698
1448059129220
1448059129684
1448059130147
1448059130653
1448059131116
1448059131589
1448059132127
1448059132590
1448059133105
1448059133626
1448059134107
1448059134587
1448059135092
1448059135589
1448059136094
1448059136592
1448059137089
1448059137594
1448059138074
1448059138587
1448059139051
1448059139532
1448059140053
1448059140526
1448059141014
1448059141544
1448059142017
1448059142538
1448059143035
1448059143507
1448059144029
1448059144543
1448059145014
1448059145456
1448059145969
1448059146424
1448059146930
1448059147493
1448059147973
1448059148486
1448059148967
1448059149448
1448059149944
1448059150433
1448059150930
1448059151427
1448059151899
1448059152429
1448059152918
1448059153398
1448059153912
1448059154393
1448059154881
1448059155403
1448059155849
1448059156338
1448059156861
1448059157332
1448059157846
1448059158309
1448059158790
1448059159321
1448059159801
1448059160281
1448059160787
1448059161250
1448059161731
1448059162202
1448059162691
1448059163213
1448059163668
1448059164166
1448059164662
1448059165126
1448059165623
1448059166103
1448059166567
1448059167072
1448059167544
1448059168033
1448059168563
1448059169035
1448059169523
1448059170046
1448059170501
1448059170998
1448059171480
1448059171951
1448059172407
1448059172921
1448059173375
1448059173864
1448059174394
1448059174892
1448059175414
1448059175919
1448059176399
1448059176904
1448059177468
1448059177974
1448059178445
1448059178926
1448059179439
1448059179903
1448059180408
1448059180913
1448059181377
1448059181907
1448059182404
1448059182876
1448059183423
1448059183903
1448059184408
1448059184931
1448059185403
1448059185908
1448059186414
1448059186885
1448059187391
1448059187896
1448059188368
1448059188857
1448059189337
1448059189834
1448059190365
1448059190853
1448059191350
1448059191821
1448059192294
1448059192791
1448059193296
1448059193768
1448059194264
1448059194737
1448059195242
1448059195747
1448059196261
1448059196767
1448059197229
1448059197735
1448059198257
1448059198764
1448059199237
1448059199758
1448059200256
1448059200710
1448059201199
1448059201672
1448059202168
1448059202666
1448059203146
1448059203618
1448059204098
1448059204537
1448059205017
1448059205497
1448059205936
1448059206433
1448059206913
1448059207494
1448059208007
1448059208496
1448059208976
1448059209473
1448059209962
1448059210433
1448059210889
1448059211353
1448059211816
1448059212280
1448059212743
1448059213216
1448059213680
1448059214143
1448059214640
1448059215103
1448059215551
1448059216006
1448059216478
1448059216933
1448059217414
1448059217885
1448059218383
1448059218838
1448059219252
1448059219707
1448059220195
1448059220609
1448059221072
1448059221528
1448059221975
1448059222480
1448059222961
1448059223399
1448059223856
1448059224345
1448059224799
1448059225280
1448059225760
1448059226215
1448059226705
1448059227159
1448059227615
1448059228120
1448059228567
1448059229047
1448059229536
1448059230016
1448059230471
1448059230935
1448059231349
1448059231837
1448059232335
1448059232773
1448059233237
1448059233709
1448059234189
1448059234695
1448059235166
1448059235613
1448059236094
1448059236566
1448059237013
1448059237592
1448059238065
1448059238554
1448059239033
1448059239472
1448059239952
1448059240433
1448059240872
1448059241344
1448059241782
1448059242263
1448059242760
1448059243265
1448059243737
1448059244217
