1448059802464
1448059804531
1448059805010
1448059805490
1448059805954
1448059806433
1448059806897
1448059807385
1448059807849
1448059808305
1448059808810
1448059809257
1448059809728
1448059810217
1448059810664
1448059811152
1448059811608
1448059812063
1448059812551
1448059812982
1448059813462
1448059813909
1448059814397
1448059814861
1448059815325
1448059815805
1448059816269
1448059816774
1448059817229
1448059817685
1448059818273
1448059818771
1448059819225
1448059819714
1448059820170
1448059820675
1448059821147
1448059821568
1448059822074
1448059822530
1448059823025
1448059823514
1448059823978
1448059824452
1448059824933
1448059825429
1448059825893
1448059826381
1448059826853
1448059827326
1448059827797
1448059828278
1448059828774
1448059829238
1448059829710
1448059830173
1448059830646
1448059831117
1448059831598
1448059832079
1448059832575
1448059833080
1448059833569
1448059834091
1448059834597
1448059835076
1448059835615
1448059836086
1448059836550
1448059837073
1448059837544
1448059837991
1448059838471
1448059838951
1448059839482
1448059839970
1448059840476
1448059840997
1448059841486
1448059842007
1448059842480
1448059842977
1448059843465
1448059843954
1448059844442
1448059844964
1448059845436
1448059845966
1448059846463
1448059846943
1448059847473
1448059847946
1448059848500
1448059849006
1448059849469
1448059849983
1448059850473
1448059850936
1448059851442
1448059851955
1448059852427
1448059852949
1448059853437
1448059853926
1448059854431
1448059854928
1448059855441
1448059855921
1448059856452
1448059856932
1448059857412
1448059857950
1448059858423
1448059858920
1448059859441
1448059859913
1448059860435
1448059860940
1448059861412
1448059861950
1448059862440
1448059862928
1448059863458
1448059863939
1448059864443
1448059864941
1448059865420
1448059865926
1448059866398
1448059866895
1448059867392
1448059867880
1448059868419
1448059868883
1448059869396
1448059869876
1448059870347
1448059870870
1448059871333
1448059871822
1448059872327
1448059872782
1448059873296
1448059873801
1448059874289
1448059874803
1448059875283
1448059875789
1448059876285
1448059876766
1448059877289
1448059877769
1448059878349
1448059878871
1448059879393
1448059879866
1448059880345
1448059880876
1448059881397
1448059881912
1448059882401
1448059882880
1448059883386
1448059883866
1448059884396
1448059884919
1448059885415
1448059885904
1448059886418
1448059886923
1448059887420
1448059887917
1448059888398
1448059888862
1448059889366
1448059889847
1448059890385
1448059890874
1448059891363
1448059891876
1448059892357
1448059892878
1448059893359
1448059893848
1448059894336
1448059894842
1448059895372
1448059895903
1448059896383
1448059896896
1448059897360
1448059897815
1448059898338
1448059898852
1448059899348
1448059899870
1448059900350
1448059900864
1448059901361
1448059901858
1448059902330
1448059902868
1448059903340
1448059903847
1448059904377
1448059904858
1448059905345
1448059905859
1448059906340
1448059906861
1448059907350
1448059907847
1448059908435
1448059908950
1448059909446
1448059909926
1448059910448
1448059910953
1448059911400
1448059911939
1448059912411
1448059912849
1448059913346
1448059913818
1448059914323
1448059914820
1448059915325
1448059915839
1448059916302
1448059916749
1448059917171
1448059917676
1448059918132
1448059918578
1448059919075
1448059919531
1448059920002
1448059920483
1448059920937
1448059921393
1448059921857
1448059922337
1448059922809
1448059923330
1448059923802
1448059924266
1448059924771
1448059925235
1448059925731
1448059926195
1448059926667
1448059927155
1448059927628
1448059928116
1448059928588
1448059929052
1448059929557
1448059930014
1448059930477
1448059930966
1448059931420
1448059931901
1448059932382
1448059932828
1448059933325
1448059933788
1448059934244
1448059934741
1448059935171
1448059935643
1448059936123
1448059936570
1448059937067
1448059937538
1448059938002
1448059938565
1448059939012
1448059939510
1448059939973
1448059940445
1448059940925
1448059941372
1448059941861
1448059942324
1448059942780
1448059943284
1448059943732
1448059944203
1448059944692
1448059945139
1448059945627
1448059946099
1448059946546
1448059947043
1448059947490
1448059947962
1448059948434
1448059948872
1448059949369
1448059949808
1448059950288
1448059950743
1448059951190
1448059951670
1448059952101
1448059952556
1448059953036
1448059953466
1448059953946
1448059954411
1448059954857
1448059955306
1448059955785
1448059956232
1448059956729
1448059957193
1448059957673
1448059958153
1448059958634
1448059959130
1448059959594
1448059960058
1448059960571
1448059961018
1448059961514
1448059961987
1448059962442
1448059962939
1448059963419
1448059963932
1448059964438
1448059964910
1448059965440
1448059965920
1448059966425
1448059966939
1448059967403
1448059967916
1448059968463
1448059968934
1448059969440
1448059969878
1448059970375
1448059970872
1448059971335
1448059971866
1448059972362
1448059972843
1448059973340
1448059973811
1448059974317
1448059974797
1448059975286
1448059975783
1448059976254
1448059976768
1448059977239
1448059977720
1448059978234
1448059978697
1448059979211
1448059979724
1448059980179
1448059980735
1448059981231
1448059981747
1448059982252
1448059982758
1448059983237
1448059983768
1448059984257
1448059984728
1448059985242
1448059985730
1448059986219
1448059986733
1448059987204
1448059987710
1448059988223
1448059988704
1448059989226
1448059989681
1448059990178
1448059990666
1448059991147
1448059991669
1448059992132
1448059992629
1448059993142
1448059993606
1448059994136
1448059994624
1448059995113
1448059995635
1448059996115
1448059996621
1448059997126
1448059997623
1448059998144
1448059998741
1448059999254
1448059999760
1448060000257
1448060000803
1448060001276
1448060001789
1448060002319
1448060002783
1448060003313
1448060003818
1448060004281
1448060004812
1448060005276
1448060005764
1448060006278
1448060006741
1448060007238
1448060007735
1448060008223
1448060008722
1448060009218
1448060009707
1448060010204
1448060010676
1448060011181
1448060011653
1448060012142
1448060012655
1448060013102
1448060013624
1448060014129
1448060014610
1448060015156
1448060015636
1448060016125
1448060016638
1448060017111
1448060017624
1448060018129
1448060018618
1448060019123
1448060019612
1448060020116
1448060020605
1448060021102
1448060021632
1448060022104
1448060022634
1448060023156
1448060023620
1448060024183
1448060024664
1448060025152
1448060025682
1448060026138
1448060026643
1448060027148
1448060027620
1448060028125
1448060028688
1448060029210
1448060029708
1448060030212
1448060030685
1448060031198
1448060031753
1448060032251
1448060032747
1448060033261
1448060033741
1448060034196
1448060034751
1448060035256
1448060035753
1448060036258
1448060036774
1448060037288
1448060037818
1448060038298
1448060038820
1448060039317
1448060039831
1448060040344
1448060040858
1448060041371
1448060041860
1448060042357
1448060042887
1448060043334
1448060043856
1448060044378
1448060044850
1448060045363
1448060045861
1448060046315
1448060046862
1448060047326
1448060047798
1448060048320
1448060048775
1448060049281
1448060049770
1448060050283
1448060050772
1448060051285
1448060051749
1448060052255
1448060052734
1448060053232
1448060053720
1448060054225
1448060054723
1448060055194
1448060055683
1448060056163
1448060056643
1448060057166
1448060057663
1448060058126
1448060058749
1448060059212
1448060059709
1448060060197
1448060060678
1448060061174
1448060061646
1448060062143
1448060062615
1448060063113
1448060063626
1448060064115
1448060064604
1448060065134
1448060065614
1448060066119
1448060066633
1448060067114
1448060067651
1448060068132
1448060068620
1448060069142
1448060069615
1448060070119
1448060070608
1448060071088
1448060071593
1448060072074
1448060072570
1448060073043
1448060073547
1448060074053
1448060074524
1448060075030
1448060075527
1448060075982
1448060076512
1448060076992
1448060077464
1448060077995
1448060078441
1448060078922
1448060079443
1448060079907
1448060080413
1448060080876
1448060081364
1448060081852
1448060082333
1448060082839
1448060083285
1448060083766
1448060084262
1448060084709
1448060085231
1448060085703
1448060086183
1448060086705
1448060087169
1448060087657
1448060088154
1448060088718
1448060089197
1448060089688
1448060090169
1448060090682
1448060091171
1448060091642
1448060092106
1448060092595
1448060093076
1448060093573
1448060094070
1448060094542
1448060095031
1448060095503
1448060096000
1448060096463
1448060096969
1448060097424
1448060097888
1448060098377
1448060098840
1448060099304
1448060099760
1448060100214
1448060100711
1448060101167
1448060101630
1448060102111
1448060102591
1448060103072
1448060103594
1448060104041
1448060104513
1448060104984
1448060105457
1448060105946
1448060106409
1448060106881
1448060107386
1448060107842
1448060108322
1448060108819
1448060109274
1448060109763
1448060110260
1448060110691
1448060111162
1448060111626
1448060112039
1448060112537
1448060112992
1448060113430
1448060113894
1448060114333
1448060114798
1448060115254
1448060115733
1448060116198
1448060116703
1448060117183
1448060117655
1448060118135
1448060118791
1448060119263
1448060119709
1448060120198
1448060120653
1448060121117
1448060121605
1448060122044
1448060122525
1448060123029
1448060123493
1448060124006
1448060124495
1448060124951
1448060125464
1448060125911
1448060126399
1448060126880
1448060127335
1448060127840
1448060128312
1448060128783
1448060129272
1448060129745
1448060130233
1448060130688
1448060131168
1448060131657
1448060132096
1448060132584
1448060133056
1448060133494
1448060134008
1448060134463
1448060134926
1448060135432
1448060135870
1448060136351
1448060136856
1448060137303
1448060137792
1448060138255
1448060138743
1448060139206
1448060139679
1448060140169
1448060140640
1448060141113
1448060141617
1448060142081
1448060142570
1448060143058
1448060143514
1448060144027
1448060144491
1448060144963
1448060145476
1448060145932
1448060146420
1448060146917
1448060147381
1448060147886
1448060148358
1448060148854
1448060149335
1448060149806
1448060150312
1448060150759
1448060151247
1448060151719
1448060152157
1448060152663
1448060153127
1448060153581
1448060154087
1448060154525
1448060155014
1448060155503
1448060155958
1448060156446
1448060156901
1448060157373
1448060157846
1448060158300
1448060158789
1448060159244
1448060159716
1448060160205
1448060160643
1448060161132
1448060161603
1448060162051
1448060162572
1448060163028
1448060163508
1448060164021
1448060164468
1448060164923
1448060165446
1448060165886
1448060166340
1448060166846
1448060167284
1448060167756
1448060168262
1448060168700
1448060169189
1448060169660
1448060170116
1448060170605
1448060171076
1448060171523
1448060172011
1448060172492
1448060172973
1448060173444
1448060173908
1448060174412
1448060174868
1448060175349
1448060175845
1448060176301
1448060176805
1448060177277
1448060177732
1448060178254
1448060178727
1448060179198
1448060179687
1448060180125
1448060180614
1448060181078
1448060181533
1448060182021
1448060182468
1448060182940
1448060183396
1448060183917
1448060184364
1448060184844
1448060185341
1448060185788
1448060186276
1448060186732
1448060187187
1448060187676
1448060188106
1448060188578
1448060189033
1448060189521
1448060190002
1448060190432
1448060190920
1448060191370
1448060191816
1448060192289
1448060192768
1448060193224
1448060193729
1448060194201
1448060194656
1448060195169
1448060195642
1448060196131
1448060196619
1448060197074
1448060197579
1448060198068
1448060198540
1448060199028
1448060199500
1448060199988
1448060200461
1448060200941
1448060201429
1448060201885
1448060202398
1448060202870
1448060203325
1448060203839
1448060204286
1448060204765
1448060205263
1448060205709
1448060206206
1448060206654
1448060207125
1448060207589
1448060208027
1448060208508
1448060209047
1448060209502
1448060210007
1448060210445
1448060210909
1448060211348
1448060211795
1448060212250
1448060212738
1448060213227
1448060213700
1448060214121
1448060214577
1448060215057
1448060215520
1448060215959
1448060216456
1448060216930
1448060217368
1448060217865
1448060218320
1448060218783
1448060219264
1448060219710
1448060220174
1448060220638
1448060221076
1448060221557
1448060222012
1448060222459
1448060222939
1448060223378
1448060223858
1448060224321
1448060224793
1448060225282
1448060225762
1448060226235
1448060226698
1448060227170
1448060227634
1448060228097
1448060228569
1448060229008
1448060229488
1448060229952
1448060230415
1448060230888
1448060231342
1448060231790
1448060232287
1448060232742
1448060233198
1448060233686
1448060234141
1448060234605
1448060235085
1448060235549
1448060236029
1448060236501
1448060236957
1448060237445
1448060237909
1448060238372
1448060238903
1448060239350
1448060239813
1448060240310
1448060240748
1448060241237
1448060241726
1448060242180
1448060242688
1448060243193
1448060243674
1448060244188
1448060244659
1448060245140
1448060245661
1448060246159
1448060246664
1448060247160
1448060247641
1448060248179
1448060248668
1448060249157
1448060249695
1448060250176
1448060250655
1448060251169
1448060251650
1448060252138
1448060252652
1448060253132
1448060253629
1448060254152
1448060254598
1448060255112
1448060255600
1448060256072
1448060256586
1448060257057
1448060257563
1448060258051
1448060258540
1448060259045
1448060259517
1448060260014
1448060260502
1448060260983
1448060261512
1448060261959
1448060262473
1448060262978
1448060263434
1448060263955
1448060264436
1448060264916
1448060265454
1448060265918
1448060266414
1448060266920
1448060267384
1448060267897
1448060268394
1448060268982
1448060269472
1448060269945
1448060270441
1448060270922
1448060271401
1448060271907
1448060272371
1448060272867
1448060273364
1448060273811
1448060274333
1448060274804
1448060275276
1448060275799
1448060276262
1448060276751
1448060277272
1448060277744
1448060278258
1448060278763
1448060279235
1448060279748
1448060280245
1448060280751
1448060281247
1448060281736
1448060282249
1448060282730
1448060283252
1448060283740
1448060284237
1448060284775
1448060285256
1448060285787
1448060286291
1448060286788
1448060287301
1448060287790
1448060288296
1448060288792
1448060289273
1448060289794
