1448047650395
1448047652565
1448047653029
1448047653558
1448047654105
1448047654578
1448047655092
1448047655547
1448047656044
1448047656541
1448047657004
1448047657510
1448047657981
1448047658470
1448047658975
1448047659464
1448047659977
1448047660465
1448047660963
1448047661459
1448047661923
1448047662445
1448047662917
1448047663399
1448047663928
1448047664417
1448047664906
1448047665452
1448047665933
1448047666446
1448047666943
1448047667440
1448047667912
1448047668417
1448047668897
1448047669361
1448047669883
1448047670346
1448047670844
1448047671365
1448047671837
1448047672359
1448047672864
1448047673336
1448047673833
1448047674362
1448047674842
1448047675372
1448047675853
1448047676326
1448047676838
1448047677320
1448047677823
1448047678288
1448047678792
1448047679274
1448047679745
1448047680251
1448047680731
1448047681210
1448047681724
1448047682221
1448047682676
1448047683190
1448047683771
1448047684277
1448047684807
1448047685278
1448047685768
1448047686264
1448047686760
1448047687290
1448047687795
1448047688277
1448047688764
1448047689269
1448047689741
1448047690256
1448047690737
1448047691216
1448047691722
1448047692185
1448047692682
1448047693173
1448047693644
1448047694158
1448047694629
1448047695127
1448047695616
1448047696095
1448047696601
1448047697064
1448047697569
1448047698067
1448047698530
1448047699060
1448047699540
1448047700012
1448047700542
1448047700998
1448047701495
1448047702008
1448047702488
1448047703018
1448047703515
1448047704013
1448047704525
1448047705014
1448047705552
1448047706050
1448047706547
1448047707060
1448047707515
1448047708045
1448047708517
1448047709023
1448047709536
1448047710016
1448047710538
1448047711043
1448047711524
1448047712062
1448047712543
1448047713031
1448047713536
1448047714024
1448047714522
1448047715011
1448047715490
1448047715996
1448047716475
1448047716949
1448047717471
1448047717951
1448047718440
1448047719003
1448047719484
1448047719997
1448047720460
1448047720966
1448047721462
1448047721918
1448047722424
1448047722937
1448047723417
1448047723955
1448047724452
1448047724933
1448047725471
1448047725960
1448047726465
1448047726995
1448047727467
1448047727997
1448047728486
1448047728974
1448047729480
1448047729960
1448047730482
1448047730962
1448047731475
1448047731981
1448047732444
1448047732974
1448047733455
1448047733935
1448047734457
1448047734912
1448047735417
1448047735923
1448047736386
1448047736908
1448047737396
1448047737911
1448047738424
1448047738904
1448047739393
1448047739898
1448047740378
1448047740884
1448047741372
1448047741861
1448047742357
1448047742830
1448047743327
1448047743816
1448047744305
1448047744841
1448047745322
1448047745827
1448047746349
1448047746829
1448047747342
1448047747848
1448047748319
1448047748908
1448047749388
1448047749877
1448047750383
1448047750897
1448047751352
1448047751848
1448047752320
1448047752818
1448047753331
1448047753810
1448047754309
1448047754804
1448047755234
1448047755714
1448047756197
1448047756684
1448047757196
1448047757694
1448047758190
1448047758646
1448047759143
1448047759598
1448047760070
1448047760591
1448047761074
1448047761554
1448047762059
1448047762523
1448047763026
1448047763524
1448047764021
1448047764527
1448047764999
1448047765512
1448047766000
1448047766470
1448047766993
1448047767465
1448047767953
1448047768467
1448047768971
1448047769460
1448047769935
1448047770406
1448047770920
1448047771433
1448047771939
1448047772428
1448047772957
1448047773438
1448047773934
1448047774458
1448047774912
1448047775383
1448047775906
1448047776362
1448047776868
1448047777354
1448047777826
1448047778348
1448047778870
1448047779367
1448047779863
1448047780327
1448047780841
1448047781354
1448047781870
1448047782350
1448047782847
1448047783311
1448047783799
1448047784271
1448047784733
1448047785238
1448047785735
1448047786231
1448047786737
1448047787242
1448047787739
1448047788246
1448047788717
1448047789223
1448047789668
1448047790174
1448047790662
1448047791144
1448047791631
1448047792163
1448047792626
1448047793171
1448047793676
1448047794149
1448047794697
1448047795186
1448047795655
1448047796203
1448047796651
1448047797116
1448047797628
1448047798099
1448047798563
1448047799096
1448047799566
1448047800048
1448047800560
1448047801025
1448047801528
1448047802035
1448047802523
1448047803043
1448047803534
1448047804032
1448047804534
1448047805015
1448047805503
1448047806000
1448047806490
1448047806994
1448047807474
1448047807962
1448047808468
1448047808989
1448047809520
1448047809992
1448047810482
1448047810953
1448047811399
1448047811880
1448047812370
1448047812848
1448047813354
1448047813842
1448047814305
1448047814819
1448047815351
1448047815838
1448047816326
1448047816832
1448047817312
1448047817784
1448047818272
1448047818752
1448047819276
1448047819805
1448047820259
1448047820765
1448047821278
1448047821742
1448047822288
1448047822787
1448047823291
1448047823812
1448047824361
1448047824833
1448047825372
1448047825861
1448047826349
1448047826871
1448047827359
1448047827856
1448047828353
1448047828850
1448047829364
1448047829860
1448047830382
1448047830871
1448047831367
1448047831898
1448047832379
1448047832883
1448047833380
1448047833885
1448047834424
1448047834906
1448047835361
1448047835883
1448047836380
1448047836876
1448047837388
1448047837885
1448047838390
1448047838937
1448047839453
1448047839966
1448047840461
1448047840949
1448047841472
1448047841936
1448047842440
1448047842954
1448047843434
1448047843956
1448047844453
1448047844941
1448047845474
1448047845943
1448047846441
1448047846971
1448047847443
1448047847956
1448047848428
1448047848958
1448047849439
1448047849927
1448047850457
1448047850920
1448047851411
1448047851932
1448047852404
1448047852910
1448047853431
1448047853928
1448047854466
1448047854964
1448047855463
1448047856001
1448047856523
1448047857011
1448047857533
1448047858029
1448047858558
1448047859064
1448047859537
1448047860066
1448047860596
1448047861093
1448047861590
1448047862087
1448047862544
1448047863014
1448047863479
1448047863977
1448047864446
1448047864936
1448047865424
1448047865862
1448047866342
1448047866830
1448047867278
1448047867791
1448047868281
1448047868735
1448047869265
1448047869738
1448047870192
1448047870714
1448047871161
1448047871634
1448047872138
1448047872585
1448047873073
1448047873537
1448047873975
1448047874483
1448047874977
1448047875452
1448047875923
1448047876377
1448047876859
1448047877331
1448047877794
1448047878298
1448047878747
1448047879260
1448047879707
1448047880162
1448047880666
1448047881089
1448047881561
1448047882084
1448047882557
1448047883061
1448047883542
1448047884013
1448047884517
1448047884990
1448047885477
1448047885966
1448047886446
1448047886943
1448047887425
1448047887929
1448047888400
1448047888875
1448047889346
1448047889835
1448047890273
1448047890754
1448047891251
1448047891695
1448047892211
1448047892681
1448047893136
1448047893666
1448047894132
1448047894596
1448047895099
1448047895573
1448047896052
1448047896558
1448047897020
1448047897509
1448047897982
1448047898436
1448047898946
1448047899490
1448047899944
1448047900400
1448047900896
1448047901344
1448047901816
1448047902304
1448047902750
1448047903255
1448047903746
1448047904193
1448047904681
1448047905145
1448047905600
1448047906097
1448047906536
1448047907008
1448047907488
1448047907926
1448047908424
1448047908878
1448047909342
1448047909830
1448047910277
1448047910783
1448047911221
1448047911694
1448047912174
1448047912612
1448047913101
1448047913556
1448047914019
1448047914508
1448047914954
1448047915427
1448047915907
1448047916354
1448047916851
1448047917306
1448047917786
1448047918291
1448047918747
1448047919244
1448047919724
1448047920187
1448047920692
1448047921156
1448047921636
1448047922125
1448047922589
1448047923068
1448047923532
1448047924062
1448047924518
1448047924982
1448047925487
1448047925950
1448047926447
1448047926927
1448047927391
1448047927846
1448047928327
1448047928806
1448047929363
1448047929852
1448047930348
1448047930820
1448047931317
1448047931789
1448047932278
1448047932766
1448047933230
1448047933727
1448047934199
1448047934679
1448047935175
1448047935631
1448047936119
1448047936600
1448047937080
1448047937560
1448047938049
1448047938496
1448047938984
1448047939456
1448047939911
1448047940417
1448047940872
1448047941344
1448047941823
1448047942263
1448047942759
1448047943198
1448047943678
1448047944158
1448047944605
1448047945110
1448047945565
1448047946046
1448047946543
1448047947006
1448047947495
1448047947975
1448047948439
1448047948951
1448047949416
1448047949896
1448047950393
1448047950857
1448047951361
1448047951842
1448047952305
1448047952811
1448047953266
1448047953762
1448047954252
1448047954715
1448047955197
1448047955661
1448047956124
1448047956621
1448047957067
1448047957548
1448047958029
1448047958475
1448047958971
1448047959492
1448047959980
1448047960427
1448047960918
1448047961390
1448047961886
1448047962342
1448047962839
1448047963319
1448047963782
1448047964287
1448047964752
1448047965239
1448047965737
1448047966201
1448047966697
1448047967177
1448047967648
1448047968138
1448047968602
1448047969098
1448047969578
1448047970033
1448047970538
1448047970987
1448047971466
1448047971947
1448047972401
1448047972907
1448047973370
1448047973850
1448047974355
1448047974802
1448047975300
1448047975771
1448047976226
1448047976731
1448047977195
1448047977667
1448047978155
1448047978611
1448047979100
1448047979571
1448047980060
1448047980532
1448047981006
1448047981478
1448047981974
1448047982447
1448047982943
1448047983424
1448047983895
1448047984418
1448047984890
1448047985411
1448047985917
1448047986372
1448047986884
1448047987366
1448047987854
1448047988359
1448047988815
1448047989345
1448047989834
1448047990322
1448047990818
1448047991299
1448047991813
1448047992293
1448047992756
1448047993278
1448047993742
1448047994231
1448047994736
1448047995199
1448047995713
1448047996209
1448047996690
1448047997154
1448047997683
1448047998156
1448047998652
1448047999182
1448047999663
1448048000185
1448048000691
1448048001187
1448048001701
1448048002198
1448048002710
1448048003208
1448048003705
1448048004218
1448048004690
1448048005204
1448048005709
1448048006231
1448048006743
1448048007210
1448048007706
1448048008219
1448048008684
1448048009214
1448048009711
1448048010207
1448048010721
1448048011209
1448048011715
1448048012194
1448048012700
1448048013214
1448048013677
1448048014216
1448048014729
1448048015193
1448048015723
1448048016203
1448048016684
1448048017213
1448048017686
1448048018216
1448048018704
1448048019268
1448048019798
1448048020295
1448048020809
1448048021314
1448048021802
1448048022299
1448048022830
1448048023310
1448048023823
1448048024311
1448048024791
1448048025305
1448048025785
1448048026290
1448048026795
1448048027268
1448048027790
1448048028270
1448048028767
1448048029281
1448048029735
1448048030249
1448048030729
1448048031218
1448048031715
1448048032245
1448048032726
1448048033247
1448048033767
1448048034257
1448048034804
1448048035303
1448048035758
1448048036272
1448048036777
1448048037240
1448048037754
1448048038234
1448048038722
1448048039237
1448048039700
1448048040230
1448048040718
1448048041224
1448048041720
1448048042201
1448048042715
1448048043194
1448048043691
1448048044213
1448048044676
1448048045200
1448048045713
1448048046202
1448048046706
1448048047244
1448048047717
1448048048255
1448048048761
1448048049324
1448048049879
1448048050360
1448048050840
1448048051370
1448048051833
1448048052336
1448048052834
1448048053280
1448048053777
1448048054290
1448048054773
1448048055295
1448048055775
1448048056280
1448048056760
1448048057274
1448048057789
1448048058259
1448048058765
1448048059253
1448048059734
1448048060263
1448048060728
1448048061233
1448048061754
1448048062270
1448048062774
1448048063313
1448048063794
1448048064315
1448048064838
1448048065309
1448048065840
1448048066328
1448048066825
1448048067322
1448048067802
1448048068307
1448048068779
1448048069300
1448048069781
1448048070260
1448048070792
1448048071264
1448048071759
1448048072291
1448048072754
1448048073268
1448048073772
1448048074270
1448048074792
1448048075280
1448048075768
1448048076290
1448048076754
1448048077267
1448048077764
1448048078253
1448048078775
1448048079305
1448048079819
1448048080315
1448048080804
1448048081326
1448048081814
1448048082337
1448048082833
1448048083314
1448048083860
1448048084348
1448048084846
1448048085376
1448048085847
1448048086376
1448048086875
1448048087364
1448048087885
1448048088383
1448048088887
1448048089386
1448048089882
1448048090413
1448048090902
1448048091423
1448048091937
1448048092399
1448048092938
1448048093419
1448048093907
1448048094446
1448048094901
1448048095398
1448048095912
1448048096367
1448048096888
1448048097385
1448048097866
1448048098397
1448048098876
1448048099374
1448048099886
1448048100376
1448048100906
1448048101402
1448048101909
1448048102413
1448048102910
1448048103438
1448048103912
1448048104426
1448048104947
1448048105437
1448048105967
1448048106472
1448048106952
1448048107499
1448048107987
1448048108484
1448048109014
1448048109601
1448048110105
1448048110605
1448048111107
1448048111606
1448048112102
1448048112615
1448048113106
1448048113608
1448048114097
1448048114578
1448048115085
1448048115605
1448048116076
1448048116541
1448048117064
1448048117535
1448048118025
1448048118562
1448048119027
1448048119540
1448048120055
1448048120527
1448048121063
1448048121560
1448048122023
1448048122570
1448048123036
1448048123516
1448048124045
1448048124502
1448048125008
1448048125520
1448048125992
1448048126507
1448048127018
1448048127481
1448048128003
1448048128474
1448048128980
1448048129503
1448048130007
1448048130521
1448048131034
1448048131514
1448048132027
1448048132525
1448048133024
1448048133496
1448048134024
1448048134530
1448048135062
1448048135550
1448048136028
1448048136552
1448048137074
1448048137594
1448048138057
1448048138562
1448048139068
1448048139574
1448048140097
1448048140608
1448048141080
1448048141610
1448048142084
1448048142546
1448048143067
1448048143574
1448048144063
1448048144569
1448048145107
