1448054070215
1448054073173
1448054073670
1448054074184
1448054074664
1448054075153
1448054075649
1448054076130
1448054076651
1448054077124
1448054077646
1448054078150
1448054078639
1448054079219
1448054079741
1448054080222
1448054080760
1448054081265
1448054081770
1448054082300
1448054082781
1448054083294
1448054083783
1448054084263
1448054084777
1448054085257
1448054085762
1448054086251
1448054086730
1448054087244
1448054087725
1448054088221
1448054088719
1448054089207
1448054089714
1448054090236
1448054090707
1448054091221
1448054091726
1448054092206
1448054092744
1448054093225
1448054093722
1448054094244
1448054094749
1448054095287
1448054095784
1448054096307
1448054096820
1448054097292
1448054097822
1448054098319
1448054098816
1448054099337
1448054099835
1448054100364
1448054100862
1448054101350
1448054101889
1448054102395
1448054102891
1448054103421
1448054103910
1448054104432
1448054104929
1448054105408
1448054105948
1448054106420
1448054106916
1448054107438
1448054107901
1448054108440
1448054109025
1448054109517
1448054110023
1448054110511
1448054111024
1448054111505
1448054112001
1448054112507
1448054112970
1448054113476
1448054113980
1448054114444
1448054114983
1448054115463
1448054115952
1448054116473
1448054117006
1448054117503
1448054118033
1448054118513
1448054119018
1448054119532
1448054120012
1448054120542
1448054121023
1448054121527
1448054122033
1448054122522
1448054123051
1448054123549
1448054124078
1448054124576
1448054125065
1448054125611
1448054126091
1448054126596
1448054127118
1448054127573
1448054128087
1448054128584
1448054129056
1448054129578
1448054130049
1448054130538
1448054131044
1448054131532
1448054132054
1448054132534
1448054133048
1448054133553
1448054134049
1448054134563
1448054135035
1448054135524
1448054136038
1448054136500
1448054137023
1448054137511
1448054137975
1448054138497
1448054138988
1448054139507
1448054140054
1448054140542
1448054141032
1448054141553
1448054142042
1448054142522
1448054143044
1448054143518
1448054143998
1448054144503
1448054144983
1448054145464
1448054146003
1448054146491
1448054146972
1448054147501
1448054147982
1448054148487
1448054149001
1448054149498
1448054150003
1448054150517
1448054151006
1448054151510
1448054152016
1448054152479
1448054153002
1448054153499
1448054153946
1448054154460
1448054154956
1448054155420
1448054155926
1448054156405
1448054156886
1448054157384
1448054157872
1448054158369
1448054158874
1448054159355
1448054159877
1448054160373
1448054160871
1448054161400
1448054161881
1448054162353
1448054162816
1448054163314
1448054163793
1448054164283
1448054164772
1448054165218
1448054165674
1448054166145
1448054166651
1448054167115
1448054167603
1448054168084
1448054168597
1448054169135
1448054169641
1448054170129
1448054170620
1448054171117
1448054171589
1448054172103
1448054172599
1448054173097
1448054173635
1448054174215
1448054174713
1448054175226
1448054175748
1448054176262
1448054176759
1448054177273
1448054177761
1448054178275
1448054178772
1448054179261
1448054179766
1448054180254
1448054180743
1448054181266
1448054181754
1448054182251
1448054182739
1448054183253
1448054183759
1448054184230
1448054184744
1448054185249
1448054185713
1448054186243
1448054186706
1448054187154
1448054187675
1448054188164
1448054188678
1448054189158
1448054189655
1448054190143
1448054190665
1448054191138
1448054191659
1448054192181
1448054192669
1448054193183
1448054193681
1448054194185
1448054194674
1448054195179
1448054195726
1448054196207
1448054196712
1448054197202
1448054197698
1448054198179
1448054198701
1448054199189
1448054199687
1448054200225
1448054200706
1448054201211
1448054201749
1448054202238
1448054202760
1448054203274
1448054203738
1448054204367
1448054204881
1448054205369
1448054205842
1448054206364
1448054206835
1448054207333
1448054207854
1448054208326
1448054208857
1448054209386
1448054209884
1448054210397
1448054210919
1448054211375
1448054211921
1448054212401
1448054212881
1448054213412
1448054213891
1448054214389
1448054214894
1448054215374
1448054215896
1448054216392
1448054216890
1448054217387
1448054217875
1448054218364
1448054218885
1448054219391
1448054219888
1448054220393
1448054220907
1448054221428
1448054221925
1448054222431
1448054222952
1448054223425
1448054223946
1448054224470
1448054224942
1448054225463
1448054225952
1448054226423
1448054226946
1448054227410
1448054227889
1448054228403
1448054228866
1448054229363
1448054229861
1448054230332
1448054230829
1448054231309
1448054231815
1448054232303
1448054232800
1448054233314
1448054233785
1448054234307
1448054234812
1448054235292
1448054235798
1448054236319
1448054236791
1448054237313
1448054237819
1448054238299
1448054238837
1448054239443
1448054239956
1448054240486
1448054240950
1448054241472
1448054241986
1448054242457
1448054242946
1448054243452
1448054243907
1448054244429
1448054244926
1448054245415
1448054245912
1448054246433
1448054246939
1448054247427
1448054247916
1448054248422
1448054248893
1448054249407
1448054249929
1448054250426
1448054250933
1448054251438
1448054251943
1448054252448
1448054252937
1448054253443
1448054253972
1448054254495
1448054254958
1448054255472
1448054255986
1448054256491
1448054256979
1448054257509
1448054257998
1448054258504
1448054259042
1448054259506
1448054259995
1448054260517
1448054260955
1448054261452
1448054261949
1448054262396
1448054262885
1448054263382
1448054263870
1448054264351
1448054264865
1448054265386
1448054265892
1448054266371
1448054266885
1448054267382
1448054267895
1448054268409
1448054268914
1448054269470
1448054269967
1448054270456
1448054270920
1448054271383
1448054271897
1448054272394
1448054272882
1448054273396
1448054273884
1448054274340
1448054274812
1448054275350
1448054275847
1448054276360
1448054276866
1448054277340
1448054277845
1448054278334
1448054278830
1448054279302
1448054279816
1448054280279
1448054280752
1448054281265
1448054281720
1448054282209
1448054282706
1448054283203
1448054283708
1448054284214
1448054284703
1448054285208
1448054285705
1448054286226
1448054286715
1448054287196
1448054287692
1448054288181
1448054288678
1448054289175
1448054289647
1448054290152
1448054290658
1448054291121
1448054291610
1448054292099
1448054292587
1448054293076
1448054293606
1448054294062
1448054294567
1448054295047
1448054295519
1448054296042
1448054296530
1448054297028
1448054297549
1448054298071
1448054298535
1448054299040
1448054299604
1448054300076
1448054300590
1448054301054
1448054301533
1448054302047
1448054302527
1448054303016
1448054303515
1448054304028
1448054304509
1448054304997
1448054305461
1448054305975
1448054306429
1448054306960
1448054307481
1448054307954
1448054308443
1448054308972
1448054309478
1448054309991
1448054310522
1448054310994
1448054311499
1448054311996
1448054312459
1448054312990
1448054313462
1448054313925
1448054314456
1448054314919
1448054315399
1448054315922
1448054316402
1448054316891
1448054317412
1448054317884
1448054318365
1448054318878
1448054319367
1448054319855
1448054320344
1448054320833
1448054321347
1448054321860
1448054322333
1448054322854
1448054323360
1448054323881
1448054324378
1448054324850
1448054325372
1448054325870
1448054326374
1448054326880
1448054327344
1448054327849
1448054328379
1448054328842
1448054329381
1448054329898
1448054330411
1448054330891
1448054331429
1448054331902
1448054332374
1448054332904
1448054333376
1448054333881
1448054334395
1448054334867
1448054335372
1448054335861
1448054336349
1448054336854
1448054337318
1448054337815
1448054338312
1448054338792
1448054339281
1448054339795
1448054340275
1448054340797
1448054341293
1448054341791
1448054342313
1448054342792
1448054343298
1448054343819
1448054344308
1448054344821
1448054345327
1448054345799
1448054346337
1448054346818
1448054347305
1448054347836
1448054348317
1448054348813
1448054349310
1448054349790
1448054350295
1448054350760
1448054351264
1448054351761
1448054352224
1448054352730
1448054353219
1448054353699
1448054354229
1448054354675
1448054355173
1448054355670
1448054356125
1448054356640
1448054357128
1448054357600
1448054358113
1448054358586
1448054359074
1448054359646
1448054360126
1448054360631
1448054361112
1448054361592
1448054362097
1448054362569
1448054363082
1448054363546
1448054364035
1448054364532
1448054365012
1448054365525
1448054365981
1448054366487
1448054366942
1448054367414
1448054367918
1448054368374
1448054368880
1448054369368
1448054369840
1448054370370
1448054370834
1448054371332
1448054371853
1448054372350
1448054372848
1448054373369
1448054373850
1448054374338
1448054374869
1448054375349
1448054375821
1448054376343
1448054376798
1448054377287
1448054377801
1448054378264
1448054378745
1448054379266
1448054379722
1448054380236
1448054380732
1448054381221
1448054381726
1448054382231
1448054382753
1448054383283
1448054383765
1448054384287
1448054384818
1448054385315
1448054385853
1448054386367
1448054386880
1448054387352
1448054387850
1448054388313
1448054388793
1448054389298
1448054389871
1448054390376
1448054390906
1448054391386
1448054391858
1448054392372
1448054392852
1448054393357
1448054393855
1448054394342
1448054394865
1448054395362
1448054395834
1448054396364
1448054396844
1448054397308
1448054397805
1448054398285
1448054398774
1448054399304
1448054399768
1448054400298
1448054400836
1448054401317
1448054401855
1448054402361
1448054402883
1448054403371
1448054403893
1448054404398
1448054404929
1448054405401
1448054405873
1448054406370
1448054406858
1448054407330
1448054407844
1448054408299
1448054408822
1448054409301
1448054409799
1448054410289
1448054410786
1448054411275
1448054411755
1448054412268
1448054412766
1448054413246
1448054413768
1448054414257
1448054414803
1448054415275
1448054415755
1448054416278
1448054416733
1448054417271
1448054417760
1448054418273
1448054418804
1448054419259
1448054419814
1448054420303
1448054420783
1448054421272
1448054421785
1448054422274
1448054422779
1448054423267
1448054423756
1448054424261
1448054424741
1448054425247
1448054425760
1448054426249
1448054426754
1448054427259
1448054427748
1448054428269
1448054428775
1448054429271
1448054429794
1448054430257
1448054430770
1448054431268
1448054431747
1448054432261
1448054432759
1448054433213
1448054433727
1448054434198
1448054434679
1448054435217
1448054435681
1448054436186
1448054436683
1448054437207
1448054437686
1448054438217
1448054438714
1448054439235
1448054439724
1448054440204
1448054440718
1448054441223
1448054441711
1448054442175
1448054442705
1448054443194
1448054443708
1448054444179
1448054444693
1448054445173
1448054445678
1448054446184
1448054446672
1448054447177
1448054447657
1448054448154
1448054448643
1448054449165
1448054449754
1448054450283
1448054450797
1448054451278
1448054451782
1448054452271
1448054452751
1448054453265
1448054453753
1448054454242
1448054454756
1448054455252
1448054455749
1448054456262
1448054456726
1448054457248
1448054457761
1448054458250
1448054458788
1448054459277
1448054459766
1448054460304
1448054460785
1448054461273
1448054461803
1448054462267
1448054462789
1448054463303
1448054463766
1448054464239
1448054464761
1448054465224
1448054465738
1448054466243
1448054466740
1448054467253
1448054467734
1448054468239
1448054468736
1448054469225
1448054469754
1448054470243
1448054470724
1448054471254
1448054471734
1448054472247
1448054472761
1448054473233
1448054473771
1448054474260
1448054474790
1448054475329
1448054475792
1448054476281
1448054476786
1448054477266
1448054477746
1448054478277
1448054478748
1448054479246
1448054479842
1448054480323
1448054480828
1448054481325
1448054481772
1448054482302
1448054482833
1448054483322
1448054483835
1448054484324
1448054484812
1448054485309
1448054485798
1448054486311
1448054486833
1448054487321
1448054487827
1448054488291
1448054488804
1448054489318
1448054489789
1448054490320
1448054490794
1448054491240
1448054491746
1448054492275
1448054492764
1448054493287
1448054493800
1448054494306
1448054494835
1448054495341
1448054495838
1448054496368
1448054496849
1448054497320
1448054497834
1448054498315
1448054498795
1448054499308
1448054499780
1448054500261
1448054500791
1448054501254
1448054501743
1448054502257
1448054502720
1448054503226
1448054503731
1448054504211
1448054504725
1448054505222
1448054505719
1448054506207
1448054506730
1448054507218
1448054507715
1448054508212
1448054508725
1448054509239
1448054509836
1448054510341
1448054510831
1448054511302
1448054511816
1448054512279
1448054512768
1448054513215
1448054513662
1448054514176
1448054514689
1448054515203
1448054515708
1448054516180
1448054516644
1448054517165
1448054517672
1448054518186
1448054518691
1448054519197
1448054519719
1448054520224
1448054520729
1448054521234
1448054521707
1448054522204
1448054522734
1448054523231
1448054523752
1448054524258
1448054524705
1448054525202
1448054525708
1448054526212
1448054526693
1448054527174
1448054527654
1448054528151
1448054528673
1448054529136
1448054529642
1448054530147
1448054530619
1448054531149
1448054531655
1448054532152
1448054532690
1448054533195
1448054533683
1448054534206
1448054534695
1448054535183
1448054535705
1448054536201
1448054536699
1448054537196
1448054537651
1448054538157
1448054538686
1448054539176
1448054539698
1448054540203
1448054540709
1448054541213
1448054541702
1448054542216
1448054542721
1448054543202
1448054543710
1448054544223
1448054544804
1448054545292
1448054545822
1448054546286
1448054546799
1448054547280
1448054547743
1448054548248
1448054548711
1448054549192
1448054549697
1448054550160
1448054550683
1448054551179
1448054551676
1448054552182
1448054552678
1448054553176
1448054553672
1448054554186
1448054554683
1448054555154
1448054555710
1448054556173
1448054556653
1448054557184
1448054557630
1448054558128
1448054558641
1448054559105
1448054559635
1448054560131
1448054560620
1448054561142
1448054561639
1448054562135
1448054562641
1448054563155
1448054563676
1448054564165
1448054564686
1448054565184
1448054565681
1448054566227
1448054566708
1448054567221
1448054567743
1448054568223
1448054568770
1448054569267
1448054569755
1448054570286
1448054570768
1448054571239
1448054571753
