1448049256066
1448049259121
1448049259660
1448049260141
1448049260621
1448049261135
1448049261598
1448049262095
1448049262568
1448049263031
1448049263537
1448049264042
1448049264547
1448049265061
1448049265549
1448049266055
1448049266543
1448049267024
1448049267546
1448049268009
1448049268548
1448049269036
1448049269508
1448049270039
1448049270502
1448049270999
1448049271512
1448049271984
1448049272506
1448049273019
1448049273516
1448049274021
1448049274527
1448049275031
1448049275520
1448049276018
1448049276564
1448049277036
1448049277558
1448049278063
1448049278544
1448049279082
1448049279579
1448049280075
1448049280614
1448049281087
1448049281625
1448049282089
1448049282610
1448049283082
1448049283613
1448049284118
1448049284590
1448049285128
1448049285617
1448049286114
1448049286610
1448049287099
1448049287612
1448049288110
1448049288623
1448049289127
1448049289641
1448049290146
1448049290670
1448049291176
1448049291647
1448049292128
1448049292649
1448049293180
1448049293651
1448049294174
1448049294663
1448049295126
1448049295656
1448049296136
1448049296616
1448049297147
1448049297602
1448049298116
1448049298604
1448049299076
1448049299598
1448049300086
1448049300583
1448049301088
1448049301569
1448049302083
1448049302571
1448049303077
1448049303581
1448049304062
1448049304592
1448049305080
1448049305578
1448049306124
1448049306613
1448049307119
1448049307648
1448049308137
1448049308675
1448049309189
1448049309661
1448049310199
1448049310705
1448049311353
1448049311865
1448049312370
1448049312892
1448049313381
1448049313902
1448049314391
1448049314887
1448049315435
1448049315899
1448049316412
1448049316934
1448049317397
1448049317887
1448049318409
1448049318864
1448049319378
1448049319883
1448049320338
1448049320877
1448049321365
1448049321871
1448049322342
1448049322864
1448049323353
1448049323825
1448049324355
1448049324827
1448049325316
1448049325829
1448049326284
1448049326790
1448049327286
1448049327758
1448049328305
1448049328785
1448049329283
1448049329812
1448049330318
1448049330831
1448049331353
1448049331869
1448049332355
1448049332861
1448049333332
1448049333846
1448049334335
1448049334831
1448049335320
1448049335791
1448049336347
1448049336836
1448049337332
1448049337855
1448049338326
1448049338840
1448049339345
1448049339825
1448049340356
1448049340835
1448049341465
1448049341911
1448049342400
1448049342915
1448049343428
1448049343967
1448049344457
1448049344962
1448049345467
1448049345981
1448049346486
1448049346967
1448049347421
1448049347960
1448049348465
1448049348946
1448049349452
1448049349965
1448049350445
1448049350959
1448049351465
1448049351945
1448049352458
1448049352955
1448049353452
1448049353974
1448049354471
1448049354943
1448049355466
1448049355929
1448049356433
1448049356940
1448049357420
1448049357933
1448049358429
1448049358919
1448049359416
1448049359896
1448049360385
1448049360889
1448049361379
1448049361893
1448049362380
1448049362870
1448049363399
1448049363913
1448049364394
1448049364923
1448049365412
1448049365909
1448049366466
1448049366912
1448049367417
1448049367924
1448049368403
1448049368901
1448049369406
1448049369877
1448049370358
1448049370887
1448049371361
1448049371859
1448049372380
1448049372836
1448049373333
1448049373846
1448049374318
1448049374831
1448049375362
1448049375851
1448049376424
1448049376912
1448049377408
1448049377864
1448049378411
1448049378899
1448049379363
1448049379868
1448049380391
1448049380888
1448049381402
1448049381923
1448049382378
1448049382925
1448049383406
1448049383877
1448049384400
1448049384904
1448049385385
1448049385925
1448049386430
1448049386918
1448049387448
1448049387961
1448049388435
1448049388956
1448049389462
1448049389940
1448049390471
1448049390951
1448049391473
1448049391970
1448049392458
1448049392955
1448049393453
1448049393974
1448049394471
1448049394984
1448049395498
1448049395961
1448049396509
1448049397014
1448049397477
1448049397952
1448049398449
1448049398913
1448049399393
1448049399914
1448049400369
1448049400875
1448049401346
1448049401835
1448049402357
1448049402879
1448049403343
1448049403856
1448049404354
1448049404842
1448049405356
1448049405853
1448049406457
1448049406948
1448049407443
1448049407957
1448049408429
1448049408935
1448049409431
1448049409928
1448049410450
1448049410939
1448049411427
1448049411949
1448049412412
1448049412926
1448049413473
1448049413921
1448049414409
1448049414915
1448049415411
1448049415926
1448049416398
1448049416844
1448049417366
1448049417904
1448049418376
1448049418898
1448049419387
1448049419876
1448049420374
1448049420879
1448049421384
1448049421881
1448049422419
1448049422924
1448049423413
1448049423951
1448049424441
1448049424904
1448049425428
1448049425907
1448049426380
1448049426894
1448049427348
1448049427836
1448049428342
1448049428873
1448049429352
1448049429898
1448049430363
1448049430852
1448049431356
1448049431880
1448049432351
1448049432872
1448049433403
1448049433891
1448049434397
1448049434860
1448049435367
1448049435871
1448049436371
1448049436965
1448049437470
1448049437985
1448049438507
1448049438986
1448049439500
1448049440030
1448049440560
1448049441041
1448049441562
1448049442069
1448049442532
1448049443020
1448049443509
1448049443980
1448049444503
1448049445034
1448049445498
1448049446019
1448049446541
1448049447039
1448049447552
1448049448008
1448049448522
1448049449026
1448049449532
1448049450029
1448049450533
1448049451067
1448049451580
1448049452078
1448049452582
1448049453054
1448049453560
1448049454030
1448049454536
1448049455059
1448049455530
1448049456036
1448049456541
1448049456996
1448049457519
1448049458015
1448049458496
1448049459034
1448049459531
1448049460020
1448049460525
1448049461007
1448049461494
1448049462017
1448049462497
1448049463002
1448049463508
1448049464003
1448049464492
1448049464998
1448049465469
1448049465983
1448049466571
1448049467060
1448049467574
1448049468095
1448049468584
1448049469064
1448049469553
1448049470074
1448049470546
1448049471052
1448049471557
1448049472029
1448049472550
1448049473039
1448049473521
1448049474059
1448049474540
1448049475019
1448049475559
1448049476014
1448049476510
1448049477008
1448049477471
1448049477953
1448049478466
1448049478930
1448049479435
1448049479932
1448049480412
1448049480926
1448049481406
1448049481903
1448049482399
1448049482872
1448049483385
1448049483865
1448049484387
1448049484892
1448049485356
1448049485894
1448049486358
1448049486855
1448049487385
1448049487857
1448049488395
1448049488901
1448049489373
1448049489911
1448049490392
1448049490880
1448049491393
1448049491882
1448049492379
1448049492876
1448049493364
1448049493861
1448049494350
1448049494880
1448049495361
1448049495907
1448049496387
1448049496885
1448049497398
1448049497870
1448049498391
1448049498880
1448049499369
1448049499882
1448049500371
1448049500876
1448049501365
1448049501911
1448049502433
1448049502906
1448049503410
1448049503907
1448049504395
1448049504925
1448049505383
1448049505855
1448049506385
1448049506865
1448049507337
1448049507859
1448049508314
1448049508836
1448049509333
1448049509863
1448049510344
1448049510857
1448049511346
1448049511825
1448049512356
1448049512828
1448049513341
1448049513838
1448049514343
1448049514849
1448049515337
1448049515859
1448049516340
1448049516844
1448049517333
1448049517804
1448049518327
1448049518807
1448049519296
1448049519809
1448049520264
1448049520769
1448049521267
1448049521721
1448049522244
1448049522722
1448049523187
1448049523710
1448049524206
1448049524687
1448049525233
1448049525713
1448049526227
1448049526757
1448049527254
1448049527776
1448049528281
1448049528786
1448049529308
1448049529814
1448049530335
1448049530824
1448049531320
1448049531932
1448049532406
1448049532911
1448049533408
1448049533906
1448049534379
1448049534824
1448049535354
1448049535854
1448049536308
1448049536830
1448049537344
1448049537847
1448049538369
1448049538883
1448049539346
1448049539810
1448049540308
1448049540813
1448049541270
1448049541742
1448049542229
1448049542717
1448049543223
1448049543754
1448049544250
1448049544756
1448049545245
1448049545749
1448049546213
1448049546727
1448049547224
1448049547745
1448049548226
1448049548717
1448049549170
1448049549642
1448049550180
1448049550661
1448049551175
1448049551706
1448049552227
1448049552725
1448049553237
1448049553737
1448049554233
1448049554737
1448049555233
1448049555738
1448049556219
1448049556700
1448049557230
1448049557701
1448049558192
1448049558706
1448049559185
1448049559666
1448049560171
1448049560662
1448049561166
1448049561747
1448049562227
1448049562747
1448049563262
1448049563725
1448049564247
1448049564762
1448049565259
1448049565798
1448049566294
1448049566748
1448049567238
1448049567744
1448049568256
1448049568795
1448049569250
1448049569715
1448049570222
1448049570683
1448049571172
1448049571702
1448049572158
1448049572640
1448049573134
1448049573598
1448049574130
1448049574643
1448049575131
1448049575645
1448049576142
1448049576664
1448049577179
1448049577683
1448049578154
1448049578618
1448049579131
1448049579612
1448049580126
1448049580673
1448049581204
1448049581675
1448049582139
1448049582613
1448049583066
1448049583588
1448049584043
1448049584516
1448049585016
1448049585521
1448049586024
1448049586554
1448049587045
1448049587524
1448049588022
1448049588545
1448049589008
1448049589520
1448049590000
1448049590480
1448049590977
1448049591433
1448049592038
1448049592518
1448049593033
1448049593522
1448049593985
1448049594508
1448049594988
1448049595468
1448049595998
1448049596453
1448049596967
1448049597473
1448049597936
1448049598458
1448049598929
1448049599410
1448049599923
1448049600393
1448049600901
1448049601389
1448049601894
1448049602400
1448049602872
1448049603358
1448049603873
1448049604377
1448049604891
1448049605379
1448049605893
1448049606398
1448049606912
1448049607417
1448049607922
1448049608412
1448049608901
1448049609440
1448049609911
1448049610407
1448049610921
1448049611384
1448049611850
1448049612364
1448049612877
1448049613366
1448049613912
1448049614409
1448049614884
1448049615438
1448049615934
1448049616422
1448049616961
1448049617433
1448049617915
1448049618446
1448049618915
1448049619415
1448049619926
1448049620406
1448049620895
1448049621416
1448049621916
1448049622422
1448049622943
1448049623456
1448049623978
1448049624449
1448049624948
1448049625437
1448049625956
1448049626486
1448049627059
1448049627542
1448049628077
1448049628566
1448049629089
1448049629593
1448049630108
1448049630629
1448049631129
1448049631601
1448049632120
1448049632635
1448049633114
1448049633639
1448049634152
1448049634630
1448049635119
1448049635624
1448049636129
1448049636611
1448049637140
1448049637637
1448049638100
1448049638625
1448049639138
1448049639609
1448049640115
1448049640562
1448049641092
1448049641581
1448049642078
1448049642558
1448049643030
1448049643536
1448049644025
1448049644554
1448049645093
1448049645556
1448049646045
1448049646593
1448049647106
1448049647628
1448049648126
1448049648597
1448049649097
1448049649599
1448049650079
1448049650592
1448049651099
1448049651587
1448049652108
1448049652583
1448049653054
1448049653583
1448049654056
1448049654535
1448049655024
1448049655505
1448049656019
1448049656510
1448049657120
1448049657619
1448049658131
1448049658638
1448049659150
1448049659621
1448049660145
1448049660617
1448049661120
1448049661634
1448049662123
1448049662621
1448049663124
1448049663580
1448049664105
1448049664640
1448049665173
1448049665678
1448049666208
1448049666700
1448049667188
1448049667708
1448049668221
1448049668677
1448049669199
1448049669714
1448049670193
1448049670715
1448049671228
1448049671725
1448049672264
1448049672744
1448049673235
1448049673757
1448049674236
1448049674731
1448049675237
1448049675708
1448049676222
1448049676714
1448049677184
1448049677680
1448049678186
1448049678657
1448049679146
1448049679626
1448049680131
1448049680603
1448049681102
1448049681623
1448049682094
1448049682550
1448049683065
1448049683527
1448049684049
1448049684537
1448049685012
1448049685566
1448049686039
1448049686561
1448049687106
1448049687595
1448049688134
1448049688631
1448049689129
1448049689650
1448049690147
1448049690667
1448049691181
1448049691663
1448049692168
1448049692655
1448049693171
1448049693685
1448049694163
1448049694709
1448049695190
1448049695686
1448049696186
1448049696664
1448049697219
1448049697749
1448049698256
1448049698776
1448049699256
1448049699745
1448049700250
1448049700739
1448049701244
1448049701732
1448049702229
1448049702743
1448049703217
1448049703731
1448049704227
1448049704716
1448049705246
1448049705726
1448049706241
1448049706762
1448049707243
1448049707773
1448049708278
1448049708774
1448049709328
1448049709802
1448049710340
1448049710852
1448049711351
1448049711864
1448049712370
1448049712891
1448049713380
1448049713894
1448049714424
1448049714913
1448049715434
1448049715939
1448049716444
1448049717074
1448049717555
1448049718068
1448049718590
1448049719079
1448049719633
1448049720133
1448049720604
1448049721118
1448049721615
1448049722112
1448049722624
1448049723104
1448049723619
1448049724124
1448049724613
1448049725127
1448049725615
1448049726128
1448049726625
1448049727147
1448049727661
1448049728156
1448049728646
1448049729185
1448049729665
1448049730179
1448049730692
1448049731173
1448049731718
1448049732199
1448049732713
1448049733242
1448049733732
1448049734252
1448049734767
1448049735272
1448049735776
1448049736275
1448049736795
1448049737285
1448049737790
1448049738329
1448049738793
1448049739314
1448049739828
1448049740283
1448049740821
1448049741302
1448049741773
1448049742312
1448049742767
1448049743306
1448049743803
1448049744291
1448049744805
1448049745292
1448049745789
1448049746287
1448049746791
1448049747347
1448049747843
1448049748333
1448049748824
1448049749329
1448049749815
1448049750295
1448049750792
1448049751272
1448049751752
1448049752250
1448049752741
1448049753268
1448049753758
1448049754264
1448049754768
1448049755234
1448049755753
1448049756228
1448049756725
1448049757244
1448049757692
1448049758163
1448049758695
1448049759182
