1448047159171
1448047161995
1448047162452
1448047162949
1448047163395
1448047163868
1448047164347
1448047164786
1448047165283
1448047165746
1448047166219
1448047166707
1448047167162
1448047167659
1448047168223
1448047168678
1448047169183
1448047169638
1448047170110
1448047170599
1448047171063
1448047171551
1448047172023
1448047172494
1448047172991
1448047173439
1448047173935
1448047174399
1448047174862
1448047175351
1448047175806
1448047176286
1448047176758
1448047177213
1448047177702
1448047178149
1448047178621
1448047179093
1448047179539
1448047180028
1448047180484
1448047180947
1448047181436
1448047181874
1448047182354
1448047182826
1448047183273
1448047183770
1448047184217
1448047184672
1448047185152
1448047185574
1448047186063
1448047186501
1448047186990
1448047187444
1448047187908
1448047188374
1448047188829
1448047189293
1448047189781
1448047190236
1448047190734
1448047191205
1448047191661
1448047192174
1448047192629
1448047193102
1448047193598
1448047194062
1448047194558
1448047195039
1448047195495
1448047195999
1448047196463
1448047196943
1448047197415
1448047197945
1448047198442
1448047198898
1448047199377
1448047199866
1448047200321
1448047200826
1448047201274
1448047201745
1448047202234
1448047202689
1448047203177
1448047203650
1448047204105
1448047204593
1448047205040
1448047205512
1448047205984
1448047206439
1448047206928
1448047207383
1448047207846
1448047208334
1448047208773
1448047209254
1448047209725
1448047210189
1448047210702
1448047211158
1448047211630
1448047212110
1448047212565
1448047213078
1448047213543
1448047214016
1448047214521
1448047214985
1448047215456
1448047215945
1448047216409
1448047216897
1448047217361
1448047217824
1448047218313
1448047218743
1448047219223
1448047219696
1448047220133
1448047220631
1448047221086
1448047221541
1448047222038
1448047222476
1448047222949
1448047223429
1448047223884
1448047224373
1448047224819
1448047225350
1448047225813
1448047226327
1448047226774
1448047227262
1448047227718
1448047228247
1448047228703
1448047229184
1448047229672
1448047230127
1448047230615
1448047231088
1448047231543
1448047232048
1448047232512
1448047232983
1448047233472
1448047233936
1448047234424
1448047234879
1448047235326
1448047235814
1448047236270
1448047236716
1448047237205
1448047237660
1448047238157
1448047238604
1448047239059
1448047239542
1448047239988
1448047240460
1448047240931
1448047241404
1448047241901
1448047242364
1448047242819
1448047243358
1448047243813
1448047244286
1448047244782
1448047245280
1448047245776
1448047246256
1448047246720
1448047247242
1448047247706
1448047248210
1448047248716
1448047249155
1448047249693
1448047250165
1448047250636
1448047251142
1448047251606
1448047252094
1448047252583
1448047253062
1448047253551
1448047254023
1448047254528
1448047255009
1448047255480
1448047256002
1448047256466
1448047256971
1448047257460
1448047257981
1448047258462
1448047258941
1448047259397
1448047259919
1448047260374
1448047260854
1448047261368
1448047261831
1448047262337
1448047262825
1448047263289
1448047263802
1448047264274
1448047264771
1448047265260
1448047265741
1448047266213
1448047266693
1448047267133
1448047267621
1448047268085
1448047268547
1448047269019
1448047269475
1448047269972
1448047270452
1448047270915
1448047271363
1448047271825
1448047272256
1448047272745
1448047273242
1448047273697
1448047274168
1448047274607
1448047275096
1448047275551
1448047276015
1448047276461
1448047276925
1448047277422
1448047277902
1448047278366
1448047278829
1448047279293
1448047279757
1448047280262
1448047280725
1448047281205
1448047281686
1448047282150
1448047282654
1448047283110
1448047283606
1448047284078
1448047284533
1448047285006
1448047285453
1448047285882
1448047286380
1448047286818
1448047287307
1448047287796
1448047288317
1448047288789
1448047289261
1448047289717
1448047290205
1448047290651
1448047291125
1448047291621
1448047292102
1448047292583
1448047293054
1448047293518
1448047294022
1448047294478
1448047294968
1448047295472
1448047295936
1448047296432
1448047296896
1448047297359
1448047297865
1448047298312
1448047298791
1448047299272
1448047299727
1448047300224
1448047300680
1448047301143
1448047301582
1448047302061
1448047302525
1448047302998
1448047303477
1448047303908
1448047304346
1448047304860
1448047305349
1448047305820
1448047306317
1448047306747
1448047307203
1448047307667
1448047308171
1448047308660
1448047309140
1448047309554
1448047310008
1448047310506
1448047310928
1448047311400
1448047311914
1448047312385
1448047312891
1448047313371
1448047313817
1448047314306
1448047314770
1448047315250
1448047315697
1448047316160
1448047316634
1448047317064
1448047317544
1448047318083
1448047318613
1448047319118
1448047319615
1448047320104
1448047320609
1448047321072
1448047321553
1448047322033
1448047322496
1448047323042
1448047323515
1448047323979
1448047324459
1448047324947
1448047325444
1448047325941
1448047326446
1448047326909
1448047327398
1448047327895
1448047328376
1448047328906
1448047329360
1448047329874
1448047330362
1448047330860
1448047331374
1448047331862
1448047332334
1448047332839
1448047333328
1448047333825
1448047334313
1448047334810
1448047335298
1448047335779
1448047336301
1448047336747
1448047337245
1448047337774
1448047338263
1448047338768
1448047339265
1448047339721
1448047340226
1448047340723
1448047341219
1448047341741
1448047342246
1448047342759
1448047343234
1448047343755
1448047344244
1448047344741
1448047345204
1448047345718
1448047346181
1448047346687
1448047347143
1448047347656
1448047348236
1448047348741
1448047349239
1448047349711
1448047350157
1448047350621
1448047351142
1448047351623
1448047352078
1448047352550
1448047353039
1448047353535
1448047354024
1448047354504
1448047355009
1448047355465
1448047355928
1448047356467
1448047356946
1448047357443
1448047357916
1448047358379
1448047358834
1448047359356
1448047359870
1448047360325
1448047360838
1448047361311
1448047361782
1448047362280
1448047362768
1448047363248
1448047363762
1448047364200
1448047364672
1448047365136
1448047365649
1448047366146
1448047366651
1448047367123
1448047367644
1448047368133
1448047368622
1448047369136
1448047369634
1448047370114
1448047370628
1448047371100
1448047371588
1448047372077
1448047372540
1448047373045
1448047373517
1448047374006
1448047374503
1448047374991
1448047375463
1448047375968
1448047376423
1448047376929
1448047377392
1448047377872
1448047378486
1448047378958
1448047379447
1448047379968
1448047380457
1448047380953
1448047381492
1448047381973
1448047382486
1448047382992
1448047383463
1448047383994
1448047384457
1448047384945
1448047385443
1448047385922
1448047386369
1448047386908
1448047387363
1448047387877
1448047388381
1448047388846
1448047389359
1448047389848
1448047390337
1448047390824
1448047391296
1448047391810
1448047392282
1448047392788
1448047393318
1448047393790
1448047394279
1448047394809
1448047395288
1448047395760
1448047396274
1448047396786
1448047397311
1448047397791
1448047398263
1448047398768
1448047399240
1448047399745
1448047400242
1448047400722
1448047401244
1448047401732
1448047402246
1448047402735
1448047403207
1448047403704
1448047404167
1448047404640
1448047405154
1448047405617
1448047406098
1448047406611
1448047407067
1448047407564
1448047408076
1448047408633
1448047409154
1448047409660
1448047410140
1448047410662
1448047411175
1448047411655
1448047412177
1448047412658
1448047413137
1448047413593
1448047414090
1448047414562
1448047415077
1448047415557
1448047416020
1448047416509
1448047416973
1448047417470
1448047417983
1448047418455
1448047418978
1448047419457
1448047419937
1448047420443
1448047420939
1448047421403
1448047421900
1448047422398
1448047422894
1448047423417
1448047423915
1448047424437
1448047424917
1448047425397
1448047425894
1448047426366
1448047426830
1448047427344
1448047427815
1448047428296
1448047428819
1448047429290
1448047429771
1448047430284
1448047430748
1448047431245
1448047431741
1448047432222
1448047432727
1448047433224
1448047433713
1448047434218
1448047434716
1448047435204
1448047435692
1448047436173
1448047436686
1448047437167
1448047437663
1448047438186
1448047438658
1448047439171
1448047439668
1448047440148
1448047440670
1448047441192
1448047441664
1448047442186
1448047442657
1448047443113
1448047443719
1448047444199
1448047444704
1448047445243
1448047445756
1448047446262
1448047446792
1448047447289
1448047447770
1448047448291
1448047448780
1448047449253
1448047449768
1448047450290
1448047450787
1448047451284
1448047451764
1448047452261
1448047452759
1448047453238
1448047453752
1448047454240
1448047454754
1448047455268
1448047455740
1448047456262
1448047456767
1448047457239
1448047457762
1448047458267
1448047458739
1448047459284
1448047459799
1448047460296
1448047460826
1448047461323
1448047461811
1448047462350
1448047462865
1448047463336
1448047463875
1448047464364
1448047464819
1448047465333
1448047465797
1448047466277
1448047466808
1448047467313
1448047467818
1448047468307
1448047468811
1448047469300
1448047469764
1448047470244
1448047470766
1448047471239
1448047471719
1448047472215
1448047472696
1448047473167
1448047473739
1448047474186
1448047474667
1448047475172
1448047475618
1448047476100
1448047476597
1448047477061
1448047477550
1448047478046
1448047478510
1448047478999
1448047479486
1448047479942
1448047480447
1448047480920
1448047481374
1448047481896
1448047482352
1448047482798
1448047483287
1448047483726
1448047484181
1448047484679
1448047485117
1448047485597
1448047486093
1448047486541
1448047487029
1448047487518
1448047487973
1448047488477
1448047488949
1448047489422
1448047489918
1448047490391
1448047490862
1448047491335
1448047491806
1448047492295
1448047492750
1448047493222
1448047493710
1448047494166
1448047494670
1448047495127
1448047495556
1448047496020
1448047496492
1448047496955
1448047497452
1448047497899
1448047498354
1448047498850
1448047499323
1448047499812
1448047500291
1448047500747
1448047501227
1448047501735
1448047502224
1448047502703
1448047503192
1448047503755
1448047504202
1448047504700
1448047505155
1448047505626
1448047506114
1448047506562
1448047507034
1448047507498
1448047507969
1448047508432
1448047508904
1448047509386
1448047509890
1448047510363
1448047510834
1448047511322
1448047511786
1448047512291
1448047512755
1448047513218
1448047513724
1448047514212
1448047514717
1448047515206
1448047515677
1448047516183
1448047516671
1448047517126
1448047517599
1448047518037
1448047518509
1448047518998
1448047519453
1448047519941
1448047520421
1448047520860
1448047521349
1448047521821
1448047522276
1448047522780
1448047523245
1448047523732
1448047524205
1448047524644
1448047525157
1448047525613
1448047526059
1448047526548
1448047527022
1448047527493
1448047527966
1448047528404
1448047528868
1448047529340
1448047529845
1448047530300
1448047530772
1448047531227
1448047531683
1448047532171
1448047532643
1448047533141
1448047533721
1448047534177
1448047534690
1448047535145
1448047535617
1448047536122
1448047536578
1448047537074
1448047537530
1448047538001
1448047538490
1448047538929
1448047539417
1448047539873
1448047540328
1448047540808
1448047541238
1448047541718
1448047542182
1448047542637
1448047543109
1448047543547
1448047544011
1448047544484
1448047544930
1448047545411
1448047545865
1448047546321
1448047546810
1448047547248
1448047547737
1448047548191
1448047548647
1448047549136
1448047549574
1448047550046
1448047550518
1448047550956
1448047551462
1448047551917
1448047552416
1448047552904
1448047553385
1448047553840
1448047554345
1448047554801
1448047555272
1448047555744
1448047556182
1448047556671
1448047557126
1448047557582
1448047558071
1448047558509
1448047558981
1448047559453
1448047559908
1448047560405
1448047560843
1448047561315
1448047561788
1448047562226
1448047562715
1448047563186
1448047563733
1448047564188
1448047564668
1448047565115
1448047565603
1448047566075
1448047566531
1448047567004
1448047567458
1448047567947
1448047568419
1448047568882
1448047569387
1448047569843
1448047570331
1448047570812
1448047571235
1448047571738
1448047572202
1448047572691
1448047573188
1448047573702
1448047574157
1448047574654
1448047575092
1448047575573
1448047576069
1448047576533
1448047577005
1448047577485
1448047577967
1448047578480
1448047578945
1448047579433
1448047579929
1448047580386
1448047580889
1448047581387
1448047581860
1448047582389
1448047582870
1448047583342
1448047583872
1448047584328
1448047584798
1448047585321
1448047585784
1448047586273
1448047586771
1448047587233
1448047587714
1448047588227
1448047588699
1448047589204
1448047589684
1448047590173
1448047590662
1448047591133
1448047591606
1448047592128
1448047592600
1448047593104
1448047593685
1448047594191
1448047594687
1448047595168
1448047595681
1448047596178
1448047596658
1448047597196
1448047597677
1448047598174
1448047598671
1448047599126
1448047599639
1448047600111
1448047600583
1448047601089
1448047601552
1448047602057
1448047602529
1448047603017
1448047603531
1448047604010
1448047604533
1448047605024
1448047605487
1448047605992
1448047606480
1448047606944
1448047607475
1448047607938
1448047608435
1448047608956
1448047609429
1448047609968
1448047610464
1448047610953
1448047611474
1448047611972
1448047612476
1448047612965
1448047613446
1448047613909
1448047614414
1448047614877
1448047615350
1448047615855
1448047616310
1448047616807
1448047617295
1448047617767
1448047618265
1448047618736
1448047619250
1448047619721
1448047620210
1448047620716
1448047621170
1448047621693
1448047622181
1448047622686
1448047623159
1448047623755
1448047624227
1448047624757
1448047625237
1448047625718
1448047626248
1448047626712
1448047627208
1448047627714
1448047628160
1448047628707
1448047629179
1448047629659
1448047630156
1448047630628
1448047631142
1448047631607
1448047632095
1448047632617
1448047633080
1448047633585
1448047634091
1448047634579
1448047635084
1448047635589
1448047636103
1448047636609
1448047637089
1448047637586
1448047638074
1448047638604
1448047639043
1448047639581
1448047640070
1448047640525
1448047641031
1448047641528
1448047642008
1448047642506
1448047643002
1448047643516
1448047643989
1448047644484
