1448056185339
1448056188304
1448056188768
1448056189225
1448056189679
1448056190151
1448056190581
1448056191078
1448056191542
1448056192021
1448056192477
1448056192940
1448056193429
1448056193868
1448056194339
1448056194812
1448056195250
1448056195747
1448056196202
1448056196665
1448056197146
1448056197592
1448056198073
1448056198536
1448056199000
1448056199489
1448056199927
1448056200384
1448056200872
1448056201319
1448056201808
1448056202279
1448056202735
1448056203240
1448056203695
1448056204168
1448056204656
1448056205119
1448056205616
1448056206088
1448056206552
1448056207048
1448056207512
1448056208000
1448056208481
1448056208936
1448056209441
1448056209897
1448056210401
1448056210857
1448056211328
1448056211817
1448056212273
1448056212786
1448056213258
1448056213721
1448056214227
1448056214674
1448056215154
1448056215651
1448056216106
1448056216570
1448056217050
1448056217597
1448056218069
1448056218540
1448056218988
1448056219477
1448056219931
1448056220395
1448056220875
1448056221330
1448056221819
1448056222291
1448056222763
1448056223259
1448056223723
1448056224220
1448056224683
1448056225156
1448056225652
1448056226143
1448056226589
1448056227078
1448056227526
1448056227989
1448056228469
1448056228899
1448056229388
1448056229844
1448056230282
1448056230770
1448056231217
1448056231689
1448056232161
1448056232599
1448056233088
1448056233543
1448056233998
1448056234488
1448056234925
1448056235398
1448056235852
1448056236308
1448056236797
1448056237227
1448056237699
1448056238170
1448056238617
1448056239105
1448056239553
1448056240025
1448056240496
1448056240944
1448056241432
1448056241887
1448056242354
1448056242839
1448056243278
1448056243750
1448056244230
1448056244669
1448056245157
1448056245613
1448056246076
1448056246565
1448056246987
1448056247483
1448056247939
1448056248402
1448056248891
1448056249338
1448056249818
1448056250273
1448056250728
1448056251185
1448056251658
1448056252096
1448056252668
1448056253173
1448056253628
1448056254076
1448056254580
1448056255053
1448056255507
1448056256004
1448056256427
1448056256890
1448056257362
1448056257817
1448056258290
1448056258762
1448056259200
1448056259697
1448056260152
1448056260608
1448056261088
1448056261534
1448056262007
1448056262487
1448056262934
1448056263405
1448056263878
1448056264358
1448056264846
1448056265311
1448056265766
1448056266254
1448056266719
1448056267198
1448056267671
1448056268126
1448056268597
1448056269053
1448056269516
1448056269997
1448056270452
1448056270941
1448056271429
1448056271918
1448056272365
1448056272863
1448056273351
1448056273790
1448056274261
1448056274734
1448056275223
1448056275710
1448056276166
1448056276629
1448056277112
1448056277551
1448056278039
1448056278503
1448056278949
1448056279430
1448056279902
1448056280340
1448056280829
1448056281276
1448056281732
1448056282221
1448056282750
1448056283206
1448056283677
1448056284166
1448056284622
1448056285110
1448056285574
1448056286029
1448056286526
1448056286956
1448056287428
1448056287900
1448056288338
1448056288844
1448056289274
1448056289745
1448056290218
1448056290656
1448056291128
1448056291575
1448056292030
1448056292502
1448056292924
1448056293429
1448056293875
1448056294340
1448056294820
1448056295258
1448056295747
1448056296210
1448056296666
1448056297155
1448056297593
1448056298065
1448056298536
1448056298984
1448056299489
1448056299927
1448056300399
1448056300871
1448056301310
1448056301800
1448056302280
1448056302744
1448056303248
1448056303712
1448056304176
1448056304681
1448056305153
1448056305641
1448056306113
1448056306568
1448056307074
1448056307529
1448056308000
1448056308473
1448056308911
1448056309400
1448056309855
1448056310310
1448056310799
1448056311237
1448056311726
1448056312182
1448056312745
1448056313217
1448056313688
1448056314177
1448056314625
1448056315096
1448056315568
1448056316015
1448056316504
1448056316976
1448056317414
1448056317903
1448056318375
1448056318814
1448056319303
1448056319766
1448056320222
1448056320727
1448056321182
1448056321638
1448056322143
1448056322599
1448056323071
1448056323559
1448056324015
1448056324469
1448056324958
1448056325389
1448056325852
1448056326308
1448056326796
1448056327270
1448056327767
1448056328230
1448056328703
1448056329191
1448056329630
1448056330110
1448056330565
1448056331004
1448056331467
1448056331906
1448056332362
1448056332859
1448056333289
1448056333736
1448056334225
1448056334672
1448056335160
1448056335633
1448056336079
1448056336568
1448056337041
1448056337487
1448056337959
1448056338406
1448056338903
1448056339392
1448056339822
1448056340286
1448056340716
1448056341171
1448056341652
1448056342082
1448056342596
1448056343042
1448056343531
1448056343979
1448056344442
1448056344898
1448056345353
1448056345816
1448056346272
1448056346752
1448056347199
1448056347647
1448056348102
1448056348574
1448056349021
1448056349493
1448056349940
1448056350387
1448056350859
1448056351297
1448056351729
1448056352218
1448056352665
1448056353112
1448056353609
1448056354056
1448056354528
1448056355016
1448056355472
1448056355952
1448056356391
1448056356863
1448056357343
1448056357782
1448056358253
1448056358734
1448056359206
1448056359678
1448056360134
1448056360589
1448056361094
1448056361583
1448056362063
1448056362502
1448056362999
1448056363479
1448056363951
1448056364423
1448056364862
1448056365326
1448056365764
1448056366253
1448056366708
1448056367205
1448056367677
1448056368174
1448056368638
1448056369109
1448056369632
1448056370087
1448056370608
1448056371114
1448056371561
1448056372066
1448056372505
1448056373035
1448056373524
1448056373987
1448056374435
1448056374915
1448056375395
1448056375901
1448056376389
1448056376862
1448056377335
1448056377831
1448056378328
1448056378842
1448056379305
1448056379819
1448056380316
1448056380796
1448056381318
1448056381824
1448056382304
1448056382801
1448056383281
1448056383761
1448056384292
1448056384756
1448056385269
1448056385774
1448056386254
1448056386760
1448056387249
1448056387737
1448056388242
1448056388731
1448056389195
1448056389692
1448056390163
1448056390652
1448056391132
1448056391613
1448056392110
1448056392585
1448056393087
1448056393609
1448056394064
1448056394595
1448056395099
1448056395622
1448056396168
1448056396649
1448056397129
1448056397659
1448056398139
1448056398652
1448056399158
1448056399647
1448056400160
1448056400657
1448056401145
1448056401651
1448056402132
1448056402695
1448056403194
1448056403682
1448056404179
1448056404676
1448056405148
1448056405637
1448056406125
1448056406597
1448056407103
1448056407583
1448056408088
1448056408593
1448056409065
1448056409538
1448056410026
1448056410498
1448056410961
1448056411484
1448056411973
1448056412477
1448056413016
1448056413471
1448056413935
1448056414416
1448056414879
1448056415384
1448056415881
1448056416353
1448056416867
1448056417347
1448056417852
1448056418340
1448056418871
1448056419335
1448056419806
1448056420312
1448056420792
1448056421281
1448056421786
1448056422258
1448056422730
1448056423227
1448056423708
1448056424188
1448056424726
1448056425190
1448056425671
1448056426184
1448056426665
1448056427194
1448056427675
1448056428173
1448056428702
1448056429202
1448056429698
1448056430220
1448056430685
1448056431206
1448056431703
1448056432150
1448056432688
1448056433227
1448056433707
1448056434205
1448056434668
1448056435182
1448056435696
1448056436142
1448056436615
1448056437103
1448056437558
1448056438072
1448056438560
1448056439058
1448056439571
1448056440060
1448056440532
1448056441045
1448056441534
1448056442031
1448056442545
1448056443050
1448056443572
1448056444061
1448056444532
1448056445038
1448056445519
1448056445990
1448056446504
1448056446976
1448056447456
1448056447970
1448056448442
1448056448922
1448056449444
1448056449908
1448056450414
1448056450918
1448056451391
1448056451897
1448056452410
1448056452907
1448056453420
1448056453926
1448056454398
1448056454870
1448056455360
1448056455848
1448056456337
1448056456834
1448056457281
1448056457795
1448056458275
1448056458739
1448056459253
1448056459766
1448056460246
1448056460751
1448056461273
1448056461788
1448056462259
1448056462773
1448056463219
1448056463733
1448056464214
1448056464669
1448056465149
1448056465612
1448056466093
1448056466607
1448056467078
1448056467534
1448056468122
1448056468645
1448056469117
1448056469580
1448056470069
1448056470549
1448056471004
1448056471518
1448056471965
1448056472462
1448056472967
1448056473414
1448056473895
1448056474433
1448056474906
1448056475403
1448056475924
1448056476422
1448056476935
1448056477440
1448056477905
1448056478418
1448056478898
1448056479361
1448056479859
1448056480348
1448056480843
1448056481332
1448056481804
1448056482278
1448056482809
1448056483280
1448056483778
1448056484274
1448056484738
1448056485244
1448056485724
1448056486180
1448056486684
1448056487173
1448056487612
1448056488109
1448056488573
1448056489019
1448056489508
1448056489989
1448056490435
1448056490933
1448056491379
1448056491810
1448056492315
1448056492762
1448056493209
1448056493731
1448056494178
1448056494634
1448056495139
1448056495603
1448056496074
1448056496580
1448056497044
1448056497507
1448056497996
1448056498452
1448056498923
1448056499395
1448056499842
1448056500306
1448056500795
1448056501258
1448056501747
1448056502210
1448056502674
1448056503263
1448056503751
1448056504224
1448056504703
1448056505168
1448056505615
1448056506128
1448056506634
1448056507114
1448056507604
1448056508051
1448056508539
1448056509003
1448056509491
1448056509964
1448056510419
1448056510932
1448056511421
1448056511909
1448056512407
1448056512888
1448056513367
1448056513848
1448056514303
1448056514800
1448056515256
1448056515702
1448056516191
1448056516646
1448056517102
1448056517599
1448056518037
1448056518501
1448056518990
1448056519429
1448056519917
1448056520389
1448056520828
1448056521333
1448056521797
1448056522269
1448056522774
1448056523246
1448056523710
1448056524182
1448056524637
1448056525092
1448056525581
1448056526037
1448056526508
1448056526997
1448056527452
1448056527908
1448056528364
1448056528827
1448056529274
1448056529762
1448056530218
1448056530665
1448056531103
1448056531576
1448056531989
1448056532446
1448056533018
1448056533514
1448056533970
1448056534466
1448056534930
1448056535394
1448056535899
1448056536388
1448056536859
1448056537348
1448056537812
1448056538301
1448056538773
1448056539228
1448056539717
1448056540172
1448056540644
1448056541132
1448056541579
1448056542043
1448056542540
1448056543003
1448056543492
1448056543947
1448056544378
1448056544867
1448056545330
1448056545802
1448056546282
1448056546738
1448056547227
1448056547698
1448056548154
1448056548642
1448056549114
1448056549603
1448056550074
1448056550530
1448056551043
1448056551515
1448056551971
1448056552476
1448056552940
1448056553411
1448056553892
1448056554348
1448056554836
1448056555308
1448056555746
1448056556235
1448056556708
1448056557171
1448056557653
1448056558116
1448056558563
1448056559060
1448056559507
1448056559963
1448056560451
1448056560898
1448056561387
1448056561867
1448056562339
1448056562837
1448056563408
1448056563847
1448056564301
1448056564766
1448056565237
1448056565726
1448056566181
1448056566678
1448056567117
1448056567622
1448056568077
1448056568549
1448056569038
1448056569493
1448056569965
1448056570403
1448056570909
1448056571380
1448056571870
1448056572341
1448056572830
1448056573303
1448056573774
1448056574246
1448056574684
1448056575173
1448056575629
1448056576083
1448056576572
1448056577010
1448056577483
1448056577955
1448056578393
1448056578882
1448056579336
1448056579809
1448056580281
1448056580719
1448056581208
1448056581654
1448056582127
1448056582617
1448056583072
1448056583536
1448056584024
1448056584496
1448056584960
1448056585432
1448056585879
1448056586334
1448056586831
1448056587287
1448056587758
1448056588222
1448056588702
1448056589158
1448056589613
1448056590060
1448056590516
1448056590970
1448056591443
1448056591948
1448056592386
1448056592850
1448056593372
1448056593819
1448056594267
1448056594747
1448056595185
1448056595665
1448056596113
1448056596601
1448056597031
1448056597495
1448056597942
1448056598406
1448056598870
1448056599383
1448056599872
1448056600310
1448056600799
1448056601238
1448056601734
1448056602198
1448056602720
1448056603217
1448056603698
1448056604186
1448056604667
1448056605163
1448056605602
1448056606091
1448056606521
1448056606993
1448056607464
1448056607980
1448056608469
1448056608982
1448056609463
1448056609944
1448056610432
1448056610904
1448056611375
1448056611881
1448056612320
1448056612825
1448056613322
1448056613802
1448056614291
1448056614813
1448056615285
1448056615749
1448056616253
1448056616742
1448056617248
1448056617736
1448056618225
1448056618730
1448056619194
1448056619691
1448056620179
1448056620660
1448056621165
1448056621654
1448056622143
1448056622647
1448056623178
1448056623649
1448056624172
1448056624652
1448056625115
1448056625629
1448056626084
1448056626590
1448056627112
1448056627584
1448056628072
1448056628577
1448056629041
1448056629563
1448056630068
1448056630549
1448056631070
1448056631559
1448056632032
1448056632561
1448056633059
1448056633530
1448056633996
1448056634502
1448056634973
1448056635479
1448056635967
1448056636456
1448056636962
1448056637450
1448056637931
1448056638435
1448056638908
1448056639388
1448056639901
1448056640374
1448056640887
1448056641384
1448056641857
1448056642378
1448056642859
1448056643347
1448056643861
1448056644333
1448056644805
1448056645327
1448056645841
1448056646304
1448056646810
1448056647306
1448056647803
1448056648309
1448056648831
1448056649328
1448056649874
1448056650380
1448056650852
1448056651382
1448056651879
1448056652334
1448056652832
1448056653396
1448056653850
1448056654373
1448056654861
1448056655317
1448056655831
1448056656310
1448056656783
1448056657313
1448056657785
1448056658282
1448056658804
1448056659285
1448056659772
1448056660288
1448056660769
1448056661240
1448056661754
1448056662250
1448056662739
1448056663245
1448056663733
1448056664206
1448056664719
1448056665199
1448056665688
