1446766358575
1446766361750
1446766363199
1446766364615
1446766366031
1446766367457
1446766368860
1446766370279
1446766371703
1446766373129
1446766374511
1446766375935
1446766377350
1446766378762
1446766380425
1446766381849
1446766383257
1446766384676
1446766386097
1446766387497
1446766388874
1446766390300
1446766391737
1446766393294
1446766394702
1446766396185
1446766397609
1446766399050
1446766400466
1446766401899
1446766403323
1446766404747
1446766406197
1446766407554
1446766408947
1446766410353
1446766411744
1446766413160
1446766414543
1446766415918
1446766417308
1446766418683
1446766420118
1446766421503
1446766422947
1446766424649
1446766426093
1446766427521
1446766429798
1446766431263
1446766432635
1446766434076
1446766435492
1446766436983
1446766438399
1446766439801
1446766441223
1446766442597
1446766444016
1446766445451
1446766447004
1446766448453
1446766449894
1446766451302
1446766452784
1446766455216
1446766456544
1446766457948
1446766459390
1446766461164
1446766462605
1446766464038
1446766465454
1446766466847
1446766468252
1446766469668
1446766471045
1446766472442
1446766473875
1446766475277
1446766476741
1446766478144
1446766479672
1446766481097
1446766482521
1446766483912
1446766485340
1446766486769
1446766488177
1446766489602
1446766490993
1446766492425
1446766493874
1446766495358
1446766496785
1446766498206
1446766499622
1446766501038
1446766502462
1446766503878
1446766505286
1446766506705
1446766508093
1446766509459
1446766510842
1446766512227
1446766513665
1446766515065
1446766516524
1446766517930
1446766519355
1446766520740
1446766522178
1446766523580
1446766524983
1446766526419
1446766527880
1446766529342
1446766530760
1446766532252
1446766533666
1446766535085
1446766536514
1446766537876
1446766539306
1446766540724
1446766543048
1446766544449
1446766545977
1446766547389
1446766548884
1446766550242
1446766551674
1446766553092
1446766554761
1446766556256
1446766557667
1446766559054
1446766560414
1446766561819
1446766563188
1446766564586
1446766565996
1446766567815
1446766569174
1446766570557
1446766571932
1446766573310
1446766574738
1446766576163
1446766577531
1446766578884
1446766580295
1446766581690
1446766583159
1446766584601
1446766586003
1446766587400
1446766588807
1446766590223
1446766591698
1446766593126
1446766594539
1446766596267
1446766597696
1446766599145
1446766600519
1446766601896
1446766603276
1446766604709
1446766606088
1446766607532
1446766609948
1446766611400
1446766612786
1446766614221
1446766615606
1446766616984
1446766618419
1446766619788
1446766621182
1446766622601
1446766623958
1446766625335
1446766626932
1446766628290
1446766629656
1446766631005
1446766632413
1446766633812
1446766635203
1446766636595
1446766637940
1446766639376
1446766640752
1446766642181
1446766643609
1446766644982
1446766646401
1446766647815
1446766649197
1446766650580
1446766651933
1446766653419
1446766654829
1446766656227
1446766657686
1446766659097
1446766660510
1446766661921
1446766663341
1446766664707
1446766666065
1446766667431
1446766668833
1446766670227
1446766671765
1446766673170
1446766674578
1446766675985
1446766677402
1446766678793
1446766680188
1446766681617
1446766682979
1446766684391
1446766685823
1446766687322
1446766688732
1446766690138
1446766691516
1446766693028
1446766694444
1446766695860
1446766697268
1446766698700
1446766700077
1446766701474
1446766702893
1446766704282
1446766705668
1446766707188
1446766708582
1446766709942
1446766711478
1446766712881
1446766714282
1446766715751
1446766717171
1446766718580
1446766720067
1446766721452
1446766722946
1446766724372
1446766725800
1446766727286
1446766728713
1446766730170
1446766731596
1446766732965
1446766734385
1446766736151
1446766737569
1446766738954
1446766740432
1446766741760
1446766743213
1446766744597
1446766745982
1446766747445
1446766748820
1446766750214
1446766751636
1446766753054
1446766754442
1446766755844
1446766757658
1446766759057
1446766760402
1446766761966
1446766763422
1446766764799
1446766766188
1446766767562
1446766768882
1446766770359
1446766771785
1446766773196
1446766774589
1446766776057
1446766777425
1446766778794
1446766780273
1446766781664
1446766783051
1446766784455
1446766785821
1446766787222
1446766788586
1446766790068
1446766791463
1446766792884
1446766794267
1446766795674
1446766797099
1446766798481
1446766799881
1446766801298
1446766802793
1446766804229
1446766805596
1446766806970
1446766808660
1446766810043
1446766811403
1446766812833
1446766814227
1446766815940
1446766817325
1446766818714
1446766820113
1446766821539
1446766822937
1446766824370
1446766825803
1446766827228
1446766828618
1446766830017
1446766831433
1446766835873
1446766837293
1446766838688
1446766840088
1446766841512
1446766842945
1446766844369
1446766845802
1446766847210
1446766848609
1446766850008
1446766851417
1446766852852
1446766854240
1446766855639
1446766857089
1446766858463
1446766859846
1446766861248
1446766862642
1446766864103
1446766865535
1446766866943
1446766868320
1446766870644
1446766872075
1446766873469
1446766874964
1446766876349
1446766878138
1446766879556
1446766880904
1446766882303
1446766883665
1446766885109
1446766886551
1446766888008
1446766889425
1446766890808
1446766892191
1446766893598
1446766894997
1446766896405
1446766897812
1446766899262
1446766900672
1446766902087
1446766903488
1446766904967
1446766906685
1446766908086
1446766909531
1446766910948
1446766912449
1446766913914
1446766916174
1446766917596
1446766918986
1446766920428
1446766921852
1446766923301
1446766925035
1446766926428
1446766927899
1446766929366
1446766930790
1446766932266
1446766933710
1446766935146
1446766936506
1446766937911
1446766939297
1446766940699
1446766942144
1446766943609
1446766945028
1446766946829
1446766948233
1446766949602
1446766951080
1446766952549
1446766954272
1446766955624
1446766957054
1446766958407
1446766959935
1446766961359
1446766962780
1446766964201
1446766965570
1446766967073
1446766968499
1446766969915
1446766971272
1446766972688
1446766974074
1446766975467
1446766976943
1446766978311
1446766979696
1446766981151
1446766982575
1446766983983
1446766985349
1446766986765
1446766988159
1446766989536
1446766990996
1446766992379
1446766993745
1446766995128
1446766996510
1446766997904
1446766999260
1446767000605
1446767002009
1446767004424
1446767005873
1446767007282
1446767008648
1446767010038
1446767011446
1446767013153
1446767014522
1446767015952
1446767017360
1446767018735
1446767020126
1446767021524
1446767022966
1446767024348
1446767025707
1446767027155
1446767028513
1446767029896
1446767031312
1446767032737
1446767034119
1446767035536
1446767036968
1446767038359
1446767039791
1446767041199
1446767042640
1446767044073
1446767045525
1446767046919
1446767048347
1446767049737
1446767051103
1446767052478
1446767053869
1446767055285
1446767056711
1446767058176
1446767059579
1446767061065
1446767062424
1446767063793
1446767065271
1446767066689
1446767068154
1446767069571
1446767070953
1446767072357
1446767073860
1446767075308
1446767076734
1446767079019
1446767080464
1446767081948
1446767083414
1446767084848
1446767086247
1446767087625
1446767089085
1446767090778
1446767092177
1446767093609
1446767095043
1446767096421
1446767098932
1446767100366
1446767101718
1446767103264
1446767104622
1446767106029
1446767107462
1446767108844
1446767110219
1446767111643
1446767113102
1446767114550
1446767116025
1446767117476
1446767118898
1446767120323
1446767121739
1446767123138
1446767124512
1446767125887
1446767127304
1446767128727
1446767130168
1446767131618
1446767133018
1446767134400
1446767136136
1446767137623
1446767139039
1446767140447
1446767141846
1446767143265
1446767144645
1446767146049
1446767147478
1446767148848
1446767150252
1446767151646
1446767154141
1446767155526
1446767156957
1446767158383
1446767159780
1446767161188
1446767162671
1446767164074
1446767165544
1446767166960
1446767168410
1446767169876
1446767171328
1446767172730
1446767174142
1446767175526
1446767176892
1446767178460
1446767179913
1446767181290
1446767183670
1446767185044
1446767186468
1446767187862
1446767189256
1446767190667
1446767192066
1446767194482
1446767195849
1446767197255
1446767198614
1446767200017
1446767201562
1446767202985
1446767204411
1446767205822
1446767207318
1446767208759
1446767210154
1446767211566
1446767213065
1446767214467
1446767215937
1446767217382
1446767218788
1446767220237
1446767221620
1446767223030
1446767225443
1446767226826
1446767228137
1446767229563
1446767231049
1446767232448
1446767233842
1446767235622
1446767237033
1446767238529
1446767239887
1446767241278
1446767243702
1446767245088
1446767246484
1446767247958
1446767249357
1446767250782
1446767252225
1446767253611
1446767255038
1446767256422
1446767257865
1446767259267
1446767260752
1446767262121
1446767263534
1446767264845
1446767266572
1446767268091
1446767269490
1446767270881
1446767272300
1446767273730
1446767275146
1446767276538
1446767277962
1446767279394
1446767280827
1446767282213
1446767283825
1446767285216
1446767286608
1446767288985
1446767290381
1446767291797
1446767293271
1446767294696
1446767296070
1446767297528
1446767298945
1446767300352
1446767301746
1446767303150
1446767304566
1446767305966
1446767307353
1446767308822
1446767310223
1446767311658
1446767313066
1446767314471
1446767315828
1446767317186
1446767318693
1446767320130
1446767321556
1446767322912
1446767324305
1446767325799
1446767327206
1446767328633
1446767330006
1446767331404
1446767332796
1446767334183
1446767335653
1446767337015
1446767338485
1446767339862
1446767341264
1446767342684
1446767344075
1446767345449
1446767346794
1446767348208
1446767349596
1446767350971
1446767352479
1446767353898
1446767355299
1446767356760
1446767358196
1446767359617
1446767361066
1446767362517
1446767363920
1446767365431
1446767366857
1446767368288
1446767369666
1446767371129
1446767372564
1446767373949
1446767375369
1446767376764
1446767378185
1446767379618
1446767381012
1446767382374
1446767383748
1446767385185
1446767386602
1446767388072
1446767389450
1446767390854
1446767392263
1446767393665
1446767395151
1446767396592
1446767398069
1446767399463
1446767401948
1446767403443
1446767404964
1446767406363
1446767407763
1446767409099
1446767410504
1446767411969
1446767413377
1446767414784
1446767416184
1446767417583
1446767418982
1446767421390
1446767422807
1446767424159
1446767425555
1446767426901
1446767428378
1446767429753
1446767431152
1446767432910
1446767434334
1446767435758
1446767437158
1446767438649
1446767440076
1446767441473
1446767442914
1446767444283
1446767445787
1446767447212
1446767448581
1446767450002
1446767451393
1446767452822
1446767454325
1446767455700
1446767457099
1446767458515
1446767459882
1446767461301
1446767463096
1446767464521
1446767465928
1446767467330
1446767468744
1446767470143
1446767471502
1446767472871
1446767474365
1446767476132
1446767477607
1446767479289
1446767480723
1446767482116
1446767483555
1446767484990
1446767486408
1446767487877
1446767489361
1446767490767
1446767492209
1446767493641
1446767495067
1446767496532
1446767497992
1446767499406
1446767500855
1446767502249
1446767503654
1446767504999
1446767506510
1446767507918
1446767509320
1446767510676
1446767512012
1446767513516
1446767514909
1446767516306
1446767517739
1446767519172
1446767520588
1446767521963
1446767523404
1446767524794
1446767526196
1446767527651
1446767529084
1446767530508
1446767531924
1446767533343
1446767534790
1446767536225
1446767537652
1446767539138
1446767540537
1446767541954
1446767543364
1446767544744
1446767546126
1446767547501
1446767551941
1446767553358
1446767554773
1446767556480
1446767557863
1446767559256
1446767560771
1446767562162
1446767563594
1446767565013
1446767566452
1446767567869
1446767569284
1446767570666
1446767572090
1446767573539
1446767574947
1446767576372
1446767577821
1446767579215
1446767580620
1446767582005
1446767583415
1446767584851
1446767586245
1446767587647
1446767589082
1446767590441
1446767591802
1446767593321
1446767594748
1446767596129
1446767597496
1446767599020
1446767600422
1446767602157
1446767603676
1446767605111
1446767606533
1446767607953
1446767609439
1446767610881
1446767612297
1446767613697
1446767615051
1446767616536
1446767617978
1446767619402
1446767620911
1446767622418
1446767623817
1446767625242
1446767626591
1446767627940
1446767629309
1446767630695
1446767632130
1446767633531
1446767634879
1446767636228
1446767637603
1446767639027
1446767640412
1446767641790
1446767643260
1446767644971
1446767646456
1446767647924
1446767649323
1446767650739
1446767652196
1446767653665
1446767655084
1446767656560
1446767657961
1446767659319
1446767660713
1446767662167
1446767663575
1446767665032
1446767666443
1446767667899
1446767669341
1446767670755
1446767672205
1446767673654
1446767675070
1446767676519
1446767677952
1446767679359
1446767680754
1446767682130
1446767683657
1446767685057
1446767686473
1446767687932
1446767689338
1446767690713
1446767692079
1446767693461
1446767694886
1446767696328
1446767697777
1446767699270
1446767700714
1446767702174
1446767703608
1446767704982
1446767707267
1446767708671
1446767710115
1446767711517
1446767712946
1446767714328
1446767715718
1446767717062
1446767718439
1446767719917
1446767721416
1446767722940
1446767724364
1446767725797
1446767727239
1446767728681
1446767730121
1446767731528
1446767732922
1446767734328
1446767736059
1446767737525
1446767738917
1446767740337
1446767741898
1446767743284
1446767744669
1446767746163
1446767747596
1446767749054
1446767750445
1446767751847
1446767753215
1446767754959
1446767756450
1446767757876
1446767759332
1446767760783
1446767762198
1446767763717
1446767765205
1446767766621
1446767767995
1446767769370
1446767771144
1446767772527
1446767773970
1446767775392
1446767776794
1446767778180
1446767779648
1446767781023
1446767782456
1446767783891
1446767785305
1446767786716
1446767788245
1446767789627
1446767791043
1446767792443
1446767793820
1446767795213
1446767796699
1446767798150
1446767799576
1446767801031
1446767802455
1446767803888
1446767805262
1446767806678
1446767808103
1446767809510
1446767810935
