1446763135135
1446763136593
1446763137044
1446763137378
1446763137737
1446763138062
1446763138430
1446763138780
1446763139139
1446763139474
1446763139935
1446763140269
1446763140636
1446763140979
1446763141313
1446763141681
1446763142056
1446763142398
1446763142816
1446763143158
1446763143508
1446763143868
1446763144201
1446763144568
1446763144927
1446763145286
1446763145636
1446763145970
1446763146320
1446763146704
1446763147054
1446763147430
1446763147823
1446763148156
1446763148531
1446763148881
1446763149240
1446763149574
1446763149916
1446763150250
1446763150601
1446763150910
1446763151270
1446763152029
1446763152379
1446763152738
1446763153072
1446763153415
1446763153765
1446763154108
1446763154433
1446763154793
1446763155160
1446763155688
1446763156047
1446763156373
1446763156731
1446763157082
1446763157399
1446763157741
1446763158152
1446763158485
1446763158819
1446763159161
1446763159495
1446763159821
1446763160164
1446763160490
1446763160943
1446763161309
1446763161651
1446763161977
1446763162336
1446763162662
1446763162996
1446763163330
1446763163672
1446763164073
1446763164407
1446763164758
1446763165075
1446763165543
1446763165860
1446763166203
1446763166554
1446763166913
1446763167322
1446763167648
1446763167998
1446763168339
1446763168990
1446763169324
1446763169666
1446763169983
1446763170326
1446763170660
1446763171100
1446763171429
1446763171772
1446763172114
1446763172457
