1446763389416
1446763392494
1446763393925
1446763395366
1446763396824
1446763398215
1446763399609
1446763401075
1446763402454
1446763403854
1446763405246
1446763406677
1446763408038
1446763409443
1446763411076
1446763412502
1446763413933
1446763415349
1446763416816
1446763418324
1446763419772
1446763421213
1446763422921
1446763424378
1446763425796
1446763427256
1446763428685
1446763430109
1446763431587
1446763433050
1446763434474
1446763435890
1446763437314
1446763438714
1446763440138
1446763441538
1446763442909
1446763444286
1446763445669
1446763447060
1446763448434
1446763450192
1446763451603
1446763453032
1446763454398
1446763455793
1446763457202
1446763458646
1446763460113
1446763461540
1446763462917
1446763464368
1446763465811
1446763467243
1446763468650
1446763470044
1446763471392
1446763472774
1446763474223
1446763475622
1446763477039
1446763478473
1446763479871
1446763481303
1446763482736
1446763484193
1446763486576
1446763488025
1446763489474
1446763490884
1446763492390
1446763493798
1446763495230
1446763497629
1446763499054
1446763500478
1446763501936
1446763503385
1446763504795
1446763506209
1446763507625
1446763509043
1446763510432
1446763511806
1446763513214
1446763514613
1446763516029
1446763517445
1446763518820
1446763520236
1446763521656
1446763523077
1446763524521
1446763525958
1446763527408
1446763528883
1446763530315
1446763531834
1446763533272
1446763534699
1446763536120
1446763537553
1446763538919
1446763540288
1446763541776
1446763543220
1446763544633
1446763546002
1446763547424
1446763548815
1446763550206
1446763551608
1446763553005
1446763554398
1446763555778
1446763557163
1446763558536
1446763559890
1446763561302
1446763562646
1446763564115
1446763565526
1446763567008
1446763568498
1446763569930
1446763571332
1446763572802
1446763574203
1446763575620
1446763577031
1446763578436
1446763579805
1446763581335
1446763582761
1446763587181
1446763588597
1446763589988
1446763591357
1446763592787
1446763594145
1446763595530
1446763596977
1446763598326
1446763599684
1446763601061
1446763602507
1446763603924
1446763605274
1446763606695
1446763608464
1446763609800
1446763611322
1446763612711
1446763614180
1446763615642
1446763617043
1446763618428
1446763619776
1446763621154
1446763622674
1446763624067
1446763625469
1446763626955
1446763628349
1446763629713
1446763631112
1446763632497
1446763633866
1446763635326
1446763636717
1446763638134
1446763639516
1446763640916
1446763642336
1446763643756
1446763645164
1446763646601
1446763648038
1446763649437
1446763650803
1446763652170
1446763653518
1446763654884
1446763656242
1446763657667
1446763659041
1446763660441
1446763661794
1446763663506
1446763664880
1446763666232
1446763667620
1446763668989
1446763670361
1446763671819
1446763673226
1446763674626
1446763676009
1446763677408
1446763678800
1446763680182
1446763681640
1446763684958
1446763686359
1446763687812
1446763689219
1446763690686
1446763692106
1446763693534
1446763694900
1446763696299
1446763697674
1446763699073
1446763700473
1446763701856
1446763703291
1446763704646
1446763706037
1446763707489
1446763708871
1446763710310
1446763711745
1446763713176
1446763714584
1446763715983
1446763717500
1446763718907
1446763727386
1446763728796
1446763731104
1446763732574
1446763733975
1446763735407
1446763736859
1446763738223
1446763739624
1446763742021
1446763743414
1446763744808
1446763746293
1446763747793
1446763749160
1446763750609
1446763752052
1446763753466
1446763754899
1446763756342
1446763757937
1446763759331
1446763760738
1446763762116
1446763763561
1446763765003
1446763766503
1446763767889
1446763769318
1446763770688
1446763772142
1446763773549
1446763774966
1446763776372
1446763777764
1446763779172
1446763780566
1446763782045
1446763783462
1446763784880
1446763786257
1446763787726
1446763789125
1446763790491
1446763792015
1446763793408
1446763794825
1446763796214
1446763797674
1446763799084
1446763800504
1446763801895
1446763803248
1446763804702
1446763806096
1446763807514
1446763808958
1446763810377
1446763811783
1446763813144
1446763814590
1446763815942
1446763817314
1446763818691
1446763820096
1446763821462
1446763822877
1446763824235
1446763825617
1446763827070
1446763828441
1446763829833
1446763831207
1446763832723
1446763834123
1446763835588
1446763836972
1446763838390
1446763839786
1446763841144
1446763842602
1446763844009
1446763845443
1446763846838
1446763848633
1446763849994
1446763851422
1446763853147
1446763854549
1446763855946
1446763857337
1446763858674
1446763860103
1446763861494
1446763862905
1446763864367
1446763865791
1446763867277
1446763868632
1446763870031
1446763871415
1446763872805
1446763874213
1446763875587
1446763876978
1446763878427
1446763879860
1446763881310
1446763882709
1446763884108
1446763885533
1446763886984
1446763888415
1446763889881
1446763891234
1446763892764
1446763894130
1446763895561
1446763896937
1446763898369
1446763899672
1446763901126
1446763902550
1446763903994
1446763905399
1446763906798
1446763908198
1446763909581
1446763910955
1446763912391
1446763913763
1446763915178
1446763916571
1446763917990
1446763919450
1446763920836
1446763922242
1446763923683
1446763925107
1446763926540
1446763927998
1446763929397
1446763930879
1446763932371
1446763933786
1446763935219
1446763936628
1446763938093
1446763939475
1446763940850
1446763942242
1446763943640
1446763945031
1446763946447
1446763947872
1446763949238
1446763950640
1446763952089
1446763953544
1446763955027
1446763956494
1446763957942
1446763959336
1446763960708
1446763962152
1446763963632
1446763965048
1446763966464
1446763967934
1446763969446
1446763970862
1446763972281
1446763973711
1446763975146
1446763976559
1446763977958
1446763979358
1446763980757
1446763982307
1446763983706
1446763985072
1446763986455
1446763987808
1446763989270
1446763991539
1446763993066
1446763994501
1446763996779
1446763998247
1446763999700
1446764001090
1446764002592
1446764003980
1446764005405
1446764006855
1446764008271
1446764009695
1446764011052
1446764013484
1446764014900
1446764016317
1446764017712
1446764019174
1446764020573
1446764021972
1446764023714
1446764025138
1446764026504
1446764027964
1446764029341
1446764030745
1446764032169
1446764033570
1446764034968
1446764036358
1446764037799
1446764039166
1446764040556
1446764041939
1446764043363
1446764044740
1446764046188
1446764047570
1446764048985
1446764050346
1446764051710
1446764053100
1446764054500
1446764055892
1446764057266
1446764058665
1446764060050
1446764061802
1446764063320
1446764064770
1446764066153
1446764067561
1446764068938
1446764070368
1446764071775
1446764073261
1446764074638
1446764076049
1446764077516
1446764078967
1446764080388
1446764081813
1446764083273
1446764084659
1446764086079
1446764088364
1446764089794
1446764091193
1446764092592
1446764093953
1446764095407
1446764096831
1446764098305
1446764099714
1446764101137
1446764102582
1446764103966
1446764106297
1446764108571
1446764110031
1446764111459
1446764112932
1446764114349
1446764115781
1446764117173
1446764118563
1446764119996
1446764121404
1446764122779
1446764124202
1446764125629
1446764127027
1446764128500
1446764129901
1446764131291
1446764132735
1446764134148
1446764135572
1446764137014
1446764138547
1446764139908
1446764141312
1446764142783
1446764144236
1446764145627
1446764147059
1446764148477
1446764149991
1446764151482
1446764152910
1446764154364
1446764155813
1446764157204
1446764158679
1446764160112
1446764161523
1446764163025
1446764164476
1446764165862
1446764167258
1446764168633
1446764170040
1446764171523
1446764172923
1446764174293
1446764175730
1446764177253
1446764178653
1446764180053
1446764181444
1446764182861
1446764184243
1446764185571
1446764187025
1446764188482
1446764189898
1446764191298
1446764192714
1446764194141
1446764195512
1446764197238
1446764198686
1446764200119
1446764201585
1446764203054
1446764204439
1446764205908
1446764208219
1446764209665
1446764211083
1446764212481
1446764213949
1446764215359
1446764216796
1446764218303
1446764219723
1446764221192
1446764222601
1446764223978
1446764225363
1446764226800
1446764228281
1446764230006
1446764231430
1446764232849
1446764234242
1446764235670
1446764237111
1446764238552
1446764239952
1446764241351
1446764242779
1446764244192
1446764245583
1446764248039
1446764249398
1446764250763
1446764252249
1446764253688
1446764255070
1446764256447
1446764257951
1446764259351
1446764260687
1446764262116
1446764263800
1446764265232
1446764266609
1446764268019
1446764269448
1446764270874
1446764272272
1446764274719
1446764276096
1446764277570
1446764278977
1446764281384
1446764282766
1446764284173
1446764285581
1446764287014
1446764288538
1446764289988
1446764291428
1446764292887
1446764294302
1446764295710
1446764297093
1446764298475
1446764299875
1446764301299
1446764302711
1446764304165
1446764305531
1446764306922
1446764308300
1446764309779
1446764311195
1446764312586
1446764314077
1446764315543
1446764316984
1446764318442
1446764319891
1446764321283
1446764322731
1446764324147
1446764325572
1446764326996
1446764328479
1446764329920
1446764331311
1446764332761
1446764334185
1446764335593
1446764336968
1446764338370
1446764339840
1446764341240
1446764342606
1446764343989
1446764345388
1446764346790
1446764348212
1446764349606
1446764350977
1446764352413
1446764353826
1446764355209
1446764356625
1446764358125
1446764359508
1446764360923
1446764362348
1446764363763
1446764365188
1446764366637
1446764368106
1446764369861
1446764371343
1446764372810
1446764374213
1446764375658
1446764377082
1446764378565
1446764379950
1446764381365
1446764383147
1446764384512
1446764385953
1446764387328
1446764388711
1446764390185
1446764391634
1446764393135
1446764394550
1446764396000
1446764397399
1446764398790
1446764400239
1446764401638
1446764403046
1446764404462
1446764405870
1446764407302
1446764408777
1446764410201
1446764411592
1446764413025
1446764414424
1446764415815
1446764417515
1446764418922
1446764420347
1446764421715
1446764423105
1446764424520
1446764425928
1446764427335
1446764428826
1446764430242
1446764431700
1446764433149
1446764434615
1446764436031
1446764437483
1446764438972
1446764440421
1446764441863
1446764443304
1446764444719
1446764446144
1446764447626
1446764449042
1446764450461
1446764451841
1446764453225
1446764454615
1446764455983
1446764457348
1446764458813
1446764460190
1446764461571
1446764463103
1446764464527
1446764465935
1446764467360
1446764468834
1446764470259
1446764471691
1446764473141
1446764474884
1446764476314
1446764477788
1446764479212
1446764480679
1446764482094
1446764483544
1446764484968
1446764486359
1446764487767
1446764489159
1446764490574
1446764491948
1446764493302
1446764494764
1446764496197
1446764497639
1446764499087
1446764500470
1446764501886
1446764503664
1446764505085
1446764506475
1446764507927
1446764509308
1446764510682
1446764512084
1446764513540
1446764514966
1446764516371
1446764517822
1446764519281
1446764520686
1446764522077
1446764523455
1446764524834
1446764526267
1446764527758
1446764529165
1446764530556
1446764532322
1446764533772
1446764535174
1446764536592
1446764538128
1446764539594
1446764540993
1446764542393
1446764543792
1446764545192
1446764546608
1446764548033
1446764550334
1446764551744
1446764553171
1446764554571
1446764555948
1446764557320
1446764558779
1446764560169
1446764561551
1446764562984
1446764564391
1446764565802
1446764567141
1446764568536
1446764570006
1446764571413
1446764572940
1446764574420
1446764575839
1446764577277
1446764578695
1446764580104
1446764581484
1446764582842
1446764584216
1446764585624
1446764587040
1446764588475
1446764589872
1446764591249
1446764592613
1446764594062
1446764595456
1446764596860
1446764598253
1446764599614
1446764601134
1446764602542
1446764604007
1446764605457
1446764606864
1446764608339
1446764609763
1446764611171
1446764612545
1446764613947
1446764615327
1446764616705
1446764618195
1446764619614
1446764621143
1446764622566
1446764623958
1446764625356
1446764626758
1446764628163
1446764629596
1446764631012
1446764632429
1446764633861
1446764635235
1446764636651
1446764638086
1446764639483
1446764640877
1446764642307
1446764643760
1446764645178
1446764646680
1446764648130
1446764649531
1446764650970
1446764652411
1446764653798
1446764655293
1446764656685
1446764658117
1446764659508
1446764660874
1446764662248
1446764663624
1446764665892
1446764667329
1446764668704
1446764670120
1446764671503
1446764672902
1446764674301
1446764675692
1446764677086
1446764678630
1446764680139
1446764681591
1446764683041
1446764684480
1446764685882
1446764687262
1446764689020
1446764691460
1446764692877
1446764694304
1446764695726
1446764697087
1446764698533
1446764700282
1446764701689
1446764703105
1446764704530
1446764705937
1446764707337
1446764708753
1446764710186
1446764711588
1446764713175
1446764714593
1446764716333
1446764717765
1446764719191
1446764720600
1446764722019
1446764723513
1446764724907
1446764726385
1446764727771
1446764729177
1446764730568
1446764731971
1446764733400
1446764734791
1446764736499
1446764738001
1446764739436
1446764740922
1446764742338
1446764743751
1446764745220
1446764746604
1446764747962
1446764749323
1446764750783
1446764752217
1446764753602
1446764754982
1446764756432
1446764757860
1446764759361
1446764760838
1446764762222
1446764763670
1446764765095
1446764766511
1446764767910
1446764769334
1446764770767
1446764772236
1446764773679
1446764775066
1446764776506
1446764777916
1446764779381
1446764780788
1446764782220
1446764783636
1446764785062
1446764786464
1446764787968
1446764789384
1446764790800
1446764792216
1446764793715
1446764796051
1446764797472
1446764798933
1446764800354
1446764801796
1446764803313
1446764804710
1446764806126
1446764807526
1446764808934
1446764810344
1446764811758
1446764813160
1446764814648
1446764816025
1446764817406
1446764818876
1446764820313
1446764821691
1446764823086
1446764824523
1446764825919
1446764827271
1446764828667
1446764830058
1446764831457
1446764832815
1446764834222
1446764835647
1446764837046
1446764838454
1446764839878
1446764841303
1446764842769
1446764844260
1446764846034
