1446759239671
1446759241120
1446759241487
1446759241880
1446759242198
1446759242532
1446759242868
1446759243219
1446759243569
1446759243911
1446759244313
1446759244655
1446759244997
1446759245323
1446759245683
1446759246033
1446759246392
1446759246726
1446759247077
1446759247486
1446759247829
1446759248179
1446759248522
1446759248872
1446759249206
1446759249581
1446759249941
1446759250291
1446759250642
1446759251102
1446759251444
1446759251786
1446759252137
1446759252471
1446759252813
1446759253172
1446759253540
1446759253890
1446759254317
1446759254659
1446759254993
1446759255352
1446759255686
1446759256033
1446759256393
1446759256718
1446759257101
1446759257477
1446759257828
1446759258183
1446759258558
1446759258901
1446759259310
1446759259669
1446759260040
1446759260391
1446759260741
1446759261091
1446759261450
1446759261817
1446759262168
1446759262534
1446759262893
1446759263244
1446759263611
1446759264056
1446759264423
1446759264780
1446759265164
1446759265531
1446759265907
1446759266279
1446759266637
1446759267005
1446759267380
1446759267730
1446759268098
1446759268448
1446759268937
1446759269344
1446759269720
1446759270062
1446759270437
1446759270814
1446759271206
1446759271549
1446759271940
1446759272315
1446759272690
1446759273069
1446759273445
1446759273846
1446759274243
1446759274584
1446759274960
1446759275327
1446759275693
1446759276051
1446759276436
1446759276793
1446759277159
