1446757524296
1446757526714
1446757528165
1446757529567
1446757531021
1446757532445
1446757533867
1446757535285
1446757536811
1446757538216
1446757539641
1446757541023
1446757542431
1446757543848
1446757545439
1446757546879
1446757548338
1446757549786
1446757551331
1446757552818
1446757554234
1446757555667
1446757557191
1446757558616
1446757560926
1446757562332
1446757563705
1446757565108
1446757566538
1446757567940
1446757569336
1446757570769
1446757572210
1446757573601
1446757575100
1446757576518
1446757577921
1446757579364
1446757580797
1446757582230
1446757583704
1446757585104
1446757586562
1446757588003
1446757589427
1446757590910
1446757592351
1446757593733
1446757595157
1446757596667
1446757598271
1446757599747
1446757601188
1446757602621
1446757604079
1446757605520
1446757606953
1446757608360
1446757609784
1446757611136
1446757612533
1446757613958
1446757615382
1446757616798
1446757618233
1446757619593
1446757621321
1446757622738
1446757624148
1446757625536
1446757626993
1446757628417
1446757629834
1446757631367
1446757632774
1446757634173
1446757635583
1446757636986
1446757638413
1446757639805
1446757641204
1446757642648
1446757647076
1446757648509
1446757649933
1446757651408
1446757652857
1446757654251
1446757655647
1446757657042
1446757658506
1446757659962
1446757661348
1446757662761
1446757664211
1446757665680
1446757667126
1446757668567
1446757670024
1446757671468
1446757672844
1446757674248
1446757675638
1446757677138
1446757678563
1446757680011
1446757681405
1446757682843
1446757684268
1446757685678
1446757687080
1446757688508
1446757689907
1446757691332
1446757692764
1446757694214
1446757695646
1446757697046
1446757698465
1446757699962
1446757701344
1446757702776
1446757704151
1446757705567
1446757707083
1446757708507
1446757709901
1446757711399
1446757712833
1446757714235
1446757715663
1446757717071
1446757718488
1446757719902
1446757722468
1446757723836
1446757725250
1446757726651
1446757728020
1446757729448
1446757730922
1446757732388
1446757733812
1446757735197
1446757736649
1446757738095
1446757739472
1446757740865
1446757742425
1446757743850
1446757745252
1446757746682
1446757748115
1446757750514
1446757752038
1446757753487
1446757754887
1446757756312
1446757757733
1446757759165
1446757760633
1446757768958
1446757770428
1446757771921
1446757773339
1446757774834
1446757776253
1446757777711
1446757779126
1446757780550
1446757781970
1446757783371
1446757784807
1446757786248
1446757787622
1446757789080
1446757790523
1446757792111
1446757793545
1446757795030
1446757796477
1446757797942
1446757799336
1446757800822
1446757802250
1446757803659
1446757805081
1446757806580
1446757807989
1446757809388
1446757810812
1446757812236
1446757813646
1446757815085
1446757816518
1446757817978
1446757819371
1446757820840
1446757822209
1446757823894
1446757825306
1446757826666
1446757828101
1446757829545
1446757831012
1446757832445
1446757833885
1446757835304
1446757836709
1446757838176
1446757839617
1446757841918
1446757843328
1446757844772
1446757846171
1446757847637
1446757849103
1446757850562
1446757852011
1446757853502
1446757854967
1446757856409
1446757857908
1446757859332
1446757860756
1446757862181
1446757863622
1446757865046
1446757866481
1446757867962
1446757872430
1446757873902
1446757875370
1446757876783
1446757878143
1446757880434
1446757881791
1446757883226
1446757884623
1446757885956
1446757887412
1446757888844
1446757890229
1446757891645
1446757893078
1446757894435
1446757895909
1446757897390
1446757898785
1446757900181
1446757901572
1446757904006
1446757905323
1446757906723
1446757908186
1446757909646
1446757911158
1446757912676
1446757915043
1446757916434
1446757917882
1446757919266
1446757920633
1446757922123
1446757923489
1446757924832
1446757926221
1446757928503
1446757929961
1446757931437
1446757932826
1446757934227
1446757935666
1446757937050
1446757938439
1446757939873
1446757941348
1446757942864
1446757944336
1446757945770
1446757947252
1446757948678
1446757950036
1446757951500
1446757953000
1446757954392
1446757955802
1446757957240
1446757958701
1446757960081
1446757961381
1446757962795
1446757964227
1446757965702
1446757967203
1446757968652
1446757970062
1446757971535
1446757972992
1446757974449
1446757976092
1446757977565
1446757978922
1446757980362
1446757981846
1446757983313
1446757984761
1446757986145
1446757987619
1446757989070
1446757990451
1446757991975
1446757993407
1446757994916
1446757996371
1446757997747
1446757999233
1446758001044
1446758002445
1446758003877
1446758005308
1446758006638
1446758008069
1446758009543
1446758010959
1446758012389
1446758013821
1446758015274
1446758016663
1446758018064
1446758020372
1446758021790
1446758023251
1446758024646
1446758026018
1446758027410
1446758028833
1446758030257
1446758031623
1446758033064
1446758034415
1446758035840
1446758037231
1446758038762
1446758040260
1446758041702
1446758043110
1446758044593
1446758045985
1446758047376
1446758048792
1446758050159
1446758051591
1446758052964
1446758054447
1446758055832
1446758057338
1446758058721
1446758060146
1446758061562
1446758062978
1446758064421
1446758065851
1446758067374
1446758068841
1446758070288
1446758071715
1446758073233
1446758074780
1446758076179
1446758077590
1446758080034
1446758081443
1446758082868
1446758084367
1446758085808
1446758087343
1446758088701
1446758090048
1446758091523
1446758093023
1446758094552
1446758096043
1446758097613
1446758099114
1446758100584
1446758102134
1446758103618
1446758105078
1446758106561
1446758108098
1446758109565
1446758111054
1446758112465
1446758113830
1446758115238
1446758116677
1446758118111
1446758119478
1446758120877
1446758122384
1446758123834
1446758125322
1446758126666
1446758128132
1446758129567
1446758131080
1446758132588
1446758134061
1446758135477
1446758136920
1446758138405
1446758139950
1446758141302
1446758142776
1446758144227
1446758145723
1446758147172
1446758148621
1446758152972
1446758154432
1446758155853
1446758157379
1446758158830
1446758160357
1446758161843
1446758163284
1446758164785
1446758166224
1446758167780
1446758169163
1446758170555
1446758171991
1446758173395
1446758175061
1446758176536
1446758178000
1446758179458
1446758180875
1446758182356
1446758183791
1446758185174
1446758186508
1446758188062
1446758189396
1446758190821
1446758192246
1446758193668
1446758195134
1446758196578
1446758197978
1446758199335
1446758200770
1446758202209
1446758203719
1446758205262
1446758206711
1446758208089
1446758209488
1446758210997
1446758212431
1446758213933
1446758215310
1446758216709
1446758218191
1446758219625
1446758220975
1446758222501
1446758223970
1446758225411
1446758226878
1446758228246
1446758229669
1446758231054
1446758232426
1446758233852
1446758235225
1446758236633
1446758238484
1446758239874
1446758241364
1446758242756
1446758244156
1446758245555
1446758246930
1446758248353
1446758249770
1446758251303
1446758252835
1446758254284
1446758255756
1446758257182
1446758258657
1446758260049
1446758261530
1446758262905
1446758264381
1446758265830
1446758267321
1446758268662
1446758270144
1446758271651
1446758273183
1446758274650
1446758276074
1446758277425
1446758278855
1446758280272
1446758281664
1446758283155
1446758284627
1446758286095
1446758287487
1446758288978
1446758290436
1446758291844
1446758293273
1446758294699
1446758296075
1446758297544
1446758299005
1446758300398
1446758301814
1446758303287
1446758304704
1446758306226
1446758307702
1446758309109
1446758310525
1446758311942
1446758313407
1446758314823
1446758316246
1446758317809
1446758319360
1446758320756
1446758322164
1446758323619
1446758339948
1446758341371
1446758342832
1446758344262
1446758345684
1446758347149
1446758348667
1446758350167
1446758351567
1446758353934
1446758355331
1446758356830
1446758358329
1446758359787
1446758361245
1446758362751
1446758364137
1446758365535
1446758366885
1446758368324
1446758369766
1446758371201
1446758372601
1446758374130
1446758375604
1446758376980
1446758378438
1446758379779
1446758381227
1446758382653
1446758384061
1446758385411
1446758386818
1446758388242
1446758389650
1446758391040
1446758392506
1446758393972
1446758395356
1446758396738
1446758398187
1446758399612
1446758401053
1446758402528
1446758403977
1446758405375
1446758406750
1446758408217
1446758409658
1446758411091
1446758412579
1446758414111
1446758415497
1446758416880
1446758418336
1446758419804
1446758421253
1446758422652
1446758424125
1446758425574
1446758427050
1446758428536
1446758429963
1446758431398
1446758432873
1446758434282
1446758435714
1446758437104
1446758438528
1446758439836
1446758441604
1446758443066
1446758444449
1446758446800
1446758448241
1446758449690
1446758451129
1446758452588
1446758454019
1446758455486
1446758456929
1446758458336
1446758459725
1446758461150
1446758462536
1446758463917
1446758465293
1446758466733
1446758468222
1446758469673
1446758471096
1446758472497
1446758473947
1446758475399
1446758476828
1446758478285
1446758479718
1446758481134
1446758482468
1446758483933
1446758485406
1446758486814
1446758488247
1446758489721
1446758491205
1446758492653
1446758494151
1446758495520
1446758496985
1446758498530
1446758499910
1446758501301
1446758502684
1446758504117
1446758505474
1446758506950
1446758508396
1446758509894
1446758511320
1446758512837
1446758514244
1446758515586
1446758518011
1446758519319
1446758520676
1446758522018
1446758523478
1446758524876
1446758526264
1446758527647
1446758529129
1446758530579
1446758531970
1446758533354
1446758534801
1446758536286
1446758537750
1446758539233
1446758540725
1446758542273
1446758543674
1446758545156
1446758546603
1446758548079
1446758549504
1446758550919
1446758552335
1446758553810
1446758555211
1446758556552
1446758558115
1446758559559
1446758560983
1446758562443
1446758563954
1446758565354
1446758566689
1446758568088
1446758569421
1446758570779
1446758572225
1446758573701
1446758575035
1446758576429
1446758577882
1446758579242
1446758580736
1446758582238
1446758583746
1446758585197
1446758586620
1446758588070
1446758589479
1446758590984
1446758592443
1446758593934
1446758595401
1446758596916
1446758601422
1446758602895
1446758604344
1446758605705
1446758608072
1446758609742
1446758611228
1446758612700
1446758614125
1446758615592
1446758617032
1446758618604
1446758619972
1446758621448
1446758622849
1446758624204
1446758625678
1446758627087
1446758628603
1446758630043
1446758631517
1446758632957
1446758634384
1446758635857
1446758637313
1446758638779
1446758640205
1446758641619
1446758643060
1446758644511
1446758645992
1446758647434
1446758648861
1446758650218
1446758651592
1446758653057
1446758654432
1446758655872
1446758657346
1446758658738
1446758660120
1446758661528
1446758662963
1446758664435
1446758665795
1446758667259
1446758668711
1446758670125
1446758671541
1446758672932
1446758674477
1446758675997
1446758677454
1446758678856
1446758680197
1446758681547
1446758683035
1446758684494
1446758685934
1446758687268
1446758688633
1446758690034
1446758691491
1446758692842
1446758694241
1446758695662
1446758697054
1446758698548
1446758699978
1446758701486
1446758703219
1446758704545
1446758705844
1446758707216
1446758708691
1446758710125
1446758711567
1446758712974
1446758714373
1446758715707
1446758717230
1446758718555
1446758719996
1446758721412
1446758722712
1446758724078
1446758725602
1446758726977
1446758728302
1446758729642
1446758731107
1446758732458
1446758733906
1446758736289
1446758737688
1446758739171
1446758740667
1446758742045
1446758743434
1446758744911
1446758746293
1446758747716
1446758749192
1446758750689
1446758752130
1446758753580
1446758754991
1446758756453
1446758757887
1446758759312
1446758760685
1446758762051
1446758763534
1446758764949
1446758766334
1446758767765
1446758769581
1446758771000
1446758772440
1446758773900
1446758775386
1446758776818
1446758778345
1446758779793
1446758781234
1446758782660
1446758784144
1446758785500
1446758786974
1446758788457
1446758790867
1446758792306
1446758793778
1446758795181
1446758796639
1446758798037
1446758799470
1446758800787
1446758802176
1446758803734
1446758805177
1446758806600
1446758808118
1446758809523
1446758810964
1446758812432
1446758813925
1446758815370
1446758816819
1446758818344
1446758819817
1446758821253
1446758822731
1446758824215
1446758825576
1446758827001
1446758828448
1446758829916
1446758831452
1446758832952
1446758834354
1446758835847
1446758837341
1446758838794
1446758840308
1446758841758
1446758843207
1446758844657
1446758846090
1446758847473
1446758848799
1446758850253
1446758851630
1446758853054
1446758854551
1446758856001
1446758857416
1446758858935
1446758860349
1446758861798
1446758863240
1446758864649
1446758866074
1446758868414
1446758869789
1446758871253
1446758872677
1446758874177
1446758875668
1446758877142
1446758878634
1446758880060
1446758881489
1446758883257
1446758884748
1446758886115
1446758887620
1446758889053
1446758890494
1446758891977
1446758894425
1446758895859
1446758897317
1446758898750
1446758901084
1446758902539
1446758904001
1446758905561
1446758906856
1446758908222
1446758909621
1446758911077
1446758912485
1446758913969
1446758915424
1446758916849
1446758918249
1446758919740
1446758921141
1446758922490
1446758923881
1446758925346
1446758926769
1446758928226
1446758929604
1446758931101
1446758933470
1446758934842
1446758936226
1446758937675
1446758939191
1446758940664
1446758942097
1446758943513
1446758944864
1446758946247
1446758947764
1446758949302
1446758950686
1446758952101
1446758953683
1446758955132
1446758956550
1446758957965
1446758959324
1446758960723
1446758962163
1446758963622
1446758965063
1446758966552
1446758968018
1446758969541
1446758974150
1446758975630
1446758977063
1446758978463
1446758979945
1446758981314
1446758982605
1446758983979
1446758985372
1446758986822
1446758988236
1446758989717
1446758991175
1446758992633
1446758994099
1446758995548
1446758997017
1446758998586
1446758999965
1446759001274
1446759002763
1446759004256
1446759005735
1446759007095
1446759008508
1446759009949
1446759011450
1446759012841
1446759014326
1446759015707
1446759017130
1446759018556
1446759019940
