1446762673656
1446762675136
1446762675461
1446762675796
1446762676146
1446762676496
1446762676897
1446762677222
1446762677573
1446762677933
1446762678250
1446762678584
1446762678927
1446762679277
1446762679670
1446762679988
1446762680322
1446762680639
1446762680982
1446762681324
1446762681658
1446762681992
1446762682360
1446762682752
1446762683086
1446762683421
1446762683754
1446762684089
1446762684440
1446762684824
1446762685175
1446762685534
1446762685883
1446762686277
1446762686610
1446762686944
1446762687261
1446762687587
1446762687921
1446762688255
1446762688572
1446762688922
1446762689298
1446762689801
1446762690127
1446762690461
1446762690786
1446762691120
1446762691438
1446762691797
1446762692183
1446762692507
1446762692833
1446762693467
1446762693801
1446762694135
1446762694477
1446762694795
1446762695137
1446762695487
1446762695889
1446762696273
1446762696599
1446762696933
1446762697267
1446762697601
1446762697927
1446762698261
1446762698611
1446762699029
1446762699371
1446762699739
1446762700081
1446762700415
1446762700732
1446762701083
1446762701417
1446762701751
1446762702186
1446762702529
1446762702838
1446762703180
1446762703506
1446762703840
1446762704166
1446762704604
1446762704938
1446762705272
1446762705606
1446762705923
1446762706282
1446762706667
1446762707009
1446762707335
1446762707652
1446762707977
1446762708328
1446762708678
1446762709037
1446762709379
1446762709705
