1446759075181
1446759076949
1446759077413
1446759077743
1446759078077
1446759078419
1446759078863
1446759079197
1446759079531
1446759079881
1446759080283
1446759080625
1446759080951
1446759081268
1446759081611
1446759081945
1446759082287
1446759082596
1446759082947
1446759083340
1446759083708
1446759084042
1446759084384
1446759084702
1446759085036
1446759085353
1446759085704
1446759086113
1446759086448
1446759086807
1446759087132
1446759087475
1446759087809
1446759088175
1446759088542
1446759088910
1446759089286
1446759089687
1446759090013
1446759090355
1446759090689
1446759091032
1446759091382
1446759091716
1446759092050
1446759092384
1446759092794
1446759093153
1446759093521
1446759093863
1446759094222
1446759094572
1446759094915
1446759095240
1446759095617
1446759095992
1446759096393
1446759096743
1446759097077
1446759097394
1446759097728
1446759098038
1446759098388
1446759098714
1446759099040
1446759099431
1446759099758
1446759100108
1446759100451
1446759100793
1446759101160
1446759101494
1446759101828
1446759102162
1446759102522
1446759102931
1446759103240
1446759103567
1446759103901
1446759104226
1446759104577
1446759104886
1446759105220
1446759105606
1446759105932
1446759106240
1446759106600
1446759106917
1446759107251
1446759107585
1446759107953
1446759108362
1446759108746
1446759109089
1446759109414
1446759109757
1446759110099
1446759110425
1446759110759
1446759111101
1446759111494
