1446754482814
1446754485197
1446754486760
1446754488178
1446754489619
1446754491060
1446754492545
1446754494018
1446754495451
1446754497032
1446754498515
1446754499906
1446754501322
1446754502755
1446754504470
1446754505873
1446754507378
1446754508802
1446754510593
1446754512026
1446754513433
1446754514866
1446754516439
1446754517865
1446754519294
1446754520731
1446754522113
1446754523516
1446754524909
1446754526387
1446754527780
1446754529168
1446754530621
1446754532039
1446754533483
1446754534940
1446754536534
1446754538939
1446754540380
1446754541887
1446754543345
1446754544753
1446754546219
1446754547651
1446754549076
1446754550542
1446754551933
1446754553357
1446754554808
1446754556248
1446754557697
1446754559190
1446754560690
1446754562224
1446754563669
1446754565162
1446754566584
1446754568009
1446754570483
1446754571941
1446754573384
1446754574789
1446754576200
1446754577635
1446754579088
1446754580449
1446754581840
1446754583318
1446754584702
1446754586093
1446754587537
1446754588990
1446754590391
1446754591807
1446754593266
1446754594689
1446754596115
1446754597533
1446754598954
1446754600361
1446754601772
1446754603169
1446754604543
1446754605992
1446754607454
1446754608983
1446754610390
1446754611858
1446754613306
1446754614756
1446754616189
1446754617604
1446754619037
1446754620480
1446754621903
1446754623355
1446754624784
1446754626227
1446754627673
1446754629039
1446754630440
1446754631872
1446754633347
1446754634789
1446754636205
1446754637678
1446754639193
1446754640585
1446754642025
1446754643417
1446754644852
1446754646268
1446754647766
1446754649198
1446754650656
1446754652072
1446754653463
1446754654846
1446754656255
1446754657720
1446754659147
1446754660859
1446754662312
1446754663708
1446754666010
1446754667481
1446754668922
1446754670422
1446754671832
1446754673256
1446754674687
1446754676113
1446754677490
1446754678992
1446754680451
1446754681852
1446754683558
1446754685028
1446754686542
1446754687998
1446754689430
1446754690863
1446754692216
1446754693636
1446754695103
1446754696571
1446754697965
1446754699417
1446754700850
1446754702299
1446754703702
1446754705132
1446754706523
1446754707931
1446754709292
1446754710763
1446754712212
1446754713639
1446754715049
1446754716544
1446754717987
1446754719397
1446754720866
1446754723310
1446754725012
1446754726590
1446754728013
1446754729439
1446754730862
1446754732265
1446754733702
1446754735135
1446754736526
1446754737917
1446754739300
1446754740691
1446754742101
1446754743506
1446754744998
1446754747283
1446754748696
1446754750162
1446754751553
1446754752931
1446754754360
1446754755842
1446754757297
1446754758790
1446754760240
1446754761656
1446754763117
1446754764555
1446754765914
1446754767313
1446754768704
1446754770171
1446754771610
1446754772994
1446754774377
1446754775768
1446754777208
1446754778649
1446754780057
1446754781491
1446754782922
1446754784321
1446754785855
1446754787355
1446754788757
1446754790219
1446754791680
1446754793090
1446754794517
1446754795884
1446754797432
1446754798851
1446754800265
1446754801681
1446754803147
1446754804613
1446754806073
1446754807554
1446754808971
1446754810411
1446754811810
1446754813226
1446754814659
1446754816083
1446754817540
1446754818933
1446754820340
1446754821824
1446754823221
1446754824598
1446754826036
1446754827469
1446754828894
1446754830353
1446754831703
1446754833133
1446754834609
1446754835992
1446754837450
1446754838858
1446754840314
1446754841713
1446754843081
1446754844537
1446754845936
1446754847428
1446754848818
1446754850234
1446754851652
1446754853043
1446754854526
1446754856274
1446754857776
1446754859239
1446754860988
1446754862398
1446754863822
1446754865343
1446754866761
1446754868214
1446754869651
1446754871116
1446754872619
1446754874084
1446754875515
1446754876875
1446754878304
1446754879721
1446754881221
1446754882703
1446754884129
1446754885561
1446754887285
1446754888653
1446754890443
1446754891893
1446754893350
1446754894827
1446754896315
1446754897800
1446754899246
1446754900922
1446754902366
1446754903819
1446754905173
1446754906696
1446754908179
1446754909585
1446754911901
1446754913325
1446754914751
1446754916219
1446754917631
1446754919062
1446754920503
1446754921936
1446754923386
1446754924868
1446754927178
1446754928620
1446754930148
1446754931548
1446754932941
1446754934430
1446754935938
1446754937414
1446754938821
1446754940268
1446754941678
1446754943127
1446754944593
1446754946009
1446754947575
1446754949108
1446754950641
1446754951991
1446754953364
1446754954754
1446754956123
1446754957462
1446754958852
1446754960146
1446754961497
1446754962862
1446754964274
1446754965700
1446754967102
1446754968433
1446754969799
1446754971133
1446754972466
1446754973925
1446754975298
1446754976671
1446754978241
1446754979703
1446754981078
1446754982619
1446754983969
1446754985410
1446754986768
1446754989150
1446754990581
1446754992005
1446754993470
1446754994921
1446754996379
1446754997854
1446754999252
1446755000627
1446755002059
1446755003492
1446755004917
1446755006358
1446755007834
1446755009258
1446755010747
1446755012156
1446755013889
1446755015278
1446755016720
1446755018223
1446755019743
1446755021143
1446755022502
1446755023991
1446755025449
1446755026884
1446755028323
1446755029747
1446755031157
1446755033463
1446755034913
1446755036681
1446755038625
1446755040093
1446755041584
1446755043078
1446755044990
1446755046423
1446755047890
1446755049321
1446755050796
1446755052256
1446755053711
1446755055228
1446755056620
1446755058947
1446755060375
1446755061849
1446755063342
1446755064765
1446755066231
1446755067683
1446755069129
1446755070539
1446755071839
1446755074237
1446755075611
1446755077068
1446755078510
1446755079990
1446755081407
1446755082866
1446755084298
1446755085722
1446755087122
1446755088573
1446755090005
1446755091424
1446755092788
1446755094252
1446755095603
1446755097142
1446755098583
1446755100016
1446755101464
1446755102916
1446755104298
1446755105755
1446755107240
1446755108672
1446755111144
1446755112587
1446755114035
1446755115483
1446755116910
1446755118411
1446755119881
1446755121208
1446755122558
1446755123966
1446755125307
1446755126656
1446755128112
1446755129569
1446755130979
1446755132354
1446755133802
1446755135136
1446755136502
1446755137974
1446755139440
1446755140822
1446755142257
1446755143598
1446755145062
1446755146447
1446755147971
1446755149355
1446755150720
1446755152170
1446755153608
1446755155011
1446755156368
1446755157766
1446755159238
1446755160666
1446755162137
1446755163578
1446755165079
1446755166438
1446755167918
1446755169401
1446755170892
1446755172374
1446755173784
1446755175240
1446755176748
1446755178231
1446755179641
1446755181097
1446755182546
1446755183923
1446755185361
1446755186705
1446755188194
1446755189643
1446755191109
1446755192559
1446755194020
1446755195457
1446755196890
1446755198340
1446755199821
1446755201213
1446755202739
1446755204137
1446755205586
1446755207096
1446755208531
1446755210016
1446755211410
1446755213250
1446755214708
1446755216115
1446755218613
1446755220030
1446755221432
1446755222905
1446755224337
1446755225744
1446755227268
1446755228709
1446755230125
1446755231493
1446755233014
1446755234424
1446755235873
1446755237397
1446755238822
1446755240263
1446755241671
1446755243120
1446755244552
1446755246051
1446755247503
1446755248908
1446755250385
1446755251808
1446755253274
1446755254741
1446755256174
1446755257793
1446755259206
1446755260653
1446755262119
1446755263578
1446755265043
1446755266434
1446755267917
1446755269406
1446755270800
1446755272240
1446755273566
1446755274916
1446755276355
1446755277754
1446755279137
1446755280520
1446755282069
1446755283519
1446755284911
1446755286319
1446755287710
1446755289133
1446755290525
1446755291923
1446755293397
1446755294880
1446755296248
1446755297722
1446755299113
1446755300619
1446755302986
1446755304385
1446755305801
1446755307266
1446755308617
1446755309975
1446755311350
1446755312791
1446755314232
1446755315656
1446755317045
1446755318447
1446755320795
1446755322128
1446755323494
1446755324985
1446755326318
1446755327717
1446755329058
1446755330524
1446755331931
1446755333422
1446755334863
1446755336297
1446755337753
1446755339242
1446755340668
1446755342151
1446755343592
1446755345083
1446755346906
1446755348399
1446755349831
1446755351314
1446755352821
1446755355196
1446755356595
1446755358077
1446755359503
1446755361897
1446755363400
1446755364776
1446755366500
1446755367888
1446755369340
1446755370780
1446755372221
1446755373737
1446755375229
1446755376595
1446755378946
1446755380384
1446755381794
1446755383203
1446755384601
1446755386083
1446755387564
1446755388981
1446755390495
1446755391912
1446755393272
1446755394721
1446755396217
1446755397870
1446755399319
1446755400767
1446755402225
1446755403715
1446755405173
1446755406565
1446755408107
1446755409523
1446755411012
1446755412437
1446755413802
1446755415213
1446755416601
1446755418920
1446755420337
1446755421776
1446755423258
1446755424690
1446755426099
1446755427548
1446755428963
1446755430405
1446755431916
1446755433467
1446755434845
1446755436327
1446755437694
1446755439118
1446755440501
1446755441940
1446755443499
1446755444922
1446755446290
1446755447657
1446755449014
1446755450355
1446755451738
1446755453195
1446755454602
1446755455960
1446755457399
1446755458726
1446755460084
1446755461442
1446755462914
1446755464347
1446755465791
1446755467180
1446755468595
1446755470086
1446755471544
1446755473002
1446755474386
1446755476761
1446755478234
1446755479662
1446755481174
1446755482739
1446755484232
1446755485621
1446755487072
1446755488495
1446755489944
1446755491353
1446755492894
1446755494286
1446755495767
1446755497257
1446755498665
1446755500091
1446755501534
1446755502948
1446755504429
1446755505756
1446755507144
1446755508601
1446755509946
1446755511434
1446755512959
1446755514411
1446755515849
1446755517248
1446755518733
1446755520193
1446755521623
1446755523046
1446755524541
1446755526004
1446755527531
1446755528970
1446755530410
1446755531875
1446755533316
1446755534739
1446755536208
1446755537690
1446755539107
1446755540563
1446755541996
1446755543469
1446755544938
1446755546411
1446755547888
1446755550309
1446755551736
1446755553332
1446755554699
1446755556173
1446755557639
1446755559140
1446755560588
1446755561972
1446755563452
1446755564893
1446755566351
1446755567867
1446755569325
1446755570725
1446755572191
1446755573608
1446755575380
1446755576796
1446755578237
1446755579713
1446755581162
1446755582637
1446755583996
1446755585345
1446755586776
1446755588294
1446755589720
1446755591190
1446755592566
1446755593998
1446755595324
1446755596665
1446755598081
1446755599506
1446755600963
1446755602355
1446755603744
1446755605185
1446755606584
1446755607944
1446755609318
1446755610775
1446755612232
1446755613732
1446755615089
1446755616598
1446755617948
1446755619272
1446755620663
1446755622054
1446755623586
1446755624985
1446755626434
1446755628967
1446755630449
1446755631897
1446755633274
1446755637615
1446755639053
1446755640478
1446755641927
1446755643359
1446755644883
1446755646218
1446755647634
1446755649083
1446755650640
1446755652089
1446755653473
1446755654896
1446755656304
1446755657753
1446755659211
1446755660645
1446755661978
1446755663519
1446755664996
1446755667402
1446755668874
1446755670306
1446755671739
1446755673207
1446755674629
1446755676062
1446755677538
1446755678961
1446755681346
1446755682669
1446755684084
1446755685549
1446755687443
1446755688865
1446755690282
1446755691672
1446755693198
1446755694655
1446755696045
1446755697487
1446755698972
1446755700409
1446755701866
1446755703300
1446755704741
1446755706176
1446755707581
1446755709030
1446755710524
1446755711921
1446755713354
1446755714787
1446755716169
1446755717627
1446755719067
1446755720526
1446755721950
1446755723383
1446755724860
1446755726269
1446755727658
1446755729049
1446755730771
1446755732247
1446755733721
1446755735164
1446755736560
1446755737969
1446755739475
1446755740945
1446755742359
1446755743773
1446755745165
1446755746589
1446755748023
1446755749446
1446755750879
1446755752372
1446755753753
1446755755185
1446755756685
1446755758084
1446755759567
1446755761268
1446755762751
1446755764313
1446755765748
1446755767130
1446755768563
1446755770055
1446755771512
1446755772929
1446755774346
1446755775704
1446755777202
1446755778692
1446755780150
1446755781507
1446755782906
1446755784258
1446755785607
1446755787046
1446755788453
1446755789837
1446755791294
1446755792702
1446755794045
1446755795426
1446755796936
1446755798400
1446755799816
1446755801265
1446755802731
1446755804223
1446755805598
1446755807029
1446755808489
1446755809929
1446755811419
1446755812893
1446755815437
1446755816842
1446755818360
1446755819824
1446755821281
1446755822741
1446755824206
1446755825623
1446755827014
1446755828495
1446755829871
1446755831212
1446755832593
1446755834034
1446755835343
1446755836693
1446755838116
1446755839564
1446755840958
1446755842485
1446755843930
1446755845333
1446755846770
1446755848171
1446755849678
1446755851127
1446755852454
1446755853883
1446755855284
1446755856728
1446755858265
1446755859739
1446755861180
1446755862588
1446755864072
1446755865555
1446755866971
1446755868304
1446755869801
1446755871275
1446755872710
1446755874133
1446755875607
1446755876991
1446755878406
1446755879822
1446755881213
1446755882604
1446755884142
1446755885580
1446755887014
1446755888544
1446755890059
1446755891532
1446755893006
1446755894482
1446755896000
1446755897455
1446755898916
1446755900351
1446755901804
1446755903272
1446755904724
1446755906284
1446755907676
1446755909125
1446755910544
1446755911910
1446755913309
1446755914674
1446755916138
1446755917606
1446755919222
1446755920648
1446755921989
1446755923453
1446755924869
1446755926243
1446755927611
1446755929026
1446755930483
1446755931868
1446755933375
1446755934806
1446755936247
1446755937606
1446755939031
1446755940462
1446755941937
1446755943679
1446755945470
1446755946828
1446755948338
1446755949802
1446755951192
1446755952652
1446755954115
