1446764847317
1446764849851
1446764851244
1446764852641
1446764854067
1446764855581
1446764857039
1446764858490
1446764859925
1446764861397
1446764863136
1446764864555
1446764865968
1446764867392
1446764869358
1446764870766
1446764872515
1446764873926
1446764875319
1446764876755
1446764878337
1446764879794
1446764881128
1446764882569
1446764883947
1446764885401
1446764886787
1446764888301
1446764889666
1446764891085
1446764892596
1446764894457
1446764895872
1446764897271
1446764898714
1446764900095
1446764901539
1446764902932
1446764904409
1446764905842
1446764907258
1446764908691
1446764910106
1446764911531
1446764912956
1446764914338
1446764915721
1446764917113
1446764918603
1446764920002
1446764921487
1446764922910
1446764924392
1446764925866
1446764927316
1446764928809
1446764930181
1446764931622
1446764933054
1446764934470
1446764935895
1446764937288
1446764938645
1446764940014
1446764941418
1446764942867
1446764944292
1446764945649
1446764947050
1446764948493
1446764949919
1446764951380
1446764952812
1446764954362
1446764955803
1446764957244
1446764958713
1446764960135
1446764961562
1446764962983
1446764964360
1446764965749
1446764967223
1446764968626
1446764970112
1446764971531
1446764973000
1446764974445
1446764975869
1446764977252
1446764978713
1446764980167
1446764981600
1446764983026
1446764984437
1446764985939
1446764987347
1446764988750
1446764990121
1446764991537
1446764992986
1446764994490
1446764995960
1446764997401
1446764998876
1446765000261
1446765001699
1446765003132
1446765004581
1446765005999
1446765007391
1446765008763
1446765010174
1446765011586
1446765013053
1446765014444
1446765015826
1446765017209
1446765018645
1446765020075
1446765021468
1446765022890
1446765024316
1446765025719
1446765027203
1446765028671
1446765030095
1446765031527
1446765032937
1446765034369
1446765036063
1446765037534
1446765038994
1446765040374
1446765041823
1446765043218
1446765044614
1446765046007
1446765047395
1446765048888
1446765050325
1446765051771
1446765053209
1446765054625
1446765056100
1446765057462
1446765058908
1446765060318
1446765061815
1446765063230
1446765064633
1446765066419
1446765067828
1446765069295
1446765070677
1446765072085
1446765073485
1446765074900
1446765076285
1446765077641
1446765079419
1446765080905
1446765082364
1446765083790
1446765085188
1446765086623
1446765088032
1446765089553
1446765090963
1446765092376
1446765093762
1446765095125
1446765096519
1446765097997
1446765099414
1446765100855
1446765102296
1446765103747
1446765105220
1446765106644
1446765108044
1446765109846
1446765111273
1446765112733
1446765114133
1446765115551
1446765116973
1446765118364
1446765119788
1446765121213
1446765122645
1446765124395
1446765125843
1446765127269
1446765128704
1446765130110
1446765131550
1446765132966
1446765134391
1446765135801
1446765137197
1446765138626
1446765140528
1446765141904
1446765143305
1446765144694
1446765146128
1446765147560
1446765148951
1446765150321
1446765151766
1446765153183
1446765154592
1446765155972
1446765157380
1446765158838
1446765160279
1446765161712
1446765163163
1446765164613
1446765166006
1446765167500
1446765168967
1446765170433
1446765171859
1446765173315
1446765174725
1446765176127
1446765177612
1446765179030
1446765180447
1446765181937
1446765183360
1446765184845
1446765186285
1446765187708
1446765189093
1446765190543
1446765191965
1446765193406
1446765194790
1446765197058
1446765198504
1446765200020
1446765201419
1446765202797
1446765204161
1446765205560
1446765207046
1446765208810
1446765210257
1446765211668
1446765213025
1446765214389
1446765215859
1446765217321
1446765218821
1446765220306
1446765221727
1446765223218
1446765224611
1446765226083
1446765227443
1446765228915
1446765230397
1446765231796
1446765233132
1446765234580
1446765235971
1446765237346
1446765238840
1446765240329
1446765241711
1446765243136
1446765244665
1446765246068
1446765247509
1446765248942
1446765250274
1446765251722
1446765253132
1446765254614
1446765256065
1446765257389
1446765258721
1446765260242
1446765261594
1446765263001
1446765264392
1446765265851
1446765267367
1446765268858
1446765270233
1446765271657
1446765273057
1446765274464
1446765275896
1446765277353
1446765278836
1446765280278
1446765281661
1446765283094
1446765284501
1446765285875
1446765287258
1446765288665
1446765290157
1446765291539
1446765292954
1446765294339
1446765295663
1446765297066
1446765298518
1446765299993
1446765301459
1446765302933
1446765304368
1446765306716
1446765308123
1446765309531
1446765311045
1446765312463
1446765313922
1446765315303
1446765316620
1446765318033
1446765319402
1446765320760
1446765322162
1446765323632
1446765325073
1446765326789
1446765328171
1446765329596
1446765331030
1446765332491
1446765333936
1446765335369
1446765336801
1446765338202
1446765339535
1446765341026
1446765342525
1446765344015
1446765345496
1446765346971
1446765348356
1446765349942
1446765351444
1446765352886
1446765354428
1446765355869
1446765357363
1446765358760
1446765360220
1446765361641
1446765363033
1446765364661
1446765366172
1446765367548
1446765369948
1446765371311
1446765372728
1446765374185
1446765375616
1446765377032
1446765378360
1446765379719
1446765381101
1446765382475
1446765383807
1446765385223
1446765386671
1446765388331
1446765389706
1446765391149
1446765392560
1446765393978
1446765395361
1446765396873
1446765398450
1446765399967
1446765401398
1446765402867
1446765404330
1446765405689
1446765407123
1446765408447
1446765409797
1446765411269
1446765412751
1446765414262
1446765415660
1446765417170
1446765418550
1446765420047
1446765421408
1446765422782
1446765424215
1446765425606
1446765426913
1446765428221
1446765429546
1446765430983
1446765432344
1446765433742
1446765435201
1446765436542
1446765437993
1446765439358
1446765440843
1446765442215
1446765443681
1446765445089
1446765446596
1446765447970
1446765449415
1446765450786
1446765452194
1446765453660
1446765455159
1446765456550
1446765457991
1446765459399
1446765460815
1446765462239
1446765463638
1446765465080
1446765466569
1446765468020
1446765469378
1446765470824
1446765472233
1446765473618
1446765475256
1446765476633
1446765478043
1446765479497
1446765480814
1446765482247
1446765483713
1446765485096
1446765486389
1446765487885
1446765489300
1446765490734
1446765492151
1446765493609
1446765495056
1446765496441
1446765497894
1446765499355
1446765500789
1446765502247
1446765503646
1446765505145
1446765506586
1446765508049
1446765510378
1446765511808
1446765513240
1446765514644
1446765516032
1446765517479
1446765518988
1446765520447
1446765521820
1446765523228
1446765524662
1446765526060
1446765527508
1446765528867
1446765530251
1446765531608
1446765533058
1446765534539
1446765535937
1446765537328
1446765538622
1446765540012
1446765541478
1446765542796
1446765544103
1446765545666
1446765547091
1446765548559
1446765549973
1446765551405
1446765552855
1446765554296
1446765555688
1446765557121
1446765558895
1446765560386
1446765561787
1446765563161
1446765564926
1446765566732
1446765568208
1446765570008
1446765572342
1446765573781
1446765575181
1446765576580
1446765577971
1446765579559
1446765580986
1446765582501
1446765584317
1446765585743
1446765587143
1446765588584
1446765590000
1446765591399
1446765592880
1446765594346
1446765595716
1446765597066
1446765598454
1446765599911
1446765601270
1446765602678
1446765604102
1446765605542
1446765606918
1446765608317
1446765609775
1446765611149
1446765612498
1446765613881
1446765615396
1446765616894
1446765618262
1446765619628
1446765620936
1446765622252
1446765623708
1446765625202
1446765626648
1446765628008
1446765629513
1446765630929
1446765632347
1446765633814
1446765635323
1446765636844
1446765638294
1446765639772
1446765641235
1446765642685
1446765644153
1446765645558
1446765647041
1446765648448
1446765649993
1446765651389
1446765652910
1446765654353
1446765655804
1446765657228
1446765658671
1446765660061
1446765661410
1446765662775
1446765664215
1446765665633
1446765666957
1446765668414
1446765669881
1446765671283
1446765673614
1446765675045
1446765676445
1446765677835
1446765679251
1446765680743
1446765682198
1446765683573
1446765685000
1446765686468
1446765687938
1446765689345
1446765690795
1446765692204
1446765693634
1446765695028
1446765696402
1446765697801
1446765700169
1446765701624
1446765703048
1446765704473
1446765705923
1446765707371
1446765708764
1446765710237
1446765711715
1446765713217
1446765714701
1446765716152
1446765717635
1446765719043
1446765720526
1446765721833
1446765723241
1446765724707
1446765726154
1446765727514
1446765728863
1446765730245
1446765731712
1446765733028
1446765734469
1446765735819
1446765737276
1446765738866
1446765740241
1446765742022
1446765743496
1446765744889
1446765746373
1446765747730
1446765749138
1446765750496
1446765751878
1446765753269
1446765754627
1446765755960
1446765757424
1446765758775
1446765760158
1446765761623
1446765763080
1446765764406
1446765765904
1446765767230
1446765768604
1446765769962
1446765771370
1446765772769
1446765774184
1446765775576
1446765777267
1446765778774
1446765780264
1446765781705
1446765783146
1446765784621
1446765786128
1446765787577
1446765789001
1446765790425
1446765791911
1446765793367
1446765794711
1446765796281
1446765797688
1446765799008
1446765800405
1446765801822
1446765803189
1446765804656
1446765806113
1446765807537
1446765808903
1446765810402
1446765811891
1446765813218
1446765814667
1446765816090
1446765817507
1446765818972
1446765820397
1446765821879
1446765823304
1446765824786
1446765826229
1446765827710
1446765829201
1446765830675
1446765832060
1446765833509
1446765835007
1446765836479
1446765837930
1446765840439
1446765841874
1446765844304
1446765845720
1446765847095
1446765848527
1446765850024
1446765851481
1446765852931
1446765854339
1446765855731
1446765857089
1446765858446
1446765859882
1446765861311
1446765862753
1446765864211
1446765865635
1446765867044
1446765868468
1446765869876
1446765871432
1446765872883
1446765874326
1446765875830
1446765877248
1446765878688
1446765880196
1446765881555
1446765882954
1446765884428
1446765885901
1446765887342
1446765888741
1446765890199
1446765891632
1446765893123
1446765897556
1446765898972
1446765900512
1446765901936
1446765903302
1446765904694
1446765906184
1446765907601
1446765908958
1446765910359
1446765911803
1446765913281
1446765914657
1446765916071
1446765917545
1446765918978
1446765920436
1446765921918
1446765923384
1446765924817
1446765926242
1446765927642
1446765929405
1446765930931
1446765932400
1446765933880
1446765935311
1446765936704
1446765938162
1446765939610
1446765941076
1446765942519
1446765944035
1446765945568
1446765946909
1446765948348
1446765949824
1446765951191
1446765952689
1446765954156
1446765955528
1446765956971
1446765958420
1446765959860
1446765961359
1446765962791
1446765964224
1446765965670
1446765967155
1446765968549
1446765969916
1446765971448
1446765972846
1446765974270
1446765975829
1446765977220
1446765978562
1446765980038
1446765981541
1446765982940
1446765984349
1446765985708
1446765987133
1446765988541
1446765989969
1446765991488
1446765993156
1446765994585
1446765996003
1446765997478
1446765998963
1446766000392
1446766001794
1446766003207
1446766004683
1446766006098
1446766007432
1446766008868
1446766010256
1446766011695
1446766013103
1446766014543
1446766016035
1446766017484
1446766018908
1446766020310
1446766021782
1446766023250
1446766024649
1446766026191
1446766027675
1446766029121
1446766030555
1446766031945
1446766033463
1446766034852
1446766036328
1446766037759
1446766039202
1446766040583
1446766042040
1446766043509
1446766044897
1446766046322
1446766047698
1446766049056
1446766050513
1446766051871
1446766053220
1446766054562
1446766055953
1446766057350
1446766058841
1446766060250
1446766061676
1446766063139
1446766064540
1446766066013
1446766067430
1446766068877
1446766070255
1446766071640
1446766073003
1446766074311
1446766075727
1446766077125
1446766078475
1446766079859
1446766081349
1446766082674
1446766084090
1446766085472
1446766086930
1446766088371
1446766090731
1446766092164
1446766093578
1446766094886
1446766096376
1446766097833
1446766099300
1446766100716
1446766102159
1446766103523
1446766104947
1446766106364
1446766107836
1446766109276
1446766110752
1446766112518
1446766114018
1446766115701
1446766117174
1446766118600
1446766120166
1446766121621
1446766123114
1446766124592
1446766126022
1446766127371
1446766128820
1446766130219
1446766131528
1446766132980
1446766135394
1446766136734
1446766138193
1446766139615
1446766141047
1446766142470
1446766143952
1446766145323
1446766146859
1446766148327
1446766149800
1446766151194
1446766152676
1446766154109
1446766162472
1446766163918
1446766165287
1446766166760
1446766168217
1446766169741
1446766171245
1446766172750
1446766174249
1446766175707
1446766177182
1446766178748
1446766180241
1446766181664
1446766184038
1446766185507
1446766186992
1446766188409
1446766189810
1446766191265
1446766192608
1446766193991
1446766195439
1446766196873
1446766198346
1446766199681
1446766201105
1446766202496
1446766204017
1446766205468
1446766206886
1446766208371
1446766209842
1446766211300
1446766212642
1446766213974
1446766215432
1446766216923
1446766218289
1446766219687
1446766221105
1446766222438
1446766223795
1446766225216
1446766226586
1446766227927
1446766229284
1446766230867
1446766232249
1446766233740
1446766235090
1446766236522
1446766237972
1446766239430
1446766240771
1446766242187
1446766243675
1446766245450
1446766246918
1446766248345
1446766249750
1446766251624
1446766253110
1446766254516
1446766255981
1446766257469
1446766258928
1446766260295
1446766261761
1446766263160
1446766264634
1446766265993
1446766267333
1446766268791
1446766270223
1446766271658
1446766273031
1446766274489
1446766275856
1446766277328
1446766278804
1446766280235
1446766281594
1446766282994
1446766284760
1446766286143
1446766287467
1446766288858
1446766290369
1446766291923
1446766293466
1446766294904
1446766296337
1446766297796
1446766299294
1446766300736
1446766302252
1446766303685
1446766305424
1446766306883
1446766308333
