1446759157329
1446759158850
1446759159184
1446759159501
1446759159859
1446759160185
1446759160527
1446759160885
1446759161228
1446759161562
1446759161920
1446759162263
1446759162613
1446759162971
1446759163364
1446759163706
1446759164040
1446759164366
1446759164700
1446759165009
1446759165368
1446759165727
1446759166086
1446759166489
1446759166821
1446759167179
1446759167531
1446759167864
1446759168206
1446759168533
1446759168868
1446759169328
1446759169670
1446759170028
1446759170403
1446759170746
1446759171113
1446759171455
1446759171789
1446759172140
1446759172457
1446759172808
1446759173211
1446759173552
1446759173911
1446759174220
1446759174570
1446759174921
1446759175272
1446759175581
1446759175932
1446759176299
1446759176649
1446759177075
1446759177425
1446759177759
1446759178085
1446759178435
1446759178753
1446759179103
1446759179421
1446759179787
1446759180147
1446759180548
1446759180857
1446759181216
1446759181525
1446759181858
1446759182209
1446759182543
1446759182877
1446759183203
1446759183545
1446759183930
1446759184289
1446759184614
1446759184998
1446759185341
1446759185658
1446759186009
1446759186335
1446759186694
1446759187087
1446759187479
1446759187813
1446759188155
1446759188489
1446759188998
1446759189315
1446759189657
1446759189975
1446759190317
1446759190716
1446759191104
1446759191462
1446759191813
1446759192155
1446759192498
1446759192832
1446759193182
1446759193592
