1446763052984
1446763054461
1446763054828
1446763055171
1446763055546
1446763055912
1446763056330
1446763056723
1446763057056
1446763057407
1446763057743
1446763058110
1446763058520
1446763058846
1446763059188
1446763059547
1446763059889
1446763060215
1446763060583
1446763060933
1446763061276
1446763061678
1446763062012
1446763062337
1446763062688
1446763063005
1446763063331
1446763063657
1446763064033
1446763064432
1446763064776
1446763065127
1446763065477
1446763065819
1446763066169
1446763066519
1446763066870
1446763067220
1446763067554
1446763067872
1446763068222
1446763068615
1446763068958
1446763069284
1446763069609
1446763069943
1446763070261
1446763070603
1446763070921
1446763071305
1446763071714
1446763072098
1446763072440
1446763072790
1446763073141
1446763073482
1446763073825
1446763074159
1446763074493
1446763074810
1446763075161
1446763075571
1446763075896
1446763076223
1446763076557
1446763076891
1446763077242
1446763077584
1446763077934
1446763078268
1446763078635
1446763078985
1446763079388
1446763079703
1446763080062
1446763080404
1446763080754
1446763081096
1446763081438
1446763081747
1446763082097
1446763082448
1446763082798
1446763083165
1446763083516
1446763083925
1446763084243
1446763084594
1446763084911
1446763085370
1446763085730
1446763086055
1446763086398
1446763086831
1446763087175
1446763087517
1446763087876
1446763088227
1446763088544
1446763088903
1446763089229
