1446763094050
1446763095536
1446763095937
1446763096288
1446763096630
1446763096964
1446763097298
1446763097615
1446763097958
1446763098300
1446763098642
1446763099095
1446763099413
1446763099755
1446763100106
1446763100457
1446763100782
1446763101141
1446763101517
1446763101875
1446763102301
1446763102643
1446763102985
1446763103328
1446763103670
1446763103996
1446763104338
1446763104664
1446763105014
1446763105373
1446763105774
1446763106100
1446763106459
1446763106793
1446763107135
1446763107494
1446763107837
1446763108154
1446763108505
1446763108914
1446763109240
1446763109583
1446763109916
1446763110259
1446763110593
1446763110927
1446763111244
1446763111587
1446763112022
1446763112372
1446763112739
1446763113065
1446763113399
1446763113741
1446763114100
1446763114466
1446763114825
1446763115159
1446763115501
1446763115921
1446763116254
1446763116621
1446763116964
1446763117282
1446763117616
1446763117941
1446763118284
1446763118694
1446763119044
1446763119402
1446763119760
1446763120128
1446763120547
1446763120889
1446763121215
1446763121574
1446763122001
1446763122361
1446763122695
1446763123021
1446763123380
1446763123714
1446763124056
1446763124475
1446763124817
1446763125159
1446763125654
1446763125983
1446763126333
1446763126675
1446763127009
1446763127368
1446763127719
1446763128061
1446763128370
1446763128721
1446763129122
1446763129456
1446763129791
1446763130142
1446763130467
