1446763176221
1446763177690
1446763178050
1446763178451
1446763178779
1446763179113
1446763179455
1446763179789
1446763180157
1446763180571
1446763180900
1446763181259
1446763181585
1446763181951
1446763182302
1446763182653
1446763183003
1446763183346
1446763183697
1446763184123
1446763184440
1446763184791
1446763185108
1446763185459
1446763185810
1446763186152
1446763186486
1446763186828
1446763187238
1446763187572
1446763187923
1446763188240
1446763188583
1446763188908
1446763189258
1446763189609
1446763189943
1446763190277
1446763190671
1446763191005
1446763191322
1446763191648
1446763192015
1446763192349
1446763192692
1446763193043
1446763193452
1446763193778
1446763194136
1446763194478
1446763194821
1446763195170
1446763195605
1446763195930
1446763196272
1446763196621
1446763196939
1446763197281
1446763197623
1446763197965
1446763198332
1446763198682
1446763199083
1446763199417
1446763199767
1446763200109
1446763200427
1446763200770
1446763201104
1446763201421
1446763201771
1446763202122
1446763202523
1446763202849
1446763203208
1446763203533
1446763203876
1446763204227
1446763204569
1446763204903
1446763205245
1446763205674
1446763206032
1446763206375
1446763206709
1446763207059
1446763207401
1446763207727
1446763208077
1446763208501
1446763208830
1446763209172
1446763209522
1446763209865
1446763210207
1446763210690
1446763211033
1446763211358
1446763211718
1446763212134
1446763212478
