1446762839038
1446762840532
1446762840916
1446762841233
1446762841576
1446762841885
1446762842245
1446762842586
1446762842920
1446762843246
1446762843580
1446762843939
1446762844348
1446762844691
1446762845075
1446762845418
1446762845760
1446762846127
1446762846470
1446762846820
1446762847213
1446762847564
1446762847915
1446762848232
1446762848574
1446762848892
1446762849217
1446762849543
1446762849903
1446762850294
1446762850637
1446762850988
1446762851305
1446762851632
1446762851999
1446762852333
1446762852658
1446762852992
1446762853385
1446762853719
1446762854078
1446762854436
1446762854773
1446762855215
1446762855549
1446762855900
1446762856292
1446762856618
1446762856953
1446762857311
1446762857645
1446762857971
1446762858337
1446762858679
1446762859056
1446762859432
1446762859833
1446762860193
1446762860518
1446762860852
1446762861203
1446762861537
1446762861846
1446762862188
1446762862565
1446762862874
1446762863233
1446762863575
1446762863925
1446762864284
1446762864626
1446762865002
1446762865369
1446762865712
1446762866071
1446762866488
1446762866839
1446762867181
1446762867507
1446762867841
1446762868166
1446762868501
1446762868834
1446762869177
1446762869587
1446762869966
1446762870300
1446762870634
1446762870968
1446762871369
1446762871703
1446762872063
1446762872397
1446762872731
1446762873065
1446762873391
1446762873742
1446762874140
1446762874469
1446762874804
1446762875196
