1446801125927
1446801127387
1446801127745
1446801128079
1446801128405
1446801128747
1446801129149
1446801129474
1446801129849
1446801130184
1446801130542
1446801130901
1446801131252
1446801131602
1446801131952
1446801132295
1446801132628
1446801132962
1446801133354
1446801133681
1446801134023
1446801134366
1446801134732
1446801135082
1446801135434
1446801135768
1446801136093
1446801136444
1446801136811
1446801137169
1446801137554
1446801137887
1446801138230
1446801138555
1446801138898
1446801139215
1446801139550
1446801139900
1446801140226
1446801140643
1446801140978
1446801141320
1446801141671
1446801142005
1446801142322
1446801142682
1446801143032
1446801143383
1446801143809
1446801144126
1446801144493
1446801144827
1446801145177
1446801145512
1446801145846
1446801146188
1446801146497
1446801146831
1446801147224
1446801147550
1446801147876
1446801148219
1446801148528
1446801148862
1446801149196
1446801149546
1446801149914
1446801150400
1446801150742
1446801151084
1446801151418
1446801151761
1446801152087
1446801152446
1446801152840
1446801153164
1446801153515
1446801153840
1446801154175
1446801154517
1446801154851
1446801155296
1446801155630
1446801155988
1446801156331
1446801156664
1446801157023
1446801157349
1446801157700
1446801158034
1446801158376
1446801158735
1446801159145
1446801159479
1446801159821
1446801160229
1446801160572
1446801160897
1446801161240
1446801161549
1446801161916
1446801162317
1446801162635
1446801162985
1446801163360
1446801163686
1446801164028
1446801164353
1446801164712
1446801165047
1446801165457
1446801165891
1446801166225
1446801166592
1446801166910
1446801167252
1446801167569
1446801167904
1446801168246
1446801168595
1446801168955
1446801169305
1446801169663
1446801170056
1446801170381
1446801170748
1446801171099
1446801171442
1446801171759
1446801172118
1446801172436
1446801172770
1446801173480
1446801173839
1446801174156
1446801174508
1446801174849
1446801175184
1446801175509
1446801175843
1446801176194
1446801176595
1446801176937
1446801177271
1446801177622
1446801177931
1446801178266
1446801178592
1446801178942
1446801179331
1446801179687
1446801180012
1446801180338
1446801180698
1446801181048
1446801181382
1446801181817
1446801182176
1446801182543
1446801182869
1446801183219
1446801183545
1446801183887
1446801184213
1446801184539
1446801184890
1446801185342
1446801185692
1446801186009
1446801186352
1446801186661
1446801187012
1446801187337
1446801187671
1446801188014
1446801188372
1446801188730
1446801189123
1446801189465
1446801189815
1446801190141
1446801190509
1446801190861
1446801191203
1446801191605
1446801191922
1446801192273
1446801192607
1446801192949
1446801193275
1446801193625
1446801193959
1446801194294
1446801194652
1446801195019
1446801195420
1446801195754
1446801196137
1446801196471
1446801196813
1446801197155
1446801197497
1446801197814
1446801198156
1446801198490
1446801198824
1446801199182
1446801199533
1446801199943
1446801200268
1446801200627
1446801200986
1446801201328
1446801201662
1446801202004
1446801202355
1446801202681
1446801203031
1446801203441
1446801203800
1446801204151
1446801204476
1446801204819
1446801205153
1446801205519
1446801205862
1446801206229
1446801206587
1446801206963
1446801207364
1446801207690
1446801208041
1446801208375
1446801208709
1446801209068
1446801209402
1446801209719
1446801210095
1446801210505
1446801210822
1446801211156
1446801211498
1446801211824
1446801212158
1446801212492
1446801212809
1446801213160
1446801213570
1446801213887
1446801214230
1446801214547
1446801214873
1446801215224
1446801215566
1446801215933
1446801216293
1446801216702
1446801217019
1446801217370
1446801217704
1446801218046
1446801218389
1446801218748
1446801219073
1446801219416
1446801219775
1446801220200
1446801220534
1446801220893
1446801221211
1446801221545
1446801221862
1446801222196
1446801222522
1446801222856
1446801223241
1446801223566
1446801223909
1446801224226
1446801224552
1446801224894
1446801225237
1446801225705
1446801226107
1446801226458
1446801226775
1446801227125
1446801227483
1446801227817
1446801228151
1446801228477
1446801228803
1446801229153
1446801229563
1446801229905
1446801230256
1446801230573
1446801230908
1446801231266
1446801231609
1446801231951
1446801232293
1446801232644
1446801233053
1446801233395
1446801233746
1446801234072
1446801234414
1446801234740
1446801235082
1446801235416
1446801235767
1446801236188
1446801236519
1446801236895
1446801237237
1446801237588
1446801237897
1446801238231
1446801238573
1446801238931
1446801239265
1446801239616
1446801239966
1446801240367
1446801240709
1446801241060
1446801241377
1446801241719
1446801242028
1446801242371
1446801242688
1446801243022
1446801243418
1446801243766
1446801244132
1446801244475
1446801244817
1446801245177
1446801245553
1446801245878
1446801246212
1446801246606
1446801246939
1446801247298
1446801247667
1446801247992
1446801248326
1446801248660
1446801249003
1446801249404
1446801249738
1446801250097
1446801250423
1446801250799
1446801251132
1446801251482
1446801251825
1446801252175
1446801252525
1446801252859
1446801253218
1446801253576
1446801253961
1446801254294
1446801254653
1446801255003
1446801255304
1446801255671
1446801256014
1446801256364
1446801256690
1446801257050
1446801257459
1446801257785
1446801258135
1446801258478
1446801258812
1446801259154
1446801259488
1446801259797
1446801260131
1446801260592
1446801260951
1446801261310
1446801261652
1446801261986
1446801262329
1446801262687
1446801263046
1446801263446
1446801263813
1446801264180
1446801264590
1446801264940
1446801265282
1446801265608
1446801265975
1446801266309
1446801266652
1446801266986
1446801267328
1446801267731
1446801268055
1446801268422
1446801268765
1446801269115
1446801269424
1446801269775
1446801270084
1446801270434
1446801270777
1446801271186
1446801271504
1446801271863
1446801272180
1446801272514
1446801272848
1446801273199
1446801273516
1446801273965
1446801274286
1446801274628
1446801274962
1446801275305
1446801275663
1446801276015
1446801276356
1446801276699
1446801277098
1446801277426
1446801277760
1446801278111
1446801278445
1446801278770
1446801279113
1446801279447
1446801279781
1446801280208
1446801280541
1446801280909
1446801281243
1446801281594
1446801281927
1446801282270
1446801282595
1446801282945
1446801283296
1446801283689
1446801284015
1446801284357
1446801284674
1446801285041
1446801285368
1446801285752
1446801286085
1446801286470
1446801286871
1446801287197
1446801287540
1446801287881
1446801288214
1446801288549
1446801288883
1446801289217
1446801289534
1446801289885
1446801290286
1446801290653
1446801291021
1446801291371
1446801291705
1446801292039
1446801292365
1446801292733
1446801293129
1446801293452
1446801293795
1446801294120
1446801294453
1446801294788
1446801295121
1446801295456
1446801295799
1446801296200
1446801296517
1446801296868
1446801297185
1446801297535
1446801297887
1446801298221
1446801298538
1446801298889
1446801299296
1446801299624
1446801299967
1446801300301
1446801300676
1446801301019
1446801301694
1446801302003
1446801302346
1446801302739
1446801303056
1446801303391
1446801303724
1446801304058
1446801304367
1446801304701
1446801305010
1446801305412
1446801305829
1446801306147
1446801306489
1446801306833
1446801307191
1446801307525
1446801307851
1446801308184
1446801308501
1446801308860
1446801309210
1446801309611
1446801309937
1446801310303
1446801310637
1446801310979
1446801311329
1446801311672
1446801311981
1446801312330
1446801312665
1446801313015
1446801313373
1446801313733
1446801314125
1446801314435
1446801314777
1446801315086
1446801315430
1446801315831
1446801316182
1446801316581
1446801316908
1446801317259
1446801317585
1446801317919
1446801318261
1446801318604
1446801318947
1446801319322
1446801319689
1446801320098
1446801320432
1446801320791
1446801321150
1446801321484
1446801321801
1446801322152
1446801322478
1446801322820
1446801323230
1446801323581
1446801323931
1446801324274
1446801324624
1446801324942
1446801325284
1446801325610
1446801325952
1446801326337
1446801326654
1446801327004
1446801327355
1446801327697
1446801328023
1446801328357
1446801328699
1446801329017
1446801329367
1446801329769
1446801330078
1446801330429
1446801330762
1446801331096
1446801331422
1446801331764
1446801332082
1446801332399
1446801332750
1446801333100
1446801333517
1446801333835
1446801334202
1446801334569
1446801334927
1446801335294
1446801335678
1446801336020
1446801336378
1446801336721
1446801337063
1446801337413
1446801337781
1446801338198
1446801338516
1446801338866
1446801339184
1446801339517
1446801339860
1446801340210
1446801340636
1446801340962
1446801341337
1446801341738
1446801342106
1446801342448
1446801342757
1446801343099
1446801343408
1446801343767
1446801344101
1446801344451
1446801344793
1446801345152
1446801345579
1446801345930
1446801346264
1446801346598
1446801346932
1446801347274
1446801347608
1446801347942
1446801348347
1446801348661
1446801349012
1446801349354
1446801349697
1446801350056
1446801350407
1446801350765
1446801351123
1446801351466
1446801351876
1446801352193
1446801352535
1446801352861
1446801353187
1446801353537
1446801353871
1446801354180
1446801354540
1446801354932
1446801355242
1446801355592
1446801355951
1446801356285
1446801356636
1446801356978
1446801357304
1446801357638
1446801357989
1446801358347
1446801358740
1446801359065
1446801359407
1446801360041
1446801360375
1446801360701
1446801361044
1446801361386
1446801361728
1446801362137
1446801362472
1446801362864
1446801363223
1446801363574
1446801363899
1446801364234
1446801364559
1446801364893
1446801365346
1446801365713
1446801366038
1446801366373
1446801366707
1446801367049
1446801367366
1446801367717
1446801368102
1446801368469
1446801368812
1446801369137
1446801369472
1446801369822
1446801370156
1446801370498
1446801370951
1446801371310
1446801371669
1446801372019
1446801372345
1446801372687
1446801373021
1446801373347
1446801373690
1446801374087
1446801374400
1446801374751
1446801375059
1446801375396
1446801375846
1446801376214
1446801376615
1446801376965
1446801377332
1446801377690
1446801378032
1446801378350
1446801378700
1446801379059
1446801379394
1446801379711
1446801380045
1446801380455
1446801380780
1446801381123
1446801381465
1446801381808
1446801382142
1446801382484
1446801382801
1446801383144
1446801383545
1446801383871
1446801384221
1446801384547
1446801384873
1446801385215
1446801385541
1446801385866
1446801386209
1446801386619
1446801386961
1446801387304
1446801387654
1446801388021
1446801388356
1446801388715
1446801389032
1446801389382
1446801389716
1446801390058
1446801390451
1446801390809
1446801391192
1446801391536
1446801391894
1446801392244
1446801392595
1446801392937
1446801393286
1446801393629
1446801393946
1446801394304
1446801394647
1446801395107
1446801395433
1446801395775
1446801396126
1446801396443
1446801396786
1446801397103
1446801397812
1446801398189
1446801398523
1446801398857
1446801399182
1446801399508
1446801399825
1446801400159
1446801400485
1446801400844
1446801401262
1446801401588
1446801401963
1446801402305
1446801402622
1446801402955
1446801403282
1446801403624
1446801403966
1446801404317
1446801404693
1446801405085
1446801405429
1446801405779
1446801406105
1446801406447
1446801406781
1446801407099
1446801407442
1446801407834
1446801408160
1446801408494
1446801408828
1446801409187
1446801409521
1446801409863
1446801410181
1446801410695
1446801411034
1446801411376
1446801411727
1446801412076
1446801412435
1446801412769
1446801413103
1446801413445
1446801413796
1446801414163
1446801414514
1446801414907
1446801415248
1446801415599
1446801415968
1446801416326
1446801416652
1446801416969
1446801417295
1446801417705
1446801418056
1446801418406
1446801418732
1446801419083
1446801419400
1446801419751
1446801420077
1446801420435
1446801420786
1446801421187
1446801421521
1446801421855
1446801422189
1446801422514
1446801422840
1446801423183
1446801423500
1446801423939
1446801424278
1446801424636
1446801425003
1446801425346
1446801425697
1446801426040
1446801426383
1446801426792
1446801427118
1446801427486
1446801427811
1446801428144
1446801428479
1446801428821
1446801429155
1446801429489
1446801429823
1446801430233
1446801430618
1446801430960
1446801431302
1446801431628
1446801431970
1446801432296
1446801432647
1446801433048
1446801433382
1446801433725
1446801434050
1446801434383
1446801434735
1446801435076
1446801435435
1446801435795
1446801436222
1446801436539
1446801436906
1446801437232
1446801437566
1446801437908
1446801438243
1446801438560
1446801438903
1446801439269
1446801439619
1446801440020
1446801440362
1446801440696
1446801441014
1446801441348
1446801441665
1446801442008
1446801442342
1446801442684
1446801443078
1446801443403
1446801443745
1446801444079
1446801444421
1446801444747
1446801445090
1446801445449
1446801445816
1446801446236
1446801446568
1446801446918
1446801447269
1446801447594
1446801447952
1446801448295
1446801448620
1446801448987
1446801449321
1446801449655
1446801450005
1446801450339
1446801450834
1446801451168
1446801451502
1446801451852
1446801452202
1446801452536
1446801452871
1446801453221
1446801453622
1446801453940
1446801454282
1446801454616
1446801454967
1446801455292
1446801455627
1446801455994
1446801456328
1446801456705
1446801457056
1446801457390
1446801457741
1446801458100
1446801458449
1446801458792
1446801459117
1446801459476
1446801459938
1446801460262
1446801460613
1446801460938
1446801461281
1446801461590
1446801461940
1446801462258
1446801462600
1446801463025
1446801463352
1446801463703
1446801464062
1446801464413
1446801464747
1446801465089
1446801465423
1446801465831
1446801466182
1446801466575
1446801466909
1446801467268
1446801467602
1446801467953
1446801468321
1446801468655
1446801468989
1446801469383
1446801469734
1446801470059
1446801470402
1446801470727
1446801471069
1446801471395
1446801471745
1446801472095
1446801472438
1446801472788
1446801473129
1446801473522
1446801473856
1446801474206
1446801474557
1446801474874
1446801475232
1446801475583
1446801475917
1446801476283
1446801476626
1446801476968
