1446763258278
1446763259679
1446763260039
1446763260405
1446763260763
1446763261172
1446763261488
1446763261846
1446763262256
1446763262597
1446763262982
1446763263341
1446763263667
1446763264001
1446763264352
1446763264702
1446763265061
1446763265471
1446763265813
1446763266155
1446763266472
1446763266815
1446763267140
1446763267475
1446763267800
1446763268134
1446763268533
1446763268870
1446763269212
1446763269554
1446763269897
1446763270214
1446763270557
1446763270874
1446763271240
1446763271591
1446763272030
1446763272351
1446763272694
1446763273028
1446763273370
1446763273704
1446763274055
1446763274372
1446763274740
1446763275147
1446763275470
1446763275920
1446763276271
1446763276613
1446763276956
1446763277398
1446763277724
1446763278083
1446763278409
1446763278751
1446763279102
1446763279444
1446763279770
1446763280104
1446763280515
1446763280933
1446763281293
1446763281635
1446763281969
1446763282320
1446763282721
1446763283047
1446763283398
1446763283715
1446763284056
1446763284391
1446763284733
1446763285091
1446763285442
1446763285767
1446763286125
1446763286510
1446763286885
1446763287235
1446763287626
1446763287953
1446763288304
1446763288638
1446763288979
1446763289321
1446763289672
1446763290005
1446763290348
1446763290757
1446763291099
1446763291484
1446763291819
1446763292161
1446763292487
1446763292821
1446763293155
1446763293472
1446763293833
1446763294240
1446763294567
