1446767812244
1446767814710
1446767816487
1446767817934
1446767822351
1446767823780
1446767825174
1446767826613
1446767828078
1446767829502
1446767830944
1446767832351
1446767834059
1446767835467
1446767836899
1446767838305
1446767839748
1446767841166
1446767842583
1446767844110
1446767845529
1446767846978
1446767848386
1446767849823
1446767851235
1446767852626
1446767854017
1446767855419
1446767856782
1446767858157
1446767859542
1446767861021
1446767862413
1446767863775
1446767865229
1446767866653
1446767868061
1446767869479
1446767870889
1446767872383
1446767873792
1446767875232
1446767876623
1446767878024
1446767879497
1446767880896
1446767882297
1446767883825
1446767885286
1446767886745
1446767888214
1446767889692
1446767891126
1446767892583
1446767894024
1446767895482
1446767896848
1446767898272
1446767899672
1446767901087
1446767902456
1446767903845
1446767905285
1446767906710
1446767908087
1446767909526
1446767910894
1446767912282
1446767913673
1446767915081
1446767916497
1446767917933
1446767920395
1446767921820
1446767924252
1446767925668
1446767927085
1446767928488
1446767929933
1446767931344
1446767932748
1446767934164
1446767935539
1446767936966
1446767938421
1446767939873
1446767941308
1446767943077
1446767944568
1446767945945
1446767947314
1446767948783
1446767953198
1446767954642
1446767956068
1446767957554
1446767958946
1446767960327
1446767961752
1446767963134
1446767964546
1446767965958
1446767967374
1446767968825
1446767970240
1446767971981
1446767973380
1446767974788
1446767976204
1446767977637
1446767979094
1446767980544
1446767981926
1446767983309
1446767984678
1446767986139
1446767987499
1446767991930
1446767993317
1446767994844
1446767996237
1446767997703
1446767999214
1446768000660
1446768002067
1446768003486
1446768004908
1446768006286
1446768007756
1446768012150
1446768013576
1446768014988
1446768016365
1446768017769
1446768019226
1446768020628
1446768022026
1446768023467
1446768024916
1446768026316
1446768027764
1446768029201
1446768030626
1446768032079
1446768033581
1446768038001
1446768039409
1446768040808
1446768042235
1446768043646
1446768045107
1446768046553
1446768047981
1446768049338
1446768050754
1446768052154
1446768053557
1446768055019
1446768056404
1446768057896
1446768059276
1446768061708
1446768063133
1446768064557
1446768065997
1446768067408
1446768068784
1446768070306
1446768071687
1446768073045
1446768074477
1446768075843
1446768077201
1446768078668
1446768080096
1446768081590
1446768082934
1446768084356
1446768085741
1446768087143
1446768088639
1446768090083
1446768091568
1446768092969
1446768094410
1446768095859
1446768097269
1446768098691
1446768100035
1446768101462
1446768102947
1446768104389
1446768105781
1446768107221
1446768108614
1446768110012
1446768111486
1446768112902
1446768114398
1446768115826
1446768117191
1446768118603
1446768120089
1446768121498
1446768123281
1446768124708
1446768126121
1446768127529
1446768128920
1446768130336
1446768131687
1446768133059
1446768134500
1446768135908
1446768137375
1446768138843
1446768140262
1446768141771
1446768143213
1446768144607
1446768146012
1446768147439
1446768148879
1446768150327
1446768151768
1446768153153
1446768155699
1446768157101
1446768158520
1446768160015
1446768161423
1446768162913
1446768164396
1446768165814
1446768167219
1446768168594
1446768170001
1446768171373
1446768172811
1446768174262
1446768175765
1446768177142
1446768178565
1446768179933
1446768181626
1446768183113
1446768184572
1446768185991
1446768187444
1446768188871
1446768190334
1446768191745
1446768193110
1446768194575
1446768195969
1446768197455
1446768198948
1446768200400
1446768201834
1446768203287
1446768204714
1446768206127
1446768207561
1446768209019
1446768210471
1446768211835
1446768213227
1446768214651
1446768216137
1446768217648
1446768219006
1446768220508
1446768221961
1446768223395
1446768224870
1446768226337
1446768227778
1446768229289
1446768230750
1446768232216
1446768233590
1446768234949
1446768236376
1446768237733
1446768239130
1446768240579
1446768241997
1446768243363
1446768244787
1446768246129
1446768247526
1446768248951
1446768250360
1446768251817
1446768253126
1446768254467
1446768255866
1446768257364
1446768258808
1446768260271
1446768261680
1446768263129
1446768264536
1446768265877
1446768267227
1446768268584
1446768270001
1446768271442
1446768272776
1446768274266
1446768275656
1446768277071
1446768278556
1446768279930
1446768281378
1446768282771
1446768284261
1446768285652
1446768287076
1446768288426
1446768289783
1446768291115
1446768292481
1446768293941
1446768295355
1446768296813
1446768298620
1446768300062
1446768301453
1446768302794
1446768304211
1446768305659
1446768307066
1446768308491
1446768309942
1446768311381
1446768312756
1446768314074
1446768315504
1446768316863
1446768318213
1446768319721
1446768321200
1446768322685
1446768324102
1446768325617
1446768327098
1446768328492
1446768329988
1446768331429
1446768332832
1446768334330
1446768335786
1446768337180
1446768338662
1446768340094
1446768341543
1446768342911
1446768344392
1446768345785
1446768347201
1446768348665
1446768350139
1446768351490
1446768352923
1446768354361
1446768355672
1446768357082
1446768358570
1446768360092
1446768361456
1446768362835
1446768364407
1446768365792
1446768367241
1446768368702
1446768370147
1446768371588
1446768373056
1446768374498
1446768375986
1446768377454
1446768378902
1446768380394
1446768381777
1446768383168
1446768384644
1446768386042
1446768387474
1446768388900
1446768390370
1446768391830
1446768393278
1446768394697
1446768396112
1446768397578
1446768398995
1446768400402
1446768401811
1446768403217
1446768404624
1446768406066
1446768407471
1446768408863
1446768410296
1446768411787
1446768413187
1446768414620
1446768416061
1446768417819
1446768419314
1446768420718
1446768422124
1446768423549
1446768425085
1446768426441
1446768427823
1446768429283
1446768430631
1446768432038
1446768433470
1446768434919
1446768436351
1446768437767
1446768439169
1446768440601
1446768442025
1446768443408
1446768444832
1446768446295
1446768447728
1446768449113
1446768450495
1446768451830
1446768453220
1446768455461
1446768456794
1446768458168
1446768459559
1446768460959
1446768462366
1446768463740
1446768465114
1446768466546
1446768467960
1446768469363
1446768470754
1446768472170
1446768473545
1446768475441
1446768476858
1446768478234
1446768479682
1446768481407
1446768482862
1446768484406
1446768485888
1446768487344
1446768488786
1446768490251
1446768491677
1446768493126
1446768494494
1446768495923
1446768497333
1446768498783
1446768500208
1446768501659
1446768503153
1446768504595
1446768506036
1446768507399
1446768508871
1446768510417
1446768511711
1446768513069
1446768514628
1446768516024
1446768517417
1446768518805
1446768520226
1446768521632
1446768523059
1446768524563
1446768525930
1446768527387
1446768528795
1446768530152
1446768531543
1446768532960
1446768534375
1446768535817
1446768537273
1446768538724
1446768540099
1446768541553
1446768542964
1446768544480
1446768545872
1446768547221
1446768548695
1446768550095
1446768551535
1446768553009
1446768554407
1446768555751
1446768557131
1446768558557
1446768560062
1446768561546
1446768562939
1446768564363
1446768565803
1446768567187
1446768568651
1446768570150
1446768571527
1446768572901
1446768574276
1446768576674
1446768578170
1446768579687
1446768581187
1446768582647
1446768584046
1446768585420
1446768586836
1446768588261
1446768589707
1446768591019
1446768592409
1446768594726
1446768596123
1446768597615
1446768599006
1446768600439
1446768601805
1446768603188
1446768604628
1446768606019
1446768607454
1446768608860
1446768610307
1446768611764
1446768613183
1446768614575
1446768616043
1446768617440
1446768618847
1446768620647
1446768622054
1446768623437
1446768624984
1446768626441
1446768627802
1446768629227
1446768630657
1446768632091
1446768633564
1446768635090
1446768636558
1446768638011
1446768639402
1446768640763
1446768642207
1446768643578
1446768644894
1446768646368
1446768647859
1446768649300
1446768650768
1446768652158
1446768653547
1446768655046
1446768656483
1446768657955
1446768659671
1446768661118
1446768662851
1446768664309
1446768665792
1446768667209
1446768668558
1446768670015
1446768671438
1446768672887
1446768674281
1446768675741
1446768677172
1446768678611
1446768680078
1446768681508
1446768686016
1446768687466
1446768688897
1446768690404
1446768691838
1446768693328
1446768694754
1446768696210
1446768697576
1446768698934
1446768700300
1446768701742
1446768703151
1446768704599
1446768706083
1446768707433
1446768708791
1446768710215
1446768711685
1446768713178
1446768714594
1446768716044
1446768717476
1446768718910
1446768720384
1446768721818
1446768723259
1446768724601
1446768726017
1446768727408
1446768728857
1446768730239
1446768731621
1446768732997
1446768734313
1446768735654
1446768737112
1446768738527
1446768739960
1446768741376
1446768742750
1446768744134
1446768745425
1446768746914
1446768748257
1446768749748
1446768751202
1446768752628
1446768754053
1446768755577
1446768756961
1446768758369
1446768759777
1446768761308
1446768763626
1446768764991
1446768766433
1446768767902
1446768769239
1446768770639
1446768772071
1446768773512
1446768774870
1446768776220
1446768777561
1446768778868
1446768780218
1446768782558
1446768784005
1446768785349
1446768786765
1446768788196
1446768789690
1446768791029
1446768792456
1446768793828
1446768795303
1446768796734
1446768798501
1446768799967
1446768801365
1446768802866
1446768804259
1446768805747
1446768807164
1446768808640
1446768810111
1446768812644
1446768814003
1446768815467
1446768816868
1446768818268
1446768820806
1446768822289
1446768823690
1446768825136
1446768826595
1446768828030
1446768829502
1446768830935
1446768832404
1446768833874
1446768835367
1446768836791
1446768838101
1446768839473
1446768840930
1446768842357
1446768843756
1446768845546
1446768846980
1446768848454
1446768850014
1446768851486
1446768852959
1446768854375
1446768855833
1446768857223
1446768858675
1446768860064
1446768861472
1446768862955
1446768864412
1446768865835
1446768867261
1446768868729
1446768870226
1446768871710
1446768873174
1446768874623
1446768876084
1446768877488
1446768878883
1446768880376
1446768881804
1446768883330
1446768884697
1446768886023
1446768887429
1446768888948
1446768890360
1446768891775
1446768893250
1446768894706
1446768896075
1446768897458
1446768898884
1446768900330
1446768901811
1446768903245
1446768904703
1446768906161
1446768907512
1446768908911
1446768910369
1446768911735
1446768913159
1446768914575
1446768916048
1446768917522
1446768919807
1446768921219
1446768922612
1446768924987
1446768926403
1446768927809
1446768929250
1446768930725
1446768932099
1446768933540
1446768934973
1446768936307
1446768937798
1446768939230
1446768940664
1446768942158
1446768943605
1446768944945
1446768946419
1446768947901
1446768949367
1446768950901
1446768952299
1446768953741
1446768955230
1446768956655
1446768958136
1446768959611
1446768961102
1446768962542
1446768963918
1446768965359
1446768966752
1446768968143
1446768969556
1446768970950
1446768972408
1446768973913
1446768975283
1446768976740
1446768978195
1446768979620
1446768981019
1446768982478
1446768983893
1446768985300
1446768986683
1446768988119
1446768989498
1446768990892
1446768992331
1446768994089
1446768995556
1446768996972
1446768998346
1446768999713
1446769001202
1446769002601
1446769004067
1446769005550
1446769007034
1446769008417
1446769009817
1446769011272
1446769012724
1446769014146
1446769015630
1446769017103
1446769018611
1446769020129
1446769021556
1446769023050
1446769024793
1446769026251
1446769027709
1446769029183
1446769030665
1446769032057
1446769033398
1446769034781
1446769036221
1446769037602
1446769039052
1446769040512
1446769041867
1446769043343
1446769044791
1446769046176
1446769047533
1446769048949
1446769050365
1446769051682
1446769053097
1446769054463
1446769055979
1446769057387
1446769058778
1446769060272
1446769061793
1446769063159
1446769064549
1446769066033
1446769067468
1446769068866
1446769070308
1446769071689
1446769073081
1446769074513
1446769075961
1446769077379
1446769078851
1446769080336
1446769081759
1446769083158
1446769085542
1446769086949
1446769088349
1446769089796
1446769091188
1446769092588
1446769093922
1446769095420
1446769096836
1446769098236
1446769099752
1446769101257
1446769102758
1446769104220
1446769105633
1446769106999
1446769108448
1446769109839
1446769111180
1446769112640
1446769114085
1446769115527
1446769116938
1446769118375
1446769119782
1446769121292
1446769122783
1446769124189
1446769125690
1446769128163
1446769129555
1446769131046
1446769132504
1446769133945
1446769135328
1446769136810
1446769138200
1446769139658
1446769141183
1446769142606
1446769144081
1446769145532
1446769147019
1446769148461
1446769149846
1446769151337
1446769152810
1446769154258
1446769155684
1446769157111
1446769158539
1446769159957
1446769161390
1446769162813
1446769164356
1446769165870
1446769167277
1446769168622
1446769170078
1446769171437
1446769172770
1446769174144
1446769175608
1446769177120
1446769178557
1446769179908
1446769181777
1446769183238
1446769184701
1446769186245
1446769187728
1446769189146
1446769190503
1446769191846
1446769193301
1446769194790
1446769196101
1446769197503
1446769198851
1446769200479
1446769201947
1446769203382
1446769205146
1446769206572
1446769208027
1446769209370
1446769211151
1446769212609
1446769214092
1446769215642
1446769217099
1446769218474
1446769219882
1446769221403
1446769222814
1446769224214
1446769225597
1446769226986
1446769228453
1446769229913
1446769231352
1446769232702
1446769234095
1446769235493
1446769236925
1446769238318
1446769239682
1446769241172
1446769242556
1446769243855
1446769245179
1446769246651
1446769247979
1446769249444
1446769250826
1446769252119
1446769253468
1446769255808
1446769257174
1446769258621
1446769260046
1446769261431
1446769262913
1446769264356
1446769265762
1446769267253
1446769268696
1446769270168
1446769271657
1446769273090
1446769274558
1446769276074
1446769277542
1446769278914
1446769280357
