1446800769800
1446800772140
1446800772507
1446800772849
1446800773183
1446800773534
1446800773893
1446800774244
1446800774578
1446800774945
1446800775355
1446800775714
1446800776056
1446800776382
1446800776725
1446800777058
1446800777401
1446800777710
1446800778052
1446800778428
1446800778779
1446800779105
1446800779431
1446800779782
1446800780124
1446800780442
1446800780801
1446800781209
1446800781528
1446800781895
1446800782213
1446800782547
1446800782872
1446800783214
1446800783564
1446800783890
1446800784232
1446800784558
1446800784976
1446800785301
1446800785644
1446800785994
1446800786337
1446800786654
1446800787005
1446800787322
1446800787664
1446800788066
1446800788408
1446800788742
1446800789077
1446800789411
1446800789744
1446800790087
1446800790412
1446800790762
1446800791122
1446800791506
1446800791823
1446800792174
1446800792491
1446800792817
1446800793168
1446800793502
1446800793819
1446800794162
1446800794563
1446800794872
1446800795223
1446800795557
1446800795941
1446800796316
1446800796659
1446800796968
1446800797319
1446800797712
1446800798029
1446800798364
1446800798706
1446800799024
1446800799383
1446800799700
1446800800034
1446800800420
1446800800762
1446800801079
1446800801438
1446800801756
1446800802106
1446800802440
1446800802783
1446800803159
1446800803502
1446800803827
1446800804145
1446800804489
1446800804923
1446800805257
1446800805672
1446800806000
1446800806343
1446800806693
1446800807043
1446800807393
1446800807744
1446800808078
1446800808412
1446800808746
1446800809080
1446800809430
1446800809824
1446800810150
1446800810475
1446800810843
1446800811210
1446800811544
1446800811870
1446800812212
1446800812605
1446800812931
1446800813273
1446800813590
1446800813950
1446800814283
1446800814626
1446800814977
1446800815353
1446800815737
1446800816071
1446800816405
1446800816731
1446800817082
1446800817425
1446800817742
1446800818093
1446800818477
1446800818795
1446800819121
1446800819455
1446800819781
1446800820123
1446800820457
1446800820792
1446800821210
1446800821544
1446800821902
1446800822261
1446800822595
1446800822937
1446800823279
1446800823630
1446800823956
1446800824315
1446800824792
1446800825135
1446800825460
1446800825794
1446800826103
1446800826446
1446800826763
1446800827114
1446800827522
1446800827857
1446800828207
1446800828550
1446800828875
1446800829218
1446800829543
1446800829887
1446800830297
1446800830623
1446800830973
1446800831331
1446800831674
1446800832016
1446800832341
1446800832692
1446800833034
1446800833360
1446800833720
1446800834137
1446800834463
1446800834839
1446800835172
1446800835522
1446800835865
1446800836215
1446800836550
1446800836867
1446800837209
1446800837636
1446800837978
1446800838320
1446800838638
1446800839022
1446800839356
1446800839682
1446800840058
1446800840478
1446800840802
1446800841144
1446800841486
1446800841836
1446800842179
1446800842496
1446800842846
1446800843180
1446800843514
1446800843848
1446800844265
1446800844593
1446800844994
1446800845345
1446800845679
1446800845996
1446800846330
1446800846740
1446800847074
1446800847408
1446800847734
1446800848067
1446800848410
1446800848743
1446800849077
1446800849403
1446800849745
1446800850147
1446800850481
1446800850823
1446800851140
1446800851491
1446800851800
1446800852143
1446800852460
1446800852828
1446800853230
1446800853571
1446800853931
1446800854247
1446800854598
1446800854915
1446800855257
1446800855599
1446800855908
1446800856251
1446800856629
1446800856970
1446800857328
1446800857671
1446800858005
1446800858322
1446800858681
1446800858999
1446800859365
1446800859716
1446800860151
1446800860460
1446800860810
1446800861128
1446800861469
1446800861812
1446800862146
1446800862488
1446800862806
1446800863148
1446800863541
1446800863900
1446800864234
1446800864552
1446800864936
1446800865270
1446800865596
1446800865938
1446800866305
1446800866672
1446800867065
1446800867390
1446800867732
1446800868058
1446800868392
1446800868709
1446800869044
1446800869378
1446800869821
1446800870147
1446800870481
1446800870807
1446800871141
1446800871483
1446800871826
1446800872143
1446800872502
1446800872912
1446800873254
1446800873604
1446800873962
1446800874305
1446800874647
1446800874998
1446800875341
1446800875666
1446800875992
1446800876777
1446800877119
1446800877453
1446800877770
1446800878104
1446800878422
1446800878756
1446800879098
1446800879424
1446800879860
1446800880202
1446800880536
1446800880887
1446800881221
1446800881563
1446800881897
1446800882265
1446800882689
1446800883025
1446800883367
1446800883693
1446800884061
1446800884412
1446800884721
1446800885122
1446800885539
1446800885874
1446800886225
1446800886567
1446800886901
1446800887235
1446800887577
1446800887911
1446800888262
1446800888629
1446800888987
1446800889397
1446800889756
1446800890115
1446800890474
1446800890791
1446800891134
1446800891460
1446800891836
1446800892254
1446800892587
1446800892945
1446800893287
1446800893638
1446800893963
1446800894297
1446800894632
1446800894990
1446800895308
1446800895650
1446800896051
1446800896377
1446800896728
1446800897054
1446800897388
1446800897747
1446800898089
1446800898415
1446800898859
1446800899201
1446800899559
1446800899919
1446800900252
1446800900602
1446800900961
1446800901303
1446800901661
1446800902021
1446800902355
1446800902721
1446800903064
1446800903422
1446800903781
1446800904182
1446800904499
1446800904866
1446800905217
1446800905551
1446800905868
1446800906219
1446800906528
1446800906862
1446800907280
1446800907614
1446800907948
1446800908299
1446800908633
1446800908958
1446800909301
1446800909635
1446800910002
1446800910412
1446800910763
1446800911105
1446800911439
1446800911797
1446800912140
1446800912482
1446800912832
1446800913198
1446800913840
1446800914166
1446800914500
1446800914978
1446800915296
1446800915646
1446800915989
1446800916323
1446800916648
1446800916983
1446800917392
1446800917718
1446800918044
1446800918387
1446800918721
1446800919063
1446800919380
1446800919739
1446800920065
1446800920491
1446800920808
1446800921159
1446800921484
1446800921827
1446800922169
1446800922512
1446800922837
1446800923188
1446800923581
1446800923890
1446800924233
1446800924558
1446800924901
1446800925253
1446800925586
1446800925929
1446800926330
1446800926664
1446800926998
1446800927349
1446800928024
1446800928358
1446800928692
1446800929068
1446800929402
1446800929788
1446800930113
1446800930430
1446800930756
1446800931074
1446800931400
1446800931742
1446800932084
1446800932426
1446800932836
1446800933486
1446800933845
1446800934171
1446800934505
1446800934847
1446800935174
1446800935508
1446800935892
1446800936210
1446800936544
1446800936861
1446800937212
1446800937554
1446800937897
1446800938223
1446800938582
1446800938983
1446800939317
1446800939667
1446800940033
1446800940367
1446800940718
1446800941052
1446800941386
1446800941728
1446800942045
1446800942413
1446800942807
1446800943132
1446800943466
1446800943792
1446800944159
1446800944493
1446800944836
1446800945202
1446800945537
1446800945922
1446800946247
1446800946589
1446800946915
1446800947573
1446800947916
1446800948266
1446800948608
1446800948951
1446800949618
1446800950062
1446800950405
1446800950747
1446800951073
1446800951466
1446800951791
1446800952150
1446800952569
1446800952902
1446800953236
1446800953570
1446800953904
1446800954222
1446800954573
1446800954924
1446800955375
1446800955709
1446800956052
1446800956377
1446800956729
1446800957070
1446800957405
1446800957747
1446800958106
1446800958481
1446800958890
1446800959200
1446800959533
1446800959876
1446800960235
1446800960577
1446800960920
1446800961262
1446800961603
1446800961954
1446800962305
1446800962663
1446800963075
1446800963398
1446800963764
1446800964124
1446800964457
1446800964824
1446800965175
1446800965517
1446800965859
1446800966235
1446800966577
1446800966987
1446800967329
1446800967655
1446800967981
1446800968315
1446800968632
1446800968974
1446800969301
1446800969660
1446800970069
1446800970403
1446800970778
1446800971136
1446800971487
1446800971812
1446800972154
1446800972488
1446800972822
1446800973164
1446800973482
1446800973849
1446800974267
1446800974609
1446800974960
1446800975286
1446800975620
1446800975954
1446800976288
1446800976639
1446800977006
1446800977399
1446800977766
1446800978408
1446800978758
1446800979076
1446800979410
1446800979727
1446800980061
1446800980370
1446800980696
1446800981098
1446800981449
1446800981758
1446800982101
1446800982443
1446800982777
1446800983102
1446800983445
1446800983846
1446800984197
1446800984548
1446800984850
1446800985276
1446800985585
1446800985951
1446800986294
1446800986695
1446800987021
1446800987371
1446800987689
1446800988023
1446800988357
1446800988699
1446800989050
1446800989384
1446800989760
1446800990103
1446800990445
1446800990771
1446800991113
1446800991447
1446800991781
1446800992115
1446800992466
1446800992884
1446800993193
1446800993544
1446800993886
1446800994220
1446800994537
1446800994871
1446800995189
1446800995531
1446800995941
1446800996275
1446800996626
1446800996943
1446800997286
1446800997628
1446800997969
1446800998327
1446800998661
1446800998987
1446800999313
1446800999728
1446801000082
1446801000432
1446801000774
1446801001109
1446801001434
1446801001777
1446801002102
1446801002445
1446801002830
1446801003164
1446801003473
1446801003816
1446801004133
1446801004467
1446801004836
1446801005236
1446801005594
1446801006004
1446801006337
1446801006680
1446801007013
1446801007347
1446801007673
1446801008016
1446801008333
1446801008667
1446801009080
1446801009402
1446801009762
1446801010095
1446801010464
1446801010789
1446801011107
1446801011466
1446801011859
1446801012202
1446801012519
1446801012845
1446801013179
1446801013505
1446801013831
1446801014165
1446801014558
1446801014875
1446801015226
1446801015569
1446801015886
1446801016237
1446801016562
1446801016896
1446801017222
1446801017572
1446801017930
1446801018333
1446801018657
1446801019015
1446801019349
1446801019683
1446801020101
1446801020442
1446801020809
1446801021159
1446801021485
1446801021827
1446801022168
1446801022528
1446801022921
1446801023238
1446801023564
1446801023881
1446801024214
1446801024557
1446801024899
1446801025233
1446801025567
1446801025901
1446801026302
1446801026636
1446801026987
1446801027304
1446801027656
1446801027973
1446801028331
1446801028666
1446801029016
1446801029383
1446801029793
1446801030135
1446801030469
1446801030811
1446801031145
1446801031479
1446801031813
1446801032122
1446801032473
1446801032869
1446801033184
1446801033518
1446801033852
1446801034186
1446801034503
1446801034837
1446801035146
1446801035480
1446801035891
1446801036225
1446801036550
1446801036885
1446801037219
1446801037561
1446801037887
1446801038229
1446801038579
1446801038956
1446801039281
1446801039623
1446801039974
1446801040316
1446801040634
1446801040960
1446801041311
1446801041713
1446801042071
1446801042430
1446801042788
1446801043131
1446801043473
1446801043807
1446801044150
1446801044484
1446801044809
1446801045203
1446801045536
1446801045871
1446801046196
1446801046530
1446801046839
1446801047173
1446801047482
1446801047834
1446801048234
1446801048543
1446801048893
1446801049228
1446801049570
1446801049920
1446801050279
1446801050629
1446801051022
1446801051347
1446801051681
1446801052074
1446801052400
1446801052734
1446801053060
1446801053403
1446801053736
1446801054079
1446801054396
1446801054755
1446801055215
1446801055557
1446801055907
1446801056265
1446801056599
1446801056950
1446801057275
1446801057601
1446801057944
1446801058269
1446801058629
1446801059035
1446801059364
1446801059698
1446801060015
1446801060349
1446801060683
1446801061042
1446801061368
1446801061710
1446801062044
1446801062394
1446801062795
1446801063120
1446801063479
1446801063813
1446801064181
1446801064498
1446801064841
1446801065208
1446801065549
1446801065900
1446801066285
1446801066594
1446801066936
1446801067254
1446801067588
1446801067930
1446801068264
1446801068581
1446801068932
1446801069325
1446801069659
1446801069985
1446801070327
1446801070661
1446801071013
1446801071347
1446801071673
1446801072074
1446801072425
1446801072774
1446801073126
1446801073459
1446801073810
1446801074144
1446801074510
1446801074869
1446801075212
1446801075546
1446801075939
1446801076248
1446801076582
1446801076908
1446801077234
1446801077576
1446801077918
1446801078236
1446801078578
1446801078979
1446801079313
1446801079639
1446801079965
1446801080316
1446801080650
1446801080968
1446801081302
1446801081695
1446801082012
1446801082346
1446801082680
1446801083014
1446801083348
1446801083682
1446801084016
1446801084359
1446801084777
1446801085094
1446801085445
1446801085762
1446801086130
1446801086472
1446801086830
1446801087188
1446801087539
1446801087873
1446801088199
1446801088596
1446801088934
1446801089260
1446801089602
1446801089928
1446801090262
1446801090596
1446801090913
1446801091247
1446801091649
1446801091984
1446801092301
1446801092643
1446801092969
1446801093319
1446801093678
1446801094063
1446801094489
1446801094815
1446801095217
1446801095534
1446801095885
1446801096202
1446801096552
1446801096912
1446801097313
1446801097630
1446801097973
1446801098290
1446801098616
1446801098958
1446801099300
1446801099618
1446801099952
1446801100311
1446801100660
1446801101062
1446801101404
1446801101738
1446801102071
1446801102406
1446801102731
1446801103066
1446801103399
1446801103733
1446801104140
1446801104469
1446801104811
1446801105162
1446801105504
1446801105838
1446801106172
1446801106490
1446801106815
1446801107217
1446801107542
1446801107892
1446801108227
1446801108552
1446801108894
1446801109237
1446801109971
1446801110346
1446801110680
1446801111090
1446801111424
1446801111758
1446801112084
1446801112427
1446801112768
1446801113118
1446801113468
1446801113802
1446801114128
1446801114470
1446801114871
1446801115197
1446801115540
1446801115874
1446801116250
1446801116583
1446801116926
1446801117235
1446801117561
1446801117971
1446801118304
1446801118647
1446801118989
1446801119339
1446801119689
1446801120023
1446801120340
1446801120690
