1446800007601
1446800009769
1446800010128
1446800010462
1446800010779
1446800011130
1446800011456
1446800011815
1446800012266
1446800012600
1446800012943
1446800013294
1446800013644
1446800013978
1446800014329
1446800014646
1446800014972
1446800015380
1446800015699
1446800016033
1446800016384
1446800016726
1446800017043
1446800017394
1446800017703
1446800018037
1446800018414
1446800018740
1446800019057
1446800019400
1446800019717
1446800020052
1446800020394
1446800020736
1446800021187
1446800021530
1446800021864
1446800022181
1446800022515
1446800022832
1446800023167
1446800023585
1446800023994
1446800024312
1446800024663
1446800024980
1446800025314
1446800025656
1446800025999
1446800026324
1446800026676
1446800027085
1446800027419
1446800027753
1446800028087
1446800028446
1446800028806
1446800029131
1446800029465
1446800029875
1446800030201
1446800030535
1446800030878
1446800031212
1446800031546
1446800031872
1446800032206
1446800032573
1446800032983
1446800033316
1446800033674
1446800034034
1446800034368
1446800034694
1446800035036
1446800035354
1446800035688
1446800036082
1446800036424
1446800036741
1446800037084
1446800037409
1446800037735
1446800038078
1446800038429
1446800038830
1446800039180
1446800039514
1446800039832
1446800040183
1446800040516
1446800040867
1446800041234
1446800041577
1446800041978
1446800042321
1446800042663
1446800042980
1446800043323
1446800043657
1446800043991
1446800044317
1446800044709
1446800045059
1446800045477
1446800045811
1446800046145
1446800046470
1446800046812
1446800047145
1446800047488
1446800047830
1446800048156
1446800048490
1446800048926
1446800049260
1446800049619
1446800049961
1446800050279
1446800050629
1446800050947
1446800051289
1446800051699
1446800052033
1446800052375
1446800052734
1446800053068
1446800053403
1446800053746
1446800054096
1446800054498
1446800054840
1446800055174
1446800055491
1446800055834
1446800056159
1446800056493
1446800056819
1446800057153
1446800057546
1446800057872
1446800058198
1446800058515
1446800058858
1446800059217
1446800059534
1446800059877
1446800060278
1446800060604
1446800060947
1446800061280
1446800061623
1446800061957
1446800062308
1446800062625
1446800062976
1446800063452
1446800063778
1446800064104
1446800064438
1446800064764
1446800065107
1446800065432
1446800065790
1446800066124
1446800066517
1446800066843
1446800067185
1446800067511
1446800067845
1446800068162
1446800068522
1446800068830
1446800069198
1446800069608
1446800069925
1446800070267
1446800070593
1446800070927
1446800071269
1446800071604
1446800071929
1446800072263
1446800072622
1446800072980
1446800073415
1446800073757
1446800074116
1446800074441
1446800074775
1446800075113
1446800075469
1446800075811
1446800076145
1446800076564
1446800076889
1446800077239
1446800077582
1446800077924
1446800078258
1446800078600
1446800078934
1446800079277
1446800079684
1446800080004
1446800080354
1446800080696
1446800081030
1446800081372
1446800081706
1446800082041
1446800082358
1446800082700
1446800083102
1446800083452
1446800084120
1446800084445
1446800084796
1446800085147
1446800085513
1446800085855
1446800086197
1446800086523
1446800086857
1446800087270
1446800087584
1446800087918
1446800088260
1446800088603
1446800088912
1446800089247
1446800089606
1446800090015
1446800090366
1446800090700
1446800091018
1446800091344
1446800091694
1446800092027
1446800092353
1446800092678
1446800093028
1446800093388
1446800093780
1446800094106
1446800094457
1446800094782
1446800095140
1446800095475
1446800095834
1446800096201
1446800096535
1446800096869
1446800097220
1446800097613
1446800097955
1446800098264
1446800098615
1446800098932
1446800099290
1446800099633
1446800099975
1446800100309
1446800100705
1446800101028
1446800101362
1446800101696
1446800102030
1446800102347
1446800102698
1446800103015
1446800103447
1446800103768
1446800104112
1446800104470
1446800104804
1446800105154
1446800105489
1446800105823
1446800106157
1446800106550
1446800106884
1446800107226
1446800107535
1446800107877
1446800108186
1446800108512
1446800108846
1446800109189
1446800109582
1446800109926
1446800110260
1446800110602
1446800110961
1446800111278
1446800111628
1446800111996
1446800112397
1446800112714
1446800113065
1446800113383
1446800113725
1446800114068
1446800114385
1446800114720
1446800115117
1446800115447
1446800115781
1446800116131
1446800116466
1446800116783
1446800117142
1446800117459
1446800117810
1446800118238
1446800118629
1446800118955
1446800119306
1446800119648
1446800119990
1446800120325
1446800120667
1446800121085
1446800121427
1446800121761
1446800122079
1446800122429
1446800122755
1446800123106
1446800123474
1446800124001
1446800124343
1446800124710
1446800125044
1446800125386
1446800125729
1446800126079
1446800126445
1446800126787
1446800127121
1446800127456
1446800127879
1446800128216
1446800128558
1446800128909
1446800129251
1446800129586
1446800129936
1446800130270
1446800130628
1446800130996
1446800131397
1446800131731
1446800132082
1446800132416
1446800132750
1446800133092
1446800133426
1446800133760
1446800134111
1446800134522
1446800134855
1446800135189
1446800135531
1446800135890
1446800136241
1446800136567
1446800136892
1446800137234
1446800137568
1446800137901
1446800138311
1446800138636
1446800138978
1446800139329
1446800139646
1446800140012
1446800140355
1446800140680
1446800141047
1446800141389
1446800141723
1446800142073
1446800142416
1446800142791
1446800143149
1446800143559
1446800143885
1446800144210
1446800144545
1446800144870
1446800145204
1446800145522
1446800145881
1446800146268
1446800146616
1446800146959
1446800147276
1446800147635
1446800147969
1446800148320
1446800148645
1446800149038
1446800149413
1446800149807
1446800150131
1446800150489
1446800150824
1446800151166
1446800151500
1446800151834
1446800152185
1446800152502
1446800152861
1446800153264
1446800153596
1446800153939
1446800154256
1446800154590
1446800154916
1446800155267
1446800155575
1446800155901
1446800156252
1446800156593
1446800156986
1446800157320
1446800157654
1446800157988
1446800158330
1446800158673
1446800159015
1446800159357
1446800159700
1446800160110
1446800160452
1446800160794
1446800161161
1446800161495
1446800161813
1446800162147
1446800162481
1446800162815
1446800163223
1446800163617
1446800163968
1446800164319
1446800164678
1446800165036
1446800165379
1446800165704
1446800166047
1446800166465
1446800166799
1446800167150
1446800167467
1446800167809
1446800168127
1446800168469
1446800168863
1446800169238
1446800169639
1446800169989
1446800170323
1446800170641
1446800170975
1446800171292
1446800171627
1446800171960
1446800172294
1446800172712
1446800173038
1446800173380
1446800173732
1446800174057
1446800174383
1446800174709
1446800175060
1446800175478
1446800175795
1446800176153
1446800176503
1446800176846
1446800177188
1446800177530
1446800177864
1446800178206
1446800178532
1446800178984
1446800179293
1446800179636
1446800179953
1446800180295
1446800180613
1446800180955
1446800181281
1446800181615
1446800182012
1446800182359
1446800182709
1446800183059
1446800183377
1446800183726
1446800184069
1446800184403
1446800184737
1446800185071
1446800185413
1446800185815
1446800186175
1446800186509
1446800186851
1446800187235
1446800187577
1446800187903
1446800188254
1446800188680
1446800189006
1446800189373
1446800189690
1446800190025
1446800190367
1446800190701
1446800191018
1446800191736
1446800192137
1446800192463
1446800192797
1446800193139
1446800193475
1446800193934
1446800194380
1446800194722
1446800195056
1446800195381
1446800195714
1446800196091
1446800196425
1446800196784
1446800197174
1446800197502
1446800197844
1446800198178
1446800198495
1446800198845
1446800199187
1446800199504
1446800199854
1446800200197
1446800200539
1446800200897
1446800201257
1446800201666
1446800201975
1446800202326
1446800202643
1446800202985
1446800203320
1446800203654
1446800204004
1446800204355
1446800204781
1446800205115
1446800205450
1446800205809
1446800206135
1446800206469
1446800206795
1446800207153
1446800207512
1446800207871
1446800208229
1446800208630
1446800208990
1446800209315
1446800209649
1446800209975
1446800210309
1446800210635
1446800210986
1446800211366
1446800211687
1446800212022
1446800212347
1446800212690
1446800213032
1446800213366
1446800213692
1446800214042
1446800214401
1446800214794
1446800215129
1446800215454
1446800215788
1446800216114
1446800216440
1446800216774
1446800217108
1446800217458
1446800217868
1446800218210
1446800218544
1446800218878
1446800219212
1446800219521
1446800219863
1446800220180
1446800220523
1446800220938
1446800221267
1446800221616
1446800221968
1446800222309
1446800222643
1446800222961
1446800223303
1446800223638
1446800224082
1446800224466
1446800224792
1446800225142
1446800225468
1446800225794
1446800226136
1446800226487
1446800226837
1446800227247
1446800227580
1446800227923
1446800228240
1446800228583
1446800228933
1446800229276
1446800229626
1446800230071
1446800230396
1446800230730
1446800231056
1446800231407
1446800231749
1446800232083
1446800232417
1446800232785
1446800233177
1446800233495
1446800233829
1446800234154
1446800234489
1446800234822
1446800235156
1446800235474
1446800235808
1446800236209
1446800236560
1446800236902
1446800237236
1446800237579
1446800237913
1446800238247
1446800238573
1446800239025
1446800239359
1446800239701
1446800240043
1446800240376
1446800240727
1446800241045
1446800241403
1446800241745
1446800242079
1446800242413
1446800242808
1446800243132
1446800243474
1446800243808
1446800244151
1446800244460
1446800244802
1446800245128
1446800245462
1446800245872
1446800246206
1446800246540
1446800246890
1446800247233
1446800247858
1446800248185
1446800248527
1446800248920
1446800249246
1446800249580
1446800249956
1446800250290
1446800250624
1446800250958
1446800251284
1446800251643
1446800252044
1446800252378
1446800252719
1446800253061
1446800253395
1446800253721
1446800254071
1446800254389
1446800254747
1446800255097
1446800255439
1446800255782
1446800256149
1446800256562
1446800256901
1446800257251
1446800257602
1446800257935
1446800258277
1446800258620
1446800258953
1446800259604
1446800259930
1446800260272
1446800260631
1446800261049
1446800261391
1446800261741
1446800262075
1446800262409
1446800262735
1446800263077
1446800263403
1446800263881
1446800264232
1446800264557
1446800264924
1446800265267
1446800265601
1446800265927
1446800266286
1446800266696
1446800267021
1446800267372
1446800267681
1446800268023
1446800268374
1446800268725
1446800269084
1446800269435
1446800269836
1446800270153
1446800270471
1446800270806
1446800271131
1446800271474
1446800271799
1446800272133
1446800272527
1446800272853
1446800273179
1446800273513
1446800273855
1446800274197
1446800274540
1446800274882
1446800275241
1446800275651
1446800275984
1446800276327
1446800276669
1446800277053
1446800277370
1446800277713
1446800278064
1446800278451
1446800278800
1446800279158
1446800279499
1446800279834
1446800280168
1446800280502
1446800280837
1446800281179
1446800281513
1446800281901
1446800282231
1446800282565
1446800282908
1446800283250
1446800283567
1446800283919
1446800284261
1446800284686
1446800285005
1446800285363
1446800285721
1446800286073
1446800286423
1446800286789
1446800287132
1446800287449
1446800287816
1446800288150
1446800288492
1446800288937
1446800289288
1446800289613
1446800289955
1446800290298
1446800290632
1446800290966
1446800291325
1446800291735
1446800292052
1446800292394
1446800292703
1446800293053
1446800293379
1446800293713
1446800294064
1446800294406
1446800294740
1446800295150
1446800295892
1446800296226
1446800296543
1446800296886
1446800297195
1446800297537
1446800297847
1446800298189
1446800298556
1446800298974
1446800299324
1446800299674
1446800300016
1446800300333
1446800300683
1446800301018
1446800301351
1446800301694
1446800302011
1446800302353
1446800302696
1446800303105
1446800303439
1446800303807
1446800304199
1446800304525
1446800304859
1446800305185
1446800305519
1446800305920
1446800306246
1446800306580
1446800306939
1446800307273
1446800307599
1446800307941
1446800308250
1446800308592
1446800308994
1446800309328
1446800309670
1446800309987
1446800310330
1446800310664
1446800311006
1446800311332
1446800311666
1446800312033
1446800312434
1446800312768
1446800313102
1446800313428
1446800313753
1446800314387
1446800314738
1446800315072
1446800315406
1446800315802
1446800316125
1446800316459
1446800316809
1446800317152
1446800317478
1446800317820
1446800318137
1446800318480
1446800318915
1446800319249
1446800319566
1446800319909
1446800320243
1446800320594
1446800320911
1446800321262
1446800321621
1446800322030
1446800322372
1446800322706
1446800323090
1446800323432
1446800323751
1446800324101
1446800324444
1446800324802
1446800325195
1446800325521
1446800325846
1446800326180
1446800326523
1446800326848
1446800327191
1446800327516
1446800327859
1446800328268
1446800328594
1446800328954
1446800329296
1446800329630
1446800329965
1446800330299
1446800330641
1446800330991
1446800331401
1446800331735
1446800332069
1446800332403
1446800332745
1446800333071
1446800333413
1446800333739
1446800334088
1446800334448
1446800334841
1446800335150
1446800335492
1446800335818
1446800336143
1446800336494
1446800336853
1446800337179
1446800337513
1446800338172
1446800338530
1446800338940
1446800339274
1446800339599
1446800339933
1446800340259
1446800340585
1446800340919
1446800341245
1446800341638
1446800341955
1446800342281
1446800342598
1446800342933
1446800343266
1446800343609
1446800343926
1446800344366
1446800344695
1446800345030
1446800345363
1446800345722
1446800346056
1446800346398
1446800346732
1446800347075
1446800347434
1446800347827
1446800348161
1446800348495
1446800348812
1446800349171
1446800349481
1446800349832
1446800350250
1446800350560
1446800350918
1446800351260
1446800351594
1446800351936
1446800352262
1446800352605
1446800352922
1446800353281
1446800353675
1446800354042
1446800354368
1446800354719
1446800355036
1446800355370
1446800355687
1446800356021
1446800356407
1446800356732
1446800357083
1446800357426
1446800357743
1446800358101
