1446761109500
1446761111966
1446761113376
1446761114803
1446761116231
1446761117738
1446761120178
1446761121581
1446761123027
1446761124426
1446761125851
1446761127236
1446761128646
1446761130228
1446761131672
1446761133064
1446761134522
1446761135958
1446761137380
1446761138783
1446761140211
1446761141619
1446761143143
1446761144501
1446761145892
1446761147283
1446761148699
1446761150123
1446761151489
1446761152855
1446761154238
1446761155621
1446761156987
1446761158379
1446761159752
1446761161204
1446761162602
1446761164309
1446761165750
1446761167261
1446761168653
1446761170113
1446761171539
1446761173891
1446761175345
1446761176762
1446761179105
1446761180481
1446761181884
1446761183470
1446761184925
1446761186385
1446761187847
1446761189272
1446761191713
1446761193173
1446761194558
1446761196020
1446761197456
1446761198893
1446761200260
1446761201709
1446761203145
1446761204566
1446761205973
1446761207456
1446761208914
1446761210330
1446761212049
1446761213545
1446761214953
1446761216418
1446761217885
1446761219304
1446761220733
1446761223291
1446761224710
1446761226114
1446761227540
1446761228955
1446761230337
1446761231720
1446761233169
1446761234555
1446761235968
1446761237345
1446761238783
1446761240158
1446761241576
1446761242949
1446761244365
1446761245764
1446761247156
1446761248554
1446761249938
1446761251316
1446761252852
1446761254221
1446761255696
1446761257093
1446761258555
1446761259991
1446761261415
1446761262840
1446761264259
1446761265672
1446761267155
1446761268580
1446761270864
1446761272294
1446761273703
1446761275104
1446761276492
1446761277866
1446761279266
1446761280651
1446761282039
1446761283442
1446761284813
1446761286263
1446761287729
1446761289136
1446761290519
1446761291960
1446761293389
1446761294834
1446761296283
1446761297750
1446761299103
1446761300507
1446761301835
1446761303298
1446761304650
1446761306079
1446761307503
1446761308919
1446761310343
1446761311818
1446761313259
1446761314659
1446761316095
1446761317549
1446761319023
1446761320381
1446761321863
1446761323325
1446761324787
1446761326221
1446761327741
1446761329243
1446761330638
1446761332075
1446761333483
1446761334875
1446761336261
1446761337674
1446761339057
1446761340497
1446761341916
1446761343276
1446761344712
1446761346128
1446761347629
1446761349041
1446761350493
1446761351921
1446761353433
1446761354836
1446761356245
1446761357724
1446761359208
1446761360659
1446761362096
1446761363598
1446761364983
1446761366394
1446761367843
1446761369312
1446761370689
1446761372133
1446761373591
1446761376239
1446761378533
1446761379964
1446761381355
1446761382737
1446761384211
1446761385544
1446761386943
1446761388360
1446761389800
1446761391184
1446761392558
1446761393974
1446761395381
1446761396806
1446761399371
1446761400820
1446761402195
1446761403577
1446761405036
1446761406476
1446761407929
1446761409355
1446761410882
1446761412307
1446761413776
1446761415189
1446761416555
1446761417929
1446761419295
1446761420720
1446761422152
1446761423669
1446761425080
1446761426517
1446761427894
1446761429330
1446761430839
1446761432299
1446761433708
1446761435189
1446761436629
1446761438046
1446761439453
1446761440880
1446761442340
1446761443917
1446761445392
1446761446833
1446761448292
1446761449749
1446761451174
1446761452540
1446761453964
1446761455380
1446761456846
1446761458296
1446761459712
1446761461156
1446761462512
1446761463951
1446761465376
1446761466792
1446761468225
1446761469633
1446761471081
1446761472475
1446761473816
1446761475212
1446761476623
1446761478096
1446761479560
1446761480997
1446761482442
1446761483903
1446761485334
1446761486701
1446761488166
1446761489615
1446761490999
1446761492507
1446761493926
1446761495323
1446761496749
1446761498285
1446761499711
1446761501151
1446761502612
1446761504042
1446761505461
1446761506911
1446761508400
1446761509733
1446761511099
1446761512556
1446761514050
1446761515474
1446761516973
1446761518538
1446761519988
1446761521463
1446761523828
1446761525168
1446761526636
1446761528148
1446761529591
1446761530973
1446761532431
1446761533823
1446761535248
1446761536776
1446761538071
1446761539511
1446761540921
1446761542465
1446761543876
1446761545667
1446761547131
1446761548599
1446761550067
1446761552579
1446761554069
1446761555535
1446761556903
1446761558413
1446761559916
1446761561327
1446761562676
1446761564057
1446761565407
1446761566829
1446761568297
1446761569713
1446761571124
1446761572570
1446761574023
1446761575404
1446761576803
1446761578151
1446761579452
1446761580785
1446761582117
1446761583522
1446761584888
1446761586288
1446761587640
1446761589048
1446761591477
1446761592980
1446761594312
1446761595653
1446761597320
1446761598694
1446761600101
1446761601416
1446761602823
1446761604247
1446761605630
1446761606990
1446761608389
1446761609763
1446761611186
1446761612619
1446761614063
1446761615576
1446761616985
1446761618540
1446761619999
1446761621392
1446761622841
1446761624257
1446761625647
1446761627074
1446761628654
1446761630090
1446761631529
1446761633114
1446761634543
1446761635902
1446761637406
1446761638875
1446761640339
1446761641771
1446761643107
1446761644558
1446761645889
1446761647341
1446761648822
1446761650212
1446761651625
1446761653067
1446761654469
1446761655868
1446761657282
1446761658675
1446761660133
1446761661564
1446761662890
1446761664331
1446761665816
1446761667255
1446761668663
1446761670155
1446761671691
1446761673192
1446761674633
1446761676108
1446761677492
1446761679015
1446761680497
1446761681899
1446761683405
1446761684789
1446761686212
1446761687637
1446761689117
1446761690470
1446761691802
1446761693127
1446761694451
1446761695776
1446761697268
1446761698706
1446761700097
1446761702537
1446761703970
1446761705453
1446761706946
1446761708368
1446761709787
1446761711094
1446761712502
1446761717141
1446761718580
1446761720004
1446761722297
1446761723706
1446761725465
1446761726977
1446761728459
1446761729886
1446761732308
1446761733686
1446761735099
1446761736614
1446761738057
1446761739504
1446761740949
1446761742338
1446761743729
1446761745112
1446761746563
1446761747912
1446761749286
1446761750693
1446761752109
1446761753585
1446761754975
1446761756349
1446761757690
1446761759189
1446761760597
1446761762003
1446761763377
1446761764769
1446761766071
1446761767426
1446761768785
1446761770126
1446761771542
1446761773033
1446761774417
1446761775783
1446761777253
1446761778754
1446761780170
1446761781497
1446761782936
1446761784318
1446761785685
1446761787035
1446761789310
1446761790732
1446761792200
1446761793706
1446761795080
1446761796548
1446761797971
1446761799506
1446761800903
1446761802304
1446761803760
1446761806159
1446761807594
1446761809074
1446761810458
1446761811824
1446761813214
1446761814648
1446761816088
1446761817572
1446761819010
1446761820354
1446761821809
1446761823234
1446761825025
1446761826524
1446761827989
1446761830342
1446761831682
1446761833288
1446761834755
1446761836114
1446761837596
1446761839081
1446761840437
1446761841919
1446761843334
1446761844783
1446761846159
1446761847591
1446761848998
1446761850375
1446761851805
1446761853239
1446761854614
1446761856146
1446761857603
1446761858997
1446761860466
1446761861892
1446761863304
1446761864741
1446761867116
1446761868681
1446761870057
1446761871561
1446761872914
1446761874378
1446761875763
1446761877264
1446761878695
1446761880111
1446761881600
1446761882968
1446761884439
1446761885914
1446761887356
1446761888791
1446761890205
1446761891639
1446761893149
1446761894586
1446761895952
1446761897303
1446761898720
1446761900110
1446761901477
1446761902876
1446761904394
1446761905808
1446761907483
1446761908873
1446761910331
1446761911739
1446761913113
1446761914597
1446761916044
1446761917419
1446761918761
1446761920085
1446761921584
1446761922942
1446761924333
1446761925781
1446761927247
1446761928722
1446761930106
1446761931489
1446761932847
1446761934220
1446761935553
1446761936920
1446761938262
1446761939735
1446761941159
1446761942584
1446761943989
1446761945430
1446761946863
1446761948296
1446761949753
1446761951186
1446761952560
1446761953985
1446761955286
1446761956742
1446761958061
1446761959518
1446761960923
1446761962322
1446761963666
1446761965065
1446761966495
1446761967896
1446761969345
1446761970778
1446761972152
1446761973611
1446761975041
1446761976467
1446761977883
1446761979291
1446761980722
1446761982189
1446761983667
1446761985103
1446761986488
1446761987969
1446761989485
1446761990936
1446761992411
1446761993969
1446761995514
1446761996940
1446761998348
1446761999715
1446762001155
1446762002574
1446762004100
1446762005504
1446762006997
1446762008471
1446762009894
1446762011711
1446762013152
1446762014756
1446762016173
1446762017580
1446762019061
1446762020440
1446762021895
1446762023239
1446762024722
1446762026202
1446762027577
1446762029044
1446762030452
1446762031884
1446762033227
1446762034610
1446762036018
1446762037392
1446762038780
1446762040232
1446762041778
1446762043203
1446762044630
1446762046118
1446762047594
1446762049118
1446762050509
1446762051932
1446762053376
1446762054817
1446762056322
1446762057797
1446762059325
1446762060754
1446762062139
1446762063588
1446762066029
1446762067833
1446762069203
1446762070511
1446762071901
1446762073366
1446762074782
1446762076125
1446762077433
1446762078774
1446762080131
1446762081806
1446762083228
1446762084621
1446762086003
1446762087353
1446762088686
1446762089994
1446762091416
1446762092759
1446762094108
1446762095500
1446762096890
1446762098298
1446762099741
1446762101180
1446762102563
1446762104054
1446762105538
1446762106919
1446762108344
1446762109676
1446762111136
1446762112614
1446762114041
1446762115447
1446762116913
1446762118331
1446762119705
1446762121190
1446762122587
1446762123981
1446762125467
1446762126810
1446762128127
1446762129452
1446762130817
1446762132183
1446762133585
1446762134990
1446762136384
1446762137797
1446762139304
1446762140771
1446762142223
1446762143835
1446762145319
1446762146660
1446762148074
1446762149525
1446762150956
1446762152414
1446762153863
1446762155303
1446762156806
1446762158240
1446762159654
1446762161120
1446762162534
1446762163999
1446762165402
1446762166783
1446762168267
1446762169736
1446762171188
1446762172605
1446762174059
1446762175586
1446762177068
1446762178518
1446762180034
1446762181525
1446762183878
1446762185654
1446762187090
1446762188522
1446762190013
1446762194540
1446762195968
1446762197426
1446762199177
1446762200626
1446762203002
1446762204491
1446762205930
1446762207342
1446762208813
1446762210263
1446762211703
1446762213088
1446762214447
1446762215755
1446762217112
1446762218487
1446762219950
1446762221710
1446762223168
1446762224916
1446762227372
1446762228806
1446762230149
1446762231490
1446762232956
1446762234454
1446762235845
1446762237585
1446762239068
1446762240419
1446762241793
1446762243109
1446762244592
1446762245983
1446762247374
1446762248838
1446762250283
1446762251819
1446762253245
1446762254727
1446762256144
1446762257541
1446762258977
1446762260343
1446762261652
1446762263360
1446762264791
1446762266132
1446762267459
1446762268971
1446762270446
1446762271822
1446762276327
1446762277776
1446762279135
1446762280549
1446762281942
1446762283284
1446762284641
1446762286032
1446762287407
1446762288765
1446762290238
1446762291978
1446762293337
1446762294795
1446762296296
1446762297677
1446762299069
1446762300612
1446762301983
1446762303383
1446762304813
1446762306298
1446762307681
1446762309121
1446762310620
1446762312035
1446762313476
1446762314903
1446762316277
1446762317685
1446762319189
1446762320580
1446762321989
1446762323714
1446762325115
1446762326578
1446762327947
1446762329265
1446762330654
1446762332430
1446762333878
1446762335220
1446762336737
1446762338200
1446762339624
1446762340992
1446762343283
1446762344830
1446762346338
1446762347696
1446762349115
1446762350595
1446762351903
1446762353236
1446762354757
1446762356233
1446762357583
1446762358984
1446762361342
1446762362730
1446762364131
1446762365529
1446762366962
1446762368321
1446762369711
1446762371197
1446762372577
1446762373983
1446762375358
1446762376777
1446762378265
1446762379739
1446762381158
1446762382606
1446762384104
1446762385530
1446762386971
1446762388393
1446762390818
1446762392185
1446762393563
1446762394984
1446762396500
1446762397866
1446762399357
1446762400780
1446762402139
1446762403489
1446762404846
1446762406179
1446762407521
1446762408968
1446762410343
1446762411826
1446762413184
1446762414699
1446762416150
1446762417539
1446762418906
1446762420388
1446762421782
1446762423212
1446762425513
1446762426910
1446762428363
1446762429833
1446762431283
1446762432657
1446762434040
1446762435480
1446762436962
1446762438431
1446762439972
1446762441429
1446762442779
1446762444269
1446762445738
1446762447152
1446762448652
1446762450178
1446762451697
1446762453438
1446762454889
1446762456330
1446762457753
1446762459145
1446762460611
1446762462046
1446762463534
1446762464943
1446762466611
1446762468165
1446762469592
1446762471050
1446762472456
1446762473958
1446762475455
1446762476848
1446762478270
1446762479597
1446762481044
1446762482378
1446762483809
1446762485252
1446762486721
1446762488176
1446762489622
1446762491048
1446762492524
1446762493865
1446762495570
1446762496938
1446762498368
1446762499828
1446762501276
1446762502703
1446762504144
1446762505651
1446762507027
1446762508401
1446762509849
1446762511339
1446762512699
1446762514125
1446762515538
1446762516913
1446762518353
1446762519810
1446762521195
1446762522626
1446762524008
1446762525431
1446762526906
1446762528349
1446762529768
1446762531174
1446762532515
1446762533881
1446762535305
1446762536654
1446762537990
1446762539522
1446762540886
1446762542236
1446762543544
1446762544869
1446762546260
1446762547691
1446762549168
1446762550695
1446762552024
1446762553484
1446762554864
1446762556310
1446762557631
1446762559069
1446762560453
1446762562168
1446762563545
1446762565034
1446762566513
1446762567964
1446762569299
1446762570806
1446762572147
1446762573514
1446762574863
1446762576287
1446762577742
