1446802286796
1446802288883
1446802289226
1446802289576
1446802289910
1446802290304
1446802290638
1446802291031
1446802291365
1446802291682
1446802292025
1446802292426
1446802292836
1446802293145
1446802293487
1446802293813
1446802294147
1446802294481
1446802294815
1446802295132
1446802295475
1446802295863
1446802296185
1446802296527
1446802296845
1446802297196
1446802297514
1446802297839
1446802298182
1446802298578
1446802298909
1446802299243
1446802299585
1446802299952
1446802300301
1446802300661
1446802300995
1446802301337
1446802301654
1446802302157
1446802302492
1446802302842
1446802303193
1446802303527
1446802303878
1446802304195
1446802304521
1446802304922
1446802305248
1446802305590
1446802305916
1446802306259
1446802306592
1446802306935
1446802307260
1446802307627
1446802307986
1446802308395
1446802308721
1446802309064
1446802309389
1446802309732
1446802310092
1446802310417
1446802310751
1446802311159
1446802311495
1446802311845
1446802312205
1446802312539
1446802312873
1446802313232
1446802313549
1446802313892
1446802314302
1446802314627
1446802314961
1446802315312
1446802315654
1446802315980
1446802316330
1446802316656
1446802316998
1446802317401
1446802317743
1446802318102
1446802318453
1446802318787
1446802319121
1446802319472
1446802319814
1446802320215
1446802320558
1446802320892
1446802321209
1446802321552
1446802321894
1446802322261
1446802322587
1446802322938
1446802323331
1446802323681
1446802324057
1446802324383
1446802324742
1446802325084
1446802325418
1446802325769
1446802326137
1446802326512
1446802326930
1446802327289
1446802327598
1446802327957
1446802328274
1446802328617
1446802328942
1446802329293
1446802329678
1446802329995
1446802330321
1446802330655
1446802331032
1446802331358
1446802331692
1446802332110
1446802332452
1446802332786
1446802333120
1446802333463
1446802333788
1446802334139
1446802334765
1446802335099
1446802335506
1446802335826
1446802336176
1446802336510
1446802336844
1446802337220
1446802337563
1446802337888
1446802338222
1446802338641
1446802339058
1446802339408
1446802339742
1446802340077
1446802340394
1446802340745
1446802341054
1446802341396
1446802341773
1446802342107
1446802342433
1446802342784
1446802343109
1446802343452
1446802343778
1446802344145
1446802344544
1446802344872
1446802345214
1446802345540
1446802345883
1446802346225
1446802346559
1446802346893
1446802347244
1446802347661
1446802347979
1446802348329
1446802348687
1446802349038
1446802349372
1446802349722
1446802350056
1446802350399
1446802350708
1446802351059
1446802351453
1446802351777
1446802352121
1446802352504
1446802352822
1446802353165
1446802353498
1446802353832
1446802354232
1446802354551
1446802354927
1446802355303
1446802355612
1446802355963
1446802356297
1446802356648
1446802357069
1446802357408
1446802357742
1446802358076
1446802358411
1446802358761
1446802359095
1446802359421
1446802359763
1446802360113
1446802360515
1446802360840
1446802361166
1446802361491
1446802361817
1446802362143
1446802362477
1446802362828
1446802363195
1446802363607
1446802363922
1446802364273
1446802364606
1446802364948
1446802365281
1446802365632
1446802365966
1446802366308
1446802366634
1446802366976
1446802367369
1446802367712
1446802368080
1446802368421
1446802368756
1446802369081
1446802369424
1446802369741
1446802370109
1446802370504
1446802370852
1446802371194
1446802371535
1446802371878
1446802372245
1446802372595
1446802372929
1446802373263
1446802373597
1446802373956
1446802374290
1446802374649
1446802375050
1446802375392
1446802375726
1446802376043
1446802376401
1446802376751
1446802377102
1446802377436
1446802377762
1446802378087
1446802378421
1446802378861
1446802379232
1446802379574
1446802379900
1446802380242
1446802380568
1446802380902
1446802381253
1446802381587
1446802381945
1446802382347
1446802382689
1446802383023
1446802383348
1446802383682
1446802384008
1446802384351
1446802384693
1446802385035
1446802385447
1446802385771
1446802386122
1446802386498
1446802386816
1446802387185
1446802387656
1446802387978
1446802388312
1446802388646
1446802388980
1446802389289
1446802389623
1446802389933
1446802390283
1446802390684
1446802391018
1446802391376
1446802391719
1446802392069
1446802392403
1446802392754
1446802393097
1446802393430
1446802393773
1446802394183
1446802394500
1446802394859
1446802395185
1446802395527
1446802395869
1446802396204
1446802396529
1446802396880
1446802397298
1446802397649
1446802397999
1446802398325
1446802398667
1446802399044
1446802399370
1446802399712
1446802400129
1446802400456
1446802400798
1446802401149
1446802401516
1446802401842
1446802402209
1446802402535
1446802402869
1446802403296
1446802403654
1446802403997
1446802404331
1446802404673
1446802404999
1446802405341
1446802405667
1446802406043
1446802406461
1446802406803
1446802407130
1446802407531
1446802407890
1446802408216
1446802408592
1446802409012
1446802409335
1446802410077
1446802410411
1446802410761
1446802411121
1446802411454
1446802411797
1446802412139
1446802412481
1446802412883
1446802413242
1446802413568
1446802413885
1446802414253
1446802414586
1446802414937
1446802415263
1446802415613
1446802416031
1446802416382
1446802416716
1446802417033
1446802417452
1446802417810
1446802418159
1446802418486
1446802418836
1446802419194
1446802419528
1446802419887
1446802420245
1446802420663
1446802421047
1446802421405
1446802421739
1446802422073
1446802422414
1446802422774
1446802423116
1446802423474
1446802423808
1446802424134
1446802424476
1446802424907
1446802425236
1446802425587
1446802425946
1446802426289
1446802426631
1446802426982
1446802427324
1446802427666
1446802428076
1446802428410
1446802428769
1446802429128
1446802429478
1446802429821
1446802430163
1446802430521
1446802430879
1446802431221
1446802431547
1446802431881
1446802432316
1446802432650
1446802432984
1446802433318
1446802433652
1446802433978
1446802434312
1446802434646
1446802434971
1446802435340
1446802435691
1446802436059
1446802436377
1446802436743
1446802437093
1446802437444
1446802437778
1446802438112
1446802438538
1446802438872
1446802439206
1446802439548
1446802439891
1446802440208
1446802440559
1446802440876
1446802441210
1446802441633
1446802441962
1446802442305
1446802442639
1446802442989
1446802443307
1446802443658
1446802443975
1446802444309
1446802444719
1446802445103
1446802445445
1446802445762
1446802446097
1446802446472
1446802446815
1446802447158
1446802447617
1446802447926
1446802448252
1446802448570
1446802448904
1446802449229
1446802449571
1446802449905
1446802450231
1446802450565
1446802451292
1446802451617
1446802451993
1446802452336
1446802452669
1446802453020
1446802453346
1446802453697
1446802454098
1446802454440
1446802454774
1446802455100
1446802455451
1446802455793
1446802456144
1446802456469
1446802456820
1446802457179
1446802457564
1446802457915
1446802458249
1446802458599
1446802458917
1446802459267
1446802459585
1446802459944
1446802460354
1446802460688
1446802461013
1446802461339
1446802461707
1446802462049
1446802462374
1446802462708
1446802463068
1446802463426
1446802463841
1446802464161
1446802464519
1446802464862
1446802465204
1446802465538
1446802465880
1446802466223
1446802466548
1446802466924
1446802467329
1446802467643
1446802468002
1446802468328
1446802468686
1446802469063
1446802469380
1446802469723
1446802470133
1446802470458
1446802470792
1446802471135
1446802471477
1446802471794
1446802472153
1446802472504
1446802472846
1446802473273
1446802473607
1446802473958
1446802474283
1446802474634
1446802474951
1446802475285
1446802475602
1446802475944
1446802476270
1446802476645
1446802477012
1446802477522
1446802477880
1446802478230
1446802478589
1446802478923
1446802479289
1446802479640
1446802479966
1446802480324
1446802480658
1446802481017
1446802481375
1446802481751
1446802482169
1446802482554
1446802483255
1446802483589
1446802483923
1446802484266
1446802484642
1446802485040
1446802485368
1446802485702
1446802486028
1446802486379
1446802486721
1446802487063
1446802487389
1446802487740
1446802488132
1446802488475
1446802488842
1446802489200
1446802489551
1446802489893
1446802490235
1446802490561
1446802490937
1446802491287
1446802491639
1446802492041
1446802492374
1446802492716
1446802493050
1446802493384
1446802493718
1446802494052
1446802494361
1446802494720
1446802495071
1446802495420
1446802495814
1446802496156
1446802496482
1446802496832
1446802497150
1446802497484
1446802497826
1446802498177
1446802498536
1446802498937
1446802499279
1446802499605
1446802499938
1446802500264
1446802500590
1446802500924
1446802501241
1446802501575
1446802502360
1446802502802
1446802503160
1446802503495
1446802503837
1446802504171
1446802504497
1446802504944
1446802505269
1446802505604
1446802505938
1446802506272
1446802506639
1446802506990
1446802507459
1446802507793
1446802508135
1446802508469
1446802508795
1446802509129
1446802509454
1446802509797
1446802510223
1446802510541
1446802510875
1446802511208
1446802511551
1446802511870
1446802512228
1446802512571
1446802512981
1446802513314
1446802513657
1446802513982
1446802514317
1446802514642
1446802514984
1446802515310
1446802515660
1446802516019
1446802516429
1446802516746
1446802517097
1446802517557
1446802517891
1446802518233
1446802518559
1446802518901
1446802519316
1446802519637
1446802519971
1446802520304
1446802520639
1446802520973
1446802521315
1446802521641
1446802521975
1446802522381
1446802522702
1446802523070
1446802523412
1446802523721
1446802524064
1446802524381
1446802525082
1446802525475
1446802525817
1446802526151
1446802526460
1446802526794
1446802527120
1446802527471
1446802527813
1446802528155
1446802528548
1446802528899
1446802529242
1446802529567
1446802529902
1446802530236
1446802530587
1446802530938
1446802531347
1446802531656
1446802532033
1446802532367
1446802532767
1446802533118
1446802533461
1446802533837
1446802534240
1446802534588
1446802534913
1446802535264
1446802535581
1446802535939
1446802536282
1446802536591
1446802536949
1446802537453
1446802537787
1446802538145
1446802538487
1446802538805
1446802539163
1446802539506
1446802539831
1446802540189
1446802540532
1446802540866
1446802541200
1446802541611
1446802541927
1446802542285
1446802542611
1446802542978
1446802543312
1446802543646
1446802543980
1446802544297
1446802544649
1446802545043
1446802545367
1446802545701
1446802546018
1446802546376
1446802546695
1446802547045
1446802547363
1446802547722
1446802548131
1446802548449
1446802548791
1446802549108
1446802549443
1446802549785
1446802550119
1446802550436
1446802550779
1446802551188
1446802551506
1446802551824
1446802552150
1446802552467
1446802552801
1446802553127
1446802553452
1446802553838
1446802554164
1446802554481
1446802554824
1446802555158
1446802555500
1446802555842
1446802556185
1446802556535
1446802556936
1446802557270
1446802557671
1446802557998
1446802558331
1446802558682
1446802559025
1446802559392
1446802559791
1446802560152
1446802560502
1446802560868
1446802561203
1446802561554
1446802561863
1446802562197
1446802562523
1446802562898
1446802563292
1446802563617
1446802563960
1446802564293
1446802564636
1446802564953
1446802565304
1446802565613
1446802565956
1446802566391
1446802566724
1446802567074
1446802567411
1446802567812
1446802568153
1446802568488
1446802568846
1446802569196
1446802569589
1446802569923
1446802570265
1446802570582
1446802570925
1446802571242
1446802571577
1446802571918
1446802572261
1446802572680
1446802573014
1446802573331
1446802573674
1446802573999
1446802574349
1446802574683
1446802575009
1446802575351
1446802575737
1446802576053
1446802576387
1446802576746
1446802577097
1446802577414
1446802577749
1446802578124
1446802578467
1446802578885
1446802579235
1446802579602
1446802579936
1446802580261
1446802580628
1446802580970
1446802581304
1446802581654
1446802581996
1446802582314
1446802582656
1446802583066
1446802583383
1446802583733
1446802584068
1446802584418
1446802584744
1446802585078
1446802585436
1446802585795
1446802586138
1446802586548
1446802586874
1446802587208
1446802587517
1446802587842
1446802588185
1446802588519
1446802588869
1446802589204
1446802589605
1446802589914
1446802590257
1446802590615
1446802590965
1446802591308
1446802591658
1446802592001
1446802592318
1446802592643
1446802592994
1446802593379
1446802593721
1446802594046
1446802594372
1446802594698
1446802595023
1446802595366
1446802595708
1446802596050
1446802596437
1446802596769
1446802597103
1446802597438
1446802597805
1446802598139
1446802598489
1446802598807
1446802599149
1446802599540
1446802599868
1446802600194
1446802600536
1446802600904
1446802601246
1446802601588
1446802601905
1446802602239
1446802602709
1446802603035
1446802603369
1446802603694
1446802604037
1446802604355
1446802604705
1446802605072
1446802605422
1446802605857
1446802606208
1446802606533
1446802606876
1446802607193
1446802607527
1446802607895
1446802608279
1446802608662
1446802608989
1446802609315
1446802609632
1446802609966
1446802610300
1446802610626
1446802610951
1446802611302
1446802611644
1446802612045
1446802612379
1446802612713
1446802613081
1446802613399
1446802613775
1446802614117
1446802614467
1446802614818
1446802615236
1446802615569
1446802615912
1446802616237
1446802616571
1446802616889
1446802617240
1446802617557
1446802617899
1446802618292
1446802618610
1446802618959
1446802619294
1446802619627
1446802619970
1446802620312
1446802620655
1446802620972
1446802621314
1446802621707
1446802622033
1446802622367
1446802622693
1446802623027
1446802623369
1446802623703
1446802624029
1446802624380
1446802624773
1446802625090
1446802625432
1446802625750
1446802626116
1446802626467
1446802626818
1446802627152
1446802627503
1446802627938
1446802628264
1446802628606
1446802628948
1446802629282
1446802629600
1446802629934
1446802630268
1446802630602
1446802630952
1446802631302
1446802631712
1446802632047
1446802632389
1446802632707
1446802633049
1446802633358
1446802633709
1446802634097
1446802634436
1446802634770
1446802635104
1446802635438
1446802635772
1446802636098
1446802636423
1446802636774
1446802637125
1446802637585
1446802637918
1446802638268
1446802638626
