1446759535346
1446759536801
1446759537159
1446759537521
1446759537880
1446759538264
1446759538629
1446759538997
1446759539362
1446759539746
1446759540103
1446759540461
1446759540829
1446759541179
1446759541537
1446759541904
1446759542252
1446759542610
1446759542985
1446759543335
1446759543695
1446759544061
1446759544511
1446759544878
1446759545226
1446759545568
1446759545935
1446759546327
1446759546677
1446759547044
1446759547395
1446759547758
1446759548118
1446759548460
1446759548818
1446759549185
1446759549575
1446759549926
1446759550292
1446759550642
1446759551015
1446759551390
1446759551758
1446759552133
1446759552498
1446759552848
1446759553214
1446759553598
1446759553972
1446759554322
1446759554706
1446759555065
1446759555439
1446759555813
1446759556189
1446759556548
1446759556921
1446759557288
1446759557647
1446759557997
1446759558355
1446759558722
1446759559081
1446759559437
1446759559796
1446759560146
1446759560503
1446759560844
1446759561196
1446759561563
1446759561928
1446759562286
1446759562677
1446759563069
1446759563428
1446759563795
1446759564153
1446759564563
1446759564943
1446759565334
1446759565692
1446759566101
1446759566475
1446759566852
1446759567192
1446759567559
1446759567910
1446759568285
1446759568643
1446759569019
1446759569466
1446759569842
1446759570192
1446759570549
1446759570882
1446759571275
1446759571607
1446759572000
1446759572356
1446759572732
1446759573066
