1446763011897
1446763014087
1446763014455
1446763014881
1446763015207
1446763015533
1446763015876
1446763016210
1446763016560
1446763016886
1446763017254
1446763017663
1446763017980
1446763018330
1446763018673
1446763018998
1446763019332
1446763019650
1446763019984
1446763020318
1446763020669
1446763021078
1446763021412
1446763021771
1446763022097
1446763022439
1446763022798
1446763023132
1446763023466
1446763023809
1446763024184
1446763024569
1446763024927
1446763025287
1446763025604
1446763025946
1446763026280
1446763026614
1446763026932
1446763027282
1446763027683
1446763028026
1446763028352
1446763028669
1446763029011
1446763029329
1446763029663
1446763030183
1446763030508
1446763030875
1446763031217
1446763031559
1446763031902
1446763032236
1446763032578
1446763032895
1446763033255
1446763033648
1446763033990
1446763034366
1446763034691
1446763035025
1446763035393
1446763035752
1446763036111
1446763036478
1446763036905
1446763037247
1446763037606
1446763037931
1446763038290
1446763038657
1446763038991
1446763039325
1446763039668
1446763040018
1446763040428
1446763040787
1446763041138
1446763041455
1446763041814
1446763042140
1446763042490
1446763042816
1446763043159
1446763043560
1446763043902
1446763044245
1446763044570
1446763044930
1446763045323
1446763045648
1446763045991
1446763046409
1446763046726
1446763047077
1446763047402
1446763047736
1446763048095
1446763048447
1446763048797
