1446762880258
1446762881736
1446762882070
1446762882387
1446762882729
1446762883126
1446762883448
1446762883791
1446762884133
1446762884467
1446762884792
1446762885127
1446762885436
1446762885770
1446762886155
1446762886505
1446762886864
1446762887181
1446762887523
1446762887856
1446762888208
1446762888542
1446762888859
1446762889202
1446762889603
1446762890031
1446762890373
1446762890707
1446762891033
1446762891367
1446762891760
1446762892086
1446762892429
1446762892779
1446762893121
1446762893455
1446762893822
1446762894214
1446762894548
1446762894916
1446762895291
1446762895701
1446762896034
1446762896392
1446762896735
1446762897069
1446762897418
1446762897753
1446762898078
1446762898428
1446762898788
1446762899155
1446762899531
1446762899931
1446762900266
1446762900624
1446762900983
1446762901308
1446762901659
1446762902010
1446762902352
1446762902670
1446762903046
1446762903470
1446762903789
1446762904140
1446762904499
1446762904857
1446762905217
1446762905559
1446762905876
1446762906228
1446762906637
1446762906954
1446762907305
1446762907631
1446762907965
1446762908307
1446762908649
1446762908959
1446762909351
1446762909760
1446762910185
1446762910519
1446762910878
1446762911196
1446762911538
1446762911855
1446762912214
1446762912557
1446762912898
1446762913232
1446762913628
1446762913960
1446762914302
1446762914636
1446762914962
1446762915271
1446762915613
1446762915948
1446762916374
