1446763299443
1446763300974
1446763301291
1446763301642
1446763301975
1446763302309
1446763302635
1446763303003
1446763303395
1446763303747
1446763304081
1446763304423
1446763304757
1446763305108
1446763305442
1446763305784
1446763306194
1446763306520
1446763306879
1446763307213
1446763307555
1446763307897
1446763308223
1446763308549
1446763308917
1446763309334
1446763309660
1446763309994
1446763310328
1446763310672
1446763311065
1446763311424
1446763311774
1446763312185
1446763312509
1446763312867
1446763313218
1446763313552
1446763313886
1446763314228
1446763314562
1446763314896
1446763315256
1446763315775
1446763316100
1446763316443
1446763316785
1446763317136
1446763317487
1446763317888
1446763318254
1446763318656
1446763319007
1446763319316
1446763319642
1446763319984
1446763320318
1446763320635
1446763320969
1446763321362
1446763321696
1446763322047
1446763322364
1446763322707
1446763323025
1446763323392
1446763323726
1446763324076
1446763324435
1446763324828
1446763325153
1446763325496
1446763325805
1446763326147
1446763326464
1446763326798
1446763327107
1446763327441
1446763327834
1446763328177
1446763328528
1446763328870
1446763329229
1446763329555
1446763329897
1446763330214
1446763330573
1446763331067
1446763331410
1446763331735
1446763332078
1446763332412
1446763332746
1446763333080
1446763333414
1446763333815
1446763334149
1446763334492
1446763334809
1446763335151
1446763335485
