1446762921343
1446762922831
1446762923206
1446762923556
1446762923874
1446762924207
1446762924541
1446762924884
1446762925234
1446762925561
1446762925962
1446762926279
1446762926614
1446762926947
1446762927281
1446762927607
1446762927974
1446762928317
1446762928659
1446762929026
1446762929376
1446762929803
1446762930221
1446762930555
1446762930864
1446762931198
1446762931507
1446762931866
1446762932259
1446762932585
1446762932944
1446762933278
1446762933627
1446762933962
1446762934288
1446762934605
1446762935049
1446762935375
1446762935718
1446762936051
1446762936428
1446762936761
1446762937112
1446762937446
1446762937780
1446762938182
1446762938515
1446762938866
1446762939209
1446762939535
1446762939869
1446762940220
1446762940607
1446762940974
1446762941307
1446762941649
1446762941982
1446762942308
1446762942634
1446762942968
1446762943277
1446762943653
1446762944029
1446762944346
1446762944713
1446762945071
1446762945405
1446762945755
1446762946090
1446762946424
1446762946766
1446762947092
1446762947443
1446762947869
1446762948203
1446762948554
1446762948871
1446762949213
1446762949556
1446762949890
1446762950207
1446762950549
1446762950951
1446762951276
1446762951611
1446762951944
1446762952270
1446762952613
1446762952938
1446762953256
1446762953590
1446762953974
1446762954283
1446762954618
1446762955043
1446762955394
1446762955719
1446762956088
1446762956446
1446762956797
1446762957198
