1446802642905
1446802644373
1446802644733
1446802645109
1446802645426
1446802645768
1446802646094
1446802646436
1446802646795
1446802647197
1446802647530
1446802647881
1446802648206
1446802648565
1446802648898
1446802649232
1446802649558
1446802649900
1446802650226
1446802650560
1446802650961
1446802651320
1446802651678
1446802652061
1446802652388
1446802652738
1446802653080
1446802653398
1446802653732
1446802654057
1446802654408
1446802654826
1446802655152
1446802655511
1446802655845
1446802656220
1446802656571
1446802656914
1446802657231
1446802657709
1446802658342
1446802658684
1446802659018
1446802659352
1446802659670
1446802660004
1446802660330
1446802660664
1446802661065
1446802661407
1446802661766
1446802662117
1446802662450
1446802662793
1446802663118
1446802663461
1446802663778
1446802664112
1446802664513
1446802664839
1446802665166
1446802665508
1446802665825
1446802666168
1446802666502
1446802666860
1446802667211
1446802667629
1446802667938
1446802668289
1446802668597
1446802668940
1446802669282
1446802669625
1446802669959
1446802670293
1446802670686
1446802671011
1446802671354
1446802671696
1446802672030
1446802672356
1446802672789
1446802673139
1446802673473
1446802673807
1446802674133
1446802674534
1446802674868
1446802675219
1446802675536
1446802675894
1446802676252
1446802676587
1446802676937
1446802677263
1446802677581
1446802678083
1446802678434
1446802678777
1446802679119
1446802679469
1446802679812
1446802680146
1446802680496
1446802680838
1446802681264
1446802681590
1446802681925
1446802682267
1446802682593
1446802682945
1446802683287
1446802683688
1446802684065
1446802684399
1446802684733
1446802685084
1446802685418
1446802685752
1446802686111
1446802686879
1446802687204
1446802687564
1446802687940
1446802688249
1446802688592
1446802688942
1446802689276
1446802689673
1446802690021
1446802690347
1446802690690
1446802691033
1446802691367
1446802691782
1446802692119
1446802692470
1446802692795
1446802693137
1446802693478
1446802693813
1446802694155
1446802694489
1446802694856
1446802695232
1446802695633
1446802695984
1446802696326
1446802696643
1446802696987
1446802697312
1446802697621
1446802698064
1446802698383
1446802698725
1446802699042
1446802699384
1446802699725
1446802700077
1446802700419
1446802700737
1446802701079
1446802701472
1446802701806
1446802702141
1446802702491
1446802702834
1446802703176
1446802703518
1446802703844
1446802704203
1446802704596
1446802704938
1446802705296
1446802705696
1446802706054
1446802706397
1446802706731
1446802707065
1446802707407
1446802707742
1446802708092
1446802708418
1446802708811
1446802709120
1446802709462
1446802709788
1446802710113
1446802710447
1446802710798
1446802711132
1446802711450
1446802711817
1446802712167
1446802712576
1446802713011
1446802713378
1446802713712
1446802714037
1446802714404
1446802714738
1446802715072
1446802715422
1446802715756
1446802716098
1446802716456
1446802716857
1446802717191
1446802717543
1446802717952
1446802718269
1446802718635
1446802718986
1446802719312
1446802719663
1446802720070
1446802720406
1446802720757
1446802721108
1446802721450
1446802721784
1446802722126
1446802722460
1446802722827
1446802723211
1446802723578
1446802723928
1446802724338
1446802724663
1446802725022
1446802725347
1446802725690
1446802725999
1446802726358
1446802726684
1446802727018
1446802727418
1446802727745
1446802728087
1446802728429
1446802728772
1446802729089
1446802729432
1446802729757
1446802730107
1446802730466
1446802730901
1446802731235
1446802731594
1446802731920
1446802732254
1446802732596
1446802732964
1446802733297
1446802733657
1446802734066
1446802734392
1446802734759
1446802735085
1446802735419
1446802735770
1446802736112
1446802736429
1446802736755
1446802737114
1446802737455
1446802737882
1446802738224
1446802738542
1446802738884
1446802739201
1446802739544
1446802739870
1446802740220
1446802740622
1446802740956
1446802741298
1446802741632
1446802741958
1446802742308
1446802742658
1446802742984
1446802743310
1446802743644
1446802744040
1446802744354
1446802745021
1446802745363
1446802745713
1446802746081
1446802746432
1446802746808
1446802747166
1446802747525
1446802747935
1446802748286
1446802748645
1446802748987
1446802749346
1446802749663
1446802750030
1446802750396
1446802750756
1446802751073
1446802751399
1446802751785
1446802752144
1446802752486
1446802752829
1446802753171
1446802753488
1446802753831
1446802754257
1446802754575
1446802754926
1446802755259
1446802755602
1446802755928
1446802756262
1446802756604
1446802756938
1446802757305
1446802757734
1446802758090
1446802758432
1446802758750
1446802759109
1446802759435
1446802760136
1446802760495
1446802760900
1446802761213
1446802761564
1446802761881
1446802762206
1446802762532
1446802762933
1446802763251
1446802763602
1446802764020
1446802764345
1446802764688
1446802765030
1446802765364
1446802765716
1446802766066
1446802766392
1446802766827
1446802767177
1446802767520
1446802767862
1446802768213
1446802768530
1446802768897
1446802769230
1446802769571
1446802769906
1446802770239
1446802770597
1446802770923
1446802771282
1446802771624
1446802772000
1446802772325
1446802772692
1446802773034
1446802773360
1446802773709
1446802774061
1446802774387
1446802774712
1446802775072
1446802775473
1446802775799
1446802776141
1446802776458
1446802776801
1446802777135
1446802777477
1446802777795
1446802778241
1446802778564
1446802778906
1446802779249
1446802779591
1446802779908
1446802780243
1446802780585
1446802780935
1446802781285
1446802781644
1446802781994
1446802782395
1446802782737
1446802783080
1446802783405
1446802783748
1446802784065
1446802784416
1446802784741
1446802785075
1446802785481
1446802785811
1446802786153
1446802786504
1446802786855
1446802787230
1446802787564
1446802787890
1446802788240
1446802788582
1446802788975
1446802789293
1446802789635
1446802789969
1446802790303
1446802790637
1446802790971
1446802791297
1446802791740
1446802792066
1446802792409
1446802792744
1446802793119
1446802793477
1446802793829
1446802794171
1446802794505
1446802794906
1446802795240
1446802795582
1446802795916
1446802796267
1446802796584
1446802796935
1446802797252
1446802797603
1446802798081
1446802798448
1446802798773
1446802799125
1446802799466
1446802799817
1446802800143
1446802800494
1446802800852
1446802801270
1446802801612
1446802801963
1446802802305
1446802802663
1446802803005
1446802803339
1446802803673
1446802804024
1446802804392
1446802804802
1446802805127
1446802805470
1446802805812
1446802806153
1446802806480
1446802806847
1446802807165
1446802807524
1446802807951
1446802808293
1446802808627
1446802808978
1446802809295
1446802809646
1446802809964
1446802810306
1446802810725
1446802811093
1446802811427
1446802811753
1446802812103
1446802812421
1446802812763
1446802813165
1446802813482
1446802813842
1446802814176
1446802814502
1446802814836
1446802815161
1446802815511
1446802815912
1446802816330
1446802816647
1446802816982
1446802817315
1446802817649
1446802817967
1446802818301
1446802818635
1446802818986
1446802819403
1446802819729
1446802820063
1446802820381
1446802820715
1446802821057
1446802821391
1446802821717
1446802822051
1446802822444
1446802822753
1446802823088
1446802823438
1446802823756
1446802824099
1446802824440
1446802824808
1446802825234
1446802825552
1446802825893
1446802826228
1446802826553
1446802826903
1446802827237
1446802827562
1446802827912
1446802828238
1446802828580
1446802828938
1446802829281
1446802829631
1446802829990
1446802830366
1446802830708
1446802831074
1446802831400
1446802831726
1446802832051
1446802832377
1446802832703
1446802833079
1446802833456
1446802833790
1446802834124
1446802834449
1446802834792
1446802835167
1446802835501
1446802835819
1446802836153
1446802836551
1446802836880
1446802837238
1446802837589
1446802837914
1446802838256
1446802838590
1446802838932
1446802839275
1446802839584
1446802839910
1446802840319
1446802840662
1446802841004
1446802841313
1446802841647
1446802841964
1446802842298
1446802842616
1446802842967
1446802843368
1446802843694
1446802844052
1446802844410
1446802844744
1446802845078
1446802845412
1446802845738
1446802846072
1446802846389
1446802846732
1446802847133
1446802847450
1446802847785
1446802848118
1446802848461
1446802848787
1446802849146
1446802849463
1446802849789
1446802850147
1446802850497
1446802850898
1446802851215
1446802851574
1446802851908
1446802852241
1446802852591
1446802852934
1446802853293
1446802853642
1446802854002
1446802854344
1446802854702
1446802855062
1446802855463
1446802855789
1446802856156
1446802856473
1446802856806
1446802857149
1446802857483
1446802857817
1446802858142
1446802858493
1446802858886
1446802859253
1446802859588
1446802859905
1446802860256
1446802860573
1446802860931
1446802861274
1446802861632
1446802861990
1446802862350
1446802862759
1446802863085
1446802863444
1446802863779
1446802864146
1446802864489
1446802864814
1446802865157
1446802865567
1446802865901
1446802866251
1446802866586
1446802866920
1446802867262
1446802867588
1446802867964
1446802868364
1446802868774
1446802869107
1446802869458
1446802869784
1446802870126
1446802870444
1446802870786
1446802871145
1446802871495
1446802871940
1446802872282
1446802872607
1446802872943
1446802873318
1446802873635
1446802873995
1446802874404
1446802874730
1446802875072
1446802875390
1446802875723
1446802876041
1446802876383
1446802876708
1446802877034
1446802877368
1446802877778
1446802878188
1446802878513
1446802878847
1446802879173
1446802879515
1446802879833
1446802880175
1446802880917
1446802881275
1446802881668
1446802882010
1446802882344
1446802882704
1446802883014
1446802883381
1446802883715
1446802884125
1446802884451
1446802884793
1446802885119
1446802885461
1446802885812
1446802886146
1446802886471
1446802886831
1446802887240
1446802887549
1446802887892
1446802888209
1446802888552
1446802888870
1446802889187
1446802889521
1446802889918
1446802890256
1446802890599
1446802890949
1446802891283
1446802891609
1446802891943
1446802892261
1446802892603
1446802893014
1446802893356
1446802893673
1446802894025
1446802894375
1446802894733
1446802895067
1446802895376
1446802895734
1446802896077
1446802896469
1446802896795
1446802897146
1446802897472
1446802897814
1446802898148
1446802898474
1446802898800
1446802899142
1446802899492
1446802899850
1446802900252
1446802900619
1446802900928
1446802901262
1446802901571
1446802901914
1446802902240
1446802902574
1446802903050
1446802903401
1446802903743
1446802904060
1446802904395
1446802904728
1446802905071
1446802905389
1446802905748
1446802906166
1446802906533
1446802906874
1446802907232
1446802907575
1446802907909
1446802908267
1446802908610
1446802908960
1446802909318
1446802909644
1446802909978
1446802910328
1446802910653
1446802911012
1446802911370
1446802911763
1446802912105
1446802912472
1446802912814
1446802913174
1446802913491
1446802913825
1446802914151
1446802914485
1446802914887
1446802915220
1446802915571
1446802915888
1446802916222
1446802916540
1446802916874
1446802917199
1446802917525
1446802917932
1446802918261
1446802918627
1446802918987
1446802919304
1446802919653
1446802919980
1446802920347
1446802921314
1446802921665
1446802922040
1446802922433
1446802922784
1446802923143
1446802923485
1446802923827
1446802924145
1446802924471
1446802924814
1446802925223
1446802925541
1446802925892
1446802926209
1446802926543
1446802926902
1446802927236
1446802927562
1446802927930
1446802928339
1446802928656
1446802928999
1446802929324
1446802929674
1446802930025
1446802930359
1446802930685
1446802931044
1446802931403
1446802931812
1446802932205
1446802932547
1446802932864
1446802933258
1446802933567
1446802933901
1446802934296
1446802934612
1446802934971
1446802935305
1446802935639
1446802935956
1446802936299
1446802936624
1446802936958
1446802937369
1446802937711
1446802938128
1446802938470
1446802938804
1446802939130
1446802939464
1446802939773
1446802940107
1446802940484
1446802940852
1446802941194
1446802941536
1446802941870
1446802942237
1446802942571
1446802942922
1446802943289
1446802943704
1446802944049
1446802944392
1446802944726
1446802945059
1446802945400
1446802945735
1446802946077
1446802946403
1446802946712
1446802947062
1446802947464
1446802947814
1446802948173
1446802948491
1446802948875
1446802949209
1446802949551
1446802949886
1446802950253
1446802950679
1446802951013
1446802951388
1446802951746
1446802952080
1446802952422
1446802952780
1446802953140
1446802953474
1446802953816
1446802954150
1446802954501
1446802954919
1446802955278
1446802955629
1446802955954
1446802956321
1446802956671
1446802956997
1446802957323
1446802957673
1446802958008
1446802958416
1446802958752
1446802959111
1446802959445
1446802959754
1446802960080
1446802960414
1446802960748
1446802961149
1446802961500
1446802961834
1446802962168
1446802962503
1446802962853
1446802963229
1446802963554
1446802963896
1446802964239
1446802964956
1446802965290
1446802965657
1446802966007
1446802966333
1446802966691
1446802967017
1446802967342
1446802967684
1446802968018
1446802968335
1446802968685
1446802969028
1446802969386
1446802969745
1446802970154
1446802970488
1446802970864
1446802971214
1446802971556
1446802971874
1446802972233
1446802972567
1446802972918
1446802973345
1446802973696
1446802974029
1446802974381
1446802974723
1446802975057
1446802975400
1446802975767
1446802976133
1446802976546
1446802976868
1446802977235
1446802977586
1446802977928
1446802978262
1446802978604
1446802978997
1446802979314
1446802979690
1446802980091
1446802980433
1446802980792
1446802981126
1446802981460
1446802981803
1446802982153
1446802982479
1446802982822
1446802983180
1446802983530
1446802983923
1446802984257
1446802984591
1446802984925
1446802985250
1446802985568
1446802985927
1446802986269
1446802986629
1446802987064
1446802987415
1446802987732
1446802988083
1446802988425
1446802988758
1446802989092
1446802989426
1446802989792
1446802990127
1446802990477
1446802990844
1446802991245
1446802991562
1446802991922
1446802992264
1446802992581
1446802992939
1446802993291
1446802993624
1446802993982
1446802994334
1446802994743
