1446759624810
1446759627845
1446759630181
1446759631609
1446759633025
1446759634458
1446759635860
1446759637282
1446759638673
1446759640157
1446759641575
1446759642962
1446759644395
1446759646094
1446759647485
1446759648884
1446759651163
1446759652547
1446759654016
1446759655432
1446759656831
1446759658215
1446759659715
1446759661196
1446759662570
1446759663944
1446759665344
1446759666743
1446759668167
1446759669561
1446759671018
1446759672416
1446759673823
1446759675298
1446759676697
1446759678122
1446759679538
1446759680982
1446759682379
1446759683778
1446759685194
1446759686593
1446759688018
1446759689433
1446759690841
1446759693119
1446759694648
1446759696055
1446759697471
1446759698888
1446759700346
1446759701736
1446759703110
1446759704453
1446759705881
1446759707277
1446759708688
1446759710149
1446759711567
1446759712972
1446759714439
1446759716196
1446759717587
1446759718995
1446759720349
1446759721812
1446759723226
1446759724634
1446759726083
1446759727474
1446759728857
1446759730358
1446759731782
1446759733177
1446759734646
1446759736024
1446759737397
1446759738819
1446759740194
1446759741522
1446759742861
1446759744250
1446759745620
1446759747009
1446759748440
1446759749823
1446759751226
1446759752627
1446759754080
1446759755473
1446759756870
1446759758296
1446759759811
1446759761278
1446759762680
1446759764116
1446759765612
1446759767021
1446759768458
1446759769901
1446759771323
1446759773608
1446759775053
1446759776478
1446759777887
1446759779293
1446759780718
1446759782117
1446759783533
1446759784959
1446759786356
1446759787708
1446759789114
1446759790501
1446759792018
1446759793397
1446759794742
1446759796187
1446759797540
1446759799001
1446759800427
1446759801788
1446759803241
1446759804657
1446759806073
1446759807480
1446759808889
1446759810329
1446759811720
1446759813153
1446759814565
1446759815955
1446759817365
1446759819084
1446759820460
1446759821816
1446759823207
1446759824615
1446759826048
1446759827439
1446759828830
1446759830238
1446759831687
1446759833061
1446759834435
1446759835848
1446759837301
1446759838670
1446759840064
1446759841532
1446759842867
1446759844248
1446759845689
1446759847113
1446759848507
1446759849971
1446759851421
1446759852799
1446759854245
1446759855614
1446759857929
1446759859475
1446759860842
1446759862211
1446759863714
1446759865138
1446759866521
1446759867921
1446759869328
1446759870707
1446759872452
1446759873810
1446759875234
1446759876668
1446759878099
1446759879490
1446759880948
1446759882306
1446759883691
1446759885100
1446759886481
1446759887879
1446759889313
1446759890722
1446759892141
1446759893634
1446759895051
1446759896453
1446759897863
1446759899340
1446759900706
1446759902100
1446759903465
1446759904863
1446759906334
1446759907811
1446759909162
1446759910587
1446759912018
1446759913369
1446759914741
1446759916199
1446759917602
1446759919023
1446759920456
1446759921897
1446759923304
1446759924704
1446759926228
1446759927628
1446759929044
1446759930476
1446759931901
1446759933292
1446759934728
1446759936134
1446759937532
1446759938956
1446759940365
1446759941775
1446759943195
1446759944597
1446759946084
1446759947529
1446759948985
1446759950397
1446759951917
1446759953334
1446759954729
1446759956223
1446759957641
1446759959007
1446759960368
1446759961772
1446759963133
1446759964571
1446759965932
1446759967337
1446759968689
1446759970160
1446759971561
1446759972968
1446759974462
1446759975988
1446759977397
1446759978796
1446759980214
1446759981600
1446759983028
1446759984446
1446759985945
1446759987351
1446759988759
1446759990192
1446759991628
1446759993114
1446759994525
1446759995910
1446759997372
1446759998771
1446760000139
1446760001536
1446760002937
1446760004348
1446760005794
1446760007244
1446760008695
1446760010091
1446760011557
1446760012975
1446760014709
1446760016148
1446760018409
1446760022920
1446760024335
1446760025846
1446760027325
1446760028741
1446760030128
1446760031590
1446760032976
1446760035276
1446760036719
1446760038229
1446760039598
1446760040979
1446760042348
1446760043769
1446760045131
1446760046666
1446760048009
1446760049417
1446760050812
1446760052297
1446760053658
1446760055065
1446760056554
1446760057980
1446760059381
1446760060880
1446760062306
1446760063751
1446760065152
1446760066624
1446760068034
1446760069419
1446760070922
1446760072347
1446760073747
1446760075146
1446760076540
1446760077955
1446760079312
1446760080735
1446760082143
1446760084429
1446760085858
1446760087224
1446760088568
1446760089970
1446760091474
1446760092843
1446760094256
1446760095762
1446760097189
1446760098602
1446760099971
1446760101367
1446760102767
1446760104191
1446760105615
1446760107000
1446760108419
1446760109803
1446760111305
1446760112729
1446760114130
1446760115528
1446760116937
1446760118393
1446760119819
1446760121292
1446760122708
1446760124183
1446760125594
1446760127023
1446760128432
1446760129863
1446760131379
1446760132829
1446760134238
1446760135631
1446760137012
1446760138478
1446760139852
1446760141260
1446760142667
1446760144029
1446760145481
1446760146939
1446760148338
1446760149714
1446760151180
1446760152546
1446760153929
1446760155358
1446760156836
1446760158219
1446760159635
1446760161074
1446760162482
1446760163908
1446760165314
1446760166782
1446760168238
1446760169648
1446760171075
1446760172561
1446760174004
1446760175435
1446760176853
1446760178227
1446760179662
1446760181137
1446760182615
1446760184058
1446760185459
1446760186955
1446760188439
1446760189908
1446760191379
1446760192831
1446760194274
1446760195744
1446760197217
1446760198983
1446760200419
1446760201796
1446760203264
1446760204659
1446760206140
1446760207566
1446760208968
1446760210428
1446760211919
1446760213337
1446760214754
1446760216267
1446760217716
1446760219149
1446760220535
1446760221972
1446760223400
1446760227724
1446760229117
1446760230602
1446760232930
1446760234660
1446760236091
1446760237477
1446760238900
1446760240316
1446760241702
1446760243115
1446760244504
1446760245991
1446760247401
1446760248844
1446760250270
1446760251755
1446760253132
1446760254518
1446760255941
1446760257377
1446760258765
1446760260191
1446760261602
1446760263055
1446760264421
1446760265871
1446760267323
1446760268712
1446760270218
1446760271644
1446760272997
1446760274458
1446760276908
1446760278365
1446760279757
1446760281206
1446760283525
1446760284936
1446760286369
1446760287768
1446760289121
1446760290561
1446760291977
1446760293391
1446760294811
1446760296273
1446760297722
1446760299075
1446760300545
1446760301921
1446760303295
1446760304719
1446760306147
1446760307585
1446760309052
1446760310429
1446760311891
1446760313299
1446760314699
1446760316148
1446760317591
1446760319047
1446760320489
1446760321895
1446760323295
1446760324696
1446760326145
1446760327523
1446760329009
1446760330385
1446760331839
1446760333292
1446760334650
1446760335999
1446760338446
1446760339879
1446760341314
1446760342688
1446760344037
1446760345428
1446760361937
1446760363330
1446760364755
1446760366263
1446760367683
1446760369108
1446760370500
1446760372006
1446760373464
1446760374905
1446760376281
1446760377664
1446760379103
1446760380544
1446760381994
1446760384493
1446760385950
1446760387335
1446760388782
1446760390223
1446760391660
1446760393049
1446760394410
1446760395896
1446760397353
1446760398795
1446760400252
1446760401735
1446760403217
1446760404642
1446760406103
1446760407507
1446760408957
1446760410366
1446760411806
1446760413255
1446760414698
1446760416097
1446760417520
1446760418919
1446760420340
1446760421878
1446760423222
1446760424700
1446760426118
1446760427508
1446760428965
1446760430334
1446760431744
1446760433229
1446760434599
1446760436098
1446760437499
1446760438960
1446760440321
1446760441719
1446760443145
1446760444533
1446760445965
1446760447398
1446760448847
1446760450255
1446760451696
1446760453120
1446760454570
1446760455989
1446760457404
1446760458835
1446760460234
1446760461625
1446760463012
1446760464407
1446760465824
1446760467226
1446760468597
1446760470088
1446760471531
1446760472949
1446760474420
1446760475835
1446760477218
1446760478588
1446760480010
1446760481426
1446760482841
1446760484282
1446760485764
1446760487166
1446760488572
1446760489963
1446760491374
1446760493821
1446760495240
1446760496768
1446760498176
1446760499610
1446760501043
1446760502409
1446760503761
1446760505195
1446760506681
1446760508047
1446760509446
1446760510931
1446760512445
1446760513869
1446760515268
1446760516659
1446760518084
1446760519475
1446760523908
1446760525302
1446760526781
1446760528213
1446760529615
1446760531028
1446760532506
1446760533918
1446760535709
1446760537144
1446760538549
1446760539942
1446760541435
1446760542898
1446760544355
1446760545797
1446760547313
1446760548754
1446760550186
1446760551589
1446760553052
1446760554493
1446760555943
1446760557441
1446760558867
1446760560233
1446760561674
1446760563027
1446760564530
1446760565971
1446760567420
1446760569186
1446760570620
1446760572060
1446760573434
1446760574829
1446760576234
1446760577657
1446760579052
1446760580474
1446760581982
1446760583390
1446760584797
1446760586200
1446760587669
1446760589094
1446760590518
1446760591921
1446760593292
1446760594720
1446760596179
1446760597592
1446760599017
1446760600466
1446760601867
1446760603271
1446760604699
1446760606136
1446760607506
1446760608920
1446760610326
1446760611686
1446760613083
1446760614484
1446760615862
1446760617515
1446760618892
1446760620266
1446760621684
1446760623072
1446760624442
1446760625919
1446760627297
1446760628686
1446760630081
1446760631610
1446760632963
1446760634367
1446760635785
1446760637214
1446760638647
1446760640090
1446760641500
1446760642945
1446760645361
1446760646785
1446760648168
1446760649542
1446760650943
1446760652350
1446760653792
1446760655192
1446760656602
1446760658054
1446760659438
1446760660846
1446760662299
1446760663711
1446760665161
1446760666573
1446760668009
1446760669387
1446760670739
1446760672201
1446760673545
1446760674974
1446760676320
1446760677838
1446760679254
1446760680687
1446760682063
1446760683449
1446760684918
1446760686310
1446760687767
1446760689202
1446760690637
1446760692173
1446760693551
1446760694902
1446760696348
1446760697743
1446760699220
1446760700611
1446760702054
1446760703715
1446760705119
1446760706519
1446760707905
1446760709343
1446760710782
1446760712150
1446760713502
1446760715030
1446760723485
1446760724876
1446760726259
1446760727733
1446760729209
1446760730611
1446760732028
1446760733480
1446760734913
1446760736307
1446760737806
1446760739353
1446760740786
1446760742202
1446760744497
1446760745968
1446760747399
1446760748782
1446760750175
1446760751674
1446760753397
1446760754798
1446760756228
1446760757728
1446760759144
1446760760522
1446760761932
1446760763360
1446760764713
1446760766157
1446760767569
1446760769056
1446760770449
1446760771869
1446760773338
1446760774747
1446760776145
1446760777561
1446760778993
1446760780444
1446760781838
1446760783233
1446760784651
1446760786092
1446760787548
1446760788990
1446760791309
1446760792763
1446760794189
1446760795623
1446760797062
1446760798510
1446760799934
1446760801351
1446760802825
1446760804192
1446760805567
1446760806998
1446760808414
1446760809792
1446760811139
1446760812597
1446760813975
1446760815379
1446760817622
1446760819027
1446760820397
1446760822866
1446760824227
1446760825608
1446760826978
1446760828505
1446760829891
1446760831297
1446760832658
1446760834111
1446760835520
1446760836903
1446760838313
1446760839700
1446760841145
1446760842541
1446760844334
1446760845805
1446760847267
1446760848677
1446760850056
1446760851408
1446760852845
1446760854240
1446760855620
1446760857023
1446760858508
1446760859887
1446760861330
1446760862725
1446760864193
1446760865589
1446760867055
1446760868496
1446760870791
1446760873165
1446760874602
1446760876044
1446760877475
1446760878910
1446760880361
1446760881779
1446760883208
1446760884657
1446760886335
1446760887962
1446760889348
1446760890746
1446760892107
1446760893659
1446760895104
1446760896506
1446760897991
1446760899385
1446760900841
1446760902272
1446760904738
1446760906163
1446760907603
1446760908981
1446760910427
1446760911881
1446760913294
1446760914725
1446760916086
1446760917666
1446760919042
1446760920437
1446760921906
1446760923330
1446760924764
1446760926187
1446760927613
1446760929011
1446760930419
1446760931893
1446760933304
1446760934676
1446760936029
1446760937573
1446760938960
1446760940370
1446760941857
1446760943321
1446760944732
1446760946196
1446760947694
1446760949085
1446760950501
1446760951968
1446760953366
1446760955135
1446760956520
1446760957933
1446760959377
1446760960782
1446760962134
1446760963539
1446760964954
1446760966344
1446760967768
1446760969168
1446760970584
1446760972018
1446760973433
1446760974807
1446760976223
1446760977672
1446760979100
1446760980538
1446760981989
1446760983437
1446760984831
1446760986227
1446760987582
1446760989043
1446760990453
1446760991978
1446760993416
1446760994867
1446760996261
1446760997781
1446760999184
1446761000556
1446761001900
1446761003344
1446761004810
1446761006146
1446761007590
1446761009027
1446761010450
1446761011917
1446761013310
1446761014749
1446761016222
1446761017717
1446761019237
1446761020687
1446761022123
1446761023553
1446761024953
1446761026298
1446761027752
1446761029113
1446761031445
1446761033006
1446761034376
1446761035774
1446761037156
1446761038571
1446761039962
1446761044368
1446761045738
1446761047152
1446761048550
1446761049969
1446761051392
1446761052814
1446761054214
1446761055606
1446761057005
1446761058408
1446761059836
1446761061277
1446761062777
1446761064210
1446761065626
1446761067095
1446761068474
1446761069911
1446761071340
1446761072741
1446761074168
1446761075581
1446761076997
1446761078415
1446761079829
1446761081257
1446761082639
1446761084104
1446761085508
1446761086909
1446761088365
1446761089726
1446761091122
1446761092492
1446761093913
1446761095281
1446761096703
1446761098154
1446761099540
1446761100951
1446761102351
1446761103755
1446761105175
1446761106592
1446761108198
