1446759198405
1446759199876
1446759200235
1446759200560
1446759200911
1446759201245
1446759201613
1446759202017
1446759202365
1446759202724
1446759203076
1446759203427
1446759203761
1446759204120
1446759204536
1446759204897
1446759205223
1446759205548
1446759205891
1446759206233
1446759206583
1446759206933
1446759207251
1446759207602
1446759208027
1446759208362
1446759208696
1446759209047
1446759209381
1446759209715
1446759210049
1446759210391
1446759210784
1446759211186
1446759211528
1446759211862
1446759212204
1446759212522
1446759212880
1446759213223
1446759213565
1446759214009
1446759214326
1446759214677
1446759214994
1446759215337
1446759215679
1446759216013
1446759216347
1446759216706
1446759217107
1446759217450
1446759217808
1446759218150
1446759218484
1446759218844
1446759219202
1446759219553
1446759219870
1446759220237
1446759220596
1446759220963
1446759221321
1446759221716
1446759222048
1446759222406
1446759222749
1446759223082
1446759223449
1446759223812
1446759224337
1446759224796
1446759225155
1446759225521
1446759225871
1446759226214
1446759226548
1446759226890
1446759227232
1446759227583
1446759227917
1446759228293
1446759228736
1446759229206
1446759229553
1446759229887
1446759230221
1446759230581
1446759230957
1446759231315
1446759231683
1446759232092
1446759232410
1446759232752
1446759233069
1446759233420
1446759233754
1446759234088
1446759234406
1446759234765
1446759235174
