1446759116243
1446759117661
1446759117995
1446759118337
1446759118707
1446759119173
1446759119583
1446759119925
1446759120259
1446759120584
1446759120960
1446759121278
1446759121612
1446759121962
1446759122305
1446759122709
1446759123032
1446759123366
1446759123716
1446759124050
1446759124376
1446759124727
1446759125053
1446759125412
1446759125810
1446759126139
1446759126489
1446759126848
1446759127182
1446759127516
1446759127850
1446759128184
1446759128509
1446759128861
1446759129286
1446759129612
1446759129963
1446759130280
1446759130606
1446759130957
1446759131283
1446759131591
1446759131934
1446759132327
1446759132644
1446759132995
1446759133304
1446759133638
1446759133989
1446759134323
1446759134640
1446759134991
1446759135392
1446759135718
1446759136036
1446759136362
1446759136671
1446759137013
1446759137322
1446759137656
1446759138075
1446759138408
1446759138792
1446759139143
1446759139477
1446759139794
1446759140145
1446759140462
1446759140821
1446759141189
1446759141614
1446759141932
1446759142299
1446759142616
1446759142942
1446759143301
1446759143644
1446759143969
1446759144320
1446759144679
1446759145045
1446759145455
1446759145789
1446759146123
1446759146456
1446759146782
1446759147108
1446759147442
1446759147793
1446759148143
1446759148557
1446759148951
1446759149301
1446759149711
1446759150045
1446759150387
1446759150730
1446759151081
1446759151431
1446759151765
1446759152091
