1446762756861
1446762758429
1446762758763
1446762759122
1446762759464
1446762759815
1446762760141
1446762760542
1446762760950
1446762761319
1446762761685
1446762762060
1446762762428
1446762762786
1446762763129
1446762763463
1446762763805
1446762764139
1446762764490
1446762764874
1446762765223
1446762765650
1446762765983
1446762766326
1446762766668
1446762767019
1446762767353
1446762767704
1446762768055
1446762768456
1446762768782
1446762769124
1446762769433
1446762769784
1446762770118
1446762770461
1446762770786
1446762771137
1446762771530
1446762771872
1446762772215
1446762772549
1446762772891
1446762773225
1446762773568
1446762773918
1446762774260
1446762774628
1446762775045
1446762775396
1446762775738
1446762776072
1446762776422
1446762776772
1446762777123
1446762777473
1446762777816
1446762778158
1446762778500
1446762778902
1446762779244
1446762779589
1446762780040
1446762780382
1446762780741
1446762781142
1446762781468
1446762781810
1446762782136
1446762782495
1446762782846
1446762783196
1446762783514
1446762783856
1446762784241
1446762784592
1446762784968
1446762785319
1446762785661
1446762786012
1446762786329
1446762786688
1446762787090
1446762787432
1446762787758
1446762788101
1446762788427
1446762788761
1446762789086
1446762789436
1446762789836
1446762790195
1446762790588
1446762790922
1446762791248
1446762791565
1446762791892
1446762792251
1446762792577
1446762792962
1446762793279
