1446799603183
1446799604610
1446799604968
1446799605319
1446799605712
1446799606030
1446799606372
1446799606698
1446799607047
1446799607399
1446799607732
1446799608066
1446799608384
1446799608718
1446799609076
1446799609478
1446799609811
1446799610162
1446799610471
1446799610814
1446799611156
1446799611499
1446799611840
1446799612190
1446799612541
1446799612951
1446799613268
1446799613611
1446799613936
1446799614261
1446799614595
1446799614929
1446799615271
1446799615589
1446799615931
1446799616332
1446799616667
1446799617009
1446799617326
1446799617677
1446799617994
1446799618320
1446799618654
1446799618988
1446799619398
1446799619716
1446799620050
1446799620383
1446799620726
1446799621043
1446799621401
1446799621744
1446799622061
1446799622395
1446799622803
1446799623122
1446799623480
1446799623832
1446799624199
1446799624525
1446799624868
1446799625226
1446799625569
1446799625954
1446799626279
1446799626637
1446799626972
1446799627313
1446799627648
1446799627983
1446799628325
1446799628667
1446799629061
1446799629403
1446799629745
1446799630062
1446799630388
1446799630714
1446799631048
1446799631373
1446799631716
1446799632105
1446799632443
1446799632820
1446799633171
1446799633513
1446799633831
1446799634190
1446799634608
1446799634925
1446799635268
1446799635593
1446799635951
1446799636286
1446799636628
1446799636953
1446799637288
1446799637783
1446799638175
1446799638518
1446799638860
1446799639194
1446799639520
1446799639854
1446799640213
1446799640622
1446799640964
1446799641307
1446799641650
1446799641975
1446799642318
1446799642652
1446799643003
1446799643420
1446799643746
1446799644089
1446799644423
1446799644757
1446799645107
1446799645457
1446799645800
1446799646117
1446799646475
1446799646809
1446799647168
1446799647534
1446799647936
1446799648269
1446799648612
1446799648946
1446799649280
1446799649614
1446799649941
1446799650300
1446799650709
1446799651043
1446799651394
1446799651728
1446799652078
1446799652396
1446799652762
1446799653096
1446799653439
1446799653773
1446799654208
1446799654551
1446799654876
1446799655219
1446799655561
1446799655904
1446799656280
1446799656698
1446799657015
1446799657376
1446799657710
1446799658052
1446799658393
1446799658743
1446799659084
1446799659444
1446799659769
1446799660112
1446799660521
1446799660847
1446799661206
1446799661548
1446799661907
1446799662233
1446799662567
1446799662893
1446799663261
1446799663662
1446799664004
1446799664346
1446799664672
1446799665013
1446799665355
1446799665689
1446799666023
1446799666357
1446799666675
1446799667000
1446799667393
1446799667728
1446799668087
1446799668413
1446799669055
1446799669398
1446799669756
1446799670107
1446799670458
1446799670799
1446799671209
1446799671542
1446799671917
1446799672268
1446799672585
1446799672978
1446799673305
1446799673646
1446799673988
1446799674339
1446799674689
1446799675047
1446799675449
1446799675774
1446799676132
1446799676483
1446799676876
1446799677201
1446799677552
1446799677869
1446799678236
1446799678587
1446799678996
1446799679314
1446799679665
1446799679982
1446799680341
1446799680692
1446799681034
1446799681376
1446799681719
1446799682462
1446799682812
1446799683172
1446799683505
1446799683855
1446799684223
1446799684557
1446799684883
1446799685226
1446799685635
1446799685961
1446799686312
1446799686654
1446799686996
1446799687322
1446799687656
1446799687991
1446799688409
1446799688751
1446799689094
1446799689420
1446799689762
1446799690087
1446799690430
1446799690772
1446799691106
1446799691501
1446799691825
1446799692167
1446799692501
1446799692860
1446799693169
1446799693520
1446799693838
1446799694172
1446799694580
1446799694907
1446799695258
1446799695600
1446799695942
1446799696268
1446799696611
1446799696944
1446799697294
1446799697645
1446799698047
1446799698380
1446799698723
1446799699040
1446799699374
1446799699717
1446799700051
1446799700376
1446799700711
1446799701103
1446799701429
1446799701764
1446799702089
1446799702430
1446799702757
1446799703150
1446799703483
1446799703817
1446799704184
1446799704534
1446799704927
1446799705261
1446799705612
1446799705987
1446799706329
1446799706655
1446799707006
1446799707373
1446799707716
1446799708113
1446799708434
1446799708785
1446799709111
1446799709452
1446799709785
1446799710112
1446799710445
1446799710779
1446799711097
1446799711447
1446799711832
1446799712183
1446799712517
1446799712827
1446799713227
1446799713570
1446799713887
1446799714247
1446799714672
1446799715015
1446799715383
1446799715708
1446799716049
1446799716408
1446799716726
1446799717084
1446799717418
1446799717752
1446799718086
1446799718486
1446799718813
1446799719156
1446799719514
1446799719865
1446799720208
1446799720567
1446799720900
1446799721259
1446799721618
1446799722036
1446799722362
1446799722712
1446799723063
1446799723414
1446799723756
1446799724098
1446799724416
1446799724784
1446799725201
1446799725527
1446799725870
1446799726220
1446799726554
1446799726897
1446799727239
1446799727573
1446799727907
1446799728249
1446799728590
1446799729000
1446799729358
1446799729725
1446799730067
1446799730393
1446799730743
1446799731094
1446799731419
1446799731769
1446799732103
1446799732429
1446799732771
1446799733206
1446799733548
1446799733931
1446799734274
1446799734624
1446799734959
1446799735293
1446799735618
1446799735944
1446799736303
1446799736703
1446799737063
1446799737423
1446799737740
1446799738082
1446799738425
1446799738784
1446799739101
1446799739460
1446799739827
1446799740185
1446799740611
1446799740937
1446799741295
1446799741646
1446799741980
1446799742322
1446799742648
1446799742990
1446799743299
1446799743667
1446799744085
1446799744444
1446799744762
1446799745121
1446799745438
1446799745782
1446799746233
1446799746559
1446799746910
1446799747244
1446799747577
1446799747912
1446799748245
1446799748579
1446799748905
1446799749256
1446799749649
1446799749991
1446799750349
1446799750716
1446799751059
1446799751393
1446799751710
1446799752053
1446799752378
1446799752745
1446799753155
1446799753481
1446799753815
1446799754141
1446799754467
1446799754784
1446799755152
1446799755485
1446799755828
1446799756222
1446799756547
1446799756897
1446799757231
1446799757574
1446799757900
1446799758276
1446799758618
1446799759011
1446799759337
1446799759703
1446799760062
1446799760413
1446799760746
1446799761097
1446799761414
1446799761765
1446799762082
1446799762417
1446799762811
1446799763245
1446799763597
1446799763939
1446799764256
1446799764599
1446799764966
1446799765316
1446799765717
1446799766059
1446799766393
1446799766727
1446799767103
1446799767428
1446799767771
1446799768088
1446799768422
1446799768817
1446799769141
1446799769483
1446799769835
1446799770177
1446799770511
1446799770837
1446799771188
1446799771538
1446799771948
1446799772298
1446799772632
1446799772983
1446799773309
1446799773643
1446799773961
1446799774295
1446799774637
1446799775055
1446799775389
1446799775706
1446799776050
1446799776384
1446799776693
1446799777027
1446799777386
1446799777735
1446799778128
1446799778462
1446799778804
1446799779121
1446799779464
1446799779781
1446799780133
1446799780474
1446799780808
1446799781199
1446799781527
1446799781870
1446799782203
1446799782538
1446799782855
1446799783190
1446799783584
1446799783951
1446799784302
1446799784619
1446799784969
1446799785295
1446799785629
1446799785978
1446799786321
1446799786630
1446799786996
1446799787331
1446799787681
1446799788031
1446799788415
1446799788741
1446799789099
1446799789433
1446799789767
1446799790117
1446799790434
1446799790760
1446799791102
1446799791411
1446799791754
1446799792147
1446799792489
1446799792841
1446799793242
1446799793584
1446799793918
1446799794235
1446799794586
1446799794980
1446799795304
1446799795664
1446799795997
1446799796347
1446799796673
1446799797049
1446799797398
1446799797733
1446799798042
1446799798451
1446799798844
1446799799161
1446799799503
1446799799846
1446799800188
1446799800514
1446799800848
1446799801174
1446799801499
1446799801893
1446799802243
1446799802594
1446799802919
1446799803261
1446799803602
1446799803929
1446799804296
1446799804605
1446799804956
1446799805357
1446799805675
1446799806018
1446799806351
1446799806685
1446799807011
1446799807354
1446799807687
1446799808047
1446799808380
1446799808730
1446799809123
1446799809448
1446799809808
1446799810183
1446799810533
1446799810899
1446799811225
1446799811550
1446799811892
1446799812226
1446799812543
1446799812894
1446799813278
1446799813636
1446799813994
1446799814393
1446799814721
1446799815063
1446799815397
1446799815765
1446799816082
1446799816433
1446799816750
1446799817084
1446799817483
1446799817803
1446799818145
1446799818504
1446799818838
1446799819164
1446799819506
1446799819824
1446799820182
1446799820533
1446799820968
1446799821293
1446799821627
1446799821961
1446799822295
1446799822637
1446799822980
1446799823322
1446799823682
1446799824088
1446799824417
1446799824767
1446799825093
1446799825435
1446799825786
1446799826128
1446799826454
1446799826805
1446799827172
1446799827522
1446799827940
1446799828282
1446799828624
1446799828949
1446799829284
1446799829593
1446799829944
1446799830320
1446799830679
1446799831097
1446799831438
1446799831781
1446799832115
1446799832449
1446799832766
1446799833117
1446799833426
1446799833768
1446799834170
1446799834495
1446799834854
1446799835188
1446799835513
1446799835839
1446799836165
1446799836490
1446799836799
1446799837142
1446799837527
1446799837844
1446799838178
1446799838504
1446799838829
1446799839164
1446799839489
1446799839815
1446799840166
1446799840567
1446799840884
1446799841219
1446799841569
1446799841919
1446799842253
1446799842587
1446799842913
1446799843386
1446799843708
1446799844059
1446799844393
1446799844735
1446799845044
1446799845379
1446799845729
1446799846063
1446799846473
1446799846782
1446799847157
1446799847491
1446799847833
1446799848209
1446799848543
1446799848885
1446799849194
1446799849554
1446799849946
1446799850280
1446799850623
1446799850931
1446799851274
1446799851608
1446799851959
1446799852276
1446799852635
1446799853057
1446799853387
1446799853730
1446799854047
1446799854405
1446799854739
1446799855081
1446799855424
1446799855750
1446799856092
1446799856493
1446799856836
1446799857195
1446799857562
1446799857896
1446799858213
1446799858572
1446799858914
1446799859256
1446799859599
1446799860009
1446799860342
1446799860693
1446799861035
1446799861369
1446799861695
1446799862046
1446799862363
1446799862706
1446799863133
1446799863467
1446799863792
1446799864127
1446799864495
1446799864812
1446799865146
1446799865480
1446799865813
1446799866214
1446799866556
1446799866914
1446799867249
1446799867599
1446799867949
1446799868267
1446799868584
1446799868942
1446799869276
1446799869593
1446799869953
1446799870404
1446799870746
1446799871104
1446799871447
1446799871781
1446799872115
1446799872440
1446799872774
1446799873109
1446799873541
1446799873861
1446799874204
1446799874521
1446799875230
1446799875547
1446799875873
1446799876199
1446799876524
1446799876907
1446799877227
1446799877576
1446799877919
1446799878304
1446799878629
1446799878972
1446799879331
1446799879665
1446799880075
1446799880426
1446799880760
1446799881094
1446799881428
1446799881771
1446799882121
1446799882472
1446799882898
1446799883284
1446799883625
1446799883968
1446799884610
1446799884968
1446799885326
1446799885678
1446799886069
1446799886420
1446799886831
1446799887165
1446799887482
1446799887808
1446799888142
1446799888517
1446799888859
1446799889201
1446799889535
1446799889946
1446799890288
1446799890606
1446799890940
1446799891282
1446799891616
1446799891976
1446799892399
1446799892720
1446799893096
1446799893429
1446799893755
1446799894106
1446799894440
1446799894757
1446799895091
1446799895484
1446799895810
1446799896145
1446799896486
1446799896820
1446799897154
1446799897513
1446799897847
1446799898189
1446799898523
1446799898933
1446799899284
1446799899626
1446799899960
1446799900302
1446799900628
1446799900986
1446799901329
1446799901671
1446799902013
1446799902425
1446799902749
1446799903100
1446799903451
1446799903777
1446799904118
1446799904452
1446799904770
1446799905104
1446799905501
1446799905831
1446799906181
1446799906532
1446799906874
1446799907208
1446799907542
1446799907876
1446799908211
1446799908605
1446799908973
1446799909315
1446799909649
1446799910007
1446799910365
1446799910733
1446799911067
1446799911441
1446799911801
1446799912210
1446799912536
1446799913196
1446799913622
1446799913972
1446799914315
1446799914640
1446799914974
1446799915393
1446799915710
1446799916076
1446799916402
1446799916736
1446799917062
1446799917379
1446799917705
1446799918030
1446799918365
1446799918783
1446799919108
1446799919459
1446799919784
1446799920127
1446799920469
1446799920812
1446799921137
1446799921505
1446799921914
1446799922232
1446799922591
1446799922925
1446799923250
1446799923592
1446799923910
1446799924261
1446799924645
1446799925004
1446799925362
1446799925763
1446799926088
1446799926438
1446799926781
1446799927090
1446799927448
1446799927774
1446799928116
1446799928466
1446799928800
1446799929117
1446799929443
1446799929870
1446799930237
1446799930587
1446799930930
1446799931264
1446799931598
1446799931932
1446799932266
1446799932600
1446799932994
1446799933328
1446799933671
1446799934014
1446799934356
1446799934690
1446799935024
1446799935383
1446799935749
1446799936167
1446799936492
1446799936835
1446799937160
1446799937486
1446799937803
1446799938147
1446799938514
1446799938891
1446799939233
1446799939575
1446799939892
1446799940244
1446799940585
1446799940919
1446799941253
1446799941596
1446799941963
1446799942381
1446799942714
1446799943073
1446799943399
1446799943733
1446799944084
1446799944443
1446799944810
1446799945153
1446799945538
1446799945889
1446799946198
1446799946540
1446799946857
1446799947191
1446799947509
1446799947842
1446799948184
1446799948560
1446799948927
1446799949276
1446799949661
1446799949978
1446799950353
1446799950687
1446799951021
1446799951371
1446799951722
1446799952047
1446799952397
1446799952731
1446799953065
