1446800363705
1446800365225
1446800365575
1446800365926
1446800366318
1446800366644
1446800366987
1446800367312
1446800367662
1446800367997
1446800368330
1446800368689
1446800369007
1446800369340
1446800369683
1446800370109
1446800370452
1446800370794
1446800371128
1446800371454
1446800371788
1446800372122
1446800372464
1446800372831
1446800373216
1446800373549
1446800373884
1446800374201
1446800374543
1446800374861
1446800375195
1446800375529
1446800375888
1446800376301
1446800376615
1446800376966
1446800377308
1446800377650
1446800377968
1446800378310
1446800378636
1446800378987
1446800379396
1446800379738
1446800380072
1446800380407
1446800380741
1446800381099
1446800381442
1446800381759
1446800382117
1446800382469
1446800382869
1446800383187
1446800383538
1446800383857
1446800384275
1446800384626
1446800385010
1446800385336
1446800385662
1446800386013
1446800386330
1446800386699
1446800387048
1446800387398
1446800387750
1446800388150
1446800388476
1446800388819
1446800389187
1446800389504
1446800389838
1446800390156
1446800390481
1446800390871
1446800391200
1446800391542
1446800391893
1446800392235
1446800392844
1446800393179
1446800393504
1446800394057
1446800394416
1446800394733
1446800395084
1446800395419
1446800395753
1446800396103
1446800396437
1446800396804
1446800397154
1446800397563
1446800397905
1446800398248
1446800398565
1446800398908
1446800399275
1446800399609
1446800399934
1446800400277
1446800400687
1446800400996
1446800401362
1446800401697
1446800402038
1446800402373
1446800402715
1446800403057
1446800403383
1446800403734
1446800404127
1446800404504
1446800404838
1446800405156
1446800405506
1446800405832
1446800406191
1446800406541
1446800406951
1446800407293
1446800407659
1446800408010
1446800408336
1446800408694
1446800409037
1446800409387
1446800409721
1446800410081
1446800410491
1446800410825
1446800411151
1446800411502
1446800411811
1446800412154
1446800412496
1446800412830
1446800413223
1446800413532
1446800413898
1446800414233
1446800414583
1446800414909
1446800415251
1446800415594
1446800415911
1446800416279
1446800416673
1446800417005
1446800417340
1446800417683
1446800418008
1446800418336
1446800418754
1446800419239
1446800419606
1446800419947
1446800420305
1446800420640
1446800420990
1446800421333
1446800421675
1446800422017
1446800422427
1446800422778
1446800423129
1446800423454
1446800423796
1446800424164
1446800424506
1446800424857
1446800425216
1446800425617
1446800426335
1446800426709
1446800427084
1446800427427
1446800427777
1446800428428
1446800428770
1446800429146
1446800429496
1446800429822
1446800430224
1446800430533
1446800430875
1446800431201
1446800431543
1446800431860
1446800432203
1446800432528
1446800432863
1446800433221
1446800433580
1446800433989
1446800434306
1446800434681
1446800435032
1446800435399
1446800435749
1446800436091
1446800436408
1446800436767
1446800437101
1446800437443
1446800437793
1446800438144
1446800438562
1446800438880
1446800439264
1446800439622
1446800439988
1446800440331
1446800440682
1446800441016
1446800441333
1446800441675
1446800442077
1446800442427
1446800442778
1446800443104
1446800443446
1446800443772
1446800444130
1446800444465
1446800444831
1446800445173
1446800445532
1446800445933
1446800446251
1446800446610
1446800446935
1446800447269
1446800447612
1446800447946
1446800448263
1446800448622
1446800449049
1446800449391
1446800449734
1446800450067
1446800450401
1446800450744
1446800451078
1446800451395
1446800451738
1446800452156
1446800452481
1446800452840
1446800453166
1446800453508
1446800453842
1446800454202
1446800454519
1446800454887
1446800455263
1446800455588
1446800455956
1446800456290
1446800456624
1446800456958
1446800457308
1446800457626
1446800457960
1446800458319
1446800458660
1446800459103
1446800459446
1446800459763
1446800460105
1446800460431
1446800460765
1446800461099
1446800461442
1446800461851
1446800462177
1446800462528
1446800462853
1446800463188
1446800463530
1446800463888
1446800464248
1446800464704
1446800465017
1446800465360
1446800465669
1446800466019
1446800466345
1446800466678
1446800467004
1446800467322
1446800467656
1446800468049
1446800468416
1446800468758
1446800469126
1446800469469
1446800469820
1446800470195
1446800470529
1446800470888
1446800471238
1446800471647
1446800471981
1446800472323
1446800472657
1446800472991
1446800473317
1446800473651
1446800473977
1446800474319
1446800474715
1446800475030
1446800475389
1446800475731
1446800476090
1446800476407
1446800476750
1446800477100
1446800477450
1446800477793
1446800478152
1446800478518
1446800478944
1446800479286
1446800479637
1446800480012
1446800480355
1446800480681
1446800481031
1446800481365
1446800481699
1446800482112
1446800482443
1446800482801
1446800483152
1446800483486
1446800483828
1446800484179
1446800484513
1446800484830
1446800485190
1446800485599
1446800485925
1446800486268
1446800486602
1446800486928
1446800487262
1446800487604
1446800487938
1446800488340
1446800488682
1446800489032
1446800489416
1446800489741
1446800490075
1446800490401
1446800490726
1446800491076
1446800491410
1446800491736
1446800492085
1446800492428
1446800492778
1446800493137
1446800493529
1446800493846
1446800494256
1446800494599
1446800494933
1446800495292
1446800495626
1446800495993
1446800496394
1446800496712
1446800497054
1446800497371
1446800497723
1446800498065
1446800498399
1446800498724
1446800499219
1446800499561
1446800499903
1446800500237
1446800500571
1446800500898
1446800501265
1446800501631
1446800501957
1446800502326
1446800502684
1446800503027
1446800503360
1446800503686
1446800504012
1446800504346
1446800504663
1446800505023
1446800505424
1446800505758
1446800506109
1446800506426
1446800506760
1446800507102
1446800507453
1446800507787
1446800508155
1446800508513
1446800508863
1446800509256
1446800509598
1446800509940
1446800510266
1446800510600
1446800510917
1446800511260
1446800511610
1446800511960
1446800512409
1446800512738
1446800513081
1446800513406
1446800513740
1446800514066
1446800514401
1446800514751
1446800515153
1446800515470
1446800515821
1446800516138
1446800516473
1446800516815
1446800517157
1446800517491
1446800517825
1446800518226
1446800518569
1446800518911
1446800519229
1446800519588
1446800519922
1446800520248
1446800520574
1446800520933
1446800521291
1446800521709
1446800522042
1446800522393
1446800522735
1446800523093
1446800523452
1446800523786
1446800524120
1446800524489
1446800524941
1446800525292
1446800525617
1446800525952
1446800526294
1446800526660
1446800527003
1446800527337
1446800527671
1446800528068
1446800528390
1446800528724
1446800529058
1446800529442
1446800529786
1446800530170
1446800530571
1446800530897
1446800531248
1446800531582
1446800531900
1446800532251
1446800532568
1446800532926
1446800533268
1446800533686
1446800534012
1446800534388
1446800534723
1446800535032
1446800535366
1446800535683
1446800536033
1446800536392
1446800536810
1446800537119
1446800537462
1446800537795
1446800538138
1446800538455
1446800538789
1446800539106
1446800539441
1446800539873
1446800540193
1446800540535
1446800540861
1446800541195
1446800541562
1446800541896
1446800542222
1446800542556
1446800542949
1446800543266
1446800543601
1446800543943
1446800544302
1446800544636
1446800544978
1446800545312
1446800545646
1446800546072
1446800546390
1446800546716
1446800547050
1446800547399
1446800547733
1446800548042
1446800548401
1446800548719
1446800549052
1446800549402
1446800549736
1446800550087
1446800550436
1446800550821
1446800551154
1446800551521
1446800551855
1446800552206
1446800552540
1446800552865
1446800553208
1446800553525
1446800553885
1446800554270
1446800554595
1446800554937
1446800555254
1446800555588
1446800555922
1446800556273
1446800556590
1446800556958
1446800557325
1446800557675
1446800558093
1446800558426
1446800558784
1446800559120
1446800559487
1446800559821
1446800560163
1446800560489
1446800560814
1446800561216
1446800561558
1446800561901
1446800562218
1446800562560
1446800562869
1446800563212
1446800563529
1446800563880
1446800564374
1446800564732
1446800565090
1446800565424
1446800565766
1446800566117
1446800566459
1446800566793
1446800567111
1446800567445
1446800567855
1446800568172
1446800568523
1446800568848
1446800569182
1446800569525
1446800569867
1446800570201
1446800570535
1446800570972
1446800571296
1446800571663
1446800571980
1446800572722
1446800573056
1446800573390
1446800573748
1446800574099
1446800574457
1446800574807
1446800575150
1446800575517
1446800575867
1446800576264
1446800576593
1446800576953
1446800577311
1446800577653
1446800577986
1446800578337
1446800578696
1446800579038
1446800579381
1446800579714
1446800580116
1446800580508
1446800580851
1446800581176
1446800581519
1446800581836
1446800582194
1446800582537
1446800582895
1446800583237
1446800583613
1446800584014
1446800584340
1446800584700
1446800585050
1446800585359
1446800585693
1446800586019
1446800586353
1446800586759
1446800587080
1446800587431
1446800587783
1446800588150
1446800588484
1446800588810
1446800589305
1446800589637
1446800589980
1446800590314
1446800590656
1446800590982
1446800591324
1446800591642
1446800591993
1446800592360
1446800592718
1446800593119
1446800593461
1446800593795
1446800594120
1446800594455
1446800594781
1446800595141
1446800595500
1446800595901
1446800596218
1446800596593
1446800596951
1446800597302
1446800597627
1446800597970
1446800598295
1446800598629
1446800598947
1446800599289
1446800599690
1446800600000
1446800600350
1446800600668
1446800601002
1446800601336
1446800601670
1446800602004
1446800602347
1446800602739
1446800603057
1446800603408
1446800603775
1446800604124
1446800604561
1446800604894
1446800605228
1446800605618
1446800605947
1446800606281
1446800606615
1446800606957
1446800607275
1446800607618
1446800607951
1446800608285
1446800608695
1446800609021
1446800609379
1446800609713
1446800610088
1446800610423
1446800610740
1446800611074
1446800611383
1446800611734
1446800612113
1446800612427
1446800612770
1446800613095
1446800613430
1446800613772
1446800614131
1446800614448
1446800614808
1446800615166
1446800615516
1446800615950
1446800616284
1446800616634
1446800616977
1446800617310
1446800617644
1446800617970
1446800618304
1446800618621
1446800618998
1446800619416
1446800619759
1446800620076
1446800620418
1446800620735
1446800621078
1446800621412
1446800621746
1446800622145
1446800622473
1446800622807
1446800623158
1446800623500
1446800623826
1446800624160
1446800624486
1446800624820
1446800625213
1446800625538
1446800625881
1446800626223
1446800626574
1446800626891
1446800627249
1446800627591
1446800627940
1446800628267
1446800628600
1446800628950
1446800629335
1446800629693
1446800630043
1446800630436
1446800630769
1446800631128
1446800631470
1446800631804
1446800632171
1446800632505
1446800632848
1446800633165
1446800633516
1446800633900
1446800634218
1446800634553
1446800634887
1446800635196
1446800635546
1446800635855
1446800636190
1446800636568
1446800636900
1446800637242
1446800637585
1446800637919
1446800638253
1446800638587
1446800638937
1446800639287
1446800639630
1446800640065
1446800640398
1446800640733
1446800641075
1446800641409
1446800641760
1446800642094
1446800642411
1446800642762
1446800643166
1446800643480
1446800643831
1446800644148
1446800644533
1446800644909
1446800645235
1446800645569
1446800645970
1446800646288
1446800646662
1446800647005
1446800647339
1446800647664
1446800648032
1446800648358
1446800648675
1446800649009
1446800649428
1446800649788
1446800650130
1446800650464
1446800650798
1446800651149
1446800651816
1446800652191
1446800652601
1446800652935
1446800653294
1446800653646
1446800653996
1446800654338
1446800654672
1446800655006
1446800655416
1446800655758
1446800656117
1446800656435
1446800656794
1446800657111
1446800657445
1446800657779
1446800658130
1446800658489
1446800658898
1446800659240
1446800659591
1446800659916
1446800660259
1446800660576
1446800660919
1446800661236
1446800661570
1446800661978
1446800662314
1446800662672
1446800663015
1446800663373
1446800663707
1446800664050
1446800664393
1446800664752
1446800665154
1446800665479
1446800665854
1446800666188
1446800666539
1446800666873
1446800667207
1446800667541
1446800667866
1446800668209
1446800668617
1446800668953
1446800669328
1446800669645
1446800670021
1446800670355
1446800670723
1446800671032
1446800671366
1446800671716
1446800672083
1446800672476
1446800672801
1446800673167
1446800673510
1446800673852
1446800674194
1446800674528
1446800674862
1446800675172
1446800675523
1446800675923
1446800676258
1446800676625
1446800676951
1446800677300
1446800677643
1446800678003
1446800678328
1446800678679
1446800679089
1446800679448
1446800679799
1446800680133
1446800680492
1446800680809
1446800681151
1446800681469
1446800681811
1446800682221
1446800682547
1446800682898
1446800683256
1446800683590
1446800683908
1446800684275
1446800684650
1446800685086
1446800685412
1446800685778
1446800686129
1446800686455
1446800686813
1446800687139
1446800687464
1446800687806
1446800688157
1446800688466
1446800688815
1446800689166
1446800689517
1446800689875
1446800690268
1446800690593
1446800690952
1446800691294
1446800691637
1446800691962
1446800692305
1446800692622
1446800692973
1446800693391
1446800693717
1446800694059
1446800694402
1446800694728
1446800695079
1446800695405
1446800695781
1446800696130
1446800696545
1446800696874
1446800697232
1446800697583
1446800697916
1446800698259
1446800698593
1446800698927
1446800699261
1446800699620
1446800700063
1446800700397
1446800700764
1446800701090
1446800701432
1446800701792
1446800702142
1446800702468
1446800702810
1446800703161
1446800703894
1446800704287
1446800704604
1446800704955
1446800705289
1446800705615
1446800705949
1446800706283
1446800706642
1446800707051
1446800707419
1446800707770
1446800708095
1446800708446
1446800708763
1446800709113
1446800709440
1446800709807
1446800710191
1446800710596
1446800710926
1446800711301
1446800711635
1446800711968
1446800712335
1446800712661
1446800712986
1446800713336
1446800713662
1446800713996
1446800714346
1446800714705
1446800715098
