1446756003515
1446756006592
1446756008024
1446756009598
1446756011056
1446756012464
1446756013930
1446756015339
1446756016779
1446756018495
1446756019897
1446756021290
1446756022759
1446756024460
1446756025949
1446756027407
1446756028810
1446756030228
1446756031763
1446756033164
1446756034570
1446756035979
1446756037396
1446756038869
1446756040294
1446756041663
1446756044004
1446756045430
1446756046891
1446756048294
1446756049747
1446756051154
1446756052555
1446756054972
1446756056371
1446756057752
1446756059153
1446756060559
1446756061934
1446756063341
1446756064782
1446756066094
1446756067522
1446756068906
1446756070306
1446756071680
1446756073094
1446756074465
1446756075885
1446756084491
1446756085844
1446756087305
1446756088721
1446756090129
1446756091525
1446756092977
1446756095385
1446756096793
1446756098308
1446756099799
1446756101226
1446756102681
1446756104116
1446756105563
1446756106956
1446756108404
1446756109870
1446756111252
1446756112635
1446756114035
1446756115486
1446756116892
1446756118316
1446756119824
1446756121208
1446756122631
1446756124038
1446756125430
1446756126837
1446756128198
1446756129669
1446756131072
1446756132485
1446756133896
1446756135333
1446756136736
1446756138242
1446756139715
1446756141172
1446756142599
1446756144089
1446756145529
1446756146980
1446756148432
1446756149859
1446756151394
1446756152822
1446756154325
1446756155726
1446756157184
1446756158590
1446756160084
1446756161495
1446756162963
1446756164348
1446756165763
1446756167165
1446756168600
1446756170078
1446756171514
1446756172958
1446756174320
1446756175722
1446756177125
1446756178828
1446756181167
1446756183517
1446756184928
1446756186306
1446756187683
1446756189253
1446756190687
1446756192064
1446756193484
1446756194862
1446756196340
1446756197723
1446756199117
1446756200486
1446756202231
1446756203655
1446756205008
1446756206494
1446756207878
1446756209256
1446756210783
1446756212208
1446756213584
1446756214994
1446756216346
1446756217831
1446756219215
1446756220624
1446756222026
1446756223461
1446756224944
1446756226338
1446756228751
1446756230158
1446756231545
1446756232938
1446756235244
1446756236680
1446756238098
1446756239496
1446756240882
1446756242294
1446756243686
1446756245072
1446756246465
1446756247885
1446756249293
1446756250684
1446756252082
1446756253460
1446756254939
1446756256275
1446756257713
1446756259147
1446756260524
1446756261900
1446756263327
1446756264820
1446756266238
1446756267623
1446756269058
1446756270491
1446756271915
1446756273324
1446756277754
1446756279171
1446756280532
1446756281977
1446756283410
1446756284780
1446756286192
1446756287566
1446756288975
1446756290425
1446756291753
1446756293239
1446756294646
1446756296046
1446756297440
1446756298821
1446756300291
1446756301826
1446756303234
1446756304620
1446756305993
1446756307374
1446756308800
1446756310286
1446756311714
1446756313105
1446756314496
1446756315895
1446756317270
1446756318686
1446756320154
1446756321560
1446756322967
1446756324392
1446756325729
1446756327199
1446756328598
1446756330032
1446756331432
1446756332817
1446756334194
1446756335736
1446756337236
1446756338644
1446756340143
1446756341592
1446756343042
1446756344443
1446756345899
1446756347258
1446756348611
1446756350440
1446756351831
1446756353254
1446756354686
1446756356078
1446756357445
1446756358851
1446756360242
1446756361642
1446756363066
1446756364495
1446756365929
1446756367448
1446756368840
1446756370377
1446756371772
1446756373212
1446756374671
1446756376085
1446756377431
1446756378877
1446756380364
1446756382824
1446756384244
1446756385700
1446756387086
1446756388499
1446756389876
1446756391713
1446756393090
1446756394536
1446756395977
1446756397394
1446756399763
1446756401175
1446756402592
1446756404011
1446756405623
1446756407055
1446756408471
1446756409839
1446756411263
1446756412670
1446756414096
1446756415530
1446756416959
1446756418379
1446756419816
1446756421209
1446756422615
1446756423984
1446756432435
1446756433985
1446756435609
1446756437196
1446756438737
1446756440378
1446756441969
1446756443543
1446756445093
1446756446650
1446756448208
1446756449732
1446756451299
1446756452923
1446756454489
1446756456038
1446756457604
1446756459145
1446756460719
1446756462293
1446756463859
1446756465492
1446756467066
1446756468674
1446756470390
1446756471981
1446756473563
1446756475113
1446756476762
1446756478345
1446756479966
1446756481510
1446756483076
1446756484600
1446756486141
1446756487740
1446756489290
1446756490831
1446756492463
1446756494021
1446756495595
1446756497170
1446756498761
1446756500327
1446756501884
1446756503475
1446756505188
1446756506749
1446756508340
1446756509897
1446756511505
1446756513079
1446756514662
1446756516244
1446756517844
1446756519385
1446756520967
1446756522575
1446756524108
1446756525707
1446756527273
1446756528806
1446756530397
1446756532046
1446756533620
1446756535178
1446756536794
1446756538368
1446756539943
1446756541534
1446756543100
1446756544674
1446756546281
1446756547847
1446756549380
1446756550987
1446756552562
1446756554111
1446756555710
1446756557293
1446756558867
1446756560542
1446756562132
1446756563715
1446756565306
1446756566897
1446756568480
1446756570055
1446756571645
1446756573269
1446756574852
1446756576418
1446756578042
1446756579633
1446756581225
1446756582808
1446756584465
1446756586039
1446756587638
1446756589263
1446756590937
1446756592553
1446756594177
1446756595818
1446756597654
1446756599258
1446756600874
1446756602448
1446756604039
1446756605630
1446756607229
1446756608812
1446756610553
1446756612169
1446756613785
1446756615401
1446756616992
1446756618616
1446756620266
1446756621865
1446756623464
1446756625047
1446756626663
1446756628237
1446756629804
1446756631453
1446756633135
1446756634684
1446756636225
1446756637816
1446756639423
1446756641023
1446756642580
1446756644140
1446756645787
1446756647387
1446756648953
1446756650660
1446756652276
1446756653842
1446756655425
1446756657016
1446756658623
1446756660231
1446756661780
1446756663380
1446756664987
1446756666562
1446756668211
1446756669794
1446756671401
1446756673009
1446756674576
1446756676233
1446756677823
1446756679390
1446756681055
1446756682655
1446756684246
1446756685903
1446756687452
1446756689027
1446756690609
1446756692242
1446756693808
1446756695365
1446756696974
1446756698581
1446756700113
1446756701704
1446756703312
1446756705103
1446756706652
1446756708093
1446756709551
1446756711034
1446756712445
1446756713788
1446756715216
1446756716645
1446756718051
1446756719451
1446756720930
1446756722391
1446756723834
1446756725248
1446756726672
1446756728163
1446756729546
1446756730964
1446756732378
1446756733723
1446756735185
1446756736627
1446756738018
1446756739419
1446756740825
1446756742257
1446756743661
1446756745099
1446756746469
1446756747896
1446756749279
1446756750656
1446756752101
1446756753487
1446756754887
1446756756334
1446756757722
1446756759135
1446756760542
1446756761932
1446756763293
1446756764649
1446756766122
1446756767514
1446756768954
1446756770797
1446756772244
1446756773635
1446756775044
1446756776412
1446756777841
1446756779242
1446756780707
1446756782139
1446756783564
1446756784963
1446756786324
1446756787685
1446756789121
1446756790629
1446756792054
1446756793428
1446756795121
1446756796556
1446756798029
1446756799515
1446756801885
1446756803303
1446756804765
1446756806200
1446756807609
1446756809111
1446756810552
1446756812036
1446756813459
1446756814884
1446756816291
1446756817741
1446756819198
1446756821527
1446756823039
1446756824475
1446756826103
1446756827488
1446756828887
1446756831370
1446756832759
1446756834112
1446756837469
1446756838854
1446756840381
1446756841797
1446756843189
1446756844620
1446756846020
1446756847397
1446756848802
1446756850238
1446756851625
1446756853025
1446756854443
1446756856898
1446756858293
1446756859722
1446756861171
1446756862579
1446756863997
1446756865534
1446756867052
1446756868478
1446756872830
1446756874282
1446756875652
1446756877071
1446756878556
1446756879972
1446756881388
1446756882795
1446756884211
1446756885602
1446756887052
1446756888459
1446756889871
1446756891289
1446756892782
1446756894199
1446756895610
1446756897037
1446756898505
1446756899882
1446756901404
1446756902803
1446756904312
1446756905714
1446756907090
1446756908542
1446756909991
1446756911417
1446756912809
1446756914215
1446756915624
1446756917014
1446756918415
1446756919846
1446756921328
1446756922761
1446756924169
1446756925653
1446756927051
1446756928418
1446756929875
1446756931269
1446756932692
1446756934082
1446756935507
1446756937906
1446756942223
1446756943608
1446756945043
1446756946459
1446756947891
1446756949316
1446756950758
1446756952201
1446756953614
1446756955298
1446756956746
1446756958162
1446756959570
1446756961003
1446756962420
1446756963852
1446756965276
1446756966692
1446756968091
1446756969452
1446756971014
1446756972409
1446756973836
1446756975281
1446756976712
1446756978145
1446756979514
1446756980937
1446756982340
1446756983775
1446756985220
1446756986708
1446756988124
1446756989565
1446756991032
1446756992538
1446756997005
1446756998424
1446756999943
1446757001318
1446757002751
1446757004200
1446757005676
1446757007111
1446757008540
1446757009958
1446757011422
1446757012930
1446757014346
1446757015765
1446757017186
1446757018630
1446757020109
1446757021502
1446757022933
1446757024294
1446757025684
1446757027045
1446757028489
1446757029922
1446757031356
1446757032756
1446757034114
1446757035496
1446757036935
1446757038281
1446757039767
1446757041284
1446757043578
1446757044946
1446757046466
1446757047811
1446757049272
1446757050704
1446757052145
1446757053553
1446757056044
1446757057447
1446757058815
1446757060235
1446757061658
1446757063082
1446757064507
1446757065931
1446757067347
1446757068755
1446757070190
1446757071629
1446757073040
1446757075555
1446757076982
1446757078434
1446757079825
1446757081241
1446757082609
1446757084016
1446757085361
1446757086778
1446757088190
1446757089559
1446757091128
1446757092544
1446757094798
1446757096268
1446757097597
1446757098998
1446757100526
1446757101935
1446757103348
1446757104732
1446757106337
1446757107806
1446757109200
1446757110703
1446757112212
1446757113557
1446757115003
1446757116347
1446757117818
1446757119179
1446757120559
1446757121973
1446757123382
1446757124743
1446757129536
1446757131032
1446757132453
1446757133831
1446757135359
1446757136785
1446757138171
1446757139648
1446757141082
1446757142502
1446757143878
1446757145308
1446757146785
1446757148238
1446757149627
1446757151014
1446757152382
1446757153859
1446757155279
1446757156664
1446757158141
1446757159548
1446757160966
1446757162397
1446757163830
1446757165233
1446757166770
1446757168244
1446757169639
1446757171066
1446757172626
1446757174320
1446757175722
1446757177249
1446757178610
1446757180039
1446757181532
1446757182938
1446757184329
1446757185796
1446757187246
1446757188631
1446757191160
1446757192546
1446757193966
1446757195374
1446757196807
1446757198264
1446757199697
1446757201115
1446757202530
1446757203947
1446757205370
1446757206777
1446757209235
1446757210684
1446757212125
1446757213541
1446757214927
1446757216315
1446757217747
1446757219147
1446757220547
1446757221972
1446757230400
1446757231876
1446757233286
1446757234740
1446757236191
1446757237639
1446757239063
1446757240457
1446757241859
1446757243319
1446757244706
1446757246168
1446757247578
1446757249009
1446757250360
1446757251916
1446757253390
1446757254793
1446757256216
1446757257633
1446757259046
1446757260447
1446757261945
1446757263331
1446757264752
1446757266178
1446757267604
1446757269033
1446757270412
1446757271899
1446757273269
1446757274722
1446757276125
1446757277523
1446757278867
1446757280305
1446757281715
1446757283116
1446757285618
1446757287021
1446757288389
1446757289832
1446757291260
1446757292731
1446757294131
1446757295540
1446757296996
1446757298424
1446757299809
1446757301252
1446757302672
1446757304074
1446757305527
1446757306888
1446757308391
1446757310140
1446757311599
1446757312944
1446757314405
1446757315842
1446757317276
1446757318769
1446757320186
1446757321673
1446757323111
1446757324542
1446757325953
1446757327355
1446757328815
1446757330218
1446757331814
1446757333238
1446757334706
1446757336142
1446757337636
1446757339029
1446757340444
1446757341876
1446757343284
1446757344670
1446757346117
1446757347507
1446757348933
1446757350294
1446757351874
1446757353251
1446757354672
1446757356008
1446757357429
1446757358866
1446757360351
1446757361784
1446757363241
1446757364593
1446757366034
1446757367425
1446757368774
1446757370197
1446757371630
1446757373039
1446757374422
1446757375803
1446757377210
1446757378635
1446757380051
1446757381495
1446757382916
1446757384324
1446757385741
1446757387156
1446757388557
1446757389971
1446757391406
1446757392903
1446757394319
1446757395727
1446757397144
1446757398576
1446757399984
1446757401472
1446757402958
1446757404399
1446757405808
1446757407223
1446757408647
1446757410046
1446757411504
1446757412928
1446757414339
1446757415893
1446757417294
1446757418725
1446757420125
1446757421487
1446757422890
1446757424315
1446757425732
1446757427107
1446757428588
1446757430014
1446757431436
1446757432828
1446757434547
1446757435969
1446757437405
1446757438900
1446757440327
1446757441825
1446757443215
1446757444606
1446757446023
1446757447451
1446757448914
1446757450361
1446757451732
1446757453143
1446757454568
1446757456001
1446757457362
1446757458799
1446757460257
1446757461698
1446757463116
1446757464510
1446757465919
1446757467379
1446757468803
1446757470244
1446757471665
1446757473126
1446757474551
1446757476004
1446757477435
1446757479266
1446757480725
1446757482164
1446757483622
1446757485088
1446757486537
1446757487970
1446757489411
1446757490879
1446757492336
1446757493759
1446757495225
1446757496629
1446757498084
1446757499433
1446757500828
1446757502297
1446757503658
1446757505104
1446757506488
1446757507903
1446757509280
1446757510666
1446757512261
1446757513630
1446757515014
1446757516457
1446757517919
1446757519312
1446757521618
1446757523029
