1446762797948
1446762799389
1446762799723
1446762800032
1446762800366
1446762800759
1446762801101
1446762801427
1446762801744
1446762802070
1446762802395
1446762802730
1446762803072
1446762803430
1446762803756
1446762804115
1446762804473
1446762804882
1446762805208
1446762805566
1446762805900
1446762806234
1446762806592
1446762806918
1446762807243
1446762807601
1446762807945
1446762808319
1446762808669
1446762809021
1446762809413
1446762809722
1446762810073
1446762810382
1446762810716
1446762811042
1446762811376
1446762811685
1446762812027
1446762812412
1446762812738
1446762813072
1446762813430
1446762813773
1446762814099
1446762814441
1446762814785
1446762815236
1446762815561
1446762815911
1446762816271
1446762816605
1446762816922
1446762817256
1446762817574
1446762817908
1446762818301
1446762818627
1446762818986
1446762819295
1446762819631
1446762820142
1446762820492
1446762820827
1446762821169
1446762821511
1446762821837
1446762822195
1446762822538
1446762822905
1446762823239
1446762823629
1446762823958
1446762824300
1446762824651
1446762825001
1446762825327
1446762825678
1446762826012
1446762826379
1446762826797
1446762827115
1446762827464
1446762827815
1446762828141
1446762828499
1446762828850
1446762829167
1446762829525
1446762829976
1446762830301
1446762830668
1446762831019
1446762831386
1446762831752
1446762832221
1446762832579
1446762832954
1446762833305
1446762833647
1446762833981
