1446759412153
1446759413609
1446759413935
1446759414404
1446759414746
1446759415096
1446759415464
1446759415789
1446759416140
1446759416457
1446759416827
1446759417236
1446759417578
1446759417904
1446759418230
1446759418564
1446759418889
1446759419215
1446759419574
1446759419917
1446759420310
1446759420635
1446759420995
1446759421320
1446759421679
1446759422005
1446759422363
1446759422714
1446759423056
1446759423415
1446759423852
1446759424179
1446759424687
1446759425030
1446759425380
1446759425731
1446759426147
1446759426483
1446759426842
1446759427184
1446759427519
1446759427836
1446759428195
1446759428529
1446759428871
1446759429271
1446759429615
1446759429941
1446759430291
1446759430634
1446759430968
1446759431344
1446759431702
1446759432045
1446759432455
1446759432798
1446759433115
1446759433449
1446759433767
1446759434110
1446759434477
1446759434887
1446759435204
1446759435522
1446759435856
1446759436166
1446759436516
1446759436842
1446759437200
1446759437568
1446759437977
1446759438295
1446759438662
1446759438988
1446759439338
1446759439672
1446759440041
1446759440383
1446759440801
1446759441135
1446759441502
1446759441853
1446759442195
1446759442537
1446759442863
1446759443197
1446759443514
1446759443848
1446759444325
1446759444668
1446759444993
1446759445319
1446759445637
1446759446005
1446759446347
1446759446740
1446759447083
1446759447432
1446759447799
1446759448141
1446759448475
