1446752987323
1446752990343
1446752991917
1446752993728
1446752995227
1446752996623
1446752998239
1446752999863
1446753001454
1446753003078
1446753004702
1446753006151
1446753007778
1446753009304
1446753010845
1446753012257
1446753013698
1446753015164
1446753016651
1446753018117
1446753019579
1446753021108
1446753022565
1446753024039
1446753025468
1446753026934
1446753028450
1446753030008
1446753031457
1446753032873
1446753034378
1446753035747
1446753037213
1446753038629
1446753040078
1446753041519
1446753042952
1446753044489
1446753045865
1446753047371
1446753048863
1446753050274
1446753051715
1446753054164
1446753055617
1446753057012
1446753058420
1446753059861
1446753061285
1446753062676
1446753064158
1446753065608
1446753068049
1446753069506
1446753070889
1446753072322
1446753073705
1446753075129
1446753076528
1446753085121
1446753086566
1446753087998
1446753089512
1446753090914
1446753092467
1446753093846
1446753095420
1446753096894
1446753098327
1446753099760
1446753101209
1446753102650
1446753104197
1446753105566
1446753107077
1446753108551
1446753109964
1446753111446
1446753112916
1446753114382
1446753115873
1446753117423
1446753118914
1446753120334
1446753121829
1446753123278
1446753124732
1446753126164
1446753127618
1446753129005
1446753130471
1446753131999
1446753133420
1446753134911
1446753136377
1446753137777
1446753139313
1446753140700
1446753142207
1446753143661
1446753145157
1446753146589
1446753148022
1446753149575
1446753150971
1446753152507
1446753153920
1446753155394
1446753156889
1446753158330
1446753159789
1446753161236
1446753162669
1446753164135
1446753165626
1446753167042
1446753168502
1446753170083
1446753171573
1446753172953
1446753174531
1446753175980
1446753177454
1446753178883
1446753180366
1446753181852
1446753183335
1446753184839
1446753186400
1446753188225
1446753189699
1446753191167
1446753192622
1446753193993
1446753195417
1446753196937
1446753198387
1446753199807
1446753201215
1446753202673
1446753204111
1446753205525
1446753206929
1446753208328
1446753210964
1446753212343
1446753213776
1446753215271
1446753216720
1446753218116
1446753219637
1446753221048
1446753222484
1446753223934
1446753225459
1446753226919
1446753228357
1446753229811
1446753231252
1446753232738
1446753234134
1446753235595
1446753236991
1446753238415
1446753239943
1446753241305
1446753242722
1446753244130
1446753245707
1446753247053
1446753248477
1446753249893
1446753251285
1446753252692
1446753254247
1446753255616
1446753257078
1446753258519
1446753260014
1446753261422
1446753262875
1446753264263
1446753265670
1446753267140
1446753268544
1446753269994
1446753271467
1446753272929
1446753274389
1446753275819
1446753277264
1446753278639
1446753280151
1446753281585
1446753283009
1446753284453
1446753285956
1446753287399
1446753288818
1446753290323
1446753291733
1446753293124
1446753294679
1446753296135
1446753297556
1446753298972
1446753300425
1446753301779
1446753303211
1446753304682
1446753306148
1446753307560
1446753308984
1446753310417
1446753311825
1446753313224
1446753314582
1446753316068
1446753317439
1446753318863
1446753320287
1446753321766
1446753323256
1446753324773
1446753326255
1446753327813
1446753329390
1446753330878
1446753332327
1446753333773
1446753335251
1446753336661
1446753338071
1446753339593
1446753340970
1446753342794
1446753344236
1446753345810
1446753347312
1446753348708
1446753350199
1446753352593
1446753354039
1446753355397
1446753356846
1446753358316
1446753359753
1446753361177
1446753362656
1446753364085
1446753365593
1446753366992
1446753368445
1446753369841
1446753371299
1446753373086
1446753374529
1446753376008
1446753377412
1446753378820
1446753380269
1446753381772
1446753383193
1446753384771
1446753386158
1446753387608
1446753389016
1446753390532
1446753391906
1446753393330
1446753397737
1446753399103
1446753400510
1446753401955
1446753403392
1446753404870
1446753406224
1446753407682
1446753409090
1446753410481
1446753411897
1446753413350
1446753414762
1446753416186
1446753417681
1446753419148
1446753420655
1446753422073
1446753423537
1446753425072
1446753426528
1446753428002
1446753429510
1446753431034
1446753432483
1446753434957
1446753436417
1446753437794
1446753439239
1446753440634
1446753442163
1446753443583
1446753444999
1446753446407
1446753447885
1446753449370
1446753450821
1446753452237
1446753453858
1446753455212
1446753457660
1446753459118
1446753460579
1446753462029
1446753463486
1446753465354
1446753466739
1446753468201
1446753469642
1446753471046
1446753473487
1446753474925
1446753476285
1446753477685
1446753479254
1446753480737
1446753482124
1446753483548
1446753485062
1446753486484
1446753487905
1446753489304
1446753490704
1446753492165
1446753493598
1446753495081
1446753496522
1446753497979
1446753499437
1446753500886
1446753502386
1446753506934
1446753508280
1446753509850
1446753511253
1446753512661
1446753514148
1446753515551
1446753517001
1446753518471
1446753519988
1446753521382
1446753522765
1446753524181
1446753525589
1446753527133
1446753528608
1446753530107
1446753531581
1446753532944
1446753534401
1446753535871
1446753538362
1446753539863
1446753541327
1446753542777
1446753544227
1446753545677
1446753547046
1446753548503
1446753549968
1446753551360
1446753552743
1446753554135
1446753555713
1446753557100
1446753558570
1446753560040
1446753561423
1446753562847
1446753564239
1446753565775
1446753567196
1446753568740
1446753570266
1446753571693
1446753573171
1446753574625
1446753576050
1446753577482
1446753578969
1446753580472
1446753581939
1446753583442
1446753584999
1446753586453
1446753588877
1446753590347
1446753591743
1446753593273
1446753594745
1446753596166
1446753597565
1446753599018
1446753600551
1446753601930
1446753603383
1446753604917
1446753606433
1446753607939
1446753609422
1446753610876
1446753612372
1446753613862
1446753615319
1446753616785
1446753618260
1446753619778
1446753621180
1446753622674
1446753624142
1446753625640
1446753627107
1446753628565
1446753630065
1446753631504
1446753632986
1446753634419
1446753635919
1446753637368
1446753638772
1446753640210
1446753641700
1446753643120
1446753644519
1446753645935
1446753647422
1446753648801
1446753650387
1446753651750
1446753653229
1446753654574
1446753656093
1446753657542
1446753658905
1446753660326
1446753661782
1446753663215
1446753664650
1446753666147
1446753667605
1446753669046
1446753670488
1446753672286
1446753673681
1446753675136
1446753676601
1446753677963
1446753679346
1446753681833
1446753683289
1446753684780
1446753689217
1446753690749
1446753692230
1446753693718
1446753695176
1446753696554
1446753698008
1446753699441
1446753700836
1446753702210
1446753703689
1446753705189
1446753706671
1446753708120
1446753709561
1446753711070
1446753712552
1446753713994
1446753715425
1446753716866
1446753718299
1446753719740
1446753721173
1446753722590
1446753723968
1446753725687
1446753727145
1446753728578
1446753729949
1446753731420
1446753732892
1446753734280
1446753735751
1446753737283
1446753738717
1446753740139
1446753741589
1446753743105
1446753744571
1446753746003
1446753747399
1446753748885
1446753750376
1446753751817
1446753753258
1446753754709
1446753756191
1446753757657
1446753759036
1446753760549
1446753762038
1446753763521
1446753764951
1446753766528
1446753767960
1446753769356
1446753770847
1446753772342
1446753773783
1446753775224
1446753776681
1446753778097
1446753779555
1446753781005
1446753782437
1446753783887
1446753785428
1446753786919
1446753788360
1446753789852
1446753791309
1446753792758
1446753794241
1446753795700
1446753797147
1446753798589
1446753800039
1446753801504
1446753802937
1446753804369
1446753806210
1446753807659
1446753809075
1446753810583
1446753811991
1446753813440
1446753814821
1446753816302
1446753817668
1446753819104
1446753820483
1446753821883
1446753823319
1446753824810
1446753826197
1446753827684
1446753829125
1446753830593
1446753832067
1446753833490
1446753834914
1446753836347
1446753837838
1446753839264
1446753840751
1446753842569
1446753843995
1446753845443
1446753846859
1446753848292
1446753849708
1446753851174
1446753852606
1446753853952
1446753855413
1446753856838
1446753858279
1446753859703
1446753861178
1446753862610
1446753864068
1446753865469
1446753866893
1446753868318
1446753869742
1446753871198
1446753872641
1446753874113
1446753875575
1446753876989
1446753878383
1446753879811
1446753881219
1446753882610
1446753884044
1446753885414
1446753886779
1446753888224
1446753889665
1446753891156
1446753892519
1446753894030
1446753895529
1446753896988
1446753898404
1446753899788
1446753901270
1446753902653
1446753904059
1446753905533
1446753907974
1446753909407
1446753910924
1446753912351
1446753913853
1446753915371
1446753916795
1446753918203
1446753919645
1446753921143
1446753922609
1446753924075
1446753925541
1446753927015
1446753928443
1446753929938
1446753931388
1446753932846
1446753934295
1446753936827
1446753938243
1446753939687
1446753941119
1446753942533
1446753943944
1446753945544
1446753946990
1446753948431
1446753949897
1446753951381
1446753952837
1446753954253
1446753955661
1446753957102
1446753958481
1446753959997
1446753961393
1446753962825
1446753964266
1446753965692
1446753967093
1446753968477
1446753969980
1446753971429
1446753972862
1446753974295
1446753975752
1446753977162
1446753978531
1446753979967
1446753981436
1446753982830
1446753984315
1446753985718
1446753987153
1446753988590
1446753990023
1446753991428
1446753992853
1446753994269
1446753995762
1446753997173
1446753998675
1446754000091
1446754001532
1446754002973
1446754004389
1446754005802
1446754007305
1446754008737
1446754010164
1446754011619
1446754013444
1446754014868
1446754016259
1446754017700
1446754019143
1446754020617
1446754022057
1446754023481
1446754024930
1446754026380
1446754027796
1446754029229
1446754031653
1446754033054
1446754034460
1446754035797
1446754037234
1446754038650
1446754040052
1446754041583
1446754042949
1446754044319
1446754045846
1446754047237
1446754048590
1446754050029
1446754051485
1446754052880
1446754054261
1446754055688
1446754057135
1446754058649
1446754060033
1446754061489
1446754062948
1446754064365
1446754065781
1446754067167
1446754068678
1446754070095
1446754071516
1446754073009
1446754074395
1446754075818
1446754077204
1446754078673
1446754080098
1446754081572
1446754082950
1446754084322
1446754085730
1446754087163
1446754088577
1446754089985
1446754091403
1446754092859
1446754094258
1446754095684
1446754097090
1446754098523
1446754099914
1446754101333
1446754102754
1446754104204
1446754106007
1446754107454
1446754108902
1446754110352
1446754112810
1446754114258
1446754115667
1446754117085
1446754118487
1446754119949
1446754121385
1446754122847
1446754124267
1446754125753
1446754127153
1446754128585
1446754129992
1446754131392
1446754132825
1446754134249
1446754135743
1446754137145
1446754138630
1446754140055
1446754141454
1446754142853
1446754144294
1446754145723
1446754147160
1446754148592
1446754149939
1446754151421
1446754152882
1446754154340
1446754155766
1446754157214
1446754158680
1446754160163
1446754161645
1446754166156
1446754167609
1446754169035
1446754170460
1446754171924
1446754173293
1446754174723
1446754176185
1446754177603
1446754179104
1446754180545
1446754182028
1446754183414
1446754184843
1446754186222
1446754187625
1446754189034
1446754190475
1446754191852
1446754194152
1446754195588
1446754196975
1446754198418
1446754199920
1446754201289
1446754202683
1446754204186
1446754205702
1446754207134
1446754208558
1446754210009
1446754211415
1446754212866
1446754214331
1446754215842
1446754217229
1446754218653
1446754220071
1446754221440
1446754222903
1446754224319
1446754225717
1446754227141
1446754228551
1446754229993
1446754231513
1446754232964
1446754234380
1446754235834
1446754237329
1446754238753
1446754240206
1446754241843
1446754243311
1446754244771
1446754246208
1446754247653
1446754249057
1446754250498
1446754251982
1446754253481
1446754254906
1446754256372
1446754257779
1446754259165
1446754260713
1446754262152
1446754263505
1446754264974
1446754266409
1446754267795
1446754269306
1446754271763
1446754273229
1446754274612
1446754276023
1446754278331
1446754279749
1446754281226
1446754282692
1446754284116
1446754285615
1446754286993
1446754288406
1446754290828
1446754292321
1446754293770
1446754295206
1446754296661
1446754298119
1446754299526
1446754300927
1446754302308
1446754303724
1446754305132
1446754306531
1446754307964
1446754309389
1446754310768
1446754312337
1446754314665
1446754316110
1446754317488
1446754318932
1446754320408
1446754321761
1446754323182
1446754324577
1446754326000
1446754327432
1446754328843
1446754330307
1446754331778
1446754333138
1446754335506
1446754337276
1446754338709
1446754340125
1446754341532
1446754342932
1446754344348
1446754345807
1446754347238
1446754348664
1446754350063
1446754351501
1446754353011
1446754354420
1446754355877
1446754357317
1446754358750
1446754360166
1446754361610
1446754363029
1446754364548
1446754365972
1446754367438
1446754368912
1446754370370
1446754371765
1446754373178
1446754374635
1446754376011
1446754377442
1446754378834
1446754380274
1446754381658
1446754383027
1446754384563
1446754386083
1446754387529
1446754388987
1446754390454
1446754391902
1446754393318
1446754394776
1446754396196
1446754397634
1446754399065
1446754400451
1446754401907
1446754403310
1446754404771
1446754406171
1446754407603
1446754409028
1446754410481
1446754411922
1446754413740
1446754415242
1446754416738
1446754419198
1446754420601
1446754422172
1446754423621
1446754425054
1446754426497
1446754427928
1446754429372
1446754431689
1446754433142
1446754434617
1446754437132
1446754438565
1446754439999
1446754441422
1446754442846
1446754444279
1446754445687
1446754447128
1446754448560
1446754450006
1446754451559
1446754452953
1446754454368
1446754455787
1446754457350
1446754458761
1446754460182
1446754461543
1446754463029
1446754464445
1446754465861
1446754467285
1446754468751
1446754470194
1446754471602
1446754472966
1446754474382
1446754475810
1446754477264
1446754478705
1446754480121
1446754481530
