1446759453205
1446759454676
1446759455046
1446759455429
1446759455804
1446759456180
1446759456522
1446759456880
1446759457255
1446759457622
1446759457991
1446759458358
1446759458717
1446759459076
1446759459469
1446759459828
1446759460178
1446759460520
1446759460879
1446759461235
1446759461587
1446759461943
1446759462302
1446759462660
1446759463035
1446759463359
1446759463727
1446759464084
1446759464546
1446759464934
1446759465301
1446759465650
1446759466026
1446759466385
1446759466733
1446759467109
1446759467458
1446759467825
1446759468191
1446759468524
1446759468900
1446759469267
1446759469642
1446759470000
1446759470390
1446759470748
1446759471116
1446759471492
1446759471864
1446759472214
1446759472590
1446759472949
1446759473323
1446759473699
1446759474063
1446759474431
1446759474807
1446759475158
1446759475521
1446759475880
1446759476212
1446759476571
1446759476964
1446759477347
1446759477705
1446759478073
1446759478415
1446759478773
1446759479149
1446759479533
1446759479932
1446759480307
1446759480682
1446759481049
1446759481408
1446759481826
1446759482160
1446759482527
1446759482861
1446759483219
1446759483585
1446759483934
1446759484343
1446759484717
1446759485085
1446759485451
1446759485800
1446759486175
1446759486508
1446759486867
1446759487218
1446759487582
1446759487949
1446759488315
1446759488665
1446759489033
1446759489383
1446759489751
1446759490126
1446759490490
1446759491190
