1446762632591
1446762634696
1446762635055
1446762635473
1446762635816
1446762636167
1446762636518
1446762636843
1446762637203
1446762637512
1446762637932
1446762638249
1446762638599
1446762638932
1446762639275
1446762639601
1446762639935
1446762640244
1446762640586
1446762640971
1446762641321
1446762641656
1446762641973
1446762642315
1446762642633
1446762642967
1446762643284
1446762643635
1446762644029
1446762644346
1446762644688
1446762644997
1446762645331
1446762645673
1446762646023
1446762646349
1446762646691
1446762647017
1446762647434
1446762647802
1446762648136
1446762648470
1446762648804
1446762649121
1446762649482
1446762649975
1446762650301
1446762650644
1446762650986
1446762651336
1446762651670
1446762652004
1446762652338
1446762652681
1446762653082
1446762653416
1446762653751
1446762654102
1446762654428
1446762654804
1446762655155
1446762655564
1446762655915
1446762656266
1446762656600
1446762656943
1446762657268
1446762657619
1446762657978
1446762658345
1446762658704
1446762659138
1446762659489
1446762659807
1446762660166
1446762660483
1446762660817
1446762661152
1446762661511
1446762661928
1446762662271
1446762662605
1446762662922
1446762663273
1446762663615
1446762663950
1446762664317
1446762664684
1446762665034
1446762665477
1446762665819
1446762666153
1446762666495
1446762666829
1446762667147
1446762667515
1446762667848
1446762668182
1446762668589
1446762668918
1446762669260
