1446799251933
1446799254030
1446799254373
1446799254723
1446799255057
1446799255451
1446799255818
1446799256160
1446799256503
1446799256829
1446799257171
1446799257497
1446799257848
1446799258257
1446799258591
1446799258934
1446799259259
1446799259601
1446799259927
1446799260261
1446799260587
1446799260938
1446799261335
1446799261665
1446799261999
1446799262324
1446799262659
1446799263001
1446799263335
1446799263661
1446799264081
1446799264422
1446799264764
1446799265081
1446799265423
1446799265766
1446799266108
1446799266442
1446799266759
1446799267212
1446799267537
1446799267888
1446799268222
1446799268556
1446799268883
1446799269233
1446799269559
1446799269961
1446799270294
1446799270637
1446799270954
1446799271288
1446799271630
1446799271973
1446799272290
1446799272648
1446799272999
1446799273392
1446799273701
1446799274060
1446799274369
1446799274703
1446799275054
1446799275396
1446799275705
1446799276039
1446799276432
1446799276750
1446799277103
1446799277537
1446799277871
1446799278230
1446799278623
1446799278949
1446799279300
1446799279633
1446799279967
1446799280318
1446799280652
1446799280978
1446799281320
1446799281722
1446799282039
1446799282399
1446799282733
1446799283050
1446799283401
1446799283718
1446799284052
1446799284471
1446799284805
1446799285147
1446799285481
1446799285823
1446799286132
1446799286484
1446799286817
1446799287151
1446799287564
1446799287945
1446799288279
1446799288638
1446799288988
1446799289337
1446799289680
1446799290022
1446799290365
1446799290707
1446799291041
1446799291392
1446799291809
1446799292151
1446799292485
1446799292828
1446799293162
1446799293496
1446799293839
1446799294172
1446799294506
1446799294938
1446799295258
1446799295592
1446799295969
1446799296286
1446799296620
1446799296963
1446799297407
1446799297741
1446799298075
1446799298401
1446799298710
1446799299052
1446799299361
1446799299704
1446799300098
1446799300423
1446799300772
1446799301107
1446799301440
1446799301783
1446799302109
1446799302451
1446799302777
1446799303224
1446799303546
1446799303904
1446799304247
1446799304589
1446799304923
1446799305257
1446799305591
1446799305909
1446799306285
1446799306704
1446799307020
1446799307396
1446799307721
1446799308063
1446799308397
1446799308740
1446799309049
1446799309400
1446799309750
1446799310185
1446799310519
1446799310870
1446799311204
1446799311529
1446799311872
1446799312206
1446799312557
1446799312899
1446799313249
1446799313650
1446799313983
1446799314317
1446799314635
1446799314977
1446799315294
1446799315645
1446799315962
1446799316296
1446799316696
1446799317024
1446799317365
1446799317708
1446799318033
1446799318367
1446799318718
1446799319052
1446799319394
1446799319720
1446799320121
1446799320439
1446799320798
1446799321115
1446799321441
1446799321783
1446799322109
1446799322443
1446799322794
1446799323195
1446799323521
1446799323872
1446799324239
1446799324589
1446799324940
1446799325273
1446799325607
1446799325917
1446799326251
1446799326635
1446799326986
1446799327362
1446799327696
1446799328039
1446799328365
1446799328682
1446799329110
1446799329460
1446799329810
1446799330136
1446799330486
1446799330820
1446799331154
1446799331488
1446799331814
1446799332173
1446799332570
1446799332883
1446799333226
1446799333551
1446799333885
1446799334228
1446799334562
1446799334871
1446799335230
1446799335580
1446799335930
1446799336315
1446799336632
1446799336973
1446799337324
1446799337666
1446799338009
1446799338342
1446799338692
1446799339042
1446799339376
1446799339694
1446799340053
1446799340447
1446799340772
1446799341130
1446799341464
1446799341798
1446799342142
1446799342534
1446799342876
1446799343219
1446799343628
1446799343962
1446799344304
1446799344621
1446799344955
1446799345273
1446799345624
1446799345966
1446799346292
1446799346693
1446799347027
1446799347361
1446799347687
1446799348029
1446799348346
1446799348673
1446799349015
1446799349349
1446799349754
1446799350076
1446799350410
1446799350744
1446799351086
1446799351403
1446799351746
1446799352063
1446799352406
1446799352816
1446799353158
1446799353492
1446799353826
1446799354194
1446799354527
1446799354870
1446799355178
1446799355520
1446799355871
1446799356280
1446799356598
1446799356949
1446799357250
1446799357592
1446799357927
1446799358269
1446799358603
1446799359002
1446799359330
1446799359656
1446799359998
1446799360332
1446799360658
1446799361000
1446799361326
1446799361677
1446799362116
1446799362462
1446799362838
1446799363214
1446799363548
1446799363916
1446799364250
1446799364592
1446799365010
1446799365369
1446799365720
1446799366045
1446799366396
1446799366722
1446799367064
1446799367415
1446799367766
1446799368175
1446799368568
1446799368919
1446799369269
1446799369611
1446799369937
1446799370312
1446799370663
1446799370988
1446799371322
1446799371747
1446799372074
1446799372425
1446799372776
1446799373118
1446799373444
1446799373820
1446799374187
1446799374545
1446799374896
1446799375322
1446799375648
1446799375999
1446799376341
1446799376675
1446799377026
1446799377376
1446799377694
1446799378061
1446799378462
1446799378788
1446799379122
1446799379473
1446799379807
1446799380141
1446799380484
1446799380825
1446799381160
1446799381502
1446799381827
1446799382228
1446799382570
1446799382920
1446799383270
1446799383588
1446799383947
1446799384306
1446799384615
1446799384974
1446799385316
1446799385658
1446799386016
1446799386426
1446799386768
1446799387126
1446799387527
1446799387870
1446799388187
1446799388538
1446799388882
1446799389316
1446799389658
1446799390009
1446799390326
1446799390677
1446799391011
1446799391353
1446799391671
1446799392030
1446799392431
1446799392740
1446799393099
1446799393417
1446799393742
1446799394068
1446799394410
1446799394752
1446799395094
1446799395428
1446799395829
1446799396164
1446799396498
1446799396840
1446799397182
1446799397525
1446799397867
1446799398185
1446799398527
1446799398929
1446799399280
1446799399605
1446799399940
1446799400274
1446799400623
1446799400966
1446799401300
1446799401642
1446799402061
1446799402395
1446799402721
1446799403055
1446799403397
1446799403740
1446799404049
1446799404400
1446799404792
1446799405110
1446799405452
1446799405778
1446799406121
1446799406471
1446799406813
1446799407147
1446799407490
1446799407908
1446799408250
1446799408593
1446799408910
1446799409244
1446799409569
1446799409920
1446799410238
1446799410580
1446799410965
1446799411282
1446799411616
1446799411942
1446799412276
1446799412610
1446799412960
1446799413310
1446799413628
1446799414020
1446799414451
1446799414789
1446799415147
1446799415481
1446799415823
1446799416157
1446799416483
1446799416826
1446799417143
1446799417604
1446799417946
1446799418280
1446799418623
1446799418948
1446799419282
1446799419624
1446799419942
1446799420291
1446799420643
1446799421052
1446799421386
1446799421728
1446799422046
1446799422373
1446799422791
1446799423217
1446799423552
1446799423902
1446799424236
1446799424562
1446799424905
1446799425263
1446799425581
1446799425923
1446799426342
1446799426659
1446799427018
1446799427335
1446799427701
1446799428044
1446799428378
1446799428712
1446799429046
1446799429405
1446799429840
1446799430215
1446799430574
1446799431275
1446799431626
1446799431960
1446799432311
1446799432694
1446799433045
1446799433463
1446799433805
1446799434148
1446799434482
1446799434841
1446799435183
1446799435534
1446799435876
1446799436252
1446799436662
1446799436996
1446799437347
1446799437655
1446799438007
1446799438350
1446799438700
1446799439034
1446799439368
1446799439709
1446799440119
1446799440444
1446799440786
1446799441128
1446799441454
1446799441804
1446799442138
1446799442463
1446799442813
1446799443164
1446799443481
1446799443866
1446799444650
1446799444976
1446799445310
1446799445652
1446799445978
1446799446295
1446799446646
1446799446963
1446799447298
1446799447758
1446799448092
1446799448409
1446799448753
1446799449087
1446799449430
1446799450148
1446799450491
1446799450816
1446799451159
1446799451493
1446799451843
1446799452185
1446799452519
1446799452877
1446799453237
1446799453637
1446799453963
1446799454314
1446799454623
1446799454965
1446799455308
1446799455650
1446799455967
1446799456310
1446799456720
1446799457037
1446799457356
1446799457757
1446799458091
1446799458417
1446799458776
1446799459151
1446799459544
1446799459870
1446799460187
1446799460530
1446799460847
1446799461181
1446799461523
1446799461874
1446799462233
1446799462651
1446799462985
1446799463311
1446799463645
1446799463971
1446799464321
1446799464647
1446799465015
1446799465399
1446799465733
1446799466083
1446799466441
1446799466775
1446799467117
1446799467452
1446799467811
1446799468161
1446799468470
1446799468813
1446799469197
1446799469515
1446799469865
1446799470183
1446799470517
1446799470859
1446799471202
1446799471527
1446799471887
1446799472296
1446799472622
1446799472973
1446799473316
1446799473641
1446799473976
1446799474326
1446799474652
1446799475060
1446799475379
1446799475721
1446799476063
1446799476423
1446799476748
1446799477082
1446799477417
1446799477827
1446799478161
1446799478511
1446799478861
1446799479195
1446799479529
1446799479854
1446799480180
1446799480522
1446799480840
1446799481191
1446799481579
1446799481918
1446799482260
1446799482577
1446799482945
1446799483287
1446799483629
1446799483938
1446799484289
1446799484691
1446799485016
1446799485367
1446799485684
1446799486051
1446799486385
1446799486735
1446799487070
1446799487395
1446799487729
1446799488131
1446799488481
1446799488841
1446799489174
1446799489517
1446799489834
1446799490168
1446799490519
1446799490853
1446799491254
1446799491588
1446799491922
1446799492240
1446799492591
1446799492967
1446799493284
1446799493635
1446799494045
1446799494404
1446799494738
1446799495072
1446799495414
1446799495748
1446799496133
1446799496475
1446799496879
1446799497203
1446799497544
1446799497878
1446799498204
1446799498545
1446799498879
1446799499197
1446799499546
1446799499881
1446799500223
1446799500573
1446799500931
1446799501257
1446799501607
1446799502034
1446799502384
1446799502743
1446799503069
1446799503411
1446799503745
1446799504121
1446799504463
1446799504812
1446799505172
1446799505581
1446799505915
1446799506266
1446799506592
1446799506926
1446799507260
1446799507740
1446799508074
1446799508432
1446799508799
1446799509157
1446799509492
1446799509835
1446799510168
1446799510536
1446799510954
1446799511288
1446799511647
1446799511964
1446799512307
1446799512649
1446799513017
1446799513375
1446799513726
1446799514144
1446799514470
1446799514805
1446799515139
1446799515464
1446799515824
1446799516158
1446799516500
1446799516886
1446799517211
1446799517537
1446799517871
1446799518213
1446799518547
1446799518881
1446799519224
1446799519583
1446799520009
1446799520352
1446799520677
1446799521012
1446799521354
1446799521688
1446799522039
1446799522389
1446799522778
1446799523124
1446799523474
1446799523832
1446799524159
1446799524501
1446799524810
1446799525145
1446799525478
1446799525838
1446799526253
1446799526581
1446799526915
1446799527258
1446799527658
1446799527984
1446799528326
1446799528669
1446799529028
1446799529421
1446799529747
1446799530105
1446799530456
1446799530798
1446799531147
1446799531498
1446799531824
1446799532182
1446799532517
1446799532859
1446799533243
1446799533633
1446799533961
1446799534295
1446799534654
1446799534988
1446799535322
1446799535657
1446799535990
1446799536333
1446799536726
1446799537043
1446799537393
1446799537728
1446799538054
1446799538371
1446799538705
1446799539022
1446799539357
1446799539767
1446799540126
1446799540435
1446799540769
1446799541087
1446799541421
1446799541747
1446799542165
1446799542483
1446799542817
1446799543167
1446799543525
1446799543859
1446799544193
1446799544543
1446799544903
1446799545245
1446799545570
1446799545963
1446799546289
1446799546639
1446799546973
1446799547307
1446799547641
1446799547975
1446799548317
1446799548659
1446799548993
1446799549327
1446799549720
1446799550029
1446799550372
1446799550689
1446799551023
1446799551357
1446799551691
1446799552017
1446799552351
1446799552744
1446799553136
1446799553487
1446799553812
1446799554147
1446799554497
1446799554840
1446799555182
1446799555508
1446799555850
1446799556243
1446799556585
1446799556910
1446799557228
1446799557562
1446799557879
1446799558214
1446799558547
1446799558881
1446799559276
1446799559600
1446799559942
1446799560276
1446799560619
1446799560936
1446799561279
1446799561596
1446799561930
1446799562317
1446799562640
1446799562974
1446799563325
1446799563659
1446799564053
1446799564378
1446799564704
1446799565071
1446799565480
1446799565814
1446799566148
1446799566474
1446799566808
1446799567126
1446799567476
1446799567869
1446799568211
1446799568629
1446799568981
1446799569315
1446799569649
1446799569983
1446799570333
1446799570667
1446799571026
1446799571422
1446799571770
1446799572104
1446799572438
1446799572814
1446799573173
1446799573491
1446799573833
1446799574200
1446799574558
1446799574968
1446799575310
1446799575644
1446799576028
1446799576370
1446799576696
1446799577038
1446799577347
1446799577697
1446799578048
1446799578449
1446799578775
1446799579126
1446799579451
1446799579785
1446799580136
1446799580487
1446799580804
1446799581146
1446799581497
1446799581855
1446799582256
1446799582590
1446799582966
1446799583283
1446799583625
1446799583943
1446799584277
1446799584611
1446799584936
1446799585324
1446799585655
1446799585981
1446799586323
1446799586649
1446799586975
1446799587300
1446799587618
1446799587977
1446799588378
1446799588696
1446799589054
1446799589388
1446799589722
1446799590056
1446799590398
1446799590732
1446799591050
1446799591392
1446799591793
1446799592111
1446799592453
1446799592779
1446799593121
1446799593463
1446799593813
1446799594163
1446799594506
1446799594815
1446799595140
1446799595522
1446799595842
1446799596168
1446799596502
1446799596828
1446799597153
1446799597496
1446799597847
1446799598189
1446799598599
1446799598933
1446799599283
1446799599617
1446799599975
1446799600325
1446799600668
1446799600985
1446799601343
