1446759280751
1446759282171
1446759282572
1446759282941
1446759283324
1446759283690
1446759284058
1446759284400
1446759284747
1446759285105
1446759285471
1446759285838
1446759286196
1446759286579
1446759286929
1446759287313
1446759287654
1446759288045
1446759288421
1446759288780
1446759289173
1446759289556
1446759289903
1446759290253
1446759290619
1446759291045
1446759291394
1446759291778
1446759292144
1446759292511
1446759292861
1446759293228
1446759293586
1446759293962
1446759294318
1446759294701
1446759295085
1446759295417
1446759295750
1446759296126
1446759296458
1446759296809
1446759297158
1446759297516
1446759297849
1446759298217
1446759298582
1446759298966
1446759299349
1446759299708
1446759300065
1446759300433
1446759300782
1446759301123
1446759301482
1446759301841
1446759302198
1446759302582
1446759302924
1446759303290
1446759303650
1446759304003
1446759304529
1446759304863
1446759305239
1446759305589
1446759305964
1446759306314
1446759306689
1446759307065
1446759307407
1446759307774
1446759308159
1446759308536
1446759308903
1446759309295
1446759309678
1446759310036
1446759310412
1446759310769
1446759311186
1446759311553
1446759311903
1446759312271
1446759312630
1446759313013
1446759313404
1446759313806
1446759314206
1446759314590
1446759314993
1446759315325
1446759315693
1446759316083
1446759316425
1446759316783
1446759317141
1446759317491
1446759317867
1446759318241
1446759318608
