1446762715770
1446762717018
1446762717352
1446762717770
1446762718088
1446762718439
1446762718781
1446762719131
1446762719465
1446762719799
1446762720125
1446762720476
1446762720902
1446762721236
1446762721563
1446762721897
1446762722231
1446762722574
1446762722899
1446762723241
1446762723644
1446762723986
1446762724320
1446762724679
1446762725005
1446762725356
1446762725698
1446762726048
1446762726399
1446762726817
1446762727159
1446762727493
1446762727818
1446762728161
1446762728470
1446762728804
1446762729121
1446762729455
1446762729868
1446762730199
1446762730525
1446762730859
1446762731201
1446762731518
1446762731869
1446762732236
1446762732595
1446762732929
1446762733322
1446762733639
1446762733990
1446762734307
1446762734758
1446762735092
1446762735426
1446762735743
1446762736069
1446762736462
1446762736796
1446762737130
1446762737439
1446762737772
1446762738107
1446762738432
1446762738773
1446762739099
1446762739433
1446762739792
1446762740211
1446762740544
1446762740911
1446762741253
1446762741571
1446762741920
1446762742255
1446762742588
1446762742938
1446762743281
1446762743606
1446762743940
1446762744345
1446762744746
1446762745080
1446762745398
1446762745765
1446762746156
1446762746483
1446762746809
1446762747126
1446762747453
1446762747778
1446762748112
1446762748438
1446762748789
1446762749139
1446762749915
1446762750333
1446762750675
1446762751018
1446762751351
1446762751677
