1446763217250
1446763218698
1446763219108
1446763219442
1446763219784
1446763220110
1446763220461
1446763220845
1446763221171
1446763221530
1446763221999
1446763222333
1446763222675
1446763223017
1446763223352
1446763223695
1446763224062
1446763224472
1446763224806
1446763225140
1446763225474
1446763225817
1446763226150
1446763226476
1446763226802
1446763227161
1446763227562
1446763227913
1446763228580
1446763228914
1446763229265
1446763229599
1446763229950
1446763230300
1446763230651
1446763231001
1446763231411
1446763231744
1446763232120
1446763232462
1446763232805
1446763233122
1446763233465
1446763233807
1446763234141
1446763234556
1446763234876
1446763235202
1446763235538
1446763235972
1446763236289
1446763236755
1446763237075
1446763237426
1446763237752
1446763238094
1446763238428
1446763238771
1446763239096
1446763239430
1446763239825
1446763240157
1446763240525
1446763240867
1446763241209
1446763241535
1446763241887
1446763242263
1446763242621
1446763243014
1446763243357
1446763243674
1446763244017
1446763244351
1446763244693
1446763245035
1446763245369
1446763245720
1446763246121
1446763246463
1446763246805
1446763247139
1446763247465
1446763247799
1446763248151
1446763248493
1446763248894
1446763249212
1446763249562
1446763249888
1446763250231
1446763250689
1446763251032
1446763251366
1446763251700
1446763252093
1446763252427
1446763252778
1446763253095
1446763253446
1446763253805
