1446802999067
1446803000496
1446803000847
1446803001240
1446803001574
1446803001916
1446803002250
1446803002600
1446803002943
1446803003268
1446803003594
1446803003937
1446803004312
1446803004722
1446803005082
1446803005424
1446803005758
1446803006109
1446803006443
1446803006768
1446803007128
1446803007537
1446803007871
1446803008189
1446803008523
1446803008841
1446803009175
1446803009484
1446803009818
1446803010187
1446803010529
1446803010847
1446803011181
1446803011498
1446803011840
1446803012175
1446803012525
1446803012918
1446803013363
1446803013681
1446803014031
1446803014365
1446803014707
1446803015058
1446803015467
1446803015801
1446803016152
1446803016486
1446803016820
1446803017145
1446803017471
1446803017797
1446803018139
1446803018528
1446803018875
1446803019233
1446803019567
1446803019901
1446803020235
1446803020552
1446803020895
1446803021220
1446803021580
1446803021981
1446803022323
1446803022674
1446803023008
1446803023393
1446803023744
1446803024086
1446803024420
1446803024838
1446803025189
1446803025555
1446803025898
1446803026223
1446803026581
1446803026932
1446803027266
1446803027600
1446803027918
1446803028362
1446803028705
1446803029039
1446803029373
1446803029690
1446803030032
1446803030358
1446803030726
1446803031136
1446803031503
1446803031869
1446803032220
1446803032562
1446803032896
1446803033371
1446803033688
1446803034031
1446803034365
1446803034732
1446803035119
1446803035476
1446803035835
1446803036169
1446803036512
1446803036862
1446803037221
1446803037547
1446803037906
1446803038264
1446803038679
1446803039058
1446803039449
1446803039792
1446803040142
1446803040484
1446803040818
1446803041185
1446803041551
1446803041902
1446803042236
1446803042587
1446803043014
1446803043397
1446803043764
1446803044115
1446803044458
1446803044783
1446803045134
1446803045468
1446803045819
1446803046246
1446803046604
1446803046980
1446803047339
1446803047681
1446803048007
1446803048408
1446803048861
1446803049186
1446803049529
1446803049854
1446803050197
1446803050556
1446803050906
1446803051272
1446803051607
1446803051957
1446803052291
1446803052703
1446803053035
1446803053402
1446803053746
1446803054072
1446803054389
1446803054732
1446803055133
1446803055459
1446803055802
1446803056178
1446803056520
1446803056862
1446803057179
1446803057521
1446803057881
1446803058290
1446803058624
1446803058966
1446803059592
1446803059926
1446803060268
1446803060602
1446803060928
1446803061270
1446803061629
1446803061996
1446803062413
1446803062780
1446803063139
1446803063490
1446803063823
1446803064207
1446803064550
1446803064917
1446803065243
1446803065610
1446803066010
1446803066337
1446803066680
1446803066997
1446803067331
1446803067673
1446803067999
1446803068316
1446803068651
1446803069060
1446803069377
1446803069720
1446803070062
1446803070413
1446803070739
1446803071073
1446803071398
1446803071749
1446803072159
1446803072476
1446803072810
1446803073152
1446803073486
1446803073820
1446803074155
1446803074480
1446803074840
1446803075226
1446803075566
1446803075917
1446803076234
1446803076559
1446803076877
1446803077236
1446803077561
1446803077904
1446803078238
1446803078622
1446803078965
1446803079307
1446803079625
1446803079975
1446803080293
1446803080943
1446803081269
1446803081628
1446803081987
1446803082413
1446803082763
1446803083114
1446803083609
1446803083926
1446803084260
1446803084645
1446803084987
1446803085338
1446803085647
1446803085989
1446803086298
1446803086650
1446803086991
1446803087334
1446803087719
1446803088078
1446803088429
1446803088762
1446803089087
1446803089420
1446803089755
1446803090105
1446803090439
1446803090782
1446803091157
1446803091567
1446803091918
1446803092268
1446803092594
1446803092945
1446803093270
1446803093604
1446803093930
1446803094290
1446803094690
1446803095033
1446803095367
1446803095684
1446803096018
1446803096336
1446803096677
1446803097020
1446803097337
1446803097671
1446803098067
1446803098415
1446803098757
1446803099124
1446803099458
1446803099784
1446803100127
1446803100452
1446803100786
1446803101196
1446803101547
1446803101914
1446803102273
1446803102599
1446803102916
1446803103259
1446803103609
1446803103952
1446803104351
1446803104687
1446803105029
1446803105388
1446803105722
1446803106048
1446803106399
1446803106717
1446803107109
1446803107885
1446803108219
1446803108585
1446803108936
1446803109261
1446803109620
1446803109962
1446803110288
1446803110646
1446803110988
1446803111314
1446803111672
1446803112149
1446803112475
1446803112850
1446803113202
1446803113594
1446803113936
1446803114287
1446803114604
1446803114962
1446803115330
1446803115748
1446803116074
1446803116433
1446803116750
1446803117084
1446803117426
1446803117769
1446803118094
1446803118555
1446803118889
1446803119255
1446803119598
1446803119932
1446803120274
1446803120617
1446803120959
1446803121276
1446803121627
1446803122037
1446803122362
1446803122713
1446803123047
1446803123439
1446803123783
1446803124142
1446803124476
1446803124878
1446803125220
1446803125562
1446803125887
1446803126222
1446803126539
1446803126882
1446803127215
1446803127558
1446803127949
1446803128285
1446803128619
1446803128953
1446803129279
1446803129604
1446803129938
1446803130256
1446803130607
1446803130999
1446803131317
1446803131683
1446803132018
1446803132368
1446803132702
1446803133069
1446803133419
1446803133777
1446803134120
1446803134454
1446803134788
1446803135174
1446803135507
1446803135857
1446803136200
1446803136534
1446803136859
1446803137193
1446803137519
1446803137870
1446803138272
1446803138614
1446803138980
1446803139315
1446803139657
1446803140008
1446803140341
1446803140675
1446803140993
1446803141360
1446803141760
1446803142095
1446803142438
1446803142763
1446803143113
1446803143456
1446803143790
1446803144124
1446803144441
1446803144893
1446803145236
1446803145578
1446803145912
1446803146245
1446803146571
1446803146913
1446803147239
1446803147565
1446803147899
1446803148300
1446803148677
1446803148994
1446803149336
1446803149671
1446803149997
1446803150331
1446803150725
1446803151066
1446803151417
1446803151743
1446803152084
1446803152417
1446803152744
1446803153086
1446803153437
1446803153822
1446803154214
1446803154540
1446803154882
1446803155208
1446803155550
1446803155884
1446803156227
1446803156536
1446803156870
1446803157263
1446803157589
1446803157923
1446803158257
1446803158649
1446803159016
1446803159350
1446803159668
1446803160002
1446803160403
1446803160737
1446803161080
1446803161388
1446803161731
1446803162082
1446803162408
1446803162742
1446803163132
1446803163486
1446803163828
1446803164154
1446803164495
1446803164845
1446803165171
1446803165513
1446803165863
1446803166197
1446803166832
1446803167207
1446803167617
1446803167951
1446803168301
1446803168644
1446803168985
1446803169335
1446803169661
1446803169987
1446803170312
1446803170638
1446803170989
1446803171382
1446803171743
1446803172110
1446803172452
1446803172794
1446803173128
1446803173597
1446803173966
1446803174308
1446803174650
1446803174959
1446803175302
1446803175611
1446803175970
1446803176389
1446803176722
1446803177065
1446803177390
1446803177731
1446803178091
1446803178425
1446803178784
1446803179134
1446803179485
1446803179894
1446803180229
1446803180587
1446803180945
1446803181288
1446803181622
1446803181948
1446803182282
1446803182599
1446803182933
1446803183327
1446803183660
1446803184011
1446803184362
1446803184687
1446803185005
1446803185339
1446803185665
1446803185999
1446803186396
1446803186726
1446803187076
1446803187419
1446803187753
1446803188078
1446803188413
1446803188738
1446803189072
1446803189476
1446803189808
1446803190174
1446803190509
1446803190850
1446803191176
1446803191502
1446803191844
1446803192178
1446803192521
1446803192922
1446803193264
1446803193624
1446803193999
1446803194333
1446803194684
1446803195010
1446803195319
1446803195678
1446803196071
1446803196396
1446803196756
1446803197073
1446803197407
1446803197749
1446803198392
1446803198709
1446803199051
1446803199453
1446803199778
1446803200129
1446803200463
1446803200789
1446803201123
1446803201457
1446803201799
1446803202125
1446803202475
1446803202825
1446803203235
1446803203670
1446803204004
1446803204338
1446803204672
1446803205006
1446803205357
1446803205771
1446803206101
1446803206460
1446803206777
1446803207111
1446803207453
1446803207787
1446803208105
1446803208557
1446803208908
1446803209266
1446803209609
1446803209950
1446803210284
1446803210619
1446803210953
1446803211295
1446803211646
1446803212021
1446803212379
1446803212789
1446803213172
1446803213515
1446803213857
1446803214200
1446803214533
1446803214893
1446803215235
1446803215586
1446803215995
1446803216329
1446803216672
1446803217014
1446803217348
1446803217657
1446803218000
1446803218308
1446803218634
1446803219053
1446803219420
1446803219762
1446803220079
1446803220439
1446803220781
1446803221131
1446803221449
1446803221807
1446803222175
1446803222601
1446803222935
1446803223286
1446803223619
1446803223987
1446803224346
1446803224688
1446803225006
1446803225356
1446803225741
1446803226067
1446803226418
1446803226751
1446803227119
1446803227429
1446803227746
1446803228072
1446803228474
1446803228799
1446803229166
1446803229875
1446803230226
1446803230551
1446803230902
1446803231236
1446803231579
1446803231989
1446803232348
1446803232682
1446803233067
1446803233427
1446803233811
1446803234246
1446803234605
1446803234971
1446803235331
1446803235664
1446803236006
1446803236341
1446803236683
1446803237009
1446803237360
1446803237747
1446803238070
1446803238412
1446803238881
1446803239223
1446803239541
1446803239900
1446803240310
1446803240635
1446803241002
1446803241377
1446803241728
1446803242062
1446803242380
1446803242722
1446803243039
1446803243390
1446803243801
1446803244168
1446803244493
1446803244828
1446803245145
1446803245487
1446803245813
1446803246155
1446803246497
1446803246899
1446803247241
1446803247607
1446803247966
1446803248283
1446803248650
1446803248984
1446803249318
1446803249676
1446803250010
1446803250336
1446803250694
1446803251037
1446803251395
1446803251754
1446803252163
1446803252505
1446803252839
1446803253156
1446803253506
1446803253848
1446803254183
1446803254517
1446803254834
1446803255177
1446803255569
1446803255895
1446803256214
1446803256547
1446803256856
1446803257199
1446803257516
1446803257859
1446803258260
1446803258602
1446803258969
1446803259304
1446803259646
1446803259980
1446803260314
1446803260648
1446803260982
1446803261368
1446803261710
1446803262027
1446803262370
1446803262704
1446803263030
1446803263356
1446803263808
1446803264159
1446803264485
1446803264819
1446803265136
1446803265479
1446803265813
1446803266172
1446803266575
1446803266907
1446803267266
1446803267618
1446803267960
1446803268302
1446803268637
1446803269097
1446803269448
1446803269840
1446803270199
1446803270565
1446803270908
1446803271259
1446803271601
1446803271935
1446803272277
1446803272653
1446803273071
1446803273421
1446803273813
1446803274139
1446803274473
1446803274807
1446803275141
1446803275492
1446803275868
1446803276308
1446803276653
1446803277003
1446803277346
1446803277688
1446803278014
1446803278373
1446803278699
1446803279049
1446803279484
1446803279818
1446803280152
1446803280496
1446803280829
1446803281172
1446803281514
1446803281890
1446803282248
1446803282666
1446803283025
1446803283367
1446803283685
1446803284036
1446803284369
1446803284737
1446803285054
1446803285412
1446803285763
1446803286156
1446803286482
1446803286817
1446803287193
1446803287852
1446803288170
1446803288537
1446803288928
1446803289264
1446803289606
1446803289923
1446803290267
1446803290601
1446803290918
1446803291252
1446803291603
1446803291961
1446803292387
1446803292730
1446803293090
1446803293433
1446803293742
1446803294109
1446803294511
1446803294870
1446803295212
1446803295538
1446803295872
1446803296197
1446803296548
1446803296874
1446803297216
1446803297609
1446803297935
1446803298285
1446803298637
1446803298987
1446803299338
1446803299672
1446803299981
1446803300315
1446803300700
1446803301042
1446803301384
1446803301718
1446803302052
1446803302361
1446803302704
1446803303046
1446803303388
1446803303884
1446803304259
1446803304617
1446803304968
1446803305277
1446803305627
1446803305978
1446803306311
1446803306654
1446803307050
1446803307398
1446803307748
1446803308107
1446803308450
1446803308784
1446803309134
1446803309452
1446803309819
1446803310212
1446803310546
1446803310904
1446803311247
1446803311597
1446803311931
1446803312265
1446803312599
1446803312925
1446803313276
1446803313663
1446803314045
1446803314363
1446803314697
1446803315022
1446803315357
1446803315682
1446803316024
1446803316418
1446803316752
1446803317110
1446803317461
1446803317778
1446803318136
1446803318479
1446803318812
1446803319155
1446803319472
1446803319806
1446803320173
1446803320608
1446803320967
1446803321317
1446803321643
1446803321993
1446803322343
1446803322694
1446803323070
1446803323420
1446803323771
1446803324156
1446803324498
1446803324841
1446803325183
1446803325525
1446803325851
1446803326202
1446803326527
1446803326878
1446803327304
1446803327647
1446803327990
1446803328340
1446803328692
1446803329085
1446803329444
1446803329794
1446803330212
1446803330554
1446803330913
1446803331255
1446803331598
1446803331915
1446803332275
1446803332625
1446803332967
1446803333391
1446803333745
1446803334104
1446803334455
1446803334772
1446803335106
1446803335824
1446803336174
1446803336575
1446803336909
1446803337252
1446803337569
1446803337929
1446803338271
1446803338597
1446803338997
1446803339339
1446803339706
1446803340124
1446803340483
1446803340834
1446803341168
1446803341502
1446803341844
1446803342186
1446803342504
1446803342862
1446803343221
1446803343656
1446803344031
1446803344382
1446803344699
1446803345033
1446803345376
1446803345710
1446803346036
1446803346378
1446803346796
1446803347172
1446803347523
1446803347865
1446803348207
1446803348524
1446803348892
1446803349251
1446803349610
1446803350036
1446803350379
1446803350738
1446803351072
1446803351406
1446803351740
1446803352089
1446803352439
