1446759371109
1446759373265
1446759373600
1446759373958
1446759374292
1446759374627
1446759374994
1446759375399
1446759375729
1446759376072
1446759376397
1446759376732
1446759377065
1446759377399
1446759377709
1446759378076
1446759378469
1446759378786
1446759379121
1446759379497
1446759379831
1446759380173
1446759380499
1446759380850
1446759381251
1446759381577
1446759381903
1446759382237
1446759382563
1446759382905
1446759383231
1446759383607
1446759383999
1446759384367
1446759384717
1446759385060
1446759385385
1446759385719
1446759386045
1446759386379
1446759386705
1446759387056
1446759387457
1446759387782
1446759388142
1446759388467
1446759388793
1446759389153
1446759389545
1446759389921
1446759390323
1446759390657
1446759390974
1446759391317
1446759391634
1446759391992
1446759392351
1446759392694
1446759393036
1446759393454
1446759393813
1446759394147
1446759394506
1446759394849
1446759395174
1446759395525
1446759395851
1446759396218
1446759396645
1446759396997
1446759397331
1446759397690
1446759398024
1446759398358
1446759398717
1446759399125
1446759399461
1446759400171
1446759400513
1446759400839
1446759401189
1446759401523
1446759401874
1446759402285
1446759402627
1446759402987
1446759403321
1446759403672
1446759403997
1446759404365
1446759404774
1446759405108
1446759405467
1446759405801
1446759406144
1446759406511
1446759406845
1446759407188
1446759407538
1446759407940
1446759408257
