1446801881533
1446801882956
1446801883305
1446801883657
1446801884066
1446801884383
1446801884734
1446801885051
1446801885418
1446801885752
1446801886137
1446801886472
1446801886873
1446801887182
1446801887549
1446801887900
1446801888242
1446801888576
1446801888901
1446801889235
1446801889561
1446801889895
1446801890254
1446801890604
1446801891005
1446801891330
1446801891681
1446801892048
1446801892391
1446801892708
1446801893051
1446801893401
1446801893743
1446801894134
1446801894454
1446801894788
1446801895130
1446801895464
1446801895790
1446801896124
1446801896442
1446801896834
1446801897227
1446801897561
1446801897912
1446801898238
1446801898572
1446801898905
1446801899248
1446801899565
1446801899931
1446801900283
1446801900675
1446801900993
1446801901360
1446801901686
1446801902052
1446801902387
1446801902729
1446801903071
1446801903422
1446801903806
1446801904232
1446801904566
1446801904933
1446801905259
1446801905602
1446801905970
1446801906295
1446801906646
1446801907056
1446801907373
1446801907708
1446801908041
1446801908392
1446801908718
1446801909043
1446801909369
1446801909720
1446801910119
1446801910447
1446801911174
1446801911709
1446801912043
1446801912385
1446801912787
1446801913104
1446801913455
1446801913789
1446801914123
1446801914457
1446801914798
1446801915148
1446801915482
1446801915808
1446801916150
1446801916611
1446801916945
1446801917262
1446801917597
1446801917930
1446801918264
1446801918582
1446801918916
1446801919283
1446801919684
1446801920018
1446801920368
1446801920720
1446801921029
1446801921371
1446801921697
1446801922064
1446801922474
1446801922791
1446801923142
1446801923459
1446801923794
1446801924127
1446801924486
1446801924820
1446801925137
1446801925487
1446801925829
1446801926188
1446801926606
1446801926941
1446801927291
1446801927625
1446801927959
1446801928285
1446801928619
1446801928978
1446801929388
1446801929697
1446801930048
1446801930381
1446801930715
1446801931074
1446801931433
1446801931791
1446801932125
1446801932450
1446801932793
1446801933203
1446801933546
1446801933880
1446801934214
1446801934548
1446801934899
1446801935241
1446801935625
1446801936026
1446801936395
1446801936738
1446801937113
1446801937472
1446801937821
1446801938188
1446801938522
1446801938848
1446801939182
1446801939591
1446801939909
1446801940268
1446801940602
1446801940936
1446801941262
1446801941621
1446801941955
1446801942297
1446801942691
1446801943032
1446801943392
1446801943709
1446801944042
1446801944367
1446801944701
1446801945043
1446801945386
1446801945711
1446801946045
1446801946498
1446801946841
1446801947208
1446801947534
1446801947868
1446801948210
1446801948544
1446801948960
1446801949288
1446801949630
1446801949972
1446801950306
1446801950664
1446801951006
1446801951332
1446801951690
1446801952025
1446801952350
1446801952708
1446801953034
1446801953393
1446801953734
1446801954110
1446801954444
1446801954802
1446801955162
1446801955504
1446801955846
1446801956172
1446801956522
1446801956889
1446801957257
1446801957616
1446801958050
1446801958376
1446801958735
1446801959060
1446801959412
1446801959753
1446801960104
1446801960430
1446801960780
1446801961139
1446801961557
1446801961908
1446801962217
1446801962552
1446801962877
1446801963228
1446801963554
1446801963904
1446801964314
1446801964681
1446801965032
1446801965358
1446801965709
1446801966076
1446801966418
1446801966744
1446801967112
1446801967510
1446801967847
1446801968189
1446801968506
1446801968824
1446801969166
1446801969500
1446801969834
1446801970176
1446801970569
1446801970922
1446801971272
1446801971623
1446801971941
1446801972258
1446801972592
1446801972987
1446801973311
1446801973661
1446801973996
1446801974346
1446801974680
1446801975023
1446801975348
1446801975698
1446801976049
1446801976458
1446801976793
1446801977152
1446801977494
1446801977845
1446801978179
1446801978529
1446801978847
1446801979181
1446801979574
1446801979900
1446801980242
1446801980576
1446801980926
1446801981252
1446801981660
1446801981994
1446801982304
1446801982646
1446801982988
1446801983381
1446801983723
1446801984074
1446801984407
1446801984775
1446801985117
1446801985460
1446801985802
1446801986144
1446801986547
1446801986880
1446801987222
1446801987548
1446801987881
1446801988231
1446801988557
1446801988899
1446801989233
1446801989550
1446801989918
1446801990336
1446801990670
1446801991012
1446801991346
1446801991731
1446801992073
1446801992399
1446801992742
1446801993134
1446801993452
1446801993803
1446801994128
1446801994461
1446801994804
1446801995121
1446801995479
1446801995822
1446801996147
1446801996481
1446801996892
1446801997243
1446801997577
1446801997911
1446801998236
1446801998571
1446801998888
1446801999238
1446801999589
1446801999990
1446802000324
1446802000675
1446802001008
1446802001351
1446802001743
1446802002086
1446802002420
1446802002770
1446802003173
1446802003507
1446802003841
1446802004175
1446802004517
1446802004843
1446802005161
1446802005520
1446802005870
1446802006219
1446802006553
1446802006993
1446802007337
1446802007696
1446802008054
1446802008396
1446802008713
1446802009063
1446802009398
1446802009723
1446802010073
1446802010407
1446802010724
1446802011082
1446802011425
1446802011800
1446802012150
1446802012568
1446802012918
1446802013261
1446802013586
1446802013929
1446802014254
1446802014605
1446802014922
1446802015273
1446802015669
1446802016000
1446802016343
1446802016727
1446802017061
1446802017387
1446802017713
1446802018072
1446802018422
1446802018873
1446802019199
1446802019557
1446802019908
1446802020250
1446802020592
1446802020918
1446802021252
1446802021570
1446802022038
1446802022356
1446802022707
1446802023032
1446802023366
1446802023684
1446802024018
1446802024343
1446802024686
1446802025095
1446802025421
1446802025788
1446802026164
1446802026506
1446802026824
1446802027549
1446802027867
1446802028209
1446802028653
1446802028978
1446802029353
1446802029696
1446802030038
1446802030356
1446802030690
1446802031074
1446802031433
1446802031835
1446802032177
1446802032495
1446802032837
1446802033154
1446802033488
1446802033831
1446802034165
1446802034566
1446802034909
1446802035243
1446802035568
1446802035894
1446802036236
1446802036579
1446802036947
1446802037357
1446802037682
1446802038025
1446802038342
1446802038675
1446802039010
1446802039343
1446802039677
1446802040003
1446802040354
1446802040704
1446802041114
1446802041447
1446802041790
1446802042141
1446802042450
1446802042776
1446802043110
1446802043469
1446802043820
1446802044237
1446802044579
1446802044922
1446802045247
1446802045581
1446802045899
1446802046233
1446802046550
1446802046893
1446802047296
1446802047620
1446802047970
1446802048331
1446802048664
1446802048990
1446802049307
1446802049658
1446802050000
1446802050393
1446802050743
1446802051086
1446802051454
1446802051822
1446802052139
1446802052490
1446802052841
1446802053199
1446802053609
1446802053951
1446802054277
1446802054603
1446802054936
1446802055271
1446802055588
1446802055964
1446802056331
1446802056808
1446802057125
1446802057451
1446802057777
1446802058103
1446802058420
1446802058762
1446802059164
1446802059473
1446802059832
1446802060157
1446802060483
1446802060825
1446802061151
1446802061477
1446802061929
1446802062255
1446802062597
1446802062931
1446802063273
1446802063606
1446802063940
1446802064274
1446802064632
1446802064966
1446802065275
1446802065633
1446802065959
1446802066318
1446802066668
1446802067068
1446802067386
1446802067744
1446802068079
1446802068429
1446802068762
1446802069080
1446802069413
1446802069739
1446802070057
1446802070382
1446802070775
1446802071101
1446802071443
1446802071752
1446802072086
1446802072404
1446802072738
1446802073056
1446802073415
1446802073816
1446802074150
1446802074492
1446802074826
1446802075185
1446802075511
1446802075861
1446802076203
1446802076520
1446802076854
1446802077248
1446802077581
1446802077916
1446802078249
1446802078592
1446802078901
1446802079243
1446802079552
1446802079878
1446802080297
1446802080647
1446802080981
1446802081306
1446802081640
1446802082324
1446802082658
1446802082976
1446802083310
1446802083697
1446802084020
1446802084371
1446802084713
1446802085056
1446802085373
1446802085716
1446802086084
1446802086485
1446802086804
1446802087179
1446802087520
1446802087855
1446802088180
1446802088530
1446802088872
1446802089190
1446802089539
1446802089890
1446802090241
1446802090607
1446802090991
1446802091309
1446802091668
1446802092027
1446802092377
1446802092726
1446802093069
1446802093394
1446802093729
1446802094046
1446802094388
1446802094806
1446802095190
1446802095533
1446802095858
1446802096217
1446802096535
1446802096945
1446802097304
1446802097730
1446802098056
1446802098406
1446802098724
1446802099082
1446802099417
1446802100067
1446802100425
1446802101084
1446802101401
1446802101735
1446802102153
1446802102479
1446802102821
1446802103172
1446802103522
1446802103840
1446802104216
1446802104575
1446802104900
1446802105319
1446802105661
1446802106011
1446802106354
1446802106696
1446802107013
1446802107365
1446802107707
1446802108041
1446802108454
1446802108784
1446802109127
1446802109502
1446802109852
1446802110219
1446802110570
1446802110903
1446802111246
1446802111581
1446802112040
1446802112358
1446802112709
1446802113051
1446802113385
1446802113719
1446802114077
1446802114444
1446802114786
1446802115137
1446802115462
1446802115852
1446802116181
1446802116532
1446802116874
1446802117216
1446802117534
1446802117860
1446802118185
1446802118519
1446802118921
1446802119280
1446802119638
1446802119972
1446802120314
1446802120648
1446802121016
1446802121366
1446802121684
1446802122111
1446802122437
1446802122779
1446802123096
1446802123430
1446802123748
1446802124091
1446802124416
1446802124758
1446802125142
1446802125477
1446802125819
1446802126145
1446802126470
1446802126812
1446802127155
1446802127497
1446802127831
1446802128174
1446802128583
1446802128892
1446802129243
1446802129577
1446802129919
1446802130262
1446802130596
1446802130921
1446802131288
1446802131698
1446802132016
1446802132367
1446802132684
1446802133017
1446802133359
1446802133677
1446802134036
1446802134370
1446802134721
1446802135113
1446802135431
1446802135782
1446802136099
1446802136433
1446802136759
1446802137118
1446802137469
1446802137811
1446802138161
1446802138546
1446802139271
1446802139605
1446802139939
1446802140265
1446802140599
1446802140950
1446802141283
1446802141627
1446802142054
1446802142386
1446802142729
1446802143097
1446802143422
1446802143756
1446802144091
1446802144450
1446802144792
1446802145158
1446802145500
1446802145924
1446802146268
1446802146626
1446802146992
1446802147336
1446802147694
1446802148044
1446802148378
1446802148712
1446802149078
1446802149421
1446802149746
1446802150096
1446802150439
1446802150806
1446802151156
1446802151565
1446802151950
1446802152293
1446802152610
1446802152944
1446802153278
1446802153638
1446802154075
1446802154398
1446802154757
1446802155074
1446802155425
1446802155767
1446802156118
1446802156460
1446802156921
1446802157255
1446802157638
1446802157980
1446802158314
1446802158656
1446802158990
1446802159324
1446802159658
1446802160001
1446802160368
1446802160761
1446802161128
1446802161470
1446802161813
1446802162147
1446802162472
1446802162806
1446802163141
1446802163491
1446802163884
1446802164218
1446802164585
1446802164943
1446802165302
1446802165636
1446802165978
1446802166329
1446802166663
1446802166980
1446802167331
1446802167682
1446802168056
1446802168458
1446802168800
1446802169142
1446802169502
1446802169844
1446802170203
1446802170547
1446802170964
1446802171282
1446802171633
1446802171985
1446802172327
1446802172645
1446802172979
1446802173372
1446802173722
1446802174073
1446802174399
1446802174741
1446802175067
1446802175409
1446802175752
1446802176119
1446802176486
1446802176972
1446802177306
1446802177640
1446802177982
1446802178308
1446802178642
1446802179001
1446802179402
1446802179728
1446802180104
1446802180421
1446802180796
1446802181130
1446802181481
1446802181815
1446802182183
1446802182584
1446802182910
1446802183261
1446802183586
1446802183928
1446802184271
1446802184613
1446802184947
1446802185264
1446802185598
1446802185974
1446802186325
1446802186659
1446802187026
1446802187369
1446802187695
1446802188029
1446802188355
1446802188730
1446802189140
1446802189457
1446802189832
1446802190190
1446802190533
1446802190858
1446802191225
1446802191559
1446802191909
1446802192235
1446802192561
1446802192903
1446802193296
1446802193639
1446802193998
1446802194315
1446802194666
1446802194983
1446802195341
1446802195676
1446802196026
1446802196360
1446802196745
1446802197120
1446802197471
1446802197813
1446802198156
1446802198481
1446802198832
1446802199158
1446802199500
1446802199919
1446802200294
1446802200628
1446802200963
1446802201305
1446802201739
1446802202115
1446802202457
1446802202791
1446802203201
1446802203526
1446802203901
1446802204243
1446802204577
1446802204927
1446802205278
1446802205603
1446802205989
1446802206418
1446802206749
1446802207116
1446802207476
1446802207809
1446802208150
1446802208493
1446802208844
1446802209169
1446802209503
1446802209837
1446802210222
1446802210582
1446802210899
1446802211233
1446802211559
1446802211895
1446802212346
1446802212689
1446802213048
1446802213365
1446802213716
1446802214058
1446802214416
1446802214775
1446802215092
1446802215451
1446802215819
1446802216228
1446802216553
1446802216913
1446802217246
1446802217581
1446802217923
1446802218266
1446802218599
1446802218967
1446802219368
1446802219677
1446802220012
1446802220363
1446802220688
1446802221039
1446802221373
1446802221723
1446802222499
1446802222916
1446802223234
1446802223610
1446802223943
1446802224286
1446802224645
1446802224979
1446802225305
1446802225681
1446802226107
1446802226416
1446802226775
1446802227117
1446802227450
1446802227810
1446802228152
1446802228518
1446802228852
1446802229170
1446802229536
1446802229879
1446802230246
1446802230596
1446802231011
1446802231339
1446802231705
1446802232082
1446802232431
1446802232790
1446802233124
1446802233466
