1446801530442
1446801532581
1446801532923
1446801533257
1446801533583
1446801533925
1446801534259
1446801534602
1446801535025
1446801535362
1446801535713
1446801536047
1446801536389
1446801536707
1446801537041
1446801537358
1446801537692
1446801538086
1446801538411
1446801538753
1446801539104
1446801539430
1446801539755
1446801540089
1446801540407
1446801540749
1446801541135
1446801541477
1446801541794
1446801542145
1446801542463
1446801542814
1446801543155
1446801543481
1446801543840
1446801544241
1446801544566
1446801544892
1446801545218
1446801545586
1446801545945
1446801546279
1446801546622
1446801547023
1446801547340
1446801547699
1446801548017
1446801548359
1446801548693
1446801549027
1446801549345
1446801549704
1446801550096
1446801550774
1446801551107
1446801551440
1446801551783
1446801552116
1446801552451
1446801552768
1446801553110
1446801553512
1446801553846
1446801554188
1446801554505
1446801554848
1446801555174
1446801555516
1446801556044
1446801556395
1446801556736
1446801557079
1446801557404
1446801557730
1446801558056
1446801558381
1446801558699
1446801559050
1446801559435
1446801559760
1446801560119
1446801560436
1446801560779
1446801561146
1446801561480
1446801561797
1446801562156
1446801562553
1446801562875
1446801563226
1446801563560
1446801563894
1446801564236
1446801564570
1446801564904
1446801565247
1446801565648
1446801565965
1446801566316
1446801566633
1446801566959
1446801567318
1446801567661
1446801567978
1446801568337
1446801568730
1446801569047
1446801569398
1446801569715
1446801570065
1446801570408
1446801570750
1446801571084
1446801571418
1446801571760
1446801572170
1446801572529
1446801572863
1446801573180
1446801573523
1446801573866
1446801574216
1446801574551
1446801574944
1446801575261
1446801575596
1446801575956
1446801576306
1446801576648
1446801576966
1446801577308
1446801577702
1446801578036
1446801578361
1446801578704
1446801579013
1446801579364
1446801579698
1446801580117
1446801580442
1446801580785
1446801581110
1446801581444
1446801581778
1446801582121
1446801582438
1446801582798
1446801583199
1446801583516
1446801583867
1446801584184
1446801584518
1446801584852
1446801585178
1446801585503
1446801585855
1446801586264
1446801586581
1446801586899
1446801587233
1446801587551
1446801587885
1446801588210
1446801588560
1446801588911
1446801589312
1446801589630
1446801590006
1446801590324
1446801590641
1446801591000
1446801591309
1446801591676
1446801592019
1446801592403
1446801592720
1446801593054
1446801593363
1446801593689
1446801594023
1446801594365
1446801594683
1446801595017
1446801595367
1446801595717
1446801596118
1446801596452
1446801596794
1446801597112
1446801597446
1446801597787
1446801598138
1446801598480
1446801598806
1446801599148
1446801599550
1446801599867
1446801600210
1446801600544
1446801600869
1446801601221
1446801601538
1446801601880
1446801602268
1446801602583
1446801602941
1446801603275
1446801603617
1446801603951
1446801604268
1446801604603
1446801604920
1446801605262
1446801605689
1446801606092
1446801606409
1446801606752
1446801607069
1446801607420
1446801607778
1446801608128
1446801608546
1446801608880
1446801609214
1446801609531
1446801609865
1446801610183
1446801610525
1446801610859
1446801611185
1446801611583
1446801611953
1446801612304
1446801612638
1446801612980
1446801613306
1446801613648
1446801613974
1446801614332
1446801614675
1446801615025
1446801615375
1446801615777
1446801616161
1446801616503
1446801616845
1446801617179
1446801617538
1446801617889
1446801618247
1446801618581
1446801618986
1446801619317
1446801619667
1446801620009
1446801620343
1446801620677
1446801621003
1446801621361
1446801621719
1446801622062
1446801622395
1446801622746
1446801623178
1446801623498
1446801623832
1446801624183
1446801624517
1446801624843
1446801625177
1446801625486
1446801625828
1446801626231
1446801626555
1446801626905
1446801627248
1446801627590
1446801627932
1446801628266
1446801628600
1446801628926
1446801629269
1446801629661
1446801629979
1446801630330
1446801630647
1446801630981
1446801631323
1446801631649
1446801631966
1446801632309
1446801632711
1446801633044
1446801633378
1446801633695
1446801634029
1446801634363
1446801634688
1446801635031
1446801635348
1446801635682
1446801636169
1446801636511
1446801636837
1446801637162
1446801637496
1446801637822
1446801638156
1446801638558
1446801638892
1446801639217
1446801639576
1446801639919
1446801640253
1446801640603
1446801640946
1446801641305
1446801641740
1446801642091
1446801642408
1446801642751
1446801643068
1446801643410
1446801643737
1446801644096
1446801644503
1446801644847
1446801645190
1446801645532
1446801645867
1446801646243
1446801646593
1446801646952
1446801647379
1446801647721
1446801648080
1446801648406
1446801648780
1446801649132
1446801649474
1446801649800
1446801650143
1446801650544
1446801650911
1446801651238
1446801651572
1446801651889
1446801652248
1446801652565
1446801652924
1446801653275
1446801653667
1446801653993
1446801654336
1446801654670
1446801655004
1446801655346
1446801655697
1446801656014
1446801656365
1446801656766
1446801657092
1446801657435
1446801657776
1446801658111
1446801658445
1446801658796
1446801659129
1446801659472
1446801659805
1446801660155
1446801660557
1446801660898
1446801661257
1446801661599
1446801661933
1446801662291
1446801662634
1446801662959
1446801663326
1446801663668
1446801664002
1446801664352
1446801664703
1446801665062
1446801665479
1446801665856
1446801666214
1446801666540
1446801666866
1446801667200
1446801667517
1446801667868
1446801668276
1446801668603
1446801668930
1446801669272
1446801669590
1446801670324
1446801670641
1446801671077
1446801671428
1446801671754
1446801672088
1446801672430
1446801672797
1446801673138
1446801673497
1446801673815
1446801674149
1446801674564
1446801674892
1446801675226
1446801675569
1446801675922
1446801676363
1446801676706
1446801677115
1446801677441
1446801677768
1446801678102
1446801678436
1446801678770
1446801679079
1446801679437
1446801679771
1446801680172
1446801680490
1446801680832
1446801681166
1446801681500
1446801681851
1446801682527
1446801682860
1446801683220
1446801683629
1446801683947
1446801684314
1446801684623
1446801684965
1446801685299
1446801685633
1446801685967
1446801686302
1446801686728
1446801687045
1446801687388
1446801687730
1446801688064
1446801688406
1446801688757
1446801689099
1446801689459
1446801689885
1446801690202
1446801690561
1446801690887
1446801691230
1446801691588
1446801691955
1446801692313
1446801692655
1446801692981
1446801693323
1446801693749
1446801694076
1446801694425
1446801694776
1446801695110
1446801695452
1446801695778
1446801696138
1446801696471
1446801696822
1446801697223
1446801697549
1446801697900
1446801698225
1446801698551
1446801698893
1446801699252
1446801699601
1446801699936
1446801700253
1446801700579
1446801700979
1446801701297
1446801701631
1446801702016
1446801702334
1446801702676
1446801703018
1446801703361
1446801703754
1446801704105
1446801704455
1446801704789
1446801705148
1446801705474
1446801705808
1446801706151
1446801706526
1446801706885
1446801707303
1446801707645
1446801708004
1446801708337
1446801708688
1446801709014
1446801709381
1446801709699
1446801710058
1446801710495
1446801710835
1446801711194
1446801711562
1446801711879
1446801712213
1446801712539
1446801712898
1446801713291
1446801713642
1446801713976
1446801714310
1446801714669
1446801714995
1446801715337
1446801715688
1446801716047
1446801716448
1446801716791
1446801717150
1446801717483
1446801717826
1446801718143
1446801718493
1446801718819
1446801719161
1446801719519
1446801719870
1446801720229
1446801720587
1446801720980
1446801721339
1446801721688
1446801722031
1446801722340
1446801722690
1446801723032
1446801723358
1446801723716
1446801724058
1446801724376
1446801724718
1446801725124
1446801725454
1446801726148
1446801726540
1446801726866
1446801727200
1446801727618
1446801727961
1446801728295
1446801728663
1446801728989
1446801729331
1446801729648
1446801729991
1446801730389
1446801730718
1446801731068
1446801731434
1446801731777
1446801732127
1446801732461
1446801732778
1446801733104
1446801733430
1446801733781
1446801734183
1446801734508
1446801734867
1446801735184
1446801735526
1446801735860
1446801736203
1446801736512
1446801736880
1446801737230
1446801737580
1446801737973
1446801738315
1446801738632
1446801738983
1446801739301
1446801739643
1446801739977
1446801740319
1446801740678
1446801741063
1446801741406
1446801741748
1446801742090
1446801742416
1446801742750
1446801743068
1446801743418
1446801743819
1446801744128
1446801744487
1446801744845
1446801745188
1446801745521
1446801745864
1446801746189
1446801746523
1446801746849
1446801747192
1446801747584
1446801747910
1446801748261
1446801748586
1446801748929
1446801749271
1446801749614
1446801749939
1446801750282
1446801750683
1446801751042
1446801751385
1446801751702
1446801752068
1446801752411
1446801752761
1446801753095
1446801753421
1446801753755
1446801754165
1446801754507
1446801754850
1446801755175
1446801755518
1446801755844
1446801756186
1446801756536
1446801756862
1446801757221
1446801757622
1446801757956
1446801758290
1446801758615
1446801758949
1446801759267
1446801759609
1446801759927
1446801760277
1446801760677
1446801760998
1446801761406
1446801761757
1446801762107
1446801762441
1446801762784
1446801763143
1446801763518
1446801763939
1446801764253
1446801764611
1446801764970
1446801765304
1446801765646
1446801765972
1446801766306
1446801766632
1446801767068
1446801767393
1446801767719
1446801768053
1446801768379
1446801768696
1446801769014
1446801769357
1446801769750
1446801770100
1446801770426
1446801770743
1446801771078
1446801771404
1446801771730
1446801772089
1446801772482
1446801772807
1446801773159
1446801773500
1446801773835
1446801774169
1446801774511
1446801774862
1446801775212
1446801775563
1446801775896
1446801776314
1446801776664
1446801777014
1446801777373
1446801777690
1446801778048
1446801778383
1446801778716
1446801779092
1446801779426
1446801779777
1446801780144
1446801780545
1446801780862
1446801781229
1446801781572
1446801781913
1446801782247
1446801782565
1446801782923
1446801783273
1446801783624
1446801783941
1446801784275
1446801784693
1446801785019
1446801785737
1446801786113
1446801786463
1446801786806
1446801787140
1446801787490
1446801787841
1446801788234
1446801788576
1446801788885
1446801789228
1446801789570
1446801789904
1446801790222
1446801790556
1446801790983
1446801791343
1446801791685
1446801792002
1446801792336
1446801792662
1446801792988
1446801793365
1446801793708
1446801794025
1446801794367
1446801794685
1446801795019
1446801795344
1446801795703
1446801796088
1446801796465
1446801796798
1446801797141
1446801797475
1446801797817
1446801798143
1446801798503
1446801798912
1446801799237
1446801799580
1446801799914
1446801800248
1446801800574
1446801800908
1446801801387
1446801801729
1446801802088
1446801802421
1446801802748
1446801803082
1446801803391
1446801803725
1446801804126
1446801804444
1446801804778
1446801805095
1446801805429
1446801805771
1446801806106
1446801806482
1446801806878
1446801807201
1446801807543
1446801807877
1446801808218
1446801808552
1446801808878
1446801809228
1446801809571
1446801809896
1446801810230
1446801810581
1446801810974
1446801811316
1446801811650
1446801811975
1446801812301
1446801812627
1446801812970
1446801813337
1446801813739
1446801814073
1446801814415
1446801814732
1446801815083
1446801815400
1446801815767
1446801816118
1446801816427
1446801816761
1446801817139
1446801817454
1446801817789
1446801818122
1446801818457
1446801818774
1446801819116
1446801819434
1446801819776
1446801820186
1446801820528
1446801820895
1446801821246
1446801821579
1446801821937
1446801822272
1446801822597
1446801822947
1446801823281
1446801823598
1446801823924
1446801824326
1446801824643
1446801824984
1446801825319
1446801825661
1446801825995
1446801826329
1446801826670
1446801827038
1446801827356
1446801827749
1446801828083
1446801828417
1446801828743
1446801829077
1446801829403
1446801829745
1446801830054
1446801830396
1446801830789
1446801831115
1446801831442
1446801831792
1446801832110
1446801832444
1446801832761
1446801833112
1446801833505
1446801833831
1446801834189
1446801834523
1446801834848
1446801835191
1446801835516
1446801835859
1446801836177
1446801836646
1446801837030
1446801837347
1446801837690
1446801838007
1446801838341
1446801838667
1446801839001
1446801839411
1446801839761
1446801840095
1446801840421
1446801840763
1446801841072
1446801841415
1446801841733
1446801842092
1446801842501
1446801842827
1446801843227
1446801843553
1446801843921
1446801844254
1446801844580
1446801844923
1446801845265
1446801845700
1446801846068
1446801846393
1446801846718
1446801847069
1446801847395
1446801847729
1446801848063
1446801848499
1446801848850
1446801849192
1446801849543
1446801849877
1446801850211
1446801850537
1446801850862
1446801851265
1446801851607
1446801851916
1446801852267
1446801852592
1446801852942
1446801853302
1446801853644
1446801854036
1446801854464
1446801854813
1446801855155
1446801855481
1446801855839
1446801856189
1446801856532
1446801856874
1446801857208
1446801857542
1446801857884
1446801858286
1446801858645
1446801858979
1446801859296
1446801859630
1446801859956
1446801860314
1446801860657
1446801860990
1446801861324
1446801861711
1446801862035
1446801862369
1446801862703
1446801863037
1446801863354
1446801863697
1446801864006
1446801864356
1446801864750
1446801865083
1446801865442
1446801865776
1446801866110
1446801866478
1446801866820
1446801867154
1446801867504
1446801867855
1446801868256
1446801868565
1446801868908
1446801869234
1446801869551
1446801869895
1446801870254
1446801870647
1446801870964
1446801871399
1446801871732
1446801872066
1446801872384
1446801872742
1446801873076
1446801873401
1446801873736
1446801874137
1446801874471
1446801874805
1446801875147
1446801875490
1446801875807
1446801876149
1446801876467
1446801876851
1446801877278
1446801877611
1446801877945
1446801878279
1446801878637
1446801878987
1446801879321
1446801879655
1446801880005
