1446759494253
1446759495761
1446759496170
1446759496512
1446759496880
1446759497229
1446759497588
1446759497945
1446759498303
1446759498696
1446759499036
1446759499404
1446759499770
1446759500136
1446759500494
1446759500878
1446759501227
1446759501611
1446759501993
1446759502335
1446759502718
1446759503093
1446759503452
1446759503801
1446759504160
1446759504594
1446759504942
1446759505318
1446759505694
1446759506060
1446759506419
1446759506775
1446759507134
1446759507492
1446759507834
1446759508199
1446759508575
1446759508916
1446759509250
1446759509659
1446759510002
1446759510357
1446759510715
1446759511083
1446759511441
1446759511815
1446759512156
1446759512515
1446759512881
1446759513256
1446759513606
1446759513998
1446759514347
1446759514713
1446759515089
1446759515439
1446759515779
1446759516129
1446759516512
1446759516854
1446759517222
1446759517554
1446759517945
1446759518303
1446759518695
1446759519080
1446759519464
1446759519803
1446759520177
1446759520537
1446759520887
1446759521260
1446759521619
1446759522002
1446759522352
1446759522744
1446759523119
1446759523476
1446759523843
1446759524226
1446759524683
1446759525092
1446759525451
1446759525802
1446759526184
1446759526543
1446759526918
1446759527302
1446759527701
1446759528051
1446759528427
1446759528769
1446759529140
1446759529499
1446759529858
1446759530208
1446759530559
1446759530910
1446759531269
1446759531611
1446759531981
