1448906499238
1448906499405
1448906499452
1448906499503
1448906499546
1448906499594
1448906499638
1448906499681
1448906499725
1448906499768
1448906499811
1448906499865
1448906499909
1448906499958
1448906500001
1448906500044
1448906500089
1448906500136
1448906500195
1448906500244
1448906500284
1448906500328
1448906500372
1448906500419
1448906500463
1448906500506
1448906500550
1448906500594
1448906500647
1448906500695
1448906500740
1448906500782
1448906500827
1448906500877
1448906500923
1448906500967
1448906501018
1448906501061
1448906501110
1448906501154
1448906501198
1448906501242
1448906501285
1448906501329
1448906501372
1448906501421
1448906501465
1448906501517
1448906501575
1448906501617
1448906501658
1448906501702
1448906501747
1448906501797
1448906501841
1448906501889
1448906501933
1448906501977
1448906502021
1448906502068
1448906502119
1448906502161
1448906502209
1448906502258
1448906502306
1448906502350
1448906502393
1448906502436
1448906502480
1448906502523
1448906502574
1448906502621
1448906502669
1448906502713
1448906502757
1448906502800
1448906502844
1448906502889
1448906502945
1448906502992
1448906503035
1448906503083
1448906503137
1448906503181
1448906503226
1448906503270
1448906503313
1448906503364
1448906503407
1448906503455
1448906503498
1448906503541
1448906503585
1448906503634
1448906503677
1448906503729
1448906503774
1448906503817
1448906503865
1448906503910
1448906503953
1448906503997
1448906504041
1448906504084
1448906504138
1448906504179
1448906504226
1448906504275
1448906504324
1448906504367
1448906504411
1448906504454
1448906504502
1448906504547
1448906504603
1448906504649
1448906504694
1448906504739
1448906504785
1448906504834
1448906504879
1448906504931
1448906504976
1448906505031
1448906505075
1448906505119
1448906505163
1448906505207
1448906505252
1448906505320
1448906505373
1448906505422
1448906505477
1448906505523
1448906505566
1448906505611
1448906505661
1448906505718
1448906505779
1448906505836
1448906505902
1448906505959
1448906506015
1448906506065
1448906506112
1448906506155
1448906506203
1448906506248
1448906506298
1448906506343
1448906506389
1448906506439
1448906506490
1448906506544
1448906506593
1448906506648
1448906506692
1448906506741
1448906506786
1448906506831
1448906506875
1448906506918
1448906506965
1448906507013
1448906507057
1448906507105
1448906507151
1448906507199
1448906507247
1448906507292
1448906507333
1448906507405
1448906507480
1448906507528
1448906507583
1448906507642
1448906507686
1448906507731
1448906507786
1448906507837
1448906507885
1448906507933
1448906507996
1448906508046
1448906508094
1448906508138
1448906508182
1448906508226
1448906508271
1448906508319
1448906508363
1448906508419
1448906508464
1448906508511
1448906508552
1448906508593
1448906508637
1448906508685
1448906508736
1448906508784
1448906508827
1448906508871
1448906508914
1448906508962
1448906509008
1448906509054
1448906509110
1448906509177
1448906509219
1448906509263
1448906509306
1448906509350
1448906509394
1448906509443
1448906509497
1448906509567
1448906509605
1448906509647
1448906509690
1448906509733
1448906509778
1448906509821
1448906509870
1448906509916
1448906509964
1448906510008
1448906510052
1448906510121
1448906510169
1448906510211
1448906510255
1448906510305
1448906510353
1448906510397
1448906510441
1448906510484
1448906510528
1448906510572
1448906510626
1448906510692
1448906510737
1448906510782
1448906510831
1448906510876
1448906510920
1448906510963
1448906511007
1448906511050
1448906511099
1448906511148
1448906511194
1448906511245
1448906511290
1448906511335
1448906511381
1448906511426
1448906511474
1448906511530
1448906511573
1448906511616
1448906511660
1448906511703
1448906511747
1448906511795
1448906511839
1448906511889
1448906511938
1448906511981
1448906512025
1448906512069
1448906512112
1448906512158
1448906512210
1448906512270
1448906512320
1448906512371
1448906512417
1448906512462
1448906512507
1448906512553
1448906512598
1448906512646
1448906512692
1448906512740
1448906512783
1448906512827
1448906512871
1448906512924
1448906512967
1448906513011
1448906513060
1448906513109
1448906513153
1448906513196
1448906513240
1448906513284
1448906513328
1448906513372
1448906513421
1448906513470
1448906513518
1448906513563
1448906513618
1448906513673
1448906513713
1448906513755
1448906513798
1448906513849
1448906513897
1448906513940
1448906513984
1448906514031
1448906514075
1448906514120
1448906514164
1448906514212
1448906514262
1448906514316
1448906514368
1448906514412
1448906514455
1448906514499
1448906514543
1448906514590
1448906514640
1448906514688
1448906514732
1448906514776
1448906514819
1448906514863
1448906514906
1448906514950
1448906514998
1448906515060
1448906515103
1448906515151
1448906515198
1448906515241
1448906515300
1448906515348
1448906515398
1448906515460
1448906515505
1448906515551
1448906515598
1448906515654
1448906515715
1448906515769
1448906515819
1448906515866
1448906515917
1448906515961
1448906516005
1448906516051
1448906516095
1448906516148
1448906516205
1448906516250
1448906516305
1448906516353
1448906516408
1448906516457
1448906516507
1448906516582
1448906516632
1448906516689
1448906516747
1448906516794
1448906516836
1448906516896
1448906516939
1448906516988
1448906517043
1448906517087
1448906517145
1448906517208
1448906517253
1448906517294
1448906517376
1448906517423
1448906517474
1448906517524
1448906517575
1448906517643
1448906517694
1448906517747
1448906517800
1448906517843
1448906517887
1448906517931
1448906517983
1448906518031
1448906518094
1448906518138
1448906518184
1448906518232
1448906518274
1448906518317
1448906518363
1448906518402
1448906518456
1448906518505
1448906518547
1448906518590
1448906518634
1448906518677
1448906518721
1448906518774
1448906518822
1448906518872
1448906518916
1448906518961
1448906519005
1448906519050
1448906519095
1448906519153
1448906519198
1448906519272
1448906519318
1448906519367
1448906519412
1448906519456
1448906519511
1448906519555
1448906519598
1448906519655
1448906519707
1448906519749
1448906519793
1448906519837
1448906519881
1448906519928
1448906519972
1448906520026
1448906520076
1448906520119
1448906520168
1448906520232
1448906520277
1448906520320
1448906520366
1448906520411
1448906520471
1448906520521
1448906520570
1448906520615
1448906520667
1448906520723
1448906520765
1448906520807
1448906520857
1448906520901
1448906520959
1448906521003
1448906521047
1448906521094
1448906521146
1448906521191
1448906521232
1448906521286
1448906521330
1448906521374
1448906521418
1448906521461
1448906521505
1448906521549
1448906521593
1448906521655
1448906521700
1448906521744
1448906521787
1448906521831
1448906521875
1448906521918
1448906521963
1448906522007
1448906522063
1448906522108
1448906522154
1448906522204
1448906522248
1448906522294
1448906522350
1448906522396
1448906522450
1448906522497
1448906522543
1448906522589
1448906522634
1448906522682
1448906522733
1448906522778
1448906522820
1448906522875
1448906522918
1448906522962
1448906523006
1448906523069
1448906523112
1448906523169
1448906523211
1448906523264
1448906523310
1448906523359
1448906523404
1448906523450
1448906523495
1448906523541
1448906523587
1448906523640
1448906523684
1448906523729
1448906523788
1448906523833
1448906523878
1448906523928
1448906523973
1448906524020
1448906524077
1448906524123
1448906524175
1448906524217
1448906524261
1448906524305
1448906524349
1448906524393
1448906524446
1448906524500
1448906524543
1448906524586
1448906524630
1448906524674
1448906524718
1448906524762
1448906524806
1448906524860
1448906524904
1448906524947
1448906524991
1448906525039
1448906525083
1448906525126
1448906525201
1448906525254
1448906525304
1448906525358
1448906525409
1448906525458
1448906525505
1448906525550
1448906525593
1448906525661
1448906525716
1448906525784
1448906525834
1448906525893
1448906525937
1448906525987
1448906526041
1448906526096
1448906526150
1448906526197
1448906526241
1448906526291
1448906526335
1448906526388
1448906526433
1448906526481
1448906526531
1448906526581
1448906526625
1448906526670
1448906526721
1448906526765
1448906526821
1448906526868
1448906526918
1448906526967
1448906527015
1448906527061
1448906527103
1448906527147
1448906527190
1448906527240
1448906527285
1448906527336
1448906527385
1448906527474
1448906527520
1448906527566
1448906527627
1448906527690
1448906527741
1448906527789
1448906527841
1448906527884
1448906527931
1448906527976
1448906528020
1448906528067
1448906528114
1448906528165
1448906528219
1448906528265
1448906528318
1448906528360
1448906528407
1448906528447
1448906528490
1448906528534
1448906528583
1448906528637
1448906528682
1448906528733
1448906528780
1448906528824
1448906528869
1448906528920
1448906528969
1448906529018
1448906529065
1448906529110
1448906529160
1448906529208
1448906529249
1448906529294
1448906529340
1448906529390
1448906529441
1448906529486
1448906529531
1448906529576
1448906529642
1448906529687
1448906529732
1448906529787
1448906529837
1448906529881
1448906529927
1448906529973
1448906530018
1448906530063
1448906530108
1448906530158
1448906530216
1448906530261
1448906530305
1448906530359
1448906530404
1448906530448
1448906530493
1448906530539
1448906530588
1448906530649
1448906530698
1448906530741
1448906530784
1448906530825
1448906530870
1448906530918
1448906530966
1448906531014
1448906531071
1448906531115
1448906531166
1448906531209
1448906531250
1448906531293
1448906531337
1448906531385
1448906531435
1448906531483
1448906531526
1448906531570
1448906531614
1448906531658
1448906531721
1448906531837
1448906531912
1448906531967
1448906532023
1448906532083
1448906532174
1448906532241
1448906532296
1448906532344
1448906532396
1448906532452
1448906532501
1448906532541
1448906532588
1448906532632
1448906532678
1448906532729
1448906532786
1448906532853
1448906532903
1448906532947
1448906532992
1448906533046
1448906533099
1448906533153
1448906533210
1448906533261
1448906533312
1448906533361
1448906533405
1448906533453
1448906533497
1448906533541
1448906533589
1448906533633
1448906533681
1448906533726
1448906533777
1448906533818
1448906533860
1448906533905
1448906533952
1448906534006
1448906534076
1448906534123
1448906534168
1448906534213
1448906534258
1448906534303
1448906534349
1448906534399
1448906534444
1448906534497
1448906534542
1448906534591
1448906534637
1448906534682
1448906534730
1448906534794
1448906534836
1448906534883
1448906534929
1448906534973
1448906535017
1448906535061
1448906535105
1448906535154
1448906535221
1448906535283
1448906535345
1448906535393
1448906535438
1448906535490
1448906535538
1448906535585
1448906535645
1448906535716
1448906535772
1448906535824
1448906535867
1448906535919
1448906535964
1448906536009
1448906536068
1448906536113
1448906536157
1448906536209
1448906536252
1448906536299
1448906536344
1448906536402
1448906536449
1448906536500
1448906536546
1448906536593
1448906536647
1448906536691
1448906536754
1448906536803
1448906536847
1448906536897
1448906536942
1448906536990
1448906537051
1448906537095
1448906537137
1448906537197
1448906537243
1448906537289
1448906537424
1448906537467
1448906537515
1448906537560
1448906537600
1448906537648
1448906537694
1448906537764
1448906537826
1448906537868
1448906537918
1448906537965
1448906538011
1448906538057
1448906538103
1448906538149
1448906538207
1448906538254
1448906538299
1448906538350
1448906538394
1448906538438
1448906538482
1448906538532
1448906538581
1448906538625
1448906538671
1448906538721
1448906538769
1448906538819
1448906538865
1448906538911
1448906538955
1448906539005
1448906539049
1448906539093
1448906539144
1448906539189
1448906539238
1448906539283
1448906539328
1448906539380
1448906539424
1448906539468
1448906539515
1448906539561
1448906539605
1448906539649
1448906539694
1448906539740
1448906539790
1448906539835
1448906539880
1448906539941
1448906539986
1448906540031
1448906540076
1448906540120
1448906540169
1448906540220
1448906540266
1448906540316
1448906540360
1448906540404
1448906540448
1448906540495
1448906540540
1448906540591
1448906540647
1448906540708
1448906540756
1448906540810
1448906540858
1448906540900
1448906540944
1448906540991
1448906541036
1448906541085
1448906541135
1448906541183
1448906541229
1448906541275
1448906541320
1448906541375
1448906541420
1448906541464
1448906541509
1448906541560
1448906541605
1448906541653
1448906541697
1448906541742
1448906541790
1448906541833
1448906541877
1448906541924
1448906541971
1448906542016
1448906542067
1448906542109
1448906542156
1448906542205
1448906542273
1448906542402
1448906542453
1448906542495
1448906542539
1448906542582
1448906542627
1448906542675
1448906542719
1448906542763
1448906542811
1448906542865
1448906542911
1448906542955
1448906542999
1448906543048
1448906543091
1448906543135
1448906543180
1448906543231
1448906543277
1448906543322
1448906543366
1448906543413
1448906543462
1448906543506
1448906543555
1448906543603
1448906543648
1448906543691
1448906543735
1448906543778
1448906543839
1448906543880
1448906543923
1448906543971
1448906544021
1448906544065
1448906544110
1448906544155
1448906544201
1448906544256
1448906544302
1448906544348
1448906544397
1448906544444
1448906544489
1448906544538
1448906544584
1448906544634
1448906544680
1448906544725
1448906544771
1448906544822
1448906544867
1448906544912
1448906544963
1448906545008
1448906545057
1448906545107
1448906545152
1448906545216
1448906545264
1448906545316
1448906545368
1448906545423
1448906545476
1448906545525
1448906545569
1448906545625
1448906545713
1448906545765
1448906545813
1448906545856
1448906545900
1448906545948
1448906545992
1448906546037
1448906546099
1448906546146
1448906546195
1448906546239
1448906546283
1448906546345
1448906546394
1448906546445
1448906546495
1448906546548
1448906546598
1448906546641
1448906546701
1448906546746
1448906546794
1448906546847
1448906546900
1448906546951
1448906546995
1448906547040
1448906547094
1448906547146
1448906547195
1448906547243
1448906547287
1448906547329
1448906547379
1448906547420
1448906547484
1448906547533
1448906547583
1448906547629
1448906547674
1448906547719
1448906547768