1448906312565
1448906312827
1448906312876
1448906312926
1448906312985
1448906313030
1448906313086
1448906313130
1448906313173
1448906313219
1448906313276
1448906313325
1448906313369
1448906313419
1448906313466
1448906313512
1448906313559
1448906313603
1448906313653
1448906313700
1448906313744
1448906313795
1448906313842
1448906313893
1448906313936
1448906313987
1448906314033
1448906314090
1448906314133
1448906314176
1448906314225
1448906314270
1448906314316
1448906314362
1448906314419
1448906314476
1448906314520
1448906314565
1448906314616
1448906314661
1448906314712
1448906314757
1448906314802
1448906314848
1448906314899
1448906314945
1448906314989
1448906315042
1448906315097
1448906315140
1448906315197
1448906315243
1448906315292
1448906315340
1448906315385
1448906315442
1448906315487
1448906315532
1448906315579
1448906315635
1448906315685
1448906315737
1448906315779
1448906315824
1448906315874
1448906315919
1448906315964
1448906316010
1448906316056
1448906316115
1448906316165
1448906316212
1448906316263
1448906316308
1448906316352
1448906316398
1448906316443
1448906316488
1448906316541
1448906316586
1448906316631
1448906316681
1448906316727
1448906316778
1448906316824
1448906316874
1448906316923
1448906316970
1448906317016
1448906317068
1448906317117
1448906317157
1448906317201
1448906317247
1448906317293
1448906317348
1448906317391
1448906317451
1448906317493
1448906317536
1448906317588
1448906317633
1448906317678
1448906317727
1448906317774
1448906317819
1448906317868
1448906317918
1448906317963
1448906318009
1448906318053
1448906318099
1448906318150
1448906318197
1448906318248
1448906318300
1448906318347
1448906318391
1448906318435
1448906318484
1448906318534
1448906318580
1448906318625
1448906318674
1448906318719
1448906318765
1448906318810
1448906318855
1448906318902
1448906318955
1448906319007
1448906319061
1448906319122
1448906319182
1448906319225
1448906319271
1448906319316
1448906319366
1448906319415
1448906319464
1448906319515
1448906319560
1448906319606
1448906319656
1448906319702
1448906319755
1448906319807
1448906319851
1448906319901
1448906319945
1448906319991
1448906320036
1448906320085
1448906320149
1448906320198
1448906320248
1448906320299
1448906320343
1448906320388
1448906320434
1448906320492
1448906320533
1448906320582
1448906320642
1448906320692
1448906320741
1448906320782
1448906320832
1448906320873
1448906320917
1448906320963
1448906321015
1448906321060
1448906321111
1448906321156
1448906321206
1448906321250
1448906321295
1448906321341
1448906321395
1448906321443
1448906321489
1448906321540
1448906321585
1448906321631
1448906321677
1448906321724
1448906321771
1448906321821
1448906321880
1448906321942
1448906321990
1448906322035
1448906322081
1448906322126
1448906322171
1448906322221
1448906322269
1448906322315
1448906322365
1448906322408
1448906322452
1448906322498
1448906322549
1448906322593
1448906322650
1448906322694
1448906322744
1448906322790
1448906322835
1448906322881
1448906322926
1448906322972
1448906323022
1448906323068
1448906323118
1448906323168
1448906323214
1448906323261
1448906323307
1448906323376
1448906323420
1448906323478
1448906323525
1448906323574
1448906323619
1448906323665
1448906323715
1448906323760
1448906323805
1448906323854
1448906323901
1448906323950
1448906323995
1448906324042
1448906324093
1448906324139
1448906324184
1448906324229
1448906324286
1448906324332
1448906324382
1448906324427
1448906324473
1448906324518
1448906324563
1448906324608
1448906324657
1448906324703
1448906324754
1448906324807
1448906324858
1448906324904
1448906324949
1448906324994
1448906325039
1448906325091
1448906325137
1448906325190
1448906325236
1448906325282
1448906325327
1448906325372
1448906325421
1448906325472
1448906325538
1448906325589
1448906325641
1448906325685
1448906325734
1448906325775
1448906325818
1448906325868
1448906325917
1448906325967
1448906326017
1448906326062
1448906326116
1448906326160
1448906326204
1448906326263
1448906326315
1448906326360
1448906326409
1448906326457
1448906326510
1448906326553
1448906326602
1448906326650
1448906326695
1448906326743
1448906326793
1448906326838
1448906326884
1448906326929
1448906326980
1448906327025
1448906327069
1448906327131
1448906327179
1448906327228
1448906327271
1448906327317
1448906327361
1448906327407
1448906327453
1448906327503
1448906327551
1448906327601
1448906327645
1448906327703
1448906327753
1448906327799
1448906327845
1448906327891
1448906327942
1448906327993
1448906328039
1448906328085
1448906328133
1448906328177
1448906328221
1448906328265
1448906328317
1448906328362
1448906328425
1448906328470
1448906328517
1448906328563
1448906328613
1448906328657
1448906328698
1448906328749
1448906328800
1448906328845
1448906328897
1448906328943
1448906328989
1448906329035
1448906329081
1448906329149
1448906329192
1448906329243
1448906329288
1448906329333
1448906329378
1448906329423
1448906329474
1448906329530
1448906329581
1448906329630
1448906329675
1448906329720
1448906329765
1448906329810
1448906329869
1448906329914
1448906329964
1448906330015
1448906330065
1448906330110
1448906330155
1448906330204
1448906330253
1448906330300
1448906330349
1448906330401
1448906330451
1448906330496
1448906330542
1448906330600
1448906330648
1448906330692
1448906330739
1448906330787
1448906330838
1448906330884
1448906330929
1448906330976
1448906331022
1448906331067
1448906331114
1448906331159
1448906331216
1448906331266
1448906331331
1448906331382
1448906331424
1448906331467
1448906331514
1448906331560
1448906331612
1448906331663
1448906331709
1448906331754
1448906331804
1448906331850
1448906331895
1448906331938
1448906331985
1448906332043
1448906332089
1448906332135
1448906332181
1448906332226
1448906332272
1448906332318
1448906332369
1448906332423
1448906332476
1448906332527
1448906332576
1448906332620
1448906332667
1448906332712
1448906332770
1448906332819
1448906332871
1448906332917
1448906332968
1448906333013
1448906333059
1448906333108
1448906333159
1448906333202
1448906333253
1448906333302
1448906333344
1448906333387
1448906333432
1448906333505
1448906333553
1448906333597
1448906333653
1448906333702
1448906333747
1448906333792
1448906333838
1448906333883
1448906333927
1448906333971
1448906334015
1448906334075
1448906334130
1448906334176
1448906334224
1448906334271
1448906334317
1448906334364
1448906334412
1448906334463
1448906334523
1448906334587
1448906334646
1448906334708
1448906334760
1448906334807
1448906334854
1448906334902
1448906334959
1448906335018
1448906335063
1448906335109
1448906335153
1448906335200
1448906335246
1448906335293
1448906335349
1448906335396
1448906335441
1448906335486
1448906335537
1448906335585
1448906335633
1448906335680
1448906335731
1448906335785
1448906335827
1448906335874
1448906335924
1448906335969
1448906336016
1448906336061
1448906336107
1448906336166
1448906336210
1448906336253
1448906336298
1448906336344
1448906336390
1448906336458
1448906336509
1448906336559
1448906336611
1448906336656
1448906336701
1448906336748
1448906336795
1448906336840
1448906336883
1448906336928
1448906336983
1448906337028
1448906337079
1448906337127
1448906337177
1448906337222
1448906337268
1448906337313
1448906337373
1448906337421
1448906337468
1448906337514
1448906337560
1448906337606
1448906337657
1448906337702
1448906337749
1448906337805
1448906337851
1448906337909
1448906337953
1448906338001
1448906338048
1448906338095
1448906338140
1448906338193
1448906338246
1448906338292
1448906338339
1448906338385
1448906338431
1448906338477
1448906338523
1448906338579
1448906338647
1448906338695
1448906338740
1448906338782
1448906338832
1448906338878
1448906338925
1448906338970
1448906339025
1448906339072
1448906339132
1448906339178
1448906339221
1448906339266
1448906339308
1448906339364
1448906339422
1448906339475
1448906339521
1448906339567
1448906339612
1448906339659
1448906339704
1448906339750
1448906339796
1448906339852
1448906339901
1448906339947
1448906339997
1448906340058
1448906340124
1448906340180
1448906340222
1448906340272
1448906340324
1448906340370
1448906340416
1448906340461
1448906340507
1448906340553
1448906340606
1448906340654
1448906340708
1448906340758
1448906340801
1448906340852
1448906340903
1448906340947
1448906340993
1448906341038
1448906341089
1448906341141
1448906341190
1448906341236
1448906341284
1448906341329
1448906341375
1448906341420
1448906341467
1448906341524
1448906341589
1448906341629
1448906341666
1448906341706
1448906341749
1448906341789
1448906341831
1448906341872
1448906341913
1448906341956
1448906342002
1448906342049
1448906342092
1448906342131
1448906342171
1448906342209
1448906342291
1448906342338
1448906342385
1448906342432
1448906342484
1448906342537
1448906342584
1448906342632
1448906342678
1448906342726
1448906342775
1448906342822
1448906342873
1448906342926
1448906342978
1448906343021
1448906343068
1448906343113
1448906343160
1448906343206
1448906343252
1448906343305
1448906343358
1448906343405
1448906343457
1448906343504
1448906343551
1448906343598
1448906343644
1448906343696
1448906343770
1448906343819
1448906343867
1448906343914
1448906343961
1448906344009
1448906344057
1448906344101
1448906344152
1448906344203
1448906344250
1448906344295
1448906344343
1448906344386
1448906344432
1448906344484
1448906344534
1448906344585
1448906344646
1448906344689
1448906344734
1448906344779
1448906344825
1448906344870
1448906344916
1448906344967
1448906345026
1448906345069
1448906345111
1448906345160
1448906345232
1448906345277
1448906345323
1448906345374
1448906345424
1448906345473
1448906345519
1448906345569
1448906345615
1448906345666
1448906345716
1448906345762
1448906345810
1448906345862
1448906345915
1448906345962
1448906346010
1448906346057
1448906346103
1448906346147
1448906346199
1448906346251
1448906346299
1448906346344
1448906346395
1448906346443
1448906346486
1448906346532
1448906346582
1448906346627
1448906346689
1448906346736
1448906346782
1448906346827
1448906346873
1448906346918
1448906346968
1448906347021
1448906347074
1448906347121
1448906347169
1448906347217
1448906347265
1448906347313
1448906347360
1448906347426
1448906347475
1448906347522
1448906347572
1448906347625
1448906347670
1448906347712
1448906347759
1448906347809
1448906347856
1448906347909
1448906347956
1448906348003
1448906348050
1448906348096
1448906348159
1448906348205
1448906348255
1448906348306
1448906348352
1448906348399
1448906348444
1448906348491
1448906348538
1448906348585
1448906348638
1448906348682
1448906348737
1448906348781
1448906348827
1448906348892
1448906348936
1448906348983
1448906349034
1448906349079
1448906349131
1448906349179
1448906349226
1448906349271
1448906349322
1448906349368
1448906349414
1448906349464
1448906349510
1448906349561
1448906349612
1448906349658
1448906349703
1448906349748
1448906349793
1448906349844
1448906349893
1448906349943
1448906349990
1448906350036
1448906350081
1448906350126
1448906350176
1448906350233
1448906350281
1448906350336
1448906350388
1448906350434
1448906350485
1448906350530
1448906350576
1448906350644
1448906350699
1448906350743
1448906350789
1448906350837
1448906350883
1448906350928
1448906350975
1448906351022
1448906351091
1448906351136
1448906351182
1448906351235
1448906351280
1448906351326
1448906351373
1448906351419
1448906351468
1448906351518
1448906351566
1448906351616
1448906351668
1448906351713
1448906351759
1448906351810
1448906351857
1448906351909
1448906351956
1448906352002
1448906352053
1448906352100
1448906352147
1448906352193
1448906352243
1448906352288
1448906352339
1448906352384
1448906352433
1448906352480
1448906352545
1448906352590
1448906352634
1448906352678
1448906352728
1448906352772
1448906352825
1448906352872
1448906352917
1448906352961
1448906353006
1448906353051
1448906353100
1448906353146
1448906353190
1448906353246
1448906353290
1448906353336
1448906353385
1448906353429
1448906353475
1448906353526
1448906353572
1448906353624
1448906353674
1448906353718
1448906353760
1448906353805
1448906353850
1448906353899
1448906353969
1448906354013
1448906354063
1448906354108
1448906354154
1448906354199
1448906354244
1448906354288
1448906354338
1448906354382
1448906354432
1448906354477
1448906354526
1448906354570
1448906354615
1448906354664
1448906354714
1448906354758
1448906354803
1448906354860
1448906354902
1448906354946
1448906354993
1448906355040
1448906355091
1448906355143
1448906355195
1448906355244
1448906355290
1448906355336
1448906355400
1448906355447
1448906355498
1448906355545
1448906355589
1448906355648
1448906355700
1448906355744
1448906355784
1448906355827
1448906355872
1448906355927
1448906355972
1448906356016
1448906356066
1448906356127
1448906356171
1448906356215
1448906356263
1448906356312
1448906356356
1448906356400
1448906356449
1448906356507
1448906356550
1448906356594
1448906356638
1448906356693
1448906356737
1448906356788
1448906356839
1448906356892
1448906356938
1448906356984
1448906357029
1448906357073
1448906357122
1448906357167
1448906357211
1448906357260
1448906357306
1448906357350
1448906357398
1448906357448
1448906357497
1448906357541
1448906357585
1448906357629
1448906357679
1448906357724
1448906357770
1448906357816
1448906357862
1448906357915
1448906357962
1448906358009
1448906358062
1448906358117
1448906358172
1448906358218
1448906358261
1448906358312
1448906358358
1448906358403
1448906358450
1448906358505
1448906358554
1448906358599
1448906358641
1448906358691
1448906358736
1448906358797
1448906358844
1448906358896
1448906358941
1448906358986
1448906359031
1448906359081
1448906359130
1448906359183
1448906359228
1448906359274
1448906359328
1448906359373
1448906359432
1448906359479
1448906359529
1448906359574
1448906359619
1448906359664
1448906359728
1448906359772
1448906359817
1448906359863
1448906359912
1448906359957
1448906360002
1448906360047
1448906360092
1448906360148
1448906360200
1448906360244
1448906360293
1448906360342
1448906360386
1448906360430
1448906360474
1448906360525
1448906360570
1448906360618
1448906360666
1448906360724
1448906360771
1448906360812
1448906360860
1448906360909
1448906360955
1448906360999
1448906361043
1448906361087