1448904562525
1448904562768
1448904562820
1448904562864
1448904562920
1448904562970
1448904563017
1448904563067
1448904563114
1448904563170
1448904563247
1448904563328
1448904563385
1448904563446
1448904563503
1448904563553
1448904563602
1448904563661
1448904563708
1448904563754
1448904563804
1448904563855
1448904563903
1448904563953
1448904563997
1448904564048
1448904564100
1448904564149
1448904564195
1448904564256
1448904564304
1448904564350
1448904564397
1448904564443
1448904564495
1448904564542
1448904564588
1448904564641
1448904564704
1448904564763
1448904564820
1448904564863
1448904564915
1448904564961
1448904565005
1448904565055
1448904565110
1448904565159
1448904565257
1448904565304
1448904565351
1448904565404
1448904565467
1448904565523
1448904565580
1448904565630
1448904565673
1448904565715
1448904565756
1448904565806
1448904565855
1448904565902
1448904565948
1448904565995
1448904566050
1448904566096
1448904566141
1448904566187
1448904566236
1448904566281
1448904566332
1448904566377
1448904566428
1448904566475
1448904566527
1448904566568
1448904566618
1448904566666
1448904566709
1448904566756
1448904566802
1448904566853
1448904566900
1448904566946
1448904566989
1448904567046
1448904567091
1448904567135
1448904567182
1448904567234
1448904567284
1448904567326
1448904567370
1448904567420
1448904567467
1448904567512
1448904567558
1448904567604
1448904567656
1448904567703
1448904567757
1448904567800
1448904567853
1448904567898
1448904567943
1448904567988
1448904568039
1448904568086
1448904568132
1448904568175
1448904568226
1448904568273
1448904568322
1448904568367
1448904568418
1448904568467
1448904568511
1448904568556
1448904568600
1448904568652
1448904568699
1448904568739
1448904568784
1448904568832
1448904568882
1448904568924
1448904568968
1448904569015
1448904569062
1448904569113
1448904569160
1448904569212
1448904569273
1448904569345
1448904569408
1448904569464
1448904569519
1448904569578
1448904569630
1448904569674
1448904569724
1448904569769
1448904569814
1448904569867
1448904569919
1448904569968
1448904570012
1448904570055
1448904570104
1448904570144
1448904570191
1448904570238
1448904570306
1448904570353
1448904570400
1448904570444
1448904570498
1448904570548
1448904570596
1448904570639
1448904570689
1448904570738
1448904570785
1448904570835
1448904570885
1448904570937
1448904570981
1448904571028
1448904571076
1448904571127
1448904571181
1448904571226
1448904571280
1448904571333
1448904571377
1448904571421
1448904571469
1448904571517
1448904571571
1448904571615
1448904571663
1448904571712
1448904571765
1448904571811
1448904571861
1448904571907
1448904571964
1448904572034
1448904572078
1448904572123
1448904572175
1448904572220
1448904572263
1448904572310
1448904572366
1448904572418
1448904572465
1448904572510
1448904572557
1448904572601
1448904572645
1448904572692
1448904572743
1448904572793
1448904572841
1448904572885
1448904572931
1448904572979
1448904573030
1448904573074
1448904573121
1448904573168
1448904573218
1448904573263
1448904573324
1448904573372
1448904573417
1448904573462
1448904573512
1448904573555
1448904573609
1448904573659
1448904573708
1448904573756
1448904573808
1448904573855
1448904573898
1448904573941
1448904573984
1448904574036
1448904574083
1448904574130
1448904574191
1448904574236
1448904574287
1448904574328
1448904574369
1448904574431
1448904574477
1448904574517
1448904574560
1448904574610
1448904574656
1448904574704
1448904574754
1448904574802
1448904574853
1448904574916
1448904574975
1448904575023
1448904575067
1448904575113
1448904575162
1448904575216
1448904575266
1448904575312
1448904575362
1448904575412
1448904575460
1448904575503
1448904575547
1448904575592
1448904575643
1448904575696
1448904575743
1448904575785
1448904575833
1448904575879
1448904575931
1448904575977
1448904576024
1448904576075
1448904576118
1448904576166
1448904576217
1448904576263
1448904576320
1448904576369
1448904576411
1448904576456
1448904576509
1448904576556
1448904576602
1448904576652
1448904576697
1448904576742
1448904576786
1448904576832
1448904576883
1448904576931
1448904576977
1448904577026
1448904577084
1448904577130
1448904577175
1448904577220
1448904577267
1448904577319
1448904577366
1448904577411
1448904577462
1448904577510
1448904577556
1448904577603
1448904577652
1448904577700
1448904577746
1448904577814
1448904577859
1448904577905
1448904577952
1448904578000
1448904578046
1448904578098
1448904578148
1448904578196
1448904578248
1448904578294
1448904578339
1448904578386
1448904578432
1448904578474
1448904578533
1448904578579
1448904578630
1448904578677
1448904578724
1448904578769
1448904578818
1448904578871
1448904578920
1448904578967
1448904579015
1448904579063
1448904579111
1448904579160
1448904579209
1448904579264
1448904579308
1448904579362
1448904579409
1448904579461
1448904579510
1448904579556
1448904579605
1448904579650
1448904579696
1448904579749
1448904579797
1448904579844
1448904579895
1448904579943
1448904580000
1448904580043
1448904580090
1448904580140
1448904580196
1448904580244
1448904580303
1448904580345
1448904580391
1448904580439
1448904580490
1448904580540
1448904580591
1448904580640
1448904580683
1448904580752
1448904580802
1448904580844
1448904580889
1448904580937
1448904580986
1448904581038
1448904581085
1448904581136
1448904581187
1448904581231
1448904581276
1448904581321
1448904581364
1448904581415
1448904581466
1448904581518
1448904581564
1448904581608
1448904581655
1448904581698
1448904581749
1448904581793
1448904581846
1448904581892
1448904581941
1448904581987
1448904582030
1448904582074
1448904582122
1448904582171
1448904582222
1448904582270
1448904582326
1448904582374
1448904582416
1448904582463
1448904582510
1448904582558
1448904582610
1448904582656
1448904582702
1448904582753
1448904582800
1448904582846
1448904582900
1448904582942
1448904582988
1448904583039
1448904583087
1448904583136
1448904583183
1448904583229
1448904583272
1448904583319
1448904583365
1448904583411
1448904583467
1448904583514
1448904583565
1448904583630
1448904583676
1448904583722
1448904583765
1448904583812
1448904583865
1448904583916
1448904583961
1448904584007
1448904584059
1448904584105
1448904584152
1448904584202
1448904584245
1448904584295
1448904584350
1448904584394
1448904584438
1448904584483
1448904584528
1448904584574
1448904584624
1448904584674
1448904584727
1448904584772
1448904584815
1448904584860
1448904584905
1448904584950
1448904584996
1448904585048
1448904585099
1448904585150
1448904585210
1448904585253
1448904585298
1448904585342
1448904585393
1448904585445
1448904585497
1448904585548
1448904585593
1448904585639
1448904585685
1448904585729
1448904585784
1448904585828
1448904585874
1448904585928
1448904585978
1448904586024
1448904586070
1448904586117
1448904586163
1448904586210
1448904586254
1448904586306
1448904586376
1448904586435
1448904586491
1448904586568
1448904586619
1448904586665
1448904586712
1448904586763
1448904586817
1448904586861
1448904586910
1448904586956
1448904587007
1448904587054
1448904587102
1448904587145
1448904587197
1448904587245
1448904587294
1448904587344
1448904587388
1448904587430
1448904587478
1448904587524
1448904587583
1448904587637
1448904587687
1448904587737
1448904587781
1448904587828
1448904587877
1448904587921
1448904587968
1448904588031
1448904588078
1448904588124
1448904588178
1448904588229
1448904588273
1448904588321
1448904588369
1448904588423
1448904588473
1448904588520
1448904588564
1448904588614
1448904588660
1448904588715
1448904588766
1448904588813
1448904588872
1448904588920
1448904588969
1448904589018
1448904589063
1448904589110
1448904589156
1448904589205
1448904589257
1448904589315
1448904589373
1448904589435
1448904589479
1448904589530
1448904589574
1448904589619
1448904589668
1448904589728
1448904589775
1448904589821
1448904589866
1448904589912
1448904589965
1448904590012
1448904590061
1448904590123
1448904590173
1448904590220
1448904590268
1448904590316
1448904590364
1448904590414
1448904590465
1448904590511
1448904590572
1448904590620
1448904590664
1448904590713
1448904590762
1448904590822
1448904590876
1448904590923
1448904590975
1448904591025
1448904591071
1448904591118
1448904591168
1448904591214
1448904591260
1448904591305
1448904591352
1448904591419
1448904591463
1448904591513
1448904591556
1448904591601
1448904591645
1448904591691
1448904591739
1448904591793
1448904591840
1448904591884
1448904591931
1448904591996
1448904592045
1448904592088
1448904592134
1448904592204
1448904592258
1448904592303
1448904592358
1448904592399
1448904592442
1448904592487
1448904592534
1448904592580
1448904592636
1448904592684
1448904592728
1448904592774
1448904592819
1448904592869
1448904592918
1448904592963
1448904593013
1448904593064
1448904593111
1448904593158
1448904593209
1448904593253
1448904593295
1448904593338
1448904593384
1448904593438
1448904593490
1448904593549
1448904593597
1448904593644
1448904593688
1448904593732
1448904593778
1448904593830
1448904593883
1448904593929
1448904593978
1448904594025
1448904594077
1448904594123
1448904594166
1448904594223
1448904594274
1448904594317
1448904594361
1448904594410
1448904594461
1448904594502
1448904594545
1448904594591
1448904594645
1448904594698
1448904594744
1448904594792
1448904594836
1448904594894
1448904594939
1448904594985
1448904595036
1448904595087
1448904595134
1448904595187
1448904595239
1448904595285
1448904595332
1448904595378
1448904595425
1448904595488
1448904595534
1448904595583
1448904595625
1448904595671
1448904595719
1448904595766
1448904595817
1448904595869
1448904595922
1448904595968
1448904596014
1448904596062
1448904596109
1448904596154
1448904596209
1448904596262
1448904596311
1448904596360
1448904596411
1448904596457
1448904596503
1448904596551
1448904596598
1448904596646
1448904596698
1448904596752
1448904596799
1448904596846
1448904596894
1448904596946
1448904596998
1448904597041
1448904597092
1448904597140
1448904597191
1448904597241
1448904597284
1448904597329
1448904597376
1448904597427
1448904597476
1448904597524
1448904597578
1448904597640
1448904597685
1448904597731
1448904597778
1448904597826
1448904597874
1448904597925
1448904597977
1448904598022
1448904598070
1448904598118
1448904598168
1448904598215
1448904598263
1448904598328
1448904598375
1448904598428
1448904598475
1448904598520
1448904598567
1448904598614
1448904598662
1448904598710
1448904598764
1448904598816
1448904598864
1448904598910
1448904598957
1448904599008
1448904599053
1448904599100
1448904599152
1448904599200
1448904599254
1448904599303
1448904599351
1448904599398
1448904599445
1448904599493
1448904599537
1448904599583
1448904599633
1448904599694
1448904599740
1448904599786
1448904599832
1448904599874
1448904599923
1448904599970
1448904600022
1448904600076
1448904600116
1448904600162
1448904600210
1448904600257
1448904600303
1448904600371
1448904600437
1448904600504
1448904600579
1448904600626
1448904600667
1448904600710
1448904600755
1448904600801
1448904600852
1448904600900
1448904600953
1448904600998
1448904601062
1448904601109
1448904601159
1448904601210
1448904601262
1448904601321
1448904601371
1448904601417
1448904601463
1448904601510
1448904601555
1448904601602
1448904601650
1448904601702
1448904601761
1448904601809
1448904601855
1448904601901
1448904601946
1448904601993
1448904602038
1448904602090
1448904602136
1448904602191
1448904602238
1448904602285
1448904602335
1448904602381
1448904602444
1448904602495
1448904602541
1448904602592
1448904602640
1448904602686
1448904602732
1448904602777
1448904602823
1448904602869
1448904602925
1448904602971
1448904603023
1448904603068
1448904603125
1448904603170
1448904603215
1448904603260
1448904603310
1448904603354
1448904603405
1448904603452
1448904603512
1448904603554
1448904603599
1448904603644
1448904603692
1448904603743
1448904603803
1448904603855
1448904603902
1448904603949
1448904603996
1448904604043
1448904604091
1448904604143
1448904604187
1448904604234
1448904604281
1448904604326
1448904604371
1448904604417
1448904604470
1448904604517
1448904604568
1448904604612
1448904604667
1448904604713
1448904604759
1448904604807
1448904604852
1448904604897
1448904604948
1448904604993
1448904605048
1448904605091
1448904605152
1448904605213
1448904605265
1448904605309
1448904605359
1448904605405
1448904605457
1448904605508
1448904605553
1448904605594
1448904605638
1448904605682
1448904605730
1448904605783
1448904605847
1448904605897
1448904605945
1448904605992
1448904606039
1448904606087
1448904606137
1448904606185
1448904606238
1448904606281
1448904606332
1448904606378
1448904606430
1448904606477
1448904606549
1448904606598
1448904606644
1448904606688
1448904606741
1448904606787
1448904606833
1448904606879
1448904606930
1448904606977
1448904607033
1448904607078
1448904607122
1448904607182
1448904607230
1448904607277
1448904607324
1448904607371
1448904607423
1448904607471
1448904607518
1448904607574
1448904607626
1448904607673
1448904607721
1448904607768
1448904607815
1448904607877
1448904607929
1448904607980
1448904608029
1448904608076
1448904608121
1448904608168
1448904608219
1448904608270
1448904608317
1448904608364
1448904608418
1448904608465
1448904608512
1448904608560
1448904608621
1448904608674
1448904608721
1448904608768
1448904608824
1448904608871
1448904608915
1448904608962
1448904609009
1448904609056
1448904609109
1448904609156
1448904609202
1448904609254
1448904609313
1448904609359
1448904609409
1448904609454
1448904609507
1448904609562
1448904609605
1448904609658
1448904609706
1448904609752
1448904609796
1448904609842
1448904609887
1448904609934
1448904609989
1448904610035
1448904610089
1448904610137
1448904610185
1448904610242
1448904610284
1448904610332
1448904610377
1448904610426
1448904610479
1448904610525
1448904610574
1448904610638
1448904610679
1448904610727
1448904610770
1448904610812
1448904610858
1448904610911
1448904610958
1448904611004
1448904611052
1448904611094
1448904611148
1448904611194
1448904611246
1448904611307
1448904611353
1448904611398
1448904611444
1448904611490
1448904611539
1448904611585
1448904611630
1448904611675
1448904611732