1448906631882
1448906632153
1448906632197
1448906632245
1448906632291
1448906632334
1448906632383
1448906632427
1448906632471
1448906632515
1448906632559
1448906632607
1448906632657
1448906632701
1448906632750
1448906632799
1448906632842
1448906632885
1448906632928
1448906632984
1448906633032
1448906633074
1448906633119
1448906633172
1448906633217
1448906633262
1448906633308
1448906633354
1448906633399
1448906633450
1448906633501
1448906633551
1448906633596
1448906633642
1448906633688
1448906633738
1448906633782
1448906633830
1448906633877
1448906633921
1448906633971
1448906634015
1448906634061
1448906634117
1448906634158
1448906634206
1448906634256
1448906634303
1448906634352
1448906634395
1448906634440
1448906634484
1448906634529
1448906634572
1448906634620
1448906634666
1448906634710
1448906634758
1448906634802
1448906634850
1448906634899
1448906634944
1448906634989
1448906635039
1448906635082
1448906635130
1448906635174
1448906635221
1448906635265
1448906635309
1448906635354
1448906635407
1448906635453
1448906635497
1448906635546
1448906635594
1448906635650
1448906635696
1448906635739
1448906635783
1448906635831
1448906635874
1448906635923
1448906635973
1448906636017
1448906636060
1448906636104
1448906636148
1448906636196
1448906636243
1448906636293
1448906636341
1448906636385
1448906636428
1448906636472
1448906636520
1448906636565
1448906636614
1448906636658
1448906636707
1448906636751
1448906636795
1448906636839
1448906636883
1448906636927
1448906636981
1448906637026
1448906637073
1448906637135
1448906637178
1448906637219
1448906637263
1448906637308
1448906637353
1448906637402
1448906637446
1448906637495
1448906637538
1448906637582
1448906637630
1448906637681
1448906637726
1448906637776
1448906637821
1448906637865
1448906637914
1448906637958
1448906638003
1448906638047
1448906638091
1448906638135
1448906638188
1448906638232
1448906638280
1448906638326
1448906638375
1448906638419
1448906638463
1448906638508
1448906638557
1448906638603
1448906638647
1448906638696
1448906638745
1448906638789
1448906638835
1448906638879
1448906638923
1448906638973
1448906639018
1448906639072
1448906639116
1448906639159
1448906639203
1448906639246
1448906639296
1448906639346
1448906639393
1448906639437
1448906639486
1448906639530
1448906639574
1448906639618
1448906639662
1448906639706
1448906639760
1448906639804
1448906639856
1448906639900
1448906639944
1448906639989
1448906640040
1448906640081
1448906640128
1448906640180
1448906640224
1448906640272
1448906640318
1448906640365
1448906640416
1448906640468
1448906640513
1448906640565
1448906640610
1448906640662
1448906640707
1448906640754
1448906640797
1448906640839
1448906640891
1448906640936
1448906640984
1448906641033
1448906641077
1448906641121
1448906641183
1448906641227
1448906641270
1448906641318
1448906641364
1448906641407
1448906641457
1448906641501
1448906641549
1448906641594
1448906641640
1448906641686
1448906641738
1448906641782
1448906641830
1448906641880
1448906641923
1448906641968
1448906642013
1448906642059
1448906642113
1448906642160
1448906642206
1448906642259
1448906642304
1448906642348
1448906642392
1448906642437
1448906642482
1448906642533
1448906642593
1448906642642
1448906642692
1448906642738
1448906642783
1448906642829
1448906642873
1448906642921
1448906642967
1448906643017
1448906643061
1448906643105
1448906643153
1448906643200
1448906643245
1448906643306
1448906643351
1448906643394
1448906643435
1448906643471
1448906643511
1448906643550
1448906643589
1448906643626
1448906643665
1448906643704
1448906643745
1448906643785
1448906643823
1448906643869
1448906643914
1448906643957
1448906643996
1448906644033
1448906644074
1448906644120
1448906644159
1448906644198
1448906644241
1448906644278
1448906644318
1448906644359
1448906644398
1448906644439
1448906644483
1448906644524
1448906644590
1448906644630
1448906644674
1448906644720
1448906644768
1448906644816
1448906644867
1448906644911
1448906644956
1448906645000
1448906645050
1448906645091
1448906645136
1448906645180
1448906645245
1448906645293
1448906645341
1448906645385
1448906645428
1448906645472
1448906645520
1448906645567
1448906645617
1448906645675
1448906645719
1448906645764
1448906645806
1448906645848
1448906645895
1448906645952
1448906645997
1448906646046
1448906646094
1448906646138
1448906646189
1448906646232
1448906646272
1448906646316
1448906646360
1448906646408
1448906646462
1448906646506
1448906646550
1448906646594
1448906646643
1448906646686
1448906646730
1448906646774
1448906646824
1448906646872
1448906646916
1448906646962
1448906647011
1448906647053
1448906647097
1448906647141
1448906647189
1448906647239
1448906647283
1448906647338
1448906647383
1448906647427
1448906647471
1448906647517
1448906647571
1448906647625
1448906647670
1448906647716
1448906647762
1448906647808
1448906647854
1448906647900
1448906647945
1448906647997
1448906648046
1448906648115
1448906648163
1448906648207
1448906648251
1448906648294
1448906648338
1448906648387
1448906648437
1448906648482
1448906648526
1448906648570
1448906648614
1448906648661
1448906648711
1448906648757
1448906648819
1448906648864
1448906648909
1448906648957
1448906649001
1448906649045
1448906649089
1448906649132
1448906649185
1448906649241
1448906649285
1448906649330
1448906649374
1448906649418
1448906649462
1448906649511
1448906649555
1448906649615
1448906649659
1448906649703
1448906649747
1448906649791
1448906649839
1448906649883
1448906649927
1448906649976
1448906650026
1448906650071
1448906650115
1448906650159
1448906650217
1448906650261
1448906650304
1448906650348
1448906650407
1448906650451
1448906650495
1448906650539
1448906650583
1448906650627
1448906650676
1448906650721
1448906650768
1448906650819
1448906650864
1448906650930
1448906650980
1448906651026
1448906651072
1448906651120
1448906651165
1448906651222
1448906651268
1448906651314
1448906651358
1448906651402
1448906651446
1448906651491
1448906651539
1448906651597
1448906651642
1448906651685
1448906651729
1448906651774
1448906651820
1448906651864
1448906651914
1448906651954
1448906652013
1448906652056
1448906652101
1448906652145
1448906652189
1448906652242
1448906652283
1448906652338
1448906652398
1448906652443
1448906652489
1448906652534
1448906652580
1448906652626
1448906652676
1448906652722
1448906652768
1448906652824
1448906652868
1448906652912
1448906652956
1448906653009
1448906653066
1448906653108
1448906653150
1448906653205
1448906653252
1448906653295
1448906653340
1448906653385
1448906653431
1448906653477
1448906653523
1448906653577
1448906653623
1448906653668
1448906653712
1448906653767
1448906653816
1448906653860
1448906653904
1448906653947
1448906654002
1448906654046
1448906654090
1448906654134
1448906654178
1448906654222
1448906654266
1448906654310
1448906654367
1448906654413
1448906654477
1448906654520
1448906654564
1448906654607
1448906654652
1448906654697
1448906654745
1448906654795
1448906654840
1448906654884
1448906654932
1448906654977
1448906655022
1448906655066
1448906655110
1448906655168
1448906655218
1448906655270
1448906655311
1448906655356
1448906655402
1448906655448
1448906655498
1448906655549
1448906655601
1448906655648
1448906655696
1448906655745
1448906655789
1448906655833
1448906655890
1448906655933
1448906655987
1448906656034
1448906656085
1448906656131
1448906656177
1448906656222
1448906656267
1448906656313
1448906656363
1448906656413
1448906656457
1448906656501
1448906656545
1448906656617
1448906656665
1448906656710
1448906656760
1448906656812
1448906656857
1448906656904
1448906656947
1448906656990
1448906657044
1448906657087
1448906657129
1448906657177
1448906657232
1448906657274
1448906657324
1448906657369
1448906657413
1448906657457
1448906657501
1448906657552
1448906657602
1448906657646
1448906657690
1448906657734
1448906657782
1448906657826
1448906657870
1448906657914
1448906657964
1448906658032
1448906658074
1448906658117
1448906658163
1448906658208
1448906658260
1448906658303
1448906658354
1448906658405
1448906658448
1448906658492
1448906658536
1448906658580
1448906658625
1448906658670
1448906658726
1448906658776
1448906658821
1448906658865
1448906658913
1448906658957
1448906659001
1448906659045
1448906659089
1448906659138
1448906659188
1448906659232
1448906659278
1448906659322
1448906659366
1448906659429
1448906659477
1448906659526
1448906659575
1448906659623
1448906659669
1448906659715
1448906659760
1448906659805
1448906659849
1448906659893
1448906659942
1448906659993
1448906660043
1448906660088
1448906660146
1448906660191
1448906660236
1448906660280
1448906660328
1448906660376
1448906660422
1448906660467
1448906660512
1448906660558
1448906660609
1448906660656
1448906660704
1448906660746
1448906660794
1448906660843
1448906660887
1448906660931
1448906660976
1448906661022
1448906661069
1448906661119
1448906661174
1448906661221
1448906661273
1448906661316
1448906661357
1448906661403
1448906661449
1448906661499
1448906661566
1448906661617
1448906661663
1448906661709
1448906661758
1448906661802
1448906661847
1448906661895
1448906661940
1448906661988
1448906662035
1448906662082
1448906662128
1448906662174
1448906662220
1448906662270
1448906662326
1448906662371
1448906662422
1448906662466
1448906662510
1448906662554
1448906662599
1448906662642
1448906662691
1448906662738
1448906662788
1448906662834
1448906662882
1448906662926
1448906662991
1448906663036
1448906663080
1448906663138
1448906663182
1448906663227
1448906663273
1448906663316
1448906663359
1448906663405
1448906663455
1448906663504
1448906663547
1448906663599
1448906663644
1448906663695
1448906663738
1448906663782
1448906663825
1448906663869
1448906663918
1448906663968
1448906664018
1448906664062
1448906664108
1448906664155
1448906664201
1448906664247
1448906664307
1448906664348
1448906664409
1448906664452
1448906664496
1448906664540
1448906664590
1448906664636
1448906664686
1448906664732
1448906664782
1448906664834
1448906664880
1448906664925
1448906664971
1448906665016
1448906665062
1448906665133
1448906665180
1448906665242
1448906665301
1448906665356
1448906665413
1448906665470
1448906665514
1448906665563
1448906665607
1448906665661
1448906665708
1448906665752
1448906665797
1448906665841
1448906665892
1448906665942
1448906665988
1448906666038
1448906666085
1448906666129
1448906666173
1448906666218
1448906666264
1448906666308
1448906666362
1448906666404
1448906666456
1448906666501
1448906666547
1448906666619
1448906666664
1448906666712
1448906666756
1448906666800
1448906666849
1448906666895
1448906666943
1448906666987
1448906667033
1448906667077
1448906667125
1448906667169
1448906667213
1448906667263
1448906667322
1448906667364
1448906667407
1448906667448
1448906667501
1448906667564
1448906667608
1448906667658
1448906667702
1448906667746
1448906667790
1448906667834
1448906667882
1448906667926
1448906667970
1448906668023
1448906668073
1448906668117
1448906668163
1448906668207
1448906668252
1448906668301
1448906668345
1448906668389
1448906668438
1448906668483
1448906668529
1448906668575
1448906668626
1448906668676
1448906668725
1448906668769
1448906668817
1448906668862
1448906668906
1448906668949
1448906668993
1448906669038
1448906669086
1448906669131
1448906669179
1448906669229
1448906669273
1448906669317
1448906669362
1448906669419
1448906669467
1448906669511
1448906669554
1448906669603
1448906669650
1448906669694
1448906669743
1448906669787
1448906669836
1448906669880
1448906669925
1448906669969
1448906670018
1448906670062
1448906670111
1448906670155
1448906670201
1448906670250
1448906670299
1448906670353
1448906670400
1448906670445
1448906670490
1448906670534
1448906670578
1448906670627
1448906670675
1448906670719
1448906670764
1448906670817
1448906670864
1448906670906
1448906670950
1448906670994
1448906671044
1448906671090
1448906671135
1448906671183
1448906671229
1448906671273
1448906671317
1448906671362
1448906671415
1448906671460
1448906671509
1448906671553
1448906671602
1448906671646
1448906671690
1448906671735
1448906671779
1448906671829
1448906671885
1448906671930
1448906671978
1448906672022
1448906672068
1448906672112
1448906672166
1448906672216
1448906672260
1448906672304
1448906672350
1448906672400
1448906672444
1448906672488
1448906672537
1448906672581
1448906672630
1448906672674
1448906672718
1448906672767
1448906672815
1448906672860
1448906672925
1448906672970
1448906673020
1448906673067
1448906673117
1448906673167
1448906673215
1448906673259
1448906673302
1448906673356
1448906673405
1448906673449
1448906673492
1448906673536
1448906673598
1448906673665
1448906673710
1448906673751
1448906673796
1448906673847
1448906673893
1448906673940
1448906673990
1448906674038
1448906674084
1448906674131
1448906674182
1448906674226
1448906674272
1448906674336
1448906674377
1448906674427
1448906674471
1448906674515
1448906674559
1448906674603
1448906674652
1448906674696
1448906674740
1448906674789
1448906674837
1448906674881
1448906674924
1448906674968
1448906675037
1448906675082
1448906675125
1448906675169
1448906675229
1448906675270
1448906675314
1448906675364
1448906675421
1448906675467
1448906675512
1448906675558
1448906675608
1448906675659
1448906675703
1448906675753
1448906675795
1448906675842
1448906675886
1448906675930
1448906675978
1448906676027
1448906676071
1448906676115
1448906676159
1448906676208
1448906676252
1448906676296
1448906676340
1448906676396
1448906676452
1448906676498
1448906676547
1448906676596
1448906676640
1448906676683
1448906676727
1448906676771
1448906676824
1448906676868
1448906676913
1448906676958
1448906677004
1448906677047
1448906677095
1448906677160
1448906677210
1448906677253
1448906677297
1448906677350
1448906677397
1448906677442
1448906677484
1448906677530
1448906677577
1448906677622
1448906677673
1448906677715
1448906677760
1448906677807
1448906677859
1448906677905
1448906677951
1448906678002
1448906678047
1448906678092
1448906678138
1448906678188
1448906678238
1448906678282
1448906678327
1448906678376
1448906678420
1448906678464
1448906678508
1448906678580
1448906678622
1448906678664
1448906678708
1448906678754
1448906678810
1448906678855
1448906678901
1448906678946
1448906678996
1448906679041