1448909334849
1448909335110
1448909335154
1448909335197
1448909335249
1448909335297
1448909335342
1448909335385
1448909335428
1448909335476
1448909335525
1448909335571
1448909335623
1448909335665
1448909335718
1448909335760
1448909335801
1448909335850
1448909335893
1448909335937
1448909335980
1448909336023
1448909336071
1448909336118
1448909336161
1448909336209
1448909336257
1448909336300
1448909336344
1448909336387
1448909336430
1448909336480
1448909336523
1448909336588
1448909336645
1448909336689
1448909336733
1448909336777
1448909336820
1448909336868
1448909336918
1448909336961
1448909337004
1448909337052
1448909337096
1448909337139
1448909337182
1448909337229
1448909337281
1448909337326
1448909337370
1448909337418
1448909337461
1448909337504
1448909337555
1448909337604
1448909337648
1448909337691
1448909337734
1448909337780
1448909337828
1448909337871
1448909337914
1448909337958
1448909338001
1448909338050
1448909338093
1448909338136
1448909338185
1448909338228
1448909338272
1448909338324
1448909338369
1448909338417
1448909338462
1448909338505
1448909338548
1448909338596
1448909338639
1448909338684
1448909338735
1448909338776
1448909338821
1448909338867
1448909338910
1448909338958
1448909339007
1448909339050
1448909339093
1448909339136
1448909339184
1448909339228
1448909339272
1448909339316
1448909339364
1448909339411
1448909339456
1448909339502
1448909339546
1448909339602
1448909339644
1448909339690
1448909339738
1448909339782
1448909339825
1448909339868
1448909339911
1448909339962
1448909340011
1448909340059
1448909340101
1448909340150
1448909340195
1448909340243
1448909340288
1448909340331
1448909340380
1448909340429
1448909340472
1448909340522
1448909340572
1448909340616
1448909340659
1448909340703
1448909340751
1448909340796
1448909340839
1448909340883
1448909340930
1448909340974
1448909341017
1448909341063
1448909341111
1448909341160
1448909341203
1448909341246
1448909341296
1448909341340
1448909341387
1448909341431
1448909341474
1448909341522
1448909341575
1448909341624
1448909341670
1448909341725
1448909341769
1448909341814
1448909341857
1448909341901
1448909341951
1448909341994
1448909342038
1448909342086
1448909342129
1448909342176
1448909342220
1448909342263
1448909342311
1448909342355
1448909342399
1448909342447
1448909342498
1448909342543
1448909342590
1448909342634
1448909342679
1448909342733
1448909342778
1448909342823
1448909342872
1448909342912
1448909342955
1448909342999
1448909343042
1448909343090
1448909343135
1448909343178
1448909343231
1448909343277
1448909343320
1448909343364
1448909343407
1448909343450
1448909343500
1448909343544
1448909343600
1448909343647
1448909343688
1448909343731
1448909343777
1448909343825
1448909343875
1448909343933
1448909343976
1448909344023
1448909344067
1448909344112
1448909344157
1448909344202
1448909344247
1448909344298
1448909344343
1448909344391
1448909344440
1448909344483
1448909344527
1448909344581
1448909344642
1448909344688
1448909344732
1448909344785
1448909344830
1448909344871
1448909344912
1448909344961
1448909345006
1448909345051
1448909345100
1448909345141
1448909345188
1448909345234
1448909345278
1448909345333
1448909345378
1448909345421
1448909345470
1448909345516
1448909345561
1448909345610
1448909345653
1448909345696
1448909345740
1448909345783
1448909345827
1448909345877
1448909345922
1448909345972
1448909346017
1448909346070
1448909346114
1448909346159
1448909346204
1448909346255
1448909346298
1448909346346
1448909346390
1448909346434
1448909346479
1448909346524
1448909346584
1448909346641
1448909346690
1448909346735
1448909346796
1448909346841
1448909346886
1448909346931
1448909346976
1448909347021
1448909347072
1448909347117
1448909347167
1448909347215
1448909347260
1448909347306
1448909347351
1448909347396
1448909347446
1448909347509
1448909347550
1448909347598
1448909347643
1448909347687
1448909347732
1448909347784
1448909347831
1448909347879
1448909347921
1448909347968
1448909348013
1448909348058
1448909348104
1448909348148
1448909348191
1448909348253
1448909348297
1448909348348
1448909348391
1448909348435
1448909348480
1448909348527
1448909348572
1448909348617
1448909348668
1448909348716
1448909348763
1448909348806
1448909348847
1448909348892
1448909348942
1448909348986
1448909349035
1448909349081
1448909349130
1448909349175
1448909349225
1448909349273
1448909349316
1448909349359
1448909349403
1448909349454
1448909349498
1448909349546
1448909349590
1448909349652
1448909349697
1448909349740
1448909349783
1448909349830
1448909349875
1448909349923
1448909349966
1448909350012
1448909350056
1448909350101
1448909350145
1448909350191
1448909350242
1448909350288
1448909350336
1448909350380
1448909350423
1448909350466
1448909350509
1448909350555
1448909350606
1448909350652
1448909350701
1448909350745
1448909350799
1448909350844
1448909350888
1448909350933
1448909350978
1448909351029
1448909351090
1448909351139
1448909351184
1448909351229
1448909351273
1448909351316
1448909351360
1448909351410
1448909351455
1448909351505
1448909351551
1448909351609
1448909351652
1448909351695
1448909351734
1448909351803
1448909351847
1448909351892
1448909351939
1448909351984
1448909352029
1448909352073
1448909352117
1448909352160
1448909352209
1448909352260
1448909352303
1448909352346
1448909352390
1448909352433
1448909352482
1448909352525
1448909352572
1448909352624
1448909352671
1448909352713
1448909352755
1448909352802
1448909352847
1448909352892
1448909352937
1448909352988
1448909353037
1448909353082
1448909353127
1448909353172
1448909353238
1448909353283
1448909353327
1448909353378
1448909353428
1448909353472
1448909353515
1448909353558
1448909353612
1448909353654
1448909353700
1448909353742
1448909353795
1448909353852
1448909353891
1448909353942
1448909353985
1448909354028
1448909354072
1448909354116
1448909354164
1448909354214
1448909354257
1448909354300
1448909354344
1448909354388
1448909354431
1448909354477
1448909354521
1448909354570
1448909354650
1448909354692
1448909354734
1448909354775
1448909354820
1448909354864
1448909354906
1448909354954
1448909355006
1448909355054
1448909355098
1448909355141
1448909355186
1448909355232
1448909355276
1448909355326
1448909355379
1448909355422
1448909355466
1448909355511
1448909355556
1448909355612
1448909355656
1448909355698
1448909355748
1448909355799
1448909355843
1448909355887
1448909355931
1448909355974
1448909356018
1448909356066
1448909356109
1448909356166
1448909356210
1448909356253
1448909356297
1448909356341
1448909356385
1448909356430
1448909356474
1448909356524
1448909356581
1448909356635
1448909356675
1448909356720
1448909356778
1448909356826
1448909356868
1448909356915
1448909356965
1448909357009
1448909357054
1448909357100
1448909357146
1448909357192
1448909357237
1448909357288
1448909357341
1448909357391
1448909357437
1448909357494
1448909357540
1448909357585
1448909357632
1448909357677
1448909357725
1448909357775
1448909357819
1448909357867
1448909357910
1448909357955
1448909357999
1448909358043
1448909358087
1448909358137
1448909358207
1448909358251
1448909358294
1448909358338
1448909358381
1448909358429
1448909358473
1448909358522
1448909358572
1448909358616
1448909358661
1448909358705
1448909358750
1448909358795
1448909358838
1448909358887
1448909358942
1448909358989
1448909359033
1448909359077
1448909359121
1448909359164
1448909359208
1448909359252
1448909359299
1448909359349
1448909359393
1448909359437
1448909359482
1448909359529
1448909359583
1448909359624
1448909359664
1448909359714
1448909359753
1448909359800
1448909359847
1448909359885
1448909359924
1448909359964
1448909360004
1448909360047
1448909360087
1448909360126
1448909360166
1448909360239
1448909360293
1448909360337
1448909360383
1448909360427
1448909360471
1448909360515
1448909360558
1448909360606
1448909360655
1448909360705
1448909360749
1448909360793
1448909360837
1448909360881
1448909360951
1448909360995
1448909361043
1448909361093
1448909361136
1448909361184
1448909361228
1448909361272
1448909361315
1448909361359
1448909361403
1448909361456
1448909361504
1448909361557
1448909361612
1448909361664
1448909361707
1448909361756
1448909361802
1448909361852
1448909361903
1448909361947
1448909361991
1448909362035
1448909362080
1448909362126
1448909362170
1448909362214
1448909362266
1448909362315
1448909362364
1448909362408
1448909362451
1448909362495
1448909362539
1448909362585
1448909362651
1448909362699
1448909362743
1448909362787
1448909362835
1448909362887
1448909362929
1448909362975
1448909363020
1448909363081
1448909363125
1448909363168
1448909363212
1448909363256
1448909363299
1448909363343
1448909363387
1448909363440
1448909363489
1448909363533
1448909363576
1448909363627
1448909363671
1448909363712
1448909363767
1448909363815
1448909363865
1448909363908
1448909363951
1448909363999
1448909364042
1448909364086
1448909364131
1448909364175
1448909364228
1448909364273
1448909364317
1448909364360
1448909364404
1448909364453
1448909364497
1448909364544
1448909364592
1448909364643
1448909364687
1448909364731
1448909364775
1448909364819
1448909364863
1448909364907
1448909364950
1448909365004
1448909365048
1448909365096
1448909365145
1448909365190
1448909365236
1448909365280
1448909365324
1448909365372
1448909365423
1448909365467
1448909365513
1448909365554
1448909365598
1448909365654
1448909365697
1448909365741
1448909365794
1448909365846
1448909365893
1448909365936
1448909365980
1448909366026
1448909366072
1448909366117
1448909366167
1448909366220
1448909366264
1448909366308
1448909366352
1448909366396
1448909366440
1448909366484
1448909366564
1448909366615
1448909366669
1448909366710
1448909366754
1448909366802
1448909366848
1448909366893
1448909366939
1448909366989
1448909367041
1448909367088
1448909367134
1448909367179
1448909367226
1448909367277
1448909367323
1448909367376
1448909367425
1448909367470
1448909367513
1448909367558
1448909367602
1448909367647
1448909367691
1448909367734
1448909367783
1448909367832
1448909367876
1448909367924
1448909367981
1448909368024
1448909368068
1448909368114
1448909368164
1448909368214
1448909368258
1448909368300
1448909368346
1448909368393
1448909368435
1448909368479
1448909368524
1448909368572
1448909368627
1448909368685
1448909368736
1448909368777
1448909368818
1448909368859
1448909368915
1448909368964
1448909369013
1448909369070
1448909369128
1448909369190
1448909369245
1448909369297
1448909369341
1448909369389
1448909369438
1448909369488
1448909369531
1448909369575
1448909369620
1448909369668
1448909369712
1448909369756
1448909369805
1448909369855
1448909369902
1448909369952
1448909370000
1448909370043
1448909370085
1448909370137
1448909370181
1448909370228
1448909370279
1448909370323
1448909370367
1448909370411
1448909370456
1448909370500
1448909370544
1448909370593
1448909370641
1448909370686
1448909370730
1448909370778
1448909370841
1448909370884
1448909370927
1448909370975
1448909371023
1448909371069
1448909371113
1448909371157
1448909371201
1448909371245
1448909371291
1448909371342
1448909371386
1448909371437
1448909371481
1448909371539
1448909371589
1448909371640
1448909371684
1448909371725
1448909371773
1448909371822
1448909371869
1448909371927
1448909371976
1448909372032
1448909372075
1448909372118
1448909372169
1448909372215
1448909372273
1448909372319
1448909372364
1448909372408
1448909372454
1448909372502
1448909372546
1448909372595
1448909372656
1448909372700
1448909372742
1448909372785
1448909372829
1448909372872
1448909372916
1448909372976
1448909373020
1448909373073
1448909373117
1448909373161
1448909373207
1448909373251
1448909373295
1448909373343
1448909373387
1448909373436
1448909373483
1448909373529
1448909373575
1448909373625
1448909373692
1448909373742
1448909373783
1448909373825
1448909373873
1448909373917
1448909373963
1448909374009
1448909374056
1448909374102
1448909374156
1448909374201
1448909374250
1448909374296
1448909374340
1448909374389
1448909374433
1448909374476
1448909374525
1448909374569
1448909374613
1448909374663
1448909374707
1448909374758
1448909374804
1448909374850
1448909374896
1448909374951
1448909374993
1448909375042
1448909375100
1448909375142
1448909375188
1448909375240
1448909375286
1448909375341
1448909375387
1448909375433
1448909375485
1448909375529
1448909375573
1448909375617
1448909375663
1448909375709
1448909375779
1448909375826
1448909375879
1448909375930
1448909375975
1448909376018
1448909376063
1448909376106
1448909376155
1448909376199
1448909376247
1448909376292
1448909376336
1448909376381
1448909376433
1448909376482
1448909376532
1448909376582
1448909376630
1448909376682
1448909376723
1448909376768
1448909376815
1448909376860
1448909376907
1448909376957
1448909377010
1448909377059
1448909377117
1448909377160
1448909377204
1448909377248
1448909377292
1448909377340
1448909377385
1448909377428
1448909377479
1448909377523
1448909377567
1448909377614
1448909377659
1448909377703
1448909377752
1448909377808
1448909377857
1448909377902
1448909377953
1448909377997
1448909378043
1448909378089
1448909378144
1448909378211
1448909378261
1448909378308
1448909378352
1448909378396
1448909378451
1448909378494
1448909378543
1448909378586
1448909378631
1448909378681
1448909378725
1448909378771
1448909378816
1448909378860
1448909378909
1448909378952
1448909378996
1448909379044
1448909379089
1448909379159
1448909379203
1448909379246
1448909379295
1448909379343
1448909379387
1448909379431
1448909379481
1448909379525
1448909379569
1448909379616
1448909379661
1448909379710
1448909379754
1448909379804
1448909379850
1448909379898
1448909379943
1448909379987
1448909380031
1448909380080
1448909380124
1448909380168
1448909380214
1448909380263
1448909380308
1448909380352
1448909380396
1448909380449
1448909380497
1448909380540
1448909380585
1448909380633
1448909380680
1448909380724
1448909380769
1448909380812
1448909380861
1448909380905
1448909380956
1448909381006
1448909381054
1448909381121
1448909381167
1448909381212
1448909381259
1448909381308
1448909381352
1448909381396
1448909381446
1448909381490
1448909381537
1448909381590
1448909381647
1448909381693
1448909381737
1448909381786
1448909381835