1448909175209
1448909175498
1448909175544
1448909175589
1448909175641
1448909175689
1448909175734
1448909175778
1448909175821
1448909175869
1448909175920
1448909175965
1448909176003
1448909176057
1448909176103
1448909176146
1448909176190
1448909176234
1448909176283
1448909176327
1448909176371
1448909176415
1448909176465
1448909176512
1448909176567
1448909176616
1448909176673
1448909176714
1448909176758
1448909176797
1448909176843
1448909176889
1448909176935
1448909176979
1448909177019
1448909177071
1448909177114
1448909177158
1448909177202
1448909177250
1448909177294
1448909177337
1448909177382
1448909177430
1448909177478
1448909177521
1448909177564
1448909177615
1448909177660
1448909177703
1448909177747
1448909177791
1448909177839
1448909177882
1448909177925
1448909177968
1448909178017
1448909178060
1448909178103
1448909178155
1448909178203
1448909178245
1448909178285
1448909178328
1448909178377
1448909178424
1448909178468
1448909178511
1448909178555
1448909178604
1448909178649
1448909178696
1448909178740
1448909178789
1448909178838
1448909178881
1448909178925
1448909178973
1448909179016
1448909179060
1448909179103
1448909179151
1448909179195
1448909179242
1448909179286
1448909179330
1448909179380
1448909179425
1448909179468
1448909179517
1448909179568
1448909179612
1448909179657
1448909179712
1448909179759
1448909179804
1448909179845
1448909179887
1448909179936
1448909179981
1448909180024
1448909180067
1448909180116
1448909180159
1448909180203
1448909180253
1448909180296
1448909180348
1448909180392
1448909180435
1448909180479
1448909180527
1448909180570
1448909180614
1448909180658
1448909180706
1448909180752
1448909180796
1448909180839
1448909180890
1448909180939
1448909180982
1448909181025
1448909181068
1448909181117
1448909181161
1448909181205
1448909181250
1448909181302
1448909181341
1448909181380
1448909181424
1448909181474
1448909181526
1448909181575
1448909181642
1448909181686
1448909181729
1448909181772
1448909181816
1448909181859
1448909181909
1448909181952
1448909181998
1448909182042
1448909182092
1448909182135
1448909182178
1448909182222
1448909182270
1448909182320
1448909182364
1448909182408
1448909182456
1448909182500
1448909182546
1448909182590
1448909182649
1448909182704
1448909182749
1448909182790
1448909182831
1448909182878
1448909182923
1448909182969
1448909183014
1448909183080
1448909183129
1448909183173
1448909183216
1448909183264
1448909183308
1448909183352
1448909183395
1448909183438
1448909183492
1448909183536
1448909183580
1448909183628
1448909183675
1448909183718
1448909183767
1448909183810
1448909183858
1448909183908
1448909183970
1448909184032
1448909184087
1448909184130
1448909184174
1448909184217
1448909184264
1448909184313
1448909184357
1448909184401
1448909184449
1448909184505
1448909184548
1448909184592
1448909184635
1448909184683
1448909184728
1448909184771
1448909184822
1448909184866
1448909184910
1448909184953
1448909184996
1448909185040
1448909185090
1448909185133
1448909185176
1448909185231
1448909185275
1448909185318
1448909185366
1448909185411
1448909185462
1448909185509
1448909185554
1448909185604
1448909185648
1448909185690
1448909185744
1448909185787
1448909185829
1448909185879
1448909185930
1448909185978
1448909186021
1448909186064
1448909186108
1448909186151
1448909186194
1448909186243
1448909186287
1448909186331
1448909186379
1448909186422
1448909186469
1448909186515
1448909186563
1448909186630
1448909186674
1448909186718
1448909186766
1448909186810
1448909186853
1448909186896
1448909186940
1448909186986
1448909187039
1448909187082
1448909187126
1448909187174
1448909187217
1448909187260
1448909187304
1448909187352
1448909187399
1448909187444
1448909187487
1448909187535
1448909187581
1448909187625
1448909187669
1448909187712
1448909187756
1448909187807
1448909187850
1448909187894
1448909187942
1448909187985
1448909188036
1448909188079
1448909188140
1448909188211
1448909188263
1448909188325
1448909188382
1448909188435
1448909188488
1448909188533
1448909188579
1448909188623
1448909188675
1448909188743
1448909188796
1448909188837
1448909188881
1448909188925
1448909188968
1448909189016
1448909189063
1448909189109
1448909189151
1448909189200
1448909189242
1448909189285
1448909189332
1448909189376
1448909189418
1448909189473
1448909189514
1448909189562
1448909189604
1448909189648
1448909189691
1448909189744
1448909189785
1448909189832
1448909189878
1448909189921
1448909189971
1448909190014
1448909190058
1448909190102
1448909190145
1448909190194
1448909190247
1448909190291
1448909190339
1448909190383
1448909190429
1448909190473
1448909190517
1448909190561
1448909190609
1448909190655
1448909190698
1448909190747
1448909190792
1448909190836
1448909190879
1448909190935
1448909190982
1448909191032
1448909191076
1448909191125
1448909191168
1448909191214
1448909191259
1448909191305
1448909191351
1448909191400
1448909191445
1448909191494
1448909191548
1448909191593
1448909191638
1448909191706
1448909191756
1448909191804
1448909191851
1448909191901
1448909191944
1448909191987
1448909192031
1448909192075
1448909192122
1448909192167
1448909192215
1448909192261
1448909192310
1448909192354
1448909192395
1448909192445
1448909192486
1448909192530
1448909192572
1448909192621
1448909192673
1448909192717
1448909192763
1448909192808
1448909192853
1448909192898
1448909192941
1448909192989
1448909193035
1448909193083
1448909193130
1448909193180
1448909193226
1448909193270
1448909193314
1448909193358
1448909193408
1448909193457
1448909193501
1448909193544
1448909193588
1448909193632
1448909193677
1448909193720
1448909193772
1448909193818
1448909193878
1448909193922
1448909193966
1448909194011
1448909194056
1448909194102
1448909194147
1448909194199
1448909194249
1448909194294
1448909194345
1448909194390
1448909194438
1448909194483
1448909194527
1448909194595
1448909194644
1448909194687
1448909194732
1448909194784
1448909194828
1448909194871
1448909194919
1448909194967
1448909195014
1448909195065
1448909195111
1448909195156
1448909195202
1448909195268
1448909195327
1448909195373
1448909195426
1448909195476
1448909195526
1448909195572
1448909195618
1448909195668
1448909195711
1448909195756
1448909195802
1448909195850
1448909195901
1448909195948
1448909195994
1448909196044
1448909196092
1448909196136
1448909196180
1448909196230
1448909196278
1448909196322
1448909196366
1448909196411
1448909196455
1448909196499
1448909196549
1448909196598
1448909196657
1448909196700
1448909196756
1448909196802
1448909196847
1448909196891
1448909196934
1448909196980
1448909197032
1448909197081
1448909197125
1448909197169
1448909197217
1448909197262
1448909197306
1448909197350
1448909197399
1448909197475
1448909197518
1448909197562
1448909197605
1448909197649
1448909197694
1448909197738
1448909197789
1448909197847
1448909197890
1448909197935
1448909197979
1448909198023
1448909198067
1448909198111
1448909198163
1448909198219
1448909198269
1448909198314
1448909198364
1448909198410
1448909198456
1448909198502
1448909198547
1448909198593
1448909198649
1448909198695
1448909198740
1448909198785
1448909198829
1448909198878
1448909198925
1448909198969
1448909199022
1448909199108
1448909199169
1448909199218
1448909199271
1448909199322
1448909199375
1448909199428
1448909199478
1448909199537
1448909199591
1448909199652
1448909199698
1448909199745
1448909199787
1448909199828
1448909199872
1448909199921
1448909199973
1448909200019
1448909200065
1448909200112
1448909200161
1448909200204
1448909200251
1448909200297
1448909200374
1448909200419
1448909200463
1448909200507
1448909200551
1448909200595
1448909200639
1448909200684
1448909200742
1448909200787
1448909200840
1448909200883
1448909200930
1448909200976
1448909201024
1448909201075
1448909201126
1448909201179
1448909201225
1448909201270
1448909201321
1448909201366
1448909201411
1448909201455
1448909201499
1448909201560
1448909201612
1448909201656
1448909201698
1448909201742
1448909201800
1448909201845
1448909201893
1448909201942
1448909201992
1448909202036
1448909202080
1448909202124
1448909202168
1448909202212
1448909202256
1448909202302
1448909202359
1448909202404
1448909202454
1448909202513
1448909202557
1448909202600
1448909202645
1448909202691
1448909202741
1448909202794
1448909202841
1448909202887
1448909202933
1448909202978
1448909203027
1448909203071
1448909203115
1448909203172
1448909203228
1448909203275
1448909203320
1448909203366
1448909203412
1448909203457
1448909203503
1448909203558
1448909203610
1448909203656
1448909203702
1448909203748
1448909203792
1448909203847
1448909203889
1448909203959
1448909204010
1448909204053
1448909204094
1448909204137
1448909204185
1448909204230
1448909204275
1448909204319
1448909204372
1448909204418
1448909204462
1448909204505
1448909204549
1448909204593
1448909204642
1448909204692
1448909204746
1448909204798
1448909204844
1448909204889
1448909204935
1448909204981
1448909205026
1448909205071
1448909205117
1448909205172
1448909205226
1448909205270
1448909205321
1448909205388
1448909205432
1448909205476
1448909205521
1448909205574
1448909205620
1448909205665
1448909205708
1448909205752
1448909205797
1448909205841
1448909205889
1448909205933
1448909205987
1448909206031
1448909206080
1448909206123
1448909206167
1448909206210
1448909206255
1448909206300
1448909206353
1448909206399
1448909206447
1448909206490
1448909206539
1448909206588
1448909206632
1448909206676
1448909206719
1448909206788
1448909206837
1448909206884
1448909206926
1448909206970
1448909207019
1448909207064
1448909207108
1448909207161
1448909207206
1448909207251
1448909207295
1448909207340
1448909207383
1448909207427
1448909207498
1448909207546
1448909207606
1448909207652
1448909207697
1448909207741
1448909207787
1448909207832
1448909207878
1448909207928
1448909207978
1448909208023
1448909208068
1448909208112
1448909208160
1448909208209
1448909208253
1448909208297
1448909208345
1448909208395
1448909208438
1448909208482
1448909208526
1448909208570
1448909208615
1448909208660
1448909208712
1448909208760
1448909208807
1448909208851
1448909208900
1448909208944
1448909208988
1448909209032
1448909209077
1448909209127
1448909209179
1448909209223
1448909209271
1448909209315
1448909209360
1448909209404
1448909209447
1448909209496
1448909209545
1448909209603
1448909209648
1448909209693
1448909209737
1448909209782
1448909209830
1448909209888
1448909209935
1448909209988
1448909210034
1448909210079
1448909210124
1448909210169
1448909210218
1448909210264
1448909210326
1448909210379
1448909210428
1448909210472
1448909210515
1448909210560
1448909210604
1448909210647
1448909210696
1448909210740
1448909210790
1448909210834
1448909210878
1448909210922
1448909210970
1448909211034
1448909211078
1448909211127
1448909211176
1448909211220
1448909211264
1448909211308
1448909211352
1448909211396
1448909211441
1448909211490
1448909211544
1448909211591
1448909211638
1448909211680
1448909211737
1448909211781
1448909211828
1448909211879
1448909211924
1448909211976
1448909212022
1448909212068
1448909212118
1448909212164
1448909212210
1448909212256
1448909212305
1448909212354
1448909212399
1448909212448
1448909212493
1448909212536
1448909212590
1448909212632
1448909212684
1448909212729
1448909212780
1448909212825
1448909212874
1448909212924
1448909212965
1448909213008
1448909213052
1448909213101
1448909213178
1448909213224
1448909213272
1448909213317
1448909213361
1448909213405
1448909213450
1448909213499
1448909213543
1448909213593
1448909213637
1448909213682
1448909213726
1448909213771
1448909213819
1448909213873
1448909213918
1448909213967
1448909214014
1448909214059
1448909214104
1448909214149
1448909214194
1448909214238
1448909214287
1448909214331
1448909214384
1448909214428
1448909214472
1448909214516
1448909214565
1448909214609
1448909214657
1448909214702
1448909214750
1448909214796
1448909214841
1448909214886
1448909214934
1448909214978
1448909215023
1448909215072
1448909215116
1448909215166
1448909215232
1448909215296
1448909215341
1448909215384
1448909215428
1448909215477
1448909215525
1448909215576
1448909215620
1448909215665
1448909215710
1448909215754
1448909215798
1448909215847
1448909215897
1448909215945
1448909215997
1448909216043
1448909216091
1448909216133
1448909216179
1448909216224
1448909216272
1448909216317
1448909216369
1448909216415
1448909216461
1448909216506
1448909216556
1448909216599
1448909216650
1448909216704
1448909216750
1448909216797
1448909216843
1448909216888
1448909216934
1448909216980
1448909217025
1448909217072
1448909217117
1448909217169
1448909217219
1448909217265
1448909217311
1448909217356
1448909217422
1448909217472
1448909217517
1448909217566
1448909217614
1448909217661
1448909217706
1448909217751
1448909217799
1448909217848
1448909217891
1448909217936
1448909217987
1448909218032
1448909218077
1448909218128
1448909218174
1448909218219
1448909218269
1448909218314
1448909218368
1448909218416
1448909218461
1448909218507
1448909218552
1448909218597
1448909218648
1448909218695
1448909218741
1448909218793
1448909218859
1448909218908
1448909218960
1448909219001
1448909219051
1448909219095
1448909219141
1448909219190
1448909219238
1448909219282
1448909219327
1448909219373
1448909219418
1448909219468
1448909219518
1448909219569
1448909219620
1448909219665
1448909219712
1448909219757
1448909219801
1448909219849
1448909219893
1448909219938
1448909219986
1448909220041
1448909220090
1448909220134
1448909220178
1448909220227
1448909220289
1448909220334
1448909220381
1448909220434
1448909220479
1448909220525
1448909220570
1448909220616
1448909220671
1448909220718
1448909220764
1448909220813
1448909220860
1448909220906
1448909220951
1448909221016
1448909221067
1448909221113
1448909221158
1448909221208
1448909221258
1448909221302
1448909221346
1448909221390
1448909221433
1448909221482
1448909221530
1448909221582
1448909221634
1448909221676
1448909221725
1448909221769
1448909221817
1448909221868
1448909221914
1448909221965
1448909222011
1448909222058
1448909222103
1448909222148
1448909222192
1448909222236
1448909222289
1448909222333
1448909222382
1448909222443
1448909222487
1448909222531
1448909222574
1448909222618