1448907343002
1448907343286
1448907343330
1448907343384
1448907343436
1448907343485
1448907343528
1448907343579
1448907343625
1448907343675
1448907343725
1448907343771
1448907343815
1448907343860
1448907343910
1448907343960
1448907344007
1448907344052
1448907344102
1448907344148
1448907344195
1448907344248
1448907344291
1448907344340
1448907344394
1448907344440
1448907344489
1448907344534
1448907344579
1448907344630
1448907344676
1448907344723
1448907344769
1448907344815
1448907344860
1448907344915
1448907344962
1448907345007
1448907345051
1448907345097
1448907345140
1448907345197
1448907345245
1448907345295
1448907345346
1448907345391
1448907345436
1448907345484
1448907345530
1448907345579
1448907345626
1448907345671
1448907345724
1448907345771
1448907345825
1448907345870
1448907345911
1448907345957
1448907346008
1448907346063
1448907346113
1448907346154
1448907346198
1448907346248
1448907346292
1448907346338
1448907346390
1448907346447
1448907346489
1448907346540
1448907346587
1448907346638
1448907346685
1448907346732
1448907346785
1448907346835
1448907346882
1448907346932
1448907346986
1448907347035
1448907347076
1448907347119
1448907347165
1448907347218
1448907347265
1448907347318
1448907347365
1448907347406
1448907347451
1448907347501
1448907347547
1448907347591
1448907347642
1448907347688
1448907347739
1448907347787
1448907347831
1448907347876
1448907347922
1448907347966
1448907348015
1448907348062
1448907348107
1448907348157
1448907348206
1448907348264
1448907348305
1448907348355
1448907348400
1448907348450
1448907348495
1448907348546
1448907348591
1448907348636
1448907348681
1448907348726
1448907348772
1448907348820
1448907348862
1448907348917
1448907348967
1448907349012
1448907349057
1448907349100
1448907349144
1448907349188
1448907349245
1448907349290
1448907349337
1448907349381
1448907349437
1448907349483
1448907349526
1448907349572
1448907349627
1448907349674
1448907349725
1448907349773
1448907349818
1448907349863
1448907349907
1448907349951
1448907349996
1448907350049
1448907350094
1448907350143
1448907350187
1448907350236
1448907350283
1448907350335
1448907350382
1448907350431
1448907350477
1448907350523
1448907350567
1448907350615
1448907350659
1448907350705
1448907350753
1448907350799
1448907350852
1448907350893
1448907350945
1448907350991
1448907351041
1448907351086
1448907351131
1448907351179
1448907351228
1448907351276
1448907351326
1448907351371
1448907351416
1448907351460
1448907351505
1448907351550
1448907351595
1448907351647
1448907351692
1448907351751
1448907351796
1448907351842
1448907351889
1448907351935
1448907351991
1448907352049
1448907352093
1448907352143
1448907352188
1448907352239
1448907352290
1448907352335
1448907352380
1448907352433
1448907352498
1448907352541
1448907352588
1448907352630
1448907352676
1448907352723
1448907352768
1448907352814
1448907352864
1448907352915
1448907352965
1448907353010
1448907353056
1448907353101
1448907353147
1448907353197
1448907353248
1448907353298
1448907353339
1448907353390
1448907353435
1448907353484
1448907353529
1448907353575
1448907353621
1448907353671
1448907353717
1448907353767
1448907353813
1448907353858
1448907353914
1448907353958
1448907354003
1448907354052
1448907354104
1448907354155
1448907354200
1448907354243
1448907354289
1448907354333
1448907354379
1448907354423
1448907354473
1448907354521
1448907354571
1448907354637
1448907354682
1448907354726
1448907354772
1448907354817
1448907354866
1448907354913
1448907354963
1448907355008
1448907355053
1448907355098
1448907355146
1448907355200
1448907355246
1448907355298
1448907355360
1448907355413
1448907355459
1448907355510
1448907355550
1448907355594
1448907355641
1448907355693
1448907355750
1448907355807
1448907355849
1448907355891
1448907355935
1448907355978
1448907356024
1448907356081
1448907356133
1448907356183
1448907356229
1448907356277
1448907356322
1448907356371
1448907356416
1448907356462
1448907356511
1448907356558
1448907356607
1448907356651
1448907356697
1448907356742
1448907356793
1448907356839
1448907356885
1448907356942
1448907356993
1448907357040
1448907357096
1448907357138
1448907357180
1448907357227
1448907357271
1448907357319
1448907357367
1448907357418
1448907357465
1448907357528
1448907357573
1448907357617
1448907357663
1448907357707
1448907357757
1448907357806
1448907357854
1448907357901
1448907357948
1448907357992
1448907358035
1448907358085
1448907358135
1448907358186
1448907358257
1448907358301
1448907358346
1448907358392
1448907358438
1448907358491
1448907358534
1448907358589
1448907358633
1448907358684
1448907358731
1448907358778
1448907358825
1448907358871
1448907358917
1448907358973
1448907359026
1448907359072
1448907359116
1448907359160
1448907359205
1448907359255
1448907359301
1448907359346
1448907359402
1448907359447
1448907359492
1448907359539
1448907359581
1448907359624
1448907359668
1448907359718
1448907359767
1448907359823
1448907359868
1448907359913
1448907359957
1448907360003
1448907360057
1448907360099
1448907360142
1448907360200
1448907360248
1448907360296
1448907360340
1448907360402
1448907360444
1448907360488
1448907360532
1448907360585
1448907360634
1448907360679
1448907360724
1448907360772
1448907360813
1448907360855
1448907360895
1448907360944
1448907360997
1448907361042
1448907361085
1448907361130
1448907361192
1448907361237
1448907361281
1448907361326
1448907361380
1448907361426
1448907361470
1448907361526
1448907361565
1448907361608
1448907361652
1448907361697
1448907361744
1448907361796
1448907361839
1448907361883
1448907361938
1448907361984
1448907362026
1448907362074
1448907362120
1448907362176
1448907362219
1448907362276
1448907362318
1448907362361
1448907362407
1448907362450
1448907362495
1448907362541
1448907362591
1448907362638
1448907362686
1448907362734
1448907362781
1448907362824
1448907362869
1448907362913
1448907362972
1448907363014
1448907363056
1448907363098
1448907363144
1448907363195
1448907363242
1448907363294
1448907363341
1448907363390
1448907363446
1448907363490
1448907363533
1448907363576
1448907363618
1448907363660
1448907363706
1448907363766
1448907363813
1448907363856
1448907363901
1448907363945
1448907363992
1448907364040
1448907364089
1448907364140
1448907364184
1448907364254
1448907364303
1448907364352
1448907364399
1448907364445
1448907364491
1448907364545
1448907364594
1448907364642
1448907364689
1448907364735
1448907364782
1448907364825
1448907364870
1448907364918
1448907364972
1448907365026
1448907365070
1448907365112
1448907365157
1448907365203
1448907365249
1448907365296
1448907365348
1448907365400
1448907365449
1448907365497
1448907365540
1448907365585
1448907365629
1448907365674
1448907365723
1448907365784
1448907365832
1448907365873
1448907365916
1448907365957
1448907365998
1448907366042
1448907366083
1448907366130
1448907366178
1448907366219
1448907366260
1448907366302
1448907366344
1448907366385
1448907366428
1448907366483
1448907366540
1448907366592
1448907366638
1448907366682
1448907366727
1448907366772
1448907366817
1448907366862
1448907366911
1448907366962
1448907367007
1448907367063
1448907367106
1448907367153
1448907367199
1448907367255
1448907367304
1448907367355
1448907367402
1448907367450
1448907367492
1448907367553
1448907367604
1448907367646
1448907367684
1448907367743
1448907367788
1448907367833
1448907367875
1448907367920
1448907367964
1448907368007
1448907368071
1448907368121
1448907368171
1448907368217
1448907368261
1448907368311
1448907368355
1448907368401
1448907368445
1448907368491
1448907368544
1448907368591
1448907368636
1448907368682
1448907368726
1448907368771
1448907368818
1448907368866
1448907368912
1448907368963
1448907369004
1448907369048
1448907369090
1448907369135
1448907369181
1448907369226
1448907369272
1448907369325
1448907369371
1448907369421
1448907369466
1448907369510
1448907369578
1448907369622
1448907369667
1448907369713
1448907369763
1448907369805
1448907369849
1448907369891
1448907369935
1448907369981
1448907370025
1448907370072
1448907370119
1448907370163
1448907370215
1448907370260
1448907370311
1448907370359
1448907370405
1448907370453
1448907370499
1448907370561
1448907370605
1448907370648
1448907370694
1448907370746
1448907370804
1448907370845
1448907370893
1448907370946
1448907370990
1448907371031
1448907371089
1448907371150
1448907371193
1448907371240
1448907371285
1448907371331
1448907371382
1448907371440
1448907371494
1448907371547
1448907371597
1448907371639
1448907371688
1448907371735
1448907371785
1448907371827
1448907371871
1448907371918
1448907371962
1448907372004
1448907372052
1448907372094
1448907372142
1448907372186
1448907372232
1448907372279
1448907372331
1448907372378
1448907372420
1448907372467
1448907372511
1448907372561
1448907372615
1448907372659
1448907372705
1448907372749
1448907372795
1448907372848
1448907372893
1448907372940
1448907372985
1448907373027
1448907373071
1448907373113
1448907373157
1448907373199
1448907373248
1448907373291
1448907373341
1448907373391
1448907373436
1448907373478
1448907373521
1448907373568
1448907373618
1448907373660
1448907373710
1448907373755
1448907373800
1448907373842
1448907373886
1448907373933
1448907373977
1448907374024
1448907374068
1448907374127
1448907374170
1448907374212
1448907374255
1448907374299
1448907374344
1448907374392
1448907374436
1448907374491
1448907374538
1448907374584
1448907374630
1448907374675
1448907374721
1448907374771
1448907374815
1448907374865
1448907374914
1448907374957
1448907375000
1448907375048
1448907375092
1448907375135
1448907375183
1448907375234
1448907375283
1448907375329
1448907375375
1448907375419
1448907375462
1448907375506
1448907375557
1448907375632
1448907375671
1448907375720
1448907375767
1448907375811
1448907375854
1448907375899
1448907375945
1448907375995
1448907376039
1448907376087
1448907376137
1448907376187
1448907376233
1448907376281
1448907376333
1448907376379
1448907376424
1448907376469
1448907376521
1448907376567
1448907376618
1448907376661
1448907376704
1448907376752
1448907376801
1448907376845
1448907376906
1448907376951
1448907376990
1448907377045
1448907377089
1448907377132
1448907377181
1448907377224
1448907377272
1448907377328
1448907377369
1448907377415
1448907377457
1448907377503
1448907377549
1448907377599
1448907377646
1448907377698
1448907377750
1448907377796
1448907377842
1448907377892
1448907377938
1448907377986
1448907378031
1448907378081
1448907378129
1448907378174
1448907378220
1448907378265
1448907378310
1448907378354
1448907378403
1448907378456
1448907378506
1448907378549
1448907378593
1448907378636
1448907378680
1448907378724
1448907378773
1448907378817
1448907378865
1448907378910
1448907378954
1448907379003
1448907379047
1448907379091
1448907379157
1448907379200
1448907379243
1448907379293
1448907379337
1448907379382
1448907379426
1448907379470
1448907379513
1448907379566
1448907379619
1448907379666
1448907379711
1448907379756
1448907379802
1448907379852
1448907379898
1448907379948
1448907379994
1448907380036
1448907380087
1448907380138
1448907380183
1448907380232
1448907380278
1448907380324
1448907380374
1448907380419
1448907380467
1448907380513
1448907380561
1448907380605
1448907380649
1448907380696
1448907380751
1448907380801
1448907380850
1448907380897
1448907380941
1448907380985
1448907381029
1448907381074
1448907381117
1448907381167
1448907381211
1448907381274
1448907381327
1448907381369
1448907381412
1448907381458
1448907381504
1448907381554
1448907381599
1448907381645
1448907381697
1448907381743
1448907381789
1448907381839
1448907381885
1448907381938
1448907382002
1448907382047
1448907382095
1448907382142
1448907382188
1448907382233
1448907382279
1448907382333
1448907382379
1448907382425
1448907382469
1448907382520
1448907382564
1448907382618
1448907382664
1448907382719
1448907382768
1448907382811
1448907382855
1448907382904
1448907382951
1448907383001
1448907383047
1448907383094
1448907383144
1448907383188
1448907383231
1448907383276
1448907383329
1448907383375
1448907383425
1448907383469
1448907383512
1448907383565
1448907383609
1448907383653
1448907383701
1448907383747
1448907383791
1448907383834
1448907383878
1448907383927
1448907383971
1448907384015
1448907384059
1448907384133
1448907384177
1448907384221
1448907384265
1448907384310
1448907384358
1448907384402
1448907384446
1448907384496
1448907384540
1448907384584
1448907384629
1448907384677
1448907384726
1448907384770
1448907384819
1448907384867
1448907384912
1448907384956
1448907384999
1448907385043
1448907385087
1448907385136
1448907385181
1448907385230
1448907385280
1448907385325
1448907385371
1448907385417
1448907385463
1448907385524
1448907385570
1448907385616
1448907385672
1448907385716
1448907385761
1448907385811
1448907385854
1448907385901
1448907385944
1448907385989
1448907386033
1448907386083
1448907386129
1448907386173
1448907386239
1448907386283
1448907386341
1448907386393
1448907386435
1448907386481
1448907386528
1448907386574
1448907386620
1448907386665
1448907386716
1448907386762
1448907386809
1448907386851
1448907386898
1448907386951
1448907386993
1448907387037
1448907387080
1448907387129
1448907387173
1448907387217
1448907387266
1448907387318
1448907387362
1448907387403
1448907387447
1448907387500
1448907387544
1448907387587
1448907387652
1448907387702
1448907387746
1448907387789
1448907387833
1448907387881
1448907387924
1448907387968
1448907388012
1448907388065
1448907388110
1448907388154
1448907388197
1448907388242
1448907388291
1448907388342
1448907388395
1448907388442
1448907388496
1448907388540
1448907388588
1448907388639
1448907388701
1448907388742
1448907388787
1448907388835
1448907388883
1448907388926
1448907388972
1448907389016
1448907389072
1448907389121
1448907389164
1448907389212
1448907389260
1448907389307
1448907389351
1448907389395
1448907389439
1448907389488
1448907389532
1448907389575
1448907389619
1448907389669
1448907389713
1448907389774
1448907389818
1448907389866
1448907389909
1448907389953
1448907389997
1448907390045
1448907390091
1448907390134
1448907390178
1448907390226
1448907390275
1448907390324
1448907390372
1448907390417
1448907390480
1448907390524
1448907390567