1448907473065
1448907473324
1448907473380
1448907473424
1448907473468
1448907473517
1448907473561
1448907473605
1448907473650
1448907473693
1448907473737
1448907473791
1448907473840
1448907473889
1448907473933
1448907473976
1448907474020
1448907474064
1448907474107
1448907474156
1448907474202
1448907474246
1448907474295
1448907474345
1448907474390
1448907474432
1448907474478
1448907474536
1448907474588
1448907474627
1448907474674
1448907474718
1448907474762
1448907474806
1448907474850
1448907474898
1448907474951
1448907474998
1448907475043
1448907475091
1448907475135
1448907475178
1448907475225
1448907475273
1448907475317
1448907475367
1448907475411
1448907475463
1448907475507
1448907475551
1448907475595
1448907475639
1448907475683
1448907475740
1448907475785
1448907475830
1448907475884
1448907475928
1448907475977
1448907476025
1448907476068
1448907476112
1448907476164
1448907476209
1448907476257
1448907476301
1448907476345
1448907476389
1448907476433
1448907476477
1448907476527
1448907476577
1448907476621
1448907476675
1448907476719
1448907476763
1448907476806
1448907476850
1448907476894
1448907476944
1448907476988
1448907477037
1448907477081
1448907477129
1448907477173
1448907477217
1448907477261
1448907477310
1448907477361
1448907477405
1448907477458
1448907477504
1448907477558
1448907477600
1448907477646
1448907477696
1448907477746
1448907477791
1448907477839
1448907477884
1448907477928
1448907477972
1448907478017
1448907478066
1448907478114
1448907478159
1448907478203
1448907478256
1448907478300
1448907478346
1448907478390
1448907478434
1448907478479
1448907478529
1448907478574
1448907478623
1448907478667
1448907478712
1448907478761
1448907478809
1448907478854
1448907478905
1448907478952
1448907478999
1448907479050
1448907479093
1448907479138
1448907479183
1448907479241
1448907479282
1448907479332
1448907479379
1448907479428
1448907479478
1448907479521
1448907479565
1448907479609
1448907479652
1448907479703
1448907479748
1448907479792
1448907479841
1448907479885
1448907479933
1448907479977
1448907480033
1448907480076
1448907480125
1448907480176
1448907480228
1448907480274
1448907480319
1448907480365
1448907480409
1448907480453
1448907480505
1448907480559
1448907480600
1448907480646
1448907480692
1448907480740
1448907480789
1448907480834
1448907480888
1448907480937
1448907480982
1448907481032
1448907481081
1448907481124
1448907481169
1448907481215
1448907481260
1448907481310
1448907481357
1448907481408
1448907481452
1448907481496
1448907481539
1448907481588
1448907481635
1448907481679
1448907481728
1448907481772
1448907481821
1448907481865
1448907481909
1448907481953
1448907481997
1448907482041
1448907482090
1448907482135
1448907482188
1448907482232
1448907482299
1448907482342
1448907482387
1448907482431
1448907482480
1448907482526
1448907482575
1448907482619
1448907482663
1448907482706
1448907482755
1448907482798
1448907482842
1448907482892
1448907482937
1448907482990
1448907483034
1448907483078
1448907483122
1448907483166
1448907483210
1448907483258
1448907483308
1448907483357
1448907483403
1448907483450
1448907483496
1448907483543
1448907483595
1448907483637
1448907483699
1448907483744
1448907483795
1448907483839
1448907483887
1448907483931
1448907483975
1448907484019
1448907484068
1448907484114
1448907484163
1448907484207
1448907484251
1448907484295
1448907484339
1448907484388
1448907484436
1448907484486
1448907484543
1448907484600
1448907484646
1448907484691
1448907484737
1448907484782
1448907484828
1448907484878
1448907484927
1448907484980
1448907485034
1448907485088
1448907485129
1448907485173
1448907485221
1448907485265
1448907485314
1448907485363
1448907485407
1448907485452
1448907485496
1448907485540
1448907485588
1448907485632
1448907485681
1448907485728
1448907485799
1448907485847
1448907485887
1448907485929
1448907485973
1448907486018
1448907486062
1448907486114
1448907486169
1448907486214
1448907486258
1448907486302
1448907486345
1448907486390
1448907486434
1448907486502
1448907486552
1448907486608
1448907486651
1448907486696
1448907486747
1448907486792
1448907486838
1448907486884
1448907486945
1448907487009
1448907487069
1448907487130
1448907487178
1448907487222
1448907487272
1448907487316
1448907487370
1448907487419
1448907487463
1448907487507
1448907487551
1448907487595
1448907487639
1448907487683
1448907487728
1448907487777
1448907487825
1448907487870
1448907487918
1448907487974
1448907488017
1448907488060
1448907488104
1448907488154
1448907488203
1448907488247
1448907488292
1448907488336
1448907488381
1448907488427
1448907488477
1448907488527
1448907488576
1448907488621
1448907488684
1448907488728
1448907488772
1448907488816
1448907488862
1448907488907
1448907488959
1448907489010
1448907489060
1448907489113
1448907489154
1448907489196
1448907489240
1448907489284
1448907489334
1448907489389
1448907489433
1448907489477
1448907489520
1448907489569
1448907489632
1448907489674
1448907489718
1448907489771
1448907489821
1448907489867
1448907489913
1448907489959
1448907490005
1448907490050
1448907490107
1448907490155
1448907490219
1448907490263
1448907490307
1448907490351
1448907490397
1448907490444
1448907490488
1448907490532
1448907490587
1448907490631
1448907490675
1448907490720
1448907490773
1448907490836
1448907490877
1448907490919
1448907490969
1448907491020
1448907491065
1448907491109
1448907491153
1448907491197
1448907491242
1448907491286
1448907491335
1448907491391
1448907491435
1448907491479
1448907491527
1448907491572
1448907491615
1448907491660
1448907491704
1448907491757
1448907491803
1448907491850
1448907491899
1448907491949
1448907491998
1448907492045
1448907492088
1448907492135
1448907492190
1448907492246
1448907492290
1448907492333
1448907492377
1448907492422
1448907492471
1448907492514
1448907492570
1448907492623
1448907492667
1448907492709
1448907492751
1448907492794
1448907492840
1448907492885
1448907492959
1448907493007
1448907493055
1448907493099
1448907493143
1448907493187
1448907493231
1448907493275
1448907493320
1448907493380
1448907493427
1448907493469
1448907493513
1448907493558
1448907493606
1448907493663
1448907493707
1448907493759
1448907493805
1448907493848
1448907493895
1448907493939
1448907493982
1448907494026
1448907494070
1448907494116
1448907494175
1448907494220
1448907494263
1448907494308
1448907494357
1448907494407
1448907494449
1448907494493
1448907494546
1448907494591
1448907494636
1448907494681
1448907494729
1448907494775
1448907494820
1448907494866
1448907494912
1448907494969
1448907495014
1448907495079
1448907495123
1448907495167
1448907495213
1448907495257
1448907495306
1448907495359
1448907495405
1448907495449
1448907495493
1448907495538
1448907495582
1448907495632
1448907495681
1448907495729
1448907495792
1448907495838
1448907495885
1448907495932
1448907495977
1448907496022
1448907496066
1448907496110
1448907496164
1448907496211
1448907496255
1448907496299
1448907496344
1448907496392
1448907496443
1448907496510
1448907496549
1448907496594
1448907496637
1448907496678
1448907496717
1448907496754
1448907496793
1448907496829
1448907496866
1448907496906
1448907496949
1448907496988
1448907497028
1448907497072
1448907497120
1448907497161
1448907497199
1448907497240
1448907497280
1448907497319
1448907497358
1448907497406
1448907497449
1448907497486
1448907497524
1448907497564
1448907497607
1448907497653
1448907497692
1448907497762
1448907497806
1448907497850
1448907497894
1448907497938
1448907497987
1448907498036
1448907498087
1448907498131
1448907498174
1448907498219
1448907498263
1448907498307
1448907498352
1448907498397
1448907498455
1448907498500
1448907498548
1448907498594
1448907498638
1448907498690
1448907498744
1448907498787
1448907498834
1448907498887
1448907498931
1448907498975
1448907499020
1448907499066
1448907499114
1448907499178
1448907499226
1448907499275
1448907499321
1448907499364
1448907499410
1448907499456
1448907499502
1448907499547
1448907499593
1448907499642
1448907499695
1448907499740
1448907499783
1448907499828
1448907499877
1448907499921
1448907499965
1448907500013
1448907500061
1448907500107
1448907500151
1448907500195
1448907500245
1448907500289
1448907500334
1448907500378
1448907500427
1448907500476
1448907500520
1448907500575
1448907500622
1448907500667
1448907500711
1448907500762
1448907500818
1448907500870
1448907500913
1448907500959
1448907501004
1448907501050
1448907501095
1448907501141
1448907501187
1448907501237
1448907501308
1448907501351
1448907501399
1448907501443
1448907501487
1448907501531
1448907501574
1448907501623
1448907501683
1448907501725
1448907501768
1448907501812
1448907501856
1448907501900
1448907501951
1448907502006
1448907502056
1448907502103
1448907502148
1448907502194
1448907502239
1448907502285
1448907502329
1448907502373
1448907502423
1448907502473
1448907502522
1448907502566
1448907502610
1448907502654
1448907502719
1448907502763
1448907502811
1448907502859
1448907502906
1448907502949
1448907502994
1448907503038
1448907503087
1448907503131
1448907503180
1448907503224
1448907503274
1448907503318
1448907503362
1448907503412
1448907503456
1448907503499
1448907503543
1448907503591
1448907503644
1448907503689
1448907503734
1448907503779
1448907503824
1448907503870
1448907503916
1448907503966
1448907504012
1448907504065
1448907504131
1448907504175
1448907504225
1448907504270
1448907504316
1448907504366
1448907504412
1448907504462
1448907504517
1448907504563
1448907504605
1448907504649
1448907504703
1448907504748
1448907504801
1448907504849
1448907504901
1448907504946
1448907504990
1448907505033
1448907505077
1448907505121
1448907505170
1448907505216
1448907505265
1448907505312
1448907505361
1448907505412
1448907505457
1448907505499
1448907505552
1448907505602
1448907505647
1448907505699
1448907505749
1448907505794
1448907505841
1448907505884
1448907505930
1448907505979
1448907506022
1448907506072
1448907506119
1448907506164
1448907506210
1448907506276
1448907506320
1448907506369
1448907506423
1448907506471
1448907506518
1448907506560
1448907506604
1448907506647
1448907506691
1448907506737
1448907506786
1448907506831
1448907506882
1448907506933
1448907506984
1448907507026
1448907507071
1448907507115
1448907507166
1448907507211
1448907507261
1448907507309
1448907507354
1448907507400
1448907507445
1448907507491
1448907507540
1448907507590
1448907507641
1448907507719
1448907507761
1448907507805
1448907507850
1448907507895
1448907507938
1448907507988
1448907508032
1448907508080
1448907508126
1448907508170
1448907508218
1448907508262
1448907508306
1448907508350
1448907508403
1448907508447
1448907508497
1448907508545
1448907508586
1448907508628
1448907508673
1448907508716
1448907508770
1448907508814
1448907508865
1448907508908
1448907508949
1448907508993
1448907509037
1448907509093
1448907509141
1448907509185
1448907509228
1448907509278
1448907509326
1448907509370
1448907509414
1448907509458
1448907509508
1448907509556
1448907509598
1448907509646
1448907509691
1448907509733
1448907509798
1448907509843
1448907509891
1448907509940
1448907509984
1448907510027
1448907510077
1448907510121
1448907510165
1448907510215
1448907510259
1448907510303
1448907510352
1448907510396
1448907510451
1448907510503
1448907510548
1448907510594
1448907510639
1448907510684
1448907510744
1448907510791
1448907510835
1448907510885
1448907510930
1448907510979
1448907511027
1448907511072
1448907511116
1448907511164
1448907511220
1448907511269
1448907511313
1448907511357
1448907511400
1448907511444
1448907511488
1448907511538
1448907511587
1448907511637
1448907511683
1448907511728
1448907511772
1448907511818
1448907511862
1448907511931
1448907511975
1448907512022
1448907512072
1448907512117
1448907512167
1448907512211
1448907512255
1448907512299
1448907512348
1448907512392
1448907512441
1448907512486
1448907512530
1448907512575
1448907512626
1448907512671
1448907512725
1448907512771
1448907512816
1448907512867
1448907512912
1448907512956
1448907513001
1448907513045
1448907513095
1448907513138
1448907513182
1448907513230
1448907513280
1448907513344
1448907513388
1448907513431
1448907513475
1448907513524
1448907513569
1448907513613
1448907513663
1448907513707
1448907513759
1448907513802
1448907513848
1448907513894
1448907513940
1448907513985
1448907514041
1448907514089
1448907514134
1448907514180
1448907514225
1448907514270
1448907514321
1448907514366
1448907514418
1448907514468
1448907514512
1448907514557
1448907514601
1448907514645
1448907514693
1448907514748
1448907514792
1448907514840
1448907514886
1448907514930
1448907514978
1448907515022
1448907515066
1448907515116
1448907515160
1448907515208
1448907515258
1448907515302
1448907515346
1448907515390
1448907515464
1448907515513
1448907515560
1448907515604
1448907515654
1448907515699
1448907515746
1448907515791
1448907515844
1448907515890
1448907515935
1448907515979
1448907516028
1448907516073
1448907516121
1448907516170
1448907516217
1448907516261
1448907516309
1448907516352
1448907516396
1448907516447
1448907516491
1448907516535
1448907516579
1448907516629
1448907516684
1448907516728
1448907516780
1448907516827
1448907516888
1448907516933
1448907516979
1448907517025
1448907517075
1448907517121
1448907517167
1448907517213
1448907517269
1448907517315
1448907517361
1448907517405
1448907517450
1448907517501
1448907517546
1448907517597
1448907517647
1448907517694
1448907517739
1448907517783
1448907517831
1448907517883
1448907517928
1448907517973
1448907518019
1448907518071
1448907518116
1448907518165
1448907518209
1448907518255
1448907518331
1448907518373
1448907518420
1448907518468
1448907518515
1448907518559
1448907518603
1448907518652
1448907518700
1448907518746
1448907518793
1448907518839
1448907518892
1448907518939
1448907518995
1448907519040
1448907519092
1448907519139
1448907519184
1448907519230
1448907519280
1448907519328
1448907519372
1448907519416
1448907519461
1448907519509
1448907519557
1448907519600
1448907519644
1448907519694
1448907519743
1448907519795
1448907519837
1448907519885
1448907519930
1448907519976
1448907520021
1448907520072
1448907520122
1448907520164
1448907520211
1448907520258
1448907520308
1448907520354