1448907193523
1448907193771
1448907193815
1448907193859
1448907193902
1448907193953
1448907193997
1448907194040
1448907194103
1448907194145
1448907194188
1448907194237
1448907194281
1448907194330
1448907194376
1448907194420
1448907194469
1448907194513
1448907194557
1448907194600
1448907194644
1448907194688
1448907194743
1448907194790
1448907194834
1448907194882
1448907194925
1448907194969
1448907195013
1448907195068
1448907195117
1448907195160
1448907195208
1448907195265
1448907195309
1448907195360
1448907195412
1448907195457
1448907195502
1448907195554
1448907195599
1448907195643
1448907195692
1448907195740
1448907195783
1448907195826
1448907195870
1448907195925
1448907195970
1448907196011
1448907196066
1448907196110
1448907196153
1448907196197
1448907196242
1448907196286
1448907196337
1448907196380
1448907196425
1448907196478
1448907196522
1448907196565
1448907196609
1448907196653
1448907196706
1448907196756
1448907196799
1448907196848
1448907196891
1448907196935
1448907196980
1448907197028
1448907197081
1448907197130
1448907197184
1448907197247
1448907197305
1448907197359
1448907197410
1448907197454
1448907197498
1448907197546
1448907197591
1448907197639
1448907197687
1448907197731
1448907197775
1448907197819
1448907197863
1448907197906
1448907197956
1448907198000
1448907198054
1448907198105
1448907198147
1448907198192
1448907198241
1448907198289
1448907198336
1448907198382
1448907198428
1448907198478
1448907198524
1448907198569
1448907198615
1448907198660
1448907198711
1448907198765
1448907198808
1448907198856
1448907198900
1448907198944
1448907198987
1448907199031
1448907199081
1448907199130
1448907199176
1448907199222
1448907199273
1448907199324
1448907199374
1448907199417
1448907199461
1448907199505
1448907199555
1448907199599
1448907199648
1448907199691
1448907199735
1448907199779
1448907199823
1448907199871
1448907199919
1448907199965
1448907200019
1448907200062
1448907200107
1448907200151
1448907200201
1448907200247
1448907200293
1448907200364
1448907200410
1448907200465
1448907200512
1448907200559
1448907200606
1448907200658
1448907200708
1448907200762
1448907200807
1448907200856
1448907200899
1448907200946
1448907200993
1448907201042
1448907201085
1448907201134
1448907201180
1448907201225
1448907201281
1448907201340
1448907201383
1448907201426
1448907201471
1448907201517
1448907201570
1448907201621
1448907201671
1448907201717
1448907201762
1448907201808
1448907201853
1448907201898
1448907201946
1448907201993
1448907202049
1448907202094
1448907202139
1448907202189
1448907202239
1448907202280
1448907202324
1448907202381
1448907202424
1448907202474
1448907202518
1448907202561
1448907202605
1448907202648
1448907202693
1448907202772
1448907202820
1448907202868
1448907202911
1448907202955
1448907203001
1448907203043
1448907203091
1448907203138
1448907203188
1448907203234
1448907203278
1448907203326
1448907203370
1448907203415
1448907203466
1448907203510
1448907203558
1448907203603
1448907203651
1448907203695
1448907203739
1448907203782
1448907203826
1448907203874
1448907203918
1448907203968
1448907204017
1448907204061
1448907204106
1448907204156
1448907204201
1448907204244
1448907204295
1448907204342
1448907204387
1448907204442
1448907204488
1448907204534
1448907204579
1448907204625
1448907204671
1448907204717
1448907204769
1448907204824
1448907204887
1448907204932
1448907204977
1448907205027
1448907205076
1448907205123
1448907205168
1448907205223
1448907205266
1448907205310
1448907205355
1448907205399
1448907205442
1448907205486
1448907205532
1448907205597
1448907205645
1448907205688
1448907205739
1448907205788
1448907205838
1448907205881
1448907205925
1448907205973
1448907206024
1448907206068
1448907206113
1448907206161
1448907206203
1448907206248
1448907206306
1448907206354
1448907206399
1448907206448
1448907206493
1448907206539
1448907206585
1448907206633
1448907206678
1448907206728
1448907206780
1448907206831
1448907206875
1448907206919
1448907206963
1448907207012
1448907207055
1448907207098
1448907207147
1448907207192
1448907207244
1448907207298
1448907207346
1448907207387
1448907207431
1448907207476
1448907207521
1448907207571
1448907207620
1448907207664
1448907207719
1448907207763
1448907207806
1448907207854
1448907207898
1448907207946
1448907207996
1448907208040
1448907208086
1448907208130
1448907208174
1448907208219
1448907208262
1448907208306
1448907208356
1448907208427
1448907208471
1448907208515
1448907208558
1448907208602
1448907208647
1448907208690
1448907208739
1448907208789
1448907208834
1448907208880
1448907208925
1448907208975
1448907209021
1448907209067
1448907209125
1448907209182
1448907209227
1448907209272
1448907209317
1448907209361
1448907209405
1448907209450
1448907209494
1448907209547
1448907209598
1448907209643
1448907209687
1448907209731
1448907209776
1448907209825
1448907209868
1448907209911
1448907209966
1448907210010
1448907210053
1448907210102
1448907210147
1448907210195
1448907210242
1448907210287
1448907210344
1448907210395
1448907210440
1448907210486
1448907210543
1448907210587
1448907210633
1448907210680
1448907210726
1448907210778
1448907210820
1448907210860
1448907210901
1448907210945
1448907210989
1448907211033
1448907211076
1448907211126
1448907211177
1448907211245
1448907211289
1448907211332
1448907211376
1448907211420
1448907211463
1448907211521
1448907211569
1448907211615
1448907211656
1448907211700
1448907211743
1448907211791
1448907211836
1448907211881
1448907211950
1448907211999
1448907212047
1448907212090
1448907212135
1448907212180
1448907212226
1448907212272
1448907212321
1448907212378
1448907212424
1448907212470
1448907212515
1448907212559
1448907212603
1448907212652
1448907212695
1448907212750
1448907212793
1448907212836
1448907212880
1448907212929
1448907212975
1448907213023
1448907213068
1448907213124
1448907213174
1448907213218
1448907213264
1448907213310
1448907213381
1448907213424
1448907213468
1448907213518
1448907213574
1448907213620
1448907213665
1448907213711
1448907213758
1448907213802
1448907213845
1448907213889
1448907213941
1448907213986
1448907214030
1448907214083
1448907214132
1448907214174
1448907214217
1448907214263
1448907214310
1448907214367
1448907214413
1448907214458
1448907214504
1448907214549
1448907214594
1448907214644
1448907214690
1448907214743
1448907214802
1448907214848
1448907214893
1448907214938
1448907214982
1448907215026
1448907215070
1448907215122
1448907215176
1448907215228
1448907215274
1448907215320
1448907215366
1448907215412
1448907215458
1448907215532
1448907215588
1448907215632
1448907215677
1448907215727
1448907215774
1448907215820
1448907215860
1448907215904
1448907215952
1448907216002
1448907216049
1448907216095
1448907216141
1448907216187
1448907216237
1448907216282
1448907216326
1448907216392
1448907216435
1448907216477
1448907216521
1448907216566
1448907216612
1448907216658
1448907216703
1448907216753
1448907216803
1448907216847
1448907216891
1448907216952
1448907216996
1448907217039
1448907217083
1448907217132
1448907217181
1448907217225
1448907217269
1448907217313
1448907217357
1448907217401
1448907217444
1448907217494
1448907217548
1448907217595
1448907217646
1448907217691
1448907217736
1448907217782
1448907217828
1448907217873
1448907217922
1448907217972
1448907218016
1448907218064
1448907218109
1448907218152
1448907218196
1448907218239
1448907218284
1448907218363
1448907218408
1448907218451
1448907218495
1448907218538
1448907218582
1448907218630
1448907218674
1448907218723
1448907218773
1448907218816
1448907218860
1448907218905
1448907218949
1448907218993
1448907219042
1448907219090
1448907219139
1448907219188
1448907219234
1448907219279
1448907219325
1448907219373
1448907219420
1448907219464
1448907219513
1448907219565
1448907219611
1448907219656
1448907219702
1448907219757
1448907219802
1448907219847
1448907219897
1448907219947
1448907219992
1448907220034
1448907220080
1448907220125
1448907220169
1448907220215
1448907220259
1448907220311
1448907220362
1448907220406
1448907220470
1448907220514
1448907220557
1448907220601
1448907220644
1448907220699
1448907220754
1448907220797
1448907220841
1448907220887
1448907220930
1448907220977
1448907221023
1448907221069
1448907221119
1448907221175
1448907221222
1448907221268
1448907221312
1448907221357
1448907221400
1448907221448
1448907221498
1448907221548
1448907221595
1448907221641
1448907221687
1448907221732
1448907221778
1448907221822
1448907221882
1448907221926
1448907221975
1448907222023
1448907222067
1448907222112
1448907222158
1448907222209
1448907222258
1448907222315
1448907222365
1448907222417
1448907222468
1448907222515
1448907222556
1448907222623
1448907222666
1448907222715
1448907222766
1448907222813
1448907222858
1448907222902
1448907222946
1448907222990
1448907223034
1448907223080
1448907223130
1448907223186
1448907223232
1448907223278
1448907223328
1448907223374
1448907223420
1448907223465
1448907223516
1448907223566
1448907223612
1448907223656
1448907223700
1448907223748
1448907223792
1448907223836
1448907223884
1448907223928
1448907223978
1448907224043
1448907224088
1448907224132
1448907224175
1448907224219
1448907224263
1448907224316
1448907224364
1448907224411
1448907224455
1448907224499
1448907224543
1448907224587
1448907224631
1448907224680
1448907224730
1448907224779
1448907224822
1448907224870
1448907224913
1448907224957
1448907225000
1448907225044
1448907225093
1448907225142
1448907225188
1448907225245
1448907225289
1448907225333
1448907225377
1448907225453
1448907225501
1448907225547
1448907225600
1448907225645
1448907225691
1448907225737
1448907225779
1448907225830
1448907225874
1448907225921
1448907225969
1448907226018
1448907226065
1448907226117
1448907226163
1448907226209
1448907226254
1448907226304
1448907226349
1448907226402
1448907226448
1448907226494
1448907226540
1448907226590
1448907226634
1448907226684
1448907226727
1448907226776
1448907226821
1448907226876
1448907226920
1448907226963
1448907227007
1448907227051
1448907227100
1448907227148
1448907227206
1448907227258
1448907227299
1448907227342
1448907227386
1448907227430
1448907227480
1448907227526
1448907227589
1448907227633
1448907227677
1448907227724
1448907227768
1448907227812
1448907227861
1448907227905
1448907227953
1448907227998
1448907228042
1448907228086
1448907228132
1448907228179
1448907228225
1448907228291
1448907228336
1448907228386
1448907228436
1448907228481
1448907228523
1448907228569
1448907228614
1448907228665
1448907228710
1448907228759
1448907228804
1448907228852
1448907228895
1448907228939
1448907229002
1448907229051
1448907229094
1448907229139
1448907229188
1448907229233
1448907229277
1448907229321
1448907229366
1448907229415
1448907229466
1448907229512
1448907229562
1448907229609
1448907229654
1448907229705
1448907229750
1448907229794
1448907229850
1448907229892
1448907229936
1448907229992
1448907230037
1448907230083
1448907230129
1448907230175
1448907230225
1448907230277
1448907230322
1448907230372
1448907230430
1448907230475
1448907230520
1448907230570
1448907230615
1448907230665
1448907230711
1448907230763
1448907230815
1448907230859
1448907230900
1448907230942
1448907230987
1448907231030
1448907231079
1448907231147
1448907231198
1448907231241
1448907231286
1448907231330
1448907231374
1448907231419
1448907231478
1448907231521
1448907231564
1448907231614
1448907231659
1448907231707
1448907231751
1448907231795
1448907231849
1448907231893
1448907231936
1448907231987
1448907232031
1448907232075
1448907232119
1448907232165
1448907232210
1448907232265
1448907232311
1448907232359
1448907232410
1448907232456
1448907232502
1448907232568
1448907232614
1448907232663
1448907232708
1448907232754
1448907232805
1448907232853
1448907232896
1448907232940
1448907232984
1448907233027
1448907233076
1448907233123
1448907233176
1448907233219
1448907233269
1448907233314
1448907233361
1448907233411
1448907233461
1448907233506
1448907233552
1448907233603
1448907233649
1448907233695
1448907233740
1448907233786
1448907233831
1448907233880
1448907233922
1448907233997
1448907234044
1448907234089
1448907234141
1448907234185
1448907234226
1448907234274
1448907234318
1448907234362
1448907234412
1448907234459
1448907234510
1448907234556
1448907234599
1448907234650
1448907234698
1448907234743
1448907234790
1448907234836
1448907234880
1448907234924
1448907234968
1448907235012
1448907235062
1448907235109
1448907235154
1448907235208
1448907235253
1448907235297
1448907235341
1448907235397
1448907235446
1448907235490
1448907235534
1448907235581
1448907235627
1448907235674
1448907235725
1448907235768
1448907235826
1448907235871
1448907235916
1448907235962
1448907236013
1448907236059
1448907236126
1448907236171
1448907236217
1448907236271
1448907236316
1448907236361
1448907236414
1448907236460
1448907236505
1448907236551
1448907236597
1448907236646
1448907236690
1448907236733
1448907236777
1448907236834
1448907236878
1448907236921
1448907236968
1448907237016
1448907237065
1448907237111
1448907237157
1448907237214
1448907237260
1448907237305
1448907237351
1448907237401
1448907237452
1448907237506
1448907237570
1448907237615
1448907237667
1448907237725
1448907237782
1448907237840
1448907237906
1448907237951
1448907237997
1448907238046
1448907238096
1448907238141
1448907238186
1448907238232
1448907238277
1448907238332
1448907238375
1448907238419
1448907238468
1448907238513
1448907238557
1448907238608
1448907238654
1448907238705
1448907238751
1448907238795
1448907238839
1448907238891
1448907238935
1448907238996
1448907239041
1448907239088
1448907239131
1448907239180
1448907239222
1448907239271
1448907239320
1448907239366
1448907239413
1448907239460
1448907239511
1448907239554
1448907239597
1448907239642
1448907239705
1448907239762
1448907239807
1448907239852
1448907239902
1448907239947
1448907239993
1448907240053
1448907240098
1448907240144
1448907240189
1448907240234
1448907240278
1448907240330
1448907240374
1448907240423
1448907240467
1448907240524
1448907240569
1448907240612
1448907240654
1448907240714
1448907240756
1448907240799
1448907240840
1448907240888
1448907240933
1448907240975
1448907241021
1448907241067
1448907241140