1448907009213
1448907009513
1448907009557
1448907009608
1448907009653
1448907009695
1448907009745
1448907009791
1448907009835
1448907009884
1448907009929
1448907009978
1448907010029
1448907010074
1448907010116
1448907010173
1448907010218
1448907010262
1448907010310
1448907010353
1448907010397
1448907010441
1448907010485
1448907010537
1448907010584
1448907010634
1448907010681
1448907010731
1448907010775
1448907010819
1448907010868
1448907010913
1448907010964
1448907011010
1448907011055
1448907011109
1448907011162
1448907011209
1448907011256
1448907011295
1448907011342
1448907011385
1448907011428
1448907011475
1448907011519
1448907011566
1448907011616
1448907011663
1448907011706
1448907011754
1448907011798
1448907011842
1448907011892
1448907011936
1448907011981
1448907012025
1448907012070
1448907012118
1448907012164
1448907012213
1448907012263
1448907012306
1448907012357
1448907012400
1448907012445
1448907012487
1448907012536
1448907012578
1448907012637
1448907012677
1448907012721
1448907012769
1448907012811
1448907012855
1448907012901
1448907012946
1448907012988
1448907013048
1448907013089
1448907013137
1448907013179
1448907013223
1448907013265
1448907013317
1448907013359
1448907013408
1448907013450
1448907013495
1448907013539
1448907013584
1448907013639
1448907013685
1448907013727
1448907013771
1448907013817
1448907013870
1448907013913
1448907013957
1448907014000
1448907014043
1448907014094
1448907014138
1448907014187
1448907014231
1448907014284
1448907014326
1448907014369
1448907014419
1448907014469
1448907014516
1448907014567
1448907014623
1448907014667
1448907014711
1448907014754
1448907014797
1448907014843
1448907014894
1448907014935
1448907014987
1448907015030
1448907015074
1448907015118
1448907015163
1448907015218
1448907015273
1448907015319
1448907015364
1448907015414
1448907015459
1448907015505
1448907015553
1448907015596
1448907015641
1448907015694
1448907015741
1448907015791
1448907015834
1448907015874
1448907015918
1448907015970
1448907016014
1448907016071
1448907016119
1448907016163
1448907016214
1448907016257
1448907016303
1448907016349
1448907016394
1448907016440
1448907016492
1448907016537
1448907016585
1448907016640
1448907016693
1448907016732
1448907016775
1448907016819
1448907016867
1448907016913
1448907016957
1448907017006
1448907017050
1448907017094
1448907017138
1448907017181
1448907017229
1448907017280
1448907017325
1448907017380
1448907017424
1448907017468
1448907017514
1448907017560
1448907017604
1448907017663
1448907017706
1448907017748
1448907017799
1448907017843
1448907017888
1448907017934
1448907017979
1448907018025
1448907018087
1448907018131
1448907018179
1448907018223
1448907018266
1448907018310
1448907018358
1448907018402
1448907018457
1448907018501
1448907018552
1448907018597
1448907018647
1448907018688
1448907018729
1448907018778
1448907018822
1448907018871
1448907018919
1448907018968
1448907019012
1448907019056
1448907019109
1448907019150
1448907019194
1448907019245
1448907019293
1448907019343
1448907019388
1448907019433
1448907019493
1448907019537
1448907019580
1448907019633
1448907019687
1448907019729
1448907019775
1448907019819
1448907019862
1448907019904
1448907019949
1448907019995
1448907020049
1448907020095
1448907020146
1448907020210
1448907020255
1448907020301
1448907020346
1448907020392
1448907020437
1448907020488
1448907020538
1448907020582
1448907020630
1448907020674
1448907020726
1448907020770
1448907020816
1448907020867
1448907020921
1448907020971
1448907021015
1448907021059
1448907021103
1448907021148
1448907021196
1448907021240
1448907021290
1448907021338
1448907021384
1448907021430
1448907021475
1448907021521
1448907021566
1448907021624
1448907021676
1448907021722
1448907021777
1448907021822
1448907021868
1448907021913
1448907021958
1448907022002
1448907022050
1448907022106
1448907022152
1448907022193
1448907022243
1448907022287
1448907022345
1448907022389
1448907022433
1448907022483
1448907022531
1448907022575
1448907022619
1448907022665
1448907022711
1448907022756
1448907022802
1448907022853
1448907022903
1448907022953
1448907022997
1448907023047
1448907023092
1448907023135
1448907023180
1448907023223
1448907023274
1448907023323
1448907023367
1448907023410
1448907023465
1448907023507
1448907023550
1448907023595
1448907023645
1448907023693
1448907023758
1448907023804
1448907023847
1448907023890
1448907023934
1448907023979
1448907024026
1448907024075
1448907024125
1448907024171
1448907024217
1448907024262
1448907024308
1448907024356
1448907024400
1448907024467
1448907024517
1448907024560
1448907024608
1448907024652
1448907024713
1448907024756
1448907024800
1448907024848
1448907024898
1448907024942
1448907024986
1448907025030
1448907025074
1448907025126
1448907025184
1448907025230
1448907025280
1448907025329
1448907025372
1448907025416
1448907025460
1448907025504
1448907025548
1448907025592
1448907025640
1448907025700
1448907025748
1448907025800
1448907025850
1448907025897
1448907025942
1448907025987
1448907026033
1448907026081
1448907026130
1448907026173
1448907026220
1448907026263
1448907026311
1448907026354
1448907026397
1448907026444
1448907026500
1448907026556
1448907026599
1448907026644
1448907026687
1448907026731
1448907026775
1448907026821
1448907026882
1448907026945
1448907027004
1448907027064
1448907027110
1448907027154
1448907027198
1448907027242
1448907027290
1448907027360
1448907027404
1448907027449
1448907027499
1448907027545
1448907027589
1448907027634
1448907027683
1448907027734
1448907027777
1448907027825
1448907027870
1448907027911
1448907027953
1448907027998
1448907028051
1448907028105
1448907028158
1448907028200
1448907028244
1448907028288
1448907028332
1448907028376
1448907028420
1448907028469
1448907028518
1448907028562
1448907028610
1448907028665
1448907028719
1448907028764
1448907028808
1448907028851
1448907028906
1448907028950
1448907028994
1448907029038
1448907029082
1448907029127
1448907029175
1448907029220
1448907029270
1448907029320
1448907029364
1448907029408
1448907029475
1448907029520
1448907029565
1448907029611
1448907029666
1448907029718
1448907029766
1448907029811
1448907029855
1448907029899
1448907029944
1448907029990
1448907030037
1448907030087
1448907030139
1448907030191
1448907030238
1448907030282
1448907030330
1448907030374
1448907030417
1448907030461
1448907030516
1448907030559
1448907030604
1448907030656
1448907030707
1448907030751
1448907030794
1448907030836
1448907030912
1448907030955
1448907030998
1448907031042
1448907031086
1448907031140
1448907031183
1448907031225
1448907031269
1448907031324
1448907031367
1448907031411
1448907031459
1448907031503
1448907031547
1448907031595
1448907031639
1448907031692
1448907031737
1448907031780
1448907031826
1448907031871
1448907031915
1448907031958
1448907032006
1448907032050
1448907032105
1448907032148
1448907032192
1448907032237
1448907032292
1448907032336
1448907032380
1448907032423
1448907032479
1448907032522
1448907032570
1448907032614
1448907032658
1448907032702
1448907032746
1448907032790
1448907032839
1448907032889
1448907032933
1448907032989
1448907033033
1448907033076
1448907033124
1448907033168
1448907033213
1448907033268
1448907033313
1448907033359
1448907033401
1448907033445
1448907033489
1448907033533
1448907033577
1448907033630
1448907033699
1448907033744
1448907033789
1448907033834
1448907033880
1448907033925
1448907033971
1448907034021
1448907034073
1448907034119
1448907034167
1448907034210
1448907034258
1448907034303
1448907034347
1448907034404
1448907034457
1448907034502
1448907034546
1448907034590
1448907034634
1448907034679
1448907034723
1448907034766
1448907034820
1448907034870
1448907034914
1448907034958
1448907035001
1448907035045
1448907035097
1448907035140
1448907035184
1448907035239
1448907035285
1448907035329
1448907035378
1448907035423
1448907035468
1448907035514
1448907035558
1448907035607
1448907035657
1448907035706
1448907035752
1448907035812
1448907035854
1448907035900
1448907035950
1448907035992
1448907036043
1448907036090
1448907036134
1448907036178
1448907036222
1448907036266
1448907036309
1448907036354
1448907036402
1448907036452
1448907036520
1448907036564
1448907036607
1448907036653
1448907036698
1448907036741
1448907036790
1448907036839
1448907036885
1448907036929
1448907036973
1448907037017
1448907037065
1448907037109
1448907037159
1448907037217
1448907037265
1448907037309
1448907037355
1448907037399
1448907037442
1448907037487
1448907037531
1448907037580
1448907037632
1448907037678
1448907037722
1448907037766
1448907037810
1448907037854
1448907037909
1448907037953
1448907038005
1448907038050
1448907038094
1448907038138
1448907038186
1448907038230
1448907038274
1448907038318
1448907038367
1448907038418
1448907038462
1448907038506
1448907038550
1448907038606
1448907038652
1448907038697
1448907038752
1448907038810
1448907038854
1448907038894
1448907038938
1448907038983
1448907039027
1448907039070
1448907039114
1448907039162
1448907039212
1448907039256
1448907039315
1448907039358
1448907039403
1448907039449
1448907039495
1448907039545
1448907039594
1448907039639
1448907039684
1448907039730
1448907039774
1448907039818
1448907039866
1448907039909
1448907039958
1448907040032
1448907040076
1448907040120
1448907040166
1448907040225
1448907040267
1448907040312
1448907040360
1448907040409
1448907040460
1448907040505
1448907040549
1448907040593
1448907040637
1448907040683
1448907040743
1448907040794
1448907040846
1448907040888
1448907040933
1448907040977
1448907041026
1448907041070
1448907041114
1448907041163
1448907041211
1448907041257
1448907041301
1448907041345
1448907041389
1448907041438
1448907041484
1448907041532
1448907041580
1448907041630
1448907041675
1448907041718
1448907041763
1448907041806
1448907041851
1448907041895
1448907041943
1448907041992
1448907042037
1448907042080
1448907042141
1448907042185
1448907042230
1448907042275
1448907042325
1448907042369
1448907042418
1448907042463
1448907042507
1448907042551
1448907042595
1448907042639
1448907042693
1448907042736
1448907042784
1448907042840
1448907042879
1448907042918
1448907042957
1448907042997
1448907043036
1448907043075
1448907043114
1448907043154
1448907043207
1448907043248
1448907043288
1448907043328
1448907043368
1448907043407
1448907043478
1448907043522
1448907043566
1448907043611
1448907043662
1448907043706
1448907043761
1448907043805
1448907043849
1448907043893
1448907043937
1448907043982
1448907044030
1448907044074
1448907044123
1448907044177
1448907044218
1448907044261
1448907044309
1448907044354
1448907044400
1448907044450
1448907044496
1448907044549
1448907044595
1448907044642
1448907044688
1448907044733
1448907044779
1448907044828
1448907044897
1448907044945
1448907044991
1448907045035
1448907045079
1448907045123
1448907045167
1448907045222
1448907045267
1448907045315
1448907045361
1448907045405
1448907045453
1448907045497
1448907045541
1448907045595
1448907045639
1448907045691
1448907045752
1448907045794
1448907045842
1448907045883
1448907045928
1448907045973
1448907046025
1448907046069
1448907046118
1448907046164
1448907046217
1448907046267
1448907046326
1448907046370
1448907046418
1448907046462
1448907046506
1448907046556
1448907046604
1448907046648
1448907046694
1448907046739
1448907046787
1448907046833
1448907046878
1448907046928
1448907046975
1448907047032
1448907047078
1448907047124
1448907047172
1448907047221
1448907047265
1448907047309
1448907047359
1448907047403
1448907047447
1448907047490
1448907047534
1448907047583
1448907047626
1448907047681
1448907047737
1448907047782
1448907047828
1448907047872
1448907047916
1448907047959
1448907048007
1448907048051
1448907048095
1448907048145
1448907048190
1448907048233
1448907048282
1448907048326
1448907048375
1448907048425
1448907048468
1448907048516
1448907048562
1448907048606
1448907048649
1448907048702
1448907048745
1448907048794
1448907048845
1448907048890
1448907048942
1448907048987
1448907049032
1448907049076
1448907049125
1448907049173
1448907049217
1448907049271
1448907049317
1448907049361
1448907049409
1448907049454
1448907049498
1448907049542
1448907049601
1448907049642
1448907049686
1448907049739
1448907049785
1448907049843
1448907049889
1448907049934
1448907049989
1448907050034
1448907050080
1448907050130
1448907050177
1448907050225
1448907050271
1448907050316
1448907050367
1448907050412
1448907050458
1448907050505
1448907050564
1448907050607
1448907050650
1448907050712
1448907050758
1448907050809
1448907050852
1448907050898
1448907050948
1448907050996
1448907051041
1448907051086
1448907051134
1448907051182
1448907051226
1448907051287
1448907051335
1448907051380
1448907051424
1448907051468
1448907051513
1448907051564
1448907051609
1448907051655
1448907051706
1448907051757
1448907051800
1448907051846
1448907051890
1448907051935
1448907051989
1448907052032
1448907052076
1448907052123
1448907052168
1448907052212
1448907052268
1448907052312
1448907052360
1448907052405
1448907052448
1448907052492
1448907052543
1448907052586
1448907052630
1448907052687
1448907052730
1448907052782
1448907052830
1448907052873
1448907052923
1448907052971
1448907053017
1448907053062
1448907053108
1448907053157
1448907053200
1448907053245
1448907053289
1448907053338
1448907053399
1448907053443
1448907053487
1448907053535
1448907053580
1448907053623
1448907053667
1448907053716
1448907053761
1448907053805
1448907053848
1448907053893
1448907053948
1448907053992
1448907054036
1448907054085
1448907054136
1448907054180
1448907054226
1448907054270
1448907054319
1448907054364
1448907054410
1448907054455
1448907054510
1448907054557
1448907054603
1448907054649
1448907054695
1448907054745
1448907054803
1448907054845
1448907054890
1448907054941
1448907054988
1448907055038
1448907055085
1448907055138
1448907055184
1448907055236
1448907055290
1448907055337
1448907055381
1448907055428
1448907055472
1448907055539
1448907055583
1448907055626
1448907055675
1448907055729
1448907055786
1448907055827
1448907055868
1448907055913
1448907055963
1448907056007
1448907056051
1448907056095
1448907056143
1448907056188
1448907056249
1448907056292
1448907056340
1448907056383
1448907056427
1448907056471