1448906168606
1448906168881
1448906168922
1448906168967
1448906169010
1448906169054
1448906169103
1448906169154
1448906169199
1448906169243
1448906169292
1448906169342
1448906169386
1448906169432
1448906169477
1448906169531
1448906169583
1448906169624
1448906169671
1448906169717
1448906169762
1448906169806
1448906169872
1448906169925
1448906169970
1448906170012
1448906170053
1448906170101
1448906170148
1448906170205
1448906170251
1448906170298
1448906170349
1448906170395
1448906170440
1448906170495
1448906170546
1448906170595
1448906170649
1448906170695
1448906170741
1448906170783
1448906170827
1448906170873
1448906170923
1448906170967
1448906171013
1448906171061
1448906171106
1448906171157
1448906171202
1448906171254
1448906171303
1448906171348
1448906171392
1448906171437
1448906171483
1448906171533
1448906171580
1448906171630
1448906171678
1448906171721
1448906171765
1448906171804
1448906171849
1448906171893
1448906171950
1448906171995
1448906172042
1448906172091
1448906172133
1448906172183
1448906172232
1448906172274
1448906172323
1448906172371
1448906172417
1448906172467
1448906172514
1448906172560
1448906172604
1448906172646
1448906172698
1448906172770
1448906172815
1448906172866
1448906172911
1448906172955
1448906173001
1448906173047
1448906173092
1448906173142
1448906173189
1448906173236
1448906173286
1448906173335
1448906173385
1448906173430
1448906173474
1448906173524
1448906173573
1448906173617
1448906173667
1448906173713
1448906173757
1448906173803
1448906173850
1448906173900
1448906173950
1448906173996
1448906174041
1448906174095
1448906174140
1448906174184
1448906174230
1448906174275
1448906174325
1448906174372
1448906174416
1448906174471
1448906174519
1448906174565
1448906174610
1448906174655
1448906174702
1448906174753
1448906174804
1448906174851
1448906174900
1448906174946
1448906174993
1448906175043
1448906175085
1448906175134
1448906175184
1448906175230
1448906175280
1448906175327
1448906175373
1448906175432
1448906175472
1448906175521
1448906175582
1448906175641
1448906175692
1448906175746
1448906175790
1448906175833
1448906175879
1448906175926
1448906175976
1448906176022
1448906176066
1448906176117
1448906176164
1448906176211
1448906176260
1448906176305
1448906176351
1448906176405
1448906176448
1448906176492
1448906176542
1448906176583
1448906176628
1448906176674
1448906176720
1448906176775
1448906176819
1448906176874
1448906176920
1448906176982
1448906177030
1448906177076
1448906177122
1448906177167
1448906177217
1448906177263
1448906177313
1448906177363
1448906177407
1448906177453
1448906177498
1448906177543
1448906177593
1448906177641
1448906177690
1448906177739
1448906177783
1448906177834
1448906177883
1448906177944
1448906177984
1448906178036
1448906178081
1448906178130
1448906178175
1448906178220
1448906178265
1448906178310
1448906178355
1448906178411
1448906178459
1448906178509
1448906178560
1448906178618
1448906178661
1448906178703
1448906178749
1448906178795
1448906178854
1448906178898
1448906178944
1448906178991
1448906179036
1448906179087
1448906179139
1448906179186
1448906179237
1448906179283
1448906179329
1448906179378
1448906179423
1448906179468
1448906179513
1448906179557
1448906179602
1448906179657
1448906179701
1448906179751
1448906179797
1448906179855
1448906179901
1448906179947
1448906179991
1448906180040
1448906180087
1448906180137
1448906180183
1448906180232
1448906180276
1448906180322
1448906180367
1448906180413
1448906180464
1448906180509
1448906180565
1448906180615
1448906180659
1448906180702
1448906180746
1448906180791
1448906180840
1448906180884
1448906180935
1448906180980
1448906181025
1448906181070
1448906181115
1448906181159
1448906181205
1448906181261
1448906181306
1448906181359
1448906181404
1448906181450
1448906181497
1448906181541
1448906181587
1448906181642
1448906181686
1448906181733
1448906181778
1448906181826
1448906181872
1448906181921
1448906181972
1448906182016
1448906182066
1448906182111
1448906182161
1448906182205
1448906182250
1448906182295
1448906182340
1448906182384
1448906182438
1448906182489
1448906182540
1448906182584
1448906182631
1448906182691
1448906182736
1448906182782
1448906182830
1448906182880
1448906182930
1448906182975
1448906183017
1448906183067
1448906183110
1448906183155
1448906183200
1448906183252
1448906183297
1448906183347
1448906183397
1448906183441
1448906183485
1448906183530
1448906183575
1448906183628
1448906183674
1448906183724
1448906183770
1448906183815
1448906183861
1448906183907
1448906183951
1448906183996
1448906184047
1448906184106
1448906184155
1448906184205
1448906184249
1448906184294
1448906184340
1448906184387
1448906184437
1448906184483
1448906184533
1448906184578
1448906184624
1448906184678
1448906184720
1448906184767
1448906184819
1448906184872
1448906184922
1448906184967
1448906185013
1448906185057
1448906185103
1448906185150
1448906185198
1448906185248
1448906185294
1448906185349
1448906185393
1448906185439
1448906185483
1448906185538
1448906185582
1448906185630
1448906185678
1448906185728
1448906185772
1448906185817
1448906185863
1448906185913
1448906185955
1448906186000
1448906186050
1448906186098
1448906186147
1448906186192
1448906186242
1448906186287
1448906186345
1448906186386
1448906186430
1448906186486
1448906186537
1448906186582
1448906186628
1448906186674
1448906186721
1448906186768
1448906186813
1448906186864
1448906186911
1448906186972
1448906187014
1448906187062
1448906187108
1448906187153
1448906187199
1448906187243
1448906187294
1448906187343
1448906187387
1448906187431
1448906187475
1448906187518
1448906187562
1448906187610
1448906187673
1448906187721
1448906187762
1448906187805
1448906187850
1448906187894
1448906187941
1448906187990
1448906188033
1448906188085
1448906188137
1448906188187
1448906188233
1448906188282
1448906188328
1448906188386
1448906188432
1448906188482
1448906188535
1448906188586
1448906188637
1448906188690
1448906188733
1448906188778
1448906188818
1448906188866
1448906188918
1448906188964
1448906189011
1448906189057
1448906189114
1448906189167
1448906189207
1448906189247
1448906189298
1448906189351
1448906189398
1448906189443
1448906189489
1448906189535
1448906189583
1448906189630
1448906189675
1448906189732
1448906189777
1448906189832
1448906189887
1448906189932
1448906189976
1448906190023
1448906190068
1448906190115
1448906190167
1448906190213
1448906190257
1448906190302
1448906190347
1448906190392
1448906190437
1448906190490
1448906190553
1448906190600
1448906190650
1448906190707
1448906190753
1448906190792
1448906190836
1448906190887
1448906190937
1448906190987
1448906191033
1448906191082
1448906191125
1448906191175
1448906191220
1448906191279
1448906191337
1448906191386
1448906191430
1448906191474
1448906191519
1448906191565
1448906191609
1448906191660
1448906191706
1448906191764
1448906191810
1448906191857
1448906191898
1448906191950
1448906192008
1448906192059
1448906192103
1448906192154
1448906192206
1448906192254
1448906192299
1448906192344
1448906192390
1448906192434
1448906192478
1448906192523
1448906192579
1448906192623
1448906192686
1448906192731
1448906192776
1448906192826
1448906192874
1448906192921
1448906192971
1448906193023
1448906193067
1448906193114
1448906193159
1448906193205
1448906193250
1448906193295
1448906193341
1448906193413
1448906193458
1448906193502
1448906193548
1448906193592
1448906193637
1448906193684
1448906193732
1448906193783
1448906193830
1448906193876
1448906193922
1448906193972
1448906194014
1448906194058
1448906194117
1448906194162
1448906194218
1448906194263
1448906194308
1448906194356
1448906194400
1448906194447
1448906194492
1448906194541
1448906194594
1448906194641
1448906194687
1448906194732
1448906194777
1448906194830
1448906194875
1448906194920
1448906194965
1448906195022
1448906195068
1448906195118
1448906195171
1448906195218
1448906195264
1448906195309
1448906195354
1448906195408
1448906195455
1448906195499
1448906195557
1448906195605
1448906195652
1448906195701
1448906195748
1448906195797
1448906195848
1448906195893
1448906195939
1448906195984
1448906196030
1448906196075
1448906196119
1448906196165
1448906196222
1448906196299
1448906196344
1448906196386
1448906196430
1448906196475
1448906196520
1448906196566
1448906196626
1448906196674
1448906196734
1448906196776
1448906196819
1448906196869
1448906196914
1448906196959
1448906197009
1448906197065
1448906197109
1448906197156
1448906197201
1448906197251
1448906197295
1448906197339
1448906197384
1448906197444
1448906197492
1448906197540
1448906197585
1448906197631
1448906197675
1448906197727
1448906197773
1448906197819
1448906197877
1448906197922
1448906197963
1448906198012
1448906198059
1448906198106
1448906198151
1448906198197
1448906198252
1448906198299
1448906198345
1448906198388
1448906198444
1448906198489
1448906198535
1448906198586
1448906198638
1448906198691
1448906198738
1448906198785
1448906198829
1448906198872
1448906198918
1448906198963
1448906199008
1448906199062
1448906199108
1448906199185
1448906199230
1448906199274
1448906199318
1448906199373
1448906199413
1448906199460
1448906199515
1448906199562
1448906199609
1448906199655
1448906199699
1448906199764
1448906199806
1448906199854
1448906199908
1448906199955
1448906200001
1448906200047
1448906200092
1448906200138
1448906200188
1448906200233
1448906200283
1448906200338
1448906200385
1448906200430
1448906200474
1448906200520
1448906200567
1448906200619
1448906200670
1448906200719
1448906200763
1448906200808
1448906200852
1448906200903
1448906200949
1448906200993
1448906201039
1448906201089
1448906201143
1448906201188
1448906201233
1448906201280
1448906201336
1448906201383
1448906201428
1448906201481
1448906201532
1448906201576
1448906201622
1448906201667
1448906201712
1448906201759
1448906201805
1448906201850
1448906201901
1448906201953
1448906202000
1448906202070
1448906202116
1448906202161
1448906202206
1448906202257
1448906202305
1448906202356
1448906202401
1448906202446
1448906202491
1448906202536
1448906202581
1448906202629
1448906202680
1448906202730
1448906202797
1448906202839
1448906202883
1448906202930
1448906202975
1448906203019
1448906203065
1448906203115
1448906203171
1448906203221
1448906203268
1448906203313
1448906203357
1448906203402
1448906203448
1448906203506
1448906203555
1448906203602
1448906203648
1448906203693
1448906203737
1448906203787
1448906203832
1448906203881
1448906203925
1448906203981
1448906204025
1448906204070
1448906204116
1448906204160
1448906204206
1448906204262
1448906204311
1448906204365
1448906204421
1448906204480
1448906204541
1448906204601
1448906204647
1448906204692
1448906204742
1448906204787
1448906204838
1448906204888
1448906204938
1448906205003
1448906205049
1448906205093
1448906205143
1448906205191
1448906205240
1448906205287
1448906205333
1448906205377
1448906205423
1448906205470
1448906205516
1448906205572
1448906205627
1448906205684
1448906205741
1448906205790
1448906205832
1448906205872
1448906205922
1448906205968
1448906206010
1448906206061
1448906206105
1448906206153
1448906206198
1448906206241
1448906206285
1448906206329
1448906206377
1448906206420
1448906206475
1448906206519
1448906206562
1448906206608
1448906206652
1448906206700
1448906206749
1448906206793
1448906206843
1448906206888
1448906206933
1448906206977
1448906207022
1448906207067
1448906207115
1448906207171
1448906207220
1448906207270
1448906207313
1448906207357
1448906207401
1448906207445
1448906207491
1448906207540
1448906207584
1448906207634
1448906207678
1448906207723
1448906207767
1448906207825
1448906207880
1448906207932
1448906207978
1448906208028
1448906208074
1448906208118
1448906208162
1448906208206
1448906208250
1448906208308
1448906208349
1448906208397
1448906208448
1448906208492
1448906208536
1448906208592
1448906208642
1448906208688
1448906208734
1448906208779
1448906208830
1448906208874
1448906208917
1448906208963
1448906209008
1448906209052
1448906209100
1448906209144
1448906209188
1448906209238
1448906209287
1448906209331
1448906209375
1448906209419
1448906209462
1448906209515
1448906209560
1448906209608
1448906209654
1448906209699
1448906209743
1448906209787
1448906209831
1448906209879
1448906209924
1448906209980
1448906210044
1448906210087
1448906210130
1448906210178
1448906210224
1448906210274
1448906210318
1448906210361
1448906210410
1448906210455
1448906210499
1448906210543
1448906210588
1448906210651
1448906210711
1448906210752
1448906210799
1448906210847
1448906210894
1448906210940
1448906210986
1448906211030
1448906211078
1448906211122
1448906211166
1448906211220
1448906211263
1448906211307
1448906211351
1448906211408
1448906211457
1448906211500
1448906211543
1448906211595
1448906211644
1448906211688
1448906211732
1448906211781
1448906211836
1448906211882
1448906211927
1448906211971
1448906212021
1448906212070
1448906212113
1448906212157
1448906212201
1448906212249
1448906212293
1448906212341
1448906212389
1448906212435
1448906212479
1448906212523
1448906212567
1448906212610
1448906212659
1448906212703
1448906212746
1448906212808
1448906212852
1448906212900
1448906212944
1448906212988
1448906213037
1448906213094
1448906213136
1448906213188
1448906213231
1448906213272
1448906213317
1448906213363
1448906213409
1448906213489
1448906213533
1448906213577
1448906213642
1448906213684
1448906213727
1448906213774
1448906213820
1448906213873
1448906213918
1448906213964
1448906214014
1448906214070
1448906214118
1448906214165
1448906214216
1448906214265
1448906214308
1448906214355
1448906214399
1448906214449
1448906214493
1448906214537
1448906214581
1448906214629
1448906214678
1448906214722
1448906214765
1448906214820
1448906214868
1448906214921
1448906214963
1448906215003
1448906215053
1448906215099
1448906215144
1448906215200
1448906215251
1448906215296
1448906215340
1448906215385
1448906215430
1448906215479
1448906215524
1448906215570
1448906215636
1448906215693
1448906215738
1448906215784
1448906215826
1448906215876
1448906215922
1448906215966
1448906216012
1448906216062
1448906216107
1448906216151
1448906216195
1448906216245
1448906216289
1448906216349
1448906216393
1448906216444
1448906216488
1448906216533
1448906216577