1446800605922
1446800608938
1446800609485
1446800610007
1446800610595
1446800611201
1446800611740
1446800612302
1446800612841
1446800613405
1446800613951
1446800614540
1446800615170
1446800615750
1446800616364
1446800616961
1446800617541
1446800618179
1446800618751
1446800619356
1446800619961
1446800620542
1446800621155
1446800621752
1446800622331
1446800622954
1446800623518
1446800624114
1446800624711
1446800625274
1446800625888
1446800626494
1446800627090
1446800627704
1446800628267
1446800628872
1446800629461
1446800630032
1446800630638
1446800631184
1446800631781
1446800632370
1446800632933
1446800633547
1446800634110
1446800634707
1446800635312
1446800635876
1446800636489
1446800637077
1446800637666
1446800638279
1446800638851
1446800639465
1446800640061
1446800640670
1446800641331
1446800641929
1446800642542
1446800643130
1446800643744
1446800644315
1446800644921
1446800645518
1446800646089
1446800646720
1446800647299
1446800647888
1446800648502
1446800649073
1446800649679
1446800650292
1446800650856
1446800651495
1446800652083
1446800652688
1446800653309
1446800653898
1446800654519
1446800655125
1446800655722
1446800656352
1446800656941
1446800657545
1446800658101
1446800658715
1446800659278
1446800659908
1446800660504
1446800661077
1446800661707
1446800662303
1446800662900
1446800663513
1446800664085
1446800664699
1446800665287
1446800665893
1446800666506
1446800667095
1446800667716
1446800668330
1446800668927
1446800669548
1446800670145
1446800670742
1446800671389
1446800671961
1446800672566
1446800673181
1446800673752
1446800674358
1446800674971
1446800675568
1446800676273
1446800676886
1446800677492
1446800678081
1446800678710
1446800679308
1446800679895
1446800680526
1446800681107
1446800681703
1446800682350
1446800682930
1446800683519
1446800684141
1446800684704
1446800685302
1446800685906
1446800686495
1446800687109
1446800687730
1446800688303
1446800688949
1446800689546
1446800690169
1446800690798
1446800691404
1446800691967
1446800692589
1446800693170
1446800693758
1446800694372
1446800695001
1446800695574
1446800696188
1446800696784
1446800697390
1446800697970
1446800698608
1446800699231
1446800699818
1446800700474
1446800701070
1446800701684
1446800702281
1446800702886
1446800703517
1446800704131
1446800704702
1446800705335
1446800706039
1446800706661
1446800707283
1446800707863
1446800708485
1446800709065
1446800709654
1446800710283
1446800710847
1446800711478
1446800712091
1446800712671
1446800713301
1446800713890
1446800714503
1446800715116
1446800715722
1446800716385
1446800716991
1446800717596
1446800718209
1446800718806
1446800719436
1446800720033
1446800720647
1446800721268
1446800721857
1446800722495
1446800723151
1446800723764
1446800724386
1446800724974
1446800725604
1446800726209
1446800726798
1446800727436
1446800728025
1446800728638
1446800729244
1446800729848
1446800730462
1446800731051
1446800731680
1446800732286
1446800732891
1446800733529
1446800734102
1446800734723
1446800735337
1446800736008
1446800736638
1446800737219
1446800737815
1446800738414
1446800739027
1446800739608
1446800740230
1446800740834
1446800741432
1446800742061
1446800742658
1446800743272
1446800743902
1446800744507
1446800745129
1446800745735
1446800746324
1446800746953
1446800747567
1446800748155
1446800748778
1446800749375
1446800749971
1446800750610
1446800751190
1446800751829
1446800752443
1446800753031
1446800753669
1446800754274
1446800754830
1446800755485
1446800756065
1446800756687
1446800757342
1446800757956
1446800758570
1446800759191
1446800759772
1446800760401
1446800761007
1446800761596
1446800762242
1446800762873
1446800763486
1446800764058
1446800764647
1446800765252
1446800765857
1446800766462
1446800767067
1446800767665
1446800768269
1446800768900
1446800769513
1446800770193
1446800770799
1446800771486
1446800772078
1446800772732
1446800773329
1446800773952
1446800774590
1446800775204
1446800775826
1446800776456
1446800777044
1446800777699
1446800778322
1446800778910
1446800779557
1446800780204
1446800780817
1446800781464
1446800782095
1446800782725
1446800783372
1446800784026
1446800784632
1446800785263
1446800785884
1446800786489
1446800787127
1446800787733
1446800788339
1446800788960
1446800789582
1446800790204
1446800790826
1446800791440
1446800792069
1446800792683
1446800793280
1446800793910
1446800794507
1446800795104
1446800795734
1446800796314
1446800796928
1446800797526
1446800798113
1446800798744
1446800799357
1446800799954
1446800800560
1446800801281
1446800801878
1446800802541
1446800803147
1446800803777
1446800804382
1446800805006
1446800805577
1446800806216
1446800806846
1446800807451
1446800808073
1446800808670
1446800809283
1446800809897
1446800810510
1446800811149
1446800811737
1446800812367
1446800812981
1446800813586
1446800814225
1446800814813
1446800815426
1446800816057
1446800816628
1446800817276
1446800817872
1446800818469
1446800819123
1446800819712
1446800820343
1446800820972
1446800821570
1446800822216
1446800822838
1446800823460
1446800824090
1446800824687
1446800825283
1446800825872
1446800826519
1446800827090
1446800827713
1446800828342
1446800828923
1446800829578
1446800830175
1446800830780
1446800831401
1446800831999
1446800832646
1446800833250
1446800833873
1446800834494
1446800835099
1446800835745
1446800836451
1446800837065
1446800837695
1446800838310
1446800838923
1446800839586
1446800840209
1446800840863
1446800841485
1446800842098
1446800842745
1446800843376
1446800844022
1446800844644
1446800845291
1446800845888
1446800846535
1446800847165
1446800847778
1446800848441
1446800849064
1446800849694
1446800850349
1446800850971
1446800851584
1446800852223
1446800852836
1446800853466
1446800854088
1446800854709
1446800855340
1446800855961
1446800856600
1446800857197
1446800857810
1446800858457
1446800859062
1446800859684
1446800860315
1446800860894
1446800861525
1446800862138
1446800862726
1446800863382
1446800863987
1446800864575
1446800865155
1446800865794
1446800866391
1446800867012
1446800867651
1446800868272
1446800868878
1446800869517
1446800870105
1446800870727
1446800871457
1446800872072
1446800872711
1446800873340
1446800873946
1446800874609
1446800875223
1446800875794
1446800876441
1446800877055
1446800877643
1446800878298
1446800878878
1446800879492
1446800880122
1446800880710
1446800881349
1446800881962
1446800882559
1446800883206
1446800883802
1446800884433
1446800885063
1446800885660
1446800886307
1446800886920
1446800887542
1446800888163
1446800888794
1446800889408
1446800890046
1446800890651
1446800891281
1446800891903
1446800892542
1446800893179
1446800893793
1446800894456
1446800895087
1446800895683
1446800896355
1446800896944
1446800897565
1446800898204
1446800898792
1446800899439
1446800900062
1446800900658
1446800901380
1446800902001
1446800902640
1446800903263
1446800903867
1446800904506
1446800905111
1446800905709
1446800906357
1446800906986
1446800907609
1446800908271
1446800908894
1446800909524
1446800910187
1446800910826
1446800911481
1446800912128
1446800912742
1446800913372
1446800913969
1446800914608
1446800915213
1446800915852
1446800916432
1446800917054
1446800917643
1446800918239
1446800918836
1446800919416
1446800920013
1446800920619
1446800921215
1446800921871
1446800922425
1446800923006
1446800923620
1446800924183
1446800924797
1446800925385
1446800925974
1446800926629
1446800927201
1446800927790
1446800928419
1446800929008
1446800929580
1446800930210
1446800930824
1446800931529
1446800932168
1446800932765
1446800933370
1446800933975
1446800934597
1446800935194
1446800935816
1446800936404
1446800937018
1446800937598
1446800938263
1446800938852
1446800939440
1446800940096
1446800940650
1446800941256
1446800941845
1446800942441
1446800943038
1446800943627
1446800944240
1446800944804
1446800945409
1446800946031
1446800946619
1446800947233
1446800947864
1446800948460
1446800949066
1446800949670
1446800950268
1446800950906
1446800951478
1446800952083
1446800952721
1446800953310
1446800953924
1446800954537
1446800955134
1446800955764
1446800956386
1446800957000
1446800957596
1446800958185
1446800958798
1446800959370
1446800959968
1446800960597
1446800961187
1446800961858
1446800962480
1446800963077
1446800963698
1446800964270
1446800964892
1446800965497
1446800966103
1446800966732
1446800967338
1446800967951
1446800968523
1446800969154
1446800969734
1446800970333
1446800970963
1446800971593
1446800972166
1446800972762
1446800973376
1446800973981
1446800974586
1446800975208
1446800975796
1446800976427
1446800977057
1446800977629
1446800978243
1446800978856
1446800979420
1446800980057
1446800980655
1446800981235
1446800981873
1446800982454
1446800983050
1446800983681
1446800984245
1446800984849
1446800985463
1446800986018
1446800986607
1446800987229
1446800987801
1446800988414
1446800989002
1446800989591
1446800990222
1446800990802
1446800991391
1446800992012
1446800992634
1446800993240
1446800993844
1446800994450
1446800995071
1446800995652
1446800996242
1446800996929
1446800997526
1446800998107
1446800998728
1446800999301
1446800999897
1446801000520
1446801001150
1446801001780
1446801002395
1446801002983
1446801003589
1446801004161
1446801004791
1446801005379
1446801005976
1446801006581
1446801007179
1446801007808
1446801008389
1446801009002
1446801009565
1446801010145
1446801010726
1446801011323
1446801011911
1446801012542
1446801013131
1446801013710
1446801014349
1446801014946
1446801015526
1446801016140
1446801016770
1446801017350
1446801017938
1446801018552
1446801019133
1446801019730
1446801020310
1446801020948
1446801021554
1446801022134
1446801022764
1446801023361
1446801023974
1446801024546
1446801025110
1446801025673
1446801026262
1446801026900
1446801027523
1446801028103
1446801028733
1446801029322
1446801029876
1446801030499
1446801031096
1446801031768
1446801032373
1446801032953
1446801033591
1446801034197
1446801034793
1446801035409
1446801036014
1446801036627
1446801037216
1446801037863
1446801038460
1446801039064
1446801039678
1446801040251
1446801040847
1446801041444
1446801042016
1446801042613
1446801043219
1446801043798
1446801044404
1446801045017
1446801045598
1446801046212
1446801046800
1446801047380
1446801048018
1446801048632
1446801049238
1446801049851
1446801050456
1446801051054
1446801051658
1446801052239
1446801052852
1446801053466
1446801054047
1446801054651
1446801055240
1446801055820
1446801056450
1446801057031
1446801057619
1446801058241
1446801058804
1446801059410
1446801059990
1446801060553
1446801061168
1446801061881
1446801062428
1446801063000
1446801063622
1446801064210
1446801064832
1446801065437
1446801066018
1446801066623
1446801067230
1446801067826
1446801068456
1446801069062
1446801069675
1446801070247
1446801070852
1446801071441
1446801072022
1446801072626
1446801073224
1446801073787
1446801074384
1446801074973
1446801075536
1446801076150
1446801076713
1446801077310
1446801077932
1446801078520
1446801079134
1446801079755
1446801080361
1446801080958
1446801081604
1446801082193
1446801082807
1446801083445
1446801084026
1446801084647
1446801085253
1446801085841
1446801086471
1446801087044
1446801087615
1446801088237
1446801088808
1446801089431
1446801090003
1446801090591
1446801091188
1446801091876
1446801092499
1446801093129
1446801093717
1446801094314
1446801094919
1446801095508
1446801096138
1446801096760
1446801097374
1446801098037
1446801098642
1446801099258
1446801099887
1446801100468
1446801101106
1446801101762
1446801102342
1446801102930
1446801103486
1446801104132
1446801104713
1446801105327
1446801105956
1446801106578
1446801107183
1446801107814
1446801108411
1446801109049
1446801109671
1446801110301
1446801110890
1446801111487
1446801112100
1446801112697
1446801113327
1446801113874
1446801114472
1446801115068
1446801115665
1446801116279
1446801116909
1446801117515
1446801118111
1446801118741
1446801119330
1446801119943
1446801120541
1446801121137
1446801121818
1446801122424
1446801123012
1446801123617
1446801124239
1446801124844
1446801125475
1446801126055
1446801126685
1446801127306
1446801127920
1446801128534
1446801129123
1446801129711
1446801130308
1446801130938
1446801131554
1446801132183
1446801132806
1446801133443
1446801134041
1446801134671
1446801135268
1446801135865
1446801136495
1446801137059
1446801137664
1446801138286
1446801138874
1446801139529
1446801140143
1446801140757
1446801141387
1446801141984
1446801142573
1446801143211
1446801143800
1446801144421
1446801145035
1446801145616
1446801146270
1446801146868
1446801147497
1446801148144
1446801148775
1446801149346
1446801149968
1446801150565
1446801151162
1446801151743
1446801152373
1446801152945
1446801153549
1446801154155
1446801154744
1446801155390
1446801155979
1446801156667
1446801157290
1446801157895
1446801158525
1446801159155
1446801159744
1446801160358
1446801160963
1446801161551
1446801162182
1446801162770
1446801163375
1446801163966
1446801164562
1446801165167
1446801165822
1446801166411
1446801167066
1446801167704
1446801168302
1446801168931
1446801169537
1446801170101
1446801170681
1446801171336
1446801171924
1446801172571
1446801173177
1446801173749
1446801174379
1446801174975
1446801175581
1446801176220
1446801176808
1446801177405
1446801177985
1446801178582
1446801179196
1446801179801
1446801180415
1446801181011
1446801181641
1446801182297
1446801182902
1446801183499
1446801184154
1446801184768
1446801185390
1446801186044
1446801186742
1446801187372
1446801188035
1446801188641
1446801189262
1446801189893
1446801190481
1446801191111
1446801191725
1446801192322
1446801192944
1446801193550
1446801194146
1446801194785
1446801195381
1446801195995
1446801196633
1446801197257
1446801197887
1446801198533
1446801199164
1446801199761
1446801200383
1446801200997
1446801201610
1446801202240
1446801202829
1446801203459
1446801204065
1446801204669
1446801205316
1446801205930
1446801206527
1446801207166
1446801207787
1446801208442
1446801209073
1446801209670
1446801210275
1446801210896
1446801211477
1446801212141
1446801212745
1446801213401
1446801214047
1446801214636
1446801215250
1446801215905
1446801216510
1446801217207
1446801217837
1446801218476
