1446781050052
1446781052776
1446781053398
1446781053995
1446781054650
1446781055305
1446781055893
1446781056549
1446781057170
1446781057775
1446781058381
1446781059027
1446781059666
1446781060287
1446781060895
1446781061492
1446781062113
1446781062727
1446781063323
1446781063954
1446781064558
1446781065173
1446781065770
1446781066366
1446781066988
1446781067568
1446781068173
1446781068795
1446781069383
1446781069997
1446781070627
1446781071224
1446781071863
1446781072434
1446781073039
1446781073677
1446781074250
1446781074864
1446781075510
1446781076132
1446781076711
1446781077325
1446781077939
1446781078535
1446781079141
1446781079788
1446781080401
1446781081024
1446781081620
1446781082234
1446781082830
1446781083444
1446781084049
1446781084804
1446781085393
1446781086056
1446781086703
1446781087316
1446781087946
1446781088577
1446781089156
1446781089829
1446781090408
1446781091039
1446781091644
1446781092249
1446781092879
1446781093475
1446781094091
1446781094688
1446781095326
1446781095923
1446781096528
1446781097150
1446781097789
1446781098402
1446781099032
1446781099637
1446781100242
1446781100856
1446781101452
1446781102074
1446781102671
1446781103301
1446781103915
1446781104528
1446781105117
1446781105688
1446781106310
1446781106890
1446781107504
1446781108143
1446781108772
1446781109369
1446781110041
1446781110646
1446781111260
1446781111931
1446781112528
1446781113166
1446781113822
