1446777830048
1446777834125
1446777836611
1446777838973
1446777841386
1446777843814
1446777846261
1446777848756
1446777851555
1446777853984
1446777856455
1446777858876
1446777861355
1446777863742
1446777866246
1446777868650
1446777871087
1446777873458
1446777875870
1446777878301
1446777880797
1446777883184
1446777885622
1446777888008
1446777890463
1446777892842
1446777895345
1446777897808
1446777900262
1446777902708
1446777905137
1446777907499
1446777909938
1446777912316
1446777914787
1446777917191
1446777919703
1446777922141
1446777924586
1446777926965
1446777929387
1446777931856
1446777934260
1446777936648
1446777939109
1446777941530
1446777944052
1446777946439
1446777948861
1446777951256
1446777953718
1446777956231
1446777958718
1446777961189
1446777963643
1446777966171
1446777968651
1446777971104
1446777973525
1446777975987
1446777978417
1446777980864
1446777983300
1446777985737
1446777988167
1446777990579
1446777993050
1446777995620
1446777998107
1446778000553
1446778003057
1446778005527
1446778007983
1446778010453
1446778012916
1446778015420
1446778017849
1446778020386
1446778022848
1446778025477
1446778027964
1446778030518
1446778033030
1446778035551
1446778038362
1446778040926
1446778043362
1446778045868
1446778048388
1446778050867
1446778053346
1446778055808
1446778058337
1446778060842
1446778063395
1446778065949
1446778068461
1446778071023
1446778073536
1446778076023
1446778078570
1446778081149
1446778083719
1446778086274
1446778088852
1446778091431
1446778093935
1446778096414
1446778098942
1446778101464
1446778104042
1446778106572
1446778109042
1446778111571
1446778114068
1446778116547
1446778118976
1446778121441
1446778123825
1446778126371
1446778128733
1446778131162
1446778133558
1446778136045
1446778138433
1446778140862
1446778143207
1446778145580
1446778147984
1446778150421
1446778152825
1446778155362
1446778157783
1446778160179
1446778162558
1446778164954
1446778167308
1446778169704
1446778172091
1446778174511
1446778176909
1446778179295
1446778181674
1446778184079
1446778186574
1446778188962
1446778191340
1446778193752
1446778196174
1446778198627
1446778201047
1446778203502
1446778205906
1446778208294
1446778210690
1446778213052
1446778215457
1446778217860
1446778220397
1446778222785
1446778225206
1446778227635
1446778230022
1446778232476
1446778234872
1446778237684
1446778240121
1446778242534
1446778244897
1446778247301
1446778249780
1446778252259
1446778254697
1446778257067
1446778259488
1446778261883
1446778264287
1446778266700
1446778269137
1446778271582
1446778274003
1446778276483
1446778278938
1446778281341
1446778283753
1446778286283
1446778288786
1446778291283
1446778293753
1446778296181
1446778298653
1446778301065
1446778303543
1446778306006
1446778308443
1446778310940
1446778313394
1446778315881
1446778318335
1446778321822
1446778324309
1446778326797
1446778329300
1446778331763
1446778334275
1446778336695
1446778339200
1446778341645
1446778344120
1446778346688
1446778349242
1446778351779
1446778354325
1446778356770
1446778359266
1446778361770
1446778364257
1446778366728
1446778369289
1446778371769
1446778374231
1446778376826
1446778379340
1446778381811
1446778384382
1446778386902
1446778389456
1446778392002
1446778394455
1446778396992
1446778399522
1446778402084
1446778404621
1446778407283
1446778409795
1446778412319
1446778414830
1446778417351
1446778419847
1446778422367
1446778424830
1446778427267
1446778429620
1446778432008
1446778434354
1446778436750
1446778439103
1446778441599
1446778444005
1446778446425
1446778448771
1446778451192
1446778453512
1446778455883
1446778458237
1446778460607
1446778463012
1446778465432
1446778467802
1446778470217
1446778472711
1446778475132
1446778477620
1446778480057
1446778482462
1446778484832
1446778487204
1446778489565
1446778491944
1446778494324
1446778496686
1446778499172
1446778501652
1446778504073
1446778506461
1446778508914
1446778511252
1446778513674
1446778516002
1446778518415
1446778520761
1446778523206
1446778525610
1446778528064
1446778530568
1446778532964
1446778535351
1446778537772
1446778540126
1446778542589
1446778545019
1446778547422
1446778549851
1446778552247
1446778554642
1446778557072
1446778559509
1446778562054
1446778564509
1446778566982
1446778569409
1446778571854
1446778574224
1446778576664
1446778579192
1446778581646
1446778584109
1446778586596
1446778589008
1446778591546
1446778593966
1446778596437
1446778598882
1446778601344
1446778603765
1446778606269
1446778608766
1446778611237
1446778613707
1446778616228
1446778618665
1446778621220
1446778623682
1446778626119
1446778628598
1446778631068
1446778633572
1446778636051
1446778638563
1446778641036
1446778643506
1446778645968
1446778648464
1446778651068
1446778653555
1446778656068
1446778658513
1446778660992
1446778663446
1446778665941
1446778668412
1446778670949
1446778673453
1446778676043
1446778678513
1446778681051
1446778683471
1446778686008
1446778688521
1446778691074
1446778693595
1446778696141
1446778698627
1446778701124
1446778703619
1446778706156
1446778708728
1446778711257
1446778713770
1446778716265
1446778718819
1446778721306
1446778723768
1446778726272
1446778728685
1446778731113
1446778733485
1446778735930
1446778738358
1446778740787
1446778743143
1446778745555
1446778748051
1446778750505
1446778752918
1446778755297
1446778757675
1446778760088
1446778762434
1446778764824
1446778767233
1446778769654
1446778772050
1446778774487
1446778776900
1446778779255
1446778781625
1446778783980
1446778786333
1446778788803
1446778791191
1446778793662
1446778796066
1446778798487
1446778800899
1446778803295
1446778805682
1446778808145
1446778810558
1446778813003
1446778815441
1446778817903
1446778820332
1446778822728
1446778825148
1446778827535
1446778829956
1446778832410
1446778834856
1446778837377
1446778839814
1446778842228
1446778844631
1446778847077
1446778849515
1446778852010
1446778854448
1446778856926
1446778859372
1446778861818
1446778864238
1446778866650
1446778869071
1446778871625
1446778874106
1446778876534
1446778878996
1446778881451
1446778883879
1446778886367
1446778888887
1446778891424
1446778893879
1446778896366
1446778898794
1446778901332
1446778903761
1446778906217
1446778908695
1446778911174
1446778913653
1446778916140
1446778918577
1446778921074
1446778923527
1446778926015
1446778928419
1446778930906
1446778933418
1446778935964
1446778938451
1446778940966
1446778943377
1446778945824
1446778949277
1446778951830
1446778954335
1446778956838
1446778959310
1446778961916
1446778964342
1446778966830
1446778969258
1446778971745
1446778974201
1446778976696
1446778979142
1446778981679
1446778984125
1446778986604
1446778989041
1446778991529
1446778994008
1446778996453
1446778998924
1446779001361
1446779003848
1446779006335
1446779008899
1446779011420
1446779013982
1446779016469
1446779018957
1446779021486
1446779023998
1446779026494
1446779028964
1446779031477
1446779033889
1446779036326
1446779038722
1446779041176
1446779043664
1446779046060
1446779048489
1446779050885
1446779053372
1446779055717
1446779058138
1446779060467
1446779062830
1446779065317
1446779067687
1446779070092
1446779072487
1446779074867
1446779077255
1446779080742
1446779083221
1446779085725
1446779088145
1446779090574
1446779093003
1446779095390
1446779097811
1446779100190
1446779102594
1446779104973
1446779107452
1446779109908
1446779112353
1446779114741
1446779117236
1446779119640
1446779122061
1446779124431
1446779126876
1446779129314
1446779131776
1446779134197
1446779136676
1446779139088
1446779141502
1446779143906
1446779146393
1446779148781
1446779151218
1446779153680
1446779156151
1446779158571
1446779161017
1446779163488
1446779165949
1446779168346
1446779170766
1446779173189
1446779175717
1446779178229
1446779180667
1446779183129
1446779185542
1446779187987
1446779190407
1446779192870
1446779195274
1446779197769
1446779200265
1446779202794
1446779205257
1446779207796
1446779210216
1446779212629
1446779215107
1446779217561
1446779220024
1446779222494
1446779224965
1446779227486
1446779229947
1446779232402
1446779234881
1446779237335
1446779239782
1446779242352
1446779244807
1446779247202
1446779249631
1446779252069
1446779254497
1446779256960
1446779259380
1446779261884
1446779264363
1446779266784
1446779269262
1446779271799
1446779274330
1446779276826
1446779279355
1446779281834
1446779284313
1446779286758
1446779289254
1446779291725
1446779294170
1446779296666
1446779299165
1446779301648
1446779304186
1446779306765
1446779309246
1446779311699
1446779314253
1446779316774
1446779319328
1446779321856
1446779324344
1446779326914
1446779329402
1446779331905
1446779334417
1446779337005
1446779339534
1446779342180
1446779344785
1446779347380
1446779349909
1446779352446
1446779354950
1446779357471
1446779360041
1446779362578
1446779365199
1446779367761
1446779370315
1446779372877
1446779375314
1446779377696
1446779380082
1446779382487
1446779384907
1446779387386
1446779389790
1446779392261
1446779394706
1446779397102
1446779399581
1446779402160
1446779404572
1446779406951
1446779409365
1446779411727
1446779414165
1446779416569
1446779419031
1446779421494
1446779423980
1446779426401
1446779428872
1446779431284
1446779433813
1446779436192
1446779438679
1446779441152
1446779443655
1446779446100
1446779448530
1446779450925
1446779453355
1446779455808
1446779458287
1446779460725
1446779463254
1446779465733
1446779468212
1446779470707
1446779473145
1446779475592
1446779477971
1446779480425
1446779482804
1446779485259
1446779487695
1446779490191
1446779492662
1446779495132
1446779497561
1446779500032
1446779502536
1446779505015
1446779507470
1446779509957
1446779512412
1446779514823
1446779517210
1446779519698
1446779522310
1446779524757
1446779527219
1446779529630
1446779532085
1446779534480
1446779536968
1446779539446
1446779541885
1446779544398
1446779546860
1446779549355
1446779551835
1446779554438
1446779556909
1446779559421
1446779561842
1446779564313
1446779566758
1446779569237
1446779571675
1446779574261
1446779576759
1446779579254
1446779581716
1446779584262
1446779586691
1446779589244
1446779591699
1446779594194
1446779596724
1446779599194
1446779601673
1446779604152
1446779606656
1446779609178
1446779611732
1446779614218
1446779616765
1446779619360
1446779621905
1446779624435
1446779626922
1446779629451
1446779631980
1446779634458
1446779636963
1446779639475
1446779642028
1446779644601
1446779647288
1446779649817
1446779652346
1446779654858
1446779657437
1446779659982
1446779662545
1446779665132
1446779667710
1446779670265
1446779672802
1446779675364
1446779677911
1446779680481
1446779683153
1446779685714
1446779688176
1446779690606
1446779693068
1446779695505
1446779697967
1446779700396
1446779702809
1446779705213
1446779707566
1446779709939
1446779712376
1446779714780
1446779717227
1446779719755
1446779722151
1446779724521
1446779726933
1446779729338
1446779731741
1446779734196
1446779736641
1446779739086
1446779741516
1446779743913
1446779746292
1446779748788
1446779751159
1446779753605
1446779756034
1446779758412
1446779760817
1446779763229
1446779765583
1446779767962
1446779770332
1446779772720
1446779775075
1446779777612
1446779780017
1446779782479
1446779784900
1446779787354
1446779789799
1446779792220
1446779794615
1446779797019
1446779799457
1446779801861
1446779804307
1446779806760
1446779809282
1446779811737
1446779814266
1446779816695
1446779819157
1446779821586
1446779824041
1446779826503
1446779828974
1446779831461
1446779833998
1446779836435
1446779838989
1446779841468
1446779843957
1446779846352
1446779848832
1446779851260
1446779853747
1446779856193
1446779858714
1446779861209
1446779863680
1446779866167
1446779868747
1446779871259
1446779873729
1446779876210
1446779878755
1446779881235
1446779883788
1446779886283
1446779888780
1446779891225
1446779893720
1446779896166
1446779898695
1446779901224
1446779903686
1446779906190
1446779908662
1446779911224
1446779913736
1446779916266
1446779918786
1446779921282
1446779923836
1446779926289
1446779928802
1446779931297
1446779933852
1446779936331
1446779938809
1446779941322
1446779943860
1446779946414
1446779948927
1446779951488
1446779954018
1446779956538
1446779959092
1446779961630
1446779964175
1446779966745
1446779969400
1446779972011
1446779974574
1446779977129
1446779979658
1446779982254
1446779984807
1446779987402
1446779989923
1446779992402
1446779994865
1446779997285
1446779999755
1446780002202
1446780004614
1446780006977
1446780009414
1446780011736
1446780014099
1446780016486
1446780018881
1446780021277
1446780023706
1446780026069
1446780028523
1446780030843
1446780033223
1446780035626
1446780038030
1446780040418
1446780042839
1446780045210
1446780047581
1446780049959
1446780052372
1446780054843
1446780057205
1446780059742
1446780062179
1446780064542
1446780067013
1446780069408
1446780071796
1446780074240
1446780076672
1446780079067
1446780081496
1446780083892
1446780086337
1446780088908
1446780091337
1446780093749
1446780096229
1446780098674
1446780101061
1446780103490
1446780105886
1446780108323
1446780110779
1446780113257
1446780115737
1446780118240
1446780120719
1446780123223
1446780125669
1446780128139
1446780130602
1446780133105
1446780135585
1446780138447
1446780140867
1446780143348
1446780145727
1446780148181
1446780150651
1446780153280
1446780155776
1446780158196
1446780160658
1446780163146
1446780165658
1446780168112
1446780170583
1446780173053
1446780175509
1446780177996
1446780180524
1446780183046
1446780185499
1446780188054
1446780190540
1446780192994
1446780195482
1446780197927
1446780200431
1446780202927
1446780205510
1446780208018
1446780210540
1446780213027
1446780215548
1446780218036
1446780220581
1446780223118
1446780225697
1446780228218
1446780230721
1446780233275
1446780235771
1446780238275
1446780240779
1446780243292
1446780245821
1446780248425
1446780250896
1446780253399
1446780255912
1446780258424
1446780260970
1446780263549
1446780266011
1446780268507
1446780271060
1446780273598
1446780276152
1446780278691
1446780281195
1446780283724
1446780286219
1446780288707
1446780291177
1446780293707
1446780296185
1446780298714
1446780301202
