1446770095241
1446770097871
1446770098492
1446770099057
1446770099662
1446770100243
1446770100833
1446770101428
1446770102110
1446770102690
1446770103321
1446770103940
1446770104529
1446770105167
1446770105764
1446770106369
1446770106992
1446770107598
1446770108220
1446770108848
1446770109445
1446770110058
1446770110666
1446770111269
1446770111893
1446770112463
1446770113059
1446770113641
1446770114238
1446770114851
1446770115421
1446770116028
1446770116665
1446770117253
1446770117867
1446770118481
1446770119060
1446770119700
1446770120347
1446770120945
1446770121606
1446770122203
1446770122828
1446770123455
1446770124077
1446770124709
1446770125323
1446770125959
1446770126564
1446770127221
1446770127843
1446770128463
1446770129055
1446770129665
1446770130265
1446770130875
1446770131481
1446770132162
1446770132815
1446770133406
1446770133988
1446770134591
1446770135215
1446770135784
1446770136401
1446770137011
1446770137608
1446770138263
1446770138877
1446770139482
1446770140137
1446770140726
1446770141323
1446770141946
1446770142550
1446770143172
1446770143768
1446770144341
1446770144971
1446770145604
1446770146225
1446770146820
1446770147415
1446770148037
1446770148644
1446770149306
1446770149921
1446770150582
1446770151196
1446770151818
1446770152432
1446770153037
1446770153660
1446770154325
1446770154910
1446770155549
1446770156196
1446770156776
1446770157406
1446770158029
1446770158661
