1446781314985
1446781317527
1446781318141
1446781318738
1446781319325
1446781319947
1446781320527
1446781321149
1446781321738
1446781322334
1446781322956
1446781323552
1446781324141
1446781324763
1446781325343
1446781325949
1446781326553
1446781327142
1446781327781
1446781328360
1446781328974
1446781329612
1446781330268
1446781330914
1446781331511
1446781332108
1446781332746
1446781333362
1446781333942
1446781334564
1446781335144
1446781335749
1446781336355
1446781336934
1446781337548
1446781338137
1446781338742
1446781339364
1446781339935
1446781340549
1446781341154
1446781341726
1446781342340
1446781342927
1446781343516
1446781344147
1446781344710
1446781345399
1446781346003
1446781346584
1446781347213
1446781347794
1446781348400
1446781349012
1446781349610
1446781350239
1446781350836
1446781351442
1446781352005
1446781352635
1446781353232
1446781353820
1446781354459
1446781355039
1446781355645
1446781356249
1446781356838
1446781357443
1446781358031
1446781358645
1446781359241
1446781359824
1446781360511
1446781361124
1446781361713
1446781362334
1446781362939
1446781363544
1446781364166
1446781364763
1446781365351
1446781365966
1446781366571
1446781367152
1446781367774
1446781368362
1446781368951
1446781369597
1446781370177
1446781370791
1446781371421
1446781372001
1446781372631
1446781373245
1446781373825
1446781374455
1446781375085
1446781375690
1446781376320
1446781376910
1446781377531
