1446770029026
1446770031620
1446770032217
1446770032806
1446770033427
1446770034023
1446770034614
1446770035235
1446770035797
1446770036413
1446770037107
1446770037690
1446770038319
1446770038924
1446770039521
1446770040169
1446770040749
1446770041352
1446770041983
1446770042557
1446770043176
1446770043798
1446770044412
1446770045016
1446770045607
1446770046235
1446770046851
1446770047472
1446770048084
1446770048706
1446770049327
1446770049924
1446770050512
1446770051119
1446770051698
1446770052328
1446770052950
1446770053521
1446770054162
1446770054751
1446770055348
1446770055984
1446770056547
1446770057163
1446770057757
1446770058355
1446770058935
1446770059531
1446770060147
1446770060775
1446770061389
1446770062046
1446770062675
1446770063263
1446770063876
1446770064475
1446770065072
1446770065660
1446770066274
1446770066862
1446770067443
1446770068040
1446770068613
1446770069225
1446770069824
1446770070393
1446770070999
1446770071614
1446770072267
1446770072916
1446770073503
1446770074117
1446770074748
1446770075336
1446770075948
1446770076570
1446770077141
1446770077730
1446770078328
1446770078932
1446770079546
1446770080110
1446770080723
1446770081320
1446770081917
1446770082513
1446770083093
1446770083708
1446770084321
1446770084900
1446770085489
1446770086102
1446770086699
1446770087289
1446770087920
1446770088534
1446770089146
1446770089735
1446770090331
1446770090927
1446770091524
