1446781381175
1446781383777
1446781384391
1446781384996
1446781385584
1446781386206
1446781386811
1446781387416
1446781388013
1446781388617
1446781389248
1446781389853
1446781390566
1446781391147
1446781391785
1446781392382
1446781392987
1446781393634
1446781394231
1446781394835
1446781395458
1446781396055
1446781396676
1446781397265
1446781397895
1446781398500
1446781399097
1446781399677
1446781400307
1446781400886
1446781401500
1446781402121
1446781402729
1446781403343
1446781403973
1446781404578
1446781405208
1446781405805
1446781406435
1446781407048
1446781407654
1446781408300
1446781408880
1446781409494
1446781410132
1446781410721
1446781411351
1446781411964
1446781412562
1446781413224
1446781413822
1446781414435
1446781415124
1446781415712
1446781416342
1446781416948
1446781417544
1446781418166
1446781418763
1446781419401
1446781420057
1446781420661
1446781421284
1446781421888
1446781422502
1446781423108
1446781423712
1446781424334
1446781424922
1446781425528
1446781426166
1446781426738
1446781427335
1446781427990
1446781428562
1446781429192
1446781429813
1446781430386
1446781431032
1446781431654
1446781432235
1446781432864
1446781433478
1446781434049
1446781434705
1446781435270
1446781435866
1446781436489
1446781437101
1446781437690
1446781438320
1446781438917
1446781439523
1446781440144
1446781440758
1446781441387
1446781441993
1446781442623
1446781443220
1446781443817
1446781444463
