1446794236371
1446794240861
1446794243365
1446794245943
1446794248439
1446794251119
1446794253715
1446794256310
1446794259267
1446794261855
1446794264433
1446794266920
1446794269491
1446794272028
1446794274556
1446794277086
1446794279623
1446794282178
1446794284689
1446794287103
1446794289524
1446794291969
1446794294340
1446794296694
1446794299123
1446794301544
1446794303948
1446794306410
1446794308806
1446794311334
1446794313730
1446794316142
1446794318465
1446794320911
1446794323290
1446794325694
1446794328098
1446794330543
1446794332956
1446794335360
1446794337739
1446794340109
1446794342572
1446794344967
1446794347405
1446794349866
1446794352289
1446794354685
1446794357105
1446794359518
1446794361980
1446794364426
1446794366880
1446794369325
1446794371821
1446794374250
1446794376653
1446794379066
1446794381528
1446794383994
1446794386439
1446794388861
1446794391323
1446794393776
1446794396306
1446794398685
1446794401215
1446794403685
1446794406081
1446794408518
1446794410947
1446794413402
1446794415789
1446794418211
1446794420641
1446794423027
1446794425481
1446794427894
1446794430347
1446794432910
1446794435406
1446794437842
1446794440280
1446794442717
1446794445138
1446794447592
1446794449980
1446794452460
1446794454997
1446794457442
1446794459921
1446794462525
1446794464971
1446794467437
1446794469970
1446794472458
1446794474953
1446794477440
1446794479953
1446794482473
1446794484929
1446794487374
1446794489920
1446794492449
1446794494961
1446794497515
1446794500061
1446794502539
1446794505044
1446794507523
1446794510043
1446794512547
1446794515034
1446794517623
1446794520160
1446794522672
1446794525168
1446794527747
1446794530234
1446794532738
1446794535284
1446794537838
1446794540400
1446794542895
1446794545433
1446794547920
1446794550468
1446794553021
1446794555575
1446794558104
1446794560666
1446794563295
1446794565858
1446794568386
1446794570941
1446794573461
1446794576023
1446794578569
1446794581139
1446794583711
1446794586133
1446794588611
1446794591158
1446794593578
1446794595965
1446794598344
1446794600756
1446794603128
1446794605589
1446794607918
1446794610339
1446794612685
1446794615138
1446794617577
1446794619940
1446794622436
1446794624781
1446794627152
1446794629539
1446794632010
1446794634414
1446794636809
1446794639305
1446794641726
1446794644146
1446794646533
1446794648962
1446794651360
1446794653806
1446794656318
1446794658780
1446794661201
1446794663613
1446794666034
1446794668472
1446794670958
1446794673397
1446794675867
1446794678295
1446794680750
1446794683162
1446794685585
1446794688021
1446794690508
1446794693121
1446794695625
1446794698045
1446794700525
1446794702945
1446794705400
1446794707845
1446794710348
1446794712853
1446794715390
1446794717829
1446794720291
1446794722845
1446794725283
1446794727794
1446794730340
1446794732853
1446794735281
1446794737761
1446794740198
1446794742643
1446794745097
1446794747534
1446794750029
1446794752619
1446794755114
1446794757602
1446794760072
1446794762534
1446794765005
1446794767500
1446794770004
1446794772492
1446794775045
1446794777533
1446794780053
1446794782549
1446794785054
1446794787566
1446794790088
1446794792583
1446794795111
1446794797624
1446794800152
1446794802698
1446794805219
1446794807723
1446794810228
1446794812773
1446794815251
1446794817732
1446794820286
1446794822906
1446794825385
1446794827906
1446794830460
1446794833014
1446794835559
1446794838113
1446794840700
1446794843238
1446794845809
1446794848437
1446794850975
1446794853532
1446794856061
1446794858606
1446794861152
1446794863698
1446794866211
1446794868807
1446794871352
1446794873939
1446794876527
1446794879081
1446794881660
1446794884139
1446794886686
1446794889190
1446794891694
1446794894165
1446794896660
1446794899072
1446794901477
1446794903889
1446794906292
1446794908697
1446794911167
1446794913663
1446794916125
1446794918570
1446794921010
1446794923397
1446794925826
1446794928205
1446794930650
1446794933071
1446794935508
1446794937995
1446794940433
1446794942954
1446794945332
1446794947770
1446794950149
1446794952563
1446794955033
1446794957495
1446794959925
1446794962387
1446794964783
1446794967220
1446794969624
1446794972111
1446794974607
1446794977060
1446794979532
1446794981985
1446794984431
1446794986878
1446794989332
1446794991770
1446794994223
1446794996660
1446794999148
1446795001560
1446795004065
1446795006585
1446795009014
1446795011485
1446795013938
1446795016368
1446795018748
1446795021202
1446795023623
1446795026110
1446795028581
1446795031060
1446795033630
1446795036110
1446795038547
1446795040975
1446795043446
1446795045850
1446795048321
1446795050741
1446795053280
1446795055776
1446795058288
1446795060717
1446795063313
1446795065741
1446795068229
1446795070708
1446795073169
1446795075616
1446795078136
1446795080639
1446795083136
1446795085607
1446795088095
1446795090549
1446795093127
1446795095599
1446795098119
1446795100640
1446795103144
1446795105680
1446795108177
1446795110630
1446795113150
1446795115622
1446795118150
1446795120682
1446795123286
1446795125714
1446795128244
1446795130681
1446795133192
1446795135722
1446795138250
1446795140755
1446795143342
1446795145837
1446795148375
1446795150887
1446795153434
1446795155880
1446795158408
1446795160938
1446795163516
1446795166095
1446795168641
1446795171261
1446795173799
1446795176327
1446795178881
1446795181486
1446795184047
1446795186642
1446795189215
1446795191811
1446795194232
1446795196719
1446795199197
1446795201727
1446795204097
1446795206518
1446795208930
1446795211401
1446795213897
1446795216400
1446795218871
1446795221318
1446795223705
1446795226168
1446795228547
1446795230976
1446795233380
1446795235859
1446795238263
1446795240642
1446795243046
1446795245458
1446795247954
1446795250366
1446795252804
1446795255175
1446795257580
1446795260150
1446795262596
1446795265008
1446795267479
1446795269857
1446795272270
1446795274682
1446795277162
1446795279599
1446795282069
1446795284524
1446795286945
1446795289358
1446795291754
1446795294207
1446795296612
1446795299099
1446795301519
1446795303974
1446795306377
1446795308915
1446795311352
1446795313831
1446795316285
1446795318764
1446795321220
1446795323657
1446795326103
1446795328566
1446795331036
1446795333532
1446795335978
1446795338465
1446795340878
1446795343340
1446795345851
1446795348323
1446795350801
1446795353249
1446795355711
1446795358189
1446795360644
1446795363181
1446795365685
1446795368214
1446795370717
1446795373197
1446795375667
1446795378096
1446795380608
1446795383095
1446795385544
1446795388006
1446795390434
1446795392897
1446795395309
1446795397863
1446795400342
1446795402829
1446795405301
1446795407821
1446795410249
1446795412738
1446795415208
1446795417696
1446795420218
1446795422688
1446795425168
1446795427705
1446795430235
1446795432814
1446795435301
1446795437839
1446795440318
1446795442814
1446795445326
1446795447838
1446795450318
1446795452879
1446795455361
1446795457989
1446795460510
1446795463031
1446795465543
1446795468039
1446795470526
1446795473029
1446795475542
1446795478013
1446795480558
1446795483087
1446795485624
1446795488238
1446795490750
1446795493254
1446795495775
1446795498329
1446795500849
1446795503412
1446795505957
1446795508453
1446795510882
1446795513277
1446795515715
1446795518235
1446795520697
1446795523078
1446795525465
1446795527861
1446795530198
1446795532610
1446795535006
1446795537435
1446795539914
1446795542360
1446795544780
1446795547201
1446795549672
1446795552042
1446795554440
1446795556843
1446795559264
1446795561718
1446795564172
1446795566551
1446795569030
1446795571418
1446795573838
1446795576234
1446795578705
1446795581100
1446795583570
1446795586018
1446795588447
1446795590868
1446795593296
1446795595700
1446795598130
1446795600550
1446795602995
1446795605458
1446795607978
1446795610416
1446795612895
1446795615273
1446795617728
1446795620116
1446795622570
1446795625016
1446795627503
1446795629949
1446795632453
1446795634890
1446795637328
1446795639856
1446795642278
1446795644689
1446795647159
1446795649606
1446795652095
1446795654490
1446795656961
1446795659340
1446795661811
1446795664215
1446795666619
1446795669173
1446795671635
1446795674039
1446795676518
1446795678947
1446795681393
1446795683922
1446795686327
1446795688781
1446795691210
1446795693656
1446795696051
1446795698655
1446795701135
1446795703605
1446795706100
1446795708572
1446795711050
1446795713496
1446795715992
1446795718511
1446795720960
1446795723388
1446795725885
1446795728388
1446795730850
1446795733288
1446795735875
1446795738403
1446795740875
1446795743420
1446795745924
1446795748478
1446795750898
1446795753363
1446795755825
1446795758379
1446795760841
1446795763378
1446795765891
1446795768395
1446795770923
1446795773461
1446795775964
1446795778477
1446795780989
1446795783493
1446795785982
1446795788610
1446795791181
1446795793693
1446795796230
1446795798735
1446795801297
1446795803742
1446795806230
1446795808708
1446795811230
1446795813725
1446795816278
1446795818833
1446795821429
1446795824050
1446795826621
1446795829208
1446795831762
1446795834316
1446795836819
1446795839432
1446795842003
1446795844532
1446795847119
1446795849556
1446795851986
1446795854458
1446795856928
1446795859458
1446795861903
1446795864374
1446795866753
1446795869231
1446795871678
1446795874140
1446795876611
1446795879039
1446795881485
1446795883981
1446795886418
1446795888924
1446795891378
1446795893857
1446795896286
1446795898798
1446795901219
1446795903673
1446795906085
1446795908540
1446795910935
1446795913355
1446795915793
1446795918313
1446795920770
1446795923232
1446795925627
1446795928122
1446795930510
1446795932931
1446795935344
1446795937797
1446795940243
1446795942739
1446795945201
1446795947647
1446795950234
1446795952679
1446795955110
1446795957580
1446795960068
1446795962522
1446795965009
1446795967472
1446795970000
1446795972430
1446795974900
1446795977412
1446795979883
1446795982312
1446795984832
1446795987363
1446795989767
1446795992254
1446795994700
1446795997170
1446795999616
1446796002078
1446796004573
1446796007103
1446796009556
1446796012019
1446796014589
1446796017043
1446796019498
1446796022011
1446796024474
1446796026944
1446796029423
1446796031877
1446796034331
1446796036768
1446796039197
1446796041734
1446796044214
1446796046726
1446796049288
1446796051742
1446796054197
1446796056659
1446796059155
1446796061592
1446796064105
1446796066600
1446796069121
1446796071608
1446796074137
1446796076599
1446796079195
1446796081632
1446796084120
1446796086607
1446796089103
1446796091600
1446796094153
1446796096649
1446796099186
1446796101723
1446796104236
1446796106706
1446796109293
1446796111790
1446796114318
1446796116864
1446796119418
1446796121931
1446796124461
1446796126990
1446796129511
1446796132073
1446796134610
1446796137140
1446796139802
1446796142331
1446796144910
1446796147455
1446796150010
1446796152530
1446796155086
1446796157589
1446796160168
1446796162631
1446796165109
1446796167538
1446796170068
1446796172480
1446796174893
1446796177305
1446796179700
1446796182079
1446796184491
1446796186937
1446796189343
1446796191730
1446796194143
1446796196580
1446796199151
1446796201614
1446796203967
1446796206380
1446796208742
1446796211137
1446796213559
1446796215946
1446796218333
1446796220763
1446796223134
1446796225522
1446796227917
1446796230412
1446796232859
1446796235337
1446796237725
1446796240129
1446796242541
1446796244979
1446796247382
1446796249844
1446796252290
1446796254862
1446796257333
1446796259820
1446796262291
1446796264720
1446796267199
1446796269711
1446796272149
1446796274627
1446796277073
1446796279544
1446796282014
1446796284485
1446796286947
1446796289528
1446796292006
1446796294452
1446796296931
1446796299368
1446796301814
1446796304260
1446796306780
1446796309276
1446796311763
1446796314250
1446796316721
1446796319175
1446796321638
1446796324201
1446796326722
1446796329201
1446796331638
1446796334125
1446796336630
1446796339116
1446796341604
1446796344116
1446796346578
1446796349049
1446796351520
1446796354040
1446796356521
1446796359066
1446796361546
1446796364049
1446796366453
1446796368957
1446796371436
1446796373906
1446796376369
1446796378898
1446796381402
1446796384006
1446796386551
1446796389090
1446796391610
1446796394131
1446796396643
1446796399155
1446796401685
1446796404147
1446796406700
1446796409213
1446796411708
1446796414313
1446796416833
1446796419295
1446796421810
1446796424347
1446796426909
1446796429455
1446796432008
1446796434554
1446796437075
1446796439653
1446796442191
1446796444836
1446796447407
1446796449994
1446796452581
1446796455160
1446796457700
1446796460253
1446796462774
1446796465320
1446796467857
1446796470386
1446796472823
1446796475303
1446796477690
1446796480086
1446796482464
1446796484851
1446796487223
1446796489686
1446796492048
1446796494469
1446796496873
1446796499294
1446796501681
1446796504135
1446796506539
1446796508985
1446796511473
1446796513935
1446796516380
1446796518793
1446796521162
1446796523635
1446796526081
1446796528535
1446796530981
1446796533418
1446796535805
1446796538209
1446796540705
1446796543142
1446796545546
1446796548041
1446796550513
1446796552883
1446796555312
1446796557776
1446796560230
1446796562667
1446796565129
1446796567541
1446796570121
1446796572516
1446796574970
1446796577442
1446796579879
1446796582317
1446796584770
1446796587232
1446796589663
1446796592133
1446796594630
1446796597091
1446796599545
1446796601991
1446796604536
1446796607042
1446796609537
1446796612041
1446796614512
1446796617007
1446796619452
1446796621916
1446796624353
1446796626816
1446796629278
1446796631682
1446796634145
1446796636682
1446796639161
1446796641624
1446796644135
1446796646632
1446796649185
1446796651664
1446796654168
1446796656657
1446796659169
1446796661631
1446796664118
1446796666765
1446796669252
1446796671723
1446796674235
1446796676689
1446796679210
1446796681697
1446796684234
1446796686738
1446796689301
1446796691831
1446796694377
1446796696938
1446796699459
1446796701946
1446796704392
1446796706904
1446796709449
1446796711987
1446796714541
1446796717111
