1446787909327
1446787912343
1446787912916
1446787913420
1446787913934
1446787914514
1446787915062
1446787915685
1446787916272
1446787916803
1446787917341
1446787917947
1446787918519
1446787919090
1446787919696
1446787920275
1446787920889
1446787921495
1446787922057
1446787922663
1446787923234
1446787923848
1446787924428
1446787925025
1446787925664
1446787926235
1446787926832
1446787927454
1446787928009
1446787928590
1446787929186
1446787929783
1446787930413
1446787931010
1446787931607
1446787932187
1446787932776
1446787933355
1446787933953
1446787934541
1446787935171
1446787935752
1446787936348
1446787936962
1446787937525
1446787938147
1446787938736
1446787939307
1446787939929
1446787940510
1446787941106
1446787941728
1446787942291
1446787942905
1446787943509
1446787944073
1446787944671
1446787945259
1446787945931
1446787946544
1446787947143
1446787947723
1446787948336
1446787948917
1446787949497
1446787950085
1446787950649
1446787951245
1446787951843
1446787952397
1446787953011
1446787953617
1446787954188
1446787954794
1446787955381
1446787955945
1446787956543
1446787957122
1446787957736
1446787958299
1446787958896
1446787959477
1446787960023
1446787960645
1446787961208
1446787961789
1446787962410
1446787962999
1446787963579
1446787964201
1446787964823
1446787965436
1446787966058
1446787966647
1446787967268
1446787967873
1446787968461
1446787969067
1446787969639
1446787970219
1446787970816
1446787971370
1446787971968
1446787972573
1446787973145
1446787973758
1446787974338
1446787974918
1446787975549
1446787976128
1446787976726
1446787977339
1446787977919
1446787978549
1446787979164
1446787979736
1446787980341
1446787981013
1446787981601
1446787982223
1446787982795
1446787983383
1446787984005
1446787984577
1446787985165
1446787985788
1446787986351
1446787986956
1446787987561
1446787988125
1446787988747
1446787989335
1446787989924
1446787990545
1446787991134
1446787991748
1446787992344
1446787992925
1446787993554
1446787994135
1446787994732
1446787995336
1446787995917
1446787996547
1446787997111
1446787997715
1446787998337
1446787998901
1446787999522
1446788000111
1446788000691
1446788001313
1446788001902
1446788002498
1446788003095
1446788003675
1446788004280
1446788004903
1446788005474
1446788006079
1446788006684
1446788007256
1446788007887
1446788008475
1446788009080
1446788009701
1446788010281
1446788010953
1446788011550
1446788012182
1446788012804
1446788013409
1446788013997
1446788014628
1446788015208
1446788015829
1446788016435
1446788016990
1446788017637
1446788018217
1446788018822
1446788019427
1446788019999
1446788020612
1446788021210
1446788021789
1446788022411
1446788022991
1446788023588
1446788024202
1446788024782
1446788025404
1446788025992
1446788026589
1446788027211
1446788027782
1446788028388
1446788028984
1446788029557
1446788030195
1446788030775
1446788031389
1446788032018
1446788032591
1446788033228
1446788033817
1446788034415
1446788035044
1446788035650
1446788036271
1446788036860
1446788037457
1446788038045
1446788038650
1446788039230
1446788039852
1446788040449
1446788041104
1446788041709
1446788042297
1446788042928
1446788043517
1446788044130
1446788044745
1446788045324
1446788045930
1446788046560
1446788047132
1446788047721
1446788048334
1446788048922
1446788049569
1446788050158
1446788050780
1446788051409
1446788052023
1446788052636
1446788053250
1446788053864
1446788054493
1446788055099
1446788055703
1446788056326
1446788056915
1446788057519
1446788058133
1446788058729
1446788059343
1446788059932
1446788060537
1446788061150
1446788061747
1446788062352
1446788062958
1446788063537
1446788064151
1446788064731
1446788065345
1446788065991
1446788066571
1446788067177
1446788067806
1446788068387
1446788069016
1446788069647
1446788070211
1446788070882
1446788071496
1446788072067
1446788072723
1446788073295
1446788073883
1446788074505
1446788075068
1446788075665
1446788076304
1446788076892
1446788077499
1446788078112
1446788078709
1446788079348
1446788079978
1446788080591
1446788081196
1446788081818
1446788082432
1446788083045
1446788083667
1446788084305
1446788084910
1446788085557
1446788086187
1446788086759
1446788087397
1446788088011
1446788088649
1446788089263
1446788089844
1446788090465
1446788091079
1446788091666
1446788092239
1446788092861
1446788093432
1446788094054
1446788094651
1446788095239
1446788095862
1446788096466
1446788097072
1446788097685
1446788098282
1446788098896
1446788099509
1446788100106
1446788100785
1446788101399
1446788101996
1446788102601
1446788103215
1446788103819
1446788104433
1446788105013
1446788105643
1446788106249
1446788106845
1446788107492
1446788108064
1446788108686
1446788109283
1446788109838
1446788110428
1446788111066
1446788111671
1446788112294
1446788112940
1446788113520
1446788114175
1446788114822
1446788115428
1446788116082
1446788116696
1446788117292
1446788117923
1446788118511
1446788119124
1446788119730
1446788120318
1446788120940
1446788121536
1446788122159
1446788122764
1446788123360
1446788123991
1446788124579
1446788125176
1446788125798
1446788126369
1446788127000
1446788127604
1446788128185
1446788128832
1446788129420
1446788130034
1446788130673
1446788131394
1446788132008
1446788132621
1446788133210
1446788133839
1446788134453
1446788135075
1446788135676
1446788136302
1446788136915
1446788137529
1446788138133
1446788138764
1446788139394
1446788140007
1446788140638
1446788141234
1446788141873
1446788142470
1446788143083
1446788143723
1446788144336
1446788144917
1446788145564
1446788146160
1446788146774
1446788147420
1446788148026
1446788148665
1446788149294
1446788149883
1446788150538
1446788151160
1446788151757
1446788152395
1446788153001
1446788153622
1446788154244
1446788154850
1446788155487
1446788156093
1446788156714
1446788157328
1446788157941
1446788158596
1446788159194
1446788159832
1446788160454
1446788161117
1446788161731
1446788162353
1446788162916
1446788163571
1446788164209
1446788164840
1446788165503
1446788166125
1446788166755
1446788167376
1446788168007
1446788168596
1446788169234
1446788169848
1446788170435
1446788171091
1446788171696
1446788172301
1446788172948
1446788173536
1446788174159
1446788174788
1446788175369
1446788176016
1446788176620
1446788177235
1446788177882
1446788178512
1446788179126
1446788179756
1446788180386
1446788181024
1446788181638
1446788182260
1446788182906
1446788183503
1446788184141
1446788184780
1446788185394
1446788186049
1446788186654
1446788187284
1446788187931
1446788188520
1446788189174
1446788189780
1446788190384
1446788191082
1446788191728
1446788192308
1446788192930
1446788193552
1446788194182
1446788194820
1446788195467
1446788196081
1446788196744
1446788197350
1446788197946
1446788198601
1446788199190
1446788199811
1446788200442
1446788201038
1446788201669
1446788202291
1446788202904
1446788203526
1446788204147
1446788204761
1446788205400
1446788206005
1446788206627
1446788207248
1446788207870
1446788208467
1446788209122
1446788209736
1446788210374
1446788211015
1446788211653
1446788212250
1446788212889
1446788213543
1446788214166
1446788214745
1446788215392
1446788215998
1446788216644
1446788217308
1446788217937
1446788218526
1446788219182
1446788219778
1446788220383
1446788221030
1446788221660
1446788222299
1446788222920
1446788223542
1446788224147
1446788224803
1446788225408
1446788226104
1446788226743
1446788227339
1446788227978
1446788228601
1446788229213
1446788229836
1446788230457
1446788231096
1446788231709
1446788232331
1446788232961
1446788233533
1446788234171
1446788234768
1446788235332
1446788235945
1446788236500
1446788237097
1446788237710
1446788238257
1446788238871
1446788239451
1446788240023
1446788240619
1446788241233
1446788241805
1446788242443
1446788243032
1446788243620
1446788244235
1446788244816
1446788245420
1446788246026
1446788246614
1446788247203
1446788247782
1446788248396
1446788249002
1446788249573
1446788250195
1446788250775
1446788251364
1446788251977
1446788252532
1446788253129
1446788253742
1446788254306
1446788254937
1446788255516
1446788256188
1446788256801
1446788257365
1446788257971
1446788258542
1446788259148
1446788259702
1446788260299
1446788260905
1446788261476
1446788262065
1446788262695
1446788263275
1446788263880
1446788264460
1446788265032
1446788265662
1446788266268
1446788266872
1446788267511
1446788268075
1446788268696
1446788269285
1446788269856
1446788270470
1446788271042
1446788271588
1446788272219
1446788272782
1446788273337
1446788273910
1446788274464
1446788275078
1446788275657
1446788276271
1446788276879
1446788277450
1446788278030
1446788278602
1446788279174
1446788279763
1446788280334
1446788280890
1446788281486
1446788282083
1446788282696
1446788283310
1446788283882
1446788284445
1446788285034
1446788285655
1446788286361
1446788286916
1446788287512
1446788288110
1446788288664
1446788289270
1446788289859
1446788290430
1446788291036
1446788291599
1446788292196
1446788292785
1446788293356
1446788293970
1446788294541
1446788295121
1446788295727
1446788296273
1446788296870
1446788297450
1446788298022
1446788298644
1446788299207
1446788299821
1446788300426
1446788300998
1446788301628
1446788302200
1446788302797
1446788303393
1446788303966
1446788304587
1446788305176
1446788305773
1446788306377
1446788306966
1446788307579
1446788308135
1446788308767
1446788309363
1446788309943
1446788310556
1446788311137
1446788311759
1446788312347
1446788312944
1446788313574
1446788314154
1446788314750
1446788315364
1446788315963
1446788316650
1446788317247
1446788317835
1446788318465
1446788319029
1446788319634
1446788320223
1446788320785
1446788321408
1446788321988
1446788322568
1446788323198
1446788323761
1446788324358
1446788324997
1446788325577
1446788326191
1446788326779
1446788327368
1446788327965
1446788328553
1446788329150
1446788329721
1446788330327
1446788330932
1446788331487
1446788332117
1446788332705
1446788333278
1446788333907
1446788334479
1446788335076
1446788335698
1446788336287
1446788336916
1446788337513
1446788338110
1446788338723
1446788339321
1446788339959
1446788340547
1446788341163
1446788341792
1446788342381
1446788342977
1446788343591
1446788344163
1446788344793
1446788345374
1446788345953
1446788346650
1446788347223
1446788347819
1446788348433
1446788348996
1446788349618
1446788350215
1446788350795
1446788351408
1446788351988
1446788352594
1446788353190
1446788353779
1446788354401
1446788354955
1446788355569
1446788356174
1446788356754
1446788357377
1446788357965
1446788358545
1446788359175
1446788359747
1446788360361
1446788360957
1446788361546
1446788362150
1446788362731
1446788363353
1446788363933
1446788364530
1446788365160
1446788365723
1446788366337
1446788366942
1446788367514
1446788368144
1446788368733
1446788369329
1446788369934
1446788370506
1446788371128
1446788371717
1446788372305
1446788372918
1446788373492
1446788374072
1446788374685
1446788375265
1446788375879
1446788376543
1446788377131
1446788377711
1446788378332
1446788378930
1446788379518
1446788380140
1446788380745
1446788381383
1446788381964
1446788382586
1446788383157
1446788383763
1446788384367
1446788384948
1446788385561
1446788386141
1446788386747
1446788387326
1446788387907
1446788388520
1446788389101
1446788389723
1446788390327
1446788390883
1446788391496
1446788392118
1446788392707
1446788393345
1446788393925
1446788394538
1446788395144
1446788395716
1446788396345
1446788396959
1446788397555
1446788398169
1446788398767
1446788399313
1446788399927
1446788400540
1446788401104
1446788401701
1446788402289
1446788402894
1446788403507
1446788404121
1446788404709
1446788405339
1446788405938
1446788406651
1446788407256
1446788407853
1446788408475
1446788409089
1446788409685
1446788410291
1446788410903
1446788411492
1446788412106
1446788412702
1446788413308
1446788413929
1446788414502
1446788415140
1446788415753
1446788416359
1446788416938
1446788417502
1446788418108
1446788418704
1446788419284
1446788419906
1446788420553
1446788421134
1446788421763
1446788422369
1446788422915
1446788423520
1446788424125
1446788424739
1446788425336
1446788425941
1446788426529
1446788427176
1446788427765
1446788428370
1446788429008
1446788429613
1446788430235
1446788430848
1446788431437
1446788432067
1446788432656
1446788433236
1446788433858
1446788434447
1446788435059
1446788435673
1446788436261
1446788436867
1446788437464
1446788438069
1446788438675
1446788439288
1446788439902
1446788440540
1446788441130
1446788441818
1446788442439
1446788443028
1446788443624
1446788444255
1446788444860
1446788445473
1446788446062
1446788446675
1446788447322
1446788447903
1446788448532
1446788449138
1446788449717
1446788450356
1446788450928
1446788451525
1446788452147
1446788452735
1446788453349
1446788453954
1446788454550
1446788455164
1446788455760
1446788456383
1446788456979
1446788457568
1446788458207
1446788458786
1446788459383
1446788459996
1446788460610
1446788461207
1446788461837
1446788462443
1446788463055
1446788463686
1446788464266
1446788464896
1446788465502
1446788466081
1446788466737
1446788467309
1446788467913
1446788468527
1446788469107
1446788469721
1446788470310
1446788470906
1446788471555
1446788472168
1446788472766
1446788473388
1446788473984
1446788474598
1446788475194
1446788475783
1446788476421
1446788477001
1446788477615
1446788478245
1446788478834
1446788479455
1446788480069
1446788480658
1446788481304
1446788481901
1446788482506
1446788483136
1446788483708
1446788484346
1446788484935
1446788485548
1446788486170
1446788486767
1446788487397
1446788487994
1446788488590
1446788489212
1446788489801
1446788490423
1446788491028
1446788491616
1446788492263
1446788492834
1446788493440
1446788494054
1446788494617
1446788495239
1446788495852
1446788496416
1446788497063
1446788497651
1446788498248
1446788498861
1446788499458
1446788500080
1446788500668
1446788501340
1446788501937
1446788502517
1446788503148
1446788503736
1446788504343
1446788504981
1446788505586
1446788506192
1446788506838
1446788507427
1446788508056
1446788508678
1446788509250
1446788509905
1446788510494
1446788511098
1446788511704
1446788512284
1446788512898
1446788513495
1446788514108
1446788514713
1446788515301
1446788515932
1446788516520
