1446780844600
1446780847359
1446780847972
1446780848594
1446780849216
1446780849813
1446780850451
1446780851081
1446780851711
1446780852341
1446780852930
1446780853543
1446780854149
1446780854745
1446780855384
1446780855997
1446780856610
1446780857224
1446780857812
1446780858443
1446780859039
1446780859636
1446780860250
1446780860871
1446780861477
1446780862140
1446780862728
1446780863342
1446780863997
1446780864602
1446780865232
1446780865846
1446780866451
1446780867123
1446780867728
1446780868366
1446780869033
1446780869710
1446780870298
1446780870945
1446780871566
1446780872171
1446780872804
1446780873459
1446780874064
1446780874761
1446780875375
1446780876004
1446780876651
1446780877274
1446780877920
1446780878550
1446780879172
1446780879819
1446780880432
1446780881070
1446780881701
1446780882306
1446780882969
1446780883567
1446780884188
1446780884827
1446780885415
1446780886053
1446780886667
1446780887280
1446780887911
1446780888532
1446780889187
1446780889835
1446780890481
1446780891103
1446780891724
1446780892380
1446780893027
1446780893665
1446780894312
1446780894925
1446780895547
1446780896168
1446780896790
1446780897413
1446780898067
1446780898664
1446780899369
1446780899991
1446780900580
1446780901210
1446780901815
1446780902395
1446780903034
1446780903622
1446780904244
1446780904899
1446780905479
1446780906093
1446780906708
1446780907279
1446780907885
1446780908539
1446780909128
