1446769690450
1446769693074
1446769693687
1446769694275
1446769694856
1446769695469
1446769696049
1446769696647
1446769697276
1446769697873
1446769698478
1446769699092
1446769699681
1446769700302
1446769700882
1446769701479
1446769702092
1446769702655
1446769703269
1446769703858
1446769704421
1446769705043
1446769705623
1446769706188
1446769706819
1446769707398
1446769707971
1446769708600
1446769709172
1446769709778
1446769710391
1446769710980
1446769711593
1446769712190
1446769712804
1446769713408
1446769714014
1446769714643
1446769715224
1446769715846
1446769716451
1446769717031
1446769717669
1446769718266
1446769718862
1446769719485
1446769720057
1446769720670
1446769721332
1446769721923
1446769722553
1446769723150
1446769723746
1446769724351
1446769724948
1446769725578
1446769726177
1446769726862
1446769727443
1446769728047
1446769728652
1446769729291
1446769729906
1446769730511
1446769731089
1446769731670
1446769732285
1446769732888
1446769733461
1446769734074
1446769734687
1446769735251
1446769735914
1446769736530
1446769737101
1446769737730
1446769738345
1446769738900
1446769739530
1446769740101
1446769740698
1446769741329
1446769741900
1446769742506
1446769743127
1446769743716
1446769744329
1446769744945
1446769745525
1446769746153
1446769746760
1446769747364
1446769747977
1446769748591
1446769749187
1446769749794
1446769750372
1446769750994
1446769751585
1446769752173
1446769752802
