1446780983873
1446780987001
1446780987557
1446780988153
1446780988667
1446780989232
1446780989894
1446780990416
1446780990987
1446780991551
1446780992156
1446780992754
1446780993359
1446780994006
1446780994620
1446780995266
1446780995863
1446780996426
1446780997057
1446780997629
1446780998267
1446780998847
1446780999410
1446781000032
1446781000646
1446781001251
1446781001840
1446781002428
1446781003066
1446781003655
1446781004310
1446781004949
1446781005553
1446781006209
1446781006798
1446781007427
1446781008050
1446781008671
1446781009276
1446781009873
1446781010511
1446781011125
1446781011730
1446781012360
1446781012948
1446781013570
1446781014168
1446781014747
1446781015369
1446781015949
1446781016530
1446781017152
1446781017748
1446781018345
1446781018991
1446781019647
1446781020286
1446781020907
1446781021504
1446781022159
1446781022764
1446781023378
1446781024016
1446781024613
1446781025243
1446781025858
1446781026447
1446781027060
1446781027674
1446781028278
1446781028917
1446781029522
1446781030144
1446781030766
1446781031362
1446781031993
1446781032581
1446781033178
1446781033808
1446781034405
1446781035019
1446781035640
1446781036204
1446781036859
1446781037447
1446781038061
1446781038691
1446781039279
1446781039918
1446781040540
1446781041162
1446781041800
1446781042405
1446781043036
1446781043648
1446781044246
1446781044892
1446781045497
1446781046127
1446781046758
1446781047363
