1446781447385
1446781450086
1446781450674
1446781451295
1446781451934
1446781452514
1446781453127
1446781453741
1446781454304
1446781454935
1446781455531
1446781456136
1446781456758
1446781457338
1446781457969
1446781458590
1446781459187
1446781459817
1446781460422
1446781461044
1446781461649
1446781462263
1446781462901
1446781463498
1446781464128
1446781464733
1446781465322
1446781465943
1446781466532
1446781467129
1446781467784
1446781468381
1446781468994
1446781469641
1446781470223
1446781470836
1446781471475
1446781472054
1446781472685
1446781473299
1446781473895
1446781474517
1446781475113
1446781475752
1446781476365
1446781476979
1446781477609
1446781478206
1446781478845
1446781479449
1446781480080
1446781480819
1446781481432
1446781482054
1446781482692
1446781483298
1446781483920
1446781484516
1446781485163
1446781485801
1446781486431
1446781487020
1446781487625
1446781488239
1446781488860
1446781489491
1446781490121
1446781490709
1446781491323
1446781491952
1446781492541
1446781493172
1446781493793
1446781494390
1446781495045
1446781495675
1446781496272
1446781496935
1446781497532
1446781498129
1446781498759
1446781499381
1446781500019
1446781500625
1446781501213
1446781501818
1446781502414
1446781503012
1446781503635
1446781504273
1446781504912
1446781505541
1446781506155
1446781506753
1446781507332
1446781507929
1446781508567
1446781509190
1446781509812
1446781510483
1446781511080
