1446772731560
1446772735678
1446772738323
1446772740769
1446772743231
1446772745729
1446772748124
1446772750636
1446772753468
1446772755906
1446772758384
1446772760855
1446772763410
1446772765830
1446772769350
1446772771771
1446772774258
1446772776712
1446772779192
1446772781671
1446772784142
1446772786629
1446772789058
1446772791504
1446772793899
1446772796428
1446772798866
1446772801319
1446772803799
1446772806236
1446772808690
1446772811193
1446772814673
1446772817136
1446772819647
1446772822168
1446772824697
1446772827251
1446772829714
1446772832251
1446772834762
1446772837242
1446772839729
1446772842215
1446772844770
1446772847256
1446772849713
1446772852183
1446772854637
1446772857124
1446772859570
1446772862123
1446772864578
1446772867048
1446772869510
1446772872073
1446772874585
1446772877081
1446772879559
1446772882065
1446772884527
1446772887023
1446772889494
1446772892131
1446772894651
1446772897180
1446772899709
1446772902188
1446772904733
1446772907262
1446772909824
1446772912337
1446772914918
1446772917479
1446772920041
1446772922654
1446772925141
1446772927628
1446772930074
1446772932519
1446772935007
1446772937452
1446772939814
1446772942260
1446772944706
1446772947151
1446772949615
1446772952069
1446772954465
1446772956835
1446772959255
1446772961652
1446772964072
1446772966384
1446772968789
1446772971184
1446772973614
1446772976017
1446772978488
1446772980902
1446772983347
1446772985809
1446772988188
1446772990634
1446772993047
1446772995517
1446772997987
1446773000417
1446773002837
1446773005250
1446773007670
1446773010132
1446773012703
1446773015251
1446773017829
1446773020375
1446773022921
1446773025466
1446773028045
1446773030674
1446773033278
1446773036115
1446773038694
1446773041265
1446773043818
1446773046390
1446773049078
1446773051665
1446773054261
1446773056789
1446773059393
1446773061989
1446773064593
1446773067180
1446773069767
1446773072279
1446773074850
1446773077462
1446773080075
1446773082636
1446773085253
1446773087854
1446773090399
1446773093070
1446773095666
1446773098336
1446773100899
1446773103527
1446773106131
1446773108852
1446773111397
1446773114018
1446773116597
1446773119283
1446773121847
1446773124409
1446773127071
1446773129693
1446773132304
1446773134942
1446773137587
1446773140132
1446773142770
1446773145357
1446773147977
1446773150632
1446773153269
1446773155933
1446773158595
1446773161248
1446773163894
1446773166556
1446773169144
1446773171639
1446773174184
1446773176680
1446773179217
1446773181721
1446773184217
1446773186671
1446773189152
1446773191630
1446773194125
1446773196630
1446773199192
1446773201712
1446773204225
1446773206662
1446773209150
1446773211653
1446773214132
1446773216620
1446773219181
1446773221718
1446773224249
1446773226779
1446773229399
1446773231836
1446773234398
1446773236944
1446773240472
1446773242976
1446773245497
1446773248017
1446773250571
1446773253058
1446773255628
1446773258193
1446773260688
1446773263134
1446773265546
1446773267983
1446773270371
1446773272800
1446773275212
1446773277650
1446773280020
1446773282424
1446773284820
1446773287248
1446773289661
1446773292183
1446773294587
1446773296967
1446773299395
1446773301816
1446773304195
1446773306574
1446773309020
1446773311507
1446773313953
1446773316382
1446773318835
1446773321240
1446773323678
1446773326098
1446773328603
1446773331048
1446773333478
1446773335915
1446773338302
1446773340706
1446773343085
1446773345480
1446773347901
1446773350297
1446773352710
1446773355121
1446773357518
1446773359964
1446773362451
1446773364889
1446773367318
1446773369722
1446773372159
1446773374588
1446773377116
1446773379588
1446773382025
1446773384446
1446773386891
1446773389411
1446773391859
1446773394379
1446773396775
1446773399190
1446773401683
1446773404137
1446773406616
1446773409003
1446773411474
1446773413919
1446773416339
1446773418761
1446773421290
1446773423829
1446773426291
1446773428827
1446773431274
1446773433802
1446773436248
1446773438727
1446773441239
1446773443718
1446773446197
1446773448709
1446773451163
1446773453734
1446773456190
1446773458660
1446773461105
1446773463551
1446773466030
1446773468558
1446773471063
1446773473583
1446773476071
1446773478608
1446773481028
1446773483508
1446773485978
1446773488556
1446773490962
1446773493466
1446773496004
1446773498532
1446773501019
1446773503532
1446773506002
1446773508523
1446773510994
1446773513530
1446773516052
1446773518580
1446773521067
1446773523607
1446773526118
1446773528656
1446773531218
1446773533780
1446773536293
1446773538796
1446773541308
1446773543779
1446773546333
1446773548871
1446773551433
1446773554070
1446773556607
1446773559097
1446773561618
1446773564138
1446773566675
1446773569221
1446773571725
1446773574211
1446773576691
1446773579170
1446773581658
1446773584111
1446773586598
1446773589119
1446773591624
1446773594044
1446773596491
1446773598869
1446773601224
1446773603652
1446773606039
1446773608452
1446773610864
1446773613301
1446773615722
1446773618193
1446773620622
1446773623042
1446773625414
1446773627827
1446773630289
1446773632652
1446773635056
1446773637426
1446773639847
1446773642234
1446773644663
1446773647059
1446773649513
1446773651934
1446773654496
1446773656883
1446773659297
1446773661717
1446773664146
1446773666542
1446773669055
1446773671467
1446773673946
1446773676374
1446773678837
1446773681241
1446773683754
1446773686149
1446773688561
1446773690975
1446773693346
1446773695791
1446773698304
1446773700708
1446773703162
1446773705657
1446773708136
1446773710657
1446773713169
1446773715624
1446773718060
1446773720489
1446773722953
1446773725407
1446773727852
1446773730298
1446773732810
1446773735306
1446773737785
1446773740230
1446773742810
1446773745272
1446773747742
1446773750205
1446773752725
1446773755221
1446773757685
1446773760163
1446773762660
1446773765105
1446773767600
1446773770113
1446773772643
1446773775196
1446773777658
1446773780103
1446773782591
1446773785003
1446773787524
1446773790096
1446773792599
1446773795079
1446773797641
1446773800136
1446773802632
1446773805235
1446773807732
1446773810277
1446773812722
1446773815210
1446773817705
1446773820209
1446773822655
1446773825227
1446773827698
1446773830211
1446773832699
1446773835360
1446773837855
1446773840417
1446773842963
1446773845484
1446773847980
1446773850450
1446773852995
1446773855508
1446773858063
1446773860559
1446773863138
1446773865683
1446773868162
1446773870791
1446773873244
1446773875757
1446773878211
1446773880724
1446773883186
1446773885706
1446773888310
1446773891038
1446773893769
1446773896373
1446773899018
1446773901639
1446773904251
1446773906821
1446773909384
1446773911946
1446773914525
1446773917088
1446773919683
1446773922245
1446773924907
1446773927411
1446773929883
1446773932420
1446773934991
1446773937561
1446773940107
1446773942611
1446773945123
1446773947685
1446773950231
1446773952802
1446773955456
1446773957959
1446773960471
1446773963027
1446773965647
1446773968193
1446773970764
1446773973326
1446773975922
1446773978509
1446773981104
1446773983817
1446773986345
1446773988958
1446773991528
1446773994124
1446773996696
1446773999316
1446774001928
1446774004541
1446774007186
1446774009757
1446774012311
1446774014889
1446774017485
1446774020180
1446774022792
1446774025388
1446774027975
1446774030621
1446774033226
1446774035855
1446774038476
1446774041030
1446774043684
1446774046296
1446774049032
1446774051629
1446774054215
1446774056802
1446774059432
1446774062010
1446774064632
1446774067320
1446774069898
1446774072494
1446774075098
1446774077710
1446774080372
1446774083067
1446774085689
1446774088378
1446774091021
1446774093684
1446774096320
1446774098950
1446774101553
1446774104217
1446774106855
1446774109533
1446774112170
1446774114800
1446774117412
1446774120050
1446774122653
1446774125248
1446774127853
1446774130489
1446774133160
1446774135806
1446774138419
1446774141081
1446774143818
1446774146438
1446774149085
1446774151755
1446774154333
1446774156963
1446774159550
1446774162221
1446774164816
1446774167461
1446774169940
1446774172493
1446774175025
1446774177554
1446774180132
1446774182628
1446774185149
1446774187686
1446774190190
1446774192727
1446774195290
1446774197793
1446774200280
1446774202785
1446774205305
1446774207883
1446774210464
1446774212968
1446774215472
1446774217951
1446774220405
1446774222842
1446774225346
1446774227766
1446774230129
1446774232591
1446774234987
1446774237391
1446774239820
1446774242201
1446774244571
1446774246951
1446774249304
1446774251708
1446774254096
1446774256491
1446774258845
1446774261283
1446774263661
1446774266091
1446774268628
1446774271073
1446774273521
1446774275983
1446774278403
1446774281840
1446774284194
1446774286565
1446774288994
1446774291406
1446774293802
1446774296172
1446774298652
1446774301039
1446774303417
1446774305830
1446774308294
1446774310722
1446774313185
1446774315564
1446774318002
1446774320439
1446774322884
1446774325305
1446774327800
1446774330279
1446774332734
1446774335270
1446774337717
1446774340147
1446774342617
1446774345071
1446774347583
1446774350045
1446774352500
1446774354912
1446774357358
1446774359753
1446774362223
1446774364736
1446774367231
1446774369678
1446774372164
1446774375628
1446774378124
1446774380578
1446774383065
1446774385544
1446774387964
1446774390419
1446774392881
1446774395310
1446774397756
1446774400301
1446774402696
1446774405201
1446774407639
1446774410135
1446774412572
1446774415076
1446774417539
1446774420034
1446774422454
1446774424917
1446774427379
1446774429833
1446774432237
1446774434832
1446774437345
1446774439906
1446774442388
1446774444908
1446774447420
1446774449925
1446774452387
1446774454890
1446774457386
1446774459832
1446774462311
1446774464840
1446774467310
1446774469789
1446774472310
1446774474847
1446774477344
1446774479848
1446774482327
1446774484989
1446774487601
1446774490233
1446774492892
1446774495638
1446774498258
1446774501004
1446774503725
1446774506395
1446774509098
1446774511804
1446774514399
1446774517070
1446774519757
1446774522502
1446774525098
1446774527768
1446774530397
1446774533043
1446774535580
1446774538134
1446774540663
1446774543208
1446774545722
1446774548318
1446774550865
1446774553442
1446774555987
1446774558600
1446774561162
1446774563757
1446774566312
1446774568899
1446774571453
1446774573965
1446774576577
1446774579182
1446774581795
1446774584340
1446774586920
1446774589523
1446774592086
1446774594581
1446774597168
1446774599739
1446774602351
1446774604955
1446774607509
1446774610063
1446774612651
1446774615172
1446774617767
1446774620347
1446774622975
1446774625580
1446774628191
1446774630828
1446774633416
1446774636011
1446774638557
1446774641128
1446774643690
1446774646269
1446774648898
1446774651578
1446774654166
1446774656728
1446774659349
1446774661919
1446774664565
1446774667161
1446774669797
1446774672359
1446774674972
1446774677542
1446774680105
1446774682658
1446774685297
1446774687901
1446774690471
1446774693042
1446774695663
1446774698233
1446774700871
1446774703424
1446774706094
1446774708715
1446774711335
1446774713981
1446774716635
1446774719355
1446774722003
1446774724631
1446774727318
1446774729989
1446774732668
1446774735297
1446774737959
1446774740571
1446774743183
1446774745870
1446774748507
1446774751178
1446774753840
1446774756513
1446774759108
1446774761753
1446774764391
1446774766861
1446774769273
1446774771761
1446774774206
1446774776685
1446774779172
1446774781709
1446774784215
1446774786767
1446774789246
1446774791719
1446774794214
1446774796727
1446774800296
1446774802800
1446774805329
1446774807833
1446774810354
1446774812916
1446774815561
1446774818036
1446774820528
1446774823048
1446774825537
1446774828091
1446774830795
1446774833299
1446774835777
1446774838290
1446774840769
1446774843281
1446774845835
1446774848314
1446774850810
1446774853288
1446774855717
1446774858138
1446774860543
1446774863013
1446774865485
1446774867905
1446774870318
1446774872697
1446774875183
1446774877538
1446774879917
1446774882346
1446774884775
1446774887212
1446774889658
1446774892088
1446774894483
1446774896879
1446774899266
1446774901679
1446774904091
1446774906637
1446774909066
1446774911528
1446774913923
1446774916353
1446774918756
1446774921186
1446774923648
1446774926029
1446774928450
1446774930854
1446774933283
1446774935729
1446774938207
1446774940629
1446774943090
1446774945494
1446774947932
1446774950336
1446774952715
1446774955077
1446774957482
1446774959895
1446774962349
1446774964894
1446774967348
1446774969794
1446774972206
1446774974644
1446774977030
1446774979460
1446774984854
1446774987274
1446774989695
1446774992073
1446774994505
1446774996925
1446774999337
1446775001858
1446775004345
1446775006783
1446775009278
1446775011757
1446775014186
1446775016657
1446775019152
1446775021598
1446775024118
1446775026599
1446775029103
1446775031656
1446775034144
1446775036539
1446775039035
1446775041473
1446775043951
1446775046481
1446775048943
1446775051496
1446775053992
1446775056471
1446775058933
1446775061506
1446775063959
1446775066422
1446775068926
1446775071429
1446775073992
1446775076495
1446775078967
1446775081445
1446775083890
1446775086428
1446775088932
1446775091536
1446775094025
1446775096603
1446775099091
1446775101611
1446775104123
1446775106644
1446775109131
1446775111618
1446775114114
1446775116643
1446775119172
1446775121726
1446775124330
1446775126976
1446775129539
1446775132062
1446775134547
1446775137092
1446775139613
1446775142200
1446775144737
1446775147258
1446775149753
1446775152208
1446775154695
1446775157273
1446775159803
1446775162366
1446775164870
1446775167391
1446775169911
1446775172457
1446775174936
1446775177506
1446775180102
1446775182706
1446775185368
1446775187914
1446775190476
1446775193055
1446775195550
1446775198114
1446775200677
1446775203223
1446775205744
1446775208189
1446775210676
1446775213122
1446775215718
1446775218138
1446775220667
1446775223137
1446775225567
1446775228012
1446775230376
1446775232772
1446775235092
1446775237463
1446775240208
1446775242662
1446775245058
1446775247437
1446775249799
1446775252237
1446775254615
