1446769624239
1446769626921
1446769627584
1446769628214
1446769628819
1446769629466
1446769630039
1446769630651
1446769631274
1446769631836
1446769632450
1446769633064
1446769633678
1446769634283
1446769634897
1446769635509
1446769636116
1446769636712
1446769637341
1446769637946
1446769638545
1446769639143
1446769639764
1446769640361
1446769640991
1446769641588
1446769642175
1446769642797
1446769643378
1446769643983
1446769644597
1446769645159
1446769645781
1446769646387
1446769646958
1446769647564
1446769648161
1446769648765
1446769649388
1446769649934
1446769650548
1446769651170
1446769651758
1446769652380
1446769653001
1446769653573
1446769654195
1446769654784
1446769655348
1446769655977
1446769656643
1446769657222
1446769657836
1446769658425
1446769659020
1446769659618
1446769660198
1446769660802
1446769661484
1446769662089
1446769662694
1446769663265
1446769663879
1446769664460
1446769665040
1446769665662
1446769666216
1446769666813
1446769667410
1446769667957
1446769668579
1446769669150
1446769669714
1446769670344
1446769670951
1446769671540
1446769672153
1446769672767
1446769673388
1446769673969
1446769674591
1446769675195
1446769675776
1446769676405
1446769677011
1446769677591
1446769678238
1446769678826
1446769679423
1446769680062
1446769680634
1446769681247
1446769681852
1446769682432
1446769683062
1446769683667
1446769684264
1446769684853
1446769685433
1446769686055
1446769686651
