1446802538680
1446802541266
1446802541872
1446802542494
1446802543065
1446802543687
1446802544300
1446802544898
1446802545511
1446802546108
1446802546722
1446802547318
1446802547923
1446802548545
1446802549117
1446802549741
1446802550387
1446802550968
1446802551607
1446802552220
1446802552800
1446802553455
1446802554052
1446802554641
1446802555279
1446802555851
1446802556464
1446802557078
1446802557657
1446802558288
1446802558893
1446802559490
1446802560087
1446802560675
1446802561297
1446802561877
1446802562482
1446802563096
1446802563667
1446802564289
1446802564886
1446802565474
1446802566105
1446802566668
1446802567265
1446802567887
1446802568459
1446802569231
1446802569828
1446802570441
1446802571039
1446802571635
1446802572257
1446802572837
1446802573443
1446802574065
1446802574645
1446802575242
1446802575855
1446802576436
1446802577083
1446802577713
1446802578293
1446802578924
1446802579545
1446802580134
1446802580756
1446802581370
1446802581952
1446802582565
1446802583178
1446802583750
1446802584372
1446802584978
1446802585566
1446802586188
1446802586784
1446802587356
1446802587987
1446802588575
1446802589172
1446802589802
1446802590382
1446802590996
1446802591618
1446802592198
1446802592828
1446802593442
1446802594046
1446802594660
1446802595265
1446802595912
1446802596492
1446802597105
1446802597736
1446802598316
1446802598971
1446802599568
1446802600181
1446802600803
1446802601392
1446802602022
1446802602635
1446802603248
1446802603926
1446802604551
1446802605172
1446802605753
1446802606399
1446802606979
1446802607610
1446802608248
1446802608862
1446802609483
1446802610105
1446802610693
1446802611307
1446802611937
1446802612542
1446802613156
1446802613785
1446802614424
1446802615079
1446802615709
1446802616308
1446802616921
1446802617543
1446802618165
1446802618753
1446802619384
1446802620013
1446802620577
1446802621208
1446802621837
1446802622418
1446802623064
1446802623661
1446802624242
1446802624896
1446802625493
1446802626090
1446802626729
1446802627301
1446802627914
1446802628536
1446802629132
1446802629738
1446802630351
1446802630948
1446802631570
1446802632175
1446802632797
1446802633385
1446802634091
1446802634696
1446802635276
1446802635881
1446802636511
1446802637116
1446802637705
1446802638318
1446802638915
1446802639545
1446802640142
1446802640756
1446802641385
1446802641974
1446802642545
1446802643168
1446802643740
1446802644361
1446802644975
1446802645580
1446802646168
1446802646782
1446802647378
1446802648026
1446802648605
1446802649204
1446802649833
1446802650439
1446802651053
1446802651666
1446802652280
1446802652909
1446802653506
1446802654120
1446802654733
1446802655322
1446802655968
1446802656549
1446802657179
1446802657809
1446802658389
1446802659044
1446802659658
1446802660247
1446802660901
1446802661515
1446802662136
1446802662759
1446802663339
1446802663935
1446802664549
1446802665129
1446802665743
1446802666348
1446802666953
1446802667575
1446802668163
1446802668785
1446802669448
1446802670062
1446802670693
1446802671289
1446802671911
1446802672515
1446802673113
1446802673751
1446802674340
1446802674937
1446802675583
1446802676188
1446802676819
1446802677457
1446802678054
1446802678692
1446802679314
1446802679903
1446802680549
1446802681171
1446802681751
1446802682349
1446802682955
1446802683551
1446802684157
1446802684753
1446802685350
1446802685955
1446802686544
1446802687133
1446802687779
1446802688368
1446802688981
1446802689603
1446802690200
1446802690821
1446802691427
1446802692040
1446802692653
1446802693259
1446802693913
1446802694511
1446802695132
1446802695771
1446802696368
1446802697006
1446802697611
1446802698208
1446802698855
1446802699535
1446802700140
1446802700762
1446802701342
1446802701981
1446802702593
1446802703199
1446802703830
1446802704417
1446802705048
1446802705652
1446802706258
1446802706880
1446802707460
1446802708090
1446802708695
1446802709284
1446802709931
1446802710519
1446802711116
1446802711754
1446802712351
1446802712990
1446802713620
1446802714225
1446802714896
1446802715537
1446802716125
1446802716763
1446802717361
1446802717982
1446802718604
1446802719209
1446802719847
1446802720453
1446802721083
1446802721696
1446802722284
1446802722932
1446802723529
1446802724133
1446802724772
1446802725343
1446802725957
1446802726579
1446802727159
1446802727806
1446802728411
1446802729034
1446802729747
1446802730352
1446802730982
1446802731612
1446802732209
1446802732840
1446802733453
1446802734067
1446802734671
1446802735302
1446802735933
1446802736521
1446802737135
1446802737781
1446802738353
1446802738984
1446802739621
1446802740235
1446802740898
1446802741512
1446802742143
1446802742789
1446802743394
1446802744024
1446802744654
1446802745268
1446802745906
1446802746528
1446802747158
1446802747788
1446802748387
1446802749016
1446802749647
1446802750252
1446802750899
1446802751504
1446802752167
1446802752773
1446802753394
1446802754033
1446802754629
1446802755251
1446802755882
1446802756487
1446802757134
1446802757747
1446802758360
1446802759008
1446802759612
1446802760234
1446802760856
1446802761461
1446802762100
1446802762696
1446802763318
1446802763956
1446802764637
1446802765292
1446802765880
1446802766511
1446802767165
1446802767762
1446802768409
1446802769039
1446802769670
1446802770308
1446802770913
1446802771568
1446802772181
1446802772812
1446802773450
1446802774064
1446802774718
1446802775340
1446802775954
1446802776626
1446802777248
1446802777886
1446802778533
1446802779138
1446802779785
1446802780440
1446802781070
1446802781717
1446802782341
1446802782954
1446802783584
1446802784214
1446802784852
1446802785475
1446802786129
1446802786743
1446802787364
1446802787995
1446802788634
1446802789230
1446802789877
1446802790515
1446802791129
1446802791808
1446802792414
1446802793036
1446802793699
1446802794305
1446802794951
1446802795581
1446802796220
1446802796866
1446802797489
1446802798126
1446802798757
1446802799479
1446802800142
1446802800764
1446802801410
1446802802049
1446802802688
1446802803343
1446802803948
1446802804578
1446802805233
1446802805839
1446802806485
1446802807115
1446802807712
1446802808384
1446802808997
1446802809635
1446802810283
1446802810887
1446802811543
1446802812164
1446802812803
1446802813442
1446802814055
1446802814702
1446802815323
1446802815953
1446802816578
1446802817216
1446802817846
1446802818534
1446802819148
1446802819778
1446802820450
1446802821072
1446802821735
1446802822399
1446802823012
1446802823684
1446802824314
1446802824936
1446802825591
1446802826205
1446802826859
1446802827490
1446802828136
1446802828767
1446802829480
1446802830085
1446802830724
1446802831345
1446802831976
1446802832622
1446802833244
1446802833900
1446802834529
1446802835135
1446802835773
1446802836395
1446802837025
1446802837672
1446802838269
1446802838898
1446802839562
1446802840160
1446802840806
1446802841403
1446802842007
1446802842638
1446802843260
1446802843882
1446802844470
1446802845058
1446802845681
1446802846261
1446802846857
1446802847463
1446802848026
1446802848640
1446802849229
1446802849825
1446802850423
1446802851011
1446802851608
1446802852213
1446802852785
1446802853399
1446802853987
1446802854576
1446802855180
1446802855769
1446802856392
1446802856979
1446802857568
1446802858198
1446802858762
1446802859442
1446802860055
1446802860636
1446802861249
1446802861846
1446802862410
1446802863048
1446802863628
1446802864241
1446802864838
1446802865419
1446802866032
1446802866604
1446802867200
1446802867789
1446802868377
1446802868999
1446802869563
1446802870143
1446802870757
1446802871311
1446802871917
1446802872497
1446802873060
1446802873674
1446802874245
1446802874851
1446802875465
1446802876028
1446802876641
1446802877238
1446802877810
1446802878432
1446802879004
1446802879617
1446802880214
1446802880811
1446802881416
1446802881978
1446802882592
1446802883180
1446802883780
1446802884393
1446802884998
1446802885579
1446802886208
1446802886797
1446802887385
1446802888007
1446802888588
1446802889217
1446802889906
1446802890502
1446802891108
1446802891697
1446802892326
1446802892907
1446802893495
1446802894100
1446802894664
1446802895269
1446802895858
1446802896420
1446802897034
1446802897607
1446802898186
1446802898800
1446802899388
1446802899994
1446802900599
1446802901179
1446802901793
1446802902381
1446802902986
1446802903574
1446802904163
1446802904777
1446802905356
1446802905962
1446802906567
1446802907139
1446802907744
1446802908349
1446802908954
1446802909534
1446802910156
1446802910762
1446802911384
1446802911998
1446802912569
1446802913158
1446802913755
1446802914335
1446802914940
1446802915545
1446802916135
1446802916741
1446802917354
1446802917934
1446802918540
1446802919136
1446802919784
1446802920413
1446802921002
1446802921598
1446802922229
1446802922810
1446802923414
1446802924037
1446802924651
1446802925272
1446802925886
1446802926474
1446802927096
1446802927677
1446802928307
1446802928920
1446802929492
1446802930081
1446802930669
1446802931291
1446802931872
1446802932451
1446802933107
1446802933729
1446802934317
1446802934906
1446802935502
1446802936108
1446802936755
1446802937335
1446802937924
1446802938529
1446802939084
1446802939706
1446802940328
1446802940950
1446802941530
1446802942127
1446802942724
1446802943337
1446802943968
1446802944514
1446802945112
1446802945717
1446802946297
1446802946919
1446802947516
1446802948123
1446802948745
1446802949393
1446802950038
1446802950668
1446802951282
1446802951871
1446802952501
1446802953115
1446802953694
1446802954333
1446802954931
1446802955519
1446802956132
1446802956730
1446802957326
1446802957932
1446802958578
1446802959192
1446802959772
1446802960352
1446802960975
1446802961554
1446802962143
1446802962749
1446802963328
1446802963951
1446802964564
1446802965136
1446802965725
1446802966305
1446802966894
1446802967531
1446802968129
1446802968751
1446802969356
1446802969945
1446802970558
1446802971172
1446802971777
1446802972390
1446802972962
1446802973559
1446802974173
1446802974770
1446802975391
1446802975980
1446802976576
1446802977190
1446802977754
1446802978367
1446802978981
1446802979544
1446802980134
1446802980755
1446802981319
1446802981933
1446802982538
1446802983118
1446802983773
1446802984361
1446802985017
1446802985647
1446802986227
1446802986832
1446802987462
1446802988084
1446802988672
1446802989303
1446802989891
1446802990455
1446802991077
1446802991673
1446802992279
1446802992883
1446802993497
1446802994078
1446802994682
1446802995279
1446802995892
1446802996548
1446802997145
1446802997733
1446802998364
1446802998918
1446802999499
1446803000153
1446803000734
1446803001348
1446803001944
1446803002508
1446803003087
1446803003743
1446803004357
1446803005003
1446803005625
1446803006205
1446803006827
1446803007391
1446803007995
1446803008601
1446803009197
1446803009836
1446803010408
1446803011013
1446803011652
1446803012248
1446803012880
1446803013493
1446803014081
1446803014779
1446803015367
1446803015972
1446803016602
1446803017232
1446803017804
1446803018451
1446803019048
1446803019653
1446803020291
1446803020872
1446803021468
1446803022107
1446803022670
1446803023275
1446803023889
1446803024461
1446803025083
1446803025704
1446803026293
1446803026907
1446803027478
1446803028092
1446803028713
1446803029285
1446803029891
1446803030537
1446803031143
1446803031780
1446803032403
1446803032974
1446803033613
1446803034201
1446803034790
1446803035428
1446803036000
1446803036655
1446803037244
1446803037832
1446803038412
1446803039000
1446803039614
1446803040220
1446803040824
1446803041472
1446803042084
1446803042732
1446803043337
1446803043933
1446803044532
1446803045227
1446803045884
1446803046514
1446803047135
1446803047724
1446803048379
1446803048984
1446803049640
1446803050261
1446803050867
1446803051471
1446803052085
1446803052673
1446803053304
1446803053901
1446803054497
1446803055111
1446803055707
1446803056313
1446803056927
1446803057506
1446803058137
1446803058725
1446803059339
1446803059977
1446803060540
1446803061179
1446803061775
1446803062373
1446803063003
1446803063624
1446803064222
1446803064868
1446803065482
1446803066079
1446803066734
1446803067339
1446803067960
1446803068599
1446803069180
1446803069818
1446803070415
1446803071003
1446803071625
1446803072221
1446803072835
1446803073432
1446803074028
1446803074725
1446803075322
1446803075969
1446803076574
1446803077179
1446803077818
1446803078389
1446803078964
1446803079607
1446803080215
1446803080804
1446803081484
1446803082090
1446803082703
1446803083333
1446803083922
1446803084552
1446803085149
1446803085754
1446803086384
1446803086972
1446803087594
1446803088199
1446803088797
1446803089434
1446803090032
1446803090669
1446803091275
1446803091863
1446803092518
1446803093099
1446803093712
1446803094326
1446803094889
1446803095519
1446803096108
1446803096688
1446803097318
1446803097906
1446803098512
1446803099134
1446803099730
1446803100335
1446803100924
1446803101529
1446803102143
1446803102747
1446803103370
1446803103982
1446803104563
1446803105235
1446803105823
1446803106420
1446803107067
1446803107664
1446803108294
1446803108916
1446803109513
1446803110126
1446803110731
1446803111353
1446803111951
1446803112573
1446803113178
1446803113792
1446803114405
1446803115018
1446803115624
1446803116262
1446803116867
1446803117472
1446803118127
1446803118716
1446803119321
1446803119960
1446803120539
1446803121162
1446803121775
1446803122363
1446803123002
1446803123599
1446803124196
1446803124834
1446803125422
1446803126044
1446803126666
1446803127255
1446803127901
1446803128506
1446803129129
1446803129733
1446803130330
1446803130960
1446803131540
1446803132171
1446803132776
1446803133373
1446803134019
1446803134608
1446803135280
1446803135926
1446803136523
1446803137170
1446803137792
1446803138389
1446803139044
1446803139666
1446803140279
1446803140918
1446803141498
1446803142128
1446803142733
1446803143330
1446803143951
1446803144572
1446803145219
1446803145819
1446803146415
1446803147071
1446803147650
1446803148247
1446803148886
1446803149474
1446803150088
1446803150726
1446803151306
1446803151945
1446803152575
1446803153189
