1446803154837
1446803157491
1446803158114
1446803158718
1446803159332
1446803159979
1446803160584
1446803161198
1446803161828
1446803162417
1446803163047
1446803163685
1446803164299
1446803165045
1446803165684
1446803166298
1446803166936
1446803167559
1446803168122
1446803168769
1446803169374
1446803170021
1446803170643
1446803171256
1446803171853
1446803172484
1446803173089
1446803173727
1446803174349
1446803174955
1446803175602
1446803176206
1446803176804
1446803177441
1446803178114
1446803178728
1446803179341
1446803179964
1446803180611
1446803181233
1446803181872
1446803182527
1446803183191
1446803183795
1446803184460
1446803185149
1446803185762
1446803186401
1446803187015
1446803187628
1446803188259
1446803188863
1446803189494
1446803190141
1446803190771
1446803191393
1446803192048
1446803192662
1446803193309
1446803193947
1446803194569
1446803195299
1446803195938
1446803196552
1446803197214
1446803197837
1446803198475
1446803199097
1446803199719
1446803200349
1446803200979
1446803201617
1446803202265
1446803202895
1446803203517
1446803204155
1446803204760
1446803205374
1446803206030
1446803206634
1446803207240
1446803207911
1446803208525
1446803209164
1446803209819
1446803210416
1446803211071
1446803211726
1446803212332
1446803212995
1446803213610
1446803214191
1446803214796
1446803215410
1446803216023
1446803216637
1446803217275
1446803217880
1446803218511
1446803219165
1446803219779
1446803220410
1446803221056
1446803221695
1446803222350
1446803222964
1446803223611
1446803224266
1446803224955
1446803225576
1446803226223
1446803226845
1446803227508
1446803228147
1446803228777
1446803229441
1446803230046
1446803230668
1446803231315
1446803231911
1446803232575
1446803233189
1446803233818
1446803234466
1446803235087
1446803235709
1446803236348
1446803236944
1446803237583
1446803238188
1446803238810
1446803239441
1446803240062
1446803240693
1446803241331
1446803241945
1446803242592
1446803243238
1446803243860
1446803244515
1446803245154
1446803245785
1446803246448
1446803247105
1446803247693
1446803248323
1446803248979
1446803249567
1446803250223
1446803250861
1446803251483
1446803252121
1446803252751
1446803253357
1446803253978
1446803254600
1446803255331
1446803255910
1446803256525
1446803257146
1446803257735
1446803258349
1446803258945
1446803259559
1446803260214
1446803260803
1446803261408
1446803262029
1446803262610
1446803263223
1446803263837
1446803264426
1446803265047
1446803265645
1446803266208
1446803266838
1446803267427
1446803267999
1446803268596
1446803269193
1446803269756
1446803270387
1446803270966
1446803271564
1446803272178
1446803272766
1446803273371
1446803273984
1446803274556
1446803275162
1446803275750
1446803276331
1446803276927
1446803277525
1446803278089
1446803278693
1446803279275
1446803279880
1446803280477
1446803281066
1446803281679
1446803282293
1446803282881
1446803283478
1446803284109
1446803284697
1446803285369
1446803285999
1446803286604
1446803287218
1446803287806
1446803288370
1446803288983
1446803289589
1446803290153
1446803290766
1446803291380
1446803291951
1446803292565
1446803293154
1446803293717
1446803294364
1446803294952
1446803295558
1446803296205
1446803296760
1446803297382
1446803297970
1446803298575
1446803299164
1446803299769
1446803300416
1446803301021
1446803301619
1446803302174
1446803302770
1446803303384
1446803304005
1446803304553
1446803305159
1446803305797
1446803306369
1446803307015
1446803307629
1446803308210
1446803308814
1446803309403
1446803309974
1446803310621
1446803311212
1446803311775
1446803312397
1446803312977
1446803313565
1446803314179
1446803314751
1446803315423
1446803316061
1446803316641
1446803317255
1446803317876
1446803318448
1446803319078
1446803319683
1446803320281
1446803320910
1446803321507
1446803322112
1446803322718
1446803323297
1446803323911
1446803324500
1446803325096
1446803325710
1446803326281
1446803326920
1446803327517
1446803328155
1446803328736
1446803329365
1446803329962
1446803330560
1446803331123
1446803331753
1446803332383
1446803332988
1446803333560
1446803334190
1446803334762
1446803335409
1446803336039
1446803336661
1446803337291
1446803337888
1446803338518
1446803339115
1446803339720
1446803340366
1446803340947
1446803341560
1446803342165
1446803342737
1446803343384
1446803343950
1446803344513
1446803345227
1446803345790
1446803346379
1446803346976
1446803347539
1446803348095
1446803348659
1446803349297
1446803349886
1446803350474
1446803351087
1446803351650
1446803352256
1446803352820
1446803353400
1446803353988
1446803354585
1446803355149
1446803355779
1446803356342
1446803356956
1446803357578
1446803358150
1446803358764
1446803359369
1446803359966
1446803360605
1446803361218
1446803361807
1446803362412
1446803363034
1446803363606
1446803364219
1446803364808
1446803365388
1446803366002
1446803366591
1446803367179
1446803367793
1446803368356
1446803368953
1446803369559
1446803370122
1446803370744
1446803371332
1446803371929
1446803372560
1446803373173
1446803373770
1446803374383
1446803374964
1446803375571
1446803376200
1446803376772
1446803377369
1446803377941
1446803378513
1446803379118
1446803379707
1446803380345
1446803380959
1446803381556
1446803382136
1446803382733
1446803383329
1446803383960
1446803384532
1446803385162
1446803385759
1446803386389
1446803386953
1446803387575
1446803388155
1446803388735
1446803389348
1446803389954
1446803390551
1446803391181
1446803391778
1446803392350
1446803392955
1446803393553
1446803394166
1446803394763
1446803395384
1446803395998
1446803396596
1446803397192
1446803397798
1446803398387
1446803399000
1446803399622
1446803400210
1446803400799
1446803401413
1446803401984
1446803402615
1446803403203
1446803403792
1446803404414
1446803404977
1446803405624
1446803406229
1446803406801
1446803407431
1446803408044
1446803408677
1446803409298
1446803409929
1446803410593
1446803411206
1446803411820
1446803412399
1446803413005
1446803413660
1446803414273
1446803414854
1446803415509
1446803416081
1446803416703
1446803417316
1446803417938
1446803418501
1446803419073
1446803419654
1446803420233
1446803420830
1446803421418
1446803422032
1446803422629
1446803423267
1446803423864
1446803424469
1446803425075
1446803425646
1446803426310
1446803426890
1446803427512
1446803428142
1446803428738
1446803429369
1446803429983
1446803430571
1446803431193
1446803431806
1446803432386
1446803433000
1446803433630
1446803434260
1446803434856
1446803435437
1446803436034
1446803436631
1446803437261
1446803437866
1446803438446
1446803439068
1446803439648
1446803440378
1446803441000
1446803441615
1446803442220
1446803442842
1446803443447
1446803444043
1446803444691
1446803445287
1446803445867
1446803446498
1446803447061
1446803447658
1446803448296
1446803448852
1446803449490
1446803450120
1446803450700
1446803451322
1446803451927
1446803452541
1446803453196
1446803453818
1446803454447
1446803455053
1446803455700
1446803456330
1446803456927
1446803457557
1446803458162
1446803458734
1446803459406
1446803459961
1446803460566
1446803461196
1446803461776
1446803462390
1446803463004
1446803463616
1446803464272
1446803464877
1446803465457
1446803466046
1446803466609
1446803467198
1446803467811
1446803468391
1446803469030
1446803469626
1446803470233
1446803470945
1446803471550
1446803472172
1446803472802
1446803473399
1446803474029
1446803474652
1446803475249
1446803475871
1446803476485
1446803477073
1446803477695
1446803478283
1446803478880
1446803479527
1446803480107
1446803480737
1446803481350
1446803481922
1446803482561
1446803483157
1446803483754
1446803484401
1446803484998
1446803485620
1446803486275
1446803486864
1446803487493
1446803488115
1446803488696
1446803489317
1446803489939
1446803490552
1446803491174
1446803491821
1446803492426
1446803493032
1446803493645
1446803494250
1446803494855
1446803495493
1446803496108
1446803496737
1446803497351
1446803497923
1446803498528
1446803499134
1446803499697
1446803500302
1446803500933
1446803501504
1446803502110
1446803502723
1446803503312
1446803503967
1446803504563
1446803505169
1446803505882
1446803506496
1446803507120
1446803507750
1446803508355
1446803508952
1446803509599
1446803510188
1446803510784
1446803511423
1446803512036
1446803512633
1446803513281
1446803513877
1446803514483
1446803515104
1446803515743
1446803516349
1446803516970
1446803517584
1446803518206
1446803518819
1446803519433
1446803520079
1446803520677
1446803521281
1446803521887
1446803522493
1446803523097
1446803523720
1446803524292
1446803524913
1446803525544
1446803526124
1446803526754
1446803527385
1446803527964
1446803528612
1446803529216
1446803529813
1446803530459
1446803531048
1446803531662
1446803532283
1446803532881
1446803533518
1446803534141
1446803534763
1446803535451
1446803536056
1446803536694
1446803537291
1446803537930
1446803538560
1446803539165
1446803539820
1446803540468
1446803541074
1446803541729
1446803542342
1446803542939
1446803543586
1446803544191
1446803544830
1446803545460
1446803546056
1446803546687
1446803547301
1446803547914
1446803548536
1446803549149
1446803549779
1446803550384
1446803550997
1446803551636
1446803552224
1446803552838
1446803553451
1446803554040
1446803554696
1446803555292
1446803555897
1446803556535
1446803557132
1446803557771
1446803558392
1446803558998
1446803559644
1446803560258
1446803560889
1446803561510
1446803562124
1446803562761
1446803563375
1446803564006
1446803564627
1446803565241
1446803565929
1446803566568
1446803567182
1446803567770
1446803568392
1446803569013
1446803569618
1446803570240
1446803570845
1446803571459
1446803572097
1446803572719
1446803573365
1446803573972
1446803574578
1446803575199
1446803575838
1446803576443
1446803577073
1446803577720
1446803578333
1446803578972
1446803579568
1446803580207
1446803580829
1446803581401
1446803582048
1446803582652
1446803583249
1446803583888
1446803584493
1446803585115
1446803585745
1446803586358
1446803586989
1446803587602
1446803588216
1446803588854
1446803589467
1446803590114
1446803590736
1446803591366
1446803591996
1446803592601
1446803593264
1446803593862
1446803594476
1446803595138
1446803595736
1446803596373
1446803597004
1446803597626
1446803598222
1446803598870
1446803599474
1446803600063
1446803600760
1446803601373
1446803601995
1446803602650
1446803603264
1446803603895
1446803604516
1446803605113
1446803605776
1446803606432
1446803607056
1446803607669
1446803608283
1446803608880
1446803609510
1446803610141
1446803610795
1446803611426
1446803612022
1446803612661
1446803613258
1446803613855
1446803614493
1446803615106
1446803615720
1446803616326
1446803616922
1446803617569
1446803618174
1446803618771
1446803619400
1446803620006
1446803620611
1446803621233
1446803621855
1446803622493
1446803623165
1446803623762
1446803624433
1446803625072
1446803625685
1446803626332
1446803626938
1446803627567
1446803628198
1446803628802
1446803629433
1446803630055
1446803630785
1446803631398
1446803632045
1446803632675
1446803633306
1446803633935
1446803634549
1446803635154
1446803635826
1446803636440
1446803637053
1446803637708
1446803638313
1446803638918
1446803639573
1446803640178
1446803640810
1446803641448
1446803642095
1446803642733
1446803643356
1446803643978
1446803644624
1446803645254
1446803645859
1446803646506
1446803647145
1446803647783
1446803648422
1446803649010
1446803649657
1446803650262
1446803650892
1446803651539
1446803652160
1446803652816
1446803653471
1446803654068
1446803654715
1446803655361
1446803656016
1446803656647
1446803657318
1446803657949
1446803658587
1446803659234
1446803659888
1446803660619
1446803661249
1446803661854
1446803662509
1446803663089
1446803663753
1446803664442
1446803665055
1446803665685
1446803666290
1446803666895
1446803667509
1446803668180
1446803668777
1446803669441
1446803670038
1446803670643
1446803671264
1446803671845
1446803672500
1446803673113
1446803673711
1446803674348
1446803674945
1446803675550
1446803676157
1446803676746
1446803677326
1446803677956
1446803678527
1446803679141
1446803679721
1446803680293
1446803680882
1446803681495
1446803682092
1446803682655
1446803683277
1446803683833
1446803684437
1446803685026
1446803685589
1446803686211
1446803686800
1446803687413
1446803688010
1446803688590
1446803689229
1446803689834
1446803690439
1446803691119
1446803691691
1446803692263
1446803692902
1446803693498
1446803694087
1446803694700
1446803695289
1446803695910
1446803696515
1446803697104
1446803697734
1446803698323
1446803698919
1446803699541
1446803700130
1446803700735
1446803701324
1446803701886
1446803702509
1446803703089
1446803703702
1446803704333
1446803704904
1446803705476
1446803706065
1446803706628
1446803707225
1446803707847
1446803708453
1446803709042
1446803709639
1446803710253
1446803710799
1446803711404
1446803711985
1446803712556
1446803713170
1446803713733
1446803714330
1446803714926
1446803715499
1446803716112
1446803716700
1446803717289
1446803717902
1446803718499
1446803719113
1446803719701
1446803720282
1446803720911
1446803721492
1446803722105
1446803722718
1446803723307
1446803723954
1446803724526
1446803725131
1446803725828
1446803726408
1446803726996
1446803727618
1446803728182
1446803728812
1446803729434
1446803730005
1446803730619
1446803731224
1446803731804
1446803732409
1446803732981
1446803733561
1446803734141
1446803734755
1446803735319
1446803735898
1446803736512
1446803737142
1446803737731
1446803738319
1446803738882
1446803739488
1446803740109
1446803740716
1446803741322
1446803741960
1446803742557
1446803743161
1446803743800
1446803744364
1446803744985
1446803745583
1446803746162
1446803746784
1446803747364
1446803747961
1446803748566
1446803749130
1446803749743
1446803750331
1446803750903
1446803751492
1446803752080
1446803752686
1446803753315
1446803753921
1446803754527
1446803755131
1446803755728
1446803756349
1446803756938
1446803757510
1446803758098
1446803758704
1446803759317
1446803759906
1446803760511
1446803761183
1446803761797
1446803762401
1446803762965
1446803763595
1446803764200
1446803764805
1446803765394
1446803765982
1446803766579
1446803767209
1446803767823
1446803768411
1446803768983
1446803769596
1446803770160
