1446789215862
1446789220375
1446789222862
1446789225316
1446789227787
1446789230292
1446789232795
1446789235266
1446789238031
1446789240494
1446789242914
1446789245310
1446789247847
1446789250259
1446789252639
1446789254992
1446789257440
1446789259900
1446789262312
1446789264744
1446789267189
1446789269593
1446789272014
1446789274434
1446789276831
1446789279243
1446789281596
1446789284026
1446789286413
1446789288857
1446789291262
1446789293675
1446789296072
1446789298459
1446789300913
1446789303276
1446789305779
1446789308175
1446789310595
1446789312958
1446789315379
1446789317799
1446789320203
1446789322616
1446789325069
1446789327540
1446789330037
1446789332441
1446789334879
1446789337324
1446789339744
1446789342148
1446789344585
1446789347023
1446789349560
1446789352013
1446789354477
1446789356930
1446789359400
1446789361831
1446789364235
1446789366673
1446789369126
1446789371630
1446789374068
1446789376554
1446789379100
1446789381620
1446789384075
1446789386537
1446789389008
1446789391453
1446789393908
1446789396346
1446789398784
1446789401246
1446789403658
1446789406129
1446789408657
1446789411111
1446789413565
1446789416036
1446789418465
1446789420902
1446789423347
1446789425769
1446789428307
1446789430769
1446789433265
1446789435702
1446789438206
1446789440685
1446789443230
1446789445752
1446789448289
1446789450776
1446789453255
1446789455733
1446789458238
1446789460758
1446789463247
1446789465751
1446789468271
1446789470801
1446789473329
1446789475825
1446789478304
1446789480783
1446789483295
1446789485791
1446789488344
1446789490866
1446789493369
1446789495916
1446789498520
1446789501007
1446789503570
1446789506057
1446789508585
1446789511131
1446789513627
1446789516197
1446789518735
1446789521322
1446789523884
1446789526513
1446789529091
1446789531531
1446789533935
1446789536381
1446789538769
1446789541214
1446789543627
1446789546064
1446789548500
1446789550897
1446789553284
1446789555630
1446789557984
1446789560337
1446789562693
1446789565181
1446789567584
1446789569997
1446789572401
1446789574747
1446789577075
1446789579446
1446789581850
1446789584245
1446789586653
1446789589079
1446789591491
1446789593953
1446789596342
1446789598737
1446789601108
1446789603495
1446789605924
1446789608312
1446789610724
1446789613103
1446789615474
1446789617827
1446789620240
1446789622602
1446789625056
1446789627453
1446789629899
1446789632287
1446789634640
1446789637077
1446789639482
1446789641955
1446789644356
1446789646802
1446789649172
1446789651585
1446789654030
1446789656417
1446789658822
1446789661302
1446789663748
1446789666160
1446789668622
1446789671068
1446789673513
1446789675975
1446789678438
1446789680917
1446789683404
1446789685858
1446789688320
1446789690766
1446789693155
1446789695634
1446789698104
1446789700558
1446789703062
1446789705508
1446789707936
1446789710416
1446789712894
1446789715465
1446789717961
1446789720431
1446789722919
1446789725439
1446789727886
1446789730316
1446789732827
1446789735340
1446789737869
1446789740364
1446789742868
1446789745464
1446789747917
1446789750430
1446789752917
1446789755405
1446789757875
1446789760405
1446789762901
1446789765397
1446789767884
1446789770338
1446789772833
1446789775396
1446789777841
1446789780387
1446789782883
1446789785478
1446789788008
1446789790569
1446789793065
1446789795580
1446789798083
1446789800587
1446789803091
1446789805670
1446789808182
1446789810703
1446789813231
1446789815786
1446789818339
1446789820885
1446789823422
1446789825951
1446789828498
1446789831077
1446789833764
1446789836235
1446789838730
1446789841168
1446789843622
1446789846042
1446789848463
1446789850892
1446789853296
1446789855725
1446789858146
1446789860541
1446789862930
1446789865309
1446789867680
1446789870242
1446789872638
1446789875042
1446789877454
1446789879825
1446789882195
1446789884557
1446789886954
1446789889299
1446789891678
1446789894009
1446789896458
1446789898958
1446789901312
1446789903641
1446789906029
1446789908349
1446789910753
1446789913115
1446789915569
1446789917999
1446789920435
1446789922864
1446789925244
1446789927682
1446789930120
1446789932498
1446789935035
1446789937423
1446789939894
1446789942305
1446789944768
1446789947247
1446789949693
1446789952080
1446789954584
1446789957013
1446789959435
1446789961881
1446789964393
1446789966896
1446789969326
1446789971830
1446789974258
1446789976721
1446789979133
1446789981579
1446789984016
1446789986420
1446789988849
1446789991320
1446789993891
1446789996379
1446789998824
1446790001304
1446790003716
1446790006211
1446790008649
1446790011144
1446790013565
1446790016044
1446790018473
1446790020935
1446790023364
1446790025919
1446790028432
1446790030885
1446790033315
1446790035777
1446790038189
1446790040677
1446790043097
1446790045600
1446790048080
1446790050583
1446790053055
1446790055633
1446790058070
1446790060611
1446790063139
1446790065568
1446790068022
1446790070559
1446790073039
1446790075559
1446790078029
1446790080500
1446790082995
1446790085583
1446790088045
1446790090549
1446790093038
1446790095517
1446790098062
1446790100525
1446790103037
1446790105549
1446790108045
1446790110565
1446790113019
1446790115614
1446790118110
1446790120664
1446790123118
1446790125697
1446790128252
1446790130839
1446790133402
1446790135997
1446790138468
1446790140939
1446790143401
1446790145963
1446790148400
1446790150846
1446790153275
1446790155762
1446790158142
1446790160622
1446790162992
1446790165363
1446790167667
1446790170037
1446790172392
1446790174845
1446790177233
1446790179662
1446790182074
1446790184470
1446790186841
1446790189269
1446790191666
1446790194112
1446790196500
1446790198887
1446790201282
1446790203662
1446790206190
1446790208578
1446790211016
1446790213486
1446790215882
1446790218302
1446790220748
1446790223177
1446790225624
1446790228020
1446790230465
1446790232910
1446790235423
1446790237810
1446790240231
1446790242635
1446790245105
1446790247568
1446790250022
1446790252417
1446790255055
1446790257475
1446790259913
1446790262335
1446790264863
1446790267326
1446790269805
1446790272209
1446790274655
1446790277067
1446790279496
1446790281925
1446790284395
1446790286833
1446790289245
1446790291667
1446790294080
1446790296525
1446790299029
1446790301599
1446790304045
1446790306508
1446790308969
1446790311398
1446790313869
1446790316314
1446790318819
1446790321264
1446790323701
1446790326166
1446790328595
1446790331124
1446790333561
1446790336073
1446790338528
1446790341031
1446790343526
1446790346014
1446790348476
1446790350889
1446790353343
1446790355788
1446790358302
1446790360864
1446790363326
1446790365830
1446790368317
1446790370797
1446790373284
1446790375746
1446790378259
1446790380737
1446790383208
1446790385679
1446790388107
1446790390695
1446790393242
1446790395754
1446790398250
1446790400745
1446790403191
1446790405670
1446790408240
1446790410712
1446790413215
1446790415752
1446790418257
1446790420827
1446790423340
1446790425786
1446790428307
1446790430828
1446790433381
1446790435919
1446790438456
1446790440935
1446790443439
1446790445951
1446790448496
1446790451134
1446790453688
1446790456234
1446790458804
1446790461292
1446790463838
1446790466367
1446790468871
1446790471417
1446790473945
1446790476366
1446790478728
1446790481165
1446790483578
1446790486132
1446790488552
1446790490973
1446790493345
1446790495766
1446790498145
1446790500565
1446790502978
1446790505406
1446790507860
1446790510306
1446790512693
1446790515106
1446790517502
1446790520030
1446790522452
1446790524947
1446790527361
1446790529815
1446790532243
1446790534689
1446790537118
1446790539605
1446790542034
1446790544513
1446790546934
1446790549388
1446790551908
1446790554371
1446790556775
1446790559163
1446790561567
1446790563971
1446790566417
1446790568862
1446790571366
1446790573779
1446790576199
1446790578644
1446790581157
1446790583661
1446790586132
1446790588636
1446790591073
1446790593504
1446790595925
1446790598371
1446790600783
1446790603303
1446790605774
1446790608253
1446790610790
1446790613244
1446790615673
1446790618119
1446790620556
1446790623068
1446790625549
1446790628020
1446790630449
1446790632869
1446790635356
1446790637811
1446790640439
1446790642910
1446790645397
1446790647834
1446790650264
1446790652742
1446790655213
1446790657717
1446790660206
1446790662734
1446790665255
1446790667817
1446790670305
1446790672834
1446790675454
1446790677942
1446790680387
1446790682900
1446790685379
1446790687916
1446790690420
1446790692975
1446790695437
1446790697966
1446790700454
1446790702950
1446790705478
1446790708007
1446790710536
1446790713123
1446790715626
1446790718164
1446790720693
1446790723206
1446790725676
1446790728181
1446790730702
1446790733206
1446790735752
1446790738314
1446790740801
1446790743314
1446790745792
1446790748329
1446790750867
1446790753354
1446790755933
1446790758529
1446790761109
1446790763647
1446790766226
1446790768756
1446790771409
1446790773921
1446790776451
1446790778988
1446790781534
1446790784055
1446790786666
1446790789179
1446790791675
1446790794097
1446790796551
1446790798938
1446790801384
1446790803829
1446790806325
1446790808779
1446790811216
1446790813646
1446790816024
1446790818478
1446790820925
1446790823387
1446790825816
1446790828254
1446790830608
1446790833046
1446790835541
1446790837945
1446790840391
1446790842845
1446790845266
1446790847711
1446790850098
1446790852511
1446790854965
1446790857419
1446790859867
1446790862287
1446790864708
1446790867154
1446790869607
1446790872028
1446790874457
1446790876895
1446790879348
1446790881811
1446790884307
1446790886710
1446790889131
1446790891585
1446790893973
1446790896453
1446790898890
1446790901260
1446790903690
1446790906143
1446790908580
1446790911043
1446790913439
1446790915902
1446790918364
1446790920792
1446790923213
1446790925858
1446790928298
1446790930752
1446790933247
1446790935702
1446790938114
1446790940652
1446790943105
1446790945584
1446790948080
1446790950559
1446790953038
1446790955600
1446790958087
1446790960576
1446790963047
1446790965525
1446790967988
1446790970517
1446790972996
1446790975492
1446790978012
1446790980483
1446790982945
1446790985432
1446790987945
1446790990473
1446790992954
1446790995458
1446790997937
1446791000425
1446791002887
1446791005373
1446791007911
1446791010398
1446791012869
1446791015456
1446791017893
1446791020398
1446791022860
1446791025372
1446791027861
1446791030423
1446791032911
1446791035398
1446791037893
1446791040364
1446791042868
1446791045422
1446791047976
1446791050513
1446791053042
1446791055571
1446791058141
1446791060705
1446791063242
1446791065805
1446791068400
1446791070937
1446791073500
1446791076087
1446791078658
1446791081237
1446791083765
1446791086278
1446791088848
1446791091435
1446791094015
1446791096486
1446791098966
1446791101369
1446791103806
1446791106302
1446791108798
1446791111236
1446791113722
1446791116159
1446791118564
1446791120970
1446791123363
1446791125793
1446791128223
1446791130645
1446791133057
1446791135478
1446791137956
1446791140368
1446791142813
1446791145218
1446791147672
1446791150110
1446791152547
1446791154967
1446791157363
1446791159759
1446791162198
1446791164643
1446791167138
1446791169560
1446791171997
1446791174425
1446791176856
1446791179275
1446791181746
1446791184233
1446791186679
1446791189125
1446791191595
1446791194051
1446791196513
1446791199025
1446791201471
1446791203941
1446791206362
1446791208816
1446791211303
1446791213783
1446791216220
1446791218657
1446791221145
1446791223557
1446791226152
1446791228674
1446791231078
1446791233574
1446791236011
1446791238490
1446791240970
1446791243398
1446791245853
1446791248315
1446791250752
1446791253214
1446791255801
1446791258263
1446791260753
1446791263231
1446791265702
1446791268148
1446791270660
1446791273148
1446791275676
1446791278147
1446791280685
1446791283221
1446791285701
1446791288188
1446791290718
1446791293279
1446791295701
1446791298197
1446791300642
1446791303154
1446791305650
1446791308221
1446791310734
1446791313262
1446791315699
1446791318187
1446791320682
1446791323211
1446791325682
1446791328270
1446791330750
1446791333262
1446791335765
1446791338286
1446791340757
1446791343294
1446791345773
1446791348293
1446791350832
1446791353468
1446791356038
1446791358551
1446791361046
1446791363569
1446791366081
1446791368618
1446791371172
1446791373776
1446791376313
1446791378851
1446791381446
1446791383967
1446791386562
1446791389074
1446791391620
1446791394166
1446791396755
1446791399318
1446791401863
1446791404367
1446791406846
1446791409308
1446791411795
1446791414191
1446791416670
1446791419099
1446791421536
1446791423907
1446791426253
1446791428664
1446791431046
1446791433491
1446791435920
1446791438332
1446791440719
1446791443099
1446791445477
1446791447873
1446791450277
1446791452739
1446791455144
1446791457572
1446791460034
1446791462457
1446791464811
1446791467240
1446791469644
1446791472056
1446791474477
1446791476931
1446791479376
1446791481922
1446791484318
1446791486706
1446791489143
1446791491596
1446791494017
1446791496481
1446791498918
1446791501414
1446791503867
1446791506289
1446791508692
1446791511229
1446791513676
1446791516096
1446791518567
1446791521021
1446791523508
1446791525979
1446791528409
1446791530812
1446791533250
1446791535662
1446791538117
1446791540587
1446791543199
1446791545687
1446791548166
1446791550604
1446791553066
1446791555486
1446791557949
1446791560386
1446791562899
1446791565379
1446791567907
1446791570345
1446791572907
1446791575369
1446791577815
1446791580285
1446791582781
1446791585285
1446791587781
1446791590268
1446791592730
1446791595227
1446791597715
1446791600243
1446791602723
1446791605243
1446791607814
1446791610285
1446791612838
1446791615350
1446791617855
1446791620375
1446791622846
1446791625300
1446791627778
1446791630309
1446791632813
1446791635334
1446791637954
1446791640491
1446791643020
1446791645549
1446791648103
1446791650632
1446791653102
1446791655590
1446791658085
1446791660555
1446791663079
1446791665624
1446791668136
1446791670690
1446791673302
1446791675840
1446791678377
1446791680906
1446791683444
1446791685989
1446791688542
