1446787219540
1446787222137
1446787222759
1446787223356
1446787223961
1446787224599
1446787225204
1446787225827
1446787226439
1446787227045
1446787227683
1446787228288
1446787228886
1446787229540
1446787230112
1446787230733
1446787231372
1446787231954
1446787232534
1446787233156
1446787233736
1446787234325
1446787234979
1446787235568
1446787236174
1446787236812
1446787237417
1446787238030
1446787238652
1446787239249
1446787239871
1446787240468
1446787241064
1446787241703
1446787242292
1446787242888
1446787243502
1446787244081
1446787244704
1446787245317
1446787245939
1446787246561
1446787247191
1446787247804
1446787248385
1446787248956
1446787249637
1446787250233
1446787250831
1446787251453
1446787252066
1446787252655
1446787253276
1446787253881
1446787254602
1446787255258
1446787255847
1446787256452
1446787257090
1446787257653
1446787258325
1446787258923
1446787259519
1446787260116
1446787260729
1446787261335
1446787261957
1446787262545
1446787263167
1446787263813
1446787264394
1446787265025
1446787265630
1446787266269
1446787266899
1446787267529
1446787268151
1446787268756
1446787269361
1446787269983
1446787270596
1446787271202
1446787271806
1446787272362
1446787273008
1446787273639
1446787274235
1446787274841
1446787275446
1446787276009
1446787276648
1446787277236
1446787277825
1446787278455
1446787279026
1446787279674
1446787280287
1446787280876
1446787281506
1446787282119
1446787282716
1446787283354
1446787283968
1446787284582
1446787285211
1446787285825
1446787286446
1446787287069
1446787287699
1446787288329
1446787288934
1446787289647
1446787290261
1446787290833
1446787291471
1446787292060
1446787292673
1446787293312
1446787293916
1446787294513
1446787295127
1446787295690
1446787296337
1446787296950
1446787297539
1446787298163
1446787298784
1446787299381
1446787299986
1446787300616
1446787301255
1446787301876
1446787302515
1446787303145
1446787303759
1446787304389
1446787305035
1446787305649
1446787306279
1446787306893
1446787307498
1446787308144
1446787308742
1446787309380
1446787310043
1446787310623
1446787311253
1446787311867
1446787312439
1446787313069
1446787313690
1446787314287
1446787314943
1446787315556
1446787316153
1446787316816
1446787317413
1446787318036
1446787318690
1446787319279
1446787319917
1446787320539
1446787321145
1446787321757
1446787322413
1446787323009
1446787323665
1446787324287
1446787325000
1446787325639
1446787326293
1446787326915
1446787327563
1446787328159
1446787328789
1446787329419
1446787330033
1446787330671
1446787331284
1446787331916
1446787332562
1446787333168
1446787333797
1446787334428
1446787335034
1446787335696
1446787336319
1446787336940
1446787337546
1446787338184
1446787338789
1446787339419
1446787340041
1446787340638
1446787341285
1446787341865
1446787342487
1446787343116
1446787343705
1446787344361
1446787344965
1446787345579
1446787346225
1446787346831
1446787347452
1446787348099
1446787348697
1446787349351
1446787349965
1446787350570
1446787351200
1446787351822
1446787352468
1446787353082
1446787353704
1446787354342
1446787355040
1446787355661
1446787356258
1446787356913
1446787357535
1446787358140
1446787358795
1446787359409
1446787360038
1446787360660
1446787361274
1446787361912
1446787362534
1446787363131
1446787363761
1446787364366
1446787364963
1446787365561
1446787366183
1446787366822
1446787367459
1446787368057
1446787368704
1446787369333
1446787369956
1446787370594
1446787371232
1446787371838
1446787372492
1446787373106
1446787373711
1446787374366
1446787374972
1446787375601
1446787376249
1446787376870
1446787377542
1446787378164
1446787378769
1446787379408
1446787380004
1446787380618
1446787381273
1446787381853
1446787382483
1446787383096
1446787383702
1446787384290
1446787385029
1446787385659
1446787386222
1446787386827
1446787387432
1446787388029
1446787388676
1446787389248
1446787389828
1446787390466
1446787391038
1446787391677
1446787392315
1446787392904
1446787393533
1446787394156
1446787394753
1446787395366
1446787395980
1446787396593
1446787397190
1446787397829
1446787398433
1446787399023
1446787399653
1446787400259
1446787400847
1446787401427
1446787402007
1446787402595
1446787403209
1446787403789
1446787404353
1446787404975
1446787405546
1446787406119
1446787406723
1446787407279
1446787407884
1446787408497
1446787409094
1446787409724
1446787410313
1446787410893
1446787411523
1446787412112
1446787412708
1446787413322
1446787413894
1446787414492
1446787415162
1446787415759
1446787416364
1446787416944
1446787417549
1446787418147
1446787418726
1446787419323
1446787419911
1446787420483
1446787421089
1446787421685
1446787422274
1446787422895
1446787423484
1446787424065
1446787424703
1446787425275
1446787425871
1446787426493
1446787427074
1446787427703
1446787428284
1446787428864
1446787429494
1446787430108
1446787430679
1446787431270
1446787431900
1446787432455
1446787433053
1446787433682
1446787434263
1446787434884
1446787435473
1446787436061
1446787436666
1446787437264
1446787437885
1446787438482
1446787439053
1446787439667
1446787440231
1446787440819
1446787441408
1446787441971
1446787442584
1446787443165
1446787443761
1446787444367
1446787445021
1446787445610
1446787446224
1446787446837
1446787447434
1446787448047
1446787448611
1446787449241
1446787449796
1446787450418
1446787450990
1446787451578
1446787452158
1446787452705
1446787453278
1446787453907
1446787454513
1446787455100
1446787455681
1446787456270
1446787456875
1446787457472
1446787458060
1446787458665
1446787459237
1446787459817
1446787460423
1446787460994
1446787461591
1446787462197
1446787462760
1446787463342
1446787463946
1446787464518
1446787465116
1446787465712
1446787466276
1446787466897
1446787467486
1446787468066
1446787468688
1446787469252
1446787469848
1446787470420
1446787471008
1446787471613
1446787472185
1446787472790
1446787473371
1446787473984
1446787474564
1446787475161
1446787475774
1446787476363
1446787476959
1446787477565
1446787478171
1446787478783
1446787479372
1446787480052
1446787480666
1446787481246
1446787481826
1446787482423
1446787483003
1446787483616
1446787484197
1446787484776
1446787485399
1446787485978
1446787486575
1446787487163
1446787487736
1446787488341
1446787488912
1446787489501
1446787490131
1446787490712
1446787491309
1446787491888
1446787492486
1446787493107
1446787493696
1446787494310
1446787494930
1446787495511
1446787496157
1446787496764
1446787497328
1446787497933
1446787498522
1446787499118
1446787499724
1446787500337
1446787500909
1446787501523
1446787502119
1446787502691
1446787503313
1446787503893
1446787504490
1446787505111
1446787505692
1446787506313
1446787506919
1446787507508
1446787508129
1446787508709
1446787509331
1446787509928
1446787510558
1446787511188
1446787511777
1446787512390
1446787513012
1446787513592
1446787514239
1446787514886
1446787515474
1446787516129
1446787516710
1446787517289
1446787517895
1446787518466
1446787519047
1446787519713
1446787520274
1446787520879
1446787521450
1446787522039
1446787522653
1446787523216
1446787523780
1446787524359
1446787524932
1446787525521
1446787526142
1446787526739
1446787527369
1446787527991
1446787528571
1446787529186
1446787529766
1446787530346
1446787530918
1446787531498
1446787532095
1446787532700
1446787533263
1446787533877
1446787534465
1446787535054
1446787535643
1446787536214
1446787536820
1446787537416
1446787537988
1446787538610
1446787539190
1446787539795
1446787540408
1446787540997
1446787541619
1446787542216
1446787542805
1446787543426
1446787543998
1446787544603
1446787545283
1446787545897
1446787546485
1446787547082
1446787547695
1446787548259
1446787548873
1446787549461
1446787550091
1446787550713
1446787551310
1446787551915
1446787552553
1446787553125
1446787553738
1446787554344
1446787554924
1446787555562
1446787556160
1446787556747
1446787557370
1446787557942
1446787558555
1446787559144
1446787559732
1446787560354
1446787560936
1446787561524
1446787562137
1446787562734
1446787563348
1446787563936
1446787564516
1446787565138
1446787565701
1446787566298
1446787566911
1446787567467
1446787568097
1446787568693
1446787569274
1446787569904
1446787570484
1446787571090
1446787571703
1446787572300
1446787572929
1446787573527
1446787574132
1446787574746
1446787575459
1446787576030
1446787576602
1446787577241
1446787577812
1446787578426
1446787579039
1446787579620
1446787580284
1446787580905
1446787581494
1446787582123
1446787582721
1446787583325
1446787583939
1446787584503
1446787585074
1446787585680
1446787586284
1446787586906
1446787587495
1446787588092
1446787588714
1446787589293
1446787589924
1446787590521
1446787591109
1446787591731
1446787592311
1446787592925
1446787593515
1446787594086
1446787594700
1446787595313
1446787595885
1446787596524
1446787597128
1446787597734
1446787598372
1446787598969
1446787599565
1446787600213
1446787600810
1446787601423
1446787602045
1446787602666
1446787603297
1446787603919
1446787604499
1446787605179
1446787605800
1446787606422
1446787607020
1446787607616
1446787608246
1446787608876
1446787609481
1446787610079
1446787610642
1446787611255
1446787611868
1446787612432
1446787613038
1446787613642
1446787614248
1446787614894
1446787615516
1446787616154
1446787616751
1446787617365
1446787618003
1446787618634
1446787619238
1446787619844
1446787620474
1446787621087
1446787621701
1446787622306
1446787622936
1446787623533
1446787624146
1446787624760
1446787625356
1446787625970
1446787626560
1446787627148
1446787627770
1446787628392
1446787628972
1446787629594
1446787630216
1446787630804
1446787631467
1446787632073
1446787632694
1446787633325
1446787633914
1446787634502
1446787635182
1446787635837
1446787636417
1446787637064
1446787637652
1446787638249
1446787638846
1446787639468
1446787640107
1446787640745
1446787641342
1446787641955
1446787642602
1446787643183
1446787643804
1446787644426
1446787644997
1446787645653
1446787646242
1446787646821
1446787647452
1446787648031
1446787648645
1446787649276
1446787649872
1446787650519
1446787651132
1446787651738
1446787652309
1446787652956
1446787653553
1446787654150
1446787654788
1446787655376
1446787655982
1446787656604
1446787657192
1446787657831
1446787658444
1446787659057
1446787659664
1446787660252
1446787660874
1446787661479
1446787662068
1446787662698
1446787663286
1446787663900
1446787664522
1446787665185
1446787665807
1446787666387
1446787666993
1446787667622
1446787668203
1446787668857
1446787669471
1446787670085
1446787670698
1446787671312
1446787671941
1446787672522
1446787673102
1446787673740
1446787674363
1446787674984
1446787675606
1446787676220
1446787676850
1446787677480
1446787678093
1446787678748
1446787679362
1446787679975
1446787680614
1446787681177
1446787681849
1446787682446
1446787683051
1446787683681
1446787684269
1446787684883
1446787685522
1446787686101
1446787686732
1446787687370
1446787687967
1446787688605
1446787689219
1446787689833
1446787690479
1446787691109
1446787691747
1446787692361
1446787692986
1446787693565
1446787694154
1446787694775
1446787695456
1446787696078
1446787696683
1446787697313
1446787697909
1446787698540
1446787699187
1446787699800
1446787700431
1446787701043
1446787701641
1446787702255
1446787702892
1446787703490
1446787704161
1446787704775
1446787705412
1446787705985
1446787706632
1446787707220
1446787707850
1446787708447
1446787709077
1446787709699
1446787710312
1446787710909
1446787711531
1446787712161
1446787712758
1446787713380
1446787714010
1446787714590
1446787715229
1446787715842
1446787716422
1446787717053
1446787717657
1446787718238
1446787718885
1446787719473
1446787720078
1446787720758
1446787721338
1446787721985
1446787722632
1446787723229
1446787723884
1446787724523
1446787725252
1446787725874
1446787726498
1446787727111
1446787727724
1446787728329
1446787728968
1446787729573
1446787730220
1446787730850
1446787731446
1446787732085
1446787732691
1446787733287
1446787733926
1446787734514
1446787735119
1446787735750
1446787736329
1446787736935
1446787737565
1446787738145
1446787738792
1446787739414
1446787740011
1446787740673
1446787741279
1446787741876
1446787742523
1446787743120
1446787743733
1446787744372
1446787744943
1446787745548
1446787746179
1446787746759
1446787747372
1446787747985
1446787748582
1446787749213
1446787749817
1446787750431
1446787751053
1446787751683
1446787752322
1446787752901
1446787753532
1446787754153
1446787754734
1446787755373
1446787755977
1446787756591
1446787757204
1446787757818
1446787758448
1446787759060
1446787759658
1446787760371
1446787761003
1446787761633
1446787762263
1446787762894
1446787763532
1446787764146
1446787764767
1446787765414
1446787766011
1446787766674
1446787767288
1446787767901
1446787768565
1446787769145
1446787769783
1446787770414
1446787770993
1446787771641
1446787772254
1446787772859
1446787773489
1446787774086
1446787774716
1446787775330
1446787775943
1446787776574
1446787777170
1446787777800
1446787778406
1446787779002
1446787779641
1446787780246
1446787780859
1446787781497
1446787782078
1446787782725
1446787783329
1446787783927
1446787784581
1446787785178
1446787785809
1446787786447
1446787787061
1446787787707
1446787788337
1446787788960
1446787789606
1446787790337
1446787790949
1446787791588
1446787792210
1446787792807
1446787793454
1446787794075
1446787794690
1446787795346
1446787795975
1446787796589
1446787797227
1446787797858
1446787798496
1446787799135
1446787799748
1446787800403
1446787801017
1446787801655
1446787802293
1446787802924
1446787803595
1446787804201
1446787804839
1446787805494
1446787806108
1446787806771
1446787807401
1446787808006
1446787808670
1446787809275
1446787809905
1446787810560
1446787811165
1446787811804
1446787812434
1446787813064
1446787813694
1446787814316
1446787814954
1446787815559
1446787816198
1446787816845
1446787817433
1446787818080
1446787818693
1446787819290
1446787819946
1446787820609
1446787821189
1446787821844
1446787822449
1446787823071
1446787823726
1446787824340
1446787824928
1446787825575
1446787826172
1446787826818
1446787827482
1446787828095
1446787828727
1446787829357
1446787829970
1446787830626
1446787831264
1446787831911
1446787832525
1446787833163
1446787833802
