1446769491864
1446769494511
1446769495157
1446769495728
1446769496326
1446769496964
1446769497536
1446769498150
1446769498788
1446769499376
1446769499989
1446769500636
1446769501343
1446769501957
1446769502587
1446769503175
1446769503797
1446769504402
1446769505007
1446769505629
1446769506234
1446769506831
1446769507445
1446769508058
1446769508680
1446769509318
1446769509948
1446769510561
1446769511167
1446769511789
1446769512394
1446769512999
1446769513637
1446769514251
1446769514840
1446769515461
1446769516091
1446769516688
1446769517326
1446769517924
1446769518520
1446769519159
1446769519788
1446769520428
1446769521066
1446769521646
1446769522259
1446769522906
1446769523511
1446769524142
1446769524780
1446769525385
1446769526056
1446769526687
1446769527268
1446769527922
1446769528536
1446769529124
1446769529771
1446769530359
1446769531056
1446769531695
1446769532284
1446769532906
1446769533518
1446769534124
1446769534756
1446769535403
1446769536025
1446769536663
1446769537277
1446769537899
1446769538520
1446769539134
1446769539764
1446769540361
1446769540975
1446769541621
1446769542218
1446769542872
1446769543495
1446769544067
1446769544722
1446769545336
1446769545924
1446769546571
1446769547158
1446769547772
1446769548402
1446769548974
1446769549579
1446769550201
1446769550823
1446769551462
1446769552067
1446769552664
1446769553302
1446769553907
1446769554521
1446769555159
1446769555781
