1446780711975
1446780714700
1446780715305
1446780715910
1446780716565
1446780717162
1446780717801
1446780718439
1446780719052
1446780719682
1446780720304
1446780720859
1446780721506
1446780722128
1446780722708
1446780723322
1446780723910
1446780724507
1446780725121
1446780725708
1446780726339
1446780726935
1446780727549
1446780728163
1446780728776
1446780729414
1446780730002
1446780730625
1446780731255
1446780731876
1446780732499
1446780733111
1446780733717
1446780734364
1446780734977
1446780735601
1446780736230
1446780736844
1446780737432
1446780738088
1446780738685
1446780739281
1446780739912
1446780740474
1446780741080
1446780741694
1446780742282
1446780742887
1446780743500
1446780744231
1446780744853
1446780745458
1446780746080
1446780746684
1446780747282
1446780747920
1446780748508
1446780749139
1446780749785
1446780750390
1446780751004
1446780751626
1446780752239
1446780752852
1446780753500
1446780754122
1446780754768
1446780755390
1446780755953
1446780756584
1446780757181
1446780757819
1446780758441
1446780759079
1446780759709
1446780760339
1446780760944
1446780761517
1446780762105
1446780762727
1446780763356
1446780763987
1446780764609
1446780765205
1446780765844
1446780766465
1446780767071
1446780767685
1446780768289
1446780768904
1446780769518
1446780770148
1446780770754
1446780771416
1446780772014
1446780772635
1446780773299
1446780773890
1446780774575
1446780775198
1446780775819
