1446780447185
1446780449881
1446780450503
1446780451157
1446780451763
1446780452402
1446780453040
1446780453645
1446780454291
1446780454914
1446780455519
1446780456182
1446780456796
1446780457425
1446780458073
1446780458661
1446780459324
1446780459946
1446780460576
1446780461215
1446780461836
1446780462483
1446780463090
1446780463761
1446780464417
1446780465030
1446780465644
1446780466291
1446780466887
1446780467501
1446780468147
1446780468744
1446780469383
1446780469997
1446780470610
1446780471248
1446780471862
1446780472492
1446780473114
1446780473719
1446780474390
1446780474987
1446780475610
1446780476248
1446780476845
1446780477474
1446780478088
1446780478752
1446780479365
1446780479971
1446780480625
1446780481222
1446780481827
1446780482457
1446780483088
1446780483701
1446780484282
1446780484928
1446780485492
1446780486105
1446780486702
1446780487291
1446780487920
1446780488518
1446780489131
1446780489719
1446780490316
1446780490879
1446780491485
1446780492074
1446780492662
1446780493275
1446780493888
1446780494485
1446780495041
1446780495621
1446780496211
1446780496799
1446780497379
1446780497992
1446780498556
1446780499162
1446780499783
1446780500338
1446780500943
1446780501549
1446780502129
1446780502759
1446780503356
1446780503944
1446780504549
1446780505113
1446780505676
1446780506290
1446780506853
1446780507458
1446780508056
1446780508627
1446780509216
1446780509820
1446780510376
