1446780513354
1446780515940
1446780516536
1446780517125
1446780517738
1446780518318
1446780518923
1446780519520
1446780520109
1446780520730
1446780521311
1446780521907
1446780522521
1446780523093
1446780523798
1446780524370
1446780524991
1446780525572
1446780526169
1446780526748
1446780527329
1446780527909
1446780528497
1446780529111
1446780529716
1446780530299
1446780530878
1446780531450
1446780532039
1446780532627
1446780533216
1446780533796
1446780534376
1446780534989
1446780535528
1446780536092
1446780536696
1446780537260
1446780537865
1446780538445
1446780539034
1446780539639
1446780540203
1446780540824
1446780541404
1446780541993
1446780542598
1446780543187
1446780543842
1446780544439
1446780545028
1446780545624
1446780546213
1446780546768
1446780547365
1446780547929
1446780548508
1446780549122
1446780549685
1446780550266
1446780550880
1446780551434
1446780552023
1446780552619
1446780553183
1446780553905
1446780554493
1446780555065
1446780555695
1446780556276
1446780556864
1446780557502
1446780558066
1446780558671
1446780559276
1446780559856
1446780560461
1446780561050
1446780561597
1446780562179
1446780562758
1446780563305
1446780563902
1446780564499
1446780565121
1446780565717
1446780566289
1446780566887
1446780567458
1446780568022
1446780568610
1446780569174
1446780569804
1446780570384
1446780570973
1446780571585
1446780572158
1446780572788
1446780573376
1446780573957
1446780574570
