1446781587362
1446781591765
1446781594302
1446781596798
1446781599384
1446781601873
1446781604401
1446781606854
1446781609729
1446781612299
1446781614795
1446781617348
1446781619887
1446781622391
1446781624894
1446781627432
1446781629911
1446781632439
1446781634936
1446781637523
1446781640093
1446781642688
1446781645117
1446781647597
1446781650100
1446781652554
1446781654951
1446781657380
1446781659826
1446781662255
1446781664675
1446781667113
1446781669484
1446781672022
1446781674451
1446781676887
1446781679284
1446781681753
1446781684116
1446781686505
1446781688892
1446781691280
1446781693658
1446781696078
1446781698458
1446781700929
1446781703350
1446781705728
1446781708157
1446781710586
1446781713015
1446781715476
1446781717898
1446781720311
1446781722716
1446781725103
1446781727498
1446781729936
1446781732456
1446781734852
1446781737290
1446781739668
1446781742089
1446781744518
1446781746913
1446781749326
1446781751706
1446781754151
1446781756556
1446781758984
1446781761464
1446781763976
1446781766397
1446781768818
1446781771213
1446781773668
1446781776063
1446781778533
1446781781004
1446781783491
1446781785938
1446781788392
1446781790971
1446781793409
1446781795879
1446781798274
1446781800712
1446781803149
1446781805611
1446781808007
1446781810478
1446781812940
1446781815427
1446781817885
1446781820353
1446781822874
1446781825353
1446781827773
1446781830285
1446781832782
1446781835302
1446781837831
1446781840318
1446781842805
1446781845276
1446781847780
1446781850308
1446781852807
1446781855302
1446781857817
1446781860294
1446781862814
1446781865335
1446781867872
1446781870334
1446781872822
1446781875308
1446781877779
1446781880242
1446781882720
1446781885226
1446781887738
1446781890241
1446781892846
1446781895299
1446781897787
1446781900232
1446781902778
1446781905299
1446781907811
1446781910314
1446781912836
1446781915339
1446781917901
1446781920399
1446781922961
1446781925490
1446781928077
1446781930589
1446781933102
1446781935614
1446781938135
1446781940672
1446781943217
1446781945705
1446781948250
1446781950720
1446781953301
1446781955721
1446781958143
1446781960570
1446781963008
1446781965429
1446781967833
1446781970188
1446781972550
1446781974961
1446781977366
1446781979803
1446781982298
1446781984703
1446781987041
1446781989438
1446781991866
1446781994278
1446781996699
1446781999103
1446782001515
1446782003936
1446782006331
1446782008744
1446782011239
1446782013660
1446782016039
1446782018419
1446782020848
1446782023261
1446782025731
1446782028169
1446782030623
1446782033076
1446782035522
1446782037934
1446782040330
1446782042809
1446782045296
1446782047859
1446782050354
1446782052784
1446782055247
1446782057659
1446782060097
1446782062525
1446782065004
1446782067442
1446782069904
1446782072366
1446782074804
1446782077357
1446782079853
1446782082240
1446782084712
1446782087150
1446782089628
1446782092107
1446782094478
1446782096906
1446782099328
1446782101723
1446782104202
1446782106665
1446782109093
1446782111631
1446782114093
1446782116547
1446782119003
1446782121515
1446782123961
1446782126423
1446782128852
1446782131315
1446782133785
1446782136272
1446782138727
1446782141288
1446782143750
1446782146321
1446782148792
1446782151214
1446782153601
1446782156105
1446782158601
1446782161105
1446782163583
1446782166071
1446782168550
1446782171037
1446782173508
1446782176044
1446782178541
1446782181036
1446782183606
1446782186187
1446782188616
1446782191179
1446782193707
1446782196236
1446782198724
1446782201202
1446782203740
1446782206293
1446782208863
1446782211451
1446782214072
1446782216617
1446782219123
1446782221635
1446782224223
1446782226801
1446782229355
1446782231901
1446782234404
1446782236934
1446782239462
1446782242083
1446782244621
1446782247191
1446782249769
1446782252332
1446782254820
1446782257342
1446782259853
1446782262282
1446782264753
1446782267190
1446782269610
1446782272048
1446782274460
1446782276948
1446782279393
1446782281747
1446782284143
1446782286532
1446782288978
1446782291373
1446782293835
1446782296239
1446782298710
1446782301122
1446782303535
1446782305930
1446782308434
1446782310830
1446782313250
1446782315646
1446782318075
1446782320522
1446782322959
1446782325380
1446782327792
1446782330229
1446782332641
1446782335071
1446782337625
1446782340028
1446782342491
1446782344945
1446782347349
1446782349761
1446782352200
1446782354654
1446782357133
1446782359546
1446782361958
1446782364361
1446782366782
1446782369186
1446782371765
1446782374219
1446782376698
1446782379152
1446782381631
1446782384087
1446782386500
1446782388912
1446782391382
1446782393828
1446782396323
1446782398761
1446782401215
1446782403668
1446782406106
1446782408510
1446782410955
1446782413351
1446782415805
1446782418269
1446782420748
1446782423176
1446782425647
1446782428026
1446782430472
1446782433034
1446782435546
1446782437984
1446782440463
1446782442941
1446782445412
1446782447858
1446782450320
1446782452784
1446782455229
1446782457717
1446782460229
1446782462732
1446782465195
1446782467807
1446782470295
1446782472757
1446782475202
1446782477665
1446782480169
1446782482672
1446782485161
1446782487632
1446782490120
1446782492556
1446782495060
1446782497606
1446782500026
1446782502531
1446782505026
1446782507530
1446782510068
1446782512630
1446782515142
1446782517688
1446782520184
1446782522722
1446782525284
1446782527846
1446782530334
1446782532929
1446782535516
1446782538037
1446782540615
1446782543162
1446782545740
1446782548252
1446782550798
1446782553345
1446782555865
1446782558478
1446782561040
1446782563578
1446782566114
1446782568668
1446782571131
1446782573601
1446782576064
1446782578459
1446782580813
1446782583243
1446782585613
1446782588126
1446782590572
1446782593026
1446782595430
1446782597809
1446782600188
1446782602567
1446782604946
1446782607416
1446782609846
1446782612283
1446782614712
1446782617241
1446782619746
1446782622225
1446782624645
1446782627091
1446782629503
1446782631965
1446782634403
1446782636849
1446782639236
1446782641640
1446782644019
1446782646432
1446782648927
1446782651347
1446782653787
1446782656258
1446782658636
1446782661058
1446782663469
1446782665891
1446782668280
1446782670748
1446782673152
1446782675606
1446782678151
1446782680581
1446782682985
1446782685390
1446782687777
1446782690189
1446782692627
1446782695022
1446782697502
1446782699972
1446782702451
1446782704897
1446782707351
1446782709754
1446782712284
1446782714679
1446782717150
1446782719605
1446782722084
1446782724539
1446782726975
1446782729471
1446782731867
1446782734420
1446782736850
1446782739303
1446782741815
1446782744362
1446782746857
1446782749310
1446782751824
1446782754303
1446782756824
1446782759295
1446782761782
1446782764253
1446782766781
1446782769269
1446782771781
1446782774235
1446782776739
1446782779260
1446782781730
1446782784243
1446782786690
1446782789194
1446782791756
1446782794243
1446782796739
1446782799226
1446782801704
1446782804184
1446782806671
1446782809267
1446782811779
1446782814233
1446782816704
1446782819142
1446782821655
1446782824159
1446782826637
1446782829133
1446782831603
1446782834074
1446782836603
1446782839199
1446782841736
1446782844282
1446782846802
1446782849306
1446782851827
1446782854415
1446782856969
1446782859498
1446782862052
1446782864597
1446782867151
1446782869697
1446782872259
1446782874772
1446782877192
1446782879662
1446782882092
1446782884496
1446782886859
1446782889272
1446782891684
1446782894097
1446782896500
1446782899012
1446782901450
1446782903837
1446782906208
1446782908629
1446782910974
1446782913379
1446782915799
1446782918219
1446782920584
1446782922913
1446782925291
1446782927721
1446782930125
1446782932538
1446782934875
1446782937311
1446782939708
1446782942086
1446782944532
1446782947028
1446782949423
1446782951837
1446782954224
1446782956628
1446782959091
1446782961461
1446782963866
1446782966286
1446782968673
1446782971086
1446782973515
1446782975943
1446782978356
1446782980718
1446782983147
1446782985553
1446782988106
1446782990569
1446782992956
1446782995344
1446782997731
1446783000210
1446783002639
1446783005093
1446783007538
1446783009976
1446783012338
1446783014792
1446783017231
1446783019710
1446783022189
1446783024643
1446783027046
1446783029551
1446783031963
1446783034434
1446783036879
1446783039324
1446783041787
1446783044282
1446783046786
1446783049307
1446783051771
1446783054250
1446783056687
1446783059124
1446783061579
1446783064115
1446783066553
1446783069007
1446783071527
1446783074032
1446783076469
1446783078989
1446783081468
1446783084090
1446783086594
1446783089131
1446783091618
1446783094106
1446783096518
1446783099022
1446783101493
1446783103938
1446783106434
1446783108955
1446783111483
1446783114071
1446783116608
1446783119089
1446783121617
1446783124096
1446783126592
1446783129112
1446783131624
1446783134129
1446783136699
1446783139178
1446783141665
1446783144219
1446783146723
1446783149252
1446783151757
1446783154270
1446783156715
1446783159228
1446783161698
1446783164260
1446783166764
1446783169310
1446783171863
1446783174509
1446783177021
1446783179567
1446783182087
1446783184658
1446783187223
1446783189776
1446783192272
1446783194701
1446783197113
1446783199559
1446783201980
1446783204425
1446783206838
1446783209316
1446783211746
1446783214116
1446783216511
1446783218942
1446783221346
1446783223733
1446783226104
1446783228549
1446783230962
1446783233399
1446783235828
1446783238316
1446783240753
1446783243123
1446783245544
1446783247939
1446783250327
1446783252782
1446783255194
1446783257607
1446783260019
1446783262424
1446783264827
1446783267239
1446783269702
1446783272106
1446783274568
1446783277031
1446783279484
1446783281889
1446783284285
1446783286681
1446783289161
1446783291597
1446783294059
1446783296497
1446783299051
1446783301497
1446783303984
1446783306379
1446783308817
1446783311254
1446783313692
1446783316146
1446783318651
1446783321097
1446783323576
1446783325987
1446783328492
1446783330920
1446783333342
1446783335754
1446783338232
1446783340628
1446783343057
1446783345485
1446783347907
1446783350420
1446783352908
1446783355353
1446783357840
1446783360378
1446783362748
1446783365203
1446783367723
1446783370160
1446783372714
1446783375218
1446783377738
1446783380218
1446783382747
1446783385203
1446783387673
1446783390168
1446783392656
1446783395076
1446783397530
1446783400026
1446783402571
1446783405000
1446783407471
1446783409941
1446783412429
1446783414866
1446783417363
1446783419934
1446783422471
1446783424984
1446783427529
1446783429991
1446783432512
1446783434974
1446783437479
1446783439999
1446783442461
1446783444940
1446783447427
1446783450048
1446783452513
1446783455025
1446783457529
1446783459966
1446783462511
1446783465007
1446783467536
1446783470074
1446783472611
1446783475156
1446783477635
1446783480197
1446783482701
1446783485198
1446783487735
1446783490298
1446783492880
1446783495380
1446783497935
1446783500513
1446783503033
1446783505580
1446783508091
1446783510654
1446783513191
1446783515720
1446783518265
1446783520771
1446783523301
1446783525738
1446783528191
1446783530646
1446783533066
1446783535461
1446783537899
1446783540261
1446783542699
1446783545086
1446783547464
1446783549930
1446783552382
1446783554786
1446783557207
1446783559627
1446783562057
1446783564419
1446783566822
1446783569252
1446783571722
1446783574118
1446783576539
1446783579017
1446783581430
1446783583892
1446783586289
1446783588727
1446783591189
1446783593634
1446783596080
1446783598475
1446783600905
1446783603292
1446783605754
1446783608175
1446783610721
1446783613133
1446783615604
1446783617959
1446783620405
1446783622800
1446783625229
1446783627650
1446783630070
1446783632483
1446783634987
1446783637415
1446783639945
1446783642407
1446783644810
1446783647265
1446783649702
1446783652200
1446783654637
1446783657107
1446783659586
1446783662015
1446783664478
1446783666931
1446783669402
1446783671864
1446783674326
1446783676813
1446783679285
1446783681705
1446783684202
1446783686714
1446783689184
1446783691639
1446783694151
1446783696638
1446783699134
1446783701604
1446783704175
1446783706654
1446783709099
1446783711537
1446783714024
1446783716544
1446783719034
1446783721521
1446783724009
1446783726429
1446783728941
1446783731412
1446783734007
1446783736537
1446783739074
1446783741586
1446783744116
1446783746594
1446783749139
1446783751612
1446783754132
1446783756637
1446783759182
1446783761694
1446783764298
1446783766777
1446783769297
1446783771777
1446783774289
1446783776826
1446783779330
1446783781783
1446783784321
1446783786876
1446783789421
1446783791918
1446783794471
1446783797017
1446783799704
1446783802241
1446783804795
1446783807341
1446783809887
1446783812432
1446783814994
1446783817515
1446783820053
1446783822590
1446783825111
1446783827640
1446783830278
1446783832748
1446783835102
1446783837523
1446783839918
1446783842338
1446783844685
1446783847097
1446783849493
1446783851922
1446783854302
1446783856698
1446783859185
1446783861573
1446783863951
1446783866347
1446783868768
1446783871138
1446783873592
1446783876005
1446783878400
1446783880755
1446783883166
1446783885513
1446783887901
1446783890446
1446783892817
1446783895221
1446783897583
1446783899971
1446783902325
1446783904753
1446783907166
1446783909628
1446783912090
1446783914536
1446783917023
1446783919521
1446783921900
1446783924345
1446783926766
1446783929170
1446783931641
1446783934094
1446783936548
1446783938978
1446783941423
1446783943860
1446783946331
1446783948751
1446783951332
1446783953802
1446783956273
1446783958727
1446783961189
1446783963634
1446783966081
1446783968493
1446783970955
1446783973434
1446783975921
1446783978425
1446783980887
1446783983316
1446783985864
1446783988376
1446783990847
1446783993318
1446783995763
1446783998234
1446784000638
1446784003101
1446784005546
1446784008008
1446784010487
1446784012941
1446784015553
1446784018034
1446784020462
1446784022934
1446784025387
1446784027807
1446784030262
1446784032790
1446784035252
1446784037732
1446784040160
1446784042623
1446784045210
1446784047697
1446784050201
1446784052707
1446784055202
1446784057656
