1446796718525
1446796722851
1446796725332
1446796727861
1446796730473
1446796733026
1446796735547
1446796738118
1446796741024
1446796743595
1446796746166
1446796748753
1446796751357
1446796753878
1446796756415
1446796758987
1446796761591
1446796764161
1446796766715
1446796769277
1446796771814
1446796774377
1446796776930
1446796779402
1446796781864
1446796784276
1446796786730
1446796789175
1446796791620
1446796794068
1446796796614
1446796799034
1446796801513
1446796803942
1446796806363
1446796808800
1446796811213
1446796813675
1446796816087
1446796818466
1446796820878
1446796823307
1446796825771
1446796828158
1446796830571
1446796832950
1446796835320
1446796837742
1446796840136
1446796842565
1446796845003
1446796847432
1446796849853
1446796852340
1446796854818
1446796858247
1446796860661
1446796863082
1446796865461
1446796867923
1446796870352
1446796872806
1446796875235
1446796877673
1446796880059
1446796882456
1446796884868
1446796887313
1446796889742
1446796892197
1446796894610
1446796897047
1446796899549
1446796902039
1446796904526
1446796907071
1446796909551
1446796911963
1446796914426
1446796916912
1446796919374
1446796921837
1446796924332
1446796926837
1446796929342
1446796931813
1446796934300
1446796936754
1446796939266
1446796941745
1446796944282
1446796946820
1446796949257
1446796951794
1446796954290
1446796956761
1446796959258
1446796961795
1446796964215
1446796966711
1446796969173
1446796971652
1446796974090
1446796976560
1446796979065
1446796981635
1446796984150
1446796986651
1446796989213
1446796991684
1446796994149
1446796996653
1446796999132
1446797001611
1446797004164
1446797006685
1446797009205
1446797011801
1446797014297
1446797016775
1446797019305
1446797021784
1446797024329
1446797026868
1446797029388
1446797031884
1446797034388
1446797036858
1446797039371
1446797041933
1446797044470
1446797046974
1446797049553
1446797052091
1446797054694
1446797057214
1446797059768
1446797062324
1446797064862
1446797067407
1446797069953
1446797072598
1446797075168
1446797077755
1446797080343
1446797082938
1446797085493
1446797087988
1446797090541
1446797092963
1446797095418
1446797097796
1446797100259
1446797102638
1446797105017
1446797107354
1446797109766
1446797112154
1446797114533
1446797116946
1446797119333
1446797121770
1446797124166
1446797126553
1446797128983
1446797131479
1446797133891
1446797136346
1446797138766
1446797141187
1446797143600
1446797145987
1446797148400
1446797150778
1446797153182
1446797155578
1446797157990
1446797160353
1446797162766
1446797165212
1446797167666
1446797170036
1446797172482
1446797174945
1446797177373
1446797179769
1446797182198
1446797184602
1446797187056
1446797189443
1446797191930
1446797194394
1446797196948
1446797199393
1446797201931
1446797204385
1446797206806
1446797209226
1446797211655
1446797214068
1446797216513
1446797218959
1446797221404
1446797223875
1446797226389
1446797228851
1446797231330
1446797233826
1446797236338
1446797238793
1446797241254
1446797243716
1446797246204
1446797248666
1446797251171
1446797253632
1446797256244
1446797258776
1446797261263
1446797263733
1446797266221
1446797268650
1446797271137
1446797273633
1446797276136
1446797278616
1446797281127
1446797283598
1446797286136
1446797288556
1446797291069
1446797293557
1446797296086
1446797298590
1446797301127
1446797303573
1446797306027
1446797308572
1446797311068
1446797313514
1446797316084
1446797318605
1446797321134
1446797323630
1446797326133
1446797328722
1446797331243
1446797333813
1446797336342
1446797338905
1446797341383
1446797343954
1446797346566
1446797349128
1446797351649
1446797354203
1446797356806
1446797359377
1446797361915
1446797364420
1446797366957
1446797369469
1446797372023
1446797374610
1446797377198
1446797379751
1446797382247
1446797384818
1446797387339
1446797389909
1446797392471
1446797395050
1446797397556
1446797400001
1446797402455
1446797404868
1446797407396
1446797409867
1446797412263
1446797414758
1446797417146
1446797419625
1446797422045
1446797424466
1446797426853
1446797429259
1446797431621
1446797434084
1446797436597
1446797439018
1446797441431
1446797443851
1446797446246
1446797448651
1446797451063
1446797453525
1446797455996
1446797458416
1446797460872
1446797463259
1446797465821
1446797468284
1446797470805
1446797473243
1446797475730
1446797478150
1446797480604
1446797482983
1446797485463
1446797487883
1446797490361
1446797492833
1446797495304
1446797497816
1446797500279
1446797502849
1446797505312
1446797507782
1446797510194
1446797512649
1446797515119
1446797517607
1446797520077
1446797522556
1446797525018
1446797527408
1446797529811
1446797532333
1446797534803
1446797537274
1446797539786
1446797542215
1446797544636
1446797547090
1446797549535
1446797552031
1446797554501
1446797556948
1446797559410
1446797561923
1446797564336
1446797566840
1446797569286
1446797571790
1446797574235
1446797576700
1446797579168
1446797581614
1446797584093
1446797586605
1446797589076
1446797591696
1446797594233
1446797596706
1446797599210
1446797601706
1446797604251
1446797606688
1446797609184
1446797611688
1446797614216
1446797616696
1446797619241
1446797621837
1446797624391
1446797626894
1446797629367
1446797631854
1446797634375
1446797636854
1446797639382
1446797641878
1446797644448
1446797647002
1446797649582
1446797652185
1446797654715
1446797657227
1446797659838
1446797662386
1446797664915
1446797667461
1446797669998
1446797672610
1446797675181
1446797677726
1446797680304
1446797682951
1446797685496
1446797688100
1446797690671
1446797693283
1446797695872
1446797698394
1446797700981
1446797703468
1446797705947
1446797708393
1446797710888
1446797713418
1446797715888
1446797718292
1446797720729
1446797723175
1446797725653
1446797728083
1446797730546
1446797733034
1446797735504
1446797737966
1446797740404
1446797742958
1446797745388
1446797747766
1446797750237
1446797752691
1446797755161
1446797757623
1446797760078
1446797762565
1446797765004
1446797767416
1446797769844
1446797772383
1446797774836
1446797777299
1446797779786
1446797782215
1446797784686
1446797787139
1446797789576
1446797792089
1446797794518
1446797796974
1446797799453
1446797801874
1446797804303
1446797806848
1446797809303
1446797811715
1446797814169
1446797816573
1446797819027
1446797821524
1446797823961
1446797826356
1446797828762
1446797831224
1446797833698
1446797836168
1446797838761
1446797841216
1446797843653
1446797846090
1446797848527
1446797851014
1446797853484
1446797855939
1446797858426
1446797860881
1446797863411
1446797865881
1446797868411
1446797870964
1446797873452
1446797875956
1446797878501
1446797880972
1446797883392
1446797885896
1446797888367
1446797890921
1446797893450
1446797895970
1446797898551
1446797901080
1446797903484
1446797906021
1446797908500
1446797910970
1446797913483
1446797916053
1446797918565
1446797921095
1446797923582
1446797926086
1446797928657
1446797931170
1446797933708
1446797936328
1446797938816
1446797941403
1446797943981
1446797946544
1446797949098
1446797951643
1446797954189
1446797956818
1446797959373
1446797961951
1446797964546
1446797967060
1446797969572
1446797972144
1446797974689
1446797977284
1446797979839
1446797982400
1446797985004
1446797987675
1446797990221
1446797992767
1446797995262
1446797997824
1446798000396
1446798003017
1446798005579
1446798008183
1446798010728
1446798013249
1446798015670
1446798018131
1446798020603
1446798023156
1446798025636
1446798028098
1446798030568
1446798033007
1446798035386
1446798037815
1446798040261
1446798042765
1446798045211
1446798047698
1446798050126
1446798052664
1446798055026
1446798057489
1446798059926
1446798062380
1446798064826
1446798067223
1446798069710
1446798072132
1446798074535
1446798076948
1446798079360
1446798081880
1446798084302
1446798086730
1446798089110
1446798091489
1446798093892
1446798096272
1446798098735
1446798101139
1446798103551
1446798105930
1446798108310
1446798110696
1446798113142
1446798115596
1446798118008
1446798120496
1446798122942
1446798125395
1446798127808
1446798130278
1446798132692
1446798135113
1446798137542
1446798139938
1446798142483
1446798144895
1446798147358
1446798149879
1446798152265
1446798154695
1446798157149
1446798159628
1446798162074
1446798164585
1446798167100
1446798169595
1446798172190
1446798174645
1446798177107
1446798179561
1446798182082
1446798184585
1446798187081
1446798189560
1446798192081
1446798194585
1446798197030
1446798199519
1446798202114
1446798204660
1446798207164
1446798209693
1446798212172
1446798214676
1446798217121
1446798219626
1446798222105
1446798224609
1446798227113
1446798229624
1446798232147
1446798234659
1446798237287
1446798239817
1446798242296
1446798244833
1446798247329
1446798249915
1446798252453
1446798254982
1446798257527
1446798260048
1446798262518
1446798265048
1446798267536
1446798270073
1446798272669
1446798275231
1446798277811
1446798280373
1446798282885
1446798285472
1446798288001
1446798290588
1446798293150
1446798295762
1446798298358
1446798300905
1446798303729
1446798306299
1446798308828
1446798311391
1446798313978
1446798316582
1446798319119
1446798321714
1446798324160
1446798326589
1446798329026
1446798331430
1446798334017
1446798336441
1446798338894
1446798341265
1446798343677
1446798346073
1446798348544
1446798350965
1446798353336
1446798355749
1446798358161
1446798360549
1446798363044
1446798365432
1446798367805
1446798370267
1446798372655
1446798375026
1446798377396
1446798379734
1446798382030
1446798384434
1446798386788
1446798389209
1446798391580
1446798394000
1446798396371
1446798398983
1446798401455
1446798403885
1446798406305
1446798408785
1446798411213
1446798413675
1446798416105
1446798418583
1446798420945
1446798423383
1446798425770
1446798428283
1446798430712
1446798433200
1446798435638
1446798438058
1446798440428
1446798442858
1446798445236
1446798447666
1446798450070
1446798452465
1446798454953
1446798457523
1446798460044
1446798462515
1446798465010
1446798467474
1446798469978
1446798472431
1446798474911
1446798477373
1446798479852
1446798482314
1446798484834
1446798487422
1446798489901
1446798492313
1446798494776
1446798497221
1446798499735
1446798502139
1446798504617
1446798507080
1446798509542
1446798512037
1446798514558
1446798517095
1446798519658
1446798522137
1446798524641
1446798527170
1446798529616
1446798532155
1446798534708
1446798537229
1446798539741
1446798542287
1446798544749
1446798547261
1446798549832
1446798552344
1446798554806
1446798557318
1446798559823
1446798562393
1446798564881
1446798567427
1446798569898
1446798572411
1446798574897
1446798577509
1446798580022
1446798582526
1446798585072
1446798587659
1446798590137
1446798592658
1446798595154
1446798597715
1446798600264
1446798602801
1446798605297
1446798607842
1446798610363
1446798612926
1446798615504
1446798618034
1446798620596
1446798623183
1446798625745
1446798628249
1446798630694
1446798633116
1446798635554
1446798638034
1446798640454
1446798642916
1446798645329
1446798647708
1446798650112
1446798652507
1446798654911
1446798657307
1446798659728
1446798662123
1446798664569
1446798666989
1446798669421
1446798671816
1446798674294
1446798676707
1446798679161
1446798681582
1446798684019
1446798686409
1446798688819
1446798691264
1446798693685
1446798696089
1446798698568
1446798700982
1446798703394
1446798705764
1446798708186
1446798710573
1446798712976
1446798715381
1446798717885
1446798720331
1446798722801
1446798725205
1446798727698
1446798730138
1446798732577
1446798735047
1446798737551
1446798739980
1446798742451
1446798744913
1446798747425
1446798749862
1446798752300
1446798754745
1446798757182
1446798759712
1446798762199
1446798764719
1446798767192
1446798769620
1446798772067
1446798774537
1446798776982
1446798779420
1446798781857
1446798784312
1446798786765
1446798789377
1446798791848
1446798794352
1446798796856
1446798799370
1446798801857
1446798804353
1446798806865
1446798809377
1446798811873
1446798814360
1446798816813
1446798819384
1446798821805
1446798824309
1446798826763
1446798829225
1446798831688
1446798834243
1446798836714
1446798839201
1446798841646
1446798844159
1446798846629
1446798849141
1446798851629
1446798854216
1446798856704
1446798859249
1446798861795
1446798864316
1446798866780
1446798869301
1446798871855
1446798874383
1446798876879
1446798879491
1446798881995
1446798884524
1446798887061
1446798889607
1446798892161
1446798894639
1446798897136
1446798899639
1446798902111
1446798904615
1446798907194
1446798909773
1446798912319
1446798914864
1446798917385
1446798919955
1446798922468
1446798924972
1446798927475
1446798929996
1446798932508
1446798935136
1446798937726
1446798940329
1446798942896
1446798945521
1446798948116
1446798950696
1446798953241
1446798955803
1446798958341
1446798960903
1446798963449
1446798966011
1446798968631
1446798971095
1446798973474
1446798975912
1446798978307
1446798980786
1446798983232
1446798985727
1446798988173
1446798990594
1446798992973
1446798995411
1446798997831
1446799000318
1446799002741
1446799005136
1446799007608
1446799009986
1446799012448
1446799014920
1446799017415
1446799019869
1446799022323
1446799024802
1446799027248
1446799029718
1446799032130
1446799034576
1446799037015
1446799039444
1446799041948
1446799044377
1446799046839
1446799049268
1446799051681
1446799054118
1446799056630
1446799059076
1446799061579
1446799064091
1446799066521
1446799068935
1446799071414
1446799073851
1446799076355
1446799078826
1446799081279
1446799083791
1446799086271
1446799088708
1446799091187
1446799093766
1446799096261
1446799098758
1446799101178
1446799103609
1446799106112
1446799108599
1446799111104
1446799113616
1446799116061
1446799118532
1446799120994
1446799123482
1446799125944
1446799128581
1446799131086
1446799133606
1446799136096
1446799138583
1446799141030
1446799143541
1446799146053
1446799148557
1446799151070
1446799153573
1446799156044
1446799158648
1446799161102
1446799163573
1446799166035
1446799168549
1446799171036
1446799173556
1446799176061
1446799178506
1446799180993
1446799183456
1446799185926
1446799188431
1446799190884
1446799193455
1446799195918
1446799198355
1446799200859
1446799203448
1446799205926
