1446769425670
1446769428319
1446769428923
1446769429512
1446769430142
1446769430730
1446769431369
1446769432015
1446769432604
1446769433242
1446769433890
1446769434488
1446769435109
1446769435731
1446769436302
1446769436941
1446769437522
1446769438135
1446769438774
1446769439362
1446769439975
1446769440622
1446769441327
1446769441924
1446769442554
1446769443176
1446769443765
1446769444386
1446769444992
1446769445613
1446769446185
1446769446816
1446769447420
1446769448034
1446769448622
1446769449202
1446769449807
1446769450396
1446769451035
1446769451656
1446769452236
1446769452874
1446769453505
1446769454094
1446769454699
1446769455337
1446769455984
1446769456598
1446769457245
1446769457816
1446769458438
1446769459076
1446769459690
1446769460271
1446769460892
1446769461481
1446769462085
1446769462691
1446769463288
1446769463893
1446769464515
1446769465120
1446769465725
1446769466349
1446769466953
1446769467567
1446769468172
1446769468810
1446769469449
1446769470079
1446769470703
1446769471381
1446769471995
1446769472616
1446769473205
1446769473827
1446769474407
1446769475029
1446769475617
1446769476239
1446769476844
1446769477449
1446769478071
1446769478667
1446769479298
1446769479895
1446769480516
1446769481147
1446769481718
1446769482348
1446769482954
1446769483534
1446769484172
1446769484760
1446769485374
1446769486013
1446769486601
1446769487232
1446769487853
1446769488450
1446769489081
