1446780645770
1446780648341
1446780648955
1446780649526
1446780650115
1446780650720
1446780651275
1446780651881
1446780652468
1446780653050
1446780653663
1446780654317
1446780654940
1446780655519
1446780656108
1446780656730
1446780657293
1446780657882
1446780658445
1446780659059
1446780659673
1446780660269
1446780660866
1446780661437
1446780662043
1446780662614
1446780663245
1446780663825
1446780664396
1446780665010
1446780665573
1446780666187
1446780666769
1446780667382
1446780667971
1446780668600
1446780669189
1446780669770
1446780670366
1446780670971
1446780671609
1446780672232
1446780672854
1446780673442
1446780674055
1446780674602
1446780675241
1446780675821
1446780676392
1446780677006
1446780677603
1446780678183
1446780678864
1446780679444
1446780680049
1446780680662
1446780681243
1446780681873
1446780682461
1446780683067
1446780683680
1446780684368
1446780684965
1446780685604
1446780686184
1446780686789
1446780687386
1446780687974
1446780688596
1446780689176
1446780689773
1446780690362
1446780690941
1446780691547
1446780692177
1446780692773
1446780693387
1446780694000
1446780694581
1446780695186
1446780695774
1446780696421
1446780697018
1446780697590
1446780698204
1446780698817
1446780699415
1446780700036
1446780700650
1446780701238
1446780701869
1446780702433
1446780703062
1446780703684
1446780704280
1446780704911
1446780705483
1446780706105
1446780706727
1446780707298
1446780707920
