1446775328181
1446775332552
1446775334982
1446775337369
1446775339772
1446775342193
1446775344630
1446775347052
1446775349834
1446775352247
1446775354617
1446775357029
1446775359459
1446775361887
1446775364300
1446775366712
1446775369091
1446775371512
1446775373873
1446775376403
1446775378866
1446775381362
1446775383792
1446775386262
1446775388649
1446775391128
1446775393499
1446775395945
1446775398407
1446775400860
1446775403282
1446775405685
1446775408105
1446775410593
1446775413005
1446775415486
1446775417923
1446775420393
1446775422848
1446775425292
1446775427697
1446775430176
1446775432580
1446775435051
1446775437488
1446775439950
1446775442387
1446775444824
1446775447348
1446775449760
1446775452163
1446775454635
1446775457130
1446775459542
1446775461996
1446775464400
1446775466863
1446775469291
1446775471753
1446775474208
1446775476686
1446775479148
1446775481671
1446775484066
1446775486529
1446775488924
1446775491403
1446775493866
1446775496361
1446775498839
1446775501344
1446775503872
1446775506336
1446775508789
1446775511259
1446775513732
1446775516260
1446775518749
1446775521285
1446775523764
1446775526243
1446775528705
1446775531226
1446775533705
1446775536250
1446775538755
1446775541292
1446775543737
1446775546250
1446775548788
1446775551308
1446775553821
1446775556358
1446775558887
1446775561382
1446775563936
1446775566507
1446775569052
1446775571556
1446775574061
1446775576597
1446775579110
1446775581632
1446775584202
1446775586715
1446775589227
1446775591706
1446775594185
1446775596580
1446775599043
1446775601397
1446775603825
1446775606205
1446775608600
1446775611088
1446775613467
1446775615813
1446775618218
1446775620596
1446775622992
1446775625346
1446775627758
1446775630138
1446775632583
1446775634937
1446775637325
1446775639745
1446775642248
1446775644703
1446775647142
1446775650537
1446775652899
1446775655328
1446775657724
1446775660119
1446775662507
1446775664894
1446775667256
1446775669669
1446775672098
1446775674501
1446775676906
1446775679342
1446775681724
1446775684077
1446775686498
1446775688927
1446775691331
1446775693718
1446775696089
1446775698484
1446775700930
1446775703359
1446775706088
1446775708684
1446775711221
1446775713784
1446775716414
1446775718984
1446775721539
1446775724092
1446775726629
1446775729217
1446775731762
1446775734350
1446775737036
1446775739573
1446775742136
1446775744706
1446775747252
1446775749774
1446775752394
1446775754965
1446775757552
1446775760131
1446775762685
1446775765247
1446775767876
1446775770430
1446775773042
1446775775638
1446775778200
1446775780812
1446775783460
1446775786013
1446775788634
1446775791213
1446775793833
1446775796529
1446775799199
1446775801819
1446775804457
1446775807060
1446775809648
1446775812285
1446775814922
1446775817535
1446775820198
1446775822835
1446775825489
1446775828184
1446775830814
1446775833401
1446775836021
1446775838625
1446775841279
1446775843932
1446775846595
1446775849257
1446775851870
1446775854491
1446775857228
1446775859907
1446775862528
1446775865174
1446775867844
1446775870472
1446775873093
1446775875714
1446775878342
1446775881013
1446775883658
1446775886388
1446775889108
1446775891779
1446775894484
1446775897171
1446775899799
1446775902462
1446775905099
1446775907797
1446775910465
1446775913118
1446775915681
1446775918343
1446775920931
1446775923434
1446775926048
1446775928627
1446775931222
1446775933818
1446775936405
1446775939001
1446775941555
1446775944159
1446775946712
1446775949258
1446775951779
1446775954324
1446775956870
1446775959407
1446775961971
1446775964491
1446775967087
1446775970033
1446775972661
1446775975274
1446775977877
1446775980423
1446775982977
1446775985555
1446775987992
1446775990414
1446775992876
1446775995266
1446775997603
1446775999948
1446776002361
1446776004723
1446776007110
1446776009489
1446776011976
1446776014398
1446776016809
1446776019230
1446776021634
1446776024057
1446776026469
1446776028831
1446776031251
1446776033647
1446776036034
1446776038413
1446776040809
1446776043321
1446776046817
1446776049237
1446776051707
1446776054145
1446776056532
1446776059011
1446776061367
1446776063854
1446776066308
1446776068795
1446776071190
1446776073620
1446776076024
1446776078544
1446776080942
1446776083444
1446776085940
1446776088460
1446776090872
1446776093318
1446776095715
1446776098153
1446776100656
1446776103143
1446776105581
1446776108093
1446776110580
1446776113018
1446776115480
1446776117943
1446776120422
1446776122842
1446776125338
1446776127768
1446776130238
1446776132734
1446776135246
1446776137784
1446776140204
1446776142658
1446776145112
1446776147599
1446776150078
1446776152533
1446776155044
1446776157516
1446776160027
1446776162416
1446776164862
1446776167324
1446776169820
1446776172332
1446776174902
1446776177382
1446776179860
1446776182339
1446776185260
1446776187730
1446776190285
1446776192763
1446776195287
1446776197798
1446776200284
1446776202855
1446776205359
1446776207854
1446776210409
1446776212962
1446776215433
1446776217929
1446776220432
1446776222937
1446776225449
1446776227878
1446776230367
1446776232946
1446776235457
1446776237970
1446776240465
1446776242945
1446776245523
1446776248094
1446776250615
1446776253168
1446776255614
1446776258126
1446776260597
1446776263128
1446776265599
1446776268036
1446776270482
1446776272886
1446776275290
1446776277686
1446776280048
1446776282460
1446776284847
1446776287284
1446776289730
1446776292176
1446776294615
1446776297152
1446776299539
1446776301943
1446776304322
1446776306751
1446776309155
1446776311567
1446776314013
1446776316492
1446776318929
1446776321350
1446776323737
1446776326141
1446776328714
1446776331200
1446776333630
1446776336109
1446776338554
1446776340992
1446776343412
1446776345858
1446776348228
1446776350665
1446776353128
1446776355582
1446776358102
1446776360523
1446776362978
1446776365433
1446776367894
1446776370315
1446776372769
1446776375215
1446776377693
1446776380156
1446776382668
1446776385156
1446776387685
1446776390105
1446776393017
1446776395414
1446776397884
1446776400347
1446776402843
1446776405297
1446776407776
1446776410229
1446776412650
1446776415121
1446776417684
1446776420121
1446776422528
1446776424971
1446776427433
1446776429946
1446776432484
1446776434929
1446776437383
1446776439829
1446776442357
1446776444837
1446776447448
1446776449960
1446776452440
1446776454852
1446776457331
1446776459777
1446776462298
1446776464769
1446776467340
1446776469836
1446776472364
1446776474801
1446776477289
1446776479801
1446776482346
1446776484817
1446776487296
1446776489792
1446776492237
1446776494774
1446776497305
1446776499834
1446776502329
1446776504842
1446776507312
1446776509816
1446776512378
1446776514890
1446776517403
1446776519865
1446776522394
1446776524890
1446776527418
1446776529933
1446776532479
1446776535032
1446776537578
1446776540065
1446776542678
1446776545207
1446776547710
1446776550181
1446776552701
1446776555288
1446776557868
1446776560496
1446776563110
1446776565739
1446776568409
1446776570947
1446776573467
1446776576021
1446776578651
1446776581237
1446776583767
1446776586345
1446776588882
1446776591445
1446776593957
1446776596494
1446776599058
1446776601586
1446776604149
1446776606761
1446776609373
1446776611936
1446776614431
1446776616994
1446776619522
1446776622042
1446776624589
1446776627192
1446776629787
1446776632367
1446776634930
1446776637493
1446776640071
1446776642792
1446776645346
1446776647841
1446776650387
1446776652958
1446776655511
1446776658099
1446776660678
1446776663281
1446776665869
1446776668449
1446776671028
1446776673582
1446776676161
1446776678715
1446776681294
1446776683880
1446776686435
1446776689063
1446776691618
1446776694230
1446776696766
1446776699329
1446776701874
1446776704446
1446776707042
1446776709688
1446776712283
1446776714846
1446776717432
1446776720012
1446776722624
1446776725235
1446776727906
1446776730493
1446776733123
1446776735701
1446776738348
1446776740986
1446776743656
1446776746252
1446776748872
1446776751442
1446776754088
1446776756692
1446776759304
1446776761883
1446776764545
1446776767191
1446776769861
1446776772523
1446776775137
1446776777733
1446776780353
1446776782974
1446776785560
1446776788240
1446776790818
1446776793522
1446776796168
1446776798838
1446776801508
1446776804254
1446776806925
1446776809548
1446776812260
1446776814888
1446776817542
1446776820171
1446776822834
1446776825488
1446776828191
1446776830870
1446776833640
1446776836111
1446776838623
1446776841127
1446776843641
1446776846203
1446776848774
1446776851286
1446776853806
1446776856261
1446776858740
1446776861201
1446776863756
1446776866218
1446776868722
1446776871168
1446776873596
1446776876059
1446776878539
1446776880968
1446776883422
1446776885876
1446776888271
1446776890634
1446776893088
1446776895476
1446776897904
1446776900375
1446776902804
1446776905274
1446776907661
1446776910041
1446776912463
1446776914876
1446776917288
1446776919733
1446776922137
1446776924608
1446776927029
1446776929391
1446776931736
1446776934141
1446776936519
1446776938898
1446776941319
1446776943699
1446776946145
1446776948516
1446776950961
1446776953382
1446776955827
1446776958264
1446776960711
1446776963148
1446776965552
1446776967964
1446776970368
1446776972822
1446776975218
1446776977674
1446776980102
1446776982606
1446776985036
1446776987497
1446776990076
1446776992480
1446776994867
1446776997322
1446776999750
1446777002229
1446777004684
1446777007162
1446777009617
1446777012097
1446777014600
1446777017080
1446777019558
1446777022054
1446777024658
1446777027145
1446777029565
1446777032020
1446777034490
1446777036995
1446777039415
1446777041927
1446777044433
1446777046920
1446777049391
1446777051928
1446777054373
1446777056844
1446777059364
1446777061843
1446777064331
1446777066793
1446777069298
1446777071834
1446777074330
1446777076836
1446777079357
1446777081835
1446777084331
1446777086793
1446777089356
1446777091835
1446777094330
1446777096826
1446777099346
1446777101809
1446777104279
1446777106766
1446777109239
1446777111742
1446777114279
1446777116767
1446777119595
1446777122100
1446777124645
1446777127174
1446777129728
1446777132282
1446777134794
1446777137315
1446777139752
1446777142240
1446777144728
1446777147257
1446777150236
1446777152731
1446777155285
1446777157789
1446777160293
1446777162781
1446777165351
1446777167904
1446777170450
1446777172954
1446777175492
1446777178045
1446777180692
1446777183171
1446777185575
1446777188029
1446777190508
1446777192912
1446777196407
1446777198844
1446777201306
1446777203719
1446777206164
1446777208551
1446777210964
1446777213403
1446777215824
1446777218169
1446777220565
1446777222952
1446777225398
1446777227810
1446777230223
1446777232668
1446777235081
1446777237468
1446777239813
1446777242217
1446777244696
1446777247119
1446777249522
1446777251934
1446777254305
1446777256692
1446777259046
1446777261484
1446777263863
1446777266267
1446777268671
1446777271116
1446777273621
1446777276041
1446777278413
1446777280826
1446777283221
1446777285617
1446777288062
1446777290508
1446777292921
1446777295366
1446777297754
1446777300132
1446777302519
1446777305024
1446777307461
1446777309940
1446777312404
1446777314816
1446777317304
1446777319761
1446777322161
1446777324632
1446777327077
1446777329531
1446777331994
1446777334456
1446777336910
1446777339430
1446777341959
1446777344432
1446777346903
1446777349331
1446777351711
1446777354198
1446777356661
1446777359106
1446777361609
1446777364055
1446777366584
1446777369172
1446777371609
1446777374063
1446777376519
1446777378939
1446777381409
1446777383847
1446777386359
1446777388838
1446777391342
1446777393804
1446777396292
1446777398903
1446777401415
1446777403928
1446777406415
1446777408911
1446777411483
1446777413945
1446777416458
1446777418920
1446777421407
1446777423853
1446777426398
1446777428894
1446777431415
1446777434020
1446777436506
1446777438993
1446777441472
1446777443943
1446777446439
1446777448935
1446777451464
1446777454001
1446777456514
1446777459000
1446777461497
1446777464075
1446777466645
1446777469133
1446777471653
1446777474132
1446777476637
1446777479117
1446777481646
1446777484149
1446777486728
1446777489266
1446777491869
1446777494440
1446777496894
1446777499290
1446777501761
1446777504231
1446777506676
1446777509047
1446777511435
1446777513816
1446777516153
1446777518573
1446777520944
1446777523264
1446777525768
1446777528181
1446777530534
1446777532956
1446777535301
1446777537680
1446777540051
1446777542454
1446777544884
1446777547314
1446777549726
1446777552114
1446777554609
1446777557030
1446777559409
1446777561821
1446777564266
1446777566696
1446777569116
1446777571529
1446777573899
1446777576278
1446777578667
1446777581096
1446777583550
1446777586096
1446777588541
1446777590987
1446777593416
1446777595794
1446777598232
1446777600611
1446777603015
1446777605494
1446777607856
1446777610271
1446777612658
1446777615153
1446777617558
1446777620053
1446777622500
1446777624928
1446777627332
1446777629761
1446777632131
1446777634611
1446777636998
1446777639485
1446777641957
1446777644486
1446777646940
1446777649402
1446777651789
1446777654244
1446777656706
1446777659193
1446777661680
1446777664109
1446777666513
1446777669001
1446777671404
1446777673892
1446777676339
1446777678809
1446777681472
1446777684009
1446777686454
1446777688950
1446777691412
1446777693892
1446777696329
1446777698782
1446777701262
1446777703707
1446777706170
1446777708624
1446777711179
1446777713625
1446777716103
1446777718607
1446777721078
1446777723557
1446777726036
1446777728581
1446777731118
1446777733589
1446777736043
1446777738563
1446777741176
1446777743698
1446777746169
1446777748706
1446777751168
1446777753647
1446777756134
1446777758605
1446777761142
1446777763696
1446777766225
1446777768737
1446777771199
1446777773745
1446777776332
1446777778896
1446777781483
1446777784062
1446777786574
1446777789145
1446777791607
1446777794136
1446777796623
1446777799127
1446777801698
1446777804335
1446777806806
1446777809226
1446777811656
1446777814102
1446777816523
1446777818977
1446777821356
1446777823751
1446777826164
1446777828626
