1446780380998
1446780384072
1446780384652
1446780385174
1446780385705
1446780386251
1446780386831
1446780387344
1446780387917
1446780388480
1446780389035
1446780389666
1446780390287
1446780390884
1446780391506
1446780392111
1446780392733
1446780393338
1446780393943
1446780394558
1446780395180
1446780395793
1446780396431
1446780397020
1446780397667
1446780398289
1446780398936
1446780399607
1446780400196
1446780400834
1446780401440
1446780402079
1446780402675
1446780403290
1446780403951
1446780404557
1446780405204
1446780405775
1446780406398
1446780407036
1446780407624
1446780408272
1446780408893
1446780409507
1446780410136
1446780410750
1446780411381
1446780412002
1446780412624
1446780413279
1446780413893
1446780414531
1446780415153
1446780415758
1446780416354
1446780416968
1446780417599
1446780418178
1446780418809
1446780419422
1446780420027
1446780420665
1446780421271
1446780421893
1446780422506
1446780423120
1446780423766
1446780424371
1446780425002
1446780425640
1446780426237
1446780426883
1446780427505
1446780428129
1446780428775
1446780429406
1446780429994
1446780430649
1446780431238
1446780431868
1446780432498
1446780433094
1446780433783
1446780434405
1446780435018
1446780435649
1446780436253
1446780436892
1446780437498
1446780438119
1446780438758
1446780439329
1446780439976
1446780440597
1446780441178
1446780441842
1446780442446
1446780443052
1446780443715
1446780444303
1446780444942
