1446784059045
1446784063338
1446784065825
1446784068354
1446784070824
1446784073319
1446784075890
1446784078403
1446784081309
1446784083796
1446784086218
1446784088722
1446784091260
1446784093789
1446784096318
1446784098913
1446784101508
1446784104046
1446784106625
1446784109137
1446784111633
1446784114178
1446784116716
1446784119294
1446784121858
1446784124412
1446784126949
1446784129512
1446784132040
1446784134636
1446784137148
1446784139635
1446784142139
1446784144543
1446784146922
1446784149277
1446784151697
1446784154052
1446784156465
1446784158885
1446784161272
1446784163652
1446784166005
1446784168377
1446784170913
1446784173300
1446784175696
1446784178092
1446784180530
1446784182900
1446784185337
1446784187776
1446784190205
1446784192616
1446784195030
1446784197442
1446784199888
1446784202300
1446784204753
1446784207166
1446784209620
1446784211999
1446784214411
1446784216774
1446784219171
1446784221566
1446784223986
1446784226391
1446784228870
1446784231366
1446784233794
1446784236256
1446784238669
1446784241081
1446784243526
1446784245981
1446784248484
1446784250924
1446784253328
1446784255782
1446784258195
1446784260690
1446784263160
1446784265656
1446784268052
1446784270506
1446784272935
1446784275405
1446784277835
1446784280230
1446784282692
1446784285123
1446784287601
1446784290097
1446784292618
1446784294996
1446784297459
1446784299888
1446784302350
1446784304762
1446784307249
1446784309712
1446784312207
1446784314636
1446784317090
1446784319547
1446784322075
1446784324587
1446784327082
1446784329587
1446784332024
1446784334478
1446784336949
1446784339377
1446784341865
1446784344369
1446784346872
1446784349343
1446784351898
1446784354402
1446784356931
1446784359426
1446784361914
1446784364435
1446784366863
1446784369359
1446784371838
1446784374376
1446784376871
1446784379408
1446784381962
1446784384516
1446784387012
1446784389517
1446784392096
1446784394575
1446784397062
1446784399557
1446784402087
1446784404615
1446784407169
1446784409758
1446784412377
1446784414881
1446784417393
1446784420006
1446784422553
1446784425139
1446784427676
1446784430222
1446784432793
1446784435356
1446784437959
1446784440429
1446784442967
1446784445487
1446784447925
1446784450371
1446784452766
1446784455197
1446784457651
1446784460046
1446784462467
1446784464887
1446784467292
1446784469754
1446784472191
1446784474662
1446784477149
1446784479519
1446784481924
1446784484261
1446784486667
1446784489045
1446784491457
1446784493845
1446784496299
1446784498712
1446784501140
1446784503569
1446784505949
1446784508377
1446784510822
1446784513252
1446784515631
1446784518054
1446784520474
1446784522928
1446784525341
1446784527786
1446784530215
1446784532636
1446784535098
1446784537519
1446784539973
1446784542326
1446784544764
1446784547143
1446784549581
1446784551986
1446784554348
1446784556761
1446784559139
1446784561551
1446784563947
1446784566459
1446784568930
1446784571418
1446784573838
1446784576259
1446784578655
1446784581083
1446784583504
1446784585984
1446784588439
1446784590926
1446784593413
1446784595992
1446784598396
1446784600858
1446784603321
1446784605724
1446784608170
1446784610632
1446784613111
1446784615557
1446784618087
1446784620533
1446784623020
1446784625440
1446784627903
1446784630465
1446784632911
1446784635349
1446784637852
1446784640315
1446784642810
1446784645289
1446784647752
1446784650288
1446784652743
1446784655256
1446784657735
1446784660323
1446784662793
1446784665347
1446784667851
1446784670396
1446784672918
1446784675454
1446784677933
1446784680446
1446784682999
1446784685521
1446784688025
1446784690604
1446784693159
1446784695637
1446784698174
1446784700662
1446784703249
1446784705777
1446784708348
1446784710902
1446784713431
1446784715968
1446784718497
1446784721186
1446784723773
1446784726319
1446784728881
1446784731401
1446784733922
1446784736401
1446784738963
1446784741492
1446784744004
1446784746567
1446784749087
1446784751774
1446784754238
1446784756692
1446784759104
1446784761550
1446784763995
1446784766425
1446784768870
1446784771299
1446784773687
1446784776140
1446784778560
1446784780982
1446784783385
1446784785834
1446784788271
1446784790699
1446784793054
1446784795449
1446784797870
1446784800282
1446784802611
1446784805007
1446784807419
1446784809881
1446784812419
1446784814773
1446784817194
1446784819599
1446784821994
1446784824432
1446784826869
1446784829273
1446784831652
1446784834081
1446784836444
1446784838897
1446784841259
1446784843605
1446784846101
1446784848571
1446784850983
1446784853456
1446784855877
1446784858355
1446784860759
1446784863172
1446784865567
1446784868005
1446784870458
1446784872887
1446784875309
1446784877846
1446784880241
1446784882671
1446784885101
1446784887530
1446784889926
1446784892421
1446784894834
1446784897295
1446784899699
1446784902145
1446784904557
1446784907162
1446784909599
1446784912036
1446784914507
1446784916927
1446784919441
1446784921936
1446784924448
1446784926919
1446784929423
1446784931868
1446784934339
1446784936768
1446784939264
1446784941843
1446784944280
1446784946776
1446784949321
1446784951801
1446784954281
1446784956826
1446784959306
1446784961792
1446784964296
1446784966792
1446784969387
1446784971949
1446784974395
1446784976924
1446784979453
1446784981932
1446784984444
1446784986967
1446784989512
1446784992075
1446784994628
1446784997182
1446784999711
1446785002206
1446785004701
1446785007314
1446785009785
1446785012306
1446785014818
1446785017363
1446785019935
1446785022514
1446785025117
1446785027689
1446785030242
1446785032788
1446785035342
1446785037870
1446785040433
1446785043112
1446785045675
1446785048212
1446785050848
1446785053413
1446785055934
1446785058445
1446785060883
1446785063362
1446785065808
1446785068262
1446785070616
1446785073104
1446785075441
1446785077844
1446785080215
1446785082627
1446785085057
1446785087520
1446785089874
1446785092303
1446785094674
1446785097037
1446785099390
1446785101869
1446785104273
1446785106644
1446785109089
1446785111502
1446785113972
1446785116402
1446785118855
1446785121269
1446785123698
1446785126085
1446785128505
1446785130885
1446785133289
1446785135676
1446785138230
1446785140609
1446785143038
1446785145417
1446785147847
1446785150242
1446785152730
1446785155151
1446785157605
1446785159992
1446785162421
1446785164800
1446785167205
1446785169642
1446785172204
1446785174625
1446785177029
1446785179490
1446785181920
1446785184348
1446785186804
1446785189300
1446785191745
1446785194199
1446785196661
1446785199115
1446785201661
1446785204165
1446785206586
1446785209006
1446785211443
1446785213906
1446785216360
1446785218823
1446785221294
1446785223748
1446785226244
1446785228706
1446785231293
1446785233806
1446785236267
1446785238739
1446785241184
1446785243687
1446785246209
1446785248646
1446785251159
1446785253647
1446785256167
1446785258705
1446785261292
1446785263828
1446785266416
1446785268945
1446785271465
1446785274028
1446785276532
1446785279036
1446785281565
1446785284027
1446785286499
1446785289061
1446785291649
1446785294186
1446785296706
1446785299269
1446785301747
1446785304259
1446785306756
1446785309309
1446785311839
1446785314350
1446785316912
1446785319402
1446785322022
1446785324559
1446785327189
1446785329726
1446785332239
1446785334825
1446785337337
1446785339867
1446785342420
1446785344967
1446785347545
1446785350049
1446785352578
1446785355075
1446785357728
1446785360275
1446785362845
1446785365324
1446785367745
1446785370132
1446785372553
1446785374898
1446785377260
1446785379665
1446785382093
1446785384489
1446785386976
1446785389423
1446785391836
1446785394256
1446785396694
1446785399131
1446785401543
1446785403939
1446785406318
1446785408672
1446785411060
1446785413405
1446785415826
1446785418347
1446785420793
1446785423206
1446785425577
1446785427997
1446785430393
1446785432797
1446785435185
1446785437580
1446785439992
1446785442413
1446785444775
1446785447288
1446785449745
1446785452187
1446785454610
1446785457022
1446785459400
1446785461813
1446785464250
1446785466671
1446785469100
1446785471529
1446785473933
1446785476345
1446785478757
1446785481212
1446785483649
1446785486079
1446785488491
1446785490912
1446785493341
1446785495753
1446785498241
1446785500669
1446785503131
1446785505569
1446785508181
1446785510627
1446785513098
1446785515501
1446785517957
1446785520394
1446785522864
1446785525327
1446785527856
1446785530309
1446785532797
1446785535259
1446785537839
1446785540292
1446785542729
1446785545175
1446785547720
1446785550216
1446785552680
1446785555167
1446785557646
1446785560083
1446785562620
1446785565133
1446785567712
1446785570192
1446785572645
1446785575140
1446785577611
1446785580115
1446785582602
1446785585059
1446785587554
1446785590050
1446785592554
1446785595224
1446785597845
1446785600349
1446785602777
1446785605248
1446785607752
1446785610248
1446785612760
1446785615314
1446785617810
1446785620306
1446785622794
1446785625273
1446785627893
1446785630414
1446785632959
1446785635513
1446785638059
1446785640596
1446785643109
1446785645662
1446785648152
1446785650712
1446785653257
1446785655887
1446785658583
1446785661145
1446785663725
1446785666270
1446785668840
1446785671311
1446785673806
1446785676243
1446785678681
1446785681068
1446785683490
1446785685868
1446785688348
1446785690736
1446785693090
1446785695478
1446785697831
1446785700210
1446785702598
1446785705027
1446785707455
1446785709885
1446785712280
1446785714651
1446785717122
1446785719559
1446785721956
1446785724410
1446785726813
1446785729243
1446785731613
1446785734026
1446785736413
1446785738808
1446785741205
1446785743608
1446785746038
1446785748416
1446785750878
1446785753426
1446785755780
1446785758192
1446785760596
1446785762975
1446785765404
1446785767825
1446785770286
1446785772708
1446785775178
1446785777573
1446785780011
1446785782523
1446785784937
1446785787391
1446785789886
1446785792332
1446785794811
1446785797265
1446785799694
1446785802123
1446785804577
1446785807031
1446785809526
1446785811982
1446785814517
1446785816930
1446785819360
1446785821789
1446785824235
1446785826630
1446785829142
1446785831605
1446785834067
1446785836538
1446785839050
1446785841529
1446785843994
1446785846437
1446785848990
1446785851489
1446785854001
1446785856497
1446785859001
1446785861462
1446785863909
1446785866371
1446785868799
1446785871245
1446785873724
1446785876170
1446785878766
1446785881203
1446785883665
1446785886087
1446785888567
1446785891045
1446785893574
1446785896078
1446785898582
1446785901002
1446785903498
1446785905993
1446785908548
1446785911051
1446785913464
1446785915943
1446785918388
1446785920943
1446785923431
1446785925976
1446785928456
1446785930976
1446785933455
1446785935934
1446785938554
1446785941067
1446785943579
1446785946083
1446785948612
1446785951108
1446785953679
1446785956234
1446785958795
1446785961325
1446785963870
1446785966357
1446785968895
1446785971432
1446785974077
1446785976548
1446785978910
1446785981323
1446785983726
1446785986180
1446785988636
1446785991056
1446785993443
1446785995856
1446785998251
1446786000673
1446786003135
1446786005505
1446786007943
1446786010305
1446786012759
1446786015205
1446786017659
1446786020089
1446786022485
1446786024838
1446786027243
1446786029663
1446786032076
1446786034605
1446786037008
1446786039438
1446786041866
1446786044287
1446786046725
1446786049145
1446786051584
1446786054054
1446786056533
1446786059012
1446786061391
1446786063745
1446786066182
1446786068803
1446786071224
1446786073619
1446786076098
1446786078552
1446786081039
1446786083452
1446786085882
1446786088319
1446786090765
1446786093235
1446786095681
1446786098227
1446786100622
1446786103094
1446786105589
1446786108026
1446786110472
1446786112909
1446786115379
1446786117811
1446786120265
1446786122702
1446786125123
1446786127643
1446786130056
1446786132526
1446786134989
1446786137418
1446786139896
1446786142342
1446786144788
1446786147200
1446786149646
1446786152018
1446786154450
1446786156901
1446786159479
1446786161934
1446786164362
1446786166849
1446786169304
1446786171791
1446786174262
1446786176799
1446786179294
1446786181774
1446786184301
1446786186749
1446786189220
1446786191707
1446786194320
1446786196807
1446786199319
1446786201823
1446786204327
1446786206765
1446786209227
1446786211680
1446786214160
1446786216597
1446786219151
1446786221639
1446786224243
1446786226731
1446786229243
1446786231721
1446786234201
1446786236646
1446786239133
1446786241629
1446786244141
1446786246646
1446786249182
1446786251619
1446786254084
1446786256629
1446786259258
1446786261779
1446786264282
1446786266812
1446786269282
1446786271810
1446786274298
1446786276860
1446786279398
1446786281951
1446786284497
1446786287028
1446786289564
1446786292126
1446786294664
1446786297209
1446786299622
1446786302059
1446786304504
1446786306934
1446786309304
1446786311783
1446786314221
1446786316666
1446786319180
1446786321659
1446786324013
1446786326434
1446786328796
1446786331200
1446786333562
1446786335958
1446786338379
1446786340841
1446786343261
1446786345674
1446786348136
1446786350541
1446786353021
1446786355441
1446786357862
1446786360249
1446786362678
1446786365099
1446786367511
1446786369965
1446786372394
1446786374856
1446786377260
1446786379814
1446786382202
1446786384608
1446786386978
1446786389399
1446786391753
1446786394207
1446786396636
1446786399090
1446786401503
1446786403956
1446786406385
1446786408948
1446786411310
1446786413722
1446786416126
1446786418490
1446786420953
1446786423373
1446786425760
1446786428148
1446786430593
1446786433047
1446786435468
1446786437905
1446786440343
1446786442788
1446786445208
1446786447654
1446786450116
1446786452606
1446786455101
1446786457538
1446786459984
1446786462404
1446786464900
1446786467379
1446786469891
1446786472346
1446786474899
1446786477403
1446786479849
1446786482328
1446786484817
1446786487321
1446786489766
1446786492237
1446786494691
1446786497169
1446786499624
1446786502094
1446786504665
1446786507160
1446786509631
1446786512127
1446786514614
1446786517026
1446786519482
1446786521935
1446786524406
1446786526852
1446786529405
