1446788520589
1446788523174
1446788523805
1446788524384
1446788524990
1446788525595
1446788526225
1446788526822
1446788527460
1446788528065
1446788528654
1446788529309
1446788529889
1446788530511
1446788531133
1446788531796
1446788532443
1446788533032
1446788533628
1446788534242
1446788534830
1446788535444
1446788536049
1446788536654
1446788537276
1446788537864
1446788538494
1446788539108
1446788539720
1446788540351
1446788540931
1446788541522
1446788542169
1446788542773
1446788543387
1446788543992
1446788544622
1446788545211
1446788545849
1446788546446
1446788547067
1446788547689
1446788548253
1446788548891
1446788549489
1446788550077
1446788550715
1446788551303
1446788551951
1446788552565
1446788553161
1446788553783
1446788554379
1446788555002
1446788555615
1446788556203
1446788556842
1446788557439
1446788558052
1446788558683
1446788559279
1446788559910
1446788560506
1446788561095
1446788561809
1446788562405
1446788563035
1446788563665
1446788564295
1446788564909
1446788565580
1446788566178
1446788566782
1446788567438
1446788568034
1446788568631
1446788569253
1446788569833
1446788570463
1446788571068
1446788571640
1446788572279
1446788572867
1446788573472
1446788574102
1446788574751
1446788575348
1446788575961
1446788576583
1446788577163
1446788577793
1446788578382
1446788578986
1446788579600
1446788580197
1446788580802
1446788581424
1446788582012
1446788582643
1446788583247
1446788583853
1446788584482
1446788585080
1446788585702
1446788586323
1446788586937
1446788587566
1446788588164
1446788588777
1446788589432
1446788590062
1446788590701
1446788591323
1446788591970
1446788592583
1446788593238
1446788593843
1446788594482
1446788595112
1446788595717
1446788596331
1446788596927
1446788597557
1446788598180
1446788598767
1446788599398
1446788600019
1446788600600
1446788601238
1446788601868
1446788602490
1446788603095
1446788603709
1446788604288
1446788604877
1446788605508
1446788606112
1446788606718
1446788607364
1446788608004
1446788608626
1446788609273
1446788609895
1446788610500
1446788611155
1446788611761
1446788612382
1446788613029
1446788613609
1446788614239
1446788614861
1446788615449
1446788616071
1446788616701
1446788617282
1446788617921
1446788618534
1446788619164
1446788619777
1446788620408
1446788621055
1446788621718
1446788622381
1446788623011
1446788623616
1446788624238
1446788624835
1446788625440
1446788626087
1446788626700
1446788627322
1446788627952
1446788628608
1446788629271
1446788629909
1446788630514
1446788631169
1446788631767
1446788632405
1446788633035
1446788633631
1446788634262
1446788634876
1446788635480
1446788636102
1446788636707
1446788637313
1446788637951
1446788638556
1446788639170
1446788639791
1446788640397
1446788641035
1446788641666
1446788642280
1446788642918
1446788643540
1446788644145
1446788644809
1446788645414
1446788646044
1446788646699
1446788647296
1446788647918
1446788648565
1446788649145
1446788649792
1446788650430
1446788651010
1446788651641
1446788652279
1446788652893
1446788653564
1446788654219
1446788654875
1446788655496
1446788656126
1446788656839
1446788657486
1446788658092
1446788658747
1446788659344
1446788659973
1446788660612
1446788661208
1446788661839
1446788662453
1446788663057
1446788663688
1446788664326
1446788664981
1446788665620
1446788666233
1446788666838
1446788667443
1446788668049
1446788668654
1446788669242
1446788669856
1446788670460
1446788671058
1446788671705
1446788672301
1446788672965
1446788673603
1446788674250
1446788674874
1446788675537
1446788676159
1446788676772
1446788677402
1446788678023
1446788678646
1446788679259
1446788679847
1446788680461
1446788681108
1446788681696
1446788682343
1446788682990
1446788683587
1446788684192
1446788684822
1446788685419
1446788686049
1446788686663
1446788687250
1446788687856
1446788688445
1446788689033
1446788689613
1446788690226
1446788690807
1446788691412
1446788692059
1446788692672
1446788693269
1446788693866
1446788694462
1446788695051
1446788695673
1446788696244
1446788696833
1446788697455
1446788698010
1446788698641
1446788699245
1446788699817
1446788700455
1446788701036
1446788701642
1446788702288
1446788702868
1446788703456
1446788704087
1446788704651
1446788705272
1446788705877
1446788706465
1446788707071
1446788707636
1446788708182
1446788708780
1446788709393
1446788709981
1446788710570
1446788711166
1446788711772
1446788712351
1446788712982
1446788713587
1446788714151
1446788714781
1446788715369
1446788715949
1446788716596
1446788717168
1446788717748
1446788718403
1446788718967
1446788719580
1446788720194
1446788720774
1446788721395
1446788722034
1446788722639
1446788723244
1446788723833
1446788724455
1446788725035
1446788725648
1446788726262
1446788726892
1446788727497
1446788728094
1446788728707
1446788729304
1446788729917
1446788730506
1446788731111
1446788731716
1446788732297
1446788732918
1446788733515
1446788734096
1446788734750
1446788735322
1446788735919
1446788736549
1446788737121
1446788737734
1446788738340
1446788738920
1446788739533
1446788740108
1446788740671
1446788741284
1446788741881
1446788742470
1446788743067
1446788743638
1446788744252
1446788744823
1446788745421
1446788746033
1446788746597
1446788747211
1446788747807
1446788748388
1446788749042
1446788749623
1446788750220
1446788750850
1446788751430
1446788752068
1446788752699
1446788753263
1446788753859
1446788754464
1446788755027
1446788755616
1446788756222
1446788756785
1446788757407
1446788758003
1446788758584
1446788759197
1446788759769
1446788760374
1446788760954
1446788761534
1446788762157
1446788762736
1446788763342
1446788763947
1446788764519
1446788765148
1446788765729
1446788766318
1446788766939
1446788767503
1446788768107
1446788768713
1446788769302
1446788769923
1446788770504
1446788771117
1446788771714
1446788772304
1446788772900
1446788773489
1446788774060
1446788774683
1446788775246
1446788775834
1446788776440
1446788777003
1446788777608
1446788778197
1446788778768
1446788779407
1446788779970
1446788780567
1446788781173
1446788781811
1446788782425
1446788783004
1446788783610
1446788784206
1446788784787
1446788785392
1446788786005
1446788786586
1446788787199
1446788787796
1446788788376
1446788789006
1446788789595
1446788790191
1446788790805
1446788791394
1446788792007
1446788792596
1446788793183
1446788793797
1446788794361
1446788794966
1446788795563
1446788796126
1446788796748
1446788797312
1446788797908
1446788798514
1446788799077
1446788799682
1446788800262
1446788800876
1446788801473
1446788802052
1446788802683
1446788803263
1446788803876
1446788804498
1446788805061
1446788805644
1446788806282
1446788806870
1446788807484
1446788808097
1446788808678
1446788809307
1446788809904
1446788810493
1446788811123
1446788811763
1446788812458
1446788813038
1446788813636
1446788814248
1446788814837
1446788815467
1446788816064
1446788816652
1446788817316
1446788817896
1446788818501
1446788819115
1446788819678
1446788820308
1446788820914
1446788821494
1446788822124
1446788822696
1446788823293
1446788823898
1446788824469
1446788825092
1446788825688
1446788826294
1446788826899
1446788827470
1446788828092
1446788828672
1446788829261
1446788829875
1446788830454
1446788831060
1446788831640
1446788832220
1446788832842
1446788833414
1446788834027
1446788834632
1446788835204
1446788835843
1446788836431
1446788837028
1446788837658
1446788838281
1446788838869
1446788839500
1446788840080
1446788840701
1446788841290
1446788841987
1446788842592
1446788843181
1446788843761
1446788844374
1446788844971
1446788845568
1446788846182
1446788846770
1446788847383
1446788847980
1446788848535
1446788849141
1446788849737
1446788850318
1446788850964
1446788851561
1446788852158
1446788852788
1446788853368
1446788853990
1446788854612
1446788855167
1446788855789
1446788856386
1446788856974
1446788857554
1446788858142
1446788858739
1446788859353
1446788859908
1446788860513
1446788861118
1446788861707
1446788862329
1446788862925
1446788863522
1446788864144
1446788864749
1446788865355
1446788865968
1446788866565
1446788867178
1446788867808
1446788868389
1446788869010
1446788869624
1446788870237
1446788870869
1446788871490
1446788872170
1446788872809
1446788873414
1446788874011
1446788874632
1446788875246
1446788875852
1446788876473
1446788877054
1446788877666
1446788878255
1446788878861
1446788879449
1446788880029
1446788880634
1446788881239
1446788881837
1446788882450
1446788883030
1446788883660
1446788884290
1446788884879
1446788885475
1446788886047
1446788886627
1446788887266
1446788887863
1446788888459
1446788889082
1446788889686
1446788890283
1446788890896
1446788891502
1446788892124
1446788892720
1446788893309
1446788893955
1446788894553
1446788895183
1446788895796
1446788896376
1446788896998
1446788897620
1446788898217
1446788898872
1446788899469
1446788900090
1446788900712
1446788901285
1446788901922
1446788902520
1446788903099
1446788903723
1446788904320
1446788904950
1446788905572
1446788906193
1446788906774
1446788907470
1446788908125
1446788908772
1446788909344
1446788909933
1446788910554
1446788911126
1446788911723
1446788912336
1446788912950
1446788913588
1446788914177
1446788914799
1446788915429
1446788916017
1446788916630
1446788917253
1446788917875
1446788918521
1446788919135
1446788919714
1446788920345
1446788920934
1446788921530
1446788922152
1446788922757
1446788923379
1446788923976
1446788924581
1446788925186
1446788925791
1446788926413
1446788927009
1446788927606
1446788928229
1446788928816
1446788929414
1446788930060
1446788930632
1446788931263
1446788931901
1446788932481
1446788933119
1446788933750
1446788934313
1446788934951
1446788935565
1446788936170
1446788936777
1446788937457
1446788938053
1446788938675
1446788939280
1446788939886
1446788940549
1446788941154
1446788941768
1446788942406
1446788943036
1446788943666
1446788944288
1446788944894
1446788945507
1446788946129
1446788946717
1446788947347
1446788947953
1446788948557
1446788949188
1446788949792
1446788950415
1446788951028
1446788951633
1446788952272
1446788952860
1446788953507
1446788954129
1446788954700
1446788955322
1446788955936
1446788956533
1446788957197
1446788957785
1446788958407
1446788959053
1446788959650
1446788960296
1446788960918
1446788961549
1446788962170
1446788962792
1446788963380
1446788964036
1446788964625
1446788965238
1446788965860
1446788966448
1446788967112
1446788967759
1446788968347
1446788968977
1446788969573
1446788970172
1446788970794
1446788971399
1446788972012
1446788972617
1446788973256
1446788973870
1446788974425
1446788975080
1446788975735
1446788976357
1446788976987
1446788977609
1446788978239
1446788978877
1446788979499
1446788980095
1446788980751
1446788981348
1446788981969
1446788982617
1446788983229
1446788983860
1446788984490
1446788985070
1446788985701
1446788986322
1446788986919
1446788987558
1446788988162
1446788988776
1446788989406
1446788990020
1446788990642
1446788991255
1446788991869
1446788992507
1446788993120
1446788993759
1446788994397
1446788994986
1446788995632
1446788996229
1446788996859
1446788997539
1446788998170
1446788998766
1446788999405
1446789000010
1446789000640
1446789001279
1446789001884
1446789002522
1446789003177
1446789003810
1446789004415
1446789005045
1446789005667
1446789006272
1446789006927
1446789007499
1446789008096
1446789008734
1446789009306
1446789009919
1446789010550
1446789011129
1446789011760
1446789012373
1446789012962
1446789013608
1446789014222
1446789014827
1446789015474
1446789016088
1446789016709
1446789017348
1446789017970
1446789018608
1446789019230
1446789019868
1446789020448
1446789021087
1446789021709
1446789022314
1446789022952
1446789023591
1446789024196
1446789024859
1446789025515
1446789026111
1446789026775
1446789027447
1446789028093
1446789028707
1446789029328
1446789029950
1446789030548
1446789031194
1446789031791
1446789032429
1446789033051
1446789033639
1446789034286
1446789034892
1446789035488
1446789036127
1446789036723
1446789037313
1446789037969
1446789038573
1446789039179
1446789039825
1446789040423
1446789041061
1446789041674
1446789042296
1446789042926
1446789043540
1446789044170
1446789044775
1446789045397
1446789046043
1446789046641
1446789047279
1446789047901
1446789048498
1446789049152
1446789049758
1446789050371
1446789051018
1446789051632
1446789052270
1446789052900
1446789053496
1446789054160
1446789054749
1446789055362
1446789055992
1446789056597
1446789057236
1446789057833
1446789058488
1446789059110
1446789059723
1446789060387
1446789060992
1446789061622
1446789062361
1446789063007
1446789063654
1446789064309
1446789064931
1446789065561
1446789066191
1446789066796
1446789067435
1446789068056
1446789068654
1446789069291
1446789069938
1446789070601
1446789071215
1446789071872
1446789072519
1446789073149
1446789073787
1446789074434
1446789075056
1446789075728
1446789076350
1446789076963
1446789077627
1446789078215
1446789078862
1446789079484
1446789080064
1446789080719
1446789081333
1446789081929
1446789082584
1446789083214
1446789083845
1446789084483
1446789085088
1446789085718
1446789086340
1446789086954
1446789087592
1446789088230
1446789088869
1446789089440
1446789090054
1446789090684
1446789091331
1446789091945
1446789092683
1446789093330
1446789093960
1446789094598
1446789095204
1446789095867
1446789096497
1446789097119
1446789097766
1446789098379
1446789099017
1446789099631
1446789100236
1446789100891
1446789101497
1446789102110
1446789102757
1446789103345
1446789103967
1446789104605
1446789105185
1446789105851
1446789106505
1446789107111
1446789107732
1446789108354
1446789108985
1446789109614
1446789110228
1446789110849
1446789111455
1446789112027
1446789112657
1446789113229
1446789113834
1446789114414
1446789115053
1446789115624
1446789116213
1446789116826
1446789117398
1446789118012
1446789118600
1446789119214
1446789119802
1446789120382
1446789121020
1446789121592
1446789122190
1446789122802
1446789123391
1446789124046
1446789124643
1446789125232
1446789125862
1446789126434
1446789127038
1446789127702
1446789128266
1446789128912
1446789129518
1446789130139
1446789130736
1446789131333
1446789131955
1446789132560
1446789133173
1446789133804
1446789134392
1446789135031
1446789135653
