1446799912439
1446799915042
1446799915664
1446799916302
1446799916916
1446799917512
1446799918143
1446799918732
1446799919378
1446799920108
1446799920655
1446799921294
1446799921877
1446799922514
1446799923095
1446799923717
1446799924339
1446799924927
1446799925582
1446799926171
1446799926751
1446799927406
1446799927995
1446799928608
1446799929239
1446799929827
1446799930424
1446799931046
1446799931618
1446799932232
1446799932836
1446799933409
1446799934014
1446799934652
1446799935258
1446799935879
1446799936501
1446799937115
1446799937711
1446799938333
1446799938938
1446799939527
1446799940132
1446799940704
1446799941301
1446799941922
1446799942511
1446799943125
1446799943721
1446799944327
1446799944973
1446799945570
1446799946192
1446799946764
1446799947386
1446799947999
1446799948571
1446799949202
1446799949798
1446799950387
1446799951066
1446799951672
1446799952285
1446799952932
1446799953521
1446799954150
1446799954824
1446799955412
1446799956009
1446799956631
1446799957202
1446799957833
1446799958454
1446799959060
1446799959674
1446799960286
1446799960892
1446799961488
1446799962127
1446799962749
1446799963321
1446799963959
1446799964547
1446799965128
1446799965792
1446799966371
1446799966977
1446799967615
1446799968204
1446799968826
1446799969480
1446799970061
1446799970707
1446799971346
1446799971917
1446799972556
1446799973153
1446799973749
1446799974347
1446799974960
1446799975557
1446799976154
1446799976775
1446799977381
1446799978002
1446799978599
1446799979213
1446799979809
1446799980448
1446799981044
1446799981625
1446799982264
1446799982843
1446799983474
1446799984087
1446799984742
1446799985373
1446799985969
1446799986557
1446799987203
1446799987801
1446799988442
1446799989080
1446799989710
1446799990315
1446799990920
1446799991541
1446799992172
1446799992769
1446799993365
1446799994004
1446799994642
1446799995264
1446799995853
1446799996433
1446799997080
1446799997693
1446799998298
1446799998929
1446799999508
1446800000097
1446800000744
1446800001341
1446800001955
1446800002618
1446800003215
1446800003844
1446800004475
1446800005089
1446800005735
1446800006357
1446800006962
1446800007584
1446800008190
1446800008811
1446800009408
1446800009988
1446800010610
1446800011206
1446800011787
1446800012384
1446800013022
1446800013619
1446800014257
1446800014946
1446800015551
1446800016181
1446800016778
1446800017358
1446800017996
1446800018602
1446800019190
1446800019787
1446800020425
1446800021047
1446800021654
1446800022292
1446800022873
1446800023477
1446800024099
1446800024705
1446800025309
1446800025965
1446800026553
1446800027158
1446800027788
1446800028369
1446800029016
1446800029620
1446800030234
1446800030855
1446800031444
1446800032058
1446800032671
1446800033268
1446800033906
1446800034520
1446800035167
1446800035780
1446800036377
1446800036982
1446800037596
1446800038201
1446800038831
1446800039437
1446800040033
1446800040672
1446800041277
1446800041890
1446800042521
1446800043100
1446800043739
1446800044344
1446800045058
1446800045696
1446800046293
1446800046898
1446800047545
1446800048158
1446800048780
1446800049402
1446800050024
1446800050620
1446800051259
1446800051864
1446800052461
1446800053074
1446800053687
1446800054301
1446800054908
1446800055496
1446800056093
1446800056690
1446800057328
1446800057926
1446800058547
1446800059177
1446800059790
1446800060412
1446800061035
1446800061631
1446800062261
1446800062883
1446800063480
1446800064102
1446800064665
1446800065287
1446800065942
1446800066547
1446800067202
1446800067807
1446800068388
1446800069009
1446800069623
1446800070211
1446800070875
1446800071472
1446800072093
1446800072715
1446800073303
1446800073934
1446800074548
1446800075144
1446800075774
1446800076396
1446800077001
1446800077623
1446800078236
1446800078859
1446800079471
1446800080160
1446800080799
1446800081379
1446800081993
1446800082581
1446800083228
1446800083825
1446800084429
1446800085060
1446800085648
1446800086270
1446800086883
1446800087497
1446800088112
1446800088725
1446800089339
1446800089985
1446800090582
1446800091213
1446800091842
1446800092448
1446800093111
1446800093733
1446800094355
1446800095027
1446800095624
1446800096270
1446800096901
1446800097498
1446800098136
1446800098741
1446800099362
1446800099985
1446800100607
1446800101245
1446800101850
1446800102480
1446800103110
1446800103716
1446800104354
1446800104959
1446800105580
1446800106228
1446800106807
1446800107454
1446800108077
1446800108673
1446800109320
1446800110016
1446800110655
1446800111261
1446800111890
1446800112504
1446800113117
1446800113756
1446800114353
1446800114983
1446800115580
1446800116184
1446800116831
1446800117429
1446800118025
1446800118672
1446800119268
1446800119882
1446800120521
1446800121142
1446800121791
1446800122420
1446800123043
1446800123680
1446800124294
1446800124917
1446800125530
1446800126160
1446800126823
1446800127453
1446800128084
1446800128730
1446800129344
1446800129974
1446800130613
1446800131218
1446800131848
1446800132486
1446800133091
1446800133746
1446800134377
1446800134982
1446800135637
1446800136242
1446800136839
1446800137494
1446800138116
1446800138746
1446800139401
1446800140023
1446800140686
1446800141324
1446800141947
1446800142618
1446800143240
1446800143903
1446800144534
1446800145189
1446800145810
1446800146449
1446800147087
1446800147701
1446800148323
1446800148936
1446800149575
1446800150196
1446800150835
1446800151490
1446800152103
1446800152742
1446800153372
1446800153986
1446800154633
1446800155279
1446800155911
1446800156566
1446800157196
1446800157827
1446800158481
1446800159120
1446800159766
1446800160413
1446800161002
1446800161615
1446800162262
1446800162859
1446800163489
1446800164127
1446800164749
1446800165363
1446800165976
1446800166606
1446800167244
1446800167858
1446800168497
1446800169135
1446800169749
1446800170370
1446800171026
1446800171673
1446800172319
1446800172958
1446800173604
1446800174268
1446800174933
1446800175611
1446800176267
1446800176888
1446800177535
1446800178166
1446800178795
1446800179409
1446800180047
1446800180678
1446800181290
1446800181938
1446800182552
1446800183206
1446800183828
1446800184483
1446800185147
1446800185794
1446800186449
1446800187079
1446800187734
1446800188398
1446800189003
1446800189657
1446800190290
1446800190903
1446800191517
1446800192172
1446800192777
1446800193391
1446800194029
1446800194659
1446800195290
1446800195928
1446800196567
1446800197213
1446800197868
1446800198482
1446800199128
1446800199726
1446800200330
1446800200961
1446800201558
1446800202179
1446800202776
1446800203414
1446800204053
1446800204674
1446800205313
1446800205935
1446800206523
1446800207145
1446800207758
1446800208406
1446800209011
1446800209616
1446800210304
1446800210901
1446800211514
1446800212153
1446800212750
1446800213330
1446800213960
1446800214549
1446800215188
1446800215801
1446800216381
1446800216986
1446800217625
1446800218205
1446800218818
1446800219407
1446800219995
1446800220600
1446800221173
1446800221752
1446800222341
1446800222912
1446800223511
1446800224099
1446800224671
1446800225268
1446800225864
1446800226445
1446800227050
1446800227622
1446800228219
1446800228824
1446800229404
1446800230017
1446800230631
1446800231220
1446800231841
1446800232430
1446800233010
1446800233632
1446800234187
1446800234775
1446800235397
1446800235977
1446800236582
1446800237188
1446800237743
1446800238348
1446800238928
1446800239508
1446800240196
1446800240777
1446800241399
1446800242020
1446800242634
1446800243189
1446800243786
1446800244408
1446800244979
1446800245618
1446800246223
1446800246770
1446800247351
1446800247930
1446800248502
1446800249132
1446800249721
1446800250318
1446800250939
1446800251528
1446800252149
1446800252730
1446800253361
1446800253973
1446800254562
1446800255158
1446800255780
1446800256371
1446800256942
1446800257573
1446800258144
1446800258725
1446800259304
1446800259876
1446800260465
1446800261045
1446800261625
1446800262247
1446800262810
1446800263441
1446800264054
1446800264635
1446800265264
1446800265853
1446800266450
1446800267063
1446800267685
1446800268298
1446800268895
1446800269492
1446800270189
1446800270744
1446800271382
1446800271963
1446800272543
1446800273165
1446800273753
1446800274350
1446800274980
1446800275576
1446800276174
1446800276796
1446800277359
1446800277973
1446800278585
1446800279149
1446800279780
1446800280360
1446800280948
1446800281578
1446800282158
1446800282764
1446800283377
1446800283957
1446800284570
1446800285167
1446800285756
1446800286386
1446800286975
1446800287579
1446800288193
1446800288767
1446800289347
1446800289969
1446800290540
1446800291120
1446800291733
1446800292305
1446800292911
1446800293516
1446800294113
1446800294717
1446800295281
1446800295903
1446800296533
1446800297114
1446800297710
1446800298307
1446800298871
1446800299501
1446800300124
1446800300836
1446800301441
1446800302055
1446800302685
1446800303282
1446800303878
1446800304492
1446800305089
1446800305702
1446800306291
1446800306871
1446800307509
1446800308090
1446800308686
1446800309325
1446800309905
1446800310535
1446800311131
1446800311703
1446800312326
1446800312930
1446800313519
1446800314149
1446800314746
1446800315368
1446800315973
1446800316562
1446800317174
1446800317772
1446800318394
1446800319032
1446800319637
1446800320217
1446800320839
1446800321413
1446800321992
1446800322606
1446800323177
1446800323775
1446800324363
1446800324935
1446800325507
1446800326103
1446800326700
1446800327280
1446800327902
1446800328507
1446800329096
1446800329701
1446800330272
1446800330895
1446800331475
1446800332080
1446800332694
1446800333273
1446800333879
1446800334459
1446800335072
1446800335753
1446800336332
1446800336938
1446800337526
1446800338123
1446800338762
1446800339341
1446800339922
1446800340536
1446800341115
1446800341712
1446800342325
1446800342914
1446800343528
1446800344133
1446800344722
1446800345359
1446800345940
1446800346536
1446800347150
1446800347747
1446800348360
1446800348966
1446800349537
1446800350142
1446800350757
1446800351361
1446800351983
1446800352588
1446800353202
1446800353809
1446800354405
1446800354977
1446800355598
1446800356221
1446800356818
1446800357406
1446800357970
1446800358624
1446800359213
1446800359785
1446800360365
1446800360946
1446800361542
1446800362147
1446800362710
1446800363274
1446800363863
1446800364476
1446800365065
1446800365736
1446800366333
1446800366956
1446800367527
1446800368149
1446800368762
1446800369342
1446800369948
1446800370553
1446800371150
1446800371746
1446800372360
1446800372982
1446800373562
1446800374159
1446800374780
1446800375352
1446800375991
1446800376621
1446800377218
1446800377897
1446800378511
1446800379092
1446800379746
1446800380344
1446800380931
1446800381554
1446800382117
1446800382730
1446800383344
1446800383899
1446800384488
1446800385084
1446800385681
1446800386297
1446800386926
1446800387532
1446800388144
1446800388758
1446800389339
1446800389968
1446800390582
1446800391203
1446800391826
1446800392448
1446800393061
1446800393641
1446800394238
1446800394885
1446800395574
1446800396195
1446800396809
1446800397422
1446800398011
1446800398633
1446800399229
1446800399868
1446800400506
1446800401094
1446800401724
1446800402346
1446800402960
1446800403606
1446800404204
1446800404800
1446800405439
1446800406019
1446800406632
1446800407246
1446800407834
1446800408464
1446800409062
1446800409658
1446800410280
1446800410893
1446800411532
1446800412121
1446800412742
1446800413339
1446800413927
1446800414566
1446800415155
1446800415759
1446800416423
1446800416994
1446800417617
1446800418205
1446800418810
1446800419434
1446800420088
1446800420677
1446800421290
1446800421929
1446800422518
1446800423147
1446800423745
1446800424307
1446800424955
1446800425668
1446800426281
1446800426937
1446800427566
1446800428155
1446800428802
1446800429390
1446800429954
1446800430567
1446800431148
1446800431720
1446800432333
1446800432938
1446800433551
1446800434157
1446800434754
1446800435325
1446800435947
1446800436585
1446800437208
1446800437812
1446800438434
1446800439023
1446800439669
1446800440300
1446800440904
1446800441543
1446800442149
1446800442753
1446800443351
1446800443947
1446800444552
1446800445166
1446800445771
1446800446410
1446800446998
1446800447578
1446800448192
1446800448780
1446800449377
1446800450015
1446800450612
1446800451209
1446800451797
1446800452430
1446800453043
1446800453648
1446800454261
1446800454892
1446800455481
1446800456094
1446800456699
1446800457320
1446800457917
1446800458540
1446800459120
1446800459758
1446800460372
1446800461035
1446800461657
1446800462279
1446800462876
1446800463514
1446800464144
1446800464733
1446800465371
1446800465985
1446800466565
1446800467204
1446800467801
1446800468397
1446800469020
1446800469599
1446800470213
1446800470827
1446800471407
1446800472037
1446800472642
1446800473239
1446800473861
1446800474466
1446800475080
1446800475684
1446800476281
1446800476912
1446800477491
1446800478113
1446800478718
1446800479307
1446800479945
1446800480517
1446800481147
1446800481769
1446800482374
1446800483029
1446800483634
1446800484240
1446800484878
1446800485501
1446800486098
1446800486728
1446800487300
1446800487938
1446800488536
1446800489157
1446800489779
1446800490386
1446800491131
1446800491728
1446800492358
1446800492996
1446800493585
1446800494223
1446800494829
1446800495417
1446800496056
1446800496669
1446800497257
1446800497888
1446800498476
1446800499073
1446800499686
1446800500275
1446800500897
1446800501510
1446800502140
1446800502753
1446800503384
1446800503989
1446800504636
1446800505266
1446800505904
1446800506526
1446800507140
1446800507778
1446800508408
1446800509038
1446800509635
1446800510224
1446800510870
1446800511484
1446800512097
1446800512744
1446800513333
1446800513938
1446800514576
1446800515173
1446800515811
1446800516399
1446800517030
1446800517660
1446800518248
1446800518861
1446800519499
1446800520115
1446800520788
1446800521401
1446800522023
1446800522669
1446800523283
1446800523905
1446800524534
1446800525149
1446800525778
1446800526400
1446800527006
1446800527677
