1446791689937
1446791694324
1446791696894
1446791699433
1446791702012
1446791704615
1446791707152
1446791709707
1446791712631
1446791715126
1446791717597
1446791720034
1446791722479
1446791724893
1446791727213
1446791729651
1446791732047
1446791734384
1446791736889
1446791739276
1446791741722
1446791744168
1446791746546
1446791748942
1446791751338
1446791753825
1446791756204
1446791758608
1446791761012
1446791763399
1446791765779
1446791768284
1446791770687
1446791773142
1446791775562
1446791778016
1446791780462
1446791782932
1446791785344
1446791787799
1446791790236
1446791792657
1446791795086
1446791797565
1446791800012
1446791802399
1446791804861
1446791807257
1446791809719
1446791812140
1446791814619
1446791817064
1446791819485
1446791821914
1446791824310
1446791826780
1446791829184
1446791831599
1446791834043
1446791836447
1446791838876
1446791841363
1446791843776
1446791846205
1446791848608
1446791851071
1446791853475
1446791855912
1446791858375
1446791860878
1446791863309
1446791865746
1446791868350
1446791870829
1446791873274
1446791875703
1446791878174
1446791880636
1446791883116
1446791885561
1446791888081
1446791890569
1446791893039
1446791895512
1446791898065
1446791900544
1446791903057
1446791905586
1446791908097
1446791910618
1446791913130
1446791915626
1446791918213
1446791920717
1446791923221
1446791925775
1446791928362
1446791930835
1446791933389
1446791935876
1446791938388
1446791940925
1446791943438
1446791945883
1446791948395
1446791950883
1446791953462
1446791955958
1446791958528
1446791961090
1446791963571
1446791966008
1446791968521
1446791971074
1446791973586
1446791976107
1446791978644
1446791981123
1446791983685
1446791986172
1446791988743
1446791991239
1446791993826
1446791996363
1446791999002
1446792001505
1446792004043
1446792006572
1446792009118
1446792011638
1446792014217
1446792016763
1446792019358
1446792021888
1446792024474
1446792026886
1446792029307
1446792031669
1446792034041
1446792036462
1446792038816
1446792041237
1446792043632
1446792046052
1446792048457
1446792050894
1446792053381
1446792055794
1446792058231
1446792060644
1446792063056
1446792065494
1446792067924
1446792070352
1446792072714
1446792075119
1446792077497
1446792079902
1446792082330
1446792084759
1446792087172
1446792089559
1446792091964
1446792094334
1446792096688
1446792099135
1446792101530
1446792103976
1446792106397
1446792108884
1446792111264
1446792113801
1446792116171
1446792118609
1446792120981
1446792123408
1446792125837
1446792128274
1446792130713
1446792133092
1446792135512
1446792137942
1446792140387
1446792142907
1446792145337
1446792147741
1446792150187
1446792152599
1446792155027
1446792157465
1446792159877
1446792162358
1446792164845
1446792167290
1446792169728
1446792172281
1446792174685
1446792177132
1446792179585
1446792182031
1446792184502
1446792187013
1446792189501
1446792191997
1446792194467
1446792196932
1446792199352
1446792201865
1446792204344
1446792206814
1446792209310
1446792211739
1446792214252
1446792216722
1446792219192
1446792221680
1446792224142
1446792226670
1446792229151
1446792231596
1446792234168
1446792236721
1446792239233
1446792241746
1446792244224
1446792246736
1446792249224
1446792251694
1446792254207
1446792256719
1446792259256
1446792261776
1446792264365
1446792266911
1446792269498
1446792272035
1446792274548
1446792277043
1446792279564
1446792282085
1446792284580
1446792287151
1446792289722
1446792292267
1446792294796
1446792297316
1446792299830
1446792302451
1446792304946
1446792307509
1446792310062
1446792312616
1446792315162
1446792317732
1446792320311
1446792322874
1446792325402
1446792327940
1446792330319
1446792332865
1446792335328
1446792337790
1446792340260
1446792342681
1446792345093
1446792347493
1446792349876
1446792352205
1446792354568
1446792356922
1446792359300
1446792361696
1446792364200
1446792366556
1446792369018
1446792371414
1446792373793
1446792376230
1446792378618
1446792381013
1446792383450
1446792385871
1446792388333
1446792390687
1446792393175
1446792395545
1446792397959
1446792400388
1446792402842
1446792405263
1446792407675
1446792410070
1446792412491
1446792414870
1446792417274
1446792419636
1446792422074
1446792424495
1446792426948
1446792429438
1446792431850
1446792434253
1446792436699
1446792439070
1446792441515
1446792443944
1446792446440
1446792448903
1446792451364
1446792453810
1446792456231
1446792458726
1446792461105
1446792463678
1446792466090
1446792468494
1446792470948
1446792473343
1446792475823
1446792478252
1446792480714
1446792483160
1446792485622
1446792488043
1446792490455
1446792492967
1446792495373
1446792497851
1446792500306
1446792502768
1446792505222
1446792507676
1446792510130
1446792512567
1446792515013
1446792517458
1446792519929
1446792522358
1446792524912
1446792527374
1446792529896
1446792532358
1446792534846
1446792537499
1446792539979
1446792542382
1446792544894
1446792547365
1446792549902
1446792552406
1446792555044
1446792557597
1446792560077
1446792562539
1446792565002
1446792567473
1446792569960
1446792572498
1446792575010
1446792577522
1446792580035
1446792582546
1446792585108
1446792587630
1446792590116
1446792592654
1446792595233
1446792597746
1446792600325
1446792602887
1446792605433
1446792607979
1446792610524
1446792613070
1446792615574
1446792618186
1446792620715
1446792623285
1446792625773
1446792628310
1446792630822
1446792633294
1446792635665
1446792638135
1446792640556
1446792642993
1446792645439
1446792647902
1446792650372
1446792652826
1446792655213
1446792657708
1446792660105
1446792662741
1446792665147
1446792667593
1446792669938
1446792672351
1446792674713
1446792677133
1446792679513
1446792681950
1446792684479
1446792686925
1446792689345
1446792691741
1446792694153
1446792696576
1446792699038
1446792701475
1446792703896
1446792706291
1446792708720
1446792711091
1446792713586
1446792716033
1446792718453
1446792720923
1446792723361
1446792725831
1446792728227
1446792730633
1446792733053
1446792735491
1446792737937
1446792740429
1446792742870
1446792745357
1446792747778
1446792750207
1446792752669
1446792755081
1446792757518
1446792759947
1446792762369
1446792764806
1446792767219
1446792769598
1446792771993
1446792774523
1446792776985
1446792779438
1446792781826
1446792784213
1446792786660
1446792789063
1446792791558
1446792793996
1446792796518
1446792798981
1446792801443
1446792803938
1446792806367
1446792808805
1446792811275
1446792813779
1446792816166
1446792818612
1446792821033
1446792823461
1446792825916
1446792828378
1446792830883
1446792833370
1446792835824
1446792838362
1446792840774
1446792843186
1446792845640
1446792848136
1446792850606
1446792853077
1446792855581
1446792858052
1446792860564
1446792863043
1446792865498
1446792868027
1446792870580
1446792873085
1446792875638
1446792878126
1446792880563
1446792883092
1446792885613
1446792888142
1446792890688
1446792893233
1446792895795
1446792898375
1446792900871
1446792903357
1446792905870
1446792908432
1446792910978
1446792913532
1446792916102
1446792918682
1446792921285
1446792923788
1446792926360
1446792928997
1446792931561
1446792934190
1446792936710
1446792939156
1446792941551
1446792944014
1446792946493
1446792948930
1446792951318
1446792953679
1446792956066
1446792958588
1446792961008
1446792963456
1446792965884
1446792968263
1446792970692
1446792973104
1446792975508
1446792978079
1446792980516
1446792982954
1446792985408
1446792987844
1446792990332
1446792992778
1446792995182
1446792997571
1446793000042
1446793002454
1446793004883
1446793007303
1446793009716
1446793012128
1446793014541
1446793016928
1446793019432
1446793021878
1446793024315
1446793026719
1446793029141
1446793031553
1446793033974
1446793036386
1446793038823
1446793041211
1446793043665
1446793046068
1446793048506
1446793050893
1446793053323
1446793055801
1446793058280
1446793060709
1446793063239
1446793065661
1446793068123
1446793070518
1446793072956
1446793075376
1446793077815
1446793080284
1446793082754
1446793085300
1446793087787
1446793090216
1446793092679
1446793095157
1446793097637
1446793100092
1446793102554
1446793104992
1446793107446
1446793109874
1446793112345
1446793114807
1446793117277
1446793119840
1446793122319
1446793124790
1446793127210
1446793129732
1446793132220
1446793134740
1446793137186
1446793139707
1446793142143
1446793144665
1446793147118
1446793149755
1446793152285
1446793154796
1446793157267
1446793159771
1446793162258
1446793164731
1446793167284
1446793169763
1446793172276
1446793174821
1446793177342
1446793179896
1446793182382
1446793184995
1446793187524
1446793190037
1446793192615
1446793195144
1446793197692
1446793200153
1446793202690
1446793205203
1446793207698
1446793210253
1446793212773
1446793215268
1446793217756
1446793220313
1446793222830
1446793225301
1446793227797
1446793230319
1446793232881
1446793235384
1446793237939
1446793240468
1446793243039
1446793245484
1446793247938
1446793250501
1446793253004
1446793255466
1446793257921
1446793260341
1446793262754
1446793265151
1446793267571
1446793269976
1446793272355
1446793274775
1446793277130
1446793279641
1446793282063
1446793284508
1446793286928
1446793289333
1446793291728
1446793294115
1446793296513
1446793298958
1446793301396
1446793303849
1446793306270
1446793308699
1446793311161
1446793313549
1446793315911
1446793318315
1446793320703
1446793323131
1446793325568
1446793327989
1446793330445
1446793332858
1446793335236
1446793337648
1446793340036
1446793342440
1446793344943
1446793347381
1446793349785
1446793352189
1446793354610
1446793357013
1446793359434
1446793361846
1446793364302
1446793366764
1446793369193
1446793371589
1446793374061
1446793376555
1446793378942
1446793381371
1446793383817
1446793386271
1446793388783
1446793391229
1446793393641
1446793396046
1446793398484
1446793400937
1446793403417
1446793405904
1446793408391
1446793410920
1446793413399
1446793415873
1446793418324
1446793420769
1446793423248
1446793425744
1446793428222
1446793430687
1446793433157
1446793435611
1446793438082
1446793440602
1446793443106
1446793445693
1446793448139
1446793450610
1446793453080
1446793455560
1446793457980
1446793460467
1446793462948
1446793465435
1446793467955
1446793470484
1446793472971
1446793475509
1446793477988
1446793480474
1446793482971
1446793485441
1446793487946
1446793490407
1446793492919
1446793495425
1446793497962
1446793500432
1446793502903
1446793505507
1446793508028
1446793510557
1446793513085
1446793515615
1446793518185
1446793520664
1446793523201
1446793525722
1446793528226
1446793530749
1446793533260
1446793535765
1446793538252
1446793540856
1446793543343
1446793545830
1446793548343
1446793550863
1446793553384
1446793555896
1446793558400
1446793560938
1446793563476
1446793566030
1446793568559
1446793571254
1446793573791
1446793576346
1446793578866
1446793581412
1446793583824
1446793586269
1446793588657
1446793591094
1446793593506
1446793595901
1446793598307
1446793600703
1446793603065
1446793605536
1446793607957
1446793610369
1446793612739
1446793615144
1446793617531
1446793619944
1446793622289
1446793624701
1446793627097
1446793629492
1446793631873
1446793634227
1446793636781
1446793639185
1446793641647
1446793644034
1446793646464
1446793648851
1446793651230
1446793653626
1446793656054
1446793658459
1446793660887
1446793663351
1446793665872
1446793668251
1446793670700
1446793673117
1446793675529
1446793677975
1446793680437
1446793682891
1446793685378
1446793687757
1446793690187
1446793692649
1446793695111
1446793697542
1446793699954
1446793702408
1446793704862
1446793707299
1446793709745
1446793712157
1446793714602
1446793717048
1446793719577
1446793722048
1446793724518
1446793727072
1446793729545
1446793731965
1446793734435
1446793736906
1446793739352
1446793741831
1446793744351
1446793746863
1446793749359
1446793751838
1446793754284
1446793756896
1446793759350
1446793761847
1446793764342
1446793766837
1446793769325
1446793771854
1446793774333
1446793776804
1446793779324
1446793781828
1446793784365
1446793786861
1446793789357
1446793791835
1446793794365
1446793796829
1446793799333
1446793801845
1446793804341
1446793806811
1446793809349
1446793811761
1446793814265
1446793816719
1446793819197
1446793821743
1446793824205
1446793826718
1446793829240
1446793831710
1446793834173
1446793836710
1446793839197
1446793841693
1446793844188
1446793846676
1446793849179
1446793851775
1446793854321
1446793856833
1446793859411
1446793861915
1446793864546
1446793867059
1446793869604
1446793872141
1446793874687
1446793877174
1446793879719
1446793882324
1446793884777
1446793887373
1446793889894
1446793892447
1446793894926
1446793897397
1446793899894
1446793902365
1446793904802
1446793907206
1446793909693
1446793912222
1446793914651
1446793917038
1446793919426
1446793921788
1446793924183
1446793926591
1446793929008
1446793931397
1446793933843
1446793936230
1446793938667
1446793941171
1446793943617
1446793946063
1446793948525
1446793950971
1446793953408
1446793955787
1446793958233
1446793960645
1446793963065
1446793965488
1446793967975
1446793970513
1446793972966
1446793975370
1446793977825
1446793980228
1446793982741
1446793985170
1446793987598
1446793990053
1446793992440
1446793994927
1446793997399
1446793999886
1446794002424
1446794004894
1446794007306
1446794009752
1446794012206
1446794014626
1446794017039
1446794019534
1446794022006
1446794024501
1446794026988
1446794029477
1446794032014
1446794034492
1446794036922
1446794039459
1446794041922
1446794044409
1446794046896
1446794049350
1446794051870
1446794054342
1446794056837
1446794059357
1446794061811
1446794064226
1446794066763
1446794069209
1446794071746
1446794074200
1446794076695
1446794079182
1446794081654
1446794084124
1446794086552
1446794088974
1446794091435
1446794093923
1446794096520
1446794098999
1446794101470
1446794103932
1446794106395
1446794108874
1446794111344
1446794113840
1446794116243
1446794118730
1446794121218
1446794123688
1446794126160
1446794128704
1446794131360
1446794133856
1446794136335
1446794138880
1446794141418
1446794143946
1446794146451
1446794149029
1446794151508
1446794153987
1446794156499
1446794158961
1446794161491
