1446780778374
1446780780841
1446780781479
1446780782110
1446780782715
1446780783370
1446780783984
1446780784597
1446780785244
1446780785833
1446780786454
1446780787093
1446780787672
1446780788294
1446780788900
1446780789505
1446780790143
1446780790739
1446780791362
1446780791992
1446780792613
1446780793244
1446780793849
1446780794471
1446780795092
1446780795681
1446780796295
1446780796916
1446780797521
1446780798176
1446780798773
1446780799395
1446780800025
1446780800630
1446780801235
1446780801899
1446780802488
1446780803109
1446780803708
1446780804404
1446780804993
1446780805624
1446780806220
1446780806834
1446780807497
1446780808086
1446780808724
1446780809421
1446780810027
1446780810673
1446780811303
1446780811917
1446780812547
1446780813161
1446780813765
1446780814371
1446780814976
1446780815589
1446780816211
1446780816824
1446780817438
1446780818059
1446780818723
1446780819354
1446780819967
1446780820589
1446780821210
1446780821849
1446780822496
1446780823117
1446780823765
1446780824378
1446780824991
1446780825605
1446780826226
1446780826849
1446780827470
1446780828100
1446780828706
1446780829319
1446780829899
1446780830521
1446780831159
1446780831765
1446780832403
1446780833008
1446780833638
1446780834368
1446780834981
1446780835629
1446780836226
1446780836855
1446780837470
1446780838058
1446780838672
1446780839311
1446780839882
1446780840513
1446780841126
1446780841723
1446780842354
