1446781116405
1446781118902
1446781119557
1446781120179
1446781120800
1446781121406
1446781122060
1446781122691
1446781123296
1446781123951
1446781124556
1446781125177
1446781125833
1446781126430
1446781127068
1446781127706
1446781128336
1446781128975
1446781129599
1446781130220
1446781130867
1446781131472
1446781132111
1446781132733
1446781133338
1446781133985
1446781134581
1446781135186
1446781135817
1446781136405
1446781137044
1446781137665
1446781138262
1446781138925
1446781139522
1446781140153
1446781140791
1446781141388
1446781142042
1446781142656
1446781143295
1446781143916
1446781144539
1446781145193
1446781145807
1446781146446
1446781147075
1446781147706
1446781148352
1446781148974
1446781149697
1446781150343
1446781150965
1446781151595
1446781152225
1446781152856
1446781153485
1446781154108
1446781154729
1446781155359
1446781155973
1446781156611
1446781157225
1446781157871
1446781158477
1446781159082
1446781159745
1446781160342
1446781160947
1446781161552
1446781162099
1446781162721
1446781163303
1446781163866
1446781164488
1446781165059
1446781165648
1446781166279
1446781166850
1446781167439
1446781168051
1446781168624
1446781169229
1446781169834
1446781170423
1446781171027
1446781171624
1446781172238
1446781172826
1446781173432
1446781174045
1446781174617
1446781175239
1446781175827
1446781176399
1446781177045
1446781177626
1446781178205
1446781178819
1446781179392
1446781180113
