1446769558057
1446769560728
1446769561433
1446769562039
1446769562644
1446769563265
1446769563862
1446769564476
1446769565056
1446769565661
1446769566283
1446769566854
1446769567501
1446769568114
1446769568704
1446769569352
1446769569982
1446769570595
1446769571242
1446769571872
1446769572477
1446769573116
1446769573755
1446769574368
1446769574997
1446769575586
1446769576207
1446769576821
1446769577418
1446769578040
1446769578637
1446769579251
1446769579872
1446769580502
1446769581141
1446769581721
1446769582351
1446769582964
1446769583527
1446769584150
1446769584796
1446769585418
1446769586049
1446769586645
1446769587225
1446769587839
1446769588428
1446769589025
1446769589687
1446769590301
1446769591068
1446769591711
1446769592318
1446769592930
1446769593594
1446769594207
1446769594845
1446769595443
1446769596064
1446769596670
1446769597266
1446769597863
1446769598460
1446769599040
1446769599696
1446769600291
1446769600939
1446769601577
1446769602206
1446769602862
1446769603458
1446769604074
1446769604745
1446769605351
1446769605948
1446769606628
1446769607233
1446769607863
1446769608518
1446769609132
1446769609787
1446769610417
1446769611022
1446769611652
1446769612275
1446769612872
1446769613510
1446769614115
1446769614753
1446769615367
1446769615956
1446769616586
1446769617183
1446769617812
1446769618419
1446769619031
1446769619636
1446769620267
1446769620863
1446769621510
1446769622107
