1446769896649
1446769899185
1446769899764
1446769900362
1446769900941
1446769901522
1446769902136
1446769902699
1446769903296
1446769903900
1446769904447
1446769905060
1446769905674
1446769906221
1446769906835
1446769907441
1446769908037
1446769908625
1446769909205
1446769909810
1446769910399
1446769910979
1446769911568
1446769912122
1446769912728
1446769913326
1446769913879
1446769914502
1446769915081
1446769915654
1446769916259
1446769916914
1446769917486
1446769918074
1446769918655
1446769919276
1446769919831
1446769920412
1446769921025
1446769921598
1446769922219
1446769922824
1446769923422
1446769924017
1446769924590
1446769925178
1446769925809
1446769926397
1446769927043
1446769927626
1446769928206
1446769928803
1446769929425
1446769930005
1446769930602
1446769931198
1446769931754
1446769932384
1446769932956
1446769933553
1446769934158
1446769934730
1446769935352
1446769935932
1446769936521
1446769937116
1446769937689
1446769938303
1446769938890
1446769939471
1446769940058
1446769940657
1446769941279
1446769941874
1446769942455
1446769943042
1446769943657
1446769944254
1446769944851
1446769945413
1446769945968
1446769946665
1446769947245
1446769947835
1446769948448
1446769949045
1446769949634
1446769950246
1446769950860
1446769951473
1446769952062
1446769952658
1446769953247
1446769953836
1446769954409
1446769955012
1446769955609
1446769956181
1446769956803
1446769957383
1446769957963
