1446799286188
1446799289250
1446799289813
1446799290385
1446799290940
1446799291512
1446799292069
1446799292674
1446799293246
1446799293818
1446799294382
1446799295021
1446799295667
1446799296281
1446799296902
1446799297524
1446799298155
1446799298793
1446799299415
1446799300028
1446799300667
1446799301273
1446799301877
1446799302549
1446799303146
1446799303793
1446799304424
1446799305037
1446799305675
1446799306305
1446799306911
1446799307566
1446799308187
1446799308835
1446799309464
1446799310103
1446799310725
1446799311330
1446799311952
1446799312565
1446799313187
1446799313868
1446799314464
1446799315103
1446799315749
1446799316354
1446799317025
1446799317648
1446799318270
1446799318908
1446799319538
1446799320193
1446799320823
1446799321454
1446799322084
1446799322714
1446799323360
1446799323991
1446799324621
1446799325267
1446799325899
1446799326512
1446799327176
1446799327782
1446799328411
1446799329083
1446799329696
1446799330335
1446799330999
1446799331595
1446799332234
1446799332889
1446799333519
1446799334175
1446799334846
1446799335460
1446799336123
1446799336778
1446799337392
1446799338055
1446799338669
1446799339265
1446799339912
1446799340534
1446799341131
1446799341786
1446799342374
1446799342980
1446799343692
1446799344340
1446799344962
1446799345566
1446799346197
1446799346826
1446799347432
1446799348079
1446799348709
1446799349339
1446799349994
1446799350616
1446799351246
1446799351909
1446799352531
1446799353169
1446799353817
1446799354439
1446799355093
1446799355740
1446799356353
1446799356984
1446799357614
1446799358202
1446799358816
1446799359421
1446799360019
1446799360649
1446799361279
1446799361910
1446799362523
1446799363145
1446799363750
1446799364380
1446799364978
1446799365632
1446799366263
1446799366842
1446799367464
1446799368045
1446799368649
1446799369238
1446799369826
1446799370465
1446799371054
1446799371667
1446799372256
1446799372860
1446799373466
1446799374130
1446799374709
1446799375298
1446799375919
1446799376508
1446799377121
1446799377735
1446799378349
1446799378937
1446799379526
1446799380155
1446799380744
1446799381358
1446799381971
1446799382560
1446799383198
1446799383795
1446799384384
1446799385022
1446799385610
1446799386207
1446799386829
1446799387410
1446799388006
1446799388636
1446799389241
1446799389821
1446799390427
1446799391056
1446799391679
1446799392283
1446799392908
1446799393487
1446799394118
1446799394715
1446799395320
1446799395934
1446799396538
1446799397094
1446799397683
1446799398304
1446799398876
1446799399506
1446799400078
1446799400667
1446799401255
1446799401877
1446799402448
1446799403004
1446799403626
1446799404255
1446799404844
1446799405432
1446799406004
1446799406627
1446799407223
1446799407812
1446799408400
1446799409013
1446799409593
1446799410182
1446799410813
1446799411350
1446799411981
1446799412569
1446799413166
1446799413772
1446799414359
1446799414932
1446799415536
1446799416134
1446799416722
1446799417344
1446799417932
1446799418537
1446799419176
1446799419740
1446799420319
1446799420917
1446799421496
1446799422093
1446799422741
1446799423353
1446799423926
1446799424514
1446799425121
1446799425684
1446799426289
1446799426853
1446799427432
1446799428063
1446799428634
1446799429215
1446799429837
1446799430400
1446799430997
1446799431593
1446799432166
1446799432771
1446799433359
1446799434040
1446799434653
1446799435241
1446799435855
1446799436451
1446799437065
1446799437687
1446799438292
1446799438889
1446799439519
1446799440099
1446799440704
1446799441318
1446799441890
1446799442503
1446799443092
1446799443655
1446799444277
1446799444873
1446799445437
1446799446051
1446799446622
1446799447203
1446799447816
1446799448388
1446799449002
1446799449606
1446799450187
1446799450791
1446799451397
1446799452019
1446799452632
1446799453221
1446799453834
1446799454464
1446799455087
1446799455708
1446799456313
1446799456951
1446799457573
1446799458147
1446799458743
1446799459357
1446799459928
1446799460542
1446799461148
1446799461719
1446799462333
1446799462904
1446799463485
1446799464206
1446799464770
1446799465367
1446799465963
1446799466552
1446799467182
1446799467754
1446799468376
1446799468972
1446799469561
1446799470191
1446799470772
1446799471385
1446799471998
1446799472570
1446799473183
1446799473789
1446799474378
1446799475007
1446799475579
1446799476192
1446799476790
1446799477362
1446799477991
1446799478580
1446799479177
1446799479790
1446799480370
1446799480984
1446799481573
1446799482169
1446799482775
1446799483337
1446799483993
1446799484582
1446799485161
1446799485775
1446799486338
1446799486935
1446799487541
1446799488104
1446799488734
1446799489331
1446799489911
1446799490518
1446799491106
1446799491703
1446799492316
1446799492888
1446799493519
1446799494140
1446799494771
1446799495375
1446799495998
1446799496570
1446799497183
1446799497805
1446799498409
1446799498965
1446799499570
1446799500175
1446799500805
1446799501443
1446799502074
1446799502670
1446799503276
1446799503881
1446799504477
1446799505066
1446799505679
1446799506260
1446799506849
1446799507462
1446799508059
1446799508663
1446799509244
1446799509858
1446799510446
1446799511068
1446799511689
1446799512278
1446799512917
1446799513521
1446799514119
1446799514773
1446799515354
1446799515968
1446799516605
1446799517186
1446799517816
1446799518438
1446799519034
1446799519690
1446799520303
1446799520941
1446799521555
1446799522160
1446799522799
1446799523380
1446799524077
1446799524666
1446799525245
1446799525876
1446799526465
1446799527052
1446799527691
1446799528263
1446799528876
1446799529532
1446799530095
1446799530701
1446799531322
1446799531936
1446799532566
1446799533171
1446799533760
1446799534415
1446799535012
1446799535617
1446799536238
1446799536852
1446799537440
1446799538062
1446799538634
1446799539256
1446799539845
1446799540433
1446799541038
1446799541684
1446799542265
1446799542879
1446799543475
1446799544097
1446799544735
1446799545357
1446799545988
1446799546576
1446799547223
1446799547811
1446799548391
1446799549022
1446799549602
1446799550207
1446799550828
1446799551417
1446799552064
1446799552661
1446799553225
1446799553862
1446799554568
1446799555157
1446799555786
1446799556410
1446799556998
1446799557612
1446799558216
1446799558822
1446799559444
1446799560048
1446799560646
1446799561259
1446799561839
1446799562461
1446799563074
1446799563671
1446799564326
1446799564923
1446799565537
1446799566158
1446799566731
1446799567377
1446799567982
1446799568588
1446799569217
1446799569831
1446799570436
1446799571058
1446799571655
1446799572285
1446799572874
1446799573445
1446799574042
1446799574623
1446799575227
1446799575858
1446799576437
1446799577035
1446799577648
1446799578228
1446799578876
1446799579513
1446799580111
1446799580732
1446799581371
1446799581993
1446799582581
1446799583186
1446799583816
1446799584546
1446799585160
1446799585765
1446799586387
1446799587033
1446799587622
1446799588236
1446799588882
1446799589481
1446799590077
1446799590724
1446799591313
1446799591901
1446799592557
1446799593145
1446799593733
1446799594389
1446799594968
1446799595591
1446799596204
1446799596801
1446799597414
1446799598019
1446799598633
1446799599254
1446799599860
1446799600498
1446799601120
1446799601742
1446799602363
1446799602985
1446799603607
1446799604212
1446799604843
1446799605447
1446799606011
1446799606641
1446799607263
1446799607843
1446799608473
1446799609087
1446799609675
1446799610322
1446799610903
1446799611499
1446799612129
1446799612684
1446799613281
1446799613911
1446799614541
1446799615163
1446799615793
1446799616407
1446799617020
1446799617634
1446799618247
1446799618869
1446799619474
1446799620112
1446799620743
1446799621381
1446799621994
1446799622626
1446799623239
1446799623853
1446799624434
1446799625063
1446799625669
1446799626257
1446799626904
1446799627543
1446799628147
1446799628778
1446799629357
1446799629979
1446799630576
1446799631165
1446799631795
1446799632400
1446799632980
1446799633635
1446799634274
1446799634896
1446799635534
1446799636139
1446799636769
1446799637408
1446799638013
1446799638635
1446799639248
1446799639895
1446799640500
1446799641131
1446799641785
1446799642382
1446799643029
1446799643667
1446799644381
1446799645036
1446799645650
1446799646221
1446799646868
1446799647465
1446799648053
1446799648675
1446799649305
1446799649902
1446799650540
1446799651112
1446799651751
1446799652406
1446799653020
1446799653666
1446799654321
1446799654919
1446799655565
1446799656189
1446799656802
1446799657416
1446799658046
1446799658634
1446799659256
1446799659853
1446799660458
1446799661055
1446799661668
1446799662291
1446799662870
1446799663534
1446799664206
1446799664811
1446799665450
1446799666029
1446799666627
1446799667257
1446799667870
1446799668484
1446799669138
1446799669769
1446799670373
1446799671021
1446799671626
1446799672272
1446799672911
1446799673549
1446799674263
1446799674860
1446799675490
1446799676095
1446799676691
1446799677305
1446799677927
1446799678532
1446799679154
1446799679751
1446799680389
1446799681011
1446799681608
1446799682230
1446799682835
1446799683457
1446799684112
1446799684709
1446799685356
1446799686010
1446799686599
1446799687245
1446799687884
1446799688506
1446799689136
1446799689751
1446799690331
1446799690953
1446799691567
1446799692188
1446799692793
1446799693456
1446799694054
1446799694709
1446799695347
1446799695953
1446799696615
1446799697238
1446799697843
1446799698506
1446799699095
1446799699716
1446799700363
1446799700960
1446799701590
1446799702196
1446799702809
1446799703406
1446799704019
1446799704699
1446799705321
1446799705926
1446799706548
1446799707144
1446799707783
1446799708405
1446799709002
1446799709649
1446799710253
1446799710859
1446799711506
1446799712102
1446799712716
1446799713354
1446799713951
1446799714598
1446799715220
1446799715834
1446799716480
1446799717094
1446799717741
1446799718370
1446799718993
1446799719647
1446799720278
1446799720908
1446799721538
1446799722176
1446799722814
1446799723428
1446799724115
1446799724815
1446799725420
1446799726050
1446799726681
1446799727285
1446799727941
1446799728555
1446799729159
1446799729798
1446799730403
1446799731025
1446799731655
1446799732260
1446799732899
1446799733520
1446799734125
1446799734822
1446799735452
1446799736091
1446799736687
1446799737343
1446799737973
1446799738611
1446799739250
1446799739904
1446799740518
1446799741166
1446799741820
1446799742434
1446799743080
1446799743677
1446799744298
1446799744929
1446799745568
1446799746164
1446799746853
1446799747441
1446799748080
1446799748719
1446799749315
1446799749970
1446799750592
1446799751214
1446799751836
1446799752482
1446799753121
1446799753726
1446799754348
1446799754953
1446799755600
1446799756239
1446799756876
1446799757524
1446799758164
1446799758793
1446799759407
1446799760037
1446799760684
1446799761272
1446799761936
1446799762575
1446799763187
1446799763860
1446799764531
1446799765203
1446799765834
1446799766471
1446799767094
1446799767698
1446799768345
1446799768951
1446799769580
1446799770236
1446799770840
1446799771488
1446799772093
1446799772690
1446799773295
1446799773916
1446799774539
1446799775161
1446799775765
1446799776362
1446799777009
1446799777589
1446799778186
1446799778824
1446799779396
1446799780009
1446799780632
1446799781211
1446799781842
1446799782422
1446799783002
1446799783599
1446799784170
1446799784776
1446799785340
1446799785953
1446799786542
1446799787105
1446799787718
1446799788299
1446799788887
1446799789526
1446799790089
1446799790686
1446799791276
1446799791889
1446799792469
1446799793099
1446799793705
1446799794311
1446799794998
1446799795579
1446799796200
1446799796822
1446799797419
1446799798049
1446799798646
1446799799226
1446799799831
1446799800411
1446799801025
1446799801597
1446799802202
1446799802815
1446799803378
1446799804009
1446799804598
1446799805177
1446799805791
1446799806346
1446799806943
1446799807548
1446799808128
1446799808725
1446799809305
1446799809894
1446799810491
1446799811054
1446799811676
1446799812255
1446799812853
1446799813467
1446799814021
1446799814635
1446799815231
1446799815803
1446799816442
1446799817030
1446799817644
1446799818241
1446799818838
1446799819434
1446799820006
1446799820620
1446799821191
1446799821788
1446799822410
1446799822982
1446799823614
1446799824235
1446799824799
1446799825404
1446799826009
1446799826581
1446799827211
1446799827791
1446799828387
1446799829010
1446799829657
1446799830278
1446799830884
1446799831463
1446799832086
1446799832683
1446799833279
1446799833868
1446799834464
1446799835086
1446799835666
1446799836321
1446799836893
1446799837490
1446799838142
1446799839712
1446799840404
1446799841263
1446799841827
1446799842722
1446799843531
1446799844257
1446799844973
1446799845672
1446799846339
1446799847016
1446799849295
1446799849875
1446799850505
1446799851102
1446799851724
1446799852337
1446799852953
1446799853557
1446799854155
1446799854760
1446799855357
1446799855946
1446799856543
1446799857165
1446799857744
1446799858325
1446799858940
1446799859879
1446799860873
1446799862035
1446799862632
1446799863270
1446799863842
1446799864430
1446799865061
1446799865633
1446799866229
1446799866851
1446799867414
1446799868045
1446799868642
1446799869247
1446799869844
1446799870440
1446799871062
1446799871633
1446799872256
1446799872870
1446799873433
1446799874063
1446799874684
1446799875256
1446799875887
1446799876450
1446799877064
1446799877660
1446799878249
1446799878854
1446799879451
1446799880040
1446799880628
1446799881217
1446799881839
1446799882418
1446799883032
1446799883645
1446799884252
1446799884866
1446799885487
1446799886093
1446799886730
1446799887311
1446799887924
1446799888546
1446799889127
1446799890139
1446799890778
1446799891400
1446799892030
1446799892644
1446799893257
1446799893854
1446799894478
1446799895098
1446799895678
1446799896308
1446799896930
1446799897509
1446799898132
1446799898754
1446799899317
1446799899956
1446799900561
1446799901116
1446799901730
1446799902318
1446799902907
1446799903562
1446799904143
1446799904765
1446799905403
1446799906025
1446799906638
