1446781182573
1446781185119
1446781185741
1446781186312
1446781186926
1446781187505
1446781188086
1446781188691
1446781189271
1446781189868
1446781190456
1446781191037
1446781191666
1446781192255
1446781192852
1446781193482
1446781194054
1446781194650
1446781195272
1446781195836
1446781196449
1446781197065
1446781197611
1446781198175
1446781198788
1446781199368
1446781199982
1446781200587
1446781201134
1446781201747
1446781202344
1446781202966
1446781203604
1446781204168
1446781204772
1446781205370
1446781205950
1446781206538
1446781207094
1446781207690
1446781208304
1446781208868
1446781209481
1446781210169
1446781210741
1446781211321
1446781211935
1446781212490
1446781213095
1446781213700
1446781214289
1446781214986
1446781215566
1446781216155
1446781216768
1446781217365
1446781217937
1446781218534
1446781219114
1446781219727
1446781220332
1446781220945
1446781221551
1446781222173
1446781222736
1446781223350
1446781223963
1446781224552
1446781225174
1446781225787
1446781226392
1446781226980
1446781227552
1446781228166
1446781228729
1446781229328
1446781229941
1446781230538
1446781231135
1446781231739
1446781232337
1446781232908
1446781233489
1446781234077
1446781234691
1446781235271
1446781235834
1446781236440
1446781236994
1446781237600
1446781238180
1446781238760
1446781239357
1446781239978
1446781240575
1446781241139
1446781241694
1446781242266
1446781242879
1446781243485
1446781244124
