1446801222151
1446801224772
1446801225378
1446801225999
1446801226630
1446801227235
1446801227848
1446801228504
1446801229100
1446801229723
1446801230362
1446801230958
1446801231572
1446801232210
1446801232834
1446801233432
1446801234086
1446801234708
1446801235288
1446801235944
1446801236541
1446801237137
1446801237751
1446801238372
1446801238962
1446801239584
1446801240197
1446801240811
1446801241399
1446801242029
1446801242635
1446801243223
1446801243853
1446801244476
1446801245064
1446801245702
1446801246316
1446801247013
1446801247660
1446801248248
1446801248853
1446801249491
1446801250105
1446801250744
1446801251391
1446801252063
1446801252693
1446801253324
1446801253929
1446801254559
1446801255173
1446801255769
1446801256400
1446801257022
1446801257627
1446801258241
1446801258820
1446801259426
1446801260015
1446801260628
1446801261292
1446801261888
1446801262519
1446801263158
1446801263737
1446801264360
1446801264998
1446801265630
1446801266243
1446801266890
1446801267504
1446801268133
1446801268789
1446801269386
1446801270016
1446801270646
1446801271226
1446801271873
1446801272504
1446801273084
1446801273698
1446801274327
1446801274908
1446801275547
1446801276168
1446801276766
1446801277405
1446801278035
1446801278632
1446801279270
1446801279900
1446801280498
1446801281161
1446801281917
1446801282538
1446801283185
1446801283799
1446801284412
1446801285026
1446801285647
1446801286286
1446801286884
1446801287488
1446801288119
1446801288707
1446801289321
1446801289935
1446801290523
1446801291162
1446801291800
1446801292364
1446801293028
1446801293632
1446801294238
1446801294901
1446801295523
1446801296136
1446801296791
1446801297404
1446801298067
1446801298706
1446801299339
1446801299952
1446801300591
1446801301195
1446801301826
1446801302456
1446801303069
1446801303716
1446801304337
1446801304968
1446801305573
1446801306186
1446801306825
1446801307405
1446801308044
1446801308666
1446801309254
1446801309918
1446801310522
1446801311136
1446801311867
1446801312463
1446801313085
1446801313723
1446801314328
1446801314975
1446801315597
1446801316228
1446801316832
1446801317471
1446801318059
1446801318681
1446801319312
1446801319917
1446801320547
1446801321169
1446801321782
1446801322421
1446801323051
1446801323648
1446801324287
1446801324900
1446801325514
1446801326152
1446801326775
1446801327397
1446801328026
1446801328649
1446801329278
1446801329892
1446801330531
1446801331169
1446801331791
1446801332421
1446801333053
1446801333667
1446801334271
1446801334902
1446801335523
1446801336129
1446801336784
1446801337406
1446801338028
1446801338683
1446801339313
1446801339944
1446801340616
1446801341238
1446801341984
1446801342640
1446801343262
1446801343908
1446801344556
1446801345127
1446801345774
1446801346396
1446801346993
1446801347624
1446801348236
1446801348875
1446801349523
1446801350127
1446801350758
1446801351371
1446801351985
1446801352615
1446801353287
1446801353926
1446801354530
1446801355203
1446801355841
1446801356496
1446801357152
1446801357806
1446801358454
1446801359101
1446801359764
1446801360411
1446801361050
1446801361688
1446801362293
1446801362907
1446801363554
1446801364184
1446801364797
1446801365453
1446801366074
1446801366706
1446801367362
1446801367983
1446801368630
1446801369285
1446801369899
1446801370563
1446801371201
1446801371823
1446801372502
1446801373133
1446801373771
1446801374427
1446801375040
1446801375670
1446801376334
1446801377040
1446801377694
1446801378316
1446801378963
1446801379593
1446801380207
1446801380870
1446801381492
1446801382130
1446801382744
1446801383340
1446801384004
1446801384593
1446801385214
1446801385836
1446801386416
1446801387055
1446801387660
1446801388240
1446801388845
1446801389417
1446801390030
1446801390619
1446801391232
1446801391821
1446801392417
1446801393039
1446801393620
1446801394224
1446801394839
1446801395410
1446801396032
1446801396612
1446801397234
1446801397822
1446801398419
1446801399041
1446801399612
1446801400211
1446801400825
1446801401404
1446801402010
1446801402623
1446801403195
1446801403826
1446801404422
1446801405002
1446801405648
1446801406229
1446801406844
1446801407539
1446801408128
1446801408749
1446801409338
1446801409952
1446801410548
1446801411154
1446801411783
1446801412364
1446801412978
1446801413591
1446801414213
1446801414801
1446801415381
1446801415979
1446801416542
1446801417139
1446801417752
1446801418349
1446801418912
1446801419476
1446801420098
1446801420678
1446801421258
1446801421863
1446801422444
1446801423074
1446801423670
1446801424293
1446801424872
1446801425486
1446801426117
1446801426679
1446801427268
1446801427873
1446801428437
1446801429067
1446801429664
1446801430252
1446801430890
1446801431471
1446801432086
1446801432732
1446801433321
1446801433917
1446801434540
1446801435153
1446801435791
1446801436397
1446801437135
1446801437724
1446801438321
1446801438951
1446801439539
1446801440153
1446801440766
1446801441347
1446801441993
1446801442582
1446801443162
1446801443793
1446801444382
1446801444961
1446801445600
1446801446188
1446801446794
1446801447408
1446801447979
1446801448593
1446801449189
1446801449786
1446801450384
1446801450988
1446801451602
1446801452232
1446801452838
1446801453476
1446801454081
1446801454678
1446801455300
1446801455897
1446801456519
1446801457107
1446801457696
1446801458292
1446801458848
1446801459454
1446801460067
1446801460680
1446801461302
1446801461924
1446801462521
1446801463143
1446801463757
1446801464336
1446801464943
1446801465591
1446801466154
1446801466793
1446801467481
1446801468086
1446801468675
1446801469272
1446801469852
1446801470449
1446801471038
1446801471602
1446801472198
1446801472812
1446801473433
1446801474005
1446801474603
1446801475191
1446801475771
1446801476376
1446801476948
1446801477579
1446801478192
1446801478789
1446801479387
1446801479991
1446801480572
1446801481176
1446801481790
1446801482363
1446801483001
1446801483631
1446801484186
1446801484808
1446801485405
1446801486035
1446801486657
1446801487246
1446801487859
1446801488465
1446801489086
1446801489675
1446801490305
1446801490927
1446801491532
1446801492154
1446801492768
1446801493397
1446801494011
1446801494634
1446801495263
1446801495869
1446801496474
1446801497123
1446801497729
1446801498325
1446801498956
1446801499552
1446801500141
1446801500763
1446801501343
1446801501940
1446801502595
1446801503175
1446801503781
1446801504403
1446801504975
1446801505596
1446801506210
1446801506782
1446801507404
1446801508009
1446801508556
1446801509170
1446801509759
1446801510363
1446801510977
1446801511574
1446801512163
1446801512785
1446801513356
1446801513962
1446801514551
1446801515139
1446801515736
1446801516358
1446801516946
1446801517552
1446801518173
1446801518779
1446801519359
1446801519956
1446801520595
1446801521183
1446801521822
1446801522443
1446801523016
1446801523630
1446801524276
1446801524881
1446801525503
1446801526100
1446801526672
1446801527360
1446801527966
1446801528587
1446801529202
1446801529816
1446801530446
1446801531035
1446801531664
1446801532303
1446801532900
1446801533530
1446801534135
1446801534698
1446801535329
1446801535925
1446801536506
1446801537136
1446801537716
1446801538313
1446801538934
1446801539515
1446801540129
1446801540717
1446801541330
1446801541943
1446801542540
1446801543163
1446801543759
1446801544356
1446801544994
1446801545583
1446801546213
1446801546810
1446801547415
1446801548061
1446801548650
1446801549239
1446801549885
1446801550474
1446801551079
1446801551709
1446801552289
1446801552903
1446801553517
1446801554088
1446801554718
1446801555298
1446801555904
1446801556518
1446801557115
1446801557794
1446801558390
1446801558996
1446801559610
1446801560189
1446801560819
1446801561415
1446801562038
1446801562662
1446801563283
1446801563881
1446801564535
1446801565124
1446801565763
1446801566384
1446801566998
1446801567636
1446801568241
1446801568863
1446801569476
1446801570065
1446801570695
1446801571300
1446801571922
1446801572535
1446801573149
1446801573787
1446801574393
1446801575022
1446801575669
1446801576258
1446801576913
1446801577518
1446801578148
1446801578778
1446801579392
1446801579972
1446801580602
1446801581190
1446801581779
1446801582418
1446801582998
1446801583620
1446801584224
1446801584822
1446801585452
1446801586048
1446801586662
1446801587358
1446801587989
1446801588586
1446801589216
1446801589805
1446801590401
1446801591032
1446801591621
1446801592234
1446801592865
1446801593478
1446801594092
1446801594697
1446801595277
1446801595884
1446801596497
1446801597086
1446801597716
1446801598312
1446801598918
1446801599548
1446801600154
1446801600743
1446801601389
1446801602003
1446801602591
1446801603238
1446801603811
1446801604407
1446801605038
1446801605626
1446801606240
1446801606854
1446801607450
1446801608064
1446801608695
1446801609283
1446801609922
1446801610543
1446801611124
1446801611730
1446801612376
1446801612965
1446801613603
1446801614208
1446801614806
1446801615427
1446801616074
1446801616712
1446801617410
1446801618032
1446801618670
1446801619276
1446801619864
1446801620519
1446801621141
1446801621779
1446801622427
1446801623048
1446801623662
1446801624284
1446801624889
1446801625494
1446801626124
1446801626729
1446801627351
1446801627997
1446801628630
1446801629234
1446801629881
1446801630478
1446801631083
1446801631722
1446801632301
1446801632924
1446801633546
1446801634109
1446801634756
1446801635360
1446801635941
1446801636604
1446801637176
1446801637798
1446801638386
1446801639008
1446801639588
1446801640243
1446801640824
1446801641462
1446801642101
1446801642747
1446801643352
1446801643958
1446801644596
1446801645185
1446801645806
1446801646437
1446801647042
1446801647713
1446801648327
1446801648948
1446801649562
1446801650159
1446801650789
1446801651444
1446801652057
1446801652696
1446801653343
1446801653923
1446801654554
1446801655183
1446801655789
1446801656427
1446801657065
1446801657679
1446801658317
1446801658939
1446801659569
1446801660174
1446801660797
1446801661434
1446801662083
1446801662671
1446801663277
1446801663882
1446801664487
1446801665126
1446801665730
1446801666352
1446801666974
1446801667571
1446801668193
1446801668789
1446801669386
1446801670042
1446801670638
1446801671252
1446801671898
1446801672496
1446801673125
1446801673764
1446801674353
1446801674991
1446801675613
1446801676201
1446801676856
1446801677545
1446801678133
1446801678780
1446801679368
1446801679973
1446801680621
1446801681200
1446801681831
1446801682485
1446801683066
1446801683696
1446801684309
1446801684932
1446801685536
1446801686167
1446801686805
1446801687410
1446801688041
1446801688654
1446801689251
1446801689872
1446801690502
1446801691108
1446801691746
1446801692351
1446801692981
1446801693636
1446801694259
1446801694921
1446801695545
1446801696133
1446801696747
1446801697377
1446801697957
1446801698604
1446801699250
1446801699848
1446801700478
1446801701124
1446801701738
1446801702343
1446801702965
1446801703579
1446801704225
1446801704856
1446801705510
1446801706141
1446801706771
1446801707417
1446801708040
1446801708677
1446801709300
1446801709904
1446801710560
1446801711165
1446801711770
1446801712492
1446801713072
1446801713719
1446801714350
1446801714937
1446801715560
1446801716173
1446801716770
1446801717400
1446801718047
1446801718661
1446801719332
1446801719921
1446801720568
1446801721206
1446801721845
1446801722433
1446801723080
1446801723694
1446801724340
1446801724962
1446801725609
1446801726256
1446801726878
1446801727500
1446801728147
1446801728751
1446801729425
1446801730031
1446801730677
1446801731299
1446801731929
1446801732534
1446801733165
1446801733786
1446801734417
1446801735080
1446801735694
1446801736316
1446801736938
1446801737543
1446801738181
1446801738828
1446801739451
1446801740105
1446801740728
1446801741325
1446801741979
1446801742668
1446801743290
1446801743929
1446801744551
1446801745172
1446801745794
1446801746433
1446801747072
1446801747702
1446801748323
1446801748970
1446801749583
1446801750214
1446801750845
1446801751441
1446801752080
1446801752718
1446801753307
1446801753987
1446801754609
1446801755239
1446801755910
1446801756524
1446801757163
1446801757785
1446801758432
1446801759028
1446801759659
1446801760298
1446801760944
1446801761566
1446801762154
1446801762762
1446801763409
1446801764031
1446801764669
1446801765324
1446801765930
1446801766585
1446801767207
1446801767837
1446801768483
1446801769148
1446801769761
1446801770383
1446801771013
1446801771634
1446801772281
1446801772904
1446801773542
1446801774164
1446801774785
1446801775432
1446801776028
1446801776667
1446801777323
1446801778044
1446801778675
1446801779339
1446801779943
1446801780574
1446801781229
1446801781842
1446801782498
1446801783144
1446801783767
1446801784396
1446801785044
1446801785632
1446801786254
1446801786884
1446801787497
1446801788153
1446801788750
1446801789388
1446801790019
1446801790631
1446801791279
1446801791892
1446801792514
1446801793152
1446801793765
1446801794404
1446801795017
1446801795648
1446801796271
1446801796901
1446801797523
1446801798194
1446801798791
1446801799439
1446801800077
1446801800682
1446801801337
1446801801950
1446801802581
1446801803211
1446801803799
1446801804446
1446801805068
1446801805681
1446801806303
1446801806942
1446801807621
1446801808219
1446801808858
1446801809463
1446801810035
1446801810664
1446801811262
1446801811859
1446801812472
1446801813036
1446801813624
1446801814254
1446801814827
1446801815439
1446801816037
1446801816608
1446801817164
1446801817770
1446801818366
1446801818980
1446801819593
1446801820174
1446801820813
1446801821401
1446801821973
1446801822544
1446801823150
1446801823764
1446801824352
1446801824974
1446801825595
1446801826168
1446801826790
1446801827395
1446801827991
1446801828622
1446801829185
1446801829801
1446801830397
1446801831003
1446801831591
1446801832171
1446801832752
1446801833332
1446801833937
1446801834510
1446801835097
1446801835728
1446801836274
1446801836847
1446801837418
1446801838090
1446801838679
1446801839275
1446801839906
1446801840469
1446801841058
1446801841697
