1446770236080
1446770240592
1446770243063
1446770245541
1446770247971
1446770250391
1446770252937
1446770255409
1446770258291
1446770260770
1446770263248
1446770265669
1446770268198
1446770270727
1446770273189
1446770275643
1446770278147
1446770280559
1446770283030
1446770285459
1446770288071
1446770290519
1446770292972
1446770295459
1446770297930
1446770300409
1446770302896
1446770305408
1446770307887
1446770310375
1446770312920
1446770315390
1446770317978
1446770320499
1446770323005
1446770325500
1446770327971
1446770330425
1446770332903
1446770335383
1446770337878
1446770340399
1446770342895
1446770345365
1446770347935
1446770350440
1446770352918
1446770355424
1446770357928
1446770360447
1446770362919
1446770365356
1446770367834
1446770370305
1446770372817
1446770375330
1446770377951
1446770380421
1446770382909
1446770386412
1446770388891
1446770391379
1446770393966
1446770396487
1446770399016
1446770401553
1446770404141
1446770406660
1446770409257
1446770411736
1446770414306
1446770416810
1446770419347
1446770421901
1446770424455
1446770426919
1446770429465
1446770431968
1446770434463
1446770436976
1446770439563
1446770442092
1446770444655
1446770447175
1446770449688
1446770452158
1446770455660
1446770458073
1446770460553
1446770463033
1446770465478
1446770468032
1446770470461
1446770472857
1446770475285
1446770477723
1446770480160
1446770482623
1446770485068
1446770487464
1446770489910
1446770492297
1446770494752
1446770497198
1446770499718
1446770502148
1446770504585
1446770506980
1446770509418
1446770511813
1446770514293
1446770516696
1446770519200
1446770521688
1446770524166
1446770526588
1446770529151
1446770531621
1446770534100
1446770536554
1446770539041
1446770541554
1446770543966
1446770546402
1446770548874
1446770551277
1446770553765
1446770556210
1446770558647
1446770561104
1446770563649
1446770566144
1446770568615
1446770571044
1446770573523
1446770576027
1446770578464
1446770580927
1446770583406
1446770585827
1446770588280
1446770590776
1446770593307
1446770595703
1446770598131
1446770600619
1446770603073
1446770605535
1446770608006
1446770610484
1446770612952
1446770615309
1446770617779
1446770620234
1446770622829
1446770625268
1446770627689
1446770630134
1446770632572
1446770635075
1446770637521
1446770639975
1446770642445
1446770644916
1446770647420
1446770649849
1446770652295
1446770654840
1446770657311
1446770659741
1446770662270
1446770664783
1446770667261
1446770669776
1446770672278
1446770674740
1446770677228
1446770679664
1446770682201
1446770684698
1446770687209
1446770689813
1446770692326
1446770694756
1446770697260
1446770699722
1446770702167
1446770705680
1446770708117
1446770710587
1446770713075
1446770715512
1446770718024
1446770720528
1446770723156
1446770725661
1446770728258
1446770730770
1446770733357
1446770735878
1446770738407
1446770743318
1446770745846
1446770748367
1446770750871
1446770753475
1446770755929
1446770758458
1446770761004
1446770763574
1446770766062
1446770768508
1446770770912
1446770773342
1446770775729
1446770778124
1446770780528
1446770782974
1446770785395
1446770787790
1446770790244
1446770792640
1446770795094
1446770797482
1446770799920
1446770802290
1446770804703
1446770807107
1446770809502
1446770811931
1446770814463
1446770816914
1446770819368
1446770821730
1446770824185
1446770826572
1446770829025
1446770831464
1446770833926
1446770836355
1446770838793
1446770841196
1446770843651
1446770846055
1446770848558
1446770851005
1446770853492
1446770855929
1446770858441
1446770860870
1446770863293
1446770865789
1446770868242
1446770870747
1446770873217
1446770875672
1446770878192
1446770880612
1446770883033
1446770885445
1446770887907
1446770890337
1446770892807
1446770895263
1446770897725
1446770900129
1446770902574
1446770905062
1446770907507
1446770909936
1446770912357
1446770914870
1446770917348
1446770919802
1446770922215
1446770924651
1446770927156
1446770929544
1446770932023
1446770934478
1446770936898
1446770939368
1446770941798
1446770944368
1446770946839
1446770949326
1446770951846
1446770954359
1446770956805
1446770959250
1446770961721
1446770964126
1446770966597
1446770970108
1446770972595
1446770975058
1446770977562
1446770980083
1446770982578
1446770985015
1446770987470
1446770989940
1446770992452
1446770994923
1446770997453
1446771000965
1446771003427
1446771005948
1446771008552
1446771011073
1446771013610
1446771016155
1446771018717
1446771021239
1446771023734
1446771026304
1446771028850
1446771031412
1446771033951
1446771036496
1446771039017
1446771041546
1446771044116
1446771046695
1446771049208
1446771051769
1446771054307
1446771056852
1446771059381
1446771061935
1446771064556
1446771067036
1446771069599
1446771072161
1446771074765
1446771077244
1446771079764
1446771082227
1446771084680
1446771087126
1446771089571
1446771091967
1446771094313
1446771096717
1446771099054
1446771101418
1446771103947
1446771106343
1446771108763
1446771111217
1446771113638
1446771117008
1446771119411
1446771121866
1446771124328
1446771126741
1446771129211
1446771131656
1446771134121
1446771136525
1446771138937
1446771141350
1446771143720
1446771146091
1446771148453
1446771150857
1446771153261
1446771155732
1446771158170
1446771160632
1446771163060
1446771165550
1446771167928
1446771170323
1446771172728
1446771175140
1446771177578
1446771180040
1446771182477
1446771187996
1446771190450
1446771192887
1446771195350
1446771197795
1446771200208
1446771202646
1446771205083
1446771207538
1446771209925
1446771212353
1446771214833
1446771217245
1446771219691
1446771223136
1446771225689
1446771228135
1446771230639
1446771233085
1446771235589
1446771237994
1446771240448
1446771242902
1446771245389
1446771247827
1446771250347
1446771252777
1446771255347
1446771257759
1446771260196
1446771262634
1446771265046
1446771269857
1446771272362
1446771274858
1446771277362
1446771279841
1446771282328
1446771284765
1446771287245
1446771289815
1446771292318
1446771294806
1446771297393
1446771299863
1446771302376
1446771304847
1446771307327
1446771309789
1446771312318
1446771314814
1446771317376
1446771319980
1446771322509
1446771325029
1446771327542
1446771330021
1446771332507
1446771335062
1446771337657
1446771340113
1446771342600
1446771345104
1446771347608
1446771350262
1446771352865
1446771355436
1446771357981
1446771360486
1446771363089
1446771365568
1446771368106
1446771370601
1446771373138
1446771375627
1446771378181
1446771380810
1446771383405
1446771385900
1446771388388
1446771390808
1446771393229
1446771395608
1446771397995
1446771401458
1446771403878
1446771406323
1446771408738
1446771411158
1446771413579
1446771415950
1446771418379
1446771420750
1446771423178
1446771425615
1446771428053
1446771430407
1446771432820
1446771435224
1446771437627
1446771440025
1446771443378
1446771445806
1446771448136
1446771450548
1446771452978
1446771455415
1446771457835
1446771460239
1446771462635
1446771465047
1446771467451
1446771469805
1446771472184
1446771474648
1446771477101
1446771479556
1446771481968
1446771484347
1446771486743
1446771489138
1446771491576
1446771494013
1446771496483
1446771498863
1446771501241
1446771503679
1446771506191
1446771508646
1446771511051
1446771514529
1446771516974
1446771519412
1446771521857
1446771524228
1446771526657
1446771529052
1446771531490
1446771533952
1446771536456
1446771538885
1446771541374
1446771543803
1446771546265
1446771548735
1446771551223
1446771553718
1446771556188
1446771558685
1446771561147
1446771563601
1446771566063
1446771568542
1446771571105
1446771573583
1446771576164
1446771578659
1446771581146
1446771583634
1446771586138
1446771588558
1446771591054
1446771593491
1446771596004
1446771598441
1446771601011
1446771603515
1446771606094
1446771608940
1446771611437
1446771613907
1446771616436
1446771618965
1446771621510
1446771624040
1446771626568
1446771629055
1446771631626
1446771634121
1446771636651
1446771639138
1446771641691
1446771644214
1446771646726
1446771649205
1446771651709
1446771654171
1446771656684
1446771659187
1446771661708
1446771664220
1446771666849
1446771669395
1446771671949
1446771674502
1446771677042
1446771679546
1446771682008
1446771684521
1446771686966
1446771689437
1446771691874
1446771694344
1446771696824
1446771699295
1446771701824
1446771704277
1446771706639
1446771709037
1446771711374
1446771713769
1446771716149
1446771718561
1446771720949
1446771723294
1446771726597
1446771728960
1446771731372
1446771733767
1446771736080
1446771738467
1446771740839
1446771743269
1446771745623
1446771748060
1446771750380
1446771752827
1446771755222
1446771757659
1446771760164
1446771762551
1446771764904
1446771767275
1446771769771
1446771772159
1446771774604
1446771777342
1446771779755
1446771782092
1446771784462
1446771786850
1446771789245
1446771791725
1446771794095
1446771796491
1446771798904
1446771801365
1446771803787
1446771806215
1446771808587
1446771810991
1446771813420
1446771815865
1446771818320
1446771820765
1446771823170
1446771825590
1446771828052
1446771830490
1446771832918
1446771835339
1446771837752
1446771840172
1446771842636
1446771845106
1446771847527
1446771849998
1446771852426
1446771854855
1446771857259
1446771859772
1446771862209
1446771864696
1446771867158
1446771869621
1446771872125
1446771874614
1446771877126
1446771879581
1446771882109
1446771884513
1446771887058
1446771889579
1446771892058
1446771894604
1446771897157
1446771899627
1446771902174
1446771904694
1446771907247
1446771909837
1446771912324
1446771914820
1446771917315
1446771919819
1446771922307
1446771924918
1446771927805
1446771930285
1446771932813
1446771935326
1446771937854
1446771940441
1446771942956
1446771945393
1446771947890
1446771950368
1446771952888
1446771955368
1446771957938
1446771960458
1446771962954
1446771965425
1446771967921
1446771970500
1446771973036
1446771975534
1446771978088
1446771980633
1446771983129
1446771985707
1446771988179
1446771990715
1446771993177
1446771995657
1446771998052
1446772000673
1446772003127
1446772005589
1446772008035
1446772010515
1446772012927
1446772015348
1446772017735
1446772020098
1446772022552
1446772024939
1446772027310
1446772029705
1446772032126
1446772034522
1446772037026
1446772039397
1446772041809
1446772044155
1446772046535
1446772048855
1446772051252
1446772053680
1446772056092
1446772058513
1446772060884
1446772063221
1446772065575
1446772067912
1446772070400
1446772072804
1446772075167
1446772077597
1446772080067
1446772082454
1446772084850
1446772087237
1446772089642
1446772092070
1446772094540
1446772096978
1446772099449
1446772101860
1446772104332
1446772106836
1446772109258
1446772111670
1446772114140
1446772116553
1446772119015
1446772121470
1446772123915
1446772126419
1446772128881
1446772131377
1446772133772
1446772136285
1446772138680
1446772141119
1446772143515
1446772145993
1446772148423
1446772150910
1446772153363
1446772155843
1446772158313
1446772160792
1446772163246
1446772165741
1446772168221
1446772170724
1446772173170
1446772175642
1446772178162
1446772180617
1446772183120
1446772185599
1446772188082
1446772190549
1446772193012
1446772195532
1446772198019
1446772200499
1446772202994
1446772205497
1446772207996
1446772210449
1446772212954
1446772215432
1446772217944
1446772220407
1446772222911
1446772225439
1446772227911
1446772230348
1446772232844
1446772235356
1446772237876
1446772241431
1446772243951
1446772246463
1446772248926
1446772251380
1446772253901
1446772256463
1446772258966
1446772261463
1446772264008
1446772266487
1446772269033
1446772271495
1446772273982
1446772276463
1446772279016
1446772281554
1446772284091
1446772287028
1446772289549
1446772292036
1446772294573
1446772297035
1446772299530
1446772302035
1446772304539
1446772307060
1446772309605
1446772312085
1446772314564
1446772317018
1446772319448
1446772321818
1446772324222
1446772326626
1446772329005
1446772331342
1446772333747
1446772336508
1446772338888
1446772341225
1446772343671
1446772346168
1446772348538
1446772350900
1446772353288
1446772355692
1446772358121
1446772360533
1446772362970
1446772365399
1446772367861
1446772370299
1446772372745
1446772375106
1446772377604
1446772380024
1446772383527
1446772385949
1446772388427
1446772390849
1446772393310
1446772395781
1446772398243
1446772400655
1446772403067
1446772405572
1446772407992
1446772410423
1446772412894
1446772415306
1446772417735
1446772420164
1446772422610
1446772425005
1446772427484
1446772429913
1446772432392
1446772434846
1446772437392
1446772439846
1446772442243
1446772444655
1446772447159
1446772449597
1446772452042
1446772454446
1446772456883
1446772459287
1446772461750
1446772464137
1446772466674
1446772469178
1446772471615
1446772474070
1446772476567
1446772478962
1446772481384
1446772483829
1446772486249
1446772488695
1446772491107
1446772493562
1446772496049
1446772498519
1446772500949
1446772503477
1446772505873
1446772508312
1446772510799
1446772513328
1446772515790
1446772518285
1446772520765
1446772523227
1446772525728
1446772528152
1446772530614
1446772533085
1446772535530
1446772538025
1446772540496
1446772543018
1446772545498
1446772548001
1446772550421
1446772552926
1446772555379
1446772557975
1446772560490
1446772562975
1446772565471
1446772567974
1446772570436
1446772572924
1446772575419
1446772577932
1446772580437
1446772583032
1446772585562
1446772588140
1446772590644
1446772593148
1446772595660
1446772598132
1446772600677
1446772603197
1446772605735
1446772608238
1446772610727
1446772613206
1446772615701
1446772618217
1446772620726
1446772623155
1446772625543
1446772627947
1446772630334
1446772632738
1446772635167
1446772637571
1446772639958
1446772642395
1446772644809
1446772647313
1446772649743
1446772652188
1446772656990
1446772659395
1446772661824
1446772664277
1446772666723
1446772669119
1446772671532
1446772673935
1446772676405
1446772678811
1446772681257
1446772683710
1446772686165
1446772688635
1446772691023
1446772693402
1446772695872
1446772698285
1446772700772
1446772703217
1446772705680
1446772708208
1446772710631
1446772713068
1446772715488
1446772717901
1446772720280
1446772722718
1446772725154
1446772727608
1446772730154
