1446769962830
1446769965419
1446769966041
1446769966620
1446769967218
1446769967815
1446769968371
1446769968974
1446769969581
1446769970160
1446769970774
1446769971345
1446769971908
1446769972522
1446769973094
1446769973691
1446769974271
1446769974843
1446769975456
1446769976045
1446769976750
1446769977380
1446769977993
1446769978591
1446769979171
1446769979734
1446769980364
1446769980944
1446769981516
1446769982113
1446769982701
1446769983339
1446769983945
1446769984525
1446769985156
1446769985761
1446769986357
1446769986946
1446769987534
1446769988164
1446769988746
1446769989351
1446769989965
1446769990544
1446769991166
1446769991747
1446769992326
1446769992949
1446769993512
1446769994117
1446769994721
1446769995294
1446769995892
1446769996512
1446769997170
1446769997767
1446769998379
1446769998953
1446769999573
1446770000163
1446770000760
1446770001364
1446770001953
1446770002583
1446770003172
1446770003786
1446770004399
1446770004987
1446770005609
1446770006206
1446770006870
1446770007466
1446770008063
1446770008666
1446770009288
1446770009877
1446770010498
1446770011139
1446770011733
1446770012322
1446770012945
1446770013524
1446770014138
1446770014701
1446770015315
1446770015930
1446770016510
1446770017132
1446770017702
1446770018307
1446770018923
1446770019494
1446770020091
1446770020704
1446770021300
1446770021906
1446770022493
1446770023108
1446770023703
1446770024284
1446770024914
