1446801917403
1446801920462
1446801921017
1446801921547
1446801922135
1446801922674
1446801923238
1446801923818
1446801924357
1446801924928
1446801925483
1446801926106
1446801926735
1446801927357
1446801928079
1446801928692
1446801929340
1446801929961
1446801930566
1446801931237
1446801931851
1446801932465
1446801933137
1446801933734
1446801934363
1446801934994
1446801935599
1446801936179
1446801936760
1446801937381
1446801938037
1446801938684
1446801939297
1446801939903
1446801940565
1446801941180
1446801941827
1446801942448
1446801943079
1446801943734
1446801944364
1446801944995
1446801945591
1446801946213
1446801946818
1446801947432
1446801948071
1446801948692
1446801949307
1446801949970
1446801950593
1446801951206
1446801951836
1446801952483
1446801953113
1446801953760
1446801954399
1446801955046
1446801955660
1446801956281
1446801956920
1446801957525
1446801958230
1446801958886
1446801959473
1446801960137
1446801960785
1446801961381
1446801962045
1446801962641
1446801963255
1446801963919
1446801964541
1446801965154
1446801965818
1446801966415
1446801967045
1446801967708
1446801968297
1446801968961
1446801969591
1446801970230
1446801970884
1446801971507
1446801972154
1446801972750
1446801973389
1446801974027
1446801974658
1446801975314
1446801975943
1446801976540
1446801977220
1446801977867
1446801978489
1446801979127
1446801979775
1446801980371
1446801981026
1446801981615
1446801982212
1446801982810
1446801983457
1446801984070
1446801984726
1446801985356
1446801985970
1446801986633
1446801987263
1446801987961
1446801988624
1446801989238
1446801989850
1446801990514
1446801991128
1446801991750
1446801992397
1446801993027
1446801993649
1446801994296
1446801994901
1446801995532
1446801996187
1446801996800
1446801997431
1446801998061
1446801998683
1446801999346
1446801999960
1446802000598
1446802001245
1446802001876
1446802002514
1446802003152
1446802003775
1446802004421
1446802005018
1446802005649
1446802006295
1446802006876
1446802007505
1446802008127
1446802008707
1446802009338
1446802009927
1446802010523
1446802011162
1446802011743
1446802012322
1446802012953
1446802013558
1446802014146
1446802014777
1446802015374
1446802015990
1446802016603
1446802017208
1446802017789
1446802018469
1446802019066
1446802019645
1446802020259
1446802020832
1446802021411
1446802022009
1446802022572
1446802023169
1446802023758
1446802024379
1446802024943
1446802025506
1446802026112
1446802026709
1446802027297
1446802027878
1446802028482
1446802029096
1446802029652
1446802030265
1446802030870
1446802031450
1446802032080
1446802032661
1446802033249
1446802033879
1446802034459
1446802035048
1446802035653
1446802036191
1446802036797
1446802037393
1446802037999
1446802038611
1446802039192
1446802039806
1446802040419
1446802040991
1446802041579
1446802042209
1446802042773
1446802043395
1446802043975
1446802044530
1446802045135
1446802045707
1446802046328
1446802046934
1446802047530
1446802048212
1446802048818
1446802049397
1446802049986
1446802050599
1446802051180
1446802051785
1446802052356
1446802052979
1446802053592
1446802054172
1446802054786
1446802055374
1446802055980
1446802056601
1446802057181
1446802057786
1446802058400
1446802058980
1446802059602
1446802060190
1446802060770
1446802061392
1446802061964
1446802062561
1446802063174
1446802063754
1446802064368
1446802064957
1446802065537
1446802066142
1446802066713
1446802067319
1446802067933
1446802068529
1446802069126
1446802069739
1446802070336
1446802070950
1446802071538
1446802072135
1446802072765
1446802073337
1446802073950
1446802074564
1446802075144
1446802075774
1446802076363
1446802076942
1446802077589
1446802078236
1446802078833
1446802079454
1446802080042
1446802080664
1446802081280
1446802081860
1446802082474
1446802083079
1446802083684
1446802084290
1446802084878
1446802085492
1446802086088
1446802086693
1446802087315
1446802087870
1446802088509
1446802089114
1446802089694
1446802090333
1446802090921
1446802091518
1446802092148
1446802092720
1446802093333
1446802093947
1446802094527
1446802095157
1446802095746
1446802096359
1446802096956
1446802097570
1446802098166
1446802098772
1446802099334
1446802099940
1446802100529
1446802101125
1446802101731
1446802102302
1446802102899
1446802103513
1446802104076
1446802104690
1446802105269
1446802105850
1446802106472
1446802107035
1446802107632
1446802108337
1446802108901
1446802109473
1446802110061
1446802110658
1446802111221
1446802111835
1446802112381
1446802112978
1446802113602
1446802114198
1446802114812
1446802115417
1446802116022
1446802116628
1446802117266
1446802117863
1446802118467
1446802119065
1446802119637
1446802120250
1446802120839
1446802121435
1446802122057
1446802122629
1446802123234
1446802123856
1446802124452
1446802125066
1446802125663
1446802126251
1446802126865
1446802127436
1446802128034
1446802128647
1446802129219
1446802129824
1446802130429
1446802131009
1446802131631
1446802132228
1446802132825
1446802133446
1446802134027
1446802134606
1446802135237
1446802135817
1446802136414
1446802137011
1446802137615
1446802138313
1446802138901
1446802139523
1446802140111
1446802140699
1446802141297
1446802141935
1446802142548
1446802143179
1446802143725
1446802144331
1446802144920
1446802145499
1446802146090
1446802146702
1446802147316
1446802147904
1446802148501
1446802149107
1446802149720
1446802150334
1446802150947
1446802151535
1446802152124
1446802152762
1446802153368
1446802153972
1446802154586
1446802155175
1446802155796
1446802156394
1446802156973
1446802157579
1446802158159
1446802158747
1446802159369
1446802159949
1446802160546
1446802161168
1446802161740
1446802162345
1446802162958
1446802163530
1446802164177
1446802164782
1446802165396
1446802166017
1446802166598
1446802167194
1446802167825
1446802168530
1446802169176
1446802169782
1446802170328
1446802170925
1446802171506
1446802172069
1446802172674
1446802173304
1446802173876
1446802174498
1446802175078
1446802175667
1446802176313
1446802176919
1446802177483
1446802178104
1446802178711
1446802179340
1446802179929
1446802180560
1446802181172
1446802181770
1446802182366
1446802182988
1446802183560
1446802184173
1446802184771
1446802185367
1446802186014
1446802186577
1446802187232
1446802187846
1446802188409
1446802188998
1446802189619
1446802190233
1446802190863
1446802191443
1446802192049
1446802192662
1446802193259
1446802193889
1446802194494
1446802195108
1446802195721
1446802196310
1446802196932
1446802197536
1446802198143
1446802198821
1446802199427
1446802200032
1446802200662
1446802201259
1446802201872
1446802202486
1446802203066
1446802203696
1446802204302
1446802204881
1446802205512
1446802206091
1446802206672
1446802207302
1446802207882
1446802208479
1446802209101
1446802209665
1446802210303
1446802210925
1446802211540
1446802212161
1446802212791
1446802213372
1446802214010
1446802214607
1446802215203
1446802215809
1446802216398
1446802217011
1446802217616
1446802218246
1446802218893
1446802219507
1446802220161
1446802220775
1446802221371
1446802221994
1446802222623
1446802223246
1446802223884
1446802224464
1446802225094
1446802225724
1446802226296
1446802226952
1446802227565
1446802228188
1446802228900
1446802229513
1446802230119
1446802230774
1446802231371
1446802232009
1446802232639
1446802233253
1446802233891
1446802234513
1446802235126
1446802235765
1446802236379
1446802237008
1446802237630
1446802238268
1446802238865
1446802239495
1446802240092
1446802240723
1446802241311
1446802241916
1446802242521
1446802243118
1446802243749
1446802244370
1446802244968
1446802245598
1446802246212
1446802246809
1446802247430
1446802248061
1446802248674
1446802249337
1446802249918
1446802250506
1446802251145
1446802251733
1446802252355
1446802252994
1446802253565
1446802254179
1446802254808
1446802255397
1446802256053
1446802256699
1446802257313
1446802257934
1446802258640
1446802259261
1446802259883
1446802260505
1446802261118
1446802261732
1446802262353
1446802262967
1446802263589
1446802264219
1446802264824
1446802265421
1446802266034
1446802266657
1446802267286
1446802267942
1446802268530
1446802269144
1446802269774
1446802270354
1446802270959
1446802271605
1446802272202
1446802272850
1446802273471
1446802274093
1446802274756
1446802275378
1446802276008
1446802276672
1446802277261
1446802277890
1446802278506
1446802279161
1446802279708
1446802280347
1446802280943
1446802281548
1446802282195
1446802282792
1446802283422
1446802284044
1446802284657
1446802285270
1446802285893
1446802286507
1446802287061
1446802287675
1446802288363
1446802288952
1446802289607
1446802290237
1446802290834
1446802291488
1446802292069
1446802292657
1446802293313
1446802293918
1446802294531
1446802295161
1446802295749
1446802296388
1446802297002
1446802297590
1446802298220
1446802298833
1446802299431
1446802300069
1446802300674
1446802301296
1446802301917
1446802302515
1446802303145
1446802303758
1446802304364
1446802304976
1446802305549
1446802306196
1446802306784
1446802307439
1446802308094
1446802308683
1446802309337
1446802309960
1446802310573
1446802311203
1446802311826
1446802312423
1446802313045
1446802313634
1446802314222
1446802314860
1446802315482
1446802316079
1446802316726
1446802317306
1446802317928
1446802318599
1446802319196
1446802319819
1446802320431
1446802321037
1446802321658
1446802322280
1446802322928
1446802323574
1446802324188
1446802324809
1446802325440
1446802326045
1446802326700
1446802327305
1446802327951
1446802328574
1446802329170
1446802329834
1446802330464
1446802331052
1446802331666
1446802332254
1446802332876
1446802333490
1446802334069
1446802334683
1446802335304
1446802335885
1446802336524
1446802337162
1446802337767
1446802338380
1446802338986
1446802339608
1446802340238
1446802340852
1446802341448
1446802342086
1446802342709
1446802343338
1446802343985
1446802344598
1446802345253
1446802345894
1446802346482
1446802347121
1446802347734
1446802348349
1446802349061
1446802349700
1446802350330
1446802350926
1446802351582
1446802352186
1446802352800
1446802353439
1446802354035
1446802354691
1446802355321
1446802355926
1446802356582
1446802357195
1446802357825
1446802358446
1446802359052
1446802359699
1446802360312
1446802360934
1446802361589
1446802362211
1446802362858
1446802363496
1446802364101
1446802364756
1446802365361
1446802366000
1446802366647
1446802367260
1446802367915
1446802368545
1446802369167
1446802369814
1446802370444
1446802371091
1446802371705
1446802372326
1446802372981
1446802373578
1446802374225
1446802374855
1446802375476
1446802376140
1446802376737
1446802377375
1446802378006
1446802378702
1446802379308
1446802379956
1446802380611
1446802381233
1446802381887
1446802382534
1446802383148
1446802383795
1446802384400
1446802385038
1446802385669
1446802386266
1446802386887
1446802387534
1446802388122
1446802388736
1446802389374
1446802389971
1446802390610
1446802391248
1446802391878
1446802392550
1446802393164
1446802393802
1446802394432
1446802395046
1446802395700
1446802396339
1446802396961
1446802397624
1446802398255
1446802398893
1446802399540
1446802400162
1446802400817
1446802401422
1446802402027
1446802402649
1446802403271
1446802403909
1446802404556
1446802405152
1446802405800
1446802406462
1446802407110
1446802407765
1446802408411
1446802409084
1446802409721
1446802410352
1446802410999
1446802411654
1446802412268
1446802412889
1446802413528
1446802414134
1446802414739
1446802415336
1446802415983
1446802416621
1446802417227
1446802417807
1446802418395
1446802419000
1446802419639
1446802420261
1446802420866
1446802421496
1446802422042
1446802422656
1446802423245
1446802423825
1446802424430
1446802425026
1446802425607
1446802426237
1446802426825
1446802427431
1446802428077
1446802428691
1446802429329
1446802429951
1446802430557
1446802431161
1446802431783
1446802432380
1446802433002
1446802433582
1446802434179
1446802434759
1446802435355
1446802435961
1446802436550
1446802437146
1446802437768
1446802438348
1446802439029
1446802439651
1446802440222
1446802440836
1446802441440
1446802442021
1446802442642
1446802443231
1446802443828
1446802444458
1446802445022
1446802445618
1446802446257
1446802446830
1446802447402
1446802448016
1446802448595
1446802449176
1446802449798
1446802450369
1446802450958
1446802451563
1446802452118
1446802452732
1446802453337
1446802453884
1446802454472
1446802455086
1446802455683
1446802456296
1446802456893
1446802457506
1446802458136
1446802458742
1446802459363
1446802459977
1446802460582
1446802461212
1446802461783
1446802462414
1446802462994
1446802463574
1446802464188
1446802464759
1446802465373
1446802465970
1446802466533
1446802467155
1446802467752
1446802468349
1446802469046
1446802469626
1446802470206
1446802470802
1446802471374
1446802471988
1446802472576
1446802473165
1446802473820
1446802474375
1446802475015
1446802475636
1446802476241
1446802476871
1446802477468
1446802478032
1446802478670
1446802479243
1446802479806
1446802480437
1446802481033
1446802481605
1446802482236
1446802482815
1446802483404
1446802484034
1446802484606
1446802485220
1446802485824
1446802486388
1446802487001
1446802487582
1446802488204
1446802488775
1446802489389
1446802490002
1446802490574
1446802491213
1446802491809
1446802492415
1446802493044
1446802493633
1446802494247
1446802494868
1446802495457
1446802496087
1446802496692
1446802497288
1446802497911
1446802498508
1446802499121
1446802499726
1446802500331
1446802500970
1446802501533
1446802502155
1446802502752
1446802503340
1446802504087
1446802504659
1446802505256
1446802505870
1446802506449
1446802507063
1446802507652
1446802508290
1446802508879
1446802509492
1446802510105
1446802510686
1446802511316
1446802511914
1446802512494
1446802513132
1446802513705
1446802514309
1446802514932
1446802515503
1446802516133
1446802516738
1446802517327
1446802517941
1446802518529
1446802519126
1446802519739
1446802520328
1446802520950
1446802521546
1446802522151
1446802522773
1446802523361
1446802523992
1446802524597
1446802525194
1446802525840
1446802526429
1446802527034
1446802527664
1446802528261
1446802528899
1446802529505
1446802530110
1446802530740
1446802531345
1446802531975
1446802532580
