1446769359496
1446769362542
1446769363106
1446769363628
1446769364191
1446769364747
1446769365260
1446769365800
1446769366372
1446769366869
1446769367424
1446769368012
1446769368584
1446769369181
1446769369795
1446769370383
1446769371021
1446769371610
1446769372216
1446769372837
1446769373426
1446769374055
1446769374644
1446769375266
1446769375879
1446769376476
1446769377114
1446769377712
1446769378316
1446769378955
1446769379544
1446769380165
1446769380871
1446769381434
1446769382072
1446769382661
1446769383249
1446769383863
1446769384426
1446769385032
1446769385629
1446769386208
1446769386822
1446769387402
1446769388007
1446769388588
1446769389176
1446769389806
1446769390369
1446769390966
1446769391580
1446769392135
1446769392757
1446769393345
1446769393934
1446769394573
1446769395152
1446769395758
1446769396379
1446769396968
1446769397606
1446769398238
1446769398835
1446769399456
1446769400053
1446769400650
1446769401263
1446769401861
1446769402482
1446769403096
1446769403709
1446769404339
1446769404920
1446769405558
1446769406163
1446769406751
1446769407390
1446769407971
1446769408575
1446769409189
1446769409760
1446769410391
1446769411063
1446769411684
1446769412298
1446769412878
1446769413483
1446769414088
1446769414693
1446769415299
1446769415920
1446769416542
1446769417122
1446769417769
1446769418349
1446769418946
1446769419568
1446769420164
1446769420778
1446769421384
1446769421988
