1446769830459
1446769833591
1446769834138
1446769834726
1446769835257
1446769835820
1446769836368
1446769836931
1446769837528
1446769838067
1446769838596
1446769839210
1446769839824
1446769840461
1446769841101
1446769841705
1446769842319
1446769842925
1446769843512
1446769844126
1446769844731
1446769845353
1446769845925
1446769846546
1446769847185
1446769847765
1446769848388
1446769849009
1446769849597
1446769850228
1446769850841
1446769851447
1446769852093
1446769852707
1446769853321
1446769853950
1446769854547
1446769855194
1446769855832
1446769856530
1446769857109
1446769857740
1446769858369
1446769858958
1446769859621
1446769860201
1446769860825
1446769861479
1446769862094
1446769862691
1446769863296
1446769863901
1446769864489
1446769865136
1446769865724
1446769866321
1446769866944
1446769867507
1446769868120
1446769868717
1446769869330
1446769869944
1446769870532
1446769871129
1446769871717
1446769872315
1446769872937
1446769873491
1446769874105
1446769874702
1446769875257
1446769875879
1446769876484
1446769877073
1446769877711
1446769878291
1446769878905
1446769879535
1446769880107
1446769880728
1446769881334
1446769881914
1446769882494
1446769883100
1446769883729
1446769884293
1446769884906
1446769885511
1446769886067
1446769886755
1446769887335
1446769887907
1446769888537
1446769889093
1446769889706
1446769890311
1446769890866
1446769891471
1446769892035
1446769892615
1446769893188
