1446780579569
1446780582091
1446780582670
1446780583251
1446780583856
1446780584402
1446780585000
1446780585571
1446780586143
1446780586749
1446780587312
1446780587901
1446780588497
1446780589211
1446780589774
1446780590387
1446780590968
1446780591547
1446780592170
1446780592734
1446780593313
1446780593919
1446780594473
1446780595087
1446780595676
1446780596256
1446780596877
1446780597498
1446780598079
1446780598700
1446780599283
1446780599880
1446780600509
1446780601115
1446780601695
1446780602309
1446780602897
1446780603510
1446780604107
1446780604695
1446780605293
1446780605873
1446780606444
1446780607058
1446780607646
1446780608235
1446780608874
1446780609437
1446780610034
1446780610647
1446780611220
1446780611842
1446780612446
1446780613027
1446780613690
1446780614296
1446780614859
1446780615456
1446780616044
1446780616649
1446780617246
1446780617827
1446780618431
1446780619037
1446780619617
1446780620230
1446780620843
1446780621457
1446780622063
1446780622659
1446780623273
1446780623894
1446780624483
1446780625080
1446780625651
1446780626282
1446780626861
1446780627467
1446780628081
1446780628644
1446780629241
1446780629854
1446780630434
1446780631058
1446780631688
1446780632260
1446780632856
1446780633478
1446780634067
1446780634663
1446780635244
1446780635807
1446780636421
1446780636993
1446780637573
1446780638178
1446780638775
1446780639372
1446780639976
1446780640540
1446780641154
