1446781248781
1446781251369
1446781251958
1446781252562
1446781253151
1446781253723
1446781254353
1446781254933
1446781255513
1446781256126
1446781256673
1446781257303
1446781257884
1446781258488
1446781259094
1446781259665
1446781260279
1446781260860
1446781261439
1446781262053
1446781262616
1446781263213
1446781263802
1446781264365
1446781264963
1446781265560
1446781266132
1446781266746
1446781267309
1446781267914
1446781268494
1446781269074
1446781269682
1446781270359
1446781270973
1446781271570
1446781272133
1446781272763
1446781273385
1446781273974
1446781274603
1446781275192
1446781275805
1446781276419
1446781277025
1446781277654
1446781278235
1446781278839
1446781279453
1446781280076
1446781280672
1446781281269
1446781281832
1446781282437
1446781283018
1446781283598
1446781284195
1446781284741
1446781285313
1446781285894
1446781286473
1446781287079
1446781287675
1446781288256
1446781288878
1446781289441
1446781290055
1446781290668
1446781291248
1446781291869
1446781292467
1446781293039
1446781293669
1446781294266
1446781294854
1446781295501
1446781296065
1446781296653
1446781297243
1446781297831
1446781298411
1446781299050
1446781299621
1446781300319
1446781300906
1446781301504
1446781302118
1446781302739
1446781303336
1446781303899
1446781304513
1446781305135
1446781305731
1446781306328
1446781306975
1446781307572
1446781308176
1446781308798
1446781309396
1446781310017
1446781310614
