1446786608309
1446786611449
1446786612004
1446786612551
1446786613073
1446786613636
1446786614183
1446786614721
1446786615277
1446786615799
1446786616345
1446786616951
1446786617514
1446786618102
1446786618716
1446786619254
1446786619835
1446786620439
1446786621045
1446786621659
1446786622255
1446786622827
1446786623457
1446786624046
1446786624650
1446786625264
1446786625845
1446786626458
1446786627055
1446786627626
1446786628233
1446786628912
1446786629500
1446786630114
1446786630677
1446786631274
1446786631880
1446786632443
1446786633048
1446786633653
1446786634216
1446786634855
1446786635435
1446786636024
1446786636637
1446786637209
1446786637808
1446786638413
1446786639002
1446786639565
1446786640187
1446786640751
1446786641347
1446786641953
1446786642532
1446786643113
1446786643726
1446786644290
1446786644895
1446786645500
1446786646080
1446786646701
1446786647290
1446786647888
1446786648492
1446786649064
1446786649677
1446786650249
1446786650847
1446786651468
1446786652040
1446786652645
1446786653250
1446786653806
1446786654435
1446786655016
1446786655595
1446786656201
1446786656765
1446786657386
1446786657983
1446786658671
1446786659268
1446786659840
1446786660445
1446786661026
1446786661614
1446786662227
1446786662790
1446786663421
1446786664018
1446786664573
1446786665195
1446786665775
1446786666355
1446786666977
1446786667557
1446786668154
1446786668742
1446786669314
1446786669929
1446786670542
1446786671131
1446786671728
1446786672333
1446786672914
1446786673518
1446786674115
1446786674728
1446786675325
1446786675906
1446786676536
1446786677116
1446786677746
1446786678343
1446786678922
1446786679553
1446786680125
1446786680672
1446786681285
1446786681915
1446786682487
1446786683085
1446786683664
1446786684286
1446786684908
1446786685505
1446786686119
1446786686740
1446786687304
1446786687900
1446786688489
1446786689111
1446786689674
1446786690254
1446786690867
1446786691440
1446786692079
1446786692700
1446786693280
1446786693976
1446786694582
1446786695178
1446786695801
1446786696356
1446786696961
1446786697566
1446786698137
1446786698776
1446786699348
1446786699936
1446786700550
1446786701130
1446786701751
1446786702340
1446786702928
1446786703511
1446786704115
1446786704696
1446786705318
1446786705898
1446786706478
1446786707100
1446786707680
1446786708277
1446786708899
1446786709487
1446786710109
1446786710681
1446786711270
1446786711891
1446786712480
1446786713109
1446786713690
1446786714311
1446786714950
1446786715522
1446786716143
1446786716741
1446786717362
1446786717968
1446786718606
1446786719211
1446786719850
1446786720454
1446786721043
1446786721665
1446786722228
1446786722842
1446786723530
1446786724111
1446786724741
1446786725354
1446786725943
1446786726564
1446786727136
1446786727717
1446786728347
1446786728935
1446786729540
1446786730154
1446786730768
1446786731364
1446786731986
1446786732557
1446786733171
1446786733768
1446786734356
1446786734979
1446786735558
1446786736157
1446786736778
1446786737375
1446786737989
1446786738594
1446786739174
1446786739812
1446786740384
1446786740973
1446786741603
1446786742192
1446786742821
1446786743435
1446786744016
1446786744612
1446786745209
1446786745805
1446786746427
1446786747000
1446786747588
1446786748201
1446786748789
1446786749411
1446786750050
1446786750663
1446786751285
1446786751899
1446786752504
1446786753084
1446786753772
1446786754411
1446786754982
1446786755596
1446786756193
1446786756748
1446786757379
1446786757967
1446786758572
1446786759160
1446786759757
1446786760321
1446786760976
1446786761581
1446786762161
1446786762800
1446786763422
1446786763985
1446786764599
1446786765178
1446786765767
1446786766405
1446786766960
1446786767574
1446786768204
1446786768827
1446786769449
1446786770096
1446786770685
1446786771306
1446786771937
1446786772508
1446786773147
1446786773744
1446786774323
1446786774954
1446786775550
1446786776147
1446786776786
1446786777374
1446786777980
1446786778584
1446786779198
1446786779812
1446786780392
1446786781014
1446786781610
1446786782199
1446786782845
1446786783417
1446786784081
1446786784711
1446786785317
1446786785921
1446786786560
1446786787149
1446786787770
1446786788392
1446786788980
1446786789619
1446786790224
1446786790796
1446786791393
1446786792006
1446786792586
1446786793217
1446786793813
1446786794427
1446786795048
1446786795637
1446786796276
1446786796914
1446786797511
1446786798149
1446786798763
1446786799385
1446786800014
1446786800603
1446786801241
1446786801848
1446786802436
1446786803075
1446786803672
1446786804285
1446786804916
1446786805495
1446786806117
1446786806739
1446786807327
1446786807958
1446786808538
1446786809143
1446786809782
1446786810361
1446786811000
1446786811597
1446786812194
1446786812833
1446786813429
1446786814134
1446786814764
1446786815361
1446786815975
1446786816555
1446786817160
1446786817790
1446786818379
1446786819025
1446786819630
1446786820244
1446786820874
1446786821479
1446786822142
1446786822748
1446786823386
1446786824008
1446786824613
1446786825243
1446786825882
1446786826470
1446786827100
1446786827730
1446786828335
1446786828949
1446786829571
1446786830176
1446786830798
1446786831369
1446786831975
1446786832589
1446786833176
1446786833782
1446786834395
1446786834985
1446786835616
1446786836237
1446786836826
1446786837472
1446786838078
1446786838707
1446786839338
1446786839943
1446786840598
1446786841195
1446786841808
1446786842463
1446786843044
1446786843790
1446786844404
1446786845009
1446786845656
1446786846245
1446786846858
1446786847463
1446786848109
1446786848715
1446786849337
1446786849992
1446786850589
1446786851210
1446786851858
1446786852446
1446786853093
1446786853698
1446786854286
1446786854925
1446786855514
1446786856118
1446786856741
1446786857337
1446786857967
1446786858580
1446786859194
1446786859816
1446786860438
1446786861043
1446786861664
1446786862278
1446786862908
1446786863521
1446786864127
1446786864773
1446786865370
1446786866009
1446786866630
1446786867228
1446786867899
1446786868539
1446786869145
1446786869799
1446786870396
1446786870993
1446786871640
1446786872229
1446786872858
1446786873464
1446786874202
1446786874782
1446786875421
1446786876059
1446786876673
1446786877328
1446786877941
1446786878554
1446786879210
1446786879815
1446786880428
1446786881075
1446786881655
1446786882294
1446786882899
1446786883495
1446786884084
1446786884689
1446786885303
1446786885925
1446786886546
1446786887143
1446786887765
1446786888404
1446786889034
1446786889630
1446786890261
1446786890857
1446786891463
1446786892118
1446786892698
1446786893328
1446786893958
1446786894563
1446786895210
1446786895832
1446786896437
1446786897100
1446786897731
1446786898335
1446786898999
1446786899588
1446786900201
1446786900831
1446786901411
1446786902002
1446786902632
1446786903237
1446786903934
1446786904556
1446786905161
1446786905767
1446786906396
1446786907002
1446786907606
1446786908212
1446786908817
1446786909447
1446786910061
1446786910707
1446786911313
1446786911942
1446786912639
1446786913253
1446786913875
1446786914488
1446786915076
1446786915715
1446786916354
1446786916950
1446786917589
1446786918227
1446786918832
1446786919455
1446786920084
1446786920682
1446786921269
1446786921900
1446786922522
1446786923127
1446786923741
1446786924378
1446786925017
1446786925623
1446786926244
1446786926891
1446786927529
1446786928151
1446786928765
1446786929420
1446786930025
1446786930671
1446786931310
1446786931923
1446786932554
1446786933176
1446786933830
1446786934461
1446786935065
1446786935689
1446786936319
1446786936933
1446786937580
1446786938184
1446786938865
1446786939512
1446786940116
1446786940730
1446786941360
1446786941974
1446786942613
1446786943225
1446786943856
1446786944494
1446786945108
1446786945763
1446786946376
1446786946990
1446786947645
1446786948250
1446786948864
1446786949527
1446786950141
1446786950787
1446786951417
1446786952064
1446786952719
1446786953316
1446786953938
1446786954585
1446786955223
1446786955837
1446786956509
1446786957105
1446786957736
1446786958357
1446786958970
1446786959618
1446786960239
1446786960870
1446786961482
1446786962088
1446786962743
1446786963340
1446786963954
1446786964608
1446786965230
1446786965877
1446786966499
1446786967113
1446786967759
1446786968389
1446786969151
1446786969715
1446786970323
1446786970944
1446786971533
1446786972154
1446786972776
1446786973357
1446786973953
1446786974542
1446786975113
1446786975719
1446786976300
1446786976879
1446786977510
1446786978056
1446786978653
1446786979242
1446786979805
1446786980411
1446786980998
1446786981621
1446786982193
1446786982756
1446786983378
1446786983941
1446786984521
1446786985134
1446786985698
1446786986312
1446786986900
1446786987472
1446786988077
1446786988649
1446786989246
1446786989817
1446786990415
1446786991019
1446786991575
1446786992205
1446786992777
1446786993365
1446786993970
1446786994584
1446786995148
1446786995777
1446786996350
1446786996912
1446786997543
1446786998090
1446786998670
1446786999325
1446786999913
1446787000469
1446787001116
1446787001696
1446787002286
1446787002924
1446787003521
1446787004117
1446787004731
1446787005287
1446787005841
1446787006438
1446787007010
1446787007607
1446787008229
1446787008792
1446787009397
1446787010010
1446787010583
1446787011171
1446787011759
1446787012323
1446787012878
1446787013442
1446787014014
1446787014602
1446787015199
1446787015770
1446787016384
1446787016965
1446787017586
1446787018158
1446787018771
1446787019368
1446787019948
1446787020545
1446787021151
1446787021714
1446787022319
1446787022916
1446787023488
1446787024110
1446787024698
1446787025279
1446787025908
1446787026480
1446787027094
1446787027716
1446787028288
1446787028927
1446787029656
1446787030228
1446787030824
1446787031414
1446787032001
1446787032582
1446787033179
1446787033784
1446787034399
1446787035004
1446787035592
1446787036223
1446787036803
1446787037383
1446787038021
1446787038610
1446787039190
1446787039803
1446787040392
1446787040988
1446787041561
1446787042182
1446787042754
1446787043351
1446787043956
1446787044545
1446787045149
1446787045755
1446787046327
1446787046948
1446787047512
1446787048092
1446787048706
1446787049270
1446787049866
1446787050463
1446787051034
1446787051640
1446787052212
1446787052792
1446787053389
1446787053961
1446787054565
1446787055188
1446787055750
1446787056348
1446787056944
1446787057516
1446787058138
1446787058735
1446787059315
1446787059937
1446787060517
1446787061105
1446787061719
1446787062266
1446787062879
1446787063493
1446787064172
1446787064770
1446787065325
1446787065922
1446787066520
1446787067125
1446787067714
1446787068344
1446787068965
1446787069571
1446787070184
1446787070748
1446787071353
1446787071983
1446787072563
1446787073160
1446787073740
1446787074321
1446787074917
1446787075498
1446787076102
1446787076683
1446787077270
1446787077884
1446787078473
1446787079094
1446787079700
1446787080263
1446787080893
1446787081466
1446787082062
1446787082667
1446787083231
1446787083844
1446787084433
1446787085013
1446787085627
1446787086206
1446787086787
1446787087401
1446787087988
1446787088586
1446787089199
1446787089788
1446787090401
1446787090998
1446787091595
1446787092208
1446787092805
1446787093393
1446787094041
1446787094729
1446787095325
1446787095922
1446787096494
1446787097099
1446787097696
1446787098259
1446787098833
1446787099437
1446787100010
1446787100623
1446787101237
1446787101817
1446787102455
1446787103044
1446787103649
1446787104279
1446787104868
1446787105456
1446787106078
1446787106658
1446787107288
1446787107868
1446787108431
1446787109054
1446787109626
1446787110222
1446787110844
1446787111424
1446787112046
1446787112634
1446787113189
1446787113770
1446787114341
1446787114947
1446787115543
1446787116115
1446787116729
1446787117292
1446787117898
1446787118502
1446787119116
1446787119721
1446787120326
1446787120940
1446787121528
1446787122150
1446787122747
1446787123368
1446787123982
1446787124612
1446787125226
1446787125798
1446787126427
1446787127016
1446787127596
1446787128202
1446787128789
1446787129503
1446787130084
1446787130688
1446787131279
1446787131883
1446787132464
1446787133094
1446787133707
1446787134263
1446787134851
1446787135431
1446787136028
1446787136650
1446787137239
1446787137835
1446787138457
1446787139037
1446787139650
1446787140256
1446787140836
1446787141466
1446787142072
1446787142634
1446787143257
1446787143820
1446787144409
1446787145030
1446787145602
1446787146191
1446787146762
1446787147376
1446787147956
1446787148553
1446787149167
1446787149738
1446787150352
1446787150965
1446787151545
1446787152167
1446787152747
1446787153319
1446787153949
1446787154521
1446787155126
1446787155773
1446787156370
1446787156974
1446787157572
1446787158177
1446787158807
1446787159504
1446787160084
1446787160689
1446787161277
1446787161907
1446787162521
1446787163126
1446787163717
1446787164305
1446787164885
1446787165508
1446787166087
1446787166718
1446787167314
1446787167895
1446787168517
1446787169113
1446787169710
1446787170348
1446787170920
1446787171542
1446787172164
1446787172753
1446787173374
1446787173996
1446787174585
1446787175206
1446787175795
1446787176400
1446787177013
1446787177593
1446787178215
1446787178812
1446787179375
1446787179989
1446787180594
1446787181191
1446787181788
1446787182384
1446787182990
1446787183594
1446787184192
1446787184814
1446787185385
1446787185991
1446787186587
1446787187167
1446787187815
1446787188386
1446787189008
1446787189713
1446787190293
1446787190907
1446787191537
1446787192142
1446787192755
1446787193352
1446787193958
1446787194587
1446787195193
1446787195798
1446787196405
1446787197001
1446787197606
1446787198228
1446787198808
1446787199414
1446787200001
1446787200590
1446787201213
1446787201784
1446787202389
1446787202969
1446787203541
1446787204172
1446787204768
1446787205365
1446787205978
1446787206575
1446787207197
1446787207794
1446787208358
1446787208954
1446787209543
1446787210098
1446787210744
1446787211342
1446787211930
1446787212543
1446787213157
1446787213779
1446787214351
1446787214964
1446787215586
1446787216174
