Início experimento: 1446752482920
Início experimento: 2015-11-05 17:41:22.954
Opened database successfully
Interface successfully added: Wired Interface
Fim experimento: 1446759025785
Fim experimento: 2015-11-05 19:30:25.785
Início experimento: 1446759025919
Início experimento: 2015-11-05 19:30:25.953
Opened database successfully
Interface successfully added: Wired Interface
Fim experimento: 1446762583575
Fim experimento: 2015-11-05 20:29:43.576
Nov 05, 2015 8:29:43 PM urbosenti.core.communication.ReconnectionService run
GRAVE: null
java.lang.InterruptedException
	at java.lang.Object.wait(Native Method)
	at java.lang.Object.wait(Object.java:503)
	at urbosenti.core.communication.ReconnectionService.run(ReconnectionService.java:108)
	at java.lang.Thread.run(Thread.java:745)

Nov 05, 2015 8:29:43 PM urbosenti.core.communication.UploadService run
GRAVE: null
java.lang.InterruptedException
	at java.lang.Object.wait(Native Method)
	at java.lang.Object.wait(Object.java:503)
	at urbosenti.core.communication.UploadService.getReport(UploadService.java:265)
	at urbosenti.core.communication.UploadService.getReportByMobileDataPolicyCriteria(UploadService.java:301)
	at urbosenti.core.communication.CommunicationManager.uploadServiceFunction(CommunicationManager.java:1972)
	at urbosenti.core.communication.UploadService.run(UploadService.java:111)
	at java.lang.Thread.run(Thread.java:745)

Início experimento: 1446762583701
Início experimento: 2015-11-05 20:29:43.735
Opened database successfully
Interface successfully added: Wired Interface
Fim experimento: 1446769286278
Fim experimento: 2015-11-05 22:21:26.278
Nov 05, 2015 10:21:26 PM urbosenti.core.communication.ReconnectionService run
GRAVE: null
java.lang.InterruptedException
	at java.lang.Object.wait(Native Method)
	at java.lang.Object.wait(Object.java:503)
	at urbosenti.core.communication.ReconnectionService.run(ReconnectionService.java:108)
	at java.lang.Thread.run(Thread.java:745)

Start Condition Experiment Time: 22:21:26
Início experimento: 1446769286396
Início experimento: 2015-11-05 22:21:26.430
Opened database successfully
Interface successfully added: Wired Interface
Fim experimento: 1446769424500
Fim experimento: 2015-11-05 22:23:44.501
Nov 05, 2015 10:23:44 PM urbosenti.core.communication.ReconnectionService run
GRAVE: null
java.lang.InterruptedException
	at java.lang.Object.wait(Native Method)
	at java.lang.Object.wait(Object.java:503)
	at urbosenti.core.communication.ReconnectionService.run(ReconnectionService.java:108)
	at java.lang.Thread.run(Thread.java:745)

Início experimento: 1446769424745
Início experimento: 2015-11-05 22:23:44.779
Opened database successfully
Interface successfully added: Wired Interface
Fim experimento: 1446769490673
Fim experimento: 2015-11-05 22:24:50.674
Nov 05, 2015 10:24:50 PM urbosenti.core.communication.UploadService run
GRAVE: null
java.lang.InterruptedException
	at java.lang.Object.wait(Native Method)
	at java.lang.Object.wait(Object.java:503)
	at urbosenti.core.communication.UploadService.getReport(UploadService.java:265)
	at urbosenti.core.communication.UploadService.getReportByMobileDataPolicyCriteria(UploadService.java:301)
	at urbosenti.core.communication.CommunicationManager.uploadServiceFunction(CommunicationManager.java:1972)
	at urbosenti.core.communication.UploadService.run(UploadService.java:111)
	at java.lang.Thread.run(Thread.java:745)

Início experimento: 1446769490925
Início experimento: 2015-11-05 22:24:50.959
Opened database successfully
Interface successfully added: Wired Interface
Fim experimento: 1446769556867
Fim experimento: 2015-11-05 22:25:56.867
Nov 05, 2015 10:25:56 PM urbosenti.core.communication.UploadService run
GRAVE: null
java.lang.InterruptedException
	at java.lang.Object.wait(Native Method)
	at java.lang.Object.wait(Object.java:503)
	at urbosenti.core.communication.UploadService.getReport(UploadService.java:265)
	at urbosenti.core.communication.UploadService.getReportByMobileDataPolicyCriteria(UploadService.java:301)
	at urbosenti.core.communication.CommunicationManager.uploadServiceFunction(CommunicationManager.java:1972)
	at urbosenti.core.communication.UploadService.run(UploadService.java:111)
	at java.lang.Thread.run(Thread.java:745)

Início experimento: 1446769557108
Início experimento: 2015-11-05 22:25:57.142
Opened database successfully
Interface successfully added: Wired Interface
Fim experimento: 1446769623062
Fim experimento: 2015-11-05 22:27:03.62
Nov 05, 2015 10:27:03 PM urbosenti.core.communication.ReconnectionService run
GRAVE: null
java.lang.InterruptedException
	at java.lang.Object.wait(Native Method)
	at java.lang.Object.wait(Object.java:503)
	at urbosenti.core.communication.ReconnectionService.run(ReconnectionService.java:108)
	at java.lang.Thread.run(Thread.java:745)

Início experimento: 1446769623313
Início experimento: 2015-11-05 22:27:03.347
Opened database successfully
Interface successfully added: Wired Interface
Fim experimento: 1446769689242
Fim experimento: 2015-11-05 22:28:09.242
Nov 05, 2015 10:28:09 PM urbosenti.core.communication.UploadService run
GRAVE: null
java.lang.InterruptedException
	at java.lang.Object.wait(Native Method)
	at java.lang.Object.wait(Object.java:503)
	at urbosenti.core.communication.UploadService.getReport(UploadService.java:265)
	at urbosenti.core.communication.UploadService.getReportByMobileDataPolicyCriteria(UploadService.java:301)
	at urbosenti.core.communication.CommunicationManager.uploadServiceFunction(CommunicationManager.java:1972)
	at urbosenti.core.communication.UploadService.run(UploadService.java:111)
	at java.lang.Thread.run(Thread.java:745)

Início experimento: 1446769689498
Início experimento: 2015-11-05 22:28:09.532
Opened database successfully
Interface successfully added: Wired Interface
Fim experimento: 1446769755453
Fim experimento: 2015-11-05 22:29:15.454
Nov 05, 2015 10:29:15 PM urbosenti.core.communication.UploadService run
GRAVE: null
java.lang.InterruptedException
	at java.lang.Object.wait(Native Method)
	at java.lang.Object.wait(Object.java:503)
	at urbosenti.core.communication.UploadService.getReport(UploadService.java:265)
	at urbosenti.core.communication.UploadService.getReportByMobileDataPolicyCriteria(UploadService.java:301)
	at urbosenti.core.communication.CommunicationManager.uploadServiceFunction(CommunicationManager.java:1972)
	at urbosenti.core.communication.UploadService.run(UploadService.java:111)
	at java.lang.Thread.run(Thread.java:745)

Início experimento: 1446769755740
Início experimento: 2015-11-05 22:29:15.773
Opened database successfully
Interface successfully added: Wired Interface
Fim experimento: 1446769895463
Fim experimento: 2015-11-05 22:31:35.463
Nov 05, 2015 10:31:35 PM urbosenti.core.communication.UploadService run
GRAVE: null
java.lang.InterruptedException
	at java.lang.Object.wait(Native Method)
	at java.lang.Object.wait(Object.java:503)
	at urbosenti.core.communication.UploadService.getReport(UploadService.java:265)
	at urbosenti.core.communication.UploadService.getReportByMobileDataPolicyCriteria(UploadService.java:301)
	at urbosenti.core.communication.CommunicationManager.uploadServiceFunction(CommunicationManager.java:1972)
	at urbosenti.core.communication.UploadService.run(UploadService.java:111)
	at java.lang.Thread.run(Thread.java:745)

Início experimento: 1446769895717
Início experimento: 2015-11-05 22:31:35.750
Opened database successfully
Interface successfully added: Wired Interface
Fim experimento: 1446769961652
Fim experimento: 2015-11-05 22:32:41.652
Nov 05, 2015 10:32:41 PM urbosenti.core.communication.UploadService run
GRAVE: null
java.lang.InterruptedException
	at java.lang.Object.wait(Native Method)
	at java.lang.Object.wait(Object.java:503)
	at urbosenti.core.communication.UploadService.getReport(UploadService.java:265)
	at urbosenti.core.communication.UploadService.getReportByMobileDataPolicyCriteria(UploadService.java:301)
	at urbosenti.core.communication.CommunicationManager.uploadServiceFunction(CommunicationManager.java:1972)
	at urbosenti.core.communication.UploadService.run(UploadService.java:111)
	at java.lang.Thread.run(Thread.java:745)

Nov 05, 2015 10:32:41 PM urbosenti.core.communication.ReconnectionService run
GRAVE: null
java.lang.InterruptedException
	at java.lang.Object.wait(Native Method)
	at java.lang.Object.wait(Object.java:503)
	at urbosenti.core.communication.ReconnectionService.run(ReconnectionService.java:108)
	at java.lang.Thread.run(Thread.java:745)

Início experimento: 1446769961903
Início experimento: 2015-11-05 22:32:41.937
Opened database successfully
Interface successfully added: Wired Interface
Fim experimento: 1446770027834
Fim experimento: 2015-11-05 22:33:47.834
Nov 05, 2015 10:33:47 PM urbosenti.core.communication.UploadService run
GRAVE: null
java.lang.InterruptedException
	at java.lang.Object.wait(Native Method)
	at java.lang.Object.wait(Object.java:503)
	at urbosenti.core.communication.UploadService.getReport(UploadService.java:265)
	at urbosenti.core.communication.UploadService.getReportByMobileDataPolicyCriteria(UploadService.java:301)
	at urbosenti.core.communication.CommunicationManager.uploadServiceFunction(CommunicationManager.java:1972)
	at urbosenti.core.communication.UploadService.run(UploadService.java:111)
	at java.lang.Thread.run(Thread.java:745)

Início experimento: 1446770028089
Início experimento: 2015-11-05 22:33:48.123
Opened database successfully
Interface successfully added: Wired Interface
Fim experimento: 1446770094029
Fim experimento: 2015-11-05 22:34:54.30
Nov 05, 2015 10:34:54 PM urbosenti.core.communication.UploadService run
GRAVE: null
java.lang.InterruptedException
	at java.lang.Object.wait(Native Method)
	at java.lang.Object.wait(Object.java:503)
	at urbosenti.core.communication.UploadService.getReport(UploadService.java:265)
	at urbosenti.core.communication.UploadService.getReportByMobileDataPolicyCriteria(UploadService.java:301)
	at urbosenti.core.communication.CommunicationManager.uploadServiceFunction(CommunicationManager.java:1972)
	at urbosenti.core.communication.UploadService.run(UploadService.java:111)
	at java.lang.Thread.run(Thread.java:745)

Início experimento: 1446770094272
Início experimento: 2015-11-05 22:34:54.306
Opened database successfully
Interface successfully added: Wired Interface
Fim experimento: 1446770160245
Fim experimento: 2015-11-05 22:36:00.246
Nov 05, 2015 10:36:00 PM urbosenti.core.communication.UploadService run
GRAVE: null
java.lang.InterruptedException
	at java.lang.Object.wait(Native Method)
	at java.lang.Object.wait(Object.java:503)
	at urbosenti.core.communication.UploadService.getReport(UploadService.java:265)
	at urbosenti.core.communication.UploadService.getReportByMobileDataPolicyCriteria(UploadService.java:301)
	at urbosenti.core.communication.CommunicationManager.uploadServiceFunction(CommunicationManager.java:1972)
	at urbosenti.core.communication.UploadService.run(UploadService.java:111)
	at java.lang.Thread.run(Thread.java:745)

End Condition Experiment time: 22:36:00
Start time: 22:36:00
Início experimento: 1446770160501
Início experimento: 2015-11-05 22:36:00.534
Opened database successfully
Interface successfully added: Wired Interface
Fim experimento: 1446772730162
Fim experimento: 2015-11-05 23:18:50.162
Nov 05, 2015 11:18:50 PM urbosenti.core.communication.UploadService run
GRAVE: null
java.lang.InterruptedException
	at java.lang.Object.wait(Native Method)
	at java.lang.Object.wait(Object.java:503)
	at urbosenti.core.communication.UploadService.getReport(UploadService.java:265)
	at urbosenti.core.communication.UploadService.getReportByMobileDataPolicyCriteria(UploadService.java:301)
	at urbosenti.core.communication.CommunicationManager.uploadServiceFunction(CommunicationManager.java:1972)
	at urbosenti.core.communication.UploadService.run(UploadService.java:111)
	at java.lang.Thread.run(Thread.java:745)

Início experimento: 1446772730408
Início experimento: 2015-11-05 23:18:50.442
Opened database successfully
Interface successfully added: Wired Interface
Fim experimento: 1446775254618
Fim experimento: 2015-11-06 00:00:54.619
Nov 06, 2015 12:00:54 AM urbosenti.core.communication.UploadService run
GRAVE: null
java.lang.InterruptedException
	at java.lang.Object.wait(Native Method)
	at java.lang.Object.wait(Object.java:503)
	at urbosenti.core.communication.UploadService.getReport(UploadService.java:265)
	at urbosenti.core.communication.UploadService.getReportByMobileDataPolicyCriteria(UploadService.java:301)
	at urbosenti.core.communication.CommunicationManager.uploadServiceFunction(CommunicationManager.java:1972)
	at urbosenti.core.communication.UploadService.run(UploadService.java:111)
	at java.lang.Thread.run(Thread.java:745)

Início experimento: 1446775254873
Início experimento: 2015-11-06 00:00:54.907
Opened database successfully
Interface successfully added: Wired Interface
Fim experimento: 1446777828632
Fim experimento: 2015-11-06 00:43:48.633
Nov 06, 2015 12:43:48 AM urbosenti.core.communication.UploadService run
GRAVE: null
java.lang.InterruptedException
	at java.lang.Object.wait(Native Method)
	at java.lang.Object.wait(Object.java:503)
	at urbosenti.core.communication.UploadService.getReport(UploadService.java:265)
	at urbosenti.core.communication.UploadService.getReportByMobileDataPolicyCriteria(UploadService.java:301)
	at urbosenti.core.communication.CommunicationManager.uploadServiceFunction(CommunicationManager.java:1972)
	at urbosenti.core.communication.UploadService.run(UploadService.java:111)
	at java.lang.Thread.run(Thread.java:745)

Nov 06, 2015 12:43:48 AM urbosenti.core.communication.ReconnectionService run
GRAVE: null
java.lang.InterruptedException
	at java.lang.Object.wait(Native Method)
	at java.lang.Object.wait(Object.java:503)
	at urbosenti.core.communication.ReconnectionService.run(ReconnectionService.java:108)
	at java.lang.Thread.run(Thread.java:745)

Início experimento: 1446777828891
Início experimento: 2015-11-06 00:43:48.924
Opened database successfully
Interface successfully added: Wired Interface
Fim experimento: 1446780306203
Fim experimento: 2015-11-06 01:25:06.203
Nov 06, 2015 1:25:06 AM urbosenti.core.communication.UploadService run
GRAVE: null
java.lang.InterruptedException
	at java.lang.Object.wait(Native Method)
	at java.lang.Object.wait(Object.java:503)
	at urbosenti.core.communication.UploadService.getReport(UploadService.java:265)
	at urbosenti.core.communication.UploadService.getReportByMobileDataPolicyCriteria(UploadService.java:301)
	at urbosenti.core.communication.CommunicationManager.uploadServiceFunction(CommunicationManager.java:1972)
	at urbosenti.core.communication.UploadService.run(UploadService.java:111)
	at java.lang.Thread.run(Thread.java:745)

Nov 06, 2015 1:25:06 AM urbosenti.core.communication.ReconnectionService run
GRAVE: null
java.lang.InterruptedException
	at java.lang.Object.wait(Native Method)
	at java.lang.Object.wait(Object.java:503)
	at urbosenti.core.communication.ReconnectionService.run(ReconnectionService.java:108)
	at java.lang.Thread.run(Thread.java:745)

Start rule experiment time: 01:25:06
Início experimento: 1446780306478
Início experimento: 2015-11-06 01:25:06.512
Opened database successfully
Interface successfully added: Wired Interface
Fim experimento: 1446780446004
Fim experimento: 2015-11-06 01:27:26.4
Nov 06, 2015 1:27:26 AM urbosenti.core.communication.UploadService run
GRAVE: null
java.lang.InterruptedException
	at java.lang.Object.wait(Native Method)
	at java.lang.Object.wait(Object.java:503)
	at urbosenti.core.communication.UploadService.getReport(UploadService.java:265)
	at urbosenti.core.communication.UploadService.getReportByMobileDataPolicyCriteria(UploadService.java:301)
	at urbosenti.core.communication.CommunicationManager.uploadServiceFunction(CommunicationManager.java:1972)
	at urbosenti.core.communication.UploadService.run(UploadService.java:111)
	at java.lang.Thread.run(Thread.java:745)

Início experimento: 1446780446256
Início experimento: 2015-11-06 01:27:26.289
Opened database successfully
Interface successfully added: Wired Interface
Fim experimento: 1446780512188
Fim experimento: 2015-11-06 01:28:32.189
Nov 06, 2015 1:28:32 AM urbosenti.core.communication.UploadService run
GRAVE: null
java.lang.InterruptedException
	at java.lang.Object.wait(Native Method)
	at java.lang.Object.wait(Object.java:503)
	at urbosenti.core.communication.UploadService.getReport(UploadService.java:265)
	at urbosenti.core.communication.UploadService.getReportByMobileDataPolicyCriteria(UploadService.java:301)
	at urbosenti.core.communication.CommunicationManager.uploadServiceFunction(CommunicationManager.java:1972)
	at urbosenti.core.communication.UploadService.run(UploadService.java:111)
	at java.lang.Thread.run(Thread.java:745)

Início experimento: 1446780512432
Início experimento: 2015-11-06 01:28:32.466
Opened database successfully
Interface successfully added: Wired Interface
Fim experimento: 1446780578358
Fim experimento: 2015-11-06 01:29:38.358
Nov 06, 2015 1:29:38 AM urbosenti.core.communication.UploadService run
GRAVE: null
java.lang.InterruptedException
	at java.lang.Object.wait(Native Method)
	at java.lang.Object.wait(Object.java:503)
	at urbosenti.core.communication.UploadService.getReport(UploadService.java:265)
	at urbosenti.core.communication.UploadService.getReportByMobileDataPolicyCriteria(UploadService.java:301)
	at urbosenti.core.communication.CommunicationManager.uploadServiceFunction(CommunicationManager.java:1972)
	at urbosenti.core.communication.UploadService.run(UploadService.java:111)
	at java.lang.Thread.run(Thread.java:745)

Início experimento: 1446780578622
Início experimento: 2015-11-06 01:29:38.656
Opened database successfully
Interface successfully added: Wired Interface
Fim experimento: 1446780644572
Fim experimento: 2015-11-06 01:30:44.572
Nov 06, 2015 1:30:44 AM urbosenti.core.communication.UploadService run
GRAVE: null
java.lang.InterruptedException
	at java.lang.Object.wait(Native Method)
	at java.lang.Object.wait(Object.java:503)
	at urbosenti.core.communication.UploadService.getReport(UploadService.java:265)
	at urbosenti.core.communication.UploadService.getReportByMobileDataPolicyCriteria(UploadService.java:301)
	at urbosenti.core.communication.CommunicationManager.uploadServiceFunction(CommunicationManager.java:1972)
	at urbosenti.core.communication.UploadService.run(UploadService.java:111)
	at java.lang.Thread.run(Thread.java:745)

Início experimento: 1446780644837
Início experimento: 2015-11-06 01:30:44.871
Opened database successfully
Interface successfully added: Wired Interface
Fim experimento: 1446780710773
Fim experimento: 2015-11-06 01:31:50.774
Nov 06, 2015 1:31:50 AM urbosenti.core.communication.UploadService run
GRAVE: null
java.lang.InterruptedException
	at java.lang.Object.wait(Native Method)
	at java.lang.Object.wait(Object.java:503)
	at urbosenti.core.communication.UploadService.getReport(UploadService.java:265)
	at urbosenti.core.communication.UploadService.getReportByMobileDataPolicyCriteria(UploadService.java:301)
	at urbosenti.core.communication.CommunicationManager.uploadServiceFunction(CommunicationManager.java:1972)
	at urbosenti.core.communication.UploadService.run(UploadService.java:111)
	at java.lang.Thread.run(Thread.java:745)

Nov 06, 2015 1:31:50 AM urbosenti.core.communication.ReconnectionService run
GRAVE: null
java.lang.InterruptedException
	at java.lang.Object.wait(Native Method)
	at java.lang.Object.wait(Object.java:503)
	at urbosenti.core.communication.ReconnectionService.run(ReconnectionService.java:108)
	at java.lang.Thread.run(Thread.java:745)

Início experimento: 1446780711038
Início experimento: 2015-11-06 01:31:51.71
Opened database successfully
Interface successfully added: Wired Interface
Fim experimento: 1446780776978
Fim experimento: 2015-11-06 01:32:56.978
Nov 06, 2015 1:32:56 AM urbosenti.core.communication.UploadService run
GRAVE: null
java.lang.InterruptedException
	at java.lang.Object.wait(Native Method)
	at java.lang.Object.wait(Object.java:503)
	at urbosenti.core.communication.UploadService.getReport(UploadService.java:265)
	at urbosenti.core.communication.UploadService.getReportByMobileDataPolicyCriteria(UploadService.java:301)
	at urbosenti.core.communication.CommunicationManager.uploadServiceFunction(CommunicationManager.java:1972)
	at urbosenti.core.communication.UploadService.run(UploadService.java:111)
	at java.lang.Thread.run(Thread.java:745)

Início experimento: 1446780777233
Início experimento: 2015-11-06 01:32:57.266
Opened database successfully
Interface successfully added: Wired Interface
Fim experimento: 1446780843377
Fim experimento: 2015-11-06 01:34:03.378
Nov 06, 2015 1:34:03 AM urbosenti.core.communication.UploadService run
GRAVE: null
java.lang.InterruptedException
	at java.lang.Object.wait(Native Method)
	at java.lang.Object.wait(Object.java:503)
	at urbosenti.core.communication.UploadService.getReport(UploadService.java:265)
	at urbosenti.core.communication.UploadService.getReportByMobileDataPolicyCriteria(UploadService.java:301)
	at urbosenti.core.communication.CommunicationManager.uploadServiceFunction(CommunicationManager.java:1972)
	at urbosenti.core.communication.UploadService.run(UploadService.java:111)
	at java.lang.Thread.run(Thread.java:745)

Nov 06, 2015 1:34:03 AM urbosenti.core.communication.ReconnectionService run
GRAVE: null
java.lang.InterruptedException
	at java.lang.Object.wait(Native Method)
	at java.lang.Object.wait(Object.java:503)
	at urbosenti.core.communication.ReconnectionService.run(ReconnectionService.java:108)
	at java.lang.Thread.run(Thread.java:745)

Início experimento: 1446780843634
Início experimento: 2015-11-06 01:34:03.668
Opened database successfully
Interface successfully added: Wired Interface
Fim experimento: 1446780909604
Fim experimento: 2015-11-06 01:35:09.604
Nov 06, 2015 1:35:09 AM urbosenti.core.communication.UploadService run
GRAVE: null
java.lang.InterruptedException
	at java.lang.Object.wait(Native Method)
	at java.lang.Object.wait(Object.java:503)
	at urbosenti.core.communication.UploadService.getReport(UploadService.java:265)
	at urbosenti.core.communication.UploadService.getReportByMobileDataPolicyCriteria(UploadService.java:301)
	at urbosenti.core.communication.CommunicationManager.uploadServiceFunction(CommunicationManager.java:1972)
	at urbosenti.core.communication.UploadService.run(UploadService.java:111)
	at java.lang.Thread.run(Thread.java:745)

Início experimento: 1446780909730
Início experimento: 2015-11-06 01:35:09.763
Opened database successfully
Interface successfully added: Wired Interface
Fim experimento: 1446781048878
Fim experimento: 2015-11-06 01:37:28.878
Nov 06, 2015 1:37:28 AM urbosenti.core.communication.ReconnectionService run
GRAVE: null
java.lang.InterruptedException
	at java.lang.Object.wait(Native Method)
	at java.lang.Object.wait(Object.java:503)
	at urbosenti.core.communication.ReconnectionService.run(ReconnectionService.java:108)
	at java.lang.Thread.run(Thread.java:745)

Nov 06, 2015 1:37:28 AM urbosenti.core.communication.UploadService run
GRAVE: null
java.lang.InterruptedException
	at java.lang.Object.wait(Native Method)
	at java.lang.Object.wait(Object.java:503)
	at urbosenti.core.communication.UploadService.getReport(UploadService.java:265)
	at urbosenti.core.communication.UploadService.getReportByMobileDataPolicyCriteria(UploadService.java:301)
	at urbosenti.core.communication.CommunicationManager.uploadServiceFunction(CommunicationManager.java:1972)
	at urbosenti.core.communication.UploadService.run(UploadService.java:111)
	at java.lang.Thread.run(Thread.java:745)

Início experimento: 1446781049132
Início experimento: 2015-11-06 01:37:29.166
Opened database successfully
Interface successfully added: Wired Interface
Fim experimento: 1446781115055
Fim experimento: 2015-11-06 01:38:35.55
Nov 06, 2015 1:38:35 AM urbosenti.core.communication.UploadService run
GRAVE: null
java.lang.InterruptedException
	at java.lang.Object.wait(Native Method)
	at java.lang.Object.wait(Object.java:503)
	at urbosenti.core.communication.UploadService.getReport(UploadService.java:265)
	at urbosenti.core.communication.UploadService.getReportByMobileDataPolicyCriteria(UploadService.java:301)
	at urbosenti.core.communication.CommunicationManager.uploadServiceFunction(CommunicationManager.java:1972)
	at urbosenti.core.communication.UploadService.run(UploadService.java:111)
	at java.lang.Thread.run(Thread.java:745)

Nov 06, 2015 1:38:35 AM urbosenti.core.communication.ReconnectionService run
GRAVE: null
java.lang.InterruptedException
	at java.lang.Object.wait(Native Method)
	at java.lang.Object.wait(Object.java:503)
	at urbosenti.core.communication.ReconnectionService.run(ReconnectionService.java:108)
	at java.lang.Thread.run(Thread.java:745)

Início experimento: 1446781115318
Início experimento: 2015-11-06 01:38:35.352
Opened database successfully
Interface successfully added: Wired Interface
Fim experimento: 1446781181409
Fim experimento: 2015-11-06 01:39:41.409
Nov 06, 2015 1:39:41 AM urbosenti.core.communication.UploadService run
GRAVE: null
java.lang.InterruptedException
	at java.lang.Object.wait(Native Method)
	at java.lang.Object.wait(Object.java:503)
	at urbosenti.core.communication.UploadService.getReport(UploadService.java:265)
	at urbosenti.core.communication.UploadService.getReportByMobileDataPolicyCriteria(UploadService.java:301)
	at urbosenti.core.communication.CommunicationManager.uploadServiceFunction(CommunicationManager.java:1972)
	at urbosenti.core.communication.UploadService.run(UploadService.java:111)
	at java.lang.Thread.run(Thread.java:745)

Início experimento: 1446781181640
Início experimento: 2015-11-06 01:39:41.674
Opened database successfully
Interface successfully added: Wired Interface
Fim experimento: 1446781247576
Fim experimento: 2015-11-06 01:40:47.576
Nov 06, 2015 1:40:47 AM urbosenti.core.communication.UploadService run
GRAVE: null
java.lang.InterruptedException
	at java.lang.Object.wait(Native Method)
	at java.lang.Object.wait(Object.java:503)
	at urbosenti.core.communication.UploadService.getReport(UploadService.java:265)
	at urbosenti.core.communication.UploadService.getReportByMobileDataPolicyCriteria(UploadService.java:301)
	at urbosenti.core.communication.CommunicationManager.uploadServiceFunction(CommunicationManager.java:1972)
	at urbosenti.core.communication.UploadService.run(UploadService.java:111)
	at java.lang.Thread.run(Thread.java:745)

Início experimento: 1446781247840
Início experimento: 2015-11-06 01:40:47.874
Opened database successfully
Interface successfully added: Wired Interface
Fim experimento: 1446781313784
Fim experimento: 2015-11-06 01:41:53.784
Nov 06, 2015 1:41:53 AM urbosenti.core.communication.UploadService run
GRAVE: null
java.lang.InterruptedException
	at java.lang.Object.wait(Native Method)
	at java.lang.Object.wait(Object.java:503)
	at urbosenti.core.communication.UploadService.getReport(UploadService.java:265)
	at urbosenti.core.communication.UploadService.getReportByMobileDataPolicyCriteria(UploadService.java:301)
	at urbosenti.core.communication.CommunicationManager.uploadServiceFunction(CommunicationManager.java:1972)
	at urbosenti.core.communication.UploadService.run(UploadService.java:111)
	at java.lang.Thread.run(Thread.java:745)

Início experimento: 1446781314048
Início experimento: 2015-11-06 01:41:54.82
Opened database successfully
Interface successfully added: Wired Interface
Fim experimento: 1446781379988
Fim experimento: 2015-11-06 01:42:59.988
Nov 06, 2015 1:42:59 AM urbosenti.core.communication.UploadService run
GRAVE: null
java.lang.InterruptedException
	at java.lang.Object.wait(Native Method)
	at java.lang.Object.wait(Object.java:503)
	at urbosenti.core.communication.UploadService.getReport(UploadService.java:265)
	at urbosenti.core.communication.UploadService.getReportByMobileDataPolicyCriteria(UploadService.java:301)
	at urbosenti.core.communication.CommunicationManager.uploadServiceFunction(CommunicationManager.java:1972)
	at urbosenti.core.communication.UploadService.run(UploadService.java:111)
	at java.lang.Thread.run(Thread.java:745)

Início experimento: 1446781380239
Início experimento: 2015-11-06 01:43:00.273
Opened database successfully
Interface successfully added: Wired Interface
Fim experimento: 1446781446178
Fim experimento: 2015-11-06 01:44:06.179
Nov 06, 2015 1:44:06 AM urbosenti.core.communication.UploadService run
GRAVE: null
java.lang.InterruptedException
	at java.lang.Object.wait(Native Method)
	at java.lang.Object.wait(Object.java:503)
	at urbosenti.core.communication.UploadService.getReport(UploadService.java:265)
	at urbosenti.core.communication.UploadService.getReportByMobileDataPolicyCriteria(UploadService.java:301)
	at urbosenti.core.communication.CommunicationManager.uploadServiceFunction(CommunicationManager.java:1972)
	at urbosenti.core.communication.UploadService.run(UploadService.java:111)
	at java.lang.Thread.run(Thread.java:745)

Início experimento: 1446781446442
Início experimento: 2015-11-06 01:44:06.476
Opened database successfully
Interface successfully added: Wired Interface
Fim experimento: 1446781512388
Fim experimento: 2015-11-06 01:45:12.388
Nov 06, 2015 1:45:12 AM urbosenti.core.communication.UploadService run
GRAVE: null
java.lang.InterruptedException
	at java.lang.Object.wait(Native Method)
	at java.lang.Object.wait(Object.java:503)
	at urbosenti.core.communication.UploadService.getReport(UploadService.java:265)
	at urbosenti.core.communication.UploadService.getReportByMobileDataPolicyCriteria(UploadService.java:301)
	at urbosenti.core.communication.CommunicationManager.uploadServiceFunction(CommunicationManager.java:1972)
	at urbosenti.core.communication.UploadService.run(UploadService.java:111)
	at java.lang.Thread.run(Thread.java:745)

Nov 06, 2015 1:45:12 AM urbosenti.core.communication.ReconnectionService run
GRAVE: null
java.lang.InterruptedException
	at java.lang.Object.wait(Native Method)
	at java.lang.Object.wait(Object.java:503)
	at urbosenti.core.communication.ReconnectionService.run(ReconnectionService.java:108)
	at java.lang.Thread.run(Thread.java:745)

End  rule experiment time: 01:45:12
Início experimento: 1446781512643
Início experimento: 2015-11-06 01:45:12.677
Opened database successfully
Interface successfully added: Wired Interface
Fim experimento: 1446784057661
Fim experimento: 2015-11-06 02:27:37.662
Nov 06, 2015 2:27:37 AM urbosenti.core.communication.UploadService run
GRAVE: null
java.lang.InterruptedException
	at java.lang.Object.wait(Native Method)
	at java.lang.Object.wait(Object.java:503)
	at urbosenti.core.communication.UploadService.getReport(UploadService.java:265)
	at urbosenti.core.communication.UploadService.getReportByMobileDataPolicyCriteria(UploadService.java:301)
	at urbosenti.core.communication.CommunicationManager.uploadServiceFunction(CommunicationManager.java:1972)
	at urbosenti.core.communication.UploadService.run(UploadService.java:111)
	at java.lang.Thread.run(Thread.java:745)

Nov 06, 2015 2:27:37 AM urbosenti.core.communication.ReconnectionService run
GRAVE: null
java.lang.InterruptedException
	at java.lang.Object.wait(Native Method)
	at java.lang.Object.wait(Object.java:503)
	at urbosenti.core.communication.ReconnectionService.run(ReconnectionService.java:108)
	at java.lang.Thread.run(Thread.java:745)

Início experimento: 1446784057902
Início experimento: 2015-11-06 02:27:37.935
Opened database successfully
Interface successfully added: Wired Interface
Fim experimento: 1446786534406
Fim experimento: 2015-11-06 03:08:54.407
Start event experiment time: 03:08:54
Início experimento: 1446786534522
Início experimento: 2015-11-06 03:08:54.556
Opened database successfully
Interface successfully added: Wired Interface
Fim experimento: 1446787218327
Fim experimento: 2015-11-06 03:20:18.327
Início experimento: 1446787218561
Início experimento: 2015-11-06 03:20:18.595
Opened database successfully
Interface successfully added: Wired Interface
Fim experimento: 1446787834562
Fim experimento: 2015-11-06 03:30:34.562
Nov 06, 2015 3:30:34 AM urbosenti.core.communication.ReconnectionService run
GRAVE: null
java.lang.InterruptedException
	at java.lang.Object.wait(Native Method)
	at java.lang.Object.wait(Object.java:503)
	at urbosenti.core.communication.ReconnectionService.run(ReconnectionService.java:108)
	at java.lang.Thread.run(Thread.java:745)

Início experimento: 1446787834812
Início experimento: 2015-11-06 03:30:34.845
Opened database successfully
Interface successfully added: Wired Interface
Fim experimento: 1446788519349
Fim experimento: 2015-11-06 03:41:59.350
Nov 06, 2015 3:41:59 AM urbosenti.core.communication.UploadService run
GRAVE: null
java.lang.InterruptedException
	at java.lang.Object.wait(Native Method)
	at java.lang.Object.wait(Object.java:503)
	at urbosenti.core.communication.UploadService.getReport(UploadService.java:265)
	at urbosenti.core.communication.UploadService.getReportByMobileDataPolicyCriteria(UploadService.java:301)
	at urbosenti.core.communication.CommunicationManager.uploadServiceFunction(CommunicationManager.java:1972)
	at urbosenti.core.communication.UploadService.run(UploadService.java:111)
	at java.lang.Thread.run(Thread.java:745)

Início experimento: 1446788519605
Início experimento: 2015-11-06 03:41:59.639
Opened database successfully
Interface successfully added: Wired Interface
Fim experimento: 1446789140606
Fim experimento: 2015-11-06 03:52:20.607
Nov 06, 2015 3:52:20 AM urbosenti.core.communication.UploadService run
GRAVE: null
java.lang.InterruptedException
	at java.lang.Object.wait(Native Method)
	at java.lang.Object.wait(Object.java:503)
	at urbosenti.core.communication.UploadService.getReport(UploadService.java:265)
	at urbosenti.core.communication.UploadService.getReportByMobileDataPolicyCriteria(UploadService.java:301)
	at urbosenti.core.communication.CommunicationManager.uploadServiceFunction(CommunicationManager.java:1972)
	at urbosenti.core.communication.UploadService.run(UploadService.java:111)
	at java.lang.Thread.run(Thread.java:745)

Nov 06, 2015 3:52:20 AM urbosenti.core.communication.ReconnectionService run
GRAVE: null
java.lang.InterruptedException
	at java.lang.Object.wait(Native Method)
	at java.lang.Object.wait(Object.java:503)
	at urbosenti.core.communication.ReconnectionService.run(ReconnectionService.java:108)
	at java.lang.Thread.run(Thread.java:745)

End event experiment time: 03:52:20
Início experimento: 1446789140875
Início experimento: 2015-11-06 03:52:20.909
Opened database successfully
Interface successfully added: Wired Interface
Fim experimento: 1446791688545
Fim experimento: 2015-11-06 04:34:48.546
Início experimento: 1446791688797
Início experimento: 2015-11-06 04:34:48.831
Opened database successfully
Interface successfully added: Wired Interface
Fim experimento: 1446794161497
Fim experimento: 2015-11-06 05:16:01.497
Nov 06, 2015 5:16:01 AM urbosenti.core.communication.UploadService run
GRAVE: null
java.lang.InterruptedException
	at java.lang.Object.wait(Native Method)
	at java.lang.Object.wait(Object.java:503)
	at urbosenti.core.communication.UploadService.getReport(UploadService.java:265)
	at urbosenti.core.communication.UploadService.getReportByMobileDataPolicyCriteria(UploadService.java:301)
	at urbosenti.core.communication.CommunicationManager.uploadServiceFunction(CommunicationManager.java:1972)
	at urbosenti.core.communication.UploadService.run(UploadService.java:111)
	at java.lang.Thread.run(Thread.java:745)

Nov 06, 2015 5:16:01 AM urbosenti.core.communication.ReconnectionService run
GRAVE: null
java.lang.InterruptedException
	at java.lang.Object.wait(Native Method)
	at java.lang.Object.wait(Object.java:503)
	at urbosenti.core.communication.ReconnectionService.run(ReconnectionService.java:108)
	at java.lang.Thread.run(Thread.java:745)

Início experimento: 1446794161732
Início experimento: 2015-11-06 05:16:01.766
Opened database successfully
Interface successfully added: Wired Interface
Fim experimento: 1446796717116
Fim experimento: 2015-11-06 05:58:37.117
Nov 06, 2015 5:58:37 AM urbosenti.core.communication.UploadService run
GRAVE: null
java.lang.InterruptedException
	at java.lang.Object.wait(Native Method)
	at java.lang.Object.wait(Object.java:503)
	at urbosenti.core.communication.UploadService.getReport(UploadService.java:265)
	at urbosenti.core.communication.UploadService.getReportByMobileDataPolicyCriteria(UploadService.java:301)
	at urbosenti.core.communication.CommunicationManager.uploadServiceFunction(CommunicationManager.java:1972)
	at urbosenti.core.communication.UploadService.run(UploadService.java:111)
	at java.lang.Thread.run(Thread.java:745)

Nov 06, 2015 5:58:37 AM urbosenti.core.communication.ReconnectionService run
GRAVE: null
java.lang.InterruptedException
	at java.lang.Object.wait(Native Method)
	at java.lang.Object.wait(Object.java:503)
	at urbosenti.core.communication.ReconnectionService.run(ReconnectionService.java:108)
	at java.lang.Thread.run(Thread.java:745)

Início experimento: 1446796717352
Início experimento: 2015-11-06 05:58:37.386
Opened database successfully
Interface successfully added: Wired Interface
Fim experimento: 1446799210928
Fim experimento: 2015-11-06 06:40:10.928
Nov 06, 2015 6:40:10 AM urbosenti.core.communication.UploadService run
GRAVE: null
java.lang.InterruptedException
	at java.lang.Object.wait(Native Method)
	at java.lang.Object.wait(Object.java:503)
	at urbosenti.core.communication.UploadService.getReport(UploadService.java:265)
	at urbosenti.core.communication.UploadService.getReportByMobileDataPolicyCriteria(UploadService.java:301)
	at urbosenti.core.communication.CommunicationManager.uploadServiceFunction(CommunicationManager.java:1972)
	at urbosenti.core.communication.UploadService.run(UploadService.java:111)
	at java.lang.Thread.run(Thread.java:745)

End time: 06:40:11
Start event experiment time: 06:40:11
Início experimento: 1446799211210
Início experimento: 2015-11-06 06:40:11.244
Opened database successfully
Interface successfully added: Wired Interface
Fim experimento: 1446799911213
Fim experimento: 2015-11-06 06:51:51.214
Nov 06, 2015 6:51:51 AM urbosenti.core.communication.ReconnectionService run
GRAVE: null
java.lang.InterruptedException
	at java.lang.Object.wait(Native Method)
	at java.lang.Object.wait(Object.java:503)
	at urbosenti.core.communication.ReconnectionService.run(ReconnectionService.java:108)
	at java.lang.Thread.run(Thread.java:745)

Nov 06, 2015 6:51:51 AM urbosenti.core.communication.UploadService run
GRAVE: null
java.lang.InterruptedException
	at java.lang.Object.wait(Native Method)
	at java.lang.Object.wait(Object.java:503)
	at urbosenti.core.communication.UploadService.getReport(UploadService.java:265)
	at urbosenti.core.communication.UploadService.getReportByMobileDataPolicyCriteria(UploadService.java:301)
	at urbosenti.core.communication.CommunicationManager.uploadServiceFunction(CommunicationManager.java:1972)
	at urbosenti.core.communication.UploadService.run(UploadService.java:111)
	at java.lang.Thread.run(Thread.java:745)

Início experimento: 1446799911479
Início experimento: 2015-11-06 06:51:51.513
Opened database successfully
Interface successfully added: Wired Interface
Fim experimento: 1446800532456
Fim experimento: 2015-11-06 07:02:12.457
Nov 06, 2015 7:02:12 AM urbosenti.core.communication.UploadService run
GRAVE: null
java.lang.InterruptedException
	at java.lang.Object.wait(Native Method)
	at java.lang.Object.wait(Object.java:503)
	at urbosenti.core.communication.UploadService.getReport(UploadService.java:265)
	at urbosenti.core.communication.UploadService.getReportByMobileDataPolicyCriteria(UploadService.java:301)
	at urbosenti.core.communication.CommunicationManager.uploadServiceFunction(CommunicationManager.java:1972)
	at urbosenti.core.communication.UploadService.run(UploadService.java:111)
	at java.lang.Thread.run(Thread.java:745)

Início experimento: 1446800532721
Início experimento: 2015-11-06 07:02:12.755
Opened database successfully
Interface successfully added: Wired Interface
Fim experimento: 1446801220943
Fim experimento: 2015-11-06 07:13:40.944
Início experimento: 1446801221183
Início experimento: 2015-11-06 07:13:41.217
Opened database successfully
Interface successfully added: Wired Interface
Fim experimento: 1446801842171
Fim experimento: 2015-11-06 07:24:02.171
Início experimento: 1446801842291
Início experimento: 2015-11-06 07:24:02.325
Opened database successfully
Interface successfully added: Wired Interface
Fim experimento: 1446802537426
Fim experimento: 2015-11-06 07:35:37.426
Nov 06, 2015 7:35:37 AM urbosenti.core.communication.UploadService run
GRAVE: null
java.lang.InterruptedException
	at java.lang.Object.wait(Native Method)
	at java.lang.Object.wait(Object.java:503)
	at urbosenti.core.communication.UploadService.getReport(UploadService.java:265)
	at urbosenti.core.communication.UploadService.getReportByMobileDataPolicyCriteria(UploadService.java:301)
	at urbosenti.core.communication.CommunicationManager.uploadServiceFunction(CommunicationManager.java:1972)
	at urbosenti.core.communication.UploadService.run(UploadService.java:111)
	at java.lang.Thread.run(Thread.java:745)

Início experimento: 1446802537707
Início experimento: 2015-11-06 07:35:37.741
Opened database successfully
Interface successfully added: Wired Interface
Fim experimento: 1446803153698
Fim experimento: 2015-11-06 07:45:53.698
Nov 06, 2015 7:45:53 AM urbosenti.core.communication.UploadService run
GRAVE: null
java.lang.InterruptedException
	at java.lang.Object.wait(Native Method)
	at java.lang.Object.wait(Object.java:503)
	at urbosenti.core.communication.UploadService.getReport(UploadService.java:265)
	at urbosenti.core.communication.UploadService.getReportByMobileDataPolicyCriteria(UploadService.java:301)
	at urbosenti.core.communication.CommunicationManager.uploadServiceFunction(CommunicationManager.java:1972)
	at urbosenti.core.communication.UploadService.run(UploadService.java:111)
	at java.lang.Thread.run(Thread.java:745)

Início experimento: 1446803153841
Início experimento: 2015-11-06 07:45:53.874
Opened database successfully
Interface successfully added: Wired Interface
Fim experimento: 1446803774855
Fim experimento: 2015-11-06 07:56:14.855
Nov 06, 2015 7:56:14 AM urbosenti.core.communication.UploadService run
GRAVE: null
java.lang.InterruptedException
	at java.lang.Object.wait(Native Method)
	at java.lang.Object.wait(Object.java:503)
	at urbosenti.core.communication.UploadService.getReport(UploadService.java:265)
	at urbosenti.core.communication.UploadService.getReportByMobileDataPolicyCriteria(UploadService.java:301)
	at urbosenti.core.communication.CommunicationManager.uploadServiceFunction(CommunicationManager.java:1972)
	at urbosenti.core.communication.UploadService.run(UploadService.java:111)
	at java.lang.Thread.run(Thread.java:745)

Nov 06, 2015 7:56:14 AM urbosenti.core.communication.ReconnectionService run
GRAVE: null
java.lang.InterruptedException
	at java.lang.Object.wait(Native Method)
	at java.lang.Object.wait(Object.java:503)
	at urbosenti.core.communication.ReconnectionService.run(ReconnectionService.java:108)
	at java.lang.Thread.run(Thread.java:745)

End event experiment time: 06:40:11
