1446476824562
1446476824984
1446476825484
1446476826053
1446476826082
1446476826127
1446476826194
1446476826417
1446476826916
1446476827416
1446476827920
1446476827963
1446476827995
1446476828030
1446476828067
1446476828099
1446476828136
1446476828172
1446476828205
1446476828242
1446476828275
1446476828310
1446476828342
1446476828378
1446476828414
1446476828449
1446476828484
1446476828517
1446476828551
1446476828585
1446476828621
1446476828655
1446476828690
1446476828726
1446476828762
1446476828798
1446476828830
1446476828863
1446476828895
1446476828927
1446476828959
1446476828998
1446476829029
1446476829264
1446476829294
1446476829321
1446476829348
1446476829387
1446476829417
1446476829446
1446476829477
1446476829510
1446476829538
1446476829566
1446476829599
1446476829629
1446476829678
1446476829707
1446476829740
1446476829770
1446476829799
1446476829830
1446476829859
1446476829890
1446476829922
1446476829950
1446476829981
1446476830010
1446476830042
1446476830074
1446476830106
1446476830138
1446476830169
1446476830199
1446476830229
1446476830258
1446476830291
1446476830340
1446476830378
1446476830407
1446476830445
1446476830477
1446476830507
1446476830541
1446476830573
1446476830603
1446476830639
1446476830671
1446476830706
1446476830739
1446476830775
1446476830808
1446476830842
1446476830874
1446476830908
1446476830942
1446476830977
1446476831008
1446476831042
1446476831073
1446476831109
