1446476572167
1446476572303
1446476572333
1446476572367
1446476572399
1446476572429
1446476572459
1446476572494
1446476572522
1446476572553
1446476572586
1446476572614
1446476572648
1446476572678
1446476572707
1446476572743
1446476572773
1446476572806
1446476572835
1446476572869
1446476572902
1446476572933
1446476572966
1446476572996
1446476573027
1446476573059
1446476573091
1446476573123
1446476573154
1446476573186
1446476573219
1446476573254
1446476573283
1446476573316
1446476573349
1446476573378
1446476573410
1446476573442
1446476573471
1446476573506
1446476573538
1446476573569
1446476573602
1446476573733
1446476573770
1446476573798
1446476573826
1446476573858
1446476573894
1446476573923
1446476573951
1446476573984
1446476574018
1446476574047
1446476574077
1446476574114
1446476574151
1446476574181
1446476574216
1446476574246
1446476574277
1446476574311
1446476574341
1446476574373
1446476574403
1446476574431
1446476574465
1446476574495
1446476574527
1446476574557
1446476574590
1446476574618
1446476574651
1446476574681
1446476574714
1446476574746
1446476574775
1446476574807
1446476574839
1446476574869
1446476574901
1446476574933
1446476574963
1446476574995
1446476575027
1446476575058
1446476575091
1446476575123
1446476575155
1446476575185
1446476575218
1446476575248
1446476575283
1446476575315
1446476575346
1446476575379
1446476575407
1446476575439
1446476575470
1446476575501
1446476575531
