1446477569256
1446477569405
1446477569442
1446477569482
1446477569518
1446477569554
1446477569593
1446477569629
1446477569666
1446477569706
1446477569743
1446477569779
1446477569818
1446477569855
1446477569906
1446477569956
1446477570579
1446477570622
1446477570673
1446477570721
1446477570853
1446477571362
1446477571870
1446477572378
1446477572616
1446477572653
1446477572688
1446477572723
1446477572758
1446477572796
1446477572834
1446477572870
1446477572909
1446477572946
1446477572982
1446477573019
1446477573057
1446477573094
1446477573133
1446477573170
1446477573209
1446477573246
1446477573285
1446477573321
1446477573363
1446477573402
1446477573443
1446477573482
1446477573519
1446477573557
1446477573594
1446477573632
1446477573669
1446477573711
1446477573749
1446477573789
1446477573838
1446477573905
1446477574410
1446477574919
1446477575145
1446477575195
1446477575246
1446477575602
1446477575638
1446477575673
1446477575709
1446477575749
1446477575788
1446477575826
1446477575862
1446477575897
1446477575937
1446477575973
1446477576008
1446477576046
1446477576081
1446477576118
1446477576156
1446477576192
1446477576234
1446477576270
1446477576306
1446477576342
1446477576379
1446477576418
1446477576454
1446477576493
1446477576527
1446477576565
1446477576601
1446477576637
1446477576674
1446477576714
1446477576753
1446477576790
1446477576826
1446477576878
1446477576928
1446477576967
1446477577003
1446477577054
1446477577376
1446477577884
1446477578392
1446477578785
1446477578824
1446477578866
1446477578902
1446477578940
1446477578982
1446477579018
1446477579056
1446477579101
1446477579161
1446477579197
1446477579238
1446477579277
1446477579313
1446477579349
1446477579387
1446477579430
1446477579477
1446477579526
1446477579666
1446477580174
1446477580658
1446477580710
1446477580759
1446477580810
1446477581084
1446477581133
1446477581184
1446477581235
1446477581277
1446477581314
1446477581349
1446477581385
1446477581421
1446477581462
1446477581498
1446477581534
1446477581573
1446477581612
1446477581651
1446477581689
1446477581734
1446477581770
1446477581818
1446477581866
1446477582282
1446477582790
1446477583298
1446477583814
1446477584356
1446477584736
1446477584775
1446477584818
1446477584854
1446477584889
1446477584925
1446477584957
1446477584993
1446477585029
1446477585065
1446477585101
1446477585137
1446477585173
1446477585207
1446477585242
1446477585282
1446477585322
1446477585362
1446477585399
1446477585438
1446477585624
1446477585674
1446477585724
1446477585764
1446477585802
1446477585839
1446477585877
1446477585914
1446477585950
1446477585986
1446477586024
1446477586068
1446477586106
1446477586142
1446477586178
1446477586214
1446477586249
1446477586286
1446477586322
1446477586358
1446477586398
1446477586433
1446477586470
1446477586513
1446477586554
1446477586592
1446477586638
1446477586689
1446477587105
1446477587613
1446477588121
1446477588646
1446477589154
1446477589476
1446477589514
1446477589551
1446477589588
1446477589626
1446477589661
1446477589697
1446477589735
1446477589777
1446477589813
1446477589850
1446477589887
1446477589922
1446477589957
1446477589992
1446477590026
1446477590069
1446477590105
1446477590142
1446477590178
1446477590216
1446477590258
1446477590297
1446477590333
1446477590371
1446477590408
1446477590557
1446477590594
1446477590630
1446477590669
1446477590746
1446477590797
1446477590846
1446477590886
1446477590922
1446477590958
1446477590994
1446477591030
1446477591066
1446477591113
1446477591162
1446477591419
1446477591927
1446477592436
1446477592944
1446477593021
1446477593057
1446477593093
1446477593129
1446477593178
1446477593230
1446477593269
1446477593306
1446477593342
1446477593384
1446477593429
1446477593469
1446477593506
1446477593554
1446477593604
1446477593642
1446477593682
1446477593722
1446477593758
1446477593797
1446477593834
1446477593871
1446477593921
1446477593995
1446477594050
1446477594086
1446477594125
1446477594162
1446477594198
1446477594237
1446477594273
1446477594311
1446477594349
1446477594386
1446477594423
1446477594464
1446477594511
1446477594843
1446477595351
1446477595633
1446477595666
1446477595701
1446477595734
1446477595777
1446477595812
1446477595849
1446477595885
1446477595922
1446477595957
1446477595994
1446477596035
1446477596073
1446477596109
1446477596147
1446477596189
1446477596236
1446477596273
1446477596314
1446477596354
1446477596390
1446477596426
1446477596469
1446477596506
1446477596552
1446477596589
1446477596626
1446477596666
1446477596703
1446477596741
1446477596778
1446477596817
1446477596853
1446477596891
1446477596929
1446477596966
1446477597022
1446477597069
1446477597194
1446477597450
1446477597958
1446477598466
1446477598975
1446477599061
1446477599101
1446477599136
1446477599171
1446477599214
1446477599259
1446477599624
1446477599673
1446477599710
1446477599745
1446477599780
1446477599818
1446477599854
1446477599889
1446477599925
1446477599984
1446477600366
1446477600658
1446477600709
1446477600758
1446477600899
1446477601083
1446477601134
1446477601168
1446477601205
1446477601241
1446477601292
1446477601565
1446477602073
1446477602158
1446477602197
1446477602235
1446477602274
1446477602313
1446477602349
1446477602386
1446477602422
1446477602462
1446477602499
1446477602538
1446477602575
1446477602612
1446477602654
1446477602693
1446477602728
1446477602765
1446477602806
1446477602845
1446477602880
1446477602917
1446477602953
1446477602997
1446477603034
1446477603070
1446477603107
1446477603146
1446477603181
1446477603233
1446477603271
1446477603307
1446477603345
1446477603390
1446477603458
1446477603507
1446477603546
1446477603586
1446477603658
1446477603914
1446477604422
1446477604930
1446477605438
1446477605664
1446477605697
1446477605733
1446477605769
1446477605822
1446477605873
1446477605914
1446477605957
1446477606006
1446477606049
1446477606090
1446477606124
1446477606169
1446477606207
1446477606256
1446477606322
1446477606373
1446477606422
1446477606473
1446477606696
1446477607095
1446477607138
1446477607176
1446477607213
1446477607249
1446477607287
1446477607364
1446477607687
1446477608195
1446477608703
1446477609113
1446477609162
1446477609213
1446477609262
1446477609313
1446477609349
1446477609405
1446477609454
1446477609505
1446477609544
1446477609581
1446477609618
1446477609654
1446477609689
1446477609725
1446477609762
1446477609797
1446477609833
1446477609870
1446477609906
1446477609942
1446477609978
1446477610017
1446477610053
1446477610088
1446477610127
1446477610163
1446477610198
1446477610245
1446477610313
1446477610362
1446477610644
1446477610687
1446477610725
1446477610761
1446477610807
1446477610846
1446477610885
1446477610921
1446477610958
1446477610995
1446477611032
1446477611069
1446477611110
1446477611149
1446477611186
1446477611222
1446477611258
1446477611298
1446477611337
1446477611374
1446477611410
1446477611449
1446477611486
1446477611522
1446477611558
1446477611597
1446477611634
1446477611671
1446477611709
1446477611746
1446477611785
1446477611829
1446477611866
1446477611905
1446477611942
1446477611987
1446477612039
1446477612082
1446477612117
1446477612154
1446477612193
1446477612229
1446477612269
1446477612306
1446477612354
1446477612654
1446477612705
1446477612827
1446477613335
1446477613843
1446477614351
1446477614617
1446477614670
1446477614892
1446477615125
1446477615161
1446477615196
1446477615229
1446477615265
1446477615301
1446477615338
1446477615374
1446477615418
1446477615469
1446477615585
1446477615618
1446477615653
1446477615690
1446477615731
1446477615771
1446477615810
1446477615849
1446477615887
1446477615927
1446477615978
1446477616019
1446477616058
1446477616097
1446477616134
1446477616175
1446477616211
1446477616247
1446477616286
1446477616322
1446477616362
1446477616410
1446477616469
1446477616518
1446477616841
1446477617350
1446477617858
1446477618391
1446477618899
1446477619407
1446477619758
1446477619797
1446477619834
1446477619868
1446477619904
1446477619949
1446477620000
1446477620315
1446477620630
1446477620664
1446477620697
1446477620733
1446477620772
1446477620808
1446477620844
1446477620878
1446477620913
1446477620954
1446477620991
1446477621027
1446477621065
1446477621102
1446477621137
1446477621182
1446477621233
1446477621423
1446477621931
1446477622439
1446477622947
1446477623126
1446477623164
1446477623201
1446477623237
1446477623273
1446477623309
1446477623345
1446477623381
1446477623417
1446477623454
1446477623493
1446477623541
1446477623855
1446477624198
1446477624249
1446477624571
1446477625079
1446477625643
1446477625677
1446477625713
1446477625746
1446477625783
1446477625822
1446477625858
1446477625905
1446477625956
1446477626005
1446477626044
1446477626079
1446477626114
1446477626148
1446477626185
1446477626221
1446477626257
1446477626293
1446477626329
1446477626363
1446477626405
1446477626439
1446477626489
1446477626538
1446477626589
1446477626638
1446477626698
1446477626738
1446477626773
1446477626809
1446477626856
1446477627079
1446477627470
1446477628131
1446477628173
1446477628209
1446477628254
1446477628305
1446477628345
1446477628380
1446477628419
1446477628454
1446477628489
1446477628526
1446477628562
1446477628597
1446477628634
1446477628669
1446477628704
1446477628738
1446477628773
1446477628810
1446477628846
1446477628886
1446477629055
1446477629113
1446477629149
1446477629189
1446477629228
1446477629266
1446477629302
1446477629345
1446477629383
1446477629421
1446477629458
1446477629497
1446477629534
1446477629574
1446477629615
1446477629654
1446477629691
1446477629729
1446477629766
1446477629803
1446477629842
1446477629878
1446477629914
1446477629954
1446477629994
1446477630033
1446477630070
1446477630111
1446477630148
1446477630185
1446477630222
1446477630260
1446477630298
1446477630337
1446477630374
1446477630418
1446477630457
1446477630654
1446477630704
1446477630754
1446477630804
1446477630854
1446477631319
1446477631826
1446477632335
1446477632884
1446477633236
1446477633285
1446477633337
1446477633559
1446477634075
1446477634584
1446477635092
1446477635218
1446477635269
1446477635475
1446477635745
1446477635781
1446477635818
1446477635858
1446477635898
1446477636034
1446477636085
1446477636134
1446477636185
1446477636599
1446477637107
1446477637469
1446477637534
1446477637584
1446477637634
1446477637678
1446477637726
1446477637776
1446477637999
1446477638507
1446477639015
1446477639495
1446477639540
1446477639577
1446477639614
1446477639650
1446477639694
1446477639733
1446477639769
1446477639804
1446477639842
1446477639877
1446477639914
1446477639961
1446477640010
1446477640046
1446477640085
1446477640130
1446477640167
1446477640206
1446477640242
1446477640279
1446477640316
1446477640366
1446477640750
1446477640798
1446477640850
1446477640899
1446477640958
1446477640994
1446477641028
1446477641065
1446477641106
1446477641142
1446477641178
1446477641214
1446477641250
1446477641286
1446477641325
1446477641369
1446477641406
1446477641442
1446477641478
1446477641516
1446477641554
1446477641591
1446477641629
1446477641665
1446477641702
1446477641739
1446477641777
1446477641813
1446477641849
1446477641885
1446477641948
1446477641984
1446477642022
1446477642058
1446477642094
1446477642130
1446477642166
1446477642206
1446477642245
1446477642282
1446477642318
1446477642353
1446477642388
1446477642441
1446477642581
1446477643082
1446477643131
1446477643182
1446477643231
1446477643421
1446477643929
1446477644438
1446477644946
1446477645335
1446477645377
1446477645413
1446477645446
1446477645482
1446477645544
1446477645577
1446477645610
1446477645656
1446477645698
1446477645733
1446477645767
1446477645801
1446477645839
1446477645874
1446477645910
1446477645946
1446477646087
1446477646595
1446477647103
1446477647611
1446477648144
1446477648652
1446477649161
1446477649427
1446477649464
1446477649499
1446477649533
1446477649568
1446477649605
1446477649641
1446477649678
1446477649716
1446477649750
1446477649795
1446477649846
1446477649886
1446477649921
1446477649959
1446477649999
1446477650038
1446477650077
1446477650116
1446477650153
1446477650189
1446477650226
1446477650265
1446477650312
1446477650726
1446477650761
1446477650811
1446477650862
1446477651210
1446477651718
1446477652226
1446477652776
1446477653284
1446477653792
1446477654134
1446477654185
1446477654236
1446477654286
1446477654643
1446477654685
1446477654724
1446477654765
1446477654798
1446477654842
1446477654894
1446477654933
1446477654968
1446477655005
1446477655093
1446477655143
1446477655193
1446477655416
1446477655672
1446477655706
1446477655751
1446477655801
1446477655839
1446477655874
1446477655910
1446477655946
1446477655981
1446477656025
1446477656076
1446477656120
1446477656158
1446477656194
1446477656230
1446477656269
1446477656306
1446477656342
1446477656378
1446477656431
1446477656467
1446477656542
1446477656865
1446477657329
1446477657373
1446477657410
1446477657447
1446477657510
1446477657546
1446477657586
1446477657626
1446477657665
1446477657698
1446477657735
1446477657776
1446477657817
1446477657855
1446477657893
1446477657933
1446477657968
1446477658008
1446477658045
1446477658082
1446477658122
1446477658158
1446477658197
1446477658233
1446477658271
1446477658309
1446477658347
1446477658386
1446477658425
1446477658466
1446477658501
1446477658534
1446477658576
1446477658611
1446477658645
1446477658681
1446477658714
1446477658754
1446477658788
1446477658823
1446477658857
1446477658893
1446477658931
1446477658973
1446477659009
1446477659043
1446477659078
1446477659119
1446477659157
1446477659195
1446477659238
1446477659276
1446477659316
1446477659357
1446477659394
1446477659433
1446477659473
1446477659509
1446477659547
1446477659591
1446477659629
1446477659666
1446477659705
1446477659742
1446477659779
1446477659817
1446477659854
1446477659899
1446477659937
1446477659974
1446477660017
1446477660054
1446477660092
1446477660128
1446477660165
1446477660206
1446477660245
1446477660282
1446477660318
1446477660357
1446477660394
1446477660432
1446477660468
1446477660510
1446477660627
1446477660677
1446477660714
1446477660750
