1446476788874
1446476789424
1446476789924
1446476790425
1446476790949
1446476791449
1446476792015
1446476792515
1446476793027
1446476793286
1446476793314
1446476793345
1446476793376
1446476793413
1446476793442
1446476793471
1446476793508
1446476793541
1446476793573
1446476793607
1446476793641
1446476793674
1446476793708
1446476793742
1446476793774
1446476793808
1446476793841
1446476794022
1446476794052
1446476794084
1446476794117
1446476794153
1446476794182
1446476794213
1446476794247
1446476794281
1446476794310
1446476794345
1446476794377
1446476794410
1446476794440
1446476794475
1446476794507
1446476794539
1446476794571
1446476794603
1446476794635
1446476794667
1446476794700
1446476794733
1446476794766
1446476794798
1446476794834
1446476794865
1446476794897
1446476794930
1446476794966
1446476794996
1446476795030
1446476795059
1446476795093
1446476795126
1446476795155
1446476795186
1446476795218
1446476795248
1446476795282
1446476795313
1446476795345
1446476795377
1446476795406
1446476795438
1446476795470
1446476795502
1446476795533
1446476795564
1446476795595
1446476795628
1446476795659
1446476795686
1446476795718
1446476795749
1446476795778
1446476795808
1446476795838
1446476795868
1446476795897
1446476796080
1446476796110
1446476796139
1446476796170
1446476796488
1446476796987
1446476797487
1446476797987
1446476798287
1446476798318
1446476798347
1446476798377
1446476798778
1446476799005
