1446476599348
1446476599490
1446476599522
1446476599558
1446476599590
1446476599627
1446476599660
1446476599706
1446476599741
1446476599777
1446476599809
1446476599845
1446476599880
1446476599914
1446476599948
1446476599984
1446476600018
1446476600068
1446476600102
1446476600137
1446476600170
1446476600207
1446476600240
1446476600277
1446476600312
1446476600350
1446476600397
1446476600438
1446476600761
1446476601261
1446476601761
1446476602286
1446476602785
1446476603285
1446476603786
1446476604105
1446476604140
1446476604173
1446476604221
1446476604261
1446476604296
1446476604330
1446476604368
1446476604402
1446476604436
1446476604471
1446476604504
1446476604539
1446476604577
1446476604610
1446476604644
1446476604681
1446476604714
1446476604748
1446476604801
1446476604846
1446476604885
1446476605384
1446476605884
1446476606384
1446476606909
1446476607433
1446476607933
1446476608433
1446476608566
1446476608600
1446476608637
1446476608673
1446476608713
1446476608750
1446476608786
1446476608820
1446476608858
1446476608893
1446476608927
1446476608998
1446476609030
1446476609062
1446476609104
1446476609151
1446476609193
1446476609424
1446476609924
1446476610424
1446476610924
1446476610981
1446476611014
1446476611049
1446476611085
1446476611118
1446476611158
1446476611193
1446476611229
1446476611264
1446476611298
1446476611332
1446476611371
1446476611405
1446476611438
1446476611478
1446476611512
