1446476848367
1446476848490
1446476848527
1446476848558
1446476848597
1446476848638
1446476848679
1446476848718
1446476848758
1446476848794
1446476848825
1446476848859
1446476848900
1446476848938
1446476848991
1446476849034
1446476849083
1446476849126
1446476849165
1446476849196
1446476849229
1446476849266
1446476849297
1446476849328
1446476849362
1446476849394
1446476849430
1446476849462
1446476849495
1446476849530
1446476849566
1446476849598
1446476849633
1446476849666
1446476849701
1446476849734
1446476849766
1446476849802
1446476849834
1446476849867
1446476849902
1446476849937
1446476849969
1446476850006
1446476850038
1446476850071
1446476850106
1446476850138
1446476850174
1446476850206
1446476850238
1446476850273
1446476850307
1446476850339
1446476850374
1446476850409
1446476850446
1446476850478
1446476850513
1446476850549
1446476850579
1446476850611
1446476850646
1446476850678
1446476850713
1446476850746
1446476850777
1446476850810
1446476850845
1446476850877
1446476850910
1446476850943
1446476850978
1446476851009
1446476851043
1446476851074
1446476851107
1446476851143
1446476851174
1446476851206
1446476851237
1446476851270
1446476851302
1446476851333
1446476851367
1446476851399
1446476851434
1446476851469
1446476851661
1446476851691
1446476851722
1446476851774
1446476851988
1446476852488
1446476852988
1446476853488
1446476853613
1446476853642
1446476853672
1446476853705
1446476853735
