1446476805811
1446476806061
1446476806091
1446476806122
1446476806155
1446476806192
1446476806237
1446476806278
1446476806318
1446476806350
1446476806379
1446476806412
1446476806444
1446476806479
1446476806517
1446476806546
1446476806579
1446476806611
1446476806642
1446476806673
1446476806706
1446476806738
1446476806773
1446476806806
1446476806839
1446476806874
1446476806908
1446476806942
1446476806975
1446476807011
1446476807044
1446476807077
1446476807111
1446476807145
1446476807177
1446476807213
1446476807249
1446476807279
1446476807318
1446476807349
1446476807381
1446476807415
1446476807446
1446476807478
1446476807511
1446476807542
1446476807578
1446476807610
1446476807646
1446476807677
1446476807711
1446476807742
1446476807776
1446476807807
1446476807842
1446476807874
1446476807913
1446476807946
1446476807979
1446476808015
1446476808047
1446476808081
1446476808117
1446476808149
1446476808186
1446476808218
1446476808253
1446476808285
1446476808321
1446476808354
1446476808386
1446476808422
1446476808453
1446476808486
1446476808521
1446476808553
1446476808586
1446476808622
1446476808657
1446476808690
1446476808725
1446476808758
1446476808792
1446476808826
1446476808859
1446476809069
1446476809101
1446476809130
1446476809162
1446476809195
1446476809231
1446476809263
1446476809295
1446476809326
1446476809365
1446476809397
1446476809427
1446476809466
1446476809498
1446476809531
1446476809566
