1446476728944
1446476729055
1446476729086
1446476729121
1446476729148
1446476729178
1446476729215
1446476729242
1446476729271
1446476729305
1446476729333
1446476729361
1446476729392
1446476729421
1446476729450
1446476729481
1446476729509
1446476729541
1446476729574
1446476729605
1446476729635
1446476729667
1446476729699
1446476729733
1446476729763
1446476729795
1446476729826
1446476729858
1446476729890
1446476730071
1446476730101
1446476730128
1446476730157
1446476730190
1446476730222
1446476730254
1446476730285
1446476730320
1446476730349
1446476730381
1446476730414
1446476730445
1446476730473
1446476730506
1446476730538
1446476730568
1446476730602
1446476730633
1446476730664
1446476730698
1446476730729
1446476730767
1446476730967
1446476731467
1446476731966
1446476732286
1446476732319
1446476732346
1446476732374
1446476732410
1446476732437
1446476732464
1446476732495
1446476732526
1446476732553
1446476732582
1446476732617
1446476732645
1446476732673
1446476732705
1446476732733
1446476732765
1446476732796
1446476732822
1446476732854
1446476732883
1446476732913
1446476732947
1446476732981
1446476733015
1446476733046
1446476733080
1446476733110
1446476733143
1446476733178
1446476733207
1446476733238
1446476733270
1446476733305
1446476733336
1446476733367
1446476733399
1446476733433
1446476733466
1446476733499
1446476733533
1446476733566
1446476733603
1446476733634
1446476733665
1446476733698
