1446476761413
1446476761559
1446476761590
1446476761622
1446476761658
1446476761690
1446476761721
1446476761757
1446476761786
1446476761822
1446476761854
1446476761889
1446476761922
1446476761955
1446476761997
1446476762031
1446476762063
1446476762096
1446476762127
1446476762158
1446476762186
1446476762220
1446476762251
1446476762283
1446476762316
1446476762347
1446476762380
1446476762411
1446476762441
1446476762473
1446476762506
1446476762538
1446476762573
1446476762604
1446476762641
1446476762786
1446476762818
1446476762848
1446476762878
1446476762913
1446476762942
1446476762978
1446476763006
1446476763036
1446476763071
1446476763102
1446476763131
1446476763163
1446476763195
1446476763224
1446476763256
1446476763290
1446476763321
1446476763350
1446476763385
1446476763418
1446476763453
1446476763486
1446476763518
1446476763550
1446476763581
1446476763613
1446476763646
1446476763681
1446476763715
1446476763746
1446476763778
1446476763811
1446476763841
1446476763878
1446476763909
1446476763942
1446476763975
1446476764007
1446476764041
1446476764073
1446476764108
1446476764142
1446476764174
1446476764207
1446476764239
1446476764273
1446476764306
1446476764338
1446476764373
1446476764405
1446476764439
1446476764474
1446476764508
1446476764542
1446476764573
1446476764607
1446476764638
1446476764673
1446476764703
1446476764737
1446476764767
1446476764801
1446476764830
1446476764865
1446476764896
