1446476781996
1446476782152
1446476782185
1446476782215
1446476782247
1446476782283
1446476782315
1446476782346
1446476782383
1446476782417
1446476782458
1446476782489
1446476782522
1446476782554
1446476782586
1446476782621
1446476782650
1446476782683
1446476782715
1446476782746
1446476782781
1446476782811
1446476782842
1446476782873
1446476782905
1446476782935
1446476782970
1446476783003
1446476783035
1446476783070
1446476783106
1446476783140
1446476783171
1446476783200
1446476783236
1446476783266
1446476783300
1446476783333
1446476783505
1446476783534
1446476783565
1446476783594
1446476783625
1446476783661
1446476783693
1446476783728
1446476783760
1446476783792
1446476783825
1446476783858
1446476783890
1446476783921
1446476783955
1446476783987
1446476784019
1446476784055
1446476784093
1446476784126
1446476784158
1446476784191
1446476784226
1446476784258
1446476784297
1446476784330
1446476784365
1446476784398
1446476784433
1446476784464
1446476784498
1446476784533
1446476784564
1446476784598
1446476784630
1446476784665
1446476784699
1446476784730
1446476784763
1446476784798
1446476784827
1446476784862
1446476784898
1446476784933
1446476784964
1446476784998
1446476785031
1446476785065
1446476785098
1446476785130
1446476785162
1446476785198
1446476785233
1446476785266
1446476785298
1446476785331
1446476785363
1446476785398
1446476785429
1446476785459
1446476785489
1446476785520
1446476785552
