1446477774822
1446477775117
1446477775152
1446477775196
1446477775231
1446477775266
1446477775305
1446477775342
1446477775377
1446477775413
1446477775449
1446477775489
1446477775525
1446477775560
1446477775607
1446477775649
1446477775685
1446477775722
1446477775760
1446477775798
1446477775848
1446477775897
1446477775936
1446477775971
1446477776011
1446477776046
1446477776097
1446477776148
1446477776197
1446477776236
1446477776273
1446477776308
1446477776353
1446477776393
1446477776429
1446477776466
1446477776503
1446477776543
1446477776584
1446477776639
1446477776677
1446477776714
1446477776854
1446477777208
1446477777246
1446477777282
1446477777322
1446477777358
1446477777394
1446477777429
1446477777465
1446477777502
1446477777572
1446477777621
1446477778129
1446477778637
1446477779145
1446477779405
1446477779454
1446477779536
1446477780044
1446477780552
1446477781060
1446477781594
1446477781674
1446477781714
1446477781750
1446477781786
1446477781822
1446477781861
1446477781897
1446477781934
1446477781974
1446477782013
1446477782050
1446477782256
1446477782293
1446477782345
1446477782394
1446477782453
1446477782502
1446477782585
1446477783093
1446477783601
1446477784109
1446477784634
1446477784765
1446477784805
1446477784842
1446477784909
1446477784946
1446477785084
1446477785592
1446477786100
1446477786608
1446477786825
1446477786862
1446477786917
1446477786969
1446477787019
1446477787193
1446477787241
1446477787293
1446477787341
1446477787448
1446477787490
1446477787542
1446477787593
1446477787646
1446477787688
1446477787725
1446477787776
1446477787826
1446477788141
1446477788649
1446477789157
1446477789690
1446477790198
1446477790731
1446477791183
1446477791225
1446477791262
1446477791297
1446477791334
1446477791370
1446477791405
1446477791443
1446477791491
1446477791541
1446477791594
1446477791637
1446477791674
1446477791711
1446477791746
1446477791785
1446477791841
1446477791890
1446477791941
1446477792281
1446477792332
1446477792381
1446477792432
1446477792747
1446477793255
1446477793674
1446477793723
1446477793790
1446477793840
1446477794346
1446477794854
1446477795363
1446477795627
1446477795670
1446477795708
1446477795746
1446477795782
1446477795821
1446477795873
1446477795938
1446477795998
1446477796047
1446477796098
1446477796141
1446477796178
1446477796222
1446477796275
1446477796314
1446477796350
1446477796386
1446477796422
1446477796457
1446477796494
1446477796531
1446477796567
1446477796613
1446477796652
1446477796690
1446477796726
1446477796773
1446477796814
1446477796850
1446477796886
1446477796925
1446477796962
1446477796998
1446477797046
1446477797225
1446477797262
1446477797297
1446477797333
1446477797380
1446477797429
1446477797480
1446477797523
1446477797562
1446477797599
1446477797638
1446477797678
1446477797725
1446477797769
1446477797807
1446477797863
1446477797914
1446477797963
1446477798378
1446477798886
1446477799147
1446477799181
1446477799217
1446477799252
1446477799294
1446477799345
1446477799397
1446477799446
1446477799497
1446477799636
1446477800517
1446477800557
1446477800735
1446477801243
1446477801751
1446477802258
1446477802302
1446477802353
1446477802402
1446477802445
1446477802484
1446477802522
1446477802561
1446477802609
1446477802751
1446477803259
1446477803767
1446477804275
1446477804446
1446477804494
1446477804544
1446477804586
1446477804643
1446477804694
1446477804743
1446477804917
1446477805425
1446477805933
1446477806441
1446477806974
1446477807337
1446477807374
1446477807437
1446477807474
1446477807699
1446477808207
1446477808690
1446477808725
1446477808762
1446477808801
1446477808837
1446477808874
1446477808925
1446477808982
1446477809017
1446477809065
1446477809117
1446477809166
1446477809217
1446477809257
1446477809317
1446477809366
1446477809417
1446477809640
1446477810148
1446477810656
1446477811164
1446477811278
1446477811324
1446477811375
1446477811889
1446477812265
1446477812306
1446477812345
1446477812382
1446477812422
1446477812465
1446477812503
1446477812557
1446477812606
1446477812660
1446477812702
1446477812738
1446477812789
1446477812840
1446477812879
1446477812918
1446477812956
1446477812993
1446477813034
1446477813074
1446477813114
1446477813150
1446477813187
1446477813226
1446477813267
1446477813306
1446477813529
1446477813882
1446477814104
1446477814612
1446477815098
1446477815138
1446477815175
1446477815214
1446477815437
1446477815945
1446477816453
1446477816961
1446477817279
1446477817346
1446477817396
1446477817449
1446477817487
1446477817529
1446477817566
1446477817603
1446477817647
1446477817686
1446477817724
1446477817764
1446477817801
1446477817852
1446477817891
1446477817929
1446477817966
1446477818006
1446477818046
1446477818084
1446477818121
1446477818170
1446477818286
1446477818794
1446477819302
1446477819810
1446477820343
1446477820530
1446477820568
1446477820609
1446477820649
1446477820689
1446477820732
1446477820773
1446477820815
1446477820857
1446477820897
1446477820934
1446477820977
1446477821029
1446477821077
1446477821301
1446477821809
1446477822378
1446477822426
1446477822478
1446477822527
1446477822750
1446477823258
1446477823717
1446477823759
1446477823798
1446477823838
1446477823878
1446477823918
1446477823969
1446477824026
1446477824066
1446477824106
1446477824143
1446477824182
1446477824234
1446477824285
1446477824334
1446477824650
1446477825158
1446477825666
1446477826192
1446477826242
1446477826293
1446477826607
1446477827215
1446477827252
1446477827289
1446477827325
1446477827362
1446477827401
1446477827439
1446477827493
1446477827534
1446477827575
1446477827613
1446477827658
1446477827709
1446477827758
1446477827926
1446477827974
1446477828025
1446477828074
1446477828565
1446477829073
1446477829581
1446477829973
1446477830013
1446477830050
1446477830099
1446477830214
1446477830722
1446477831230
1446477831738
1446477832145
1446477832182
1446477832222
1446477832262
1446477832298
1446477832357
1446477832406
1446477832457
1446477832779
1446477833287
1446477833795
1446477834306
1446477834354
1446477834395
1446477834434
1446477834489
1446477834531
1446477834597
1446477834646
1446477834697
1446477834747
1446477834791
1446477834829
1446477834866
1446477834903
1446477834942
1446477834982
1446477835024
1446477835063
1446477835107
1446477835146
1446477835187
1446477835229
1446477835267
1446477835308
1446477835346
1446477835486
1446477835995
1446477836503
1446477837011
1446477837346
1446477837395
1446477837446
1446477837495
1446477837952
1446477838460
1446477838968
1446477839353
1446477839402
1446477839453
1446477839502
1446477839544
1446477839581
1446477839622
1446477839657
1446477839693
1446477839729
1446477839764
1446477839801
1446477839838
1446477839874
1446477839914
1446477839956
1446477839990
1446477840025
1446477840062
1446477840098
1446477840137
1446477840174
1446477840212
1446477840261
1446477840676
1446477841184
1446477841692
1446477842256
1446477842294
1446477842331
1446477842386
1446477842592
1446477843100
1446477843608
1446477844116
1446477844286
1446477844334
1446477844369
1446477844405
1446477844442
1446477844478
1446477844517
1446477844554
1446477844774
1446477845199
1446477845557
1446477845609
1446477845647
1446477845687
1446477845725
1446477845761
1446477845799
1446477845835
1446477845873
1446477845910
1446477845958
1446477846009
1446477846215
1446477847098
1446477847275
1446477847313
1446477847349
1446477847386
1446477847427
1446477847466
1446477847506
1446477847546
1446477847585
1446477847622
1446477847661
1446477847702
1446477847738
1446477847778
1446477847833
1446477847882
1446477848106
1446477848614
1446477849081
1446477849132
1446477849181
1446477849232
1446477849273
1446477849308
1446477849346
1446477849398
1446477849457
1446477849506
1446477849557
1446477849610
1446477849651
1446477849686
1446477849725
1446477849761
1446477849806
1446477849857
1446477849896
1446477849933
1446477849968
1446477850005
1446477850041
1446477850078
1446477850113
1446477850149
1446477850185
1446477850221
1446477850447
1446477850955
1446477851463
1446477851971
1446477852197
1446477852230
1446477852265
1446477852313
1446477852366
1446477852406
1446477852445
1446477852482
1446477852517
1446477852554
1446477852588
1446477852624
1446477852662
1446477852702
1446477852738
1446477852778
1446477852818
1446477852860
1446477852900
1446477852946
1446477852997
1446477853047
1446477853445
1446477853953
1446477854461
1446477854907
1446477854997
1446477855042
1446477855077
1446477855130
1446477855170
1446477855206
1446477855242
1446477855288
1446477855337
1446477855389
1446477855429
1446477855465
1446477855513
1446477855561
1446477855786
1446477856294
1446477856802
1446477857320
1446477857358
1446477857393
1446477857430
1446477857473
1446477857509
1446477857546
1446477857586
1446477857626
1446477857663
1446477857701
1446477857738
1446477857774
1446477857810
1446477857862
1446477858118
1446477858626
1446477859134
1446477859642
1446477860192
1446477860419
1446477860469
1446477860518
1446477860634
1446477861142
1446477861650
1446477862309
1446477862344
1446477862380
1446477862413
1446477862558
1446477863066
1446477863574
1446477864112
1446477864146
1446477864181
1446477864233
1446477864309
1446477864357
1446477864409
1446477864457
1446477864501
1446477864542
1446477864578
1446477864614
1446477864657
1446477864709
1446477864760
1446477864802
1446477864838
1446477864874
1446477864910
1446477864946
1446477864992
1446477865041
1446477865084
1446477865121
1446477865156
1446477865196
1446477865241
1446477865292
1446477865332
1446477865374
1446477865412
1446477865450
1446477865489
1446477865542
1446477865591
1446477866006
1446477866514
1446477867022
1446477867318
1446477867354
1446477867394
1446477867430
1446477867466
1446477867505
1446477867546
1446477867583
1446477867633
1446477867947
1446477868455
1446477868963
1446477869459
1446477869501
1446477869538
1446477869574
1446477869611
1446477869646
1446477869690
1446477869729
1446477869766
1446477869801
1446477869837
1446477869877
1446477869914
1446477869954
1446477870031
1446477870071
1446477870109
1446477870150
1446477870189
1446477870226
1446477870268
1446477870323
1446477870362
1446477870405
1446477870443
1446477870491
1446477870535
1446477870574
1446477870746
1446477871072
1446477871109
1446477871149
1446477871206
1446477871256
1446477871306
1446477871704
1446477872372
1446477872422
1446477872472
1446477872522
1446477872936
1446477873445
1446477873953
1446477874478
1446477874626
1446477874664
1446477874703
1446477874743
1446477874782
1446477874830
1446477874887
1446477874946
1446477874997
1446477875054
1446477875277
1446477875785
1446477876293
1446477876801
1446477877087
1446477877126
1446477877270
1446477877306
1446477877346
1446477877385
1446477877427
1446477877466
1446477877504
1446477877545
1446477877590
1446477877626
1446477877664
1446477877702
1446477877753
1446477878167
1446477878676
1446477879184
1446477879510
1446477879551
1446477879602
1446477879642
1446477879683
1446477879722
1446477879762
1446477879803
1446477879842
1446477879880
1446477879925
1446477879963
1446477880002
1446477880042
1446477880079
1446477880122
1446477880159
1446477880198
1446477880239
1446477880278
1446477880317
1446477880359
1446477880402
1446477880446
1446477880486
1446477880535
1446477881041
1446477881549
1446477882058
1446477882445
1446477882481
1446477882518
1446477882567
1446477883057
1446477883565
1446477884071
1446477884117
1446477884166
1446477884217
1446477884523
1446477885031
1446477885539
1446477886047
1446477886165
1446477886216
1446477886265
1446477886306
1446477886342
1446477886377
1446477886424
1446477886473
1446477886527
1446477886569
1446477886617
1446477886666
1446477886706
1446477886742
1446477886789
1446477886841
1446477886890
1446477887330
1446477887368
1446477887414
1446477887465
1446477887638
1446477888146
1446477888655
1446477889163
1446477889365
1446477889414
1446477889465
1446477889687
1446477890196
1446477890704
1446477891212
1446477891354
1446477891391
1446477891438
1446477891497
1446477891554
1446477891606
1446477891654
1446477891696
1446477891734
1446477891773
1446477891810
1446477891845
1446477891882
1446477891918
1446477891963
1446477892170
1446477892307
1446477892343
1446477892382
1446477892422
1446477892458
1446477892494
1446477892534
1446477892589
1446477892638
1446477892688
1446477892911
1446477893419
1446477893927
1446477894435
1446477895252
1446477895760
1446477896208
1446477896517
1446477896570
1446477896610
1446477896662
1446477896984
1446477897326
1446477897363
1446477897402
1446477897442
1446477897482
1446477897518
1446477897569
1446477897618
1446477897669
1446477898017
1446477898525
1446477899033
1446477899482
1446477899528
1446477899566
1446477899603
1446477899641
1446477899821
1446477899858
1446477899898
1446477899935
1446477899974
1446477900014
1446477900068
1446477900106
1446477900176
1446477900466
1446477900974
1446477901482
1446477902012
1446477902066
1446477902102
1446477902150
1446477902309
1446477902347
1446477902401
1446477902450
1446477902501
1446477902549
1446477902592
1446477902629
1446477902665
1446477902701
1446477902742
1446477902783
1446477902817
1446477902853
1446477902890
1446477902932
1446477902968
1446477903008
1446477903046
1446477903092
1446477903141
1446477903178
1446477903225
1446477903266
1446477903304
1446477903341
1446477903378
1446477903413
1446477903450
1446477903485
1446477903524
1446477903562
1446477903601
1446477903638
1446477903678
1446477903713
1446477903750
1446477903786
1446477903825
1446477903862
1446477903917
1446477903955
1446477903994
1446477904030
1446477904082
1446477904126
1446477904162
1446477904202
1446477904238
1446477904278
1446477904318
1446477904358
1446477904398
1446477904443
1446477904482
1446477904518
1446477904556
1446477904594
1446477904633
1446477904670
1446477904708
1446477904745
1446477904781
1446477904819
1446477904874
1446477904913
1446477905106
1446477905143
1446477905183
1446477905223
1446477905257
1446477905294
1446477905329
1446477905383
1446477905426
1446477905463
1446477905497
1446477905539
1446477905578
1446477905638
1446477905690
1446477905741
