1446476754549
1446476754696
1446476754730
1446476754762
1446476754792
1446476754826
1446476754856
1446476754894
1446476754926
1446476754958
1446476754992
1446476755026
1446476755058
1446476755092
1446476755124
1446476755154
1446476755188
1446476755219
1446476755257
1446476755297
1446476755327
1446476755361
1446476755390
1446476755423
1446476755453
1446476755482
1446476755518
1446476755547
1446476755580
1446476755615
1446476755645
1446476755677
1446476755710
1446476755739
1446476755769
1446476755801
1446476755831
1446476755863
1446476755898
1446476755930
1446476755963
1446476755999
1446476756030
1446476756066
1446476756098
1446476756129
1446476756164
1446476756195
1446476756228
1446476756260
1446476756297
1446476756328
1446476756361
1446476756396
1446476756428
1446476756463
1446476756501
1446476756530
1446476756566
1446476756601
1446476756634
1446476756666
1446476756701
1446476756732
1446476756766
1446476756798
1446476756831
1446476756864
1446476756898
1446476756931
1446476756962
1446476756997
1446476757029
1446476757061
1446476757095
1446476757126
1446476757159
1446476757193
1446476757226
1446476757258
1446476757292
1446476757323
1446476757357
1446476757389
1446476757422
1446476757454
1446476757487
1446476757521
1446476757554
1446476757587
1446476757622
1446476757838
1446476757868
1446476757898
1446476757927
1446476758046
1446476758546
1446476759094
1446476759124
1446476759154
1446476759184
