1446476592585
1446476592754
1446476592788
1446476592824
1446476592856
1446476592892
1446476592924
1446476592956
1446476592987
1446476593024
1446476593057
1446476593089
1446476593121
1446476593156
1446476593189
1446476593224
1446476593257
1446476593291
1446476593323
1446476593356
1446476593393
1446476593425
1446476593459
1446476593493
1446476593526
1446476593559
1446476593593
1446476593625
1446476593657
1446476593691
1446476593725
1446476593759
1446476593795
1446476593829
1446476593864
1446476593897
1446476594016
1446476594047
1446476594079
1446476594111
1446476594145
1446476594179
1446476594217
1446476594249
1446476594284
1446476594316
1446476594348
1446476594381
1446476594415
1446476594448
1446476594486
1446476594518
1446476594551
1446476594584
1446476594619
1446476594655
1446476594693
1446476594741
1446476594772
1446476594810
1446476594845
1446476594879
1446476594913
1446476594947
1446476594979
1446476595013
1446476595045
1446476595082
1446476595115
1446476595149
1446476595183
1446476595217
1446476595257
1446476595289
1446476595326
1446476595358
1446476595391
1446476595425
1446476595821
1446476596084
1446476596119
1446476596153
1446476596187
1446476596223
1446476596255
1446476596287
1446476596326
1446476596361
1446476596395
1446476596429
1446476596464
1446476596497
1446476596530
1446476596564
1446476596597
1446476596631
1446476596665
1446476596698
1446476596731
1446476596763
1446476596803
