1446476578914
1446476579064
1446476579097
1446476579126
1446476579155
1446476579190
1446476579219
1446476579251
1446476579287
1446476579318
1446476579347
1446476579383
1446476579414
1446476579443
1446476579478
1446476579508
1446476579543
1446476579574
1446476579605
1446476579638
1446476579670
1446476579703
1446476579734
1446476579767
1446476579798
1446476579831
1446476579863
1446476579898
1446476579929
1446476579960
1446476579994
1446476580027
1446476580058
1446476580094
1446476580125
1446476580162
1446476580194
1446476580223
1446476580258
1446476580288
1446476580319
1446476580354
1446476580385
1446476580419
1446476580450
1446476580484
1446476580517
1446476580548
1446476580581
1446476580615
1446476580647
1446476580678
1446476580712
1446476580747
1446476580777
1446476580811
1446476580848
1446476580879
1446476580911
1446476580946
1446476580978
1446476581011
1446476581043
1446476581078
1446476581114
1446476581145
1446476581179
1446476581210
1446476581243
1446476581275
1446476581306
1446476581344
1446476581375
1446476581408
1446476581444
1446476581475
1446476581508
1446476581543
1446476581574
1446476581607
1446476581640
1446476581671
1446476581704
1446476581738
1446476581771
1446476581803
1446476581836
1446476581871
1446476581902
1446476581939
1446476581970
1446476582003
1446476582035
1446476582069
1446476582100
1446476582134
1446476582172
1446476582204
1446476582239
1446476582274
1446476582303
