1446476661661
1446476662090
1446476662599
1446476663107
1446476663615
1446476663711
1446476663760
1446476663810
1446476664315
1446476664822
1446476664986
1446476665025
1446476665067
1446476665106
1446476665152
1446476665196
1446476665250
1446476665300
1446476665631
1446476666139
1446476666647
1446476667134
1446476667181
1446476667232
1446476667314
1446476667822
1446476668330
1446476668838
1446476669371
1446476669998
1446476670036
1446476670073
1446476670112
1446476670165
1446476670671
1446476671179
1446476671686
1446476671905
1446476671945
1446476671988
1446476672028
1446476672068
1446476672115
1446476672156
1446476672197
1446476672237
1446476672277
1446476672321
1446476672364
1446476672407
1446476672447
1446476672489
1446476672531
1446476672573
1446476672620
1446476672664
1446476672709
1446476672754
1446476672793
1446476672848
1446476672892
1446476672933
1446476672988
1446476673040
1446476673544
1446476674083
1446476674137
1446476674187
1446476674237
1446476674477
1446476675003
1446476675044
1446476675084
1446476675136
1446476675189
1446476675258
1446476675299
1446476675635
1446476676143
1446476676651
1446476677176
1446476677684
1446476678193
1446476678700
1446476679233
1446476679742
1446476680086
1446476680128
1446476680177
1446476680228
1446476680279
1446476680322
1446476680364
1446476680421
1446476680470
1446476680891
1446476681399
1446476681908
1446476682202
1446476682247
1446476682303
