1446476860336
1446476860487
1446476860518
1446476860546
1446476860576
1446476860606
1446476860636
1446476860670
1446476860698
1446476860731
1446476860762
1446476860793
1446476860826
1446476860855
1446476860883
1446476860915
1446476860943
1446476860971
1446476861006
1446476861034
1446476861067
1446476861097
1446476861128
1446476861158
1446476861190
1446476861220
1446476861252
1446476861286
1446476861319
1446476861350
1446476861384
1446476861418
1446476861449
1446476861486
1446476861517
1446476861550
1446476861587
1446476861618
1446476861651
1446476861683
1446476861714
1446476861749
1446476861782
1446476861817
1446476861846
1446476861880
1446476861910
1446476861944
1446476861975
1446476862007
1446476862041
1446476862073
1446476862106
1446476862138
1446476862169
1446476862202
1446476862239
1446476862274
1446476862305
1446476862339
1446476862370
1446476862406
1446476862437
1446476862469
1446476862502
1446476862533
1446476862569
1446476862603
1446476862638
1446476862674
1446476862706
1446476862741
1446476862775
1446476862809
1446476862842
1446476862878
1446476862910
1446476862946
1446476862982
1446476863014
1446476863049
1446476863082
1446476863114
1446476863147
1446476863182
1446476863214
1446476863247
1446476863282
1446476863315
1446476863349
1446476863539
1446476863569
1446476863602
1446476863633
1446476863662
1446476863693
1446476863728
1446476863759
1446476863797
1446476863828
1446476863858
1446476863894
1446476863926
1446476863956
1446476863992
1446476864023
1446476864055
1446476864088
1446476864125
1446476864156
1446476864191
1446476864222
1446476864254
1446476864286
1446476864318
1446476864352
1446476864382
1446476864417
1446476864447
1446476864481
1446476864513
1446476864547
1446476864581
1446476864612
1446476864649
1446476864681
1446476864718
1446476864749
1446476864781
1446476864817
1446476864851
1446476864885
1446476864921
1446476864958
1446476864989
1446476865026
1446476865058
1446476865091
1446476865126
1446476865158
1446476865194
1446476865227
1446476865262
1446476865297
1446476865334
1446476865367
1446476865407
1446476865443
1446476865475
1446476865508
1446476865545
1446476865579
1446476865614
1446476865647
1446476865679
1446476865714
1446476865750
1446476865789
1446476865823
1446476865857
1446476865893
1446476865929
1446476865963
1446476865996
1446476866034
1446476866066
1446476866102
1446476866136
1446476866167
1446476866199
1446476866237
1446476866268
1446476866299
1446476866336
1446476866369
1446476866401
1446476866435
1446476866470
1446476866502
1446476866537
1446476866572
1446476866607
1446476866640
1446476866675
1446476866706
1446476866739
1446476866809
1446476866851
1446476866889
1446476866922
1446476866960
1446476866998
1446476867033
1446476867064
1446476867099
1446476867133
1446476867167
1446476867199
1446476867233
1446476867267
1446476867300
1446476867342
1446476867375
1446476867412
1446476867443
1446476867477
1446476867515
1446476867546
1446476867577
1446476867610
1446476867642
1446476867673
1446476867708
1446476867740
1446476867773
1446476867806
1446476867837
1446476867873
1446476867902
1446476868174
1446476868207
1446476868238
1446476868270
1446476868301
1446476868338
1446476868370
1446476868541
1446476868590
1446476868633
1446476868674
1446476868721
1446476868757
1446476868789
1446476868825
1446476868858
1446476868889
1446476868924
1446476868957
1446476869016
1446476869231
1446476869731
1446476870230
1446476870730
1446476871263
1446476871763
1446476872156
1446476872189
1446476872220
1446476872257
1446476872287
1446476872323
1446476872354
1446476872390
1446476872421
1446476872455
1446476872491
1446476872524
1446476872558
1446476872591
1446476872626
1446476872661
1446476872694
1446476872727
1446476872762
1446476872799
1446476872833
1446476872863
1446476872901
1446476872933
1446476872966
1446476872999
1446476873030
1446476873065
1446476873097
1446476873130
1446476873161
1446476873206
1446476873243
1446476873278
1446476873311
1446476873343
1446476873489
1446476873529
1446476873561
1446476873592
1446476873627
1446476873666
1446476873697
1446476873729
1446476873765
1446476873797
1446476873829
1446476873862
1446476873894
1446476873926
1446476873961
1446476873997
1446476874029
1446476874062
1446476874098
1446476874131
1446476874163
1446476874195
1446476874233
1446476874266
1446476874299
1446476874337
1446476874369
1446476874403
1446476874441
1446476874474
1446476874509
1446476874546
1446476874578
1446476874614
1446476874645
1446476874675
1446476874708
1446476874741
1446476874769
1446476874801
1446476874831
1446476874862
1446476874893
1446476874922
1446476874953
1446476874984
1446476875018
1446476875058
1446476875089
1446476875118
1446476875148
1446476875178
1446476875209
1446476875242
1446476875272
1446476875303
1446476875331
1446476875362
1446476875397
1446476875427
1446476875462
1446476875493
1446476875523
1446476875555
1446476875589
1446476875619
1446476875647
1446476875678
1446476875707
1446476875740
1446476875775
1446476875806
1446476875840
1446476875875
1446476875906
1446476875939
1446476875971
1446476876003
1446476876036
1446476876071
1446476876103
1446476876139
1446476876180
1446476876218
1446476876253
1446476876286
1446476876319
1446476876352
1446476876385
1446476876417
1446476876449
1446476876485
1446476876517
1446476876548
1446476876585
1446476876622
1446476876652
1446476876690
1446476876721
1446476876751
1446476876782
1446476876814
1446476876844
1446476876877
1446476876911
1446476876945
1446476876981
1446476877014
1446476877048
1446476877090
1446476877127
1446476877160
1446476877195
1446476877229
1446476877262
1446476877297
1446476877328
1446476877366
1446476877397
1446476877449
1446476877482
1446476877515
1446476877547
1446476877586
1446476877619
1446476877650
1446476877682
1446476877717
1446476877750
1446476877783
1446476877818
1446476877858
1446476877901
1446476877933
1446476877966
1446476877999
1446476878038
1446476878075
1446476878107
1446476878144
1446476878179
1446476878213
1446476878249
1446476878289
1446476878326
1446476878367
1446476878670
1446476878710
1446476878753
1446476878794
1446476878841
1446476878871
1446476878901
1446476878933
1446476878967
1446476878998
1446476879029
1446476879062
1446476879093
1446476879127
1446476879158
1446476879192
1446476879223
1446476879256
1446476879287
1446476879319
1446476879355
1446476879389
1446476879422
1446476879456
1446476879487
1446476879522
1446476879557
1446476879589
1446476879623
1446476879658
1446476879693
1446476879726
1446476879760
1446476879795
1446476879829
1446476879867
1446476879900
1446476879935
1446476879968
1446476880001
1446476880036
1446476880074
1446476880106
1446476880138
1446476880177
1446476880208
1446476880244
1446476880287
1446476880321
1446476880358
1446476880390
1446476880425
1446476880457
1446476880489
1446476880525
1446476880556
1446476880594
1446476880625
1446476880661
1446476880693
1446476880726
1446476880763
1446476880796
1446476880829
1446476880864
1446476880897
1446476880934
1446476880972
1446476881004
1446476881042
1446476881073
1446476881113
1446476881147
1446476881182
1446476881215
1446476881249
1446476881282
1446476881315
1446476881349
1446476881382
1446476881418
1446476881454
1446476881486
1446476881522
1446476881555
1446476881588
1446476881623
1446476881654
1446476881689
1446476881721
1446476881755
1446476881790
1446476881823
1446476881858
1446476881893
1446476882072
1446476882105
1446476882136
1446476882168
1446476882200
1446476882234
1446476882266
1446476882302
1446476882336
1446476882368
1446476882404
1446476882441
1446476882474
1446476882506
1446476882542
1446476882574
1446476882608
1446476882641
1446476882673
1446476882709
1446476882740
1446476882776
1446476882807
1446476882842
1446476882875
1446476882909
1446476882941
1446476882978
1446476883011
1446476883045
1446476883082
1446476883117
1446476883150
1446476883186
1446476883218
1446476883253
1446476883285
1446476883318
1446476883350
1446476883524
1446476883556
1446476883587
1446476883619
1446476883655
1446476883693
1446476883726
1446476883758
1446476883797
1446476883830
1446476883862
1446476883898
1446476883930
1446476883962
1446476883998
1446476884030
1446476884062
1446476884098
1446476884130
1446476884165
1446476884197
1446476884230
1446476884262
1446476884295
1446476884329
1446476884364
1446476884396
1446476884431
1446476884466
1446476884498
1446476884533
1446476884566
1446476884599
1446476884634
1446476884668
1446476884702
1446476884736
1446476884769
1446476884802
1446476884839
1446476884871
1446476884909
1446476884941
1446476884975
1446476885008
1446476885041
1446476885077
1446476885109
1446476885144
1446476885178
1446476885207
1446476885245
1446476885278
1446476885311
1446476885347
1446476885381
1446476885414
1446476885449
1446476885483
1446476885517
1446476885551
1446476885586
1446476885620
1446476885654
1446476885687
1446476885721
1446476885757
1446476885790
1446476885826
1446476885862
1446476885895
1446476885933
1446476885973
1446476886004
1446476886035
1446476886073
1446476886105
1446476886138
1446476886169
1446476886202
1446476886233
1446476886266
1446476886297
1446476886331
1446476886364
1446476886398
1446476886430
1446476886462
1446476886495
1446476886526
1446476886560
1446476886593
1446476886627
1446476886661
1446476886695
1446476886730
1446476886765
1446476886799
1446476886834
1446476886871
1446476886905
1446476886935
1446476886971
1446476887003
1446476887039
1446476887071
1446476887103
1446476887137
1446476887170
1446476887205
1446476887237
1446476887273
1446476887307
1446476887342
1446476887377
1446476887410
1446476887445
1446476887479
1446476887513
1446476887546
1446476887585
1446476887621
1446476887653
1446476887688
1446476887720
1446476887754
1446476887786
1446476887821
1446476887854
1446476887886
1446476887921
1446476887953
1446476887990
1446476888022
1446476888054
1446476888089
1446476888122
1446476888155
1446476888189
1446476888221
1446476888254
1446476888288
1446476888321
1446476888355
1446476888565
1446476888607
1446476888649
1446476888683
1446476888721
1446476888753
1446476888800
1446476888834
1446476888870
1446476888904
1446476889087
1446476889141
1446476889172
1446476889202
1446476889236
1446476889267
1446476889300
1446476889336
1446476889367
1446476889398
1446476889434
1446476889467
1446476889499
1446476889538
1446476889570
1446476889602
1446476889635
1446476889672
1446476889705
1446476889738
1446476889771
1446476889805
1446476889840
1446476889875
1446476889911
1446476889943
1446476889978
1446476890013
1446476890047
1446476890081
1446476890116
1446476890149
1446476890187
1446476890222
1446476890253
1446476890287
1446476890324
1446476890357
1446476890394
1446476890428
1446476890461
1446476890496
1446476890527
1446476890559
1446476890593
1446476890628
1446476890661
1446476890694
1446476890728
1446476890763
1446476890799
1446476890831
1446476890867
1446476890903
1446476890935
1446476890989
1446476891025
1446476891059
1446476891093
1446476891127
1446476891163
1446476891197
1446476891230
1446476891266
1446476891299
1446476891336
1446476891372
1446476891405
1446476891441
1446476891475
1446476891507
1446476891542
1446476891577
1446476891611
1446476891645
1446476891680
1446476891713
1446476891749
1446476891782
1446476891815
1446476891851
1446476891885
1446476891917
1446476891954
1446476891990
1446476892022
1446476892057
1446476892094
1446476892128
1446476892162
1446476892194
1446476892229
1446476892263
1446476892297
1446476892328
1446476892362
1446476892397
1446476892430
1446476892466
1446476892502
1446476892539
1446476892573
1446476892609
1446476892642
1446476892675
1446476892707
1446476892741
1446476892775
1446476892810
1446476892845
1446476892881
1446476892914
1446476892951
1446476892990
1446476893025
1446476893055
1446476893090
1446476893130
1446476893162
1446476893193
1446476893226
1446476893256
1446476893286
1446476893318
1446476893351
1446476893613
1446476893642
1446476893674
1446476893706
1446476893739
1446476893775
1446476893808
1446476893840
1446476893877
1446476893907
1446476893938
1446476893972
1446476894006
1446476894038
1446476894072
1446476894106
1446476894139
1446476894174
1446476894207
1446476894242
1446476894273
1446476894307
1446476894339
1446476894373
1446476894407
1446476894439
1446476894474
1446476894507
1446476894543
1446476894577
1446476894610
1446476894642
1446476894675
1446476894709
1446476894746
1446476894778
1446476894814
1446476894846
1446476894882
1446476894918
1446476895069
1446476895100
1446476895133
1446476895163
1446476895203
1446476895235
1446476895266
1446476895301
1446476895342
1446476895387
1446476895421
1446476895455
1446476895492
1446476895523
1446476895573
1446476895608
1446476895639
1446476895674
1446476895709
1446476895740
1446476895776
1446476895810
1446476895845
1446476895880
1446476895914
1446476895949
1446476895985
1446476896018
1446476896052
1446476896097
1446476896128
1446476896173
1446476896207
1446476896241
1446476896278
1446476896310
1446476896347
1446476896379
1446476896412
1446476896447
1446476896493
1446476896525
1446476896556
1446476896591
1446476896625
1446476896657
1446476896692
1446476896727
1446476896758
1446476896794
1446476896827
1446476896860
1446476896895
1446476896929
1446476896965
1446476896997
1446476897033
1446476897066
1446476897102
1446476897135
1446476897169
1446476897202
1446476897237
1446476897272
1446476897305
1446476897341
1446476897374
1446476897407
1446476897442
1446476897477
1446476897511
1446476897546
1446476897579
1446476897614
1446476897653
1446476897685
1446476897722
1446476897757
1446476897788
1446476897824
1446476897859
1446476897889
1446476897922
1446476897957
1446476897989
1446476898024
1446476898058
1446476898091
1446476898123
1446476898159
1446476898191
1446476898227
1446476898261
1446476898295
1446476898329
1446476898363
1446476898570
1446476898610
1446476898653
1446476898694
1446476899101
1446476899600
1446476900100
1446476900449
1446476900481
1446476900515
1446476900544
1446476900575
1446476900608
1446476900637
1446476900666
1446476900699
1446476900730
1446476900759
1446476900793
1446476900830
1446476900877
1446476900922
1446476900955
1446476900991
1446476901024
