1446476717106
1446476717606
1446476718106
1446476718605
1446476719013
1446476719050
1446476719079
1446476719111
1446476719146
1446476719177
1446476719210
1446476719243
1446476719275
1446476719310
1446476719341
1446476719375
1446476719406
1446476719442
1446476719473
1446476719504
1446476719535
1446476719571
1446476719602
1446476719635
1446476719669
1446476719698
1446476719731
1446476719763
1446476719795
1446476719828
1446476719862
1446476719893
1446476719928
1446476719958
1446476719991
1446476720022
1446476720054
1446476720085
1446476720118
1446476720153
1446476720186
1446476720219
1446476720253
1446476720283
1446476720438
1446476720467
1446476720495
1446476720538
1446476720715
1446476720746
1446476720777
1446476720811
1446476720842
1446476720874
1446476720909
1446476720940
1446476720975
1446476721007
1446476721039
1446476721070
1446476721101
1446476721133
1446476721162
1446476721195
1446476721226
1446476721257
1446476721288
1446476721318
1446476721349
1446476721381
1446476721411
1446476721443
1446476721475
1446476721507
1446476721543
1446476721575
1446476721608
1446476721643
1446476721673
1446476721706
1446476721738
1446476721769
1446476721803
1446476721834
1446476721867
1446476721898
1446476721931
1446476721962
1446476721993
1446476722027
1446476722059
1446476722092
1446476722126
1446476722155
1446476722187
1446476722220
1446476722250
1446476722283
1446476722316
1446476722347
1446476722387
