1446476775176
1446476775341
1446476775376
1446476775409
1446476775443
1446476775477
1446476775508
1446476775542
1446476775575
1446476775607
1446476775647
1446476775678
1446476775709
1446476775742
1446476775773
1446476775803
1446476775838
1446476775867
1446476775901
1446476775930
1446476775962
1446476775992
1446476776025
1446476776055
1446476776087
1446476776119
1446476776147
1446476776181
1446476776212
1446476776246
1446476776282
1446476776313
1446476776350
1446476776381
1446476776414
1446476776450
1446476776482
1446476776514
1446476776546
1446476776582
1446476776617
1446476776649
1446476776682
1446476776716
1446476776747
1446476776782
1446476776815
1446476776848
1446476776882
1446476776915
1446476776950
1446476776986
1446476777019
1446476777054
1446476777090
1446476777124
1446476777159
1446476777197
1446476777227
1446476777261
1446476777294
1446476777325
1446476777357
1446476777387
1446476777421
1446476777454
1446476777489
1446476777522
1446476777554
1446476777589
1446476777622
1446476777659
1446476777693
1446476777729
1446476777759
1446476777794
1446476777825
1446476777858
1446476777891
1446476777926
1446476777957
1446476777990
1446476778023
1446476778057
1446476778090
1446476778124
1446476778157
1446476778189
1446476778222
1446476778254
1446476778289
1446476778321
1446476778355
1446476778558
1446476778587
1446476778618
1446476778648
1446476778687
1446476778719
1446476778750
1446476778784
