1446477178718
1446477179160
1446477179660
1446477180160
1446477180693
1446477180736
1446477180778
1446477180976
1446477181476
1446477181976
1446477182475
1446477182955
1446477182989
1446477183022
1446477183058
1446477183100
1446477183138
1446477183173
1446477183212
1446477183245
1446477183286
1446477183335
1446477183377
1446477183508
1446477184008
1446477184508
1446477185008
1446477185166
1446477185198
1446477185236
1446477185285
1446477185325
1446477185369
1446477185413
1446477185448
1446477185483
1446477185517
1446477185550
1446477185586
1446477185626
1446477185661
1446477185694
1446477185726
1446477185758
1446477185789
1446477185826
1446477185858
1446477185892
1446477185925
1446477185959
1446477185990
1446477186024
1446477186057
1446477186090
1446477186126
1446477186161
1446477186194
1446477186232
1446477186270
1446477186306
1446477186348
1446477186382
1446477186421
1446477186457
1446477186493
1446477186531
1446477186585
1446477186634
1446477186673
1446477186708
1446477186742
1446477186783
1446477186818
1446477186852
1446477186886
1446477186927
1446477186959
1446477186995
1446477187030
1446477187066
1446477187098
1446477187132
1446477187166
1446477187206
1446477187241
1446477187274
1446477187309
1446477187345
1446477187392
1446477187441
1446477187665
1446477187970
1446477188002
1446477188036
1446477188066
1446477188097
1446477188129
1446477188162
1446477188198
1446477188234
1446477188268
1446477188317
1446477188374
1446477188408
1446477188442
1446477188480
1446477188514
1446477188548
1446477188583
1446477188618
1446477188652
1446477188689
1446477188722
1446477188756
1446477188790
1446477188826
1446477188873
1446477188915
1446477188950
1446477188999
1446477189050
1446477189122
1446477189622
1446477190122
1446477190622
1446477191138
1446477191214
1446477191250
1446477191286
1446477191322
1446477191358
1446477191395
1446477191430
1446477191465
1446477191498
1446477191549
1446477191680
1446477192179
1446477192679
1446477192990
1446477193029
1446477193073
1446477193113
1446477193520
1446477194020
1446477194520
1446477194922
1446477195137
1446477195180
1446477195222
1446477195259
1446477195297
1446477195328
1446477195362
1446477195393
1446477195430
1446477195465
1446477195505
1446477195537
1446477195569
1446477195601
1446477195646
1446477195688
1446477195724
1446477195758
1446477195794
1446477195826
1446477195871
1446477195906
1446477195943
1446477195978
1446477196012
1446477196046
1446477196082
1446477196121
1446477196155
1446477196194
1446477196229
1446477196262
1446477196298
1446477196335
1446477196369
1446477196403
1446477196442
1446477196484
1446477196526
1446477196605
1446477197086
1446477197585
1446477197997
1446477198045
1446477198086
1446477198129
1446477198166
1446477198198
1446477198230
1446477198261
1446477198305
1446477198356
1446477198412
1446477198462
1446477198501
1446477198538
1446477198573
1446477198620
1446477198674
1446477198712
1446477198749
1446477198794
1446477198837
1446477199334
1446477199834
1446477200334
1446477200859
1446477201359
1446477201858
1446477202367
1446477202975
1446477203007
1446477203041
1446477203075
1446477203110
1446477203145
1446477203500
1446477203542
1446477203949
1446477204449
1446477204949
1446477205347
1446477205573
1446477206073
1446477206573
1446477206950
1446477206991
1446477207041
1446477207256
1446477207756
1446477207973
1446477208009
1446477208042
1446477208076
1446477208106
1446477208138
1446477208174
1446477208206
1446477208238
1446477208273
1446477208305
1446477208349
1446477208390
1446477208429
1446477208461
1446477208496
1446477208526
1446477208559
1446477208594
1446477208641
1446477208681
1446477209022
1446477209522
1446477210022
1446477210484
1446477210517
1446477210551
1446477210586
1446477210626
1446477210662
1446477210698
1446477210734
1446477210770
1446477210805
1446477210838
1446477210871
1446477210913
1446477210946
1446477210985
1446477211068
1446477211131
1446477211354
1446477211912
1446477212412
1446477213015
1446477213047
1446477213078
1446477213110
1446477213142
1446477213189
1446477213229
1446477213272
1446477213310
1446477213343
1446477213378
1446477213413
1446477213449
1446477213483
1446477213518
1446477213554
1446477213589
1446477213622
1446477213659
1446477213695
1446477213730
1446477213764
1446477213798
1446477213846
1446477213986
1446477214486
1446477215079
1446477215121
1446477215161
1446477215205
1446477215248
1446477215285
1446477215317
1446477215350
1446477215382
1446477215415
1446477215449
1446477215482
1446477215515
1446477215548
1446477215582
1446477215629
1446477215670
1446477215994
1446477216494
1446477216993
1446477217464
1446477217502
1446477217534
1446477217569
1446477217602
1446477217637
1446477217669
1446477217706
1446477217738
1446477217774
1446477217805
1446477217837
1446477218028
1446477218062
1446477218098
1446477218131
1446477218172
1446477218206
1446477218242
1446477218278
1446477218314
1446477218362
1446477218420
1446477218454
1446477218497
1446477218530
1446477218563
1446477218600
1446477218638
1446477218670
1446477218705
1446477218738
1446477218775
1446477218810
1446477218842
1446477218874
1446477218916
1446477218961
1446477219002
1446477219056
1446477219094
1446477219130
1446477219164
1446477219204
1446477219239
1446477219274
1446477219313
1446477219349
1446477219384
1446477219418
1446477219453
1446477219486
1446477219523
1446477219742
1446477220242
1446477220742
1446477221241
1446477221783
1446477221930
1446477221976
1446477222013
1446477222059
1446477222524
1446477223043
1446477223101
1446477223142
1446477223185
1446477223499
1446477223999
1446477224498
1446477225116
1446477225146
1446477225178
1446477225208
1446477225244
1446477225282
1446477225313
1446477225345
1446477225377
1446477225410
1446477225457
1446477225493
1446477225524
1446477225563
1446477225597
1446477225629
1446477225661
1446477225709
1446477225746
1446477225791
1446477225833
1446477225869
1446477225902
1446477225934
1446477225967
1446477226001
1446477226034
1446477226068
1446477226102
1446477226138
1446477226173
1446477226207
1446477226242
1446477226275
1446477226325
1446477226407
1446477226449
1446477226486
1446477226528
1446477226564
1446477226598
1446477226634
1446477226669
1446477226703
1446477226739
1446477226775
1446477226811
1446477226847
1446477226882
1446477226921
1446477226953
1446477226985
1446477227024
1446477227058
1446477227090
1446477227124
1446477227159
1446477227198
1446477227233
1446477227269
1446477227303
1446477227342
1446477227379
1446477227415
1446477227453
1446477227487
1446477227523
1446477227558
1446477227595
1446477227633
1446477227670
1446477227709
1446477227746
1446477227783
1446477227818
1446477227857
1446477228066
1446477228102
1446477228148
1446477228189
1446477228597
1446477229096
1446477229588
1446477229626
1446477229659
1446477229695
1446477229733
1446477229766
1446477229813
1446477229850
1446477229887
1446477229922
1446477229960
1446477229997
1446477230031
1446477230067
1446477230103
1446477230138
1446477230174
1446477230209
1446477230243
1446477230287
1446477230322
1446477230361
1446477230396
1446477230430
1446477230463
1446477230498
1446477230533
1446477230566
1446477230598
1446477230630
1446477230666
1446477230698
1446477230730
1446477230765
1446477230801
1446477230833
1446477230866
1446477230901
1446477230946
1446477230989
1446477231287
1446477231787
1446477232287
1446477232786
1446477233097
1446477233137
1446477233180
1446477233230
1446477233728
1446477234227
1446477234727
1446477235277
1446477235661
1446477235703
1446477235746
1446477235786
1446477235827
1446477235862
1446477235897
1446477235930
1446477235962
1446477235997
1446477236030
1446477236062
1446477236097
1446477236130
1446477236161
1446477236194
1446477236228
1446477236262
1446477236297
1446477236333
1446477236370
1446477236406
1446477236454
1446477236490
1446477236530
1446477236566
1446477236598
1446477236635
1446477236669
1446477236704
1446477236738
1446477236774
1446477236809
1446477236845
1446477236879
1446477236915
1446477236950
1446477236986
1446477237022
1446477237058
1446477237097
1446477237130
1446477237165
1446477237206
1446477237238
1446477237274
1446477237309
1446477237342
1446477237383
1446477237417
1446477237450
1446477237486
1446477237536
1446477237578
1446477237801
1446477238087
1446477238118
1446477238154
1446477238186
1446477238227
1446477238262
1446477238293
1446477238328
1446477238368
1446477238402
1446477238436
1446477238470
1446477238504
1446477238553
1446477238593
1446477238809
1446477239308
1446477239809
1446477240308
1446477240442
1446477240477
1446477240508
1446477240542
1446477240583
1446477240615
1446477240653
1446477240686
1446477240725
1446477240758
1446477240794
1446477240834
1446477240869
1446477240903
1446477240938
1446477240973
1446477241006
1446477241047
1446477241084
1446477241118
1446477241149
1446477241182
1446477241221
1446477241268
1446477241474
1446477242007
1446477242507
1446477242997
1446477243037
1446477243070
1446477243102
1446477243140
1446477243178
1446477243210
1446477243258
1446477243300
1446477243532
1446477244031
1446477244531
1446477245031
1446477245141
1446477245182
1446477245225
1446477245263
1446477245298
1446477245331
1446477245366
1446477245416
1446477245457
1446477245499
1446477245806
1446477246305
1446477246805
1446477247330
1446477247830
1446477248027
1446477248074
1446477248114
1446477248153
1446477248189
1446477248365
1446477248397
1446477248430
1446477248462
1446477248502
1446477248549
1446477248598
1446477248649
1446477248686
1446477248722
1446477248759
1446477248806
1446477248849
1446477248883
1446477248919
1446477248954
1446477248990
1446477249025
1446477249073
1446477249107
1446477249145
1446477249180
1446477249214
1446477249249
1446477249297
1446477249512
1446477250012
1446477250512
1446477251012
1446477251561
1446477252061
1446477252561
1446477253061
1446477253105
1446477253153
1446477253196
1446477253619
1446477253862
1446477253897
1446477253929
1446477253962
1446477254004
1446477254038
1446477254073
1446477254107
1446477254141
1446477254183
1446477254218
1446477254254
1446477254289
1446477254322
1446477254359
1446477254398
1446477254434
1446477254473
1446477254521
1446477254562
1446477254601
1446477254636
1446477254670
1446477254705
1446477254749
1446477254782
1446477254821
1446477254870
1446477254912
1446477254946
1446477254990
1446477255026
1446477255058
1446477255094
1446477255126
1446477255167
1446477255204
1446477255238
1446477255272
1446477255309
1446477255342
1446477255378
1446477255414
1446477255601
1446477256409
1446477256909
1446477257409
1446477258104
1446477258138
1446477258172
1446477258206
1446477258242
1446477258277
1446477258311
1446477258346
1446477258379
1446477258414
1446477258449
1446477258482
1446477258517
1446477258550
1446477258584
1446477258621
1446477258661
1446477258698
1446477258737
1446477258786
1446477258826
1446477258862
1446477258901
1446477258965
1446477258998
1446477259034
1446477259070
1446477259104
1446477259138
1446477259175
1446477259209
1446477259244
1446477259278
1446477259326
1446477259378
1446477259691
1446477260191
1446477260691
1446477261232
1446477261276
1446477261326
1446477261640
1446477262140
1446477262640
1446477263102
1446477263141
1446477263174
1446477263207
1446477263246
1446477263282
1446477263314
1446477263353
1446477263400
1446477263442
1446477263498
1446477263997
1446477264497
1446477264997
1446477265513
1446477265724
1446477265759
1446477265793
1446477265826
1446477265858
1446477265906
1446477266214
1446477266713
1446477267213
1446477267707
1446477267741
1446477267775
1446477267822
1446477267865
1446477268039
1446477268089
1446477268130
1446477268173
1446477268211
1446477268246
1446477268281
1446477268314
1446477268346
1446477268381
1446477268419
1446477268454
1446477268491
1446477268526
1446477268562
1446477268598
1446477268630
1446477268678
1446477268716
1446477268757
1446477268793
1446477268828
1446477268864
1446477268898
1446477268934
1446477268981
1446477269370
1446477269870
1446477270228
1446477270270
1446477270307
1446477270342
1446477270381
1446477270430
1446477270471
1446477270514
1446477270828
1446477271328
1446477271861
1446477272270
1446477272321
1446477272370
1446477272686
1446477273133
1446477273164
1446477273198
1446477273230
1446477273301
1446477273334
1446477273367
1446477273401
1446477273443
1446477273477
1446477273511
1446477273546
1446477273578
1446477273615
1446477273651
1446477273686
1446477273732
1446477273766
1446477273835
1446477273886
1446477273954
1446477273994
1446477274033
1446477274069
1446477274102
1446477274136
1446477274174
1446477274209
1446477274242
1446477274278
1446477274310
1446477274350
1446477274390
1446477274423
1446477274458
1446477274494
1446477274527
1446477274584
1446477274618
1446477274654
1446477274687
1446477274737
1446477274793
1446477275293
1446477275801
1446477276074
1446477276114
1446477276148
1446477276181
1446477276235
1446477276278
1446477276318
1446477276550
1446477277050
1446477277550
1446477278132
1446477278185
1446477278226
1446477278268
1446477278307
1446477278338
1446477278373
1446477278406
1446477278439
1446477278474
1446477278509
1446477278541
1446477278574
1446477278610
1446477278648
1446477278682
1446477278718
1446477278754
1446477278786
1446477278819
1446477278853
1446477278902
1446477278953
1446477278991
1446477279032
1446477279069
1446477279106
1446477279142
1446477279179
1446477279214
1446477279249
1446477279286
1446477279322
1446477279357
1446477279394
1446477279427
1446477279462
1446477279504
1446477279538
1446477279577
1446477279626
1446477279667
1446477280074
1446477280574
1446477281251
1446477281331
1446477281364
1446477281398
1446477281434
1446477281471
1446477281507
1446477281542
1446477281578
1446477281614
1446477281650
1446477281687
1446477281723
1446477281758
1446477281794
1446477281828
1446477281865
1446477281897
1446477282065
1446477282109
1446477282150
1446477282188
1446477282222
1446477282258
1446477282294
1446477282326
1446477282358
1446477282409
1446477282474
1446477282508
1446477282542
1446477282579
1446477282618
1446477282655
1446477282717
1446477282766
1446477283122
