1446476735756
1446476735871
1446476735907
1446476736049
1446476736080
1446476736111
1446476736142
1446476736639
1446476737279
1446476737322
1446476737349
1446476737382
1446476737415
1446476737453
1446476737482
1446476737513
1446476737546
1446476737578
1446476737612
1446476737645
1446476737676
1446476737710
1446476737742
1446476737774
1446476737806
1446476737841
1446476737874
1446476737907
1446476737942
1446476737974
1446476738007
1446476738040
1446476738074
1446476738108
1446476738141
1446476738187
1446476738220
1446476738254
1446476738289
1446476738319
1446476738350
1446476738381
1446476738413
1446476738445
1446476738482
1446476738514
1446476738549
1446476738578
1446476738611
1446476738645
1446476738674
1446476738705
1446476738736
1446476738766
1446476738799
1446476738830
1446476738867
1446476738898
1446476738933
1446476738962
1446476738994
1446476739026
1446476739061
1446476739091
1446476739127
1446476739160
1446476739193
1446476739225
1446476739259
1446476739292
1446476739323
1446476739357
1446476739391
1446476739422
1446476739456
1446476739487
1446476739522
1446476739555
1446476739589
1446476739621
1446476739655
1446476739688
1446476739718
1446476739755
1446476739787
1446476739819
1446476739853
1446476739885
1446476739916
1446476739948
1446476739979
1446476740010
1446476740042
1446476740075
1446476740109
1446476740143
1446476740177
1446476740210
1446476740243
1446476740274
1446476740307
