1446476688478
1446476688642
1446476688694
1446476689205
1446476689714
1446476690222
1446476690487
1446476690547
1446476690589
1446476690650
1446476690698
1446476690749
1446476690804
1446476690857
1446476690909
1446476690971
1446476691011
1446476691065
1446476691119
1446476691159
1446476691202
1446476691244
1446476691286
1446476691329
1446476691391
1446476691445
1446476691494
1446476691552
1446476691610
1446476691865
1446476691922
1446476691974
1446476692023
1446476692530
1446476693038
1446476693546
1446476693856
1446476693899
1446476693942
1446476694000
1446476694057
1446476694101
1446476694158
1446476694201
1446476694245
1446476694313
1446476694363
1446476694406
1446476694449
1446476694496
1446476694539
1446476694610
1446476694666
1446476695087
1446476695595
1446476696103
1446476696548
1446476696606
1446476696662
1446476696783
1446476696824
1446476696867
1446476696924
1446476696987
1446476697029
1446476697071
1446476697114
1446476697163
1446476697204
1446476697250
1446476697307
1446476697350
1446476697406
1446476697462
1446476697628
1446476698136
1446476698644
1446476699152
1446476699570
1446476699619
1446476699671
1446476699720
1446476699927
1446476700435
1446476700943
1446476701451
1446476701641
1446476701823
1446476701878
1446476701929
1446476701985
1446476702041
1446476702082
1446476702134
1446476702186
1446476702240
1446476702282
1446476702334
1446476702386
1446476702439
1446476702480
