1446476616198
1446476616622
1446476617122
1446476617622
1446476618079
1446476618115
1446476618150
1446476618185
1446476618219
1446476618251
1446476618282
1446476618315
1446476618347
1446476618385
1446476618420
1446476618454
1446476618488
1446476618523
1446476618556
1446476618591
1446476618625
1446476618666
1446476618702
1446476618738
1446476618771
1446476618807
1446476618842
1446476618876
1446476618911
1446476619069
1446476619115
1446476619165
1446476619215
1446476619531
1446476619564
1446476619600
1446476619636
1446476619671
1446476619708
1446476619758
1446476619794
1446476619832
1446476619870
1446476619906
1446476619942
1446476619977
1446476620024
1446476620062
1446476620105
1446476620143
1446476620180
1446476620215
1446476620257
1446476620291
1446476620327
1446476620372
1446476620434
1446476620854
1446476621354
1446476621854
1446476622270
1446476622315
1446476622364
1446476622662
1446476623161
1446476623670
1446476624179
1446476624227
1446476624261
1446476624295
1446476624333
1446476624368
1446476624527
1446476624571
1446476624622
1446476624671
1446476625178
1446476625555
1446476625590
1446476625626
1446476625662
1446476625700
1446476625740
1446476625776
1446476625814
1446476625851
1446476625891
1446476625940
1446476626177
1446476626677
1446476627177
1446476627676
1446476627810
1446476627861
1446476627903
1446476627953
1446476628284
1446476628429
1446476628466
1446476628499
1446476628549
