1446477476525
1446477476748
1446477477245
1446477477745
1446477478245
1446477478778
1446477479277
1446477479744
1446477480244
1446477480497
1446477480533
1446477480568
1446477480652
1446477481152
1446477481651
1446477482151
1446477482445
1446477482668
1446477483167
1446477483667
1446477484167
1446477484269
1446477484317
1446477484360
1446477484399
1446477484433
1446477484470
1446477484506
1446477484552
1446477484589
1446477484635
1446477484885
1446477485052
1446477485088
1446477485125
1446477485161
1446477485203
1446477485240
1446477485278
1446477485316
1446477485490
1446477485527
1446477485562
1446477485597
1446477485637
1446477485674
1446477485709
1446477485745
1446477485782
1446477485818
1446477485854
1446477485892
1446477485929
1446477485977
1446477486042
1446477486102
1446477486150
1446477486218
1446477486716
1446477487058
1446477487209
1446477487258
1446477487297
1446477487336
1446477487377
1446477487414
1446477487451
1446477487489
1446477487528
1446477487566
1446477487601
1446477487642
1446477487679
1446477487717
1446477487759
1446477487824
1446477488323
1446477488675
1446477488714
1446477488753
1446477488791
1446477488833
1446477488868
1446477488904
1446477488945
1446477488982
1446477489018
1446477489056
1446477489093
1446477489129
1446477489164
1446477489201
1446477489239
1446477489278
1446477489311
1446477489357
1446477489394
1446477489433
1446477489470
1446477489509
1446477489546
1446477489585
1446477489622
1446477489658
1446477489697
1446477489734
1446477489770
1446477489809
1446477489845
1446477489882
1446477489918
1446477489954
1446477489993
1446477490030
1446477490070
1446477490117
1446477490481
1446477490518
1446477490555
1446477490593
1446477490629
1446477490666
1446477490704
1446477490739
1446477490777
1446477490814
1446477490849
1446477490883
1446477490918
1446477490953
1446477490991
1446477491028
1446477491074
1446477491124
1446477491174
1446477491672
1446477492023
1446477492074
1446477492123
1446477492175
1446477492218
1446477492266
1446477492315
1446477492372
1446477492409
1446477492447
1446477492514
1446477492565
1446477492898
1446477492949
1446477492998
1446477493313
1446477493813
1446477494312
1446477494665
1446477494701
1446477494739
1446477494806
1446477495065
1446477495101
1446477495136
1446477495173
1446477495208
1446477495247
1446477495285
1446477495322
1446477495480
1446477495530
1446477495572
1446477495622
1446477495658
1446477495699
1446477495746
1446477495797
1446477495953
1446477496453
1446477496814
1446477496871
1446477496922
1446477496958
1446477497016
1446477497053
1446477497089
1446477497125
1446477497169
1446477497205
1446477497246
1446477497297
1446477497334
1446477497374
1446477497421
1446477497458
1446477497603
1446477497954
1446477498005
1446477498054
1446477498461
1446477498960
1446477499329
1446477499386
1446477499437
1446477499660
1446477500168
1446477500501
1446477500545
1446477500581
1446477500615
1446477500655
1446477500693
1446477500727
1446477500765
1446477500801
1446477500837
1446477500874
1446477500912
1446477500949
1446477500985
1446477501022
1446477501059
1446477501097
1446477501145
1446477501202
1446477501253
1446477501302
1446477502047
1446477502089
1446477502122
1446477502158
1446477502194
1446477502231
1446477502266
1446477502302
1446477502338
1446477502374
1446477502412
1446477502450
1446477502487
1446477502526
1446477502573
1446477502613
1446477502649
1446477502689
1446477502727
1446477502765
1446477502805
1446477502841
1446477502882
1446477502917
1446477502958
1446477502997
1446477503034
1446477503073
1446477503110
1446477503146
1446477503185
1446477503222
1446477503259
1446477503298
1446477503334
1446477503369
1446477503408
1446477503446
1446477503486
1446477503525
1446477503562
1446477503598
1446477503639
1446477503678
1446477503717
1446477503755
1446477503797
1446477503833
1446477503867
1446477503909
1446477503946
1446477503983
1446477504030
1446477504074
1446477504117
1446477504153
1446477504189
1446477504225
1446477504261
1446477504298
1446477504334
1446477504367
1446477504402
1446477504440
1446477504479
1446477504514
1446477504550
1446477504584
1446477504621
1446477504659
1446477504695
1446477504731
1446477504767
1446477504806
1446477504863
1446477504898
1446477505105
1446477505138
1446477505174
1446477505208
1446477505248
1446477505301
1446477505502
1446477505545
1446477505581
1446477505615
1446477505654
1446477505701
1446477505750
1446477505796
1446477505837
1446477505874
1446477505913
1446477505948
1446477505985
1446477506018
1446477506054
1446477506091
1446477506129
1446477506166
1446477506204
1446477506241
1446477506285
1446477506323
1446477506370
1446477506408
1446477506447
1446477506486
1446477506542
1446477506765
1446477507232
1446477507731
1446477508256
1446477508773
1446477509281
1446477509805
1446477510314
1446477510532
1446477510565
1446477510597
1446477510633
1446477510666
1446477510744
1446477510782
1446477510817
1446477510850
1446477510893
1446477510930
1446477510966
1446477511003
1446477511037
1446477511072
1446477511107
1446477511149
1446477511187
1446477511225
1446477511263
1446477511300
1446477511338
1446477511374
1446477511410
1446477511449
1446477511485
1446477511522
1446477511565
1446477511605
1446477511643
1446477511682
1446477511718
1446477511755
1446477511793
1446477511831
1446477511870
1446477511909
1446477511945
1446477511981
1446477512017
1446477512056
1446477512094
1446477512130
1446477512166
1446477512202
1446477512238
1446477512273
1446477512309
1446477512346
1446477512384
1446477512421
1446477512476
1446477512517
1446477512553
1446477512594
1446477512632
1446477512669
1446477512890
1446477512938
1446477512981
1446477513043
1446477513086
1446477513122
1446477513162
1446477513199
1446477513234
1446477513270
1446477513310
1446477513347
1446477513389
1446477513425
1446477513462
1446477513497
1446477513533
1446477513566
1446477513606
1446477513642
1446477513678
1446477513714
1446477513750
1446477513785
1446477513821
1446477513863
1446477513901
1446477513938
1446477513975
1446477514018
1446477514057
1446477514093
1446477514138
1446477514189
1446477514264
1446477514302
1446477514338
1446477514374
1446477514423
1446477514463
1446477514498
1446477514535
1446477514572
1446477514606
1446477514644
1446477514682
1446477514717
1446477514763
1446477514814
1446477515063
1446477515114
1446477515153
1446477515189
1446477515226
1446477515265
1446477515302
1446477515340
1446477515508
1446477515554
1446477515605
1446477515654
1446477515805
1446477515854
1446477515905
1446477515954
1446477516361
1446477516713
1446477516762
1446477516803
1446477516838
1446477516878
1446477516916
1446477516953
1446477517005
1446477517053
1446477517222
1446477517270
1446477517313
1446477517363
1446477517402
1446477517438
1446477517488
1446477517527
1446477517564
1446477517602
1446477517819
1446477518094
1446477518146
1446477518195
1446477518260
1446477518615
1446477518651
1446477518689
1446477518737
1446477518786
1446477518838
1446477518878
1446477518914
1446477518949
1446477518994
1446477519062
1446477519320
1446477519358
1446477519397
1446477519434
1446477519472
1446477519508
1446477519554
1446477519709
1446477520209
1446477520563
1446477520610
1446477520661
1446477520710
1446477520851
1446477521350
1446477521695
1446477521753
1446477521801
1446477521853
1446477522167
1446477522675
1446477523175
1446477523667
1446477523718
1446477523755
1446477523793
1446477523829
1446477523866
1446477523905
1446477523942
1446477523979
1446477524017
1446477524054
1446477524091
1446477524129
1446477524168
1446477524207
1446477524246
1446477524399
1446477524742
1446477524793
1446477525165
1446477525507
1446477525546
1446477525583
1446477525618
1446477525654
1446477525690
1446477525726
1446477525764
1446477525802
1446477525837
1446477525873
1446477525909
1446477525945
1446477525982
1446477526018
1446477526066
1446477526117
1446477526431
1446477526931
1446477527431
1446477527902
1446477527950
1446477527999
1446477528406
1446477528905
1446477529266
1446477529315
1446477529367
1446477529407
1446477529448
1446477529498
1446477529538
1446477529574
1446477529612
1446477529653
1446477529688
1446477529725
1446477529762
1446477529798
1446477529835
1446477529882
1446477529932
1446477530105
1446477530502
1446477530537
1446477530573
1446477530607
1446477530641
1446477530679
1446477530716
1446477530748
1446477530782
1446477530817
1446477530850
1446477530885
1446477530918
1446477530966
1446477531014
1446477531065
1446477531230
1446477531282
1446477531330
1446477531381
1446477531420
1446477531457
1446477531493
1446477531527
1446477531569
1446477531605
1446477531642
1446477531678
1446477531713
1446477531749
1446477531786
1446477531822
1446477531857
1446477531893
1446477531929
1446477531969
1446477532006
1446477532044
1446477532078
1446477532114
1446477532150
1446477532186
1446477532225
1446477532261
1446477532297
1446477532334
1446477532370
1446477532407
1446477532444
1446477532489
1446477532525
1446477532562
1446477532598
1446477532635
1446477532677
1446477532712
1446477532747
1446477532782
1446477532819
1446477532858
1446477532894
1446477532930
1446477532967
1446477533015
1446477533054
1446477533091
1446477533129
1446477533166
1446477533201
1446477533237
1446477533274
1446477533313
1446477533349
1446477533386
1446477533438
1446477533538
1446477533761
1446477534278
1446477534778
1446477535278
1446477535561
1446477535594
1446477535628
1446477535661
1446477535704
1446477535737
1446477535773
1446477535808
1446477535842
1446477535878
1446477535945
1446477535982
1446477536030
1446477536196
1446477536246
1446477536296
1446477536338
1446477536375
1446477536414
1446477536455
1446477536494
1446477536535
1446477536574
1446477536611
1446477536650
1446477536686
1446477536723
1446477536759
1446477536798
1446477536834
1446477536871
1446477536913
1446477536950
1446477536990
1446477537031
1446477537070
1446477537109
1446477537151
1446477537187
1446477537222
1446477537266
1446477537304
1446477537342
1446477537383
1446477537418
1446477537453
1446477537492
1446477537546
1446477537583
1446477537623
1446477537657
1446477537693
1446477537738
1446477537775
1446477537813
1446477537849
1446477537886
1446477537923
1446477537961
1446477538002
1446477538040
1446477538078
1446477538115
1446477538154
1446477538196
1446477538556
1446477538597
1446477538637
1446477538674
1446477538713
1446477538750
1446477538789
1446477538827
1446477538865
1446477538903
1446477538944
1446477538987
1446477539025
1446477539061
1446477539097
1446477539142
1446477539178
1446477539218
1446477539258
1446477539295
1446477539334
1446477539373
1446477539409
1446477539449
1446477539486
1446477539525
1446477539561
1446477539599
1446477539637
1446477539674
1446477539711
1446477539749
1446477539786
1446477539823
1446477539862
1446477539901
1446477539943
1446477539983
1446477540038
1446477540078
1446477540114
1446477540153
1446477540190
1446477540227
1446477540266
1446477540305
1446477540342
1446477540572
1446477540606
1446477540645
1446477540681
1446477540719
1446477540761
1446477540798
1446477540833
1446477540872
1446477540910
1446477540947
1446477540982
1446477541019
1446477541058
1446477541093
1446477541127
1446477541161
1446477541199
1446477541237
1446477541273
1446477541309
1446477541344
1446477541379
1446477541426
1446477541477
1446477541526
1446477541610
1446477541660
1446477541710
1446477541760
1446477542166
1446477542518
1446477542568
1446477542618
1446477542934
1446477542976
1446477543013
1446477543059
1446477543102
1446477543143
1446477543178
1446477543213
1446477543246
1446477543293
1446477543516
1446477544015
1446477544523
1446477544893
1446477544942
1446477544992
1446477545042
1446477545361
1446477545600
1446477545650
1446477545700
1446477545840
1446477546339
1446477546690
1446477546733
1446477547139
1446477547639
1446477548106
1446477548158
1446477548195
1446477548233
1446477548269
1446477548306
1446477548348
1446477548390
1446477548429
1446477548466
1446477548501
1446477548549
1446477548598
1446477548788
1446477549140
1446477549190
1446477549241
1446477549406
1446477549465
1446477549514
1446477549551
1446477549593
1446477549630
1446477549667
1446477549706
1446477549757
1446477549866
1446477549914
1446477550138
1446477550590
1446477550629
1446477550665
1446477550704
1446477550739
1446477550777
1446477550812
1446477550847
1446477550884
1446477550926
1446477550965
1446477551002
1446477551040
1446477551078
1446477551116
1446477551153
1446477551230
1446477551281
1446477551319
1446477551373
1446477551422
1446477551562
1446477552070
1446477552570
1446477553070
1446477553288
1446477553337
1446477553478
1446477553986
1446477554486
1446477554846
1446477554895
1446477554946
1446477555169
1446477555595
1446477555637
1446477555686
1446477555737
1446477556078
1446477556129
1446477556178
1446477556229
1446477556266
1446477556322
1446477556357
1446477556437
1446477556486
1446477556711
1446477556770
1446477556820
1446477556870
1446477556913
1446477556962
1446477557020
1446477557058
1446477557094
1446477557134
1446477557171
1446477557218
1446477557254
1446477557295
1446477557334
1446477557372
1446477557410
1446477557446
1446477557483
1446477557522
1446477557562
1446477557599
1446477557637
1446477557674
1446477557711
1446477557762
1446477557919
1446477557970
1446477558019
1446477558159
1446477558659
1446477559159
1446477559510
1446477559561
1446477559610
1446477559833
1446477560341
1446477560588
1446477560625
1446477560668
1446477560717
1446477560768
1446477561017
1446477561068
1446477561118
1446477561558
1446477562057
1446477562557
1446477562901
1446477562945
1446477562980
1446477563014
1446477563054
1446477563088
1446477563122
1446477563158
1446477563197
1446477563234
1446477563271
1446477563309
1446477563346
1446477563392
1446477563441
1446477563492
1446477563545
1446477563585
1446477563634
1446477563683
1446477564034
1446477564083
1446477564134
1446477564185
1446477564226
1446477564266
1446477564304
1446477564342
1446477564378
1446477564426
1446477564474
1446477564790
1446477565125
1446477565174
1446477565225
1446477565274
1446477565573
1446477565627
1446477565663
1446477565698
