1446477667016
1446477667167
1446477667205
1446477667242
1446477667281
1446477667321
1446477667358
1446477667397
1446477667437
1446477667473
1446477667510
1446477667548
1446477667586
1446477667624
1446477667662
1446477667705
1446477667742
1446477667781
1446477667818
1446477667860
1446477667899
1446477667946
1446477667995
1446477668333
1446477668374
1446477668414
1446477668462
1446477668502
1446477668538
1446477668582
1446477668629
1446477668678
1446477668852
1446477669360
1446477669868
1446477670376
1446477670577
1446477670818
1446477670870
1446477670919
1446477670970
1446477671011
1446477671049
1446477671086
1446477671126
1446477671162
1446477671197
1446477671235
1446477671282
1446477671320
1446477671362
1446477671398
1446477671435
1446477671474
1446477671513
1446477671550
1446477671593
1446477671634
1446477671803
1446477671842
1446477671878
1446477671914
1446477671953
1446477671998
1446477672042
1446477672082
1446477672122
1446477672158
1446477672198
1446477672237
1446477672274
1446477672314
1446477672351
1446477672393
1446477672431
1446477672469
1446477672506
1446477672547
1446477672587
1446477672635
1446477672674
1446477672713
1446477672757
1446477672797
1446477672833
1446477672873
1446477672914
1446477672951
1446477672989
1446477673027
1446477673066
1446477673104
1446477673142
1446477673178
1446477673215
1446477673254
1446477673293
1446477673336
1446477673375
1446477673414
1446477673454
1446477673493
1446477673542
1446477673941
1446477674449
1446477674957
1446477675409
1446477675456
1446477675493
1446477675529
1446477675565
1446477675601
1446477675637
1446477675798
1446477675834
1446477675869
1446477675905
1446477675937
1446477675973
1446477676008
1446477676045
1446477676082
1446477676118
1446477676154
1446477676190
1446477676226
1446477676265
1446477676302
1446477676337
1446477676374
1446477676410
1446477676447
1446477676486
1446477676525
1446477676562
1446477676601
1446477676638
1446477676674
1446477676714
1446477676751
1446477676795
1446477676834
1446477676870
1446477676916
1446477676993
1446477677029
1446477677073
1446477677106
1446477677142
1446477677186
1446477677226
1446477677262
1446477677298
1446477677334
1446477677374
1446477677410
1446477677456
1446477677498
1446477677535
1446477677570
1446477677616
1446477677674
1446477677725
1446477677774
1446477677824
1446477677964
1446477678472
1446477678981
1446477679489
1446477679757
1446477679806
1446477679846
1446477679887
1446477679924
1446477679961
1446477679997
1446477680044
1446477680082
1446477680118
1446477680166
1446477680205
1446477680242
1446477680286
1446477680331
1446477680382
1446477680418
1446477680468
1446477680506
1446477680545
1446477680582
1446477680626
1446477680717
1446477680753
1446477680794
1446477680833
1446477680873
1446477680908
1446477680945
1446477680981
1446477681018
1446477681053
1446477681098
1446477681134
1446477681170
1446477681207
1446477681261
1446477681297
1446477681335
1446477681386
1446477681439
1446477681579
1446477682088
1446477682596
1446477683027
1446477683081
1446477683129
1446477683172
1446477683222
1446477683263
1446477683298
1446477683333
1446477683367
1446477683401
1446477683442
1446477683481
1446477683517
1446477683553
1446477683589
1446477683626
1446477683664
1446477683702
1446477683737
1446477683773
1446477683809
1446477683846
1446477683885
1446477683922
1446477683957
1446477684000
1446477684054
1446477684105
1446477684328
1446477684836
1446477685345
1446477685813
1446477685848
1446477685896
1446477685946
1446477685987
1446477686023
1446477686058
1446477686093
1446477686129
1446477686172
1446477686209
1446477686246
1446477686282
1446477686317
1446477686358
1446477686394
1446477686446
1446477686497
1446477686562
1446477686613
1446477686662
1446477686705
1446477686743
1446477686783
1446477686822
1446477686870
1446477686921
1446477687335
1446477687843
1446477688102
1446477688138
1446477688178
1446477688227
1446477688294
1446477688333
1446477688369
1446477688409
1446477688446
1446477688482
1446477688522
1446477688562
1446477688598
1446477688645
1446477688702
1446477688754
1446477688802
1446477688853
1446477688902
1446477689376
1446477689884
1446477690392
1446477690877
1446477690926
1446477690977
1446477691026
1446477691077
1446477691116
1446477691154
1446477691202
1446477691252
1446477691758
1446477692267
1446477692775
1446477693056
1446477693102
1446477693151
1446477693458
1446477693966
1446477694474
1446477695048
1446477695085
1446477695121
1446477695166
1446477695205
1446477695247
1446477695286
1446477695323
1446477695362
1446477695409
1446477695632
1446477695858
1446477695895
1446477695934
1446477695970
1446477696012
1446477696048
1446477696086
1446477696136
1446477696178
1446477696214
1446477696265
1446477696317
1446477696365
1446477696731
1446477697066
1446477697104
1446477697158
1446477697197
1446477697238
1446477697295
1446477697333
1446477697369
1446477697410
1446477697446
1446477697597
1446477698106
1446477698614
1446477699122
1446477699197
1446477699249
1446477699288
1446477699326
1446477699365
1446477699399
1446477699438
1446477699478
1446477699517
1446477699555
1446477699593
1446477699631
1446477699669
1446477699706
1446477699743
1446477699782
1446477699822
1446477699863
1446477699903
1446477699946
1446477699986
1446477700026
1446477700067
1446477700115
1446477700404
1446477700990
1446477701040
1446477701090
1446477701139
1446477701454
1446477701962
1446477702470
1446477702973
1446477703195
1446477703703
1446477704130
1446477704179
1446477704230
1446477704269
1446477704309
1446477704346
1446477704382
1446477704422
1446477704463
1446477704501
1446477704539
1446477704586
1446477704625
1446477704663
1446477704738
1446477704788
1446477705011
1446477705519
1446477705886
1446477705938
1446477705986
1446477706037
1446477706452
1446477706960
1446477707468
1446477707845
1446477707894
1446477708401
1446477708909
1446477709417
1446477709777
1446477709826
1446477709877
1446477709926
1446477710342
1446477710858
1446477710909
1446477710960
1446477711009
1446477711052
1446477711087
1446477711130
1446477711170
1446477711210
1446477711249
1446477711285
1446477711321
1446477711359
1446477711402
1446477711442
1446477711481
1446477711518
1446477711558
1446477711602
1446477711642
1446477711683
1446477711723
1446477711762
1446477711801
1446477711860
1446477711910
1446477711959
1446477712183
1446477712691
1446477713117
1446477713153
1446477713190
1446477713226
1446477713261
1446477713298
1446477713342
1446477713393
1446477713450
1446477713500
1446477713550
1446477713601
1446477713641
1446477713677
1446477713713
1446477713749
1446477713785
1446477713826
1446477713862
1446477713909
1446477714048
1446477714557
1446477715065
1446477715581
1446477715856
1446477715893
1446477715928
1446477715966
1446477716007
1446477716042
1446477716078
1446477716114
1446477716150
1446477716186
1446477716222
1446477716259
1446477716297
1446477716338
1446477716382
1446477716433
1446477716476
1446477716515
1446477716553
1446477716589
1446477716626
1446477716665
1446477716701
1446477716747
1446477716786
1446477716822
1446477716858
1446477716893
1446477716941
1446477717164
1446477717672
1446477718180
1446477718688
1446477718766
1446477718814
1446477718853
1446477718897
1446477719098
1446477719148
1446477719198
1446477719248
1446477719292
1446477719330
1446477719367
1446477719406
1446477719443
1446477719482
1446477719531
1446477719582
1446477719804
1446477720312
1446477720901
1446477720937
1446477720974
1446477721010
1446477721053
1446477721090
1446477721127
1446477721181
1446477721504
1446477722012
1446477722520
1446477723032
1446477723077
1446477723115
1446477723154
1446477723191
1446477723229
1446477723266
1446477723302
1446477723528
1446477724036
1446477724544
1446477725052
1446477725328
1446477725378
1446477725429
1446477725478
1446477725522
1446477725562
1446477725602
1446477725641
1446477725682
1446477725718
1446477725903
1446477725954
1446477726002
1446477726054
1446477726097
1446477726134
1446477726170
1446477726207
1446477726251
1446477726291
1446477726329
1446477726366
1446477726405
1446477726453
1446477726502
1446477726618
1446477727126
1446477727342
1446477727384
1446477727422
1446477727460
1446477727499
1446477727538
1446477727574
1446477727613
1446477727650
1446477727686
1446477727722
1446477727762
1446477727801
1446477727838
1446477727877
1446477727918
1446477727957
1446477727998
1446477728034
1446477728072
1446477728108
1446477728145
1446477728183
1446477728222
1446477728258
1446477728298
1446477728338
1446477728378
1446477728418
1446477728454
1446477728490
1446477728526
1446477728569
1446477728605
1446477728644
1446477728685
1446477728721
1446477728758
1446477728801
1446477728837
1446477728886
1446477729073
1446477729126
1446477729177
1446477729226
1446477729550
1446477730058
1446477730566
1446477730910
1446477730959
1446477731009
1446477731059
1446477731101
1446477731137
1446477731172
1446477731208
1446477731245
1446477731302
1446477731368
1446477731418
1446477731467
1446477731518
1446477731568
1446477731608
1446477731645
1446477731681
1446477731725
1446477731784
1446477731834
1446477731884
1446477731936
1446477731978
1446477732018
1446477732058
1446477732098
1446477732138
1446477732184
1446477732234
1446477732648
1446477733157
1446477733665
1446477734223
1446477734274
1446477734325
1446477734548
1446477735062
1446477735107
1446477735158
1446477735207
1446477735431
1446477735893
1446477735942
1446477735978
1446477736017
1446477736059
1446477736098
1446477736138
1446477736175
1446477736215
1446477736253
1446477736290
1446477736328
1446477736366
1446477736405
1446477736457
1446477736506
1446477736558
1446477736600
1446477736638
1446477736678
1446477736732
1446477736781
1446477737097
1446477737605
1446477738113
1446477738534
1446477738581
1446477738618
1446477738656
1446477738695
1446477738734
1446477738774
1446477738813
1446477738850
1446477738887
1446477738926
1446477738963
1446477739002
1446477739042
1446477739090
1446477739229
1446477739737
1446477740245
1446477740753
1446477741029
1446477741106
1446477741154
1446477741206
1446477741254
1446477741603
1446477742111
1446477742619
1446477743169
1446477743677
1446477744026
1446477744066
1446477744106
1446477744141
1446477744185
1446477744223
1446477744262
1446477744298
1446477744341
1446477744378
1446477744414
1446477744453
1446477744491
1446477744531
1446477744572
1446477744611
1446477744649
1446477744687
1446477744729
1446477744766
1446477744806
1446477744854
1446477744920
1446477744958
1446477744998
1446477745037
1446477745073
1446477745113
1446477745170
1446477745221
1446477745258
1446477745302
1446477745337
1446477745377
1446477745414
1446477745458
1446477745511
1446477745562
1446477745602
1446477745640
1446477745682
1446477745722
1446477745790
1446477745826
1446477745865
1446477745908
1446477745953
1446477745991
1446477746029
1446477746067
1446477746107
1446477746145
1446477746182
1446477746221
1446477746258
1446477746302
1446477746342
1446477746382
1446477746419
1446477746458
1446477746496
1446477746545
1446477746767
1446477747276
1446477748142
1446477748185
1446477748224
1446477748262
1446477748301
1446477748352
1446477748675
1446477749183
1446477749691
1446477750241
1446477750749
1446477750984
1446477751034
1446477751084
1446477751135
1446477751176
1446477751214
1446477751266
1446477751317
1446477751358
1446477751399
1446477751450
1446477751490
1446477751529
1446477751566
1446477751618
1446477751661
1446477751709
1446477751758
1446477751809
1446477752224
1446477752731
1446477753239
1446477753756
1446477753882
1446477753933
1446477753982
1446477754042
1446477754078
1446477754133
1446477754176
1446477754214
1446477754252
1446477754289
1446477754326
1446477754362
1446477754401
1446477754438
1446477754489
1446477754526
1446477754565
1446477754603
1446477754646
1446477754685
1446477754723
1446477754761
1446477754798
1446477754839
1446477754879
1446477754917
1446477754954
1446477754993
1446477755030
1446477755066
1446477755106
1446477755143
1446477755182
1446477755221
1446477755258
1446477755298
1446477755338
1446477755378
1446477755415
1446477755453
1446477755491
1446477755529
1446477755567
1446477755606
1446477755646
1446477755687
1446477755726
1446477755882
1446477755946
1446477755982
1446477756018
1446477756057
1446477756101
1446477756137
1446477756173
1446477756214
1446477756251
1446477756289
1446477756326
1446477756362
1446477756401
1446477756437
1446477756474
1446477756513
1446477756550
1446477756587
1446477756625
1446477756662
1446477756701
1446477756738
1446477756774
1446477756811
1446477756848
1446477756916
1446477756954
1446477756994
1446477757033
1446477757070
1446477757122
1446477757263
1446477757498
1446477757550
1446477757589
1446477757626
1446477757854
1446477758396
1446477758904
1446477759421
1446477759469
1446477759506
1446477759558
1446477759613
1446477759648
1446477759714
1446477759772
1446477759810
1446477759846
1446477759882
1446477759917
1446477759963
1446477760014
1446477760057
1446477760097
1446477760133
1446477760169
1446477760206
1446477760243
1446477760289
1446477760327
1446477760366
1446477760403
1446477760442
1446477760489
1446477760527
1446477760565
1446477760602
1446477760638
1446477760674
1446477760714
1446477760750
1446477760994
1446477761029
1446477761065
1446477761102
1446477761138
1446477761174
1446477761213
1446477761249
1446477761286
1446477761326
1446477761361
1446477761397
1446477761435
1446477761473
1446477761510
1446477761546
1446477761589
1446477761627
1446477761664
1446477761698
1446477761737
1446477761774
1446477761812
1446477761862
1446477761913
1446477761962
1446477762152
1446477762660
1446477763168
1446477763677
1446477763894
1446477763945
1446477763994
1446477764426
1446477764934
1446477765443
1446477765869
1446477765906
1446477765942
1446477765982
1446477766018
1446477766069
1446477766118
1446477766534
1446477767042
1446477767550
1446477767938
1446477767984
1446477768026
1446477768061
1446477768098
1446477768133
1446477768170
1446477768205
1446477768245
1446477768277
1446477768312
1446477768350
1446477768390
1446477768426
1446477768461
1446477768497
1446477768533
