1446476989288
1446476989727
1446476990227
1446476990727
1446476991235
1446476991437
1446476991478
1446476991520
1446476991553
1446476991595
1446476991626
1446476991658
1446476991692
1446476991725
1446476991758
1446476991791
1446476991824
1446476991858
1446476991893
1446476991925
1446476992086
1446476992128
1446476992170
1446476992211
1446476992251
1446476992285
1446476992318
1446476992381
1446476992413
1446476992445
1446476992484
1446476992522
1446476992570
1446476992610
1446476992653
1446476992693
1446476992726
1446476992757
1446476992793
1446476992827
1446476992861
1446476992894
1446476992931
1446476992979
1446476993013
1446476993052
1446476993087
1446476993122
1446476993157
1446476993191
1446476993226
1446476993261
1446476993295
1446476993329
1446476993362
1446476993399
1446476993438
1446476993469
1446476993505
1446476993538
1446476993675
1446476994175
1446476994675
1446476995175
1446476995454
1446476995487
1446476995708
1446476996208
1446476996707
1446476997207
1446476997542
1446476997584
1446476997626
1446476997666
1446476997716
1446476997754
1446476997790
1446476997822
1446476997856
1446476997889
1446476997922
1446476997954
1446476997985
1446476998017
1446476998048
1446476998081
1446476998113
1446476998151
1446476998189
1446476998223
1446476998259
1446476998309
1446476998350
1446476998482
1446476998981
1446476999481
1446477000100
1446477000150
1446477000191
1446477000225
1446477000258
1446477000298
1446477000350
1446477000383
1446477000415
1446477000457
1446477000493
1446477000526
1446477000561
1446477000594
1446477000626
1446477000663
1446477000699
1446477000733
1446477000767
1446477000800
1446477000833
1446477000866
1446477000901
1446477000950
1446477000982
1446477001018
1446477001053
1446477001086
1446477001119
1446477001153
1446477001187
1446477001221
1446477001255
1446477001289
1446477001322
1446477001354
1446477001390
1446477001422
1446477001458
1446477001493
1446477001526
1446477001561
1446477001597
1446477001628
1446477001662
1446477001698
1446477001734
1446477001770
1446477001806
1446477001839
1446477001881
1446477001914
1446477001946
1446477001978
1446477002013
1446477002047
1446477002081
1446477002117
1446477002150
1446477002182
1446477002217
1446477002258
1446477002291
1446477002326
1446477002458
1446477002490
1446477002523
1446477002554
1446477002591
1446477002629
1446477002663
1446477002698
1446477002729
1446477002762
1446477002799
1446477002834
1446477002867
1446477002914
1446477003046
1446477003546
1446477004046
1446477004546
1446477004822
1446477004864
1446477004906
1446477005404
1446477005903
1446477006403
1446477006936
1446477007289
1446477007338
1446477007562
1446477007605
1446477007645
1446477007705
1446477008161
1446477008661
1446477009104
1446477009146
1446477009186
1446477009229
1446477009618
1446477010118
1446477010618
1446477011144
1446477011214
1446477011247
1446477011277
1446477011306
1446477011345
1446477011382
1446477011417
1446477011450
1446477011485
1446477011519
1446477011554
1446477011590
1446477011625
1446477011665
1446477011699
1446477011733
1446477011766
1446477011826
1446477012326
1446477012554
1446477012586
1446477012618
1446477012652
1446477012702
1446477012744
1446477012786
1446477013092
1446477013592
1446477014467
1446477015051
1446477015093
1446477015134
1446477015169
1446477015204
1446477015251
1446477015293
1446477015333
1446477015376
1446477015410
1446477015442
1446477015474
1446477015507
1446477015542
1446477015574
1446477015609
1446477015643
1446477015678
1446477015726
1446477015924
1446477016424
1446477016924
1446477017536
1446477017567
1446477017597
1446477017628
1446477017662
1446477017698
1446477017734
1446477017766
1446477017798
1446477017833
1446477017865
1446477017899
1446477017934
1446477017966
1446477017998
1446477018034
1446477018070
1446477018102
1446477018135
1446477018169
1446477018206
1446477018242
1446477018273
1446477018305
1446477018374
1446477018425
1446477018459
1446477018494
1446477018526
1446477018574
1446477018617
1446477018655
1446477018690
1446477018723
1446477018757
1446477018789
1446477018822
1446477018859
1446477018893
1446477018941
1446477018982
1446477019025
1446477019065
1446477019097
1446477019129
1446477019161
1446477019195
1446477019234
1446477019266
1446477019298
1446477019330
1446477019365
1446477019398
1446477019429
1446477019462
1446477019494
1446477019530
1446477019566
1446477019598
1446477019630
1446477019665
1446477019698
1446477019730
1446477019767
1446477019801
1446477019834
1446477019870
1446477019906
1446477019938
1446477019973
1446477020007
1446477020041
1446477020075
1446477020109
1446477020144
1446477020179
1446477020222
1446477020257
1446477020307
1446477020613
1446477021098
1446477021141
1446477021199
1446477021235
1446477021268
1446477021302
1446477021341
1446477021374
1446477021406
1446477021438
1446477021478
1446477021510
1446477021543
1446477021578
1446477021613
1446477021646
1446477021682
1446477021732
1446477021764
1446477021802
1446477021849
1446477021890
1446477021929
1446477021962
1446477021998
1446477022033
1446477022066
1446477022114
1446477022151
1446477022186
1446477022221
1446477022254
1446477022288
1446477022322
1446477022517
1446477022546
1446477022579
1446477022614
1446477022647
1446477022680
1446477022718
1446477022749
1446477022783
1446477022819
1446477022874
1446477022906
1446477022947
1446477022981
1446477023014
1446477023050
1446477023098
1446477023487
1446477023987
1446477024487
1446477024949
1446477025028
1446477025528
1446477026028
1446477026539
1446477026830
1446477026862
1446477026898
1446477026933
1446477027113
1446477027159
1446477027192
1446477027226
1446477027295
1446477027326
1446477027357
1446477027486
1446477027518
1446477027552
1446477027586
1446477027624
1446477027661
1446477027694
1446477027727
1446477027761
1446477027794
1446477027826
1446477027861
1446477027895
1446477027926
1446477027957
1446477027991
1446477028029
1446477028062
1446477028098
1446477028130
1446477028178
1446477028221
1446477028627
1446477029126
1446477029626
1446477030045
1446477030082
1446477030117
1446477030150
1446477030185
1446477030219
1446477030253
1446477030286
1446477030322
1446477030358
1446477030394
1446477030431
1446477030463
1446477030499
1446477030535
1446477030571
1446477030605
1446477030638
1446477030673
1446477030706
1446477030741
1446477030773
1446477030807
1446477030863
1446477030911
1446477031126
1446477031625
1446477032125
1446477032518
1446477032629
1446477032662
1446477032693
1446477032730
1446477032763
1446477032802
1446477032835
1446477032867
1446477032910
1446477033125
1446477033624
1446477034124
1446477034624
1446477034777
1446477034809
1446477034842
1446477034879
1446477034918
1446477034959
1446477034994
1446477035042
1446477035084
1446477035199
1446477035699
1446477036198
1446477036698
1446477037215
1446477037286
1446477037319
1446477037354
1446477037534
1446477037574
1446477037636
1446477037773
1446477038091
1446477038133
1446477038174
1446477038216
1446477038714
1446477039214
1446477039713
1446477040038
1446477040082
1446477040112
1446477040142
1446477040177
1446477040223
1446477040265
1446477040308
1446477040349
1446477040398
1446477040440
1446477040546
1446477041046
1446477041477
1446477041508
1446477041541
1446477041572
1446477041619
1446477041653
1446477041698
1446477041913
1446477042599
1446477042628
1446477042657
1446477042686
1446477042720
1446477042757
1446477042786
1446477042817
1446477042846
1446477042881
1446477042912
1446477042943
1446477042990
1446477043039
1446477043075
1446477043114
1446477043149
1446477043185
1446477043230
1446477043284
1446477043318
1446477043354
1446477043389
1446477043422
1446477043460
1446477043494
1446477043528
1446477043561
1446477043594
1446477043634
1446477043669
1446477043703
1446477043736
1446477043771
1446477043822
1446477043863
1446477043907
1446477043945
1446477043978
1446477044010
1446477044045
1446477044097
1446477044138
1446477044173
1446477044211
1446477044244
1446477044279
1446477044312
1446477044344
1446477044382
1446477044418
1446477044449
1446477044482
1446477044514
1446477044546
1446477044581
1446477044614
1446477044647
1446477044682
1446477044714
1446477044747
1446477044797
1446477045203
1446477045702
1446477046202
1446477046568
1446477046601
1446477046635
1446477046669
1446477046702
1446477046737
1446477046769
1446477046806
1446477046839
1446477046869
1446477046906
1446477046941
1446477046974
1446477047007
1446477047041
1446477047089
1446477047122
1446477047160
1446477047198
1446477047233
1446477047267
1446477047302
1446477047334
1446477047482
1446477047514
1446477047546
1446477047581
1446477047614
1446477047662
1446477047703
1446477047745
1446477048226
1446477048726
1446477049226
1446477049751
1446477050275
1446477050775
1446477051075
1446477051108
1446477051142
1446477051175
1446477051217
1446477051250
1446477051284
1446477051317
1446477051348
1446477051382
1446477051418
1446477051453
1446477051487
1446477051543
1446477051586
1446477051626
1446477051758
1446477052258
1446477052565
1446477052597
1446477052629
1446477052662
1446477052702
1446477052735
1446477052769
1446477052803
1446477052850
1446477052893
1446477052935
1446477052974
1446477053010
1446477053045
1446477053079
1446477053113
1446477053149
1446477053182
1446477053214
1446477053248
1446477053282
1446477053318
1446477053367
1446477053410
1446477053446
1446477053481
1446477053514
1446477053546
1446477053585
1446477053617
1446477053650
1446477053701
1446477053742
1446477054115
1446477054615
1446477055115
1446477055648
1446477056148
1446477056433
1446477056471
1446477056514
1446477056547
1446477056581
1446477056614
1446477056647
1446477056678
1446477056714
1446477056765
1446477056808
1446477056851
1446477056891
1446477056925
1446477056974
1446477057008
1446477057047
1446477057081
1446477057113
1446477057150
1446477057189
1446477057222
1446477057253
1446477057286
1446477057326
1446477057358
1446477057558
1446477057598
1446477057641
1446477057682
1446477057736
1446477057769
1446477057806
1446477057840
1446477057872
1446477057923
1446477057958
1446477057991
1446477058032
1446477058065
1446477058098
1446477058134
1446477058168
1446477058203
1446477058240
1446477058277
1446477058309
1446477058344
1446477058380
1446477058418
1446477058450
1446477058482
1446477058516
1446477058555
1446477058588
1446477058622
1446477058653
1446477058689
1446477058724
1446477058761
1446477058794
1446477058827
1446477058862
1446477058899
1446477058933
1446477058965
1446477059000
1446477059038
1446477059074
1446477059107
1446477059141
1446477059177
1446477059207
1446477059249
1446477059463
1446477059963
1446477060463
1446477061088
1446477061130
1446477061174
1446477061213
1446477061259
1446477061294
1446477061326
1446477061373
1446477061413
1446477061457
1446477061495
1446477061526
1446477061562
1446477061602
1446477061638
1446477061670
1446477061702
1446477061746
1446477061790
1446477061822
1446477061856
1446477061895
1446477061927
1446477061962
1446477061996
1446477062029
1446477062062
1446477062101
1446477062134
1446477062181
1446477062222
1446477062264
1446477062539
1446477062572
1446477062606
1446477062637
1446477062669
1446477062714
1446477062754
1446477062797
1446477062833
1446477062880
1446477062921
1446477062953
1446477062989
1446477063021
1446477063050
1446477063080
1446477063116
1446477063153
1446477063186
1446477063218
1446477063258
1446477063290
1446477063337
1446477063380
1446477063422
1446477063919
1446477064419
1446477064919
1446477065174
1446477065207
1446477065238
1446477065273
1446477065304
1446477065338
1446477065369
1446477065402
1446477065434
1446477065469
1446477065501
1446477065534
1446477065569
1446477065601
1446477065634
1446477065666
1446477065698
1446477065731
1446477065766
1446477065837
1446477066194
1446477066693
1446477067193
1446477067530
1446477067562
1446477067593
1446477067634
1446477067668
1446477067705
1446477067738
1446477067770
1446477067804
1446477067837
1446477067869
1446477067902
1446477067936
1446477067968
1446477068002
1446477068045
1446477068086
1446477068492
1446477068992
1446477069492
1446477069928
1446477069967
1446477069998
1446477070030
1446477070062
1446477070093
1446477070126
1446477070156
1446477070201
1446477070244
1446477070282
1446477070313
1446477070346
1446477070382
1446477070417
1446477070450
1446477070483
1446477070518
1446477070550
1446477070587
1446477070634
1446477070678
1446477070713
1446477070760
1446477070797
1446477070886
1446477070927
1446477070961
1446477070994
1446477071027
1446477071058
1446477071086
1446477071509
1446477071546
1446477071579
1446477071613
1446477071647
1446477071686
1446477071722
1446477071754
1446477071789
1446477071822
1446477071854
1446477071886
1446477071919
1446477071952
1446477071986
1446477072019
1446477072067
1446477072541
1446477072575
1446477072609
1446477072642
1446477072702
1446477072743
1446477072789
1446477072822
1446477072854
1446477072901
1446477072941
1446477072974
1446477073005
1446477073038
1446477073068
1446477073109
1446477073141
1446477073175
1446477073209
1446477073243
1446477073293
1446477073334
1446477073723
1446477074223
1446477074723
1446477075194
1446477075242
1446477075282
1446477075321
1446477075354
1446477075389
1446477075423
1446477075457
1446477075489
1446477075522
1446477075554
1446477075589
1446477075622
1446477075657
1446477075689
1446477075722
1446477075758
1446477075791
1446477075842
1446477076061
1446477076107
1446477076149
1446477076190
1446477076321
1446477076356
1446477076389
1446477076422
1446477076455
1446477076488
1446477076526
1446477076561
1446477076594
1446477076626
1446477076661
1446477076707
1446477076749
1446477076880
1446477077380
1446477077632
1446477077674
1446477077714
1446477077760
1446477077798
1446477077830
1446477077862
1446477077897
1446477077928
1446477077962
1446477077996
1446477078030
1446477078063
1446477078097
1446477078130
1446477078164
1446477078198
1446477078231
1446477078265
1446477078300
1446477078334
1446477078382
1446477078588
1446477079088
1446477079587
1446477080087
1446477080273
1446477080587
1446477081087
1446477081587
1446477082128
1446477082622
1446477082657
