1446476836486
1446476837062
1446476837562
1446476838062
1446476838578
1446476838717
1446476838779
1446476838830
1446476839311
1446476839754
1446476839785
1446476839829
1446476839859
1446476839895
1446476839927
1446476839960
1446476839994
1446476840028
1446476840059
1446476840091
1446476840126
1446476840158
1446476840191
1446476840226
1446476840257
1446476840290
1446476840322
1446476840357
1446476840391
1446476840422
1446476840456
1446476840490
1446476840520
1446476840554
1446476840586
1446476840618
1446476840649
1446476840681
1446476840711
1446476840742
1446476840775
1446476840807
1446476840837
1446476840869
1446476840900
1446476840930
1446476840961
1446476840994
1446476841025
1446476841057
1446476841090
1446476841120
1446476841153
1446476841182
1446476841216
1446476841249
1446476841283
1446476841317
1446476841349
1446476841379
1446476841413
1446476841443
1446476841474
1446476841706
1446476841753
1446476841794
1446476841824
1446476842067
1446476842567
1446476842808
1446476842845
1446476842877
1446476842907
1446476842942
1446476842976
1446476843009
1446476843043
1446476843074
1446476843105
1446476843138
1446476843175
1446476843207
1446476843239
1446476843274
1446476843307
1446476843338
1446476843372
1446476843409
1446476843441
1446476843474
1446476843507
1446476843542
1446476843575
1446476843609
1446476843643
1446476843678
1446476843710
1446476843746
1446476843781
1446476843815
1446476843848
