1446476565445
1446476565637
1446476565684
1446476565715
1446476565743
1446476565776
1446476565806
1446476565836
1446476565867
1446476565899
1446476565928
1446476565962
1446476565991
1446476566020
1446476566054
1446476566083
1446476566115
1446476566146
1446476566178
1446476566208
1446476566242
1446476566271
1446476566305
1446476566334
1446476566366
1446476566403
1446476566441
1446476566472
1446476566502
1446476566534
1446476566565
1446476566597
1446476566630
1446476566661
1446476566691
1446476566723
1446476566758
1446476566788
1446476566817
1446476566856
1446476566886
1446476566915
1446476566944
1446476566978
1446476567007
1446476567036
1446476567069
1446476567099
1446476567128
1446476567161
1446476567191
1446476567222
1446476567253
1446476567282
1446476567316
1446476567345
1446476567377
1446476567410
1446476567439
1446476567471
1446476567504
1446476567537
1446476567573
1446476567602
1446476567633
1446476567664
1446476567694
1446476567723
1446476567754
1446476567787
1446476567818
1446476567850
1446476567878
1446476567910
1446476567941
1446476567973
1446476568002
1446476568034
1446476568065
1446476568097
1446476568127
1446476568157
1446476568187
1446476568219
1446476568250
1446476568281
1446476568314
1446476568343
1446476568376
1446476568406
1446476568436
1446476568469
1446476568498
1446476568529
1446476568559
1446476568590
1446476568799
1446476568826
1446476568854
1446476568881
1446476568910
