1446477086394
1446477086951
1446477087538
1446477087586
1446477087635
1446477087678
1446477087876
1446477088375
1446477088875
1446477089375
1446477089908
1446477090408
1446477090879
1446477090925
1446477090977
1446477091021
1446477091058
1446477091094
1446477091128
1446477091165
1446477091199
1446477091234
1446477091270
1446477091306
1446477091343
1446477091378
1446477091414
1446477091450
1446477091488
1446477091526
1446477091562
1446477091598
1446477091634
1446477091670
1446477091706
1446477091745
1446477091824
1446477092323
1446477092636
1446477092668
1446477092700
1446477092737
1446477092774
1446477092808
1446477092842
1446477092874
1446477092905
1446477092937
1446477092972
1446477093025
1446477093058
1446477093096
1446477093129
1446477093162
1446477093194
1446477093226
1446477093263
1446477093317
1446477093358
1446477093394
1446477093427
1446477093483
1446477093525
1446477093560
1446477093598
1446477093633
1446477093666
1446477093698
1446477093734
1446477093783
1446477093825
1446477093956
1446477094456
1446477094956
1446477095456
1446477096074
1446477096115
1446477096157
1446477096198
1446477096243
1446477096281
1446477096315
1446477096348
1446477096383
1446477096418
1446477096453
1446477096489
1446477096522
1446477096556
1446477096593
1446477096626
1446477096658
1446477096694
1446477096728
1446477096762
1446477096799
1446477096834
1446477096869
1446477096902
1446477096934
1446477096973
1446477097007
1446477097042
1446477097078
1446477097111
1446477097146
1446477097182
1446477097217
1446477097251
1446477097286
1446477097320
1446477097358
1446477097394
1446477097429
1446477097614
1446477097657
1446477097688
1446477097721
1446477097761
1446477097794
1446477097828
1446477097862
1446477097898
1446477097933
1446477097966
1446477097999
1446477098034
1446477098068
1446477098114
1446477098157
1446477098371
1446477098871
1446477099370
1446477099870
1446477099980
1446477100015
1446477100048
1446477100097
1446477100137
1446477100174
1446477100221
1446477100437
1446477101228
1446477101270
1446477101302
1446477101337
1446477101377
1446477101411
1446477101445
1446477101477
1446477101515
1446477101549
1446477101582
1446477101630
1446477101664
1446477101699
1446477101735
1446477101788
1446477101838
1446477101953
1446477102452
1446477102638
1446477102680
1446477102714
1446477102747
1446477102789
1446477102822
1446477102858
1446477102894
1446477102929
1446477102962
1446477102997
1446477103030
1446477103067
1446477103106
1446477103138
1446477103173
1446477103206
1446477103241
1446477103275
1446477103307
1446477103343
1446477103378
1446477103414
1446477103461
1446477103535
1446477103713
1446477104019
1446477104518
1446477105018
1446477105507
1446477105550
1446477105585
1446477105620
1446477105658
1446477105694
1446477105726
1446477105763
1446477105803
1446477105841
1446477105876
1446477105918
1446477105950
1446477105982
1446477106017
1446477106056
1446477106093
1446477106126
1446477106158
1446477106195
1446477106230
1446477106263
1446477106302
1446477106335
1446477106367
1446477106402
1446477106443
1446477106481
1446477106514
1446477106552
1446477106586
1446477106621
1446477106654
1446477106692
1446477106726
1446477106761
1446477106798
1446477106834
1446477106870
1446477106902
1446477106934
1446477106971
1446477107006
1446477107053
1446477107093
1446477107135
1446477107627
1446477107677
1446477107734
1446477107777
1446477107812
1446477107849
1446477107882
1446477108026
1446477108069
1446477108103
1446477108138
1446477108185
1446477108226
1446477108269
1446477108766
1446477109266
1446477109766
1446477110274
1446477110418
1446477110458
1446477110501
1446477110554
1446477110615
1446477111115
1446477111615
1446477112115
1446477112667
1446477112700
1446477112743
1446477112777
1446477112817
1446477112850
1446477112885
1446477112933
1446477112974
1446477113008
1446477113050
1446477113099
1446477113142
1446477113182
1446477113514
1446477114014
1446477114514
1446477114976
1446477115014
1446477115057
1446477115098
1446477115405
1446477115905
1446477116065
1446477116106
1446477116148
1446477116357
1446477116406
1446477116444
1446477116478
1446477116517
1446477116554
1446477116590
1446477116625
1446477116658
1446477116705
1446477116747
1446477117213
1446477117657
1446477117690
1446477117725
1446477117758
1446477117806
1446477117847
1446477117890
1446477118295
1446477118795
1446477119295
1446477119687
1446477119731
1446477119762
1446477119795
1446477119829
1446477119862
1446477119894
1446477119928
1446477119963
1446477120014
1446477120054
1446477120097
1446477120133
1446477120171
1446477120206
1446477120238
1446477120275
1446477120309
1446477120352
1446477120390
1446477120438
1446477120480
1446477120518
1446477120554
1446477120589
1446477120625
1446477120659
1446477120694
1446477120729
1446477120763
1446477120798
1446477120835
1446477120869
1446477120905
1446477120938
1446477120974
1446477121008
1446477121046
1446477121079
1446477121115
1446477121151
1446477121186
1446477121222
1446477121273
1446477121309
1446477121345
1446477121378
1446477121414
1446477121454
1446477121490
1446477121522
1446477121562
1446477121596
1446477121646
1446477121844
1446477122343
1446477122636
1446477122666
1446477122701
1446477122733
1446477122770
1446477122802
1446477122834
1446477122869
1446477122921
1446477122954
1446477122986
1446477123026
1446477123058
1446477123090
1446477123129
1446477123163
1446477123198
1446477123234
1446477123269
1446477123301
1446477123337
1446477123377
1446477123410
1446477123446
1446477123478
1446477123514
1446477123550
1446477123702
1446477123745
1446477123786
1446477123828
1446477124134
1446477124634
1446477125134
1446477125326
1446477125370
1446477125410
1446477125717
1446477126217
1446477126717
1446477127788
1446477127822
1446477127854
1446477127885
1446477127918
1446477127950
1446477127986
1446477128034
1446477128077
1446477128110
1446477128152
1446477128186
1446477128219
1446477128254
1446477128302
1446477128343
1446477128381
1446477128418
1446477128450
1446477128485
1446477128521
1446477128568
1446477128601
1446477128638
1446477128671
1446477128706
1446477128754
1446477128786
1446477128823
1446477128858
1446477128894
1446477129018
1446477129051
1446477129083
1446477129118
1446477129150
1446477129185
1446477129218
1446477129254
1446477129291
1446477129327
1446477129359
1446477129414
1446477129454
1446477129501
1446477129542
1446477129587
1446477129625
1446477129658
1446477129694
1446477129726
1446477129762
1446477129800
1446477129834
1446477129867
1446477129903
1446477129939
1446477129974
1446477130030
1446477130066
1446477130103
1446477130138
1446477130177
1446477130211
1446477130250
1446477130286
1446477130322
1446477130358
1446477130390
1446477130421
1446477130458
1446477130491
1446477130525
1446477130558
1446477130596
1446477130633
1446477130666
1446477130698
1446477130732
1446477130767
1446477130801
1446477130834
1446477130870
1446477130902
1446477130942
1446477130977
1446477131010
1446477131042
1446477131075
1446477131109
1446477131142
1446477131178
1446477131222
1446477131258
1446477131293
1446477131326
1446477131374
1446477131417
1446477131463
1446477131501
1446477131535
1446477131569
1446477131602
1446477131638
1446477131673
1446477131707
1446477131742
1446477131792
1446477131826
1446477131867
1446477131902
1446477131939
1446477131974
1446477132007
1446477132043
1446477132078
1446477132113
1446477132145
1446477132190
1446477132497
1446477132758
1446477132798
1446477132841
1446477132882
1446477133380
1446477133880
1446477134380
1446477134905
1446477135131
1446477135182
1446477135231
1446477135363
1446477135863
1446477136364
1446477136408
1446477136442
1446477136474
1446477136526
1446477136566
1446477136602
1446477136637
1446477136667
1446477136704
1446477136739
1446477136773
1446477136806
1446477136838
1446477136870
1446477136903
1446477136935
1446477136968
1446477137003
1446477137038
1446477137075
1446477137115
1446477137149
1446477137182
1446477137230
1446477137752
1446477137782
1446477137818
1446477137850
1446477137886
1446477137921
1446477137961
1446477137994
1446477138030
1446477138069
1446477138102
1446477138139
1446477138175
1446477138209
1446477138246
1446477138278
1446477138314
1446477138350
1446477138383
1446477138419
1446477138455
1446477138505
1446477138539
1446477138578
1446477138613
1446477138646
1446477138680
1446477138714
1446477138751
1446477138786
1446477138821
1446477138854
1446477138888
1446477138923
1446477138954
1446477138987
1446477139024
1446477139070
1446477139286
1446477139786
1446477140286
1446477140785
1446477140953
1446477140996
1446477141031
1446477141066
1446477141112
1446477141148
1446477141185
1446477141218
1446477141254
1446477141287
1446477141321
1446477141354
1446477141389
1446477141422
1446477141457
1446477141494
1446477141526
1446477141563
1446477141612
1446477142002
1446477142501
1446477142786
1446477142822
1446477142870
1446477142904
1446477142937
1446477142977
1446477143019
1446477143054
1446477143088
1446477143137
1446477143179
1446477143476
1446477143976
1446477144475
1446477144975
1446477145101
1446477145144
1446477145179
1446477145217
1446477145251
1446477145286
1446477145319
1446477145355
1446477145391
1446477145427
1446477145464
1446477145498
1446477145534
1446477145568
1446477145606
1446477145638
1446477145674
1446477145715
1446477145752
1446477145786
1446477145822
1446477145858
1446477145894
1446477145930
1446477145967
1446477146002
1446477146037
1446477146075
1446477146109
1446477146142
1446477146175
1446477146208
1446477146241
1446477146273
1446477146308
1446477146347
1446477146382
1446477146414
1446477146457
1446477146497
1446477146534
1446477146569
1446477146605
1446477146638
1446477146670
1446477146703
1446477146737
1446477146770
1446477146802
1446477146833
1446477146868
1446477146904
1446477146938
1446477146977
1446477147010
1446477147060
1446477147283
1446477147749
1446477147801
1446477147842
1446477147884
1446477148041
1446477148084
1446477148126
1446477148166
1446477148490
1446477148990
1446477149490
1446477149961
1446477150025
1446477150066
1446477150102
1446477150142
1446477150176
1446477150209
1446477150242
1446477150277
1446477150326
1446477150374
1446477150414
1446477150451
1446477150486
1446477150533
1446477150585
1446477150618
1446477150666
1446477151075
1446477151572
1446477152072
1446477152588
1446477152824
1446477152857
1446477152890
1446477152924
1446477152958
1446477153006
1446477153057
1446477153098
1446477153596
1446477154096
1446477154596
1446477154890
1446477154931
1446477154973
1446477155012
1446477155048
1446477155082
1446477155118
1446477155154
1446477155187
1446477155222
1446477155258
1446477155292
1446477155326
1446477155362
1446477155398
1446477155437
1446477155471
1446477155506
1446477155542
1446477155577
1446477155762
1446477156114
1446477156173
1446477156206
1446477156240
1446477156273
1446477156305
1446477156337
1446477156375
1446477156414
1446477156450
1446477156497
1446477156537
1446477156753
1446477157253
1446477157744
1446477157776
1446477157806
1446477157837
1446477157869
1446477157914
1446477157952
1446477157986
1446477158017
1446477158049
1446477158096
1446477158137
1446477158183
1446477158221
1446477158253
1446477158284
1446477158314
1446477158350
1446477158381
1446477158415
1446477158462
1446477158505
1446477158849
1446477158882
1446477158917
1446477158987
1446477159022
1446477159057
1446477159097
1446477159130
1446477159162
1446477159198
1446477159231
1446477159263
1446477159298
1446477159333
1446477159366
1446477159403
1446477159438
1446477159470
1446477159506
1446477159538
1446477159575
1446477159613
1446477159662
1446477159705
1446477159743
1446477159779
1446477159815
1446477159850
1446477159882
1446477159918
1446477159956
1446477159990
1446477160025
1446477160059
1446477160094
1446477160129
1446477160165
1446477160214
1446477160250
1446477160286
1446477160319
1446477160358
1446477160393
1446477160426
1446477160465
1446477160502
1446477160537
1446477160570
1446477160603
1446477160638
1446477160687
1446477160729
1446477160951
1446477161451
1446477161951
1446477162484
1446477162853
1446477162893
1446477162936
1446477162978
1446477163015
1446477163050
1446477163081
1446477163114
1446477163146
1446477163178
1446477163227
1446477163269
1446477163484
1446477163984
1446477164483
1446477164983
1446477165127
1446477165158
1446477165190
1446477165234
1446477165277
1446477165311
1446477165345
1446477165377
1446477165408
1446477165442
1446477165475
1446477165508
1446477165542
1446477165575
1446477165609
1446477165642
1446477165675
1446477165709
1446477165756
1446477165818
1446477165861
1446477165910
1446477166409
1446477166491
1446477166526
1446477166558
1446477166594
1446477166626
1446477166657
1446477166694
1446477166726
1446477166757
1446477166789
1446477166828
1446477166865
1446477166898
1446477166942
1446477167082
1446477167582
1446477167834
1446477167884
1446477167925
1446477167966
1446477168390
1446477168890
1446477169390
1446477169770
1446477169810
1446477169847
1446477169878
1446477169925
1446477169965
1446477170009
1446477170042
1446477170074
1446477170109
1446477170142
1446477170204
1446477170258
1446477170293
1446477170325
1446477170363
1446477170398
1446477170434
1446477170482
1446477170516
1446477170550
1446477170598
1446477171097
1446477171597
1446477172097
1446477172390
1446477172440
1446477172481
1446477172783
1446477172817
1446477172850
1446477172882
1446477172931
1446477173154
1446477173654
1446477174154
1446477174654
1446477174758
1446477174794
1446477174826
1446477174858
1446477174893
1446477174926
1446477174957
1446477174990
1446477175022
1446477175053
1446477175098
1446477175134
1446477175170
1446477175205
1446477175238
1446477175269
1446477175302
1446477175338
1446477175378
1446477175409
1446477175443
1446477175477
1446477175509
1446477175542
1446477175589
1446477175630
1446477175674
1446477175713
1446477175763
1446477175798
1446477175830
1446477175868
1446477175905
1446477175943
1446477175978
1446477176011
1446477176046
1446477176082
1446477176119
1446477176154
1446477176191
1446477176226
1446477176260
1446477176303
1446477176334
1446477176372
