1446476633009
1446476633169
1446476633215
1446476633255
1446476633303
1446476633339
1446476633377
1446476633422
1446476633457
1446476633495
1446476633532
1446476633569
1446476633607
1446476633644
1446476633680
1446476633718
1446476633755
1446476633791
1446476633831
1446476633867
1446476633904
1446476633942
1446476633978
1446476634015
1446476634053
1446476634091
1446476634129
1446476634167
1446476634203
1446476634240
1446476634278
1446476634317
1446476634353
1446476634591
1446476635090
1446476635590
1446476635660
1446476635700
1446476635739
1446476635778
1446476635817
1446476635855
1446476635985
1446476636033
1446476636085
1446476636135
1446476636195
1446476636231
1446476636268
1446476636304
1446476636381
1446476636419
1446476636457
1446476636493
1446476636531
1446476636569
1446476636612
1446476636660
1446476636706
1446476636743
1446476636788
1446476636825
1446476636863
1446476636901
1446476636940
1446476636976
1446476637019
1446476637057
1446476637093
1446476637132
1446476637169
1446476637208
1446476637245
1446476637284
1446476637324
1446476637364
1446476637401
1446476637440
1446476637477
1446476637522
1446476637560
1446476637598
1446476637637
1446476637673
1446476637712
1446476637750
1446476637794
1446476637841
1446476638348
1446476638689
1446476638752
1446476638790
1446476638829
1446476638867
1446476638904
1446476638942
1446476638980
1446476639020
1446476639059
1446476639100
1446476639140
