1446477373922
1446477374118
1446477374155
1446477374195
1446477374231
1446477374267
1446477374303
1446477374338
1446477374379
1446477374415
1446477374448
1446477374482
1446477374525
1446477374559
1446477374594
1446477374629
1446477374664
1446477374706
1446477374743
1446477374778
1446477374814
1446477374858
1446477374893
1446477375047
1446477375082
1446477375117
1446477375153
1446477375191
1446477375243
1446477375292
1446477375329
1446477375370
1446477375407
1446477375445
1446477375493
1446477375542
1446477375773
1446477376273
1446477376773
1446477377134
1446477377186
1446477377222
1446477377258
1446477377294
1446477377342
1446477377382
1446477377433
1446477377483
1446477377522
1446477377562
1446477377598
1446477377635
1446477377674
1446477377712
1446477377751
1446477377799
1446477378297
1446477378797
1446477379082
1446477379131
1446477379182
1446477379322
1446477379821
1446477380321
1446477380821
1446477381139
1446477381181
1446477381230
1446477381274
1446477381314
1446477381353
1446477381389
1446477381425
1446477381459
1446477381497
1446477381534
1446477381568
1446477381604
1446477381642
1446477381689
1446477381729
1446477381778
1446477381818
1446477381853
1446477381891
1446477381929
1446477381967
1446477382005
1446477382042
1446477382078
1446477382117
1446477382164
1446477382662
1446477383162
1446477383661
1446477384154
1446477384191
1446477384238
1446477384288
1446477384339
1446477384761
1446477385261
1446477385760
1446477386188
1446477386227
1446477386265
1446477386313
1446477386549
1446477386592
1446477386637
1446477386686
1446477387001
1446477387501
1446477388063
1446477388101
1446477388137
1446477388173
1446477388208
1446477388244
1446477388282
1446477388319
1446477388354
1446477388402
1446477388453
1446477388502
1446477389070
1446477389117
1446477389162
1446477389210
1446477389434
1446477389934
1446477390433
1446477390933
1446477391026
1446477391061
1446477391095
1446477391128
1446477391163
1446477391209
1446477391433
1446477391933
1446477392432
1446477392932
1446477393007
1446477393049
1446477393082
1446477393121
1446477393160
1446477393202
1446477393235
1446477393267
1446477393305
1446477393342
1446477393393
1446477393442
1446477393740
1446477394094
1446477394133
1446477394166
1446477394198
1446477394237
1446477394270
1446477394304
1446477394337
1446477394370
1446477394408
1446477394445
1446477394478
1446477394525
1446477394565
1446477394611
1446477394650
1446477394684
1446477394718
1446477394755
1446477394794
1446477394833
1446477394871
1446477394908
1446477394945
1446477394989
1446477395027
1446477395063
1446477395101
1446477395137
1446477395183
1446477395523
1446477396044
1446477396090
1446477396133
1446477396182
1446477396219
1446477396265
1446477396308
1446477396344
1446477396387
1446477396425
1446477396461
1446477396502
1446477396543
1446477396578
1446477396617
1446477396654
1446477396690
1446477396727
1446477396766
1446477396805
1446477396842
1446477396877
1446477396913
1446477396958
1446477396996
1446477397033
1446477397069
1446477397115
1446477397166
1446477397663
1446477398163
1446477398663
1446477399346
1446477399383
1446477399418
1446477399454
1446477399489
1446477399524
1446477399561
1446477399595
1446477399635
1446477399673
1446477399709
1446477399743
1446477399778
1446477399816
1446477399853
1446477399889
1446477399922
1446477399958
1446477400006
1446477400504
1446477401004
1446477401504
1446477401840
1446477401878
1446477401914
1446477401950
1446477401987
1446477402026
1446477402063
1446477402098
1446477402146
1446477402553
1446477403053
1446477403552
1446477403969
1446477404319
1446477404362
1446477404404
1446477404462
1446477404513
1446477404561
1446477404604
1446477405043
1446477405543
1446477406093
1446477406149
1446477406182
1446477406214
1446477406250
1446477406289
1446477406323
1446477406357
1446477406402
1446477406442
1446477406477
1446477406521
1446477406555
1446477406628
1446477406685
1446477406843
1446477407342
1446477407842
1446477408342
1446477408867
1446477409334
1446477409366
1446477409399
1446477409433
1446477409466
1446477409498
1446477409533
1446477409568
1446477409603
1446477409636
1446477409671
1446477409708
1446477409745
1446477409779
1446477409818
1446477409854
1446477409889
1446477409926
1446477409962
1446477409999
1446477410038
1446477410075
1446477410112
1446477410149
1446477410186
1446477410224
1446477410261
1446477410299
1446477410336
1446477410373
1446477410412
1446477410449
1446477410486
1446477410522
1446477410559
1446477410597
1446477410634
1446477410670
1446477410708
1446477410746
1446477410784
1446477410818
1446477410857
1446477410893
1446477410957
1446477411466
1446477411829
1446477411871
1446477411908
1446477411946
1446477411983
1446477412018
1446477412057
1446477412097
1446477412133
1446477412169
1446477412207
1446477412245
1446477412281
1446477412319
1446477412355
1446477412394
1446477412433
1446477412469
1446477412509
1446477412546
1446477412586
1446477412622
1446477412659
1446477412698
1446477412737
1446477412775
1446477412813
1446477412851
1446477412889
1446477412929
1446477412982
1446477413029
1446477413071
1446477413107
1446477413143
1446477413179
1446477413217
1446477413254
1446477413290
1446477413329
1446477413365
1446477413402
1446477413439
1446477413478
1446477413515
1446477413552
1446477413589
1446477413626
1446477413664
1446477413699
1446477413736
1446477413771
1446477413989
1446477414399
1446477414458
1446477414494
1446477414526
1446477414561
1446477414617
1446477414653
1446477414686
1446477414739
1446477414786
1446477414822
1446477414859
1446477414899
1446477414934
1446477414982
1446477415034
1446477415347
1446477415847
1446477416347
1446477416788
1446477416827
1446477416860
1446477416898
1446477416940
1446477416975
1446477417012
1446477417049
1446477417086
1446477417123
1446477417159
1446477417197
1446477417235
1446477417274
1446477417311
1446477417349
1446477417386
1446477417425
1446477417474
1446477417771
1446477418114
1446477418150
1446477418185
1446477418217
1446477418257
1446477418297
1446477418332
1446477418366
1446477418401
1446477418442
1446477418479
1446477418565
1446477418614
1446477418656
1446477418879
1446477419360
1446477419396
1446477419433
1446477419468
1446477419505
1446477419555
1446477419607
1446477419649
1446477419686
1446477419722
1446477419758
1446477419794
1446477419827
1446477419867
1446477419903
1446477419939
1446477419975
1446477420013
1446477420049
1446477420085
1446477420122
1446477420158
1446477420194
1446477420233
1446477420269
1446477420306
1446477420343
1446477420379
1446477420417
1446477420463
1446477420521
1446477420928
1446477421281
1446477421317
1446477421355
1446477421394
1446477421431
1446477421469
1446477421506
1446477421544
1446477421579
1446477421616
1446477421658
1446477421694
1446477421730
1446477421767
1446477421807
1446477421928
1446477421980
1446477422018
1446477422059
1446477422096
1446477422134
1446477422173
1446477422209
1446477422245
1446477422283
1446477422318
1446477422354
1446477422391
1446477422429
1446477422465
1446477422511
1446477422549
1446477422586
1446477422625
1446477422662
1446477422701
1446477422738
1446477422777
1446477422817
1446477422857
1446477422906
1446477422957
1446477422999
1446477423038
1446477423075
1446477423118
1446477423157
1446477423197
1446477423238
1446477423287
1446477423694
1446477424193
1446477424442
1446477424485
1446477424528
1446477424569
1446477424606
1446477424641
1446477424685
1446477424729
1446477424769
1446477424806
1446477424838
1446477424873
1446477424909
1446477424953
1446477424993
1446477425028
1446477425066
1446477425102
1446477425134
1446477425168
1446477425202
1446477425237
1446477425270
1446477425304
1446477425338
1446477425373
1446477425407
1446477425442
1446477425486
1446477425693
1446477426081
1446477426117
1446477426161
1446477426210
1446477426253
1446477426659
1446477427159
1446477427658
1446477428002
1446477428392
1446477429120
1446477429162
1446477429198
1446477429354
1446477429394
1446477429426
1446477429460
1446477429498
1446477429541
1446477429585
1446477429634
1446477429684
1446477429726
1446477429762
1446477429802
1446477429837
1446477429874
1446477429910
1446477429943
1446477429988
1446477430027
1446477430062
1446477430096
1446477430132
1446477430174
1446477430208
1446477430242
1446477430275
1446477430312
1446477430352
1446477430390
1446477430426
1446477430464
1446477430502
1446477430539
1446477430577
1446477430614
1446477430653
1446477430689
1446477430725
1446477430762
1446477430799
1446477430835
1446477430872
1446477430910
1446477430958
1446477430994
1446477431035
1446477431071
1446477431107
1446477431145
1446477431193
1446477431241
1446477431296
1446477431337
1446477431374
1446477431409
1446477431446
1446477431482
1446477431518
1446477431553
1446477431593
1446477431626
1446477431664
1446477431704
1446477431738
1446477431776
1446477431837
1446477431873
1446477431913
1446477431948
1446477431983
1446477432018
1446477432062
1446477432099
1446477432134
1446477432169
1446477432205
1446477432241
1446477432278
1446477432313
1446477432348
1446477432385
1446477432418
1446477432454
1446477432491
1446477432542
1446477432948
1446477433448
1446477433947
1446477434390
1446477434432
1446477434474
1446477434513
1446477434550
1446477434583
1446477434619
1446477434666
1446477434805
1446477435305
1446477435805
1446477436097
1446477436140
1446477436190
1446477436229
1446477436265
1446477436301
1446477436337
1446477436373
1446477436408
1446477436443
1446477436509
1446477436565
1446477436614
1446477436838
1446477437338
1446477437837
1446477438337
1446477438414
1446477438448
1446477438482
1446477438519
1446477438557
1446477438590
1446477438624
1446477438659
1446477438696
1446477438732
1446477438769
1446477438804
1446477438838
1446477438873
1446477438906
1446477438941
1446477438975
1446477439021
1446477439062
1446477439098
1446477439134
1446477439170
1446477439207
1446477439377
1446477439412
1446477439446
1446477439478
1446477439519
1446477439553
1446477439588
1446477439627
1446477439664
1446477439698
1446477439743
1446477439782
1446477439818
1446477439863
1446477439905
1446477440136
1446477440636
1446477440996
1446477441054
1446477441096
1446477441146
1446477441644
1446477441901
1446477441938
1446477441973
1446477442011
1446477442048
1446477442087
1446477442125
1446477442162
1446477442202
1446477442240
1446477442278
1446477442315
1446477442354
1446477442394
1446477442431
1446477442466
1446477442506
1446477442541
1446477442580
1446477442618
1446477442653
1446477442690
1446477442726
1446477442762
1446477442812
1446477443035
1446477443535
1446477444035
1446477444406
1446477444461
1446477444510
1446477444553
1446477444859
1446477445359
1446477445859
1446477446358
1446477446403
1446477446437
1446477446470
1446477446505
1446477446538
1446477446570
1446477446610
1446477446645
1446477446678
1446477446716
1446477446750
1446477446786
1446477446822
1446477446858
1446477446894
1446477447043
1446477447085
1446477447144
1446477447182
1446477447218
1446477447254
1446477447302
1446477447441
1446477447941
1446477448441
1446477448941
1446477449124
1446477449162
1446477449196
1446477449309
1446477449344
1446477449378
1446477449426
1446477449749
1446477450248
1446477450748
1446477451265
1446477451806
1446477452306
1446477452806
1446477453237
1446477453279
1446477453315
1446477453353
1446477453386
1446477453423
1446477453457
1446477453491
1446477453525
1446477453560
1446477453594
1446477453629
1446477453666
1446477453698
1446477453733
1446477453766
1446477453802
1446477453839
1446477453875
1446477453914
1446477453952
1446477453989
1446477454026
1446477454064
1446477454102
1446477454139
1446477454177
1446477454214
1446477454414
1446477454450
1446477454485
1446477454518
1446477454558
1446477454594
1446477454629
1446477454664
1446477454698
1446477454733
1446477454768
1446477454805
1446477454843
1446477454885
1446477454922
1446477454958
1446477454997
1446477455033
1446477455069
1446477455106
1446477455142
1446477455178
1446477455215
1446477455252
1446477455297
1446477455337
1446477455378
1446477455414
1446477455453
1446477455489
1446477455526
1446477455574
1446477455608
1446477455656
1446477455963
1446477456462
1446477457392
1446477457429
1446477457465
1446477457502
1446477457538
1446477457573
1446477457612
1446477457651
1446477457689
1446477457726
1446477457765
1446477457814
1446477457850
1446477457890
1446477457938
1446477458000
1446477458503
1446477459003
1446477459493
1446477459528
1446477459580
1446477459630
1446477459669
1446477459707
1446477459746
1446477459782
1446477459818
1446477459854
1446477459892
1446477459926
1446477459961
1446477459998
1446477460038
1446477460088
1446477460138
1446477460189
1446477460627
1446477461127
1446477461627
1446477461961
1446477462001
1446477462042
1446477462078
1446477462118
1446477462154
1446477462189
1446477462254
1446477462493
1446477463001
1446477463501
1446477464001
1446477464106
1446477464153
1446477464194
1446477464277
1446477464313
1446477464346
1446477464386
1446477464427
1446477464463
1446477464498
1446477464534
1446477464571
1446477464618
1446477464678
1446477464736
1446477464786
1446477464835
1446477464886
1446477465367
1446477465867
1446477466366
1446477466891
1446477467312
1446477467359
1446477467394
1446477467433
1446477467466
1446477467502
1446477467536
1446477467570
1446477467618
1446477467841
1446477468167
1446477468217
1446477468266
1446477468309
1446477468349
1446477468386
1446477468433
1446477468476
1446477468526
1446477468564
1446477468601
1446477468635
1446477468666
1446477468702
1446477468736
1446477468770
1446477468818
1446477468884
1446477468918
1446477468953
1446477468995
1446477469030
1446477469066
1446477469102
1446477469136
1446477469174
1446477469211
1446477469377
1446477469413
1446477469448
1446477469485
1446477469526
1446477469563
1446477469600
1446477469638
1446477469677
1446477469714
1446477469752
1446477469800
1446477469849
1446477469982
1446477470481
1446477470981
1446477471481
1446477471741
1446477471790
1446477471833
1446477471874
1446477471912
1446477471949
1446477471989
1446477472033
1446477472530
1446477472874
1446477473097
