1446476812655
1446476813156
1446476813656
1446476814006
1446476814038
1446476814067
1446476814107
1446476814143
1446476814179
1446476814218
1446476814274
1446476814314
1446476814347
1446476814390
1446476814421
1446476814452
1446476814671
1446476815171
1446476815671
1446476816171
1446476816704
1446476816955
1446476816994
1446476817023
1446476817052
1446476817086
1446476817116
1446476817146
1446476817180
1446476817212
1446476817243
1446476817274
1446476817310
1446476817341
1446476817373
1446476817407
1446476817438
1446476817472
1446476817507
1446476817538
1446476817567
1446476817601
1446476817631
1446476817665
1446476817695
1446476817729
1446476817761
1446476817792
1446476817826
1446476817858
1446476817893
1446476817929
1446476817962
1446476817992
1446476818026
1446476818058
1446476818094
1446476818132
1446476818163
1446476818194
1446476818228
1446476818258
1446476818291
1446476818323
1446476818355
1446476818385
1446476818419
1446476818450
1446476818482
1446476818514
1446476818547
1446476818579
1446476818610
1446476818643
1446476818676
1446476818708
1446476818741
1446476818773
1446476818805
1446476818837
1446476818869
1446476819049
1446476819078
1446476819108
1446476819137
1446476819169
1446476819200
1446476819234
1446476819266
1446476819297
1446476819328
1446476819359
1446476819390
1446476819425
1446476819454
1446476819487
1446476819519
1446476819550
1446476819585
1446476819615
1446476819650
