1446476644828
1446476644988
1446476645030
1446476645069
1446476645109
1446476645149
1446476645189
1446476645229
1446476645270
1446476645310
1446476645348
1446476645390
1446476645430
1446476645467
1446476645505
1446476645549
1446476645589
1446476645629
1446476645669
1446476645709
1446476645748
1446476645790
1446476645833
1446476645873
1446476645911
1446476645949
1446476645990
1446476646028
1446476646069
1446476646117
1446476646160
1446476646209
1446476646258
1446476646496
1446476646847
1446476646898
1446476646946
1446476647006
1446476647057
1446476647106
1446476647245
1446476647754
1446476648185
1446476648225
1446476648266
1446476648303
1446476648341
1446476648383
1446476648424
1446476648464
1446476648505
1446476648555
1446476648607
1446476648655
1446476649078
1446476649586
1446476650095
1446476650509
1446476650555
1446476650614
1446476650911
1446476651419
1446476651822
1446476651871
1446476651921
1446476651971
1446476652318
1446476652827
1446476653220
1446476653259
1446476653298
1446476653338
1446476653377
1446476653415
1446476653455
1446476653495
1446476653534
1446476653574
1446476653620
1446476653678
1446476653731
1446476653770
1446476653809
1446476653851
1446476653891
1446476653931
1446476653980
1446476654484
1446476654992
1446476655501
1446476655690
1446476655735
1446476655798
1446476655909
1446476656417
1446476656925
1446476657127
1446476657177
1446476657229
1446476657273
1446476657313
