1446476768346
1446476768489
1446476768521
1446476768550
1446476768581
1446476768619
1446476768650
1446476768681
1446476768718
1446476768748
1446476768779
1446476768827
1446476768858
1446476768887
1446476768918
1446476769080
1446476769109
1446476769138
1446476769164
1446476769213
1446476769245
1446476769275
1446476769310
1446476769343
1446476769374
1446476769406
1446476769442
1446476769473
1446476769506
1446476769541
1446476769571
1446476769606
1446476769638
1446476769669
1446476769704
1446476769737
1446476769769
1446476769801
1446476769838
1446476769868
1446476769902
1446476769938
1446476769971
1446476770005
1446476770037
1446476770073
1446476770107
1446476770186
1446476770221
1446476770253
1446476770288
1446476770325
1446476770357
1446476770389
1446476770425
1446476770458
1446476770497
1446476770528
1446476770559
1446476770594
1446476770626
1446476770659
1446476770693
1446476770722
1446476770758
1446476770791
1446476770824
1446476770858
1446476770894
1446476770925
1446476770959
1446476770991
1446476771025
1446476771058
1446476771092
1446476771125
1446476771161
1446476771192
1446476771229
1446476771258
1446476771292
1446476771326
1446476771357
1446476771390
1446476771421
1446476771454
1446476771489
1446476771519
1446476771553
1446476771586
1446476771618
1446476771652
1446476771686
1446476771718
1446476771751
1446476771788
1446476771819
1446476771850
1446476771884
1446476771918
1446476771950
