1446476742642
1446476742788
1446476742819
1446476742850
1446476742881
1446476742918
1446476742949
1446476742979
1446476743014
1446476743047
1446476743078
1446476743114
1446476743145
1446476743178
1446476743210
1446476743245
1446476743275
1446476743309
1446476743340
1446476743374
1446476743405
1446476743439
1446476743472
1446476743503
1446476743538
1446476743570
1446476743607
1446476743646
1446476743677
1446476743709
1446476743740
1446476743769
1446476743798
1446476743832
1446476743862
1446476743893
1446476743922
1446476743955
1446476743985
1446476744016
1446476744043
1446476744072
1446476744106
1446476744135
1446476744166
1446476744200
1446476744230
1446476744263
1446476744295
1446476744328
1446476744360
1446476744395
1446476744427
1446476744461
1446476744493
1446476744527
1446476744669
1446476745169
1446476745668
1446476746202
1446476746384
1446476746417
1446476746449
1446476746481
1446476746515
1446476746549
1446476746583
1446476746617
1446476746647
1446476746682
1446476746715
1446476746746
1446476746780
1446476746814
1446476746843
1446476746877
1446476746910
1446476746945
1446476746978
1446476747011
1446476747042
1446476747074
1446476747106
1446476747283
1446476747313
1446476747342
1446476747370
1446476747405
1446476747437
1446476747470
1446476747504
1446476747535
1446476747566
1446476747603
1446476747633
1446476747663
1446476747698
1446476747730
1446476747759
1446476747795
1446476747826
