1446476585741
1446476585894
1446476585929
1446476585962
1446476585994
1446476586024
1446476586060
1446476586097
1446476586127
1446476586160
1446476586193
1446476586227
1446476586258
1446476586290
1446476586324
1446476586356
1446476586387
1446476586422
1446476586456
1446476586486
1446476586519
1446476586555
1446476586588
1446476586623
1446476586655
1446476586690
1446476586722
1446476586756
1446476586787
1446476586820
1446476586852
1446476586887
1446476586919
1446476586950
1446476586986
1446476587020
1446476587052
1446476587085
1446476587119
1446476587151
1446476587184
1446476587217
1446476587248
1446476587283
1446476587312
1446476587346
1446476587378
1446476587412
1446476587446
1446476587480
1446476587511
1446476587544
1446476587579
1446476587611
1446476587644
1446476587676
1446476587714
1446476587747
1446476587779
1446476587811
1446476587844
1446476587884
1446476587918
1446476587949
1446476587990
1446476588025
1446476588059
1446476588097
1446476588130
1446476588164
1446476588214
1446476588251
1446476588292
1446476588327
1446476588362
1446476588396
1446476588429
1446476588462
1446476588496
1446476588528
1446476588561
1446476588596
1446476588628
1446476588661
1446476588703
1446476588740
1446476588773
1446476588807
1446476588840
1446476588872
1446476588905
1446476589149
1446476589182
1446476589214
1446476589247
1446476589285
1446476589318
1446476589349
1446476589380
1446476589419
1446476589450
