1446476705272
1446476705409
1446476705446
1446476705475
1446476705505
1446476705536
1446476705569
1446476705598
1446476705628
1446476705663
1446476705692
1446476705720
1446476705754
1446476705785
1446476705815
1446476705849
1446476705881
1446476705913
1446476705946
1446476705978
1446476706010
1446476706043
1446476706074
1446476706109
1446476706141
1446476706172
1446476706203
1446476706234
1446476706266
1446476706299
1446476706334
1446476706367
1446476706399
1446476706430
1446476706462
1446476706497
1446476706529
1446476706561
1446476706594
1446476706625
1446476706658
1446476706814
1446476706845
1446476706874
1446476706902
1446476707227
1446476707727
1446476708227
1446476708690
1446476708720
1446476709064
1446476709097
1446476709124
1446476709154
1446476709189
1446476709218
1446476709252
1446476709282
1446476709316
1446476709346
1446476709378
1446476709410
1446476709444
1446476709475
1446476709504
1446476709542
1446476709572
1446476709602
1446476709638
1446476709670
1446476709699
1446476709733
1446476709763
1446476709798
1446476709831
1446476709862
1446476709897
1446476709927
1446476709961
1446476709993
1446476710025
1446476710056
1446476710089
1446476710154
1446476710189
1446476710227
1446476710258
1446476710295
1446476710325
1446476710358
1446476710390
1446476710422
1446476710455
1446476710489
1446476710519
1446476710554
1446476710586
1446476710618
1446476710654
1446476710686
1446476710718
