1446477286261
1446477286457
1446477286506
1446477286542
1446477286579
1446477286623
1446477286657
1446477286691
1446477286726
1446477286765
1446477286799
1446477286834
1446477286868
1446477286904
1446477286943
1446477286978
1446477287014
1446477287050
1446477287085
1446477287118
1446477287155
1446477287191
1446477287226
1446477287262
1446477287464
1446477287513
1446477287555
1446477287598
1446477287638
1446477288084
1446477288130
1446477288172
1446477288209
1446477288247
1446477288282
1446477288318
1446477288363
1446477288406
1446477288545
1446477289045
1446477289545
1446477290044
1446477290578
1446477291077
1446477291577
1446477291867
1446477291907
1446477291953
1446477292169
1446477292501
1446477292534
1446477292566
1446477292605
1446477292645
1446477292678
1446477292710
1446477292750
1446477292786
1446477292824
1446477292866
1446477292899
1446477293079
1446477293110
1446477293141
1446477293193
1446477293231
1446477293265
1446477293297
1446477293330
1446477293362
1446477293395
1446477293431
1446477293467
1446477293503
1446477293563
1446477293596
1446477293635
1446477293670
1446477293706
1446477293742
1446477293778
1446477293815
1446477293851
1446477293886
1446477293921
1446477293956
1446477293994
1446477294029
1446477294063
1446477294105
1446477294141
1446477294177
1446477294215
1446477294253
1446477294289
1446477294326
1446477294361
1446477294398
1446477294435
1446477294471
1446477294506
1446477294726
1446477295226
1446477295725
1446477296313
1446477296505
1446477296533
1446477296566
1446477296602
1446477296634
1446477296667
1446477296698
1446477296734
1446477296777
1446477296817
1446477296861
1446477296902
1446477296935
1446477296966
1446477296998
1446477297043
1446477297078
1446477297117
1446477297154
1446477297189
1446477297225
1446477297260
1446477297297
1446477297342
1446477297394
1446477297493
1446477297529
1446477297565
1446477297599
1446477297634
1446477297670
1446477297706
1446477297742
1446477297778
1446477297813
1446477297851
1446477297886
1446477297922
1446477298112
1446477298152
1446477298218
1446477298276
1446477298774
1446477299274
1446477299773
1446477300306
1446477300806
1446477301348
1446477301848
1446477302381
1446477302939
1446477303115
1446477303182
1446477303224
1446477303260
1446477303300
1446477303336
1446477303381
1446477303424
1446477303458
1446477303498
1446477303533
1446477303568
1446477303615
1446477303788
1446477304082
1446477304123
1446477304166
1446477304214
1446477304680
1446477305179
1446477305679
1446477305945
1446477305986
1446477306022
1446477306058
1446477306091
1446477306128
1446477306166
1446477306198
1446477306231
1446477306537
1446477307037
1446477307360
1446477307398
1446477307433
1446477307473
1446477307507
1446477307542
1446477307589
1446477307753
1446477308146
1446477308197
1446477308262
1446477308322
1446477308819
1446477309328
1446477309827
1446477310120
1446477310158
1446477310197
1446477310233
1446477310269
1446477310305
1446477310338
1446477310374
1446477310410
1446477310447
1446477310495
1446477310546
1446477310952
1446477311328
1446477311362
1446477311399
1446477311432
1446477311467
1446477311501
1446477311534
1446477311567
1446477311602
1446477311637
1446477311823
1446477311855
1446477311886
1446477311918
1446477311951
1446477311982
1446477312018
1446477312055
1446477312092
1446477312129
1446477312165
1446477312199
1446477312239
1446477312276
1446477312311
1446477312346
1446477312382
1446477312418
1446477312457
1446477312494
1446477312529
1446477312563
1446477312603
1446477312639
1446477312674
1446477312711
1446477312746
1446477312782
1446477312818
1446477312854
1446477312891
1446477312929
1446477313118
1446477313152
1446477313186
1446477313221
1446477313254
1446477313286
1446477313318
1446477313349
1446477313387
1446477313418
1446477313451
1446477313484
1446477313518
1446477313555
1446477313594
1446477313630
1446477313666
1446477313703
1446477313750
1446477313802
1446477313853
1446477313902
1446477314050
1446477314550
1446477315050
1446477315550
1446477315715
1446477315748
1446477315782
1446477315817
1446477315850
1446477315882
1446477315915
1446477315948
1446477315983
1446477316018
1446477316051
1446477316086
1446477316122
1446477316156
1446477316374
1446477316744
1446477316786
1446477316826
1446477316862
1446477316894
1446477317134
1446477317176
1446477317250
1446477317283
1446477317323
1446477317369
1446477317409
1446477317476
1446477317511
1446477317546
1446477317582
1446477317618
1446477317652
1446477317686
1446477317718
1446477317753
1446477317786
1446477317817
1446477317850
1446477317892
1446477317926
1446477318125
1446477318158
1446477318189
1446477318232
1446477318266
1446477318299
1446477318342
1446477318376
1446477318410
1446477318450
1446477318486
1446477318518
1446477318550
1446477318591
1446477318624
1446477318658
1446477318695
1446477318734
1446477318767
1446477318802
1446477318836
1446477318869
1446477318903
1446477318938
1446477318972
1446477319009
1446477319045
1446477319093
1446477319129
1446477319167
1446477319202
1446477319239
1446477319275
1446477319311
1446477319346
1446477319382
1446477319415
1446477319454
1446477319489
1446477319523
1446477319558
1446477319593
1446477319627
1446477319666
1446477319701
1446477319734
1446477319772
1446477319807
1446477319842
1446477319879
1446477319914
1446477319950
1446477319986
1446477320025
1446477320058
1446477320091
1446477320129
1446477320161
1446477320196
1446477320231
1446477320265
1446477320302
1446477320337
1446477320372
1446477320406
1446477320438
1446477320473
1446477320506
1446477320538
1446477320573
1446477320610
1446477320645
1446477320679
1446477320715
1446477320749
1446477320808
1446477320849
1446477320883
1446477320919
1446477320955
1446477320991
1446477321028
1446477321067
1446477321102
1446477321139
1446477321179
1446477321215
1446477321250
1446477321287
1446477321323
1446477321358
1446477321396
1446477321434
1446477321470
1446477321506
1446477321538
1446477321575
1446477321614
1446477321649
1446477321684
1446477321721
1446477321758
1446477321793
1446477321829
1446477321865
1446477321899
1446477321938
1446477321986
1446477322018
1446477322057
1446477322093
1446477322128
1446477322165
1446477322198
1446477322236
1446477322275
1446477322310
1446477322346
1446477322386
1446477322422
1446477322458
1446477322495
1446477322531
1446477322567
1446477322605
1446477322639
1446477322675
1446477322716
1446477322754
1446477322787
1446477322827
1446477322862
1446477322897
1446477322933
1446477323131
1446477323174
1446477323223
1446477323265
1446477323763
1446477324263
1446477324762
1446477325139
1446477325190
1446477325239
1446477325282
1446477325323
1446477325360
1446477325396
1446477325430
1446477325466
1446477325501
1446477325541
1446477325578
1446477325617
1446477325653
1446477325689
1446477325726
1446477325765
1446477325801
1446477325847
1446477325898
1446477326303
1446477326803
1446477327303
1446477327828
1446477328285
1446477328318
1446477328367
1446477328398
1446477328438
1446477328473
1446477328506
1446477328542
1446477328586
1446477328619
1446477328654
1446477328689
1446477328723
1446477328760
1446477328798
1446477328846
1446477328896
1446477329034
1446477329070
1446477329121
1446477329161
1446477329204
1446477329610
1446477330110
1446477330610
1446477331017
1446477331061
1446477331093
1446477331126
1446477331163
1446477331198
1446477331235
1446477331266
1446477331298
1446477331353
1446477331402
1446477331446
1446477331486
1446477331522
1446477331558
1446477331594
1446477331630
1446477331678
1446477331729
1446477332226
1446477332578
1446477332628
1446477332767
1446477333282
1446477333314
1446477333354
1446477333387
1446477333429
1446477333465
1446477333499
1446477333535
1446477333571
1446477333606
1446477333642
1446477333678
1446477333726
1446477333785
1446477333834
1446477333878
1446477334200
1446477334700
1446477335199
1446477335724
1446477336224
1446477336757
1446477336867
1446477336902
1446477337084
1446477337119
1446477337166
1446477337217
1446477337266
1446477337307
1446477337343
1446477337378
1446477337426
1446477337476
1446477337527
1446477337568
1446477337603
1446477337639
1446477337674
1446477337708
1446477337743
1446477337781
1446477337825
1446477337874
1446477337917
1446477337956
1446477337990
1446477338025
1446477338059
1446477338230
1446477338266
1446477338302
1446477338350
1446477338409
1446477338443
1446477338486
1446477338520
1446477338565
1446477338608
1446477338642
1446477338681
1446477338714
1446477338748
1446477338788
1446477338825
1446477338858
1446477338893
1446477338928
1446477338965
1446477338999
1446477339037
1446477339071
1446477339106
1446477339141
1446477339182
1446477339218
1446477339254
1446477339287
1446477339322
1446477339358
1446477339396
1446477339442
1446477339493
1446477339631
1446477340131
1446477340630
1446477341130
1446477341346
1446477341381
1446477341416
1446477341450
1446477341498
1446477341713
1446477342213
1446477342713
1446477343241
1446477343290
1446477343326
1446477343374
1446477343407
1446477343449
1446477343485
1446477343519
1446477343565
1446477343613
1446477343656
1446477343698
1446477343733
1446477343770
1446477343806
1446477343839
1446477343873
1446477343909
1446477343946
1446477343982
1446477344021
1446477344054
1446477344091
1446477344125
1446477344158
1446477344192
1446477344232
1446477344266
1446477344299
1446477344348
1446477344385
1446477344422
1446477344458
1446477344496
1446477344533
1446477344572
1446477344609
1446477344645
1446477344679
1446477344717
1446477344897
1446477344930
1446477344965
1446477344997
1446477345036
1446477345078
1446477345114
1446477345153
1446477345189
1446477345225
1446477345261
1446477345298
1446477345348
1446477345389
1446477345438
1446477345481
1446477346196
1446477346239
1446477346274
1446477346310
1446477346345
1446477346379
1446477346414
1446477346448
1446477346497
1446477346562
1446477346986
1446477347486
1446477347985
1446477348282
1446477348316
1446477348351
1446477348383
1446477348414
1446477348446
1446477348486
1446477348518
1446477348553
1446477348602
1446477348634
1446477348666
1446477348705
1446477348738
1446477348774
1446477348820
1446477348861
1446477349235
1446477349735
1446477350110
1446477350147
1446477350194
1446477350229
1446477350262
1446477350302
1446477350338
1446477350377
1446477350415
1446477350454
1446477350493
1446477350527
1446477350561
1446477350595
1446477350634
1446477350669
1446477350705
1446477350746
1446477350794
1446477351026
1446477351526
1446477352025
1446477352542
1446477352595
1446477352630
1446477352688
1446477352723
1446477352757
1446477352803
1446477352838
1446477352871
1446477352918
1446477352963
1446477352998
1446477353035
1446477353070
1446477353139
1446477353174
1446477353209
1446477353242
1446477353281
1446477353315
1446477353351
1446477353389
1446477353452
1446477353488
1446477353522
1446477353565
1446477353610
1446477353657
1446477353695
1446477353733
1446477353768
1446477353804
1446477353837
1446477353875
1446477353910
1446477353946
1446477353982
1446477354022
1446477354057
1446477354094
1446477354129
1446477354163
1446477354203
1446477354238
1446477354285
1446477354320
1446477354358
1446477354394
1446477354429
1446477354466
1446477354503
1446477354543
1446477354578
1446477354614
1446477354650
1446477354687
1446477354749
1446477355249
1446477355749
1446477356248
1446477356513
1446477356547
1446477356579
1446477356614
1446477356653
1446477356686
1446477356720
1446477356757
1446477356791
1446477356823
1446477356858
1446477356893
1446477356929
1446477356961
1446477356996
1446477357031
1446477357067
1446477357104
1446477357145
1446477357179
1446477357214
1446477357251
1446477357286
1446477357318
1446477357357
1446477357392
1446477357427
1446477357466
1446477357505
1446477357539
1446477357576
1446477357625
1446477357666
1446477358183
1446477358215
1446477358246
1446477358278
1446477358309
1446477358341
1446477358374
1446477358414
1446477358451
1446477358498
1446477358549
1446477358601
1446477358639
1446477358675
1446477358725
1446477358775
1446477358809
1446477358847
1446477358885
1446477358918
1446477358954
1446477358990
1446477359026
1446477359063
1446477359099
1446477359134
1446477359170
1446477359206
1446477359243
1446477359279
1446477359315
1446477359351
1446477359389
1446477359425
1446477359459
1446477359495
1446477359534
1446477359569
1446477359607
1446477359645
1446477359679
1446477359714
1446477359751
1446477359788
1446477359824
1446477359859
1446477359895
1446477359933
1446477359970
1446477360006
1446477360043
1446477360081
1446477360118
1446477360155
1446477360206
1446477360254
1446477360289
1446477360322
1446477360361
1446477360396
1446477360431
1446477360466
1446477360507
1446477360542
1446477360577
1446477360612
1446477360646
1446477360679
1446477360712
1446477360745
1446477360778
1446477360811
1446477360848
1446477360898
1446477360930
1446477360973
1446477361014
1446477361048
1446477361086
1446477361119
1446477361156
1446477361193
1446477361227
1446477361262
1446477361304
1446477361340
1446477361377
1446477361413
1446477361448
1446477361483
1446477361518
1446477361558
1446477361605
1446477361656
1446477361788
1446477362287
1446477362787
1446477363335
1446477363381
1446477363430
1446477363481
1446477363712
1446477363988
1446477364026
1446477364060
1446477364094
1446477364129
1446477364166
1446477364214
1446477364263
1446477364305
1446477364711
1446477365211
1446477365711
1446477366121
1446477366162
1446477366213
1446477366262
1446477366299
1446477366337
1446477366374
1446477366407
1446477366453
1446477366497
1446477366719
1446477367219
1446477367718
1446477368343
1446477368375
1446477368410
1446477368445
1446477368478
1446477368513
1446477368546
1446477368579
1446477368616
1446477368655
1446477368690
1446477368726
1446477368763
1446477368798
1446477368834
1446477368870
1446477368904
1446477368938
1446477368975
1446477369011
1446477369047
1446477369082
1446477369128
1446477369178
1446477369214
1446477369252
1446477369286
1446477369320
1446477369359
1446477369397
1446477369433
1446477369470
1446477369506
1446477369542
1446477369586
1446477369654
1446477369690
1446477369726
