1446476907324
1446476907589
1446476908088
1446476908588
1446476909088
1446476909281
1446476909322
1446476909488
1446476909988
1446476910505
1446476910535
1446476910565
1446476910594
1446476910627
1446476910664
1446476910692
1446476910724
1446476910758
1446476910787
1446476910818
1446476910858
1446476910890
1446476910920
1446476910964
1446476911245
1446476911745
1446476912245
1446476912745
1446476912854
1446476912928
1446476913428
1446476913928
1446476914427
1446476914677
1446476914706
1446476914739
1446476914772
1446476914803
1446476914838
1446476914870
1446476914906
1446476914941
1446476915546
1446476915578
1446476915610
1446476915641
1446476915686
1446476915723
1446476915758
1446476915791
1446476915825
1446476915857
1446476915887
1446476916065
1446476916095
1446476916127
1446476916161
1446476916192
1446476916232
1446476916265
1446476916298
1446476916345
1446476916386
1446476916428
1446476916851
1446476917351
1446476917851
1446476918194
1446476918229
1446476918259
1446476918290
1446476918323
1446476918358
1446476918393
1446476918426
1446476918459
1446476918498
1446476918532
1446476918567
1446476918602
1446476918634
1446476918667
1446476918703
1446476918753
1446476919017
1446476919517
1446476920016
1446476920561
1446476920591
1446476920622
1446476920654
1446476920690
1446476920742
1446476920785
1446476920825
1446476920863
1446476920897
1446476920930
1446476920977
1446476921011
1446476921046
1446476921085
1446476921118
1446476921149
1446476921186
1446476921222
1446476921253
1446476921285
1446476921317
1446476921357
1446476921389
1446476921434
1446476921468
1446476921520
1446476921553
1446476921587
1446476921626
1446476921658
1446476921693
1446476921726
1446476921757
1446476921795
1446476921842
1446476922087
1446476922118
1446476922153
1446476922198
1446476922236
1446476922271
1446476922318
1446476922358
1446476922395
1446476922429
1446476922477
1446476922507
1446476922543
1446476922581
1446476922614
1446476922648
1446476922682
1446476922718
1446476922750
1446476922782
1446476922818
1446476922849
1446476922885
1446476922926
1446476922961
1446476922994
1446476923028
1446476923065
1446476923097
1446476923134
1446476923170
1446476923207
1446476923239
1446476923275
1446476923315
1446476923351
1446476923385
1446476923418
1446476923453
1446476923486
1446476923519
1446476923557
1446476923594
1446476923626
1446476923660
1446476923694
1446476923734
1446476923765
1446476923797
1446476923831
1446476923865
1446476923898
1446476923936
1446476923969
1446476924002
1446476924034
1446476924069
1446476924102
1446476924133
1446476924166
1446476924205
1446476924237
1446476924274
1446476924314
1446476924347
1446476924382
1446476924414
1446476924454
1446476924494
1446476924527
1446476924559
1446476924595
1446476924629
1446476924661
1446476924702
1446476924734
1446476924767
1446476924802
1446476924839
1446476924872
1446476924907
1446476924939
1446476925142
1446476925173
1446476925205
1446476925234
1446476925272
1446476925306
1446476925341
1446476925375
1446476925482
1446476925514
1446476925550
1446476925582
1446476925613
1446476925650
1446476925686
1446476925718
1446476925750
1446476925784
1446476925822
1446476925854
1446476925886
1446476925924
1446476925962
1446476925994
1446476926026
1446476926063
1446476926095
1446476926126
1446476926162
1446476926201
1446476926234
1446476926267
1446476926304
1446476926341
1446476926374
1446476926410
1446476926445
1446476926485
1446476926519
1446476926554
1446476926589
1446476926622
1446476926658
1446476926692
1446476926727
1446476926762
1446476926798
1446476926832
1446476926870
1446476926904
1446476926937
1446476926970
1446476927007
1446476927042
1446476927077
1446476927111
1446476927145
1446476927181
1446476927214
1446476927250
1446476927282
1446476927316
1446476927354
1446476927387
1446476927419
1446476927450
1446476927482
1446476927518
1446476927551
1446476927586
1446476927619
1446476927661
1446476927698
1446476927731
1446476927766
1446476927798
1446476927832
1446476927866
1446476927906
1446476927938
1446476927974
1446476928006
1446476928038
1446476928076
1446476928109
1446476928142
1446476928173
1446476928210
1446476928245
1446476928278
1446476928310
1446476928357
1446476928488
1446476928987
1446476929552
1446476929589
1446476929622
1446476929656
1446476929689
1446476929722
1446476929757
1446476929789
1446476929822
1446476929855
1446476929887
1446476929926
1446476929961
1446476929994
1446476930030
1446476930069
1446476930103
1446476930138
1446476930173
1446476930206
1446476930241
1446476930274
1446476930310
1446476930342
1446476930378
1446476930508
1446476930539
1446476930573
1446476930606
1446476930667
1446476930797
1446476930827
1446476930858
1446476930892
1446476930928
1446476930962
1446476930998
1446476931028
1446476931061
1446476931101
1446476931146
1446476931179
1446476931214
1446476931253
1446476931286
1446476931318
1446476931350
1446476931385
1446476931418
1446476931450
1446476931487
1446476931522
1446476931556
1446476931593
1446476931626
1446476931661
1446476931694
1446476931733
1446476931780
1446476931814
1446476931849
1446476931883
1446476931917
1446476931954
1446476931991
1446476932026
1446476932062
1446476932094
1446476932127
1446476932163
1446476932198
1446476932231
1446476932268
1446476932302
1446476932333
1446476932370
1446476932405
1446476932438
1446476932474
1446476932521
1446476932719
1446476933219
1446476933719
1446476934218
1446476934355
1446476934389
1446476934422
1446476934470
1446476934512
1446476934550
1446476934584
1446476934618
1446476934654
1446476934690
1446476934722
1446476934769
1446476934985
1446476935572
1446476935605
1446476935641
1446476935674
1446476935745
1446476935918
1446476935948
1446476935994
1446476936056
1446476936093
1446476936128
1446476936162
1446476936293
1446476936683
1446476936725
1446476936758
1446476936791
1446476936826
1446476936861
1446476936898
1446476936934
1446476937075
1446476937575
1446476938075
1446476938575
1446476938796
1446476938831
1446476938867
1446476938902
1446476938939
1446476938975
1446476939011
1446476939046
1446476939083
1446476939118
1446476939154
1446476939187
1446476939222
1446476939258
1446476939294
1446476939343
1446476939380
1446476939415
1446476939451
1446476939490
1446476939525
1446476939557
1446476939599
1446476939632
1446476939665
1446476939705
1446476939739
1446476939772
1446476939806
1446476939844
1446476939878
1446476939913
1446476939962
1446476939999
1446476940051
1446476940086
1446476940118
1446476940152
1446476940188
1446476940226
1446476940261
1446476940294
1446476940342
1446476940609
1446476940659
1446476940701
1446476940742
1446476940780
1446476940816
1446476940849
1446476940883
1446476940917
1446476941050
1446476941118
1446476941158
1446476941201
1446476941698
1446476942198
1446476942698
1446476942779
1446476942818
1446476942853
1446476942886
1446476942919
1446476942954
1446476942986
1446476943019
1446476943055
1446476943088
1446476943127
1446476943162
1446476943208
1446476943250
1446476943656
1446476944156
1446476944655
1446476945164
1446476945482
1446476945512
1446476945541
1446476945575
1446476945607
1446476945637
1446476945667
1446476945698
1446476945729
1446476945761
1446476945794
1446476945825
1446476945858
1446476945895
1446476945926
1446476945962
1446476945997
1446476946035
1446476946069
1446476946103
1446476946139
1446476946173
1446476946206
1446476946242
1446476946277
1446476946310
1446476946346
1446476946379
1446476946880
1446476947379
1446476947879
1446476948240
1446476948570
1446476949070
1446476949570
1446476950041
1446476950261
1446476950590
1446476950622
1446476950654
1446476950685
1446476950726
1446476950758
1446476950805
1446476950846
1446476951088
1446476951126
1446476951159
1446476951191
1446476951223
1446476951258
1446476951290
1446476951322
1446476951355
1446476951390
1446476951422
1446476951455
1446476951489
1446476951522
1446476951557
1446476951669
1446476952169
1446476952669
1446476953168
1446476953398
1446476953434
1446476953466
1446476953502
1446476953538
1446476953571
1446476953605
1446476953639
1446476953686
1446476954185
1446476954684
1446476955184
1446476955636
1446476955686
1446476955726
1446476955769
1446476955809
1446476955842
1446476955873
1446476955952
1446476956002
1446476956045
1446476956086
1446476956124
1446476956157
1446476956189
1446476956226
1446476956258
1446476956290
1446476956326
1446476956361
1446476956395
1446476956444
1446476956487
1446476956526
1446476956560
1446476956594
1446476956629
1446476956677
1446476956711
1446476956761
1446476957450
1446476957950
1446476958449
1446476958966
1446476959074
1446476959574
1446476960074
1446476960628
1446476960661
1446476960693
1446476960725
1446476960760
1446476960798
1446476960830
1446476960869
1446476960917
1446476960958
1446476961090
1446476961590
1446476962089
1446476962589
1446476962790
1446476962833
1446476962874
1446476963306
1446476963805
1446476964090
1446476964132
1446476964174
1446476964215
1446476964257
1446476964289
1446476964320
1446476964365
1446476964405
1446476964439
1446476964474
1446476964504
1446476964534
1446476964568
1446476964598
1446476964629
1446476964659
1446476964688
1446476964719
1446476964750
1446476964778
1446476964810
1446476964842
1446476964874
1446476964906
1446476964937
1446476964972
1446476965007
1446476965039
1446476965070
1446476965105
1446476965138
1446476965171
1446476965206
1446476965238
1446476965271
1446476965306
1446476965342
1446476965377
1446476965413
1446476965588
1446476965622
1446476965657
1446476965688
1446476965723
1446476965758
1446476965790
1446476965822
1446476965856
1446476965890
1446476965921
1446476965954
1446476965986
1446476966018
1446476966051
1446476966086
1446476966120
1446476966155
1446476966190
1446476966227
1446476966262
1446476966295
1446476966328
1446476966366
1446476966398
1446476966434
1446476966466
1446476966501
1446476966535
1446476966569
1446476966602
1446476966639
1446476966675
1446476966711
1446476966744
1446476966782
1446476966817
1446476966850
1446476966885
1446476966918
1446476966950
1446476966987
1446476967038
1446476967069
1446476967107
1446476967156
1446476967188
1446476967224
1446476967260
1446476967291
1446476967329
1446476967363
1446476967396
1446476967428
1446476967463
1446476967497
1446476967533
1446476967566
1446476967598
1446476967637
1446476967670
1446476967705
1446476967737
1446476967771
1446476967804
1446476967841
1446476967873
1446476967907
1446476967942
1446476967978
1446476968013
1446476968220
1446476968720
1446476969220
1446476969719
1446476970277
1446476970598
1446476970630
1446476970665
1446476970697
1446476970737
1446476970769
1446476970802
1446476970838
1446476970874
1446476970908
1446476970941
1446476970976
1446476971013
1446476971046
1446476971078
1446476971110
1446476971150
1446476971185
1446476971218
1446476971253
1446476971289
1446476971322
1446476971370
1446476971402
1446476971437
1446476971474
1446476971521
1446476971561
1446476971606
1446476971646
1446476971679
1446476971730
1446476971770
1446476972177
1446476972676
1446476973176
1446476973526
1446476973559
1446476973588
1446476973622
1446476973734
1446476974234
1446476974734
1446476975234
1446476975645
1446476975674
1446476975706
1446476975734
1446476975772
1446476975802
1446476975833
1446476975865
1446476975898
1446476976068
1446476976101
1446476976132
1446476976163
1446476976194
1446476976226
1446476976259
1446476976292
1446476976326
1446476976358
1446476976390
1446476976424
1446476976458
1446476976493
1446476976526
1446476976558
1446476976590
1446476976625
1446476976658
1446476976691
1446476976726
1446476976759
1446476976794
1446476976829
1446476976861
1446476976893
1446476976927
1446476976959
1446476976989
1446476977025
1446476977056
1446476977102
1446476977138
1446476977171
1446476977214
1446476977250
1446476977282
1446476977316
1446476977353
1446476977387
1446476977438
1446476977472
1446476977505
1446476977543
1446476977578
1446476977609
1446476977638
1446476977667
1446476977705
1446476977737
1446476977769
1446476977801
1446476977833
1446476977868
1446476977904
1446476977950
1446476977983
1446476978019
1446476978052
1446476978086
1446476978118
1446476978168
1446476978203
1446476978238
1446476978285
1446476978322
1446476978355
1446476978389
1446476978420
1446476978458
1446476978491
1446476978525
1446476978556
1446476978588
1446476978621
1446476978658
1446476978689
1446476978722
1446476978753
1446476978787
1446476978834
1446476978965
1446476979465
1446476979965
1446476980018
1446476980055
1446476980088
1446476980118
1446476980177
1446476980209
1446476980244
1446476980278
1446476980310
1446476980358
1446476980405
1446476980523
1446476980554
1446476980587
1446476980622
1446476980654
1446476980700
1446476980735
1446476980769
1446476980817
1446476980857
1446476980899
1446476980938
1446476980974
1446476981006
1446476981038
1446476981071
1446476981117
1446476981149
1446476981199
1446476981231
1446476981265
1446476981298
1446476981329
1446476981374
1446476981416
1446476981461
1446476981516
1446476981548
1446476981581
1446476981615
1446476981649
1446476981678
1446476981708
1446476981758
1446476981790
1446476981823
1446476981857
1446476981889
1446476981922
1446476981957
1446476981990
1446476982022
1446476982057
1446476982089
1446476982122
1446476982156
1446476982187
1446476982226
1446476982261
1446476982307
1446476982349
1446476982386
1446476982423
1446476982454
1446476982488
1446476982526
1446476982559
1446476982593
1446476982625
1446476982659
1446476982697
1446476982729
1446476982762
1446476982797
1446476982830
1446476982862
1446476982894
1446476982928
1446476982961
1446476982993
1446476983026
1446476983060
1446476983108
1446476983142
1446476983176
1446476983208
1446476983239
1446476983272
1446476983304
1446476983337
1446476983370
1446476983401
1446476983434
1446476983468
1446476983504
1446476983535
1446476983565
1446476983596
1446476983630
1446476983662
1446476983694
1446476983727
1446476983759
1446476983798
1446476983834
1446476983882
1446476983914
1446476983954
1446476983989
1446476984025
1446476984060
1446476984094
1446476984127
1446476984162
1446476984194
1446476984230
1446476984264
1446476984299
